[2026-04-09T01:41:17.677+0000] {local_task_job_runner.py:123} INFO - ::group::Pre task execution logs
[2026-04-09T01:41:17.682+0000] {taskinstance.py:2603} INFO - Dependencies all met for dep_context=non-requeueable deps ti=<TaskInstance: 03_basics_macro_jinja.jinja_macro_bash scheduled__2026-04-07T09:00:00+00:00 [queued]>
[2026-04-09T01:41:17.684+0000] {taskinstance.py:2603} INFO - Dependencies all met for dep_context=requeueable deps ti=<TaskInstance: 03_basics_macro_jinja.jinja_macro_bash scheduled__2026-04-07T09:00:00+00:00 [queued]>
[2026-04-09T01:41:17.685+0000] {taskinstance.py:2856} INFO - Starting attempt 1 of 2
[2026-04-09T01:41:17.688+0000] {taskinstance.py:2879} INFO - Executing <Task(BashOperator): jinja_macro_bash> on 2026-04-07 09:00:00+00:00
[2026-04-09T01:41:17.690+0000] {warnings.py:112} WARNING - /home/***/.local/lib/python3.12/site-packages/***/task/task_runner/standard_task_runner.py:70: DeprecationWarning: This process (pid=928) is multi-threaded, use of fork() may lead to deadlocks in the child.
  pid = os.fork()

[2026-04-09T01:41:17.691+0000] {standard_task_runner.py:72} INFO - Started process 930 to run task
[2026-04-09T01:41:17.691+0000] {standard_task_runner.py:104} INFO - Running: ['***', 'tasks', 'run', '03_basics_macro_jinja', 'jinja_macro_bash', 'scheduled__2026-04-07T09:00:00+00:00', '--job-id', '21', '--raw', '--subdir', 'DAGS_FOLDER/03_basics_context_jinja.py', '--cfg-path', '/tmp/tmpru2znxxk']
[2026-04-09T01:41:17.692+0000] {standard_task_runner.py:105} INFO - Job 21: Subtask jinja_macro_bash
[2026-04-09T01:41:17.709+0000] {task_command.py:467} INFO - Running <TaskInstance: 03_basics_macro_jinja.jinja_macro_bash scheduled__2026-04-07T09:00:00+00:00 [running]> on host fffb50cfc9e3
[2026-04-09T01:41:17.733+0000] {taskinstance.py:3122} INFO - Exporting env vars: AIRFLOW_CTX_DAG_OWNER='de_2team_manager' AIRFLOW_CTX_DAG_ID='03_basics_macro_jinja' AIRFLOW_CTX_TASK_ID='jinja_macro_bash' AIRFLOW_CTX_EXECUTION_DATE='2026-04-07T09:00:00+00:00' AIRFLOW_CTX_TRY_NUMBER='1' AIRFLOW_CTX_DAG_RUN_ID='scheduled__2026-04-07T09:00:00+00:00'
[2026-04-09T01:41:17.734+0000] {logging_mixin.py:190} INFO - Task instance is in running state
[2026-04-09T01:41:17.734+0000] {logging_mixin.py:190} INFO -  Previous state of the Task instance: queued
[2026-04-09T01:41:17.734+0000] {logging_mixin.py:190} INFO - Current task name:jinja_macro_bash state:running start_date:2026-04-09 01:41:17.682961+00:00
[2026-04-09T01:41:17.734+0000] {logging_mixin.py:190} INFO - Dag name:03_basics_macro_jinja and current dag run status:running
[2026-04-09T01:41:17.734+0000] {taskinstance.py:731} INFO - ::endgroup::
[2026-04-09T01:41:17.734+0000] {subprocess.py:63} INFO - Tmp dir root location: /tmp
[2026-04-09T01:41:17.735+0000] {subprocess.py:75} INFO - Running command: ['/usr/bin/bash', '-c', "echo '일주일전 수행 시간 계산 2026-03-31, 랜덤 0.15352384800800423' "]
[2026-04-09T01:41:17.738+0000] {subprocess.py:86} INFO - Output:
[2026-04-09T01:41:17.738+0000] {subprocess.py:93} INFO - 일주일전 수행 시간 계산 2026-03-31, 랜덤 0.15352384800800423
[2026-04-09T01:41:17.739+0000] {subprocess.py:97} INFO - Command exited with return code 0
[2026-04-09T01:41:17.746+0000] {taskinstance.py:340} INFO - ::group::Post task execution logs
[2026-04-09T01:41:17.746+0000] {taskinstance.py:352} INFO - Marking task as SUCCESS. dag_id=03_basics_macro_jinja, task_id=jinja_macro_bash, run_id=scheduled__2026-04-07T09:00:00+00:00, execution_date=20260407T090000, start_date=20260409T014117, end_date=20260409T014117
[2026-04-09T01:41:17.749+0000] {logging_mixin.py:190} INFO - Task instance in success state
[2026-04-09T01:41:17.749+0000] {logging_mixin.py:190} INFO -  Previous state of the Task instance: running
[2026-04-09T01:41:17.749+0000] {logging_mixin.py:190} INFO - Dag name:03_basics_macro_jinja queued_at:2026-04-09 01:41:15.718341+00:00
[2026-04-09T01:41:17.749+0000] {logging_mixin.py:190} INFO - Task hostname:fffb50cfc9e3 operator:BashOperator
[2026-04-09T01:41:17.790+0000] {local_task_job_runner.py:261} INFO - Task exited with return code 0
[2026-04-09T01:41:17.798+0000] {taskinstance.py:3891} INFO - 1 downstream tasks scheduled from follow-on schedule check
[2026-04-09T01:41:17.798+0000] {local_task_job_runner.py:240} INFO - ::endgroup::
