[2026-04-08T04:59:40.716+0000] {local_task_job_runner.py:123} INFO - ::group::Pre task execution logs
[2026-04-08T04:59:40.728+0000] {taskinstance.py:2603} INFO - Dependencies all met for dep_context=non-requeueable deps ti=<TaskInstance: 01_basics_bash_v1.date-print manual__2026-04-08T04:59:36.908196+00:00 [queued]>
[2026-04-08T04:59:40.734+0000] {taskinstance.py:2603} INFO - Dependencies all met for dep_context=requeueable deps ti=<TaskInstance: 01_basics_bash_v1.date-print manual__2026-04-08T04:59:36.908196+00:00 [queued]>
[2026-04-08T04:59:40.735+0000] {taskinstance.py:2856} INFO - Starting attempt 1 of 2
[2026-04-08T04:59:40.746+0000] {taskinstance.py:2879} INFO - Executing <Task(BashOperator): date-print> on 2026-04-08 04:59:36.908196+00:00
[2026-04-08T04:59:40.752+0000] {warnings.py:112} WARNING - /home/***/.local/lib/python3.12/site-packages/***/task/task_runner/standard_task_runner.py:70: DeprecationWarning: This process (pid=2067) is multi-threaded, use of fork() may lead to deadlocks in the child.
  pid = os.fork()

[2026-04-08T04:59:40.753+0000] {standard_task_runner.py:104} INFO - Running: ['***', 'tasks', 'run', '01_basics_bash_v1', 'date-print', 'manual__2026-04-08T04:59:36.908196+00:00', '--job-id', '4', '--raw', '--subdir', 'DAGS_FOLDER/01_basics_bash.py', '--cfg-path', '/tmp/tmppwey397a']
[2026-04-08T04:59:40.754+0000] {standard_task_runner.py:72} INFO - Started process 2070 to run task
[2026-04-08T04:59:40.754+0000] {standard_task_runner.py:105} INFO - Job 4: Subtask date-print
[2026-04-08T04:59:40.800+0000] {task_command.py:467} INFO - Running <TaskInstance: 01_basics_bash_v1.date-print manual__2026-04-08T04:59:36.908196+00:00 [running]> on host 9524e3db50c6
[2026-04-08T04:59:40.870+0000] {taskinstance.py:3122} INFO - Exporting env vars: AIRFLOW_CTX_DAG_OWNER='de_2team_manager' AIRFLOW_CTX_DAG_ID='01_basics_bash_v1' AIRFLOW_CTX_TASK_ID='date-print' AIRFLOW_CTX_EXECUTION_DATE='2026-04-08T04:59:36.908196+00:00' AIRFLOW_CTX_TRY_NUMBER='1' AIRFLOW_CTX_DAG_RUN_ID='manual__2026-04-08T04:59:36.908196+00:00'
[2026-04-08T04:59:40.871+0000] {logging_mixin.py:190} INFO - Task instance is in running state
[2026-04-08T04:59:40.872+0000] {logging_mixin.py:190} INFO -  Previous state of the Task instance: queued
[2026-04-08T04:59:40.873+0000] {logging_mixin.py:190} INFO - Current task name:date-print state:running start_date:2026-04-08 04:59:40.729379+00:00
[2026-04-08T04:59:40.874+0000] {logging_mixin.py:190} INFO - Dag name:01_basics_bash_v1 and current dag run status:running
[2026-04-08T04:59:40.875+0000] {taskinstance.py:731} INFO - ::endgroup::
[2026-04-08T04:59:40.876+0000] {subprocess.py:63} INFO - Tmp dir root location: /tmp
[2026-04-08T04:59:40.877+0000] {subprocess.py:75} INFO - Running command: ['/usr/bin/bash', '-c', 'date']
[2026-04-08T04:59:40.885+0000] {subprocess.py:86} INFO - Output:
[2026-04-08T04:59:40.889+0000] {subprocess.py:93} INFO - Wed Apr  8 04:59:40 UTC 2026
[2026-04-08T04:59:40.890+0000] {subprocess.py:97} INFO - Command exited with return code 0
[2026-04-08T04:59:40.915+0000] {taskinstance.py:340} INFO - ::group::Post task execution logs
[2026-04-08T04:59:40.916+0000] {taskinstance.py:352} INFO - Marking task as SUCCESS. dag_id=01_basics_bash_v1, task_id=date-print, run_id=manual__2026-04-08T04:59:36.908196+00:00, execution_date=20260408T045936, start_date=20260408T045940, end_date=20260408T045940
[2026-04-08T04:59:40.925+0000] {logging_mixin.py:190} INFO - Task instance in success state
[2026-04-08T04:59:40.926+0000] {logging_mixin.py:190} INFO -  Previous state of the Task instance: running
[2026-04-08T04:59:40.927+0000] {logging_mixin.py:190} INFO - Dag name:01_basics_bash_v1 queued_at:2026-04-08 04:59:36.979953+00:00
[2026-04-08T04:59:40.928+0000] {logging_mixin.py:190} INFO - Task hostname:9524e3db50c6 operator:BashOperator
[2026-04-08T04:59:40.970+0000] {local_task_job_runner.py:261} INFO - Task exited with return code 0
[2026-04-08T04:59:41.005+0000] {taskinstance.py:3891} INFO - 1 downstream tasks scheduled from follow-on schedule check
[2026-04-08T04:59:41.015+0000] {local_task_job_runner.py:240} INFO - ::endgroup::
