[2026-04-08T05:35:17.662+0000] {local_task_job_runner.py:123} INFO - ::group::Pre task execution logs
[2026-04-08T05:35:17.673+0000] {taskinstance.py:2603} INFO - Dependencies all met for dep_context=non-requeueable deps ti=<TaskInstance: 01_basics_bash.sleep manual__2026-04-08T05:35:14.143751+00:00 [queued]>
[2026-04-08T05:35:17.678+0000] {taskinstance.py:2603} INFO - Dependencies all met for dep_context=requeueable deps ti=<TaskInstance: 01_basics_bash.sleep manual__2026-04-08T05:35:14.143751+00:00 [queued]>
[2026-04-08T05:35:17.679+0000] {taskinstance.py:2856} INFO - Starting attempt 1 of 2
[2026-04-08T05:35:17.689+0000] {taskinstance.py:2879} INFO - Executing <Task(BashOperator): sleep> on 2026-04-08 05:35:14.143751+00:00
[2026-04-08T05:35:17.694+0000] {warnings.py:112} WARNING - /home/***/.local/lib/python3.12/site-packages/***/task/task_runner/standard_task_runner.py:70: DeprecationWarning: This process (pid=2609) is multi-threaded, use of fork() may lead to deadlocks in the child.
  pid = os.fork()

[2026-04-08T05:35:17.695+0000] {standard_task_runner.py:72} INFO - Started process 2611 to run task
[2026-04-08T05:35:17.696+0000] {standard_task_runner.py:104} INFO - Running: ['***', 'tasks', 'run', '01_basics_bash', 'sleep', 'manual__2026-04-08T05:35:14.143751+00:00', '--job-id', '15', '--raw', '--subdir', 'DAGS_FOLDER/01_basics_bash.py', '--cfg-path', '/tmp/tmpr5fexnuc']
[2026-04-08T05:35:17.697+0000] {standard_task_runner.py:105} INFO - Job 15: Subtask sleep
[2026-04-08T05:35:17.735+0000] {task_command.py:467} INFO - Running <TaskInstance: 01_basics_bash.sleep manual__2026-04-08T05:35:14.143751+00:00 [running]> on host 9524e3db50c6
[2026-04-08T05:35:17.794+0000] {taskinstance.py:3122} INFO - Exporting env vars: AIRFLOW_CTX_DAG_OWNER='de_2team_manager' AIRFLOW_CTX_DAG_ID='01_basics_bash' AIRFLOW_CTX_TASK_ID='sleep' AIRFLOW_CTX_EXECUTION_DATE='2026-04-08T05:35:14.143751+00:00' AIRFLOW_CTX_TRY_NUMBER='1' AIRFLOW_CTX_DAG_RUN_ID='manual__2026-04-08T05:35:14.143751+00:00'
[2026-04-08T05:35:17.795+0000] {logging_mixin.py:190} INFO - Task instance is in running state
[2026-04-08T05:35:17.796+0000] {logging_mixin.py:190} INFO -  Previous state of the Task instance: queued
[2026-04-08T05:35:17.797+0000] {logging_mixin.py:190} INFO - Current task name:sleep state:running start_date:2026-04-08 05:35:17.674470+00:00
[2026-04-08T05:35:17.797+0000] {logging_mixin.py:190} INFO - Dag name:01_basics_bash and current dag run status:running
[2026-04-08T05:35:17.798+0000] {taskinstance.py:731} INFO - ::endgroup::
[2026-04-08T05:35:17.799+0000] {subprocess.py:63} INFO - Tmp dir root location: /tmp
[2026-04-08T05:35:17.800+0000] {subprocess.py:75} INFO - Running command: ['/usr/bin/bash', '-c', 'sleep 5']
[2026-04-08T05:35:17.809+0000] {subprocess.py:86} INFO - Output:
[2026-04-08T05:35:22.811+0000] {subprocess.py:97} INFO - Command exited with return code 0
[2026-04-08T05:35:22.830+0000] {taskinstance.py:340} INFO - ::group::Post task execution logs
[2026-04-08T05:35:22.831+0000] {taskinstance.py:352} INFO - Marking task as SUCCESS. dag_id=01_basics_bash, task_id=sleep, run_id=manual__2026-04-08T05:35:14.143751+00:00, execution_date=20260408T053514, start_date=20260408T053517, end_date=20260408T053522
[2026-04-08T05:35:22.840+0000] {logging_mixin.py:190} INFO - Task instance in success state
[2026-04-08T05:35:22.841+0000] {logging_mixin.py:190} INFO -  Previous state of the Task instance: running
[2026-04-08T05:35:22.842+0000] {logging_mixin.py:190} INFO - Dag name:01_basics_bash queued_at:2026-04-08 05:35:14.162733+00:00
[2026-04-08T05:35:22.843+0000] {logging_mixin.py:190} INFO - Task hostname:9524e3db50c6 operator:BashOperator
[2026-04-08T05:35:22.858+0000] {local_task_job_runner.py:261} INFO - Task exited with return code 0
[2026-04-08T05:35:22.870+0000] {taskinstance.py:3891} INFO - 1 downstream tasks scheduled from follow-on schedule check
[2026-04-08T05:35:22.873+0000] {local_task_job_runner.py:240} INFO - ::endgroup::
