[2026-04-08T06:58:07.030+0000] {local_task_job_runner.py:123} INFO - ::group::Pre task execution logs
[2026-04-08T06:58:07.041+0000] {taskinstance.py:2603} INFO - Dependencies all met for dep_context=non-requeueable deps ti=<TaskInstance: 02_basics_python.extract_task_data manual__2026-04-08T06:58:05.237110+00:00 [queued]>
[2026-04-08T06:58:07.046+0000] {taskinstance.py:2603} INFO - Dependencies all met for dep_context=requeueable deps ti=<TaskInstance: 02_basics_python.extract_task_data manual__2026-04-08T06:58:05.237110+00:00 [queued]>
[2026-04-08T06:58:07.048+0000] {taskinstance.py:2856} INFO - Starting attempt 1 of 2
[2026-04-08T06:58:07.057+0000] {taskinstance.py:2879} INFO - Executing <Task(PythonOperator): extract_task_data> on 2026-04-08 06:58:05.237110+00:00
[2026-04-08T06:58:07.063+0000] {warnings.py:112} WARNING - /home/***/.local/lib/python3.12/site-packages/***/task/task_runner/standard_task_runner.py:70: DeprecationWarning: This process (pid=3735) is multi-threaded, use of fork() may lead to deadlocks in the child.
  pid = os.fork()

[2026-04-08T06:58:07.064+0000] {standard_task_runner.py:104} INFO - Running: ['***', 'tasks', 'run', '02_basics_python', 'extract_task_data', 'manual__2026-04-08T06:58:05.237110+00:00', '--job-id', '21', '--raw', '--subdir', 'DAGS_FOLDER/02_basics_python.py', '--cfg-path', '/tmp/tmpudic8nbf']
[2026-04-08T06:58:07.065+0000] {standard_task_runner.py:72} INFO - Started process 3737 to run task
[2026-04-08T06:58:07.065+0000] {standard_task_runner.py:105} INFO - Job 21: Subtask extract_task_data
[2026-04-08T06:58:07.109+0000] {task_command.py:467} INFO - Running <TaskInstance: 02_basics_python.extract_task_data manual__2026-04-08T06:58:05.237110+00:00 [running]> on host 9524e3db50c6
[2026-04-08T06:58:07.167+0000] {taskinstance.py:3122} INFO - Exporting env vars: AIRFLOW_CTX_DAG_OWNER='de_2team_manager' AIRFLOW_CTX_DAG_ID='02_basics_python' AIRFLOW_CTX_TASK_ID='extract_task_data' AIRFLOW_CTX_EXECUTION_DATE='2026-04-08T06:58:05.237110+00:00' AIRFLOW_CTX_TRY_NUMBER='1' AIRFLOW_CTX_DAG_RUN_ID='manual__2026-04-08T06:58:05.237110+00:00'
[2026-04-08T06:58:07.169+0000] {logging_mixin.py:190} INFO - Task instance is in running state
[2026-04-08T06:58:07.170+0000] {logging_mixin.py:190} INFO -  Previous state of the Task instance: queued
[2026-04-08T06:58:07.171+0000] {logging_mixin.py:190} INFO - Current task name:extract_task_data state:running start_date:2026-04-08 06:58:07.042226+00:00
[2026-04-08T06:58:07.171+0000] {logging_mixin.py:190} INFO - Dag name:02_basics_python and current dag run status:running
[2026-04-08T06:58:07.172+0000] {taskinstance.py:731} INFO - ::endgroup::
[2026-04-08T06:58:07.173+0000] {02_basics_python.py:31} INFO - == Extract 작업 start ==
[2026-04-08T06:58:07.174+0000] {02_basics_python.py:32} INFO - 작업시간 2026-04-08, 실행 ID manual__2026-04-08T06:58:05.237110+00:00
[2026-04-08T06:58:07.175+0000] {02_basics_python.py:33} INFO - == Extract 작업 end ==
[2026-04-08T06:58:07.176+0000] {python.py:240} INFO - Done. Returned value was: Data Extract 성공
[2026-04-08T06:58:07.193+0000] {taskinstance.py:340} INFO - ::group::Post task execution logs
[2026-04-08T06:58:07.193+0000] {taskinstance.py:352} INFO - Marking task as SUCCESS. dag_id=02_basics_python, task_id=extract_task_data, run_id=manual__2026-04-08T06:58:05.237110+00:00, execution_date=20260408T065805, start_date=20260408T065807, end_date=20260408T065807
[2026-04-08T06:58:07.201+0000] {logging_mixin.py:190} INFO - Task instance in success state
[2026-04-08T06:58:07.203+0000] {logging_mixin.py:190} INFO -  Previous state of the Task instance: running
[2026-04-08T06:58:07.204+0000] {logging_mixin.py:190} INFO - Dag name:02_basics_python queued_at:2026-04-08 06:58:05.255795+00:00
[2026-04-08T06:58:07.204+0000] {logging_mixin.py:190} INFO - Task hostname:9524e3db50c6 operator:PythonOperator
[2026-04-08T06:58:07.240+0000] {local_task_job_runner.py:261} INFO - Task exited with return code 0
[2026-04-08T06:58:07.255+0000] {taskinstance.py:3891} INFO - 1 downstream tasks scheduled from follow-on schedule check
[2026-04-08T06:58:07.258+0000] {local_task_job_runner.py:240} INFO - ::endgroup::
