[2026-04-08T04:59:59.714+0000] {local_task_job_runner.py:123} INFO - ::group::Pre task execution logs
[2026-04-08T04:59:59.729+0000] {taskinstance.py:2603} INFO - Dependencies all met for dep_context=non-requeueable deps ti=<TaskInstance: 01_basics_bash_v1.sleep manual__2026-04-08T04:59:36.908196+00:00 [queued]>
[2026-04-08T04:59:59.736+0000] {taskinstance.py:2603} INFO - Dependencies all met for dep_context=requeueable deps ti=<TaskInstance: 01_basics_bash_v1.sleep manual__2026-04-08T04:59:36.908196+00:00 [queued]>
[2026-04-08T04:59:59.737+0000] {taskinstance.py:2856} INFO - Starting attempt 2 of 3
[2026-04-08T04:59:59.747+0000] {taskinstance.py:2879} INFO - Executing <Task(BashOperator): sleep> on 2026-04-08 04:59:36.908196+00:00
[2026-04-08T04:59:59.753+0000] {warnings.py:112} WARNING - /home/***/.local/lib/python3.12/site-packages/***/task/task_runner/standard_task_runner.py:70: DeprecationWarning: This process (pid=2108) is multi-threaded, use of fork() may lead to deadlocks in the child.
  pid = os.fork()

[2026-04-08T04:59:59.754+0000] {standard_task_runner.py:72} INFO - Started process 2110 to run task
[2026-04-08T04:59:59.754+0000] {standard_task_runner.py:104} INFO - Running: ['***', 'tasks', 'run', '01_basics_bash_v1', 'sleep', 'manual__2026-04-08T04:59:36.908196+00:00', '--job-id', '10', '--raw', '--subdir', 'DAGS_FOLDER/01_basics_bash.py', '--cfg-path', '/tmp/tmpmfut21xk']
[2026-04-08T04:59:59.755+0000] {standard_task_runner.py:105} INFO - Job 10: Subtask sleep
[2026-04-08T04:59:59.800+0000] {task_command.py:467} INFO - Running <TaskInstance: 01_basics_bash_v1.sleep manual__2026-04-08T04:59:36.908196+00:00 [running]> on host 9524e3db50c6
[2026-04-08T04:59:59.861+0000] {taskinstance.py:3122} INFO - Exporting env vars: AIRFLOW_CTX_DAG_OWNER='de_2team_manager' AIRFLOW_CTX_DAG_ID='01_basics_bash_v1' AIRFLOW_CTX_TASK_ID='sleep' AIRFLOW_CTX_EXECUTION_DATE='2026-04-08T04:59:36.908196+00:00' AIRFLOW_CTX_TRY_NUMBER='2' AIRFLOW_CTX_DAG_RUN_ID='manual__2026-04-08T04:59:36.908196+00:00'
[2026-04-08T04:59:59.862+0000] {logging_mixin.py:190} INFO - Task instance is in running state
[2026-04-08T04:59:59.863+0000] {logging_mixin.py:190} INFO -  Previous state of the Task instance: queued
[2026-04-08T04:59:59.864+0000] {logging_mixin.py:190} INFO - Current task name:sleep state:running start_date:2026-04-08 04:59:59.729761+00:00
[2026-04-08T04:59:59.865+0000] {logging_mixin.py:190} INFO - Dag name:01_basics_bash_v1 and current dag run status:running
[2026-04-08T04:59:59.866+0000] {taskinstance.py:731} INFO - ::endgroup::
[2026-04-08T04:59:59.867+0000] {subprocess.py:63} INFO - Tmp dir root location: /tmp
[2026-04-08T04:59:59.869+0000] {subprocess.py:75} INFO - Running command: ['/usr/bin/bash', '-c', 'sleep 5']
[2026-04-08T04:59:59.877+0000] {subprocess.py:86} INFO - Output:
[2026-04-08T05:00:04.880+0000] {subprocess.py:97} INFO - Command exited with return code 0
[2026-04-08T05:00:04.901+0000] {taskinstance.py:340} INFO - ::group::Post task execution logs
[2026-04-08T05:00:04.902+0000] {taskinstance.py:352} INFO - Marking task as SUCCESS. dag_id=01_basics_bash_v1, task_id=sleep, run_id=manual__2026-04-08T04:59:36.908196+00:00, execution_date=20260408T045936, start_date=20260408T045959, end_date=20260408T050004
[2026-04-08T05:00:04.914+0000] {logging_mixin.py:190} INFO - Task instance in success state
[2026-04-08T05:00:04.915+0000] {logging_mixin.py:190} INFO -  Previous state of the Task instance: running
[2026-04-08T05:00:04.916+0000] {logging_mixin.py:190} INFO - Dag name:01_basics_bash_v1 queued_at:2026-04-08 04:59:56.631158+00:00
[2026-04-08T05:00:04.917+0000] {logging_mixin.py:190} INFO - Task hostname:9524e3db50c6 operator:BashOperator
[2026-04-08T05:00:04.949+0000] {local_task_job_runner.py:261} INFO - Task exited with return code 0
[2026-04-08T05:00:04.963+0000] {taskinstance.py:3891} INFO - 1 downstream tasks scheduled from follow-on schedule check
[2026-04-08T05:00:04.966+0000] {local_task_job_runner.py:240} INFO - ::endgroup::
