[2026-04-08T05:35:24.770+0000] {local_task_job_runner.py:123} INFO - ::group::Pre task execution logs
[2026-04-08T05:35:24.782+0000] {taskinstance.py:2603} INFO - Dependencies all met for dep_context=non-requeueable deps ti=<TaskInstance: 01_basics_bash.echo-print manual__2026-04-08T05:35:14.143751+00:00 [queued]>
[2026-04-08T05:35:24.788+0000] {taskinstance.py:2603} INFO - Dependencies all met for dep_context=requeueable deps ti=<TaskInstance: 01_basics_bash.echo-print manual__2026-04-08T05:35:14.143751+00:00 [queued]>
[2026-04-08T05:35:24.789+0000] {taskinstance.py:2856} INFO - Starting attempt 1 of 2
[2026-04-08T05:35:24.801+0000] {taskinstance.py:2879} INFO - Executing <Task(BashOperator): echo-print> on 2026-04-08 05:35:14.143751+00:00
[2026-04-08T05:35:24.806+0000] {warnings.py:112} WARNING - /home/***/.local/lib/python3.12/site-packages/***/task/task_runner/standard_task_runner.py:70: DeprecationWarning: This process (pid=2621) is multi-threaded, use of fork() may lead to deadlocks in the child.
  pid = os.fork()

[2026-04-08T05:35:24.808+0000] {standard_task_runner.py:104} INFO - Running: ['***', 'tasks', 'run', '01_basics_bash', 'echo-print', 'manual__2026-04-08T05:35:14.143751+00:00', '--job-id', '16', '--raw', '--subdir', 'DAGS_FOLDER/01_basics_bash.py', '--cfg-path', '/tmp/tmp36amrij1']
[2026-04-08T05:35:24.808+0000] {standard_task_runner.py:72} INFO - Started process 2623 to run task
[2026-04-08T05:35:24.809+0000] {standard_task_runner.py:105} INFO - Job 16: Subtask echo-print
[2026-04-08T05:35:24.845+0000] {task_command.py:467} INFO - Running <TaskInstance: 01_basics_bash.echo-print manual__2026-04-08T05:35:14.143751+00:00 [running]> on host 9524e3db50c6
[2026-04-08T05:35:24.909+0000] {taskinstance.py:3122} INFO - Exporting env vars: AIRFLOW_CTX_DAG_OWNER='de_2team_manager' AIRFLOW_CTX_DAG_ID='01_basics_bash' AIRFLOW_CTX_TASK_ID='echo-print' AIRFLOW_CTX_EXECUTION_DATE='2026-04-08T05:35:14.143751+00:00' AIRFLOW_CTX_TRY_NUMBER='1' AIRFLOW_CTX_DAG_RUN_ID='manual__2026-04-08T05:35:14.143751+00:00'
[2026-04-08T05:35:24.910+0000] {logging_mixin.py:190} INFO - Task instance is in running state
[2026-04-08T05:35:24.911+0000] {logging_mixin.py:190} INFO -  Previous state of the Task instance: queued
[2026-04-08T05:35:24.912+0000] {logging_mixin.py:190} INFO - Current task name:echo-print state:running start_date:2026-04-08 05:35:24.783910+00:00
[2026-04-08T05:35:24.913+0000] {logging_mixin.py:190} INFO - Dag name:01_basics_bash and current dag run status:running
[2026-04-08T05:35:24.913+0000] {taskinstance.py:731} INFO - ::endgroup::
[2026-04-08T05:35:24.915+0000] {subprocess.py:63} INFO - Tmp dir root location: /tmp
[2026-04-08T05:35:24.916+0000] {subprocess.py:75} INFO - Running command: ['/usr/bin/bash', '-c', 'echo "hello *** task"']
[2026-04-08T05:35:24.924+0000] {subprocess.py:86} INFO - Output:
[2026-04-08T05:35:24.925+0000] {subprocess.py:93} INFO - hello *** task
[2026-04-08T05:35:24.926+0000] {subprocess.py:97} INFO - Command exited with return code 0
[2026-04-08T05:35:24.945+0000] {taskinstance.py:340} INFO - ::group::Post task execution logs
[2026-04-08T05:35:24.946+0000] {taskinstance.py:352} INFO - Marking task as SUCCESS. dag_id=01_basics_bash, task_id=echo-print, run_id=manual__2026-04-08T05:35:14.143751+00:00, execution_date=20260408T053514, start_date=20260408T053524, end_date=20260408T053524
[2026-04-08T05:35:24.955+0000] {logging_mixin.py:190} INFO - Task instance in success state
[2026-04-08T05:35:24.955+0000] {logging_mixin.py:190} INFO -  Previous state of the Task instance: running
[2026-04-08T05:35:24.956+0000] {logging_mixin.py:190} INFO - Dag name:01_basics_bash queued_at:2026-04-08 05:35:14.162733+00:00
[2026-04-08T05:35:24.957+0000] {logging_mixin.py:190} INFO - Task hostname:9524e3db50c6 operator:BashOperator
[2026-04-08T05:35:24.984+0000] {local_task_job_runner.py:261} INFO - Task exited with return code 0
[2026-04-08T05:35:24.997+0000] {taskinstance.py:3891} INFO - 0 downstream tasks scheduled from follow-on schedule check
[2026-04-08T05:35:25.006+0000] {local_task_job_runner.py:240} INFO - ::endgroup::
