[2026-04-08T06:35:59.906+0000] {local_task_job_runner.py:123} INFO - ::group::Pre task execution logs
[2026-04-08T06:35:59.917+0000] {taskinstance.py:2603} INFO - Dependencies all met for dep_context=non-requeueable deps ti=<TaskInstance: 02_basics_python.transform_task_data scheduled__2026-02-25T00:00:00+00:00 [queued]>
[2026-04-08T06:35:59.922+0000] {taskinstance.py:2603} INFO - Dependencies all met for dep_context=requeueable deps ti=<TaskInstance: 02_basics_python.transform_task_data scheduled__2026-02-25T00:00:00+00:00 [queued]>
[2026-04-08T06:35:59.923+0000] {taskinstance.py:2856} INFO - Starting attempt 1 of 1
[2026-04-08T06:35:59.932+0000] {taskinstance.py:2879} INFO - Executing <Task(PythonOperator): transform_task_data> on 2026-02-25 00:00:00+00:00
[2026-04-08T06:35:59.937+0000] {warnings.py:112} WARNING - /home/***/.local/lib/python3.12/site-packages/***/task/task_runner/standard_task_runner.py:70: DeprecationWarning: This process (pid=3437) is multi-threaded, use of fork() may lead to deadlocks in the child.
  pid = os.fork()

[2026-04-08T06:35:59.939+0000] {standard_task_runner.py:104} INFO - Running: ['***', 'tasks', 'run', '02_basics_python', 'transform_task_data', 'scheduled__2026-02-25T00:00:00+00:00', '--job-id', '20', '--raw', '--subdir', 'DAGS_FOLDER/02_basics_python.py', '--cfg-path', '/tmp/tmppuvpljt9']
[2026-04-08T06:35:59.939+0000] {standard_task_runner.py:72} INFO - Started process 3439 to run task
[2026-04-08T06:35:59.940+0000] {standard_task_runner.py:105} INFO - Job 20: Subtask transform_task_data
[2026-04-08T06:35:59.976+0000] {task_command.py:467} INFO - Running <TaskInstance: 02_basics_python.transform_task_data scheduled__2026-02-25T00:00:00+00:00 [running]> on host 9524e3db50c6
[2026-04-08T06:36:00.029+0000] {taskinstance.py:3122} INFO - Exporting env vars: AIRFLOW_CTX_DAG_OWNER='***' AIRFLOW_CTX_DAG_ID='02_basics_python' AIRFLOW_CTX_TASK_ID='transform_task_data' AIRFLOW_CTX_EXECUTION_DATE='2026-02-25T00:00:00+00:00' AIRFLOW_CTX_TRY_NUMBER='1' AIRFLOW_CTX_DAG_RUN_ID='scheduled__2026-02-25T00:00:00+00:00'
[2026-04-08T06:36:00.031+0000] {logging_mixin.py:190} INFO - Task instance is in running state
[2026-04-08T06:36:00.032+0000] {logging_mixin.py:190} INFO -  Previous state of the Task instance: queued
[2026-04-08T06:36:00.033+0000] {logging_mixin.py:190} INFO - Current task name:transform_task_data state:running start_date:2026-04-08 06:35:59.918203+00:00
[2026-04-08T06:36:00.034+0000] {logging_mixin.py:190} INFO - Dag name:02_basics_python and current dag run status:running
[2026-04-08T06:36:00.035+0000] {taskinstance.py:731} INFO - ::endgroup::
[2026-04-08T06:36:00.037+0000] {python.py:240} INFO - Done. Returned value was: None
[2026-04-08T06:36:00.045+0000] {taskinstance.py:340} INFO - ::group::Post task execution logs
[2026-04-08T06:36:00.046+0000] {taskinstance.py:352} INFO - Marking task as SUCCESS. dag_id=02_basics_python, task_id=transform_task_data, run_id=scheduled__2026-02-25T00:00:00+00:00, execution_date=20260225T000000, start_date=20260408T063559, end_date=20260408T063600
[2026-04-08T06:36:00.056+0000] {logging_mixin.py:190} INFO - Task instance in success state
[2026-04-08T06:36:00.057+0000] {logging_mixin.py:190} INFO -  Previous state of the Task instance: running
[2026-04-08T06:36:00.058+0000] {logging_mixin.py:190} INFO - Dag name:02_basics_python queued_at:2026-04-08 06:35:57.587959+00:00
[2026-04-08T06:36:00.059+0000] {logging_mixin.py:190} INFO - Task hostname:9524e3db50c6 operator:PythonOperator
[2026-04-08T06:36:00.075+0000] {local_task_job_runner.py:261} INFO - Task exited with return code 0
[2026-04-08T06:36:00.087+0000] {taskinstance.py:3891} INFO - 0 downstream tasks scheduled from follow-on schedule check
[2026-04-08T06:36:00.092+0000] {local_task_job_runner.py:240} INFO - ::endgroup::
