[2026-04-08T05:31:58.533+0000] {local_task_job_runner.py:123} INFO - ::group::Pre task execution logs
[2026-04-08T05:31:58.545+0000] {taskinstance.py:2603} INFO - Dependencies all met for dep_context=non-requeueable deps ti=<TaskInstance: 01_basics_bash.date-print scheduled__2026-04-07T00:00:00+00:00 [queued]>
[2026-04-08T05:31:58.551+0000] {taskinstance.py:2603} INFO - Dependencies all met for dep_context=requeueable deps ti=<TaskInstance: 01_basics_bash.date-print scheduled__2026-04-07T00:00:00+00:00 [queued]>
[2026-04-08T05:31:58.552+0000] {taskinstance.py:2856} INFO - Starting attempt 1 of 2
[2026-04-08T05:31:58.562+0000] {taskinstance.py:2879} INFO - Executing <Task(BashOperator): date-print> on 2026-04-07 00:00:00+00:00
[2026-04-08T05:31:58.568+0000] {warnings.py:112} WARNING - /home/***/.local/lib/python3.12/site-packages/***/task/task_runner/standard_task_runner.py:70: DeprecationWarning: This process (pid=2546) is multi-threaded, use of fork() may lead to deadlocks in the child.
  pid = os.fork()

[2026-04-08T05:31:58.570+0000] {standard_task_runner.py:72} INFO - Started process 2548 to run task
[2026-04-08T05:31:58.569+0000] {standard_task_runner.py:104} INFO - Running: ['***', 'tasks', 'run', '01_basics_bash', 'date-print', 'scheduled__2026-04-07T00:00:00+00:00', '--job-id', '11', '--raw', '--subdir', 'DAGS_FOLDER/01_basics_bash.py', '--cfg-path', '/tmp/tmpn_wwsbk9']
[2026-04-08T05:31:58.571+0000] {standard_task_runner.py:105} INFO - Job 11: Subtask date-print
[2026-04-08T05:31:58.611+0000] {task_command.py:467} INFO - Running <TaskInstance: 01_basics_bash.date-print scheduled__2026-04-07T00:00:00+00:00 [running]> on host 9524e3db50c6
[2026-04-08T05:31:58.670+0000] {taskinstance.py:3122} INFO - Exporting env vars: AIRFLOW_CTX_DAG_OWNER='de_2team_manager' AIRFLOW_CTX_DAG_ID='01_basics_bash' AIRFLOW_CTX_TASK_ID='date-print' AIRFLOW_CTX_EXECUTION_DATE='2026-04-07T00:00:00+00:00' AIRFLOW_CTX_TRY_NUMBER='1' AIRFLOW_CTX_DAG_RUN_ID='scheduled__2026-04-07T00:00:00+00:00'
[2026-04-08T05:31:58.671+0000] {logging_mixin.py:190} INFO - Task instance is in running state
[2026-04-08T05:31:58.672+0000] {logging_mixin.py:190} INFO -  Previous state of the Task instance: queued
[2026-04-08T05:31:58.673+0000] {logging_mixin.py:190} INFO - Current task name:date-print state:running start_date:2026-04-08 05:31:58.547032+00:00
[2026-04-08T05:31:58.674+0000] {logging_mixin.py:190} INFO - Dag name:01_basics_bash and current dag run status:running
[2026-04-08T05:31:58.675+0000] {taskinstance.py:731} INFO - ::endgroup::
[2026-04-08T05:31:58.676+0000] {subprocess.py:63} INFO - Tmp dir root location: /tmp
[2026-04-08T05:31:58.677+0000] {subprocess.py:75} INFO - Running command: ['/usr/bin/bash', '-c', 'date']
[2026-04-08T05:31:58.686+0000] {subprocess.py:86} INFO - Output:
[2026-04-08T05:31:58.689+0000] {subprocess.py:93} INFO - Wed Apr  8 05:31:58 UTC 2026
[2026-04-08T05:31:58.690+0000] {subprocess.py:97} INFO - Command exited with return code 0
[2026-04-08T05:31:58.709+0000] {taskinstance.py:340} INFO - ::group::Post task execution logs
[2026-04-08T05:31:58.710+0000] {taskinstance.py:352} INFO - Marking task as SUCCESS. dag_id=01_basics_bash, task_id=date-print, run_id=scheduled__2026-04-07T00:00:00+00:00, execution_date=20260407T000000, start_date=20260408T053158, end_date=20260408T053158
[2026-04-08T05:31:58.718+0000] {logging_mixin.py:190} INFO - Task instance in success state
[2026-04-08T05:31:58.719+0000] {logging_mixin.py:190} INFO -  Previous state of the Task instance: running
[2026-04-08T05:31:58.720+0000] {logging_mixin.py:190} INFO - Dag name:01_basics_bash queued_at:2026-04-08 05:31:57.160923+00:00
[2026-04-08T05:31:58.721+0000] {logging_mixin.py:190} INFO - Task hostname:9524e3db50c6 operator:BashOperator
[2026-04-08T05:31:58.745+0000] {local_task_job_runner.py:261} INFO - Task exited with return code 0
[2026-04-08T05:31:58.762+0000] {taskinstance.py:3891} INFO - 1 downstream tasks scheduled from follow-on schedule check
[2026-04-08T05:31:58.765+0000] {local_task_job_runner.py:240} INFO - ::endgroup::
