[2026-04-09T00:31:35.614+0000] {processor.py:186} INFO - Started process (PID=39) to work on /opt/airflow/dags/01_basics_bash.py
[2026-04-09T00:31:35.616+0000] {processor.py:914} INFO - Processing file /opt/airflow/dags/01_basics_bash.py for tasks to queue
[2026-04-09T00:31:35.618+0000] {logging_mixin.py:190} INFO - [2026-04-09T00:31:35.618+0000] {dagbag.py:587} INFO - Filling up the DagBag from /opt/airflow/dags/01_basics_bash.py
[2026-04-09T00:31:35.631+0000] {processor.py:925} INFO - DAG(s) '01_basics_bash' retrieved from /opt/airflow/dags/01_basics_bash.py
[2026-04-09T00:31:35.692+0000] {logging_mixin.py:190} INFO - [2026-04-09T00:31:35.691+0000] {dag.py:3211} INFO - Sync 1 DAGs
[2026-04-09T00:31:35.703+0000] {logging_mixin.py:190} INFO - [2026-04-09T00:31:35.703+0000] {dag.py:4138} INFO - Setting next_dagrun for 01_basics_bash to 2026-04-09 00:00:00+00:00, run_after=2026-04-10 00:00:00+00:00
[2026-04-09T00:31:35.717+0000] {processor.py:208} INFO - Processing /opt/airflow/dags/01_basics_bash.py took 0.108 seconds
[2026-04-09T00:32:05.761+0000] {processor.py:186} INFO - Started process (PID=102) to work on /opt/airflow/dags/01_basics_bash.py
[2026-04-09T00:32:05.762+0000] {processor.py:914} INFO - Processing file /opt/airflow/dags/01_basics_bash.py for tasks to queue
[2026-04-09T00:32:05.764+0000] {logging_mixin.py:190} INFO - [2026-04-09T00:32:05.763+0000] {dagbag.py:587} INFO - Filling up the DagBag from /opt/airflow/dags/01_basics_bash.py
[2026-04-09T00:32:05.774+0000] {processor.py:925} INFO - DAG(s) '01_basics_bash' retrieved from /opt/airflow/dags/01_basics_bash.py
[2026-04-09T00:32:05.786+0000] {logging_mixin.py:190} INFO - [2026-04-09T00:32:05.786+0000] {dag.py:3211} INFO - Sync 1 DAGs
[2026-04-09T00:32:05.802+0000] {logging_mixin.py:190} INFO - [2026-04-09T00:32:05.802+0000] {dag.py:4138} INFO - Setting next_dagrun for 01_basics_bash to 2026-04-09 00:00:00+00:00, run_after=2026-04-10 00:00:00+00:00
[2026-04-09T00:32:05.814+0000] {processor.py:208} INFO - Processing /opt/airflow/dags/01_basics_bash.py took 0.058 seconds
[2026-04-09T00:32:36.665+0000] {processor.py:186} INFO - Started process (PID=166) to work on /opt/airflow/dags/01_basics_bash.py
[2026-04-09T00:32:36.666+0000] {processor.py:914} INFO - Processing file /opt/airflow/dags/01_basics_bash.py for tasks to queue
[2026-04-09T00:32:36.668+0000] {logging_mixin.py:190} INFO - [2026-04-09T00:32:36.667+0000] {dagbag.py:587} INFO - Filling up the DagBag from /opt/airflow/dags/01_basics_bash.py
[2026-04-09T00:32:36.679+0000] {processor.py:925} INFO - DAG(s) '01_basics_bash' retrieved from /opt/airflow/dags/01_basics_bash.py
[2026-04-09T00:32:36.691+0000] {logging_mixin.py:190} INFO - [2026-04-09T00:32:36.691+0000] {dag.py:3211} INFO - Sync 1 DAGs
[2026-04-09T00:32:36.703+0000] {logging_mixin.py:190} INFO - [2026-04-09T00:32:36.703+0000] {dag.py:4138} INFO - Setting next_dagrun for 01_basics_bash to 2026-04-09 00:00:00+00:00, run_after=2026-04-10 00:00:00+00:00
[2026-04-09T00:32:36.714+0000] {processor.py:208} INFO - Processing /opt/airflow/dags/01_basics_bash.py took 0.054 seconds
[2026-04-09T00:33:07.563+0000] {processor.py:186} INFO - Started process (PID=230) to work on /opt/airflow/dags/01_basics_bash.py
[2026-04-09T00:33:07.565+0000] {processor.py:914} INFO - Processing file /opt/airflow/dags/01_basics_bash.py for tasks to queue
[2026-04-09T00:33:07.568+0000] {logging_mixin.py:190} INFO - [2026-04-09T00:33:07.568+0000] {dagbag.py:587} INFO - Filling up the DagBag from /opt/airflow/dags/01_basics_bash.py
[2026-04-09T00:33:07.585+0000] {processor.py:925} INFO - DAG(s) '01_basics_bash' retrieved from /opt/airflow/dags/01_basics_bash.py
[2026-04-09T00:33:07.597+0000] {logging_mixin.py:190} INFO - [2026-04-09T00:33:07.597+0000] {dag.py:3211} INFO - Sync 1 DAGs
[2026-04-09T00:33:07.608+0000] {logging_mixin.py:190} INFO - [2026-04-09T00:33:07.608+0000] {dag.py:4138} INFO - Setting next_dagrun for 01_basics_bash to 2026-04-09 00:00:00+00:00, run_after=2026-04-10 00:00:00+00:00
[2026-04-09T00:33:07.617+0000] {processor.py:208} INFO - Processing /opt/airflow/dags/01_basics_bash.py took 0.060 seconds
[2026-04-09T00:33:38.356+0000] {processor.py:186} INFO - Started process (PID=294) to work on /opt/airflow/dags/01_basics_bash.py
[2026-04-09T00:33:38.357+0000] {processor.py:914} INFO - Processing file /opt/airflow/dags/01_basics_bash.py for tasks to queue
[2026-04-09T00:33:38.359+0000] {logging_mixin.py:190} INFO - [2026-04-09T00:33:38.359+0000] {dagbag.py:587} INFO - Filling up the DagBag from /opt/airflow/dags/01_basics_bash.py
[2026-04-09T00:33:38.369+0000] {processor.py:925} INFO - DAG(s) '01_basics_bash' retrieved from /opt/airflow/dags/01_basics_bash.py
[2026-04-09T00:33:38.383+0000] {logging_mixin.py:190} INFO - [2026-04-09T00:33:38.383+0000] {dag.py:3211} INFO - Sync 1 DAGs
[2026-04-09T00:33:38.396+0000] {logging_mixin.py:190} INFO - [2026-04-09T00:33:38.396+0000] {dag.py:4138} INFO - Setting next_dagrun for 01_basics_bash to 2026-04-09 00:00:00+00:00, run_after=2026-04-10 00:00:00+00:00
[2026-04-09T00:33:38.405+0000] {processor.py:208} INFO - Processing /opt/airflow/dags/01_basics_bash.py took 0.054 seconds
[2026-04-09T00:34:09.243+0000] {processor.py:186} INFO - Started process (PID=358) to work on /opt/airflow/dags/01_basics_bash.py
[2026-04-09T00:34:09.244+0000] {processor.py:914} INFO - Processing file /opt/airflow/dags/01_basics_bash.py for tasks to queue
[2026-04-09T00:34:09.246+0000] {logging_mixin.py:190} INFO - [2026-04-09T00:34:09.246+0000] {dagbag.py:587} INFO - Filling up the DagBag from /opt/airflow/dags/01_basics_bash.py
[2026-04-09T00:34:09.258+0000] {processor.py:925} INFO - DAG(s) '01_basics_bash' retrieved from /opt/airflow/dags/01_basics_bash.py
[2026-04-09T00:34:09.269+0000] {logging_mixin.py:190} INFO - [2026-04-09T00:34:09.269+0000] {dag.py:3211} INFO - Sync 1 DAGs
[2026-04-09T00:34:09.283+0000] {logging_mixin.py:190} INFO - [2026-04-09T00:34:09.283+0000] {dag.py:4138} INFO - Setting next_dagrun for 01_basics_bash to 2026-04-09 00:00:00+00:00, run_after=2026-04-10 00:00:00+00:00
[2026-04-09T00:34:09.292+0000] {processor.py:208} INFO - Processing /opt/airflow/dags/01_basics_bash.py took 0.053 seconds
[2026-04-09T00:34:40.079+0000] {processor.py:186} INFO - Started process (PID=428) to work on /opt/airflow/dags/01_basics_bash.py
[2026-04-09T00:34:40.080+0000] {processor.py:914} INFO - Processing file /opt/airflow/dags/01_basics_bash.py for tasks to queue
[2026-04-09T00:34:40.082+0000] {logging_mixin.py:190} INFO - [2026-04-09T00:34:40.081+0000] {dagbag.py:587} INFO - Filling up the DagBag from /opt/airflow/dags/01_basics_bash.py
[2026-04-09T00:34:40.092+0000] {processor.py:925} INFO - DAG(s) '01_basics_bash' retrieved from /opt/airflow/dags/01_basics_bash.py
[2026-04-09T00:34:40.105+0000] {logging_mixin.py:190} INFO - [2026-04-09T00:34:40.105+0000] {dag.py:3211} INFO - Sync 1 DAGs
[2026-04-09T00:34:40.118+0000] {logging_mixin.py:190} INFO - [2026-04-09T00:34:40.118+0000] {dag.py:4138} INFO - Setting next_dagrun for 01_basics_bash to 2026-04-09 00:00:00+00:00, run_after=2026-04-10 00:00:00+00:00
[2026-04-09T00:34:40.129+0000] {processor.py:208} INFO - Processing /opt/airflow/dags/01_basics_bash.py took 0.054 seconds
[2026-04-09T00:35:10.853+0000] {processor.py:186} INFO - Started process (PID=492) to work on /opt/airflow/dags/01_basics_bash.py
[2026-04-09T00:35:10.854+0000] {processor.py:914} INFO - Processing file /opt/airflow/dags/01_basics_bash.py for tasks to queue
[2026-04-09T00:35:10.856+0000] {logging_mixin.py:190} INFO - [2026-04-09T00:35:10.856+0000] {dagbag.py:587} INFO - Filling up the DagBag from /opt/airflow/dags/01_basics_bash.py
[2026-04-09T00:35:10.865+0000] {processor.py:925} INFO - DAG(s) '01_basics_bash' retrieved from /opt/airflow/dags/01_basics_bash.py
[2026-04-09T00:35:10.875+0000] {logging_mixin.py:190} INFO - [2026-04-09T00:35:10.875+0000] {dag.py:3211} INFO - Sync 1 DAGs
[2026-04-09T00:35:10.887+0000] {logging_mixin.py:190} INFO - [2026-04-09T00:35:10.887+0000] {dag.py:4138} INFO - Setting next_dagrun for 01_basics_bash to 2026-04-09 00:00:00+00:00, run_after=2026-04-10 00:00:00+00:00
[2026-04-09T00:35:10.897+0000] {processor.py:208} INFO - Processing /opt/airflow/dags/01_basics_bash.py took 0.049 seconds
[2026-04-09T00:35:41.491+0000] {processor.py:186} INFO - Started process (PID=555) to work on /opt/airflow/dags/01_basics_bash.py
[2026-04-09T00:35:41.492+0000] {processor.py:914} INFO - Processing file /opt/airflow/dags/01_basics_bash.py for tasks to queue
[2026-04-09T00:35:41.495+0000] {logging_mixin.py:190} INFO - [2026-04-09T00:35:41.494+0000] {dagbag.py:587} INFO - Filling up the DagBag from /opt/airflow/dags/01_basics_bash.py
[2026-04-09T00:35:41.506+0000] {processor.py:925} INFO - DAG(s) '01_basics_bash' retrieved from /opt/airflow/dags/01_basics_bash.py
[2026-04-09T00:35:41.514+0000] {logging_mixin.py:190} INFO - [2026-04-09T00:35:41.514+0000] {dag.py:3211} INFO - Sync 1 DAGs
[2026-04-09T00:35:41.525+0000] {logging_mixin.py:190} INFO - [2026-04-09T00:35:41.525+0000] {dag.py:4138} INFO - Setting next_dagrun for 01_basics_bash to 2026-04-09 00:00:00+00:00, run_after=2026-04-10 00:00:00+00:00
[2026-04-09T00:35:41.538+0000] {processor.py:208} INFO - Processing /opt/airflow/dags/01_basics_bash.py took 0.050 seconds
[2026-04-09T00:36:12.317+0000] {processor.py:186} INFO - Started process (PID=619) to work on /opt/airflow/dags/01_basics_bash.py
[2026-04-09T00:36:12.318+0000] {processor.py:914} INFO - Processing file /opt/airflow/dags/01_basics_bash.py for tasks to queue
[2026-04-09T00:36:12.319+0000] {logging_mixin.py:190} INFO - [2026-04-09T00:36:12.319+0000] {dagbag.py:587} INFO - Filling up the DagBag from /opt/airflow/dags/01_basics_bash.py
[2026-04-09T00:36:12.331+0000] {processor.py:925} INFO - DAG(s) '01_basics_bash' retrieved from /opt/airflow/dags/01_basics_bash.py
[2026-04-09T00:36:12.349+0000] {logging_mixin.py:190} INFO - [2026-04-09T00:36:12.349+0000] {dag.py:3211} INFO - Sync 1 DAGs
[2026-04-09T00:36:12.360+0000] {logging_mixin.py:190} INFO - [2026-04-09T00:36:12.360+0000] {dag.py:4138} INFO - Setting next_dagrun for 01_basics_bash to 2026-04-09 00:00:00+00:00, run_after=2026-04-10 00:00:00+00:00
[2026-04-09T00:36:12.366+0000] {processor.py:208} INFO - Processing /opt/airflow/dags/01_basics_bash.py took 0.054 seconds
[2026-04-09T00:36:43.145+0000] {processor.py:186} INFO - Started process (PID=683) to work on /opt/airflow/dags/01_basics_bash.py
[2026-04-09T00:36:43.145+0000] {processor.py:914} INFO - Processing file /opt/airflow/dags/01_basics_bash.py for tasks to queue
[2026-04-09T00:36:43.147+0000] {logging_mixin.py:190} INFO - [2026-04-09T00:36:43.147+0000] {dagbag.py:587} INFO - Filling up the DagBag from /opt/airflow/dags/01_basics_bash.py
[2026-04-09T00:36:43.158+0000] {processor.py:925} INFO - DAG(s) '01_basics_bash' retrieved from /opt/airflow/dags/01_basics_bash.py
[2026-04-09T00:36:43.172+0000] {logging_mixin.py:190} INFO - [2026-04-09T00:36:43.172+0000] {dag.py:3211} INFO - Sync 1 DAGs
[2026-04-09T00:36:43.184+0000] {logging_mixin.py:190} INFO - [2026-04-09T00:36:43.184+0000] {dag.py:4138} INFO - Setting next_dagrun for 01_basics_bash to 2026-04-09 00:00:00+00:00, run_after=2026-04-10 00:00:00+00:00
[2026-04-09T00:36:43.194+0000] {processor.py:208} INFO - Processing /opt/airflow/dags/01_basics_bash.py took 0.054 seconds
[2026-04-09T00:37:13.932+0000] {processor.py:186} INFO - Started process (PID=747) to work on /opt/airflow/dags/01_basics_bash.py
[2026-04-09T00:37:13.932+0000] {processor.py:914} INFO - Processing file /opt/airflow/dags/01_basics_bash.py for tasks to queue
[2026-04-09T00:37:13.934+0000] {logging_mixin.py:190} INFO - [2026-04-09T00:37:13.934+0000] {dagbag.py:587} INFO - Filling up the DagBag from /opt/airflow/dags/01_basics_bash.py
[2026-04-09T00:37:13.945+0000] {processor.py:925} INFO - DAG(s) '01_basics_bash' retrieved from /opt/airflow/dags/01_basics_bash.py
[2026-04-09T00:37:13.962+0000] {logging_mixin.py:190} INFO - [2026-04-09T00:37:13.962+0000] {dag.py:3211} INFO - Sync 1 DAGs
[2026-04-09T00:37:13.978+0000] {logging_mixin.py:190} INFO - [2026-04-09T00:37:13.978+0000] {dag.py:4138} INFO - Setting next_dagrun for 01_basics_bash to 2026-04-09 00:00:00+00:00, run_after=2026-04-10 00:00:00+00:00
[2026-04-09T00:37:13.983+0000] {processor.py:208} INFO - Processing /opt/airflow/dags/01_basics_bash.py took 0.056 seconds
[2026-04-09T00:37:44.676+0000] {processor.py:186} INFO - Started process (PID=811) to work on /opt/airflow/dags/01_basics_bash.py
[2026-04-09T00:37:44.677+0000] {processor.py:914} INFO - Processing file /opt/airflow/dags/01_basics_bash.py for tasks to queue
[2026-04-09T00:37:44.679+0000] {logging_mixin.py:190} INFO - [2026-04-09T00:37:44.679+0000] {dagbag.py:587} INFO - Filling up the DagBag from /opt/airflow/dags/01_basics_bash.py
[2026-04-09T00:37:44.687+0000] {processor.py:925} INFO - DAG(s) '01_basics_bash' retrieved from /opt/airflow/dags/01_basics_bash.py
[2026-04-09T00:37:44.701+0000] {logging_mixin.py:190} INFO - [2026-04-09T00:37:44.700+0000] {dag.py:3211} INFO - Sync 1 DAGs
[2026-04-09T00:37:44.713+0000] {logging_mixin.py:190} INFO - [2026-04-09T00:37:44.713+0000] {dag.py:4138} INFO - Setting next_dagrun for 01_basics_bash to 2026-04-09 00:00:00+00:00, run_after=2026-04-10 00:00:00+00:00
[2026-04-09T00:37:44.722+0000] {processor.py:208} INFO - Processing /opt/airflow/dags/01_basics_bash.py took 0.050 seconds
[2026-04-09T00:38:15.394+0000] {processor.py:186} INFO - Started process (PID=875) to work on /opt/airflow/dags/01_basics_bash.py
[2026-04-09T00:38:15.396+0000] {processor.py:914} INFO - Processing file /opt/airflow/dags/01_basics_bash.py for tasks to queue
[2026-04-09T00:38:15.399+0000] {logging_mixin.py:190} INFO - [2026-04-09T00:38:15.399+0000] {dagbag.py:587} INFO - Filling up the DagBag from /opt/airflow/dags/01_basics_bash.py
[2026-04-09T00:38:15.409+0000] {processor.py:925} INFO - DAG(s) '01_basics_bash' retrieved from /opt/airflow/dags/01_basics_bash.py
[2026-04-09T00:38:15.422+0000] {logging_mixin.py:190} INFO - [2026-04-09T00:38:15.422+0000] {dag.py:3211} INFO - Sync 1 DAGs
[2026-04-09T00:38:15.435+0000] {logging_mixin.py:190} INFO - [2026-04-09T00:38:15.435+0000] {dag.py:4138} INFO - Setting next_dagrun for 01_basics_bash to 2026-04-09 00:00:00+00:00, run_after=2026-04-10 00:00:00+00:00
[2026-04-09T00:38:15.445+0000] {processor.py:208} INFO - Processing /opt/airflow/dags/01_basics_bash.py took 0.055 seconds
[2026-04-09T00:38:46.151+0000] {processor.py:186} INFO - Started process (PID=939) to work on /opt/airflow/dags/01_basics_bash.py
[2026-04-09T00:38:46.152+0000] {processor.py:914} INFO - Processing file /opt/airflow/dags/01_basics_bash.py for tasks to queue
[2026-04-09T00:38:46.153+0000] {logging_mixin.py:190} INFO - [2026-04-09T00:38:46.153+0000] {dagbag.py:587} INFO - Filling up the DagBag from /opt/airflow/dags/01_basics_bash.py
[2026-04-09T00:38:46.162+0000] {processor.py:925} INFO - DAG(s) '01_basics_bash' retrieved from /opt/airflow/dags/01_basics_bash.py
[2026-04-09T00:38:46.174+0000] {logging_mixin.py:190} INFO - [2026-04-09T00:38:46.174+0000] {dag.py:3211} INFO - Sync 1 DAGs
[2026-04-09T00:38:46.186+0000] {logging_mixin.py:190} INFO - [2026-04-09T00:38:46.186+0000] {dag.py:4138} INFO - Setting next_dagrun for 01_basics_bash to 2026-04-09 00:00:00+00:00, run_after=2026-04-10 00:00:00+00:00
[2026-04-09T00:38:46.196+0000] {processor.py:208} INFO - Processing /opt/airflow/dags/01_basics_bash.py took 0.049 seconds
[2026-04-09T00:39:16.887+0000] {processor.py:186} INFO - Started process (PID=1003) to work on /opt/airflow/dags/01_basics_bash.py
[2026-04-09T00:39:16.889+0000] {processor.py:914} INFO - Processing file /opt/airflow/dags/01_basics_bash.py for tasks to queue
[2026-04-09T00:39:16.894+0000] {logging_mixin.py:190} INFO - [2026-04-09T00:39:16.893+0000] {dagbag.py:587} INFO - Filling up the DagBag from /opt/airflow/dags/01_basics_bash.py
[2026-04-09T00:39:16.901+0000] {processor.py:925} INFO - DAG(s) '01_basics_bash' retrieved from /opt/airflow/dags/01_basics_bash.py
[2026-04-09T00:39:16.910+0000] {logging_mixin.py:190} INFO - [2026-04-09T00:39:16.910+0000] {dag.py:3211} INFO - Sync 1 DAGs
[2026-04-09T00:39:16.922+0000] {logging_mixin.py:190} INFO - [2026-04-09T00:39:16.922+0000] {dag.py:4138} INFO - Setting next_dagrun for 01_basics_bash to 2026-04-09 00:00:00+00:00, run_after=2026-04-10 00:00:00+00:00
[2026-04-09T00:39:16.932+0000] {processor.py:208} INFO - Processing /opt/airflow/dags/01_basics_bash.py took 0.049 seconds
[2026-04-09T00:39:47.647+0000] {processor.py:186} INFO - Started process (PID=1067) to work on /opt/airflow/dags/01_basics_bash.py
[2026-04-09T00:39:47.647+0000] {processor.py:914} INFO - Processing file /opt/airflow/dags/01_basics_bash.py for tasks to queue
[2026-04-09T00:39:47.649+0000] {logging_mixin.py:190} INFO - [2026-04-09T00:39:47.649+0000] {dagbag.py:587} INFO - Filling up the DagBag from /opt/airflow/dags/01_basics_bash.py
[2026-04-09T00:39:47.658+0000] {processor.py:925} INFO - DAG(s) '01_basics_bash' retrieved from /opt/airflow/dags/01_basics_bash.py
[2026-04-09T00:39:47.672+0000] {logging_mixin.py:190} INFO - [2026-04-09T00:39:47.672+0000] {dag.py:3211} INFO - Sync 1 DAGs
[2026-04-09T00:39:47.683+0000] {logging_mixin.py:190} INFO - [2026-04-09T00:39:47.683+0000] {dag.py:4138} INFO - Setting next_dagrun for 01_basics_bash to 2026-04-09 00:00:00+00:00, run_after=2026-04-10 00:00:00+00:00
[2026-04-09T00:39:47.692+0000] {processor.py:208} INFO - Processing /opt/airflow/dags/01_basics_bash.py took 0.049 seconds
[2026-04-09T00:40:18.444+0000] {processor.py:186} INFO - Started process (PID=1131) to work on /opt/airflow/dags/01_basics_bash.py
[2026-04-09T00:40:18.446+0000] {processor.py:914} INFO - Processing file /opt/airflow/dags/01_basics_bash.py for tasks to queue
[2026-04-09T00:40:18.449+0000] {logging_mixin.py:190} INFO - [2026-04-09T00:40:18.449+0000] {dagbag.py:587} INFO - Filling up the DagBag from /opt/airflow/dags/01_basics_bash.py
[2026-04-09T00:40:18.457+0000] {processor.py:925} INFO - DAG(s) '01_basics_bash' retrieved from /opt/airflow/dags/01_basics_bash.py
[2026-04-09T00:40:18.471+0000] {logging_mixin.py:190} INFO - [2026-04-09T00:40:18.470+0000] {dag.py:3211} INFO - Sync 1 DAGs
[2026-04-09T00:40:18.482+0000] {logging_mixin.py:190} INFO - [2026-04-09T00:40:18.482+0000] {dag.py:4138} INFO - Setting next_dagrun for 01_basics_bash to 2026-04-09 00:00:00+00:00, run_after=2026-04-10 00:00:00+00:00
[2026-04-09T00:40:18.492+0000] {processor.py:208} INFO - Processing /opt/airflow/dags/01_basics_bash.py took 0.052 seconds
[2026-04-09T00:40:49.237+0000] {processor.py:186} INFO - Started process (PID=1195) to work on /opt/airflow/dags/01_basics_bash.py
[2026-04-09T00:40:49.238+0000] {processor.py:914} INFO - Processing file /opt/airflow/dags/01_basics_bash.py for tasks to queue
[2026-04-09T00:40:49.241+0000] {logging_mixin.py:190} INFO - [2026-04-09T00:40:49.240+0000] {dagbag.py:587} INFO - Filling up the DagBag from /opt/airflow/dags/01_basics_bash.py
[2026-04-09T00:40:49.253+0000] {processor.py:925} INFO - DAG(s) '01_basics_bash' retrieved from /opt/airflow/dags/01_basics_bash.py
[2026-04-09T00:40:49.267+0000] {logging_mixin.py:190} INFO - [2026-04-09T00:40:49.267+0000] {dag.py:3211} INFO - Sync 1 DAGs
[2026-04-09T00:40:49.282+0000] {logging_mixin.py:190} INFO - [2026-04-09T00:40:49.282+0000] {dag.py:4138} INFO - Setting next_dagrun for 01_basics_bash to 2026-04-09 00:00:00+00:00, run_after=2026-04-10 00:00:00+00:00
[2026-04-09T00:40:49.294+0000] {processor.py:208} INFO - Processing /opt/airflow/dags/01_basics_bash.py took 0.061 seconds
[2026-04-09T00:41:19.998+0000] {processor.py:186} INFO - Started process (PID=1259) to work on /opt/airflow/dags/01_basics_bash.py
[2026-04-09T00:41:19.999+0000] {processor.py:914} INFO - Processing file /opt/airflow/dags/01_basics_bash.py for tasks to queue
[2026-04-09T00:41:20.001+0000] {logging_mixin.py:190} INFO - [2026-04-09T00:41:20.001+0000] {dagbag.py:587} INFO - Filling up the DagBag from /opt/airflow/dags/01_basics_bash.py
[2026-04-09T00:41:20.012+0000] {processor.py:925} INFO - DAG(s) '01_basics_bash' retrieved from /opt/airflow/dags/01_basics_bash.py
[2026-04-09T00:41:20.028+0000] {logging_mixin.py:190} INFO - [2026-04-09T00:41:20.028+0000] {dag.py:3211} INFO - Sync 1 DAGs
[2026-04-09T00:41:20.042+0000] {logging_mixin.py:190} INFO - [2026-04-09T00:41:20.041+0000] {dag.py:4138} INFO - Setting next_dagrun for 01_basics_bash to 2026-04-09 00:00:00+00:00, run_after=2026-04-10 00:00:00+00:00
[2026-04-09T00:41:20.050+0000] {processor.py:208} INFO - Processing /opt/airflow/dags/01_basics_bash.py took 0.057 seconds
[2026-04-09T00:41:50.838+0000] {processor.py:186} INFO - Started process (PID=1323) to work on /opt/airflow/dags/01_basics_bash.py
[2026-04-09T00:41:50.839+0000] {processor.py:914} INFO - Processing file /opt/airflow/dags/01_basics_bash.py for tasks to queue
[2026-04-09T00:41:50.841+0000] {logging_mixin.py:190} INFO - [2026-04-09T00:41:50.840+0000] {dagbag.py:587} INFO - Filling up the DagBag from /opt/airflow/dags/01_basics_bash.py
[2026-04-09T00:41:50.848+0000] {processor.py:925} INFO - DAG(s) '01_basics_bash' retrieved from /opt/airflow/dags/01_basics_bash.py
[2026-04-09T00:41:50.857+0000] {logging_mixin.py:190} INFO - [2026-04-09T00:41:50.856+0000] {dag.py:3211} INFO - Sync 1 DAGs
[2026-04-09T00:41:50.868+0000] {logging_mixin.py:190} INFO - [2026-04-09T00:41:50.868+0000] {dag.py:4138} INFO - Setting next_dagrun for 01_basics_bash to 2026-04-09 00:00:00+00:00, run_after=2026-04-10 00:00:00+00:00
[2026-04-09T00:41:50.878+0000] {processor.py:208} INFO - Processing /opt/airflow/dags/01_basics_bash.py took 0.043 seconds
[2026-04-09T00:42:21.754+0000] {processor.py:186} INFO - Started process (PID=1387) to work on /opt/airflow/dags/01_basics_bash.py
[2026-04-09T00:42:21.754+0000] {processor.py:914} INFO - Processing file /opt/airflow/dags/01_basics_bash.py for tasks to queue
[2026-04-09T00:42:21.757+0000] {logging_mixin.py:190} INFO - [2026-04-09T00:42:21.756+0000] {dagbag.py:587} INFO - Filling up the DagBag from /opt/airflow/dags/01_basics_bash.py
[2026-04-09T00:42:21.765+0000] {processor.py:925} INFO - DAG(s) '01_basics_bash' retrieved from /opt/airflow/dags/01_basics_bash.py
[2026-04-09T00:42:21.780+0000] {logging_mixin.py:190} INFO - [2026-04-09T00:42:21.780+0000] {dag.py:3211} INFO - Sync 1 DAGs
[2026-04-09T00:42:21.793+0000] {logging_mixin.py:190} INFO - [2026-04-09T00:42:21.793+0000] {dag.py:4138} INFO - Setting next_dagrun for 01_basics_bash to 2026-04-09 00:00:00+00:00, run_after=2026-04-10 00:00:00+00:00
[2026-04-09T00:42:21.802+0000] {processor.py:208} INFO - Processing /opt/airflow/dags/01_basics_bash.py took 0.053 seconds
[2026-04-09T00:42:52.809+0000] {processor.py:186} INFO - Started process (PID=1451) to work on /opt/airflow/dags/01_basics_bash.py
[2026-04-09T00:42:52.810+0000] {processor.py:914} INFO - Processing file /opt/airflow/dags/01_basics_bash.py for tasks to queue
[2026-04-09T00:42:52.813+0000] {logging_mixin.py:190} INFO - [2026-04-09T00:42:52.812+0000] {dagbag.py:587} INFO - Filling up the DagBag from /opt/airflow/dags/01_basics_bash.py
[2026-04-09T00:42:52.824+0000] {processor.py:925} INFO - DAG(s) '01_basics_bash' retrieved from /opt/airflow/dags/01_basics_bash.py
[2026-04-09T00:42:52.837+0000] {logging_mixin.py:190} INFO - [2026-04-09T00:42:52.837+0000] {dag.py:3211} INFO - Sync 1 DAGs
[2026-04-09T00:42:52.851+0000] {logging_mixin.py:190} INFO - [2026-04-09T00:42:52.851+0000] {dag.py:4138} INFO - Setting next_dagrun for 01_basics_bash to 2026-04-09 00:00:00+00:00, run_after=2026-04-10 00:00:00+00:00
[2026-04-09T00:42:52.861+0000] {processor.py:208} INFO - Processing /opt/airflow/dags/01_basics_bash.py took 0.056 seconds
[2026-04-09T00:43:23.562+0000] {processor.py:186} INFO - Started process (PID=1515) to work on /opt/airflow/dags/01_basics_bash.py
[2026-04-09T00:43:23.563+0000] {processor.py:914} INFO - Processing file /opt/airflow/dags/01_basics_bash.py for tasks to queue
[2026-04-09T00:43:23.566+0000] {logging_mixin.py:190} INFO - [2026-04-09T00:43:23.566+0000] {dagbag.py:587} INFO - Filling up the DagBag from /opt/airflow/dags/01_basics_bash.py
[2026-04-09T00:43:23.578+0000] {processor.py:925} INFO - DAG(s) '01_basics_bash' retrieved from /opt/airflow/dags/01_basics_bash.py
[2026-04-09T00:43:23.591+0000] {logging_mixin.py:190} INFO - [2026-04-09T00:43:23.591+0000] {dag.py:3211} INFO - Sync 1 DAGs
[2026-04-09T00:43:23.602+0000] {logging_mixin.py:190} INFO - [2026-04-09T00:43:23.602+0000] {dag.py:4138} INFO - Setting next_dagrun for 01_basics_bash to 2026-04-09 00:00:00+00:00, run_after=2026-04-10 00:00:00+00:00
[2026-04-09T00:43:23.611+0000] {processor.py:208} INFO - Processing /opt/airflow/dags/01_basics_bash.py took 0.055 seconds
[2026-04-09T00:43:54.363+0000] {processor.py:186} INFO - Started process (PID=1579) to work on /opt/airflow/dags/01_basics_bash.py
[2026-04-09T00:43:54.364+0000] {processor.py:914} INFO - Processing file /opt/airflow/dags/01_basics_bash.py for tasks to queue
[2026-04-09T00:43:54.366+0000] {logging_mixin.py:190} INFO - [2026-04-09T00:43:54.365+0000] {dagbag.py:587} INFO - Filling up the DagBag from /opt/airflow/dags/01_basics_bash.py
[2026-04-09T00:43:54.376+0000] {processor.py:925} INFO - DAG(s) '01_basics_bash' retrieved from /opt/airflow/dags/01_basics_bash.py
[2026-04-09T00:43:54.387+0000] {logging_mixin.py:190} INFO - [2026-04-09T00:43:54.387+0000] {dag.py:3211} INFO - Sync 1 DAGs
[2026-04-09T00:43:54.401+0000] {logging_mixin.py:190} INFO - [2026-04-09T00:43:54.401+0000] {dag.py:4138} INFO - Setting next_dagrun for 01_basics_bash to 2026-04-09 00:00:00+00:00, run_after=2026-04-10 00:00:00+00:00
[2026-04-09T00:43:54.410+0000] {processor.py:208} INFO - Processing /opt/airflow/dags/01_basics_bash.py took 0.052 seconds
[2026-04-09T00:44:25.146+0000] {processor.py:186} INFO - Started process (PID=1643) to work on /opt/airflow/dags/01_basics_bash.py
[2026-04-09T00:44:25.146+0000] {processor.py:914} INFO - Processing file /opt/airflow/dags/01_basics_bash.py for tasks to queue
[2026-04-09T00:44:25.149+0000] {logging_mixin.py:190} INFO - [2026-04-09T00:44:25.149+0000] {dagbag.py:587} INFO - Filling up the DagBag from /opt/airflow/dags/01_basics_bash.py
[2026-04-09T00:44:25.159+0000] {processor.py:925} INFO - DAG(s) '01_basics_bash' retrieved from /opt/airflow/dags/01_basics_bash.py
[2026-04-09T00:44:25.170+0000] {logging_mixin.py:190} INFO - [2026-04-09T00:44:25.170+0000] {dag.py:3211} INFO - Sync 1 DAGs
[2026-04-09T00:44:25.184+0000] {logging_mixin.py:190} INFO - [2026-04-09T00:44:25.184+0000] {dag.py:4138} INFO - Setting next_dagrun for 01_basics_bash to 2026-04-09 00:00:00+00:00, run_after=2026-04-10 00:00:00+00:00
[2026-04-09T00:44:25.193+0000] {processor.py:208} INFO - Processing /opt/airflow/dags/01_basics_bash.py took 0.051 seconds
[2026-04-09T00:44:55.945+0000] {processor.py:186} INFO - Started process (PID=1707) to work on /opt/airflow/dags/01_basics_bash.py
[2026-04-09T00:44:55.947+0000] {processor.py:914} INFO - Processing file /opt/airflow/dags/01_basics_bash.py for tasks to queue
[2026-04-09T00:44:55.949+0000] {logging_mixin.py:190} INFO - [2026-04-09T00:44:55.949+0000] {dagbag.py:587} INFO - Filling up the DagBag from /opt/airflow/dags/01_basics_bash.py
[2026-04-09T00:44:55.956+0000] {processor.py:925} INFO - DAG(s) '01_basics_bash' retrieved from /opt/airflow/dags/01_basics_bash.py
[2026-04-09T00:44:55.973+0000] {logging_mixin.py:190} INFO - [2026-04-09T00:44:55.973+0000] {dag.py:3211} INFO - Sync 1 DAGs
[2026-04-09T00:44:55.985+0000] {logging_mixin.py:190} INFO - [2026-04-09T00:44:55.985+0000] {dag.py:4138} INFO - Setting next_dagrun for 01_basics_bash to 2026-04-09 00:00:00+00:00, run_after=2026-04-10 00:00:00+00:00
[2026-04-09T00:44:55.994+0000] {processor.py:208} INFO - Processing /opt/airflow/dags/01_basics_bash.py took 0.054 seconds
[2026-04-09T00:45:26.890+0000] {processor.py:186} INFO - Started process (PID=1770) to work on /opt/airflow/dags/01_basics_bash.py
[2026-04-09T00:45:26.892+0000] {processor.py:914} INFO - Processing file /opt/airflow/dags/01_basics_bash.py for tasks to queue
[2026-04-09T00:45:26.894+0000] {logging_mixin.py:190} INFO - [2026-04-09T00:45:26.894+0000] {dagbag.py:587} INFO - Filling up the DagBag from /opt/airflow/dags/01_basics_bash.py
[2026-04-09T00:45:26.905+0000] {processor.py:925} INFO - DAG(s) '01_basics_bash' retrieved from /opt/airflow/dags/01_basics_bash.py
[2026-04-09T00:45:26.917+0000] {logging_mixin.py:190} INFO - [2026-04-09T00:45:26.917+0000] {dag.py:3211} INFO - Sync 1 DAGs
[2026-04-09T00:45:26.930+0000] {logging_mixin.py:190} INFO - [2026-04-09T00:45:26.930+0000] {dag.py:4138} INFO - Setting next_dagrun for 01_basics_bash to 2026-04-09 00:00:00+00:00, run_after=2026-04-10 00:00:00+00:00
[2026-04-09T00:45:26.940+0000] {processor.py:208} INFO - Processing /opt/airflow/dags/01_basics_bash.py took 0.056 seconds
[2026-04-09T00:45:57.876+0000] {processor.py:186} INFO - Started process (PID=1834) to work on /opt/airflow/dags/01_basics_bash.py
[2026-04-09T00:45:57.877+0000] {processor.py:914} INFO - Processing file /opt/airflow/dags/01_basics_bash.py for tasks to queue
[2026-04-09T00:45:57.880+0000] {logging_mixin.py:190} INFO - [2026-04-09T00:45:57.880+0000] {dagbag.py:587} INFO - Filling up the DagBag from /opt/airflow/dags/01_basics_bash.py
[2026-04-09T00:45:57.892+0000] {processor.py:925} INFO - DAG(s) '01_basics_bash' retrieved from /opt/airflow/dags/01_basics_bash.py
[2026-04-09T00:45:57.906+0000] {logging_mixin.py:190} INFO - [2026-04-09T00:45:57.906+0000] {dag.py:3211} INFO - Sync 1 DAGs
[2026-04-09T00:45:57.918+0000] {logging_mixin.py:190} INFO - [2026-04-09T00:45:57.918+0000] {dag.py:4138} INFO - Setting next_dagrun for 01_basics_bash to 2026-04-09 00:00:00+00:00, run_after=2026-04-10 00:00:00+00:00
[2026-04-09T00:45:57.926+0000] {processor.py:208} INFO - Processing /opt/airflow/dags/01_basics_bash.py took 0.056 seconds
[2026-04-09T00:46:28.797+0000] {processor.py:186} INFO - Started process (PID=1898) to work on /opt/airflow/dags/01_basics_bash.py
[2026-04-09T00:46:28.798+0000] {processor.py:914} INFO - Processing file /opt/airflow/dags/01_basics_bash.py for tasks to queue
[2026-04-09T00:46:28.799+0000] {logging_mixin.py:190} INFO - [2026-04-09T00:46:28.799+0000] {dagbag.py:587} INFO - Filling up the DagBag from /opt/airflow/dags/01_basics_bash.py
[2026-04-09T00:46:28.810+0000] {processor.py:925} INFO - DAG(s) '01_basics_bash' retrieved from /opt/airflow/dags/01_basics_bash.py
[2026-04-09T00:46:28.823+0000] {logging_mixin.py:190} INFO - [2026-04-09T00:46:28.823+0000] {dag.py:3211} INFO - Sync 1 DAGs
[2026-04-09T00:46:28.836+0000] {logging_mixin.py:190} INFO - [2026-04-09T00:46:28.836+0000] {dag.py:4138} INFO - Setting next_dagrun for 01_basics_bash to 2026-04-09 00:00:00+00:00, run_after=2026-04-10 00:00:00+00:00
[2026-04-09T00:46:28.846+0000] {processor.py:208} INFO - Processing /opt/airflow/dags/01_basics_bash.py took 0.056 seconds
[2026-04-09T00:46:59.672+0000] {processor.py:186} INFO - Started process (PID=1962) to work on /opt/airflow/dags/01_basics_bash.py
[2026-04-09T00:46:59.673+0000] {processor.py:914} INFO - Processing file /opt/airflow/dags/01_basics_bash.py for tasks to queue
[2026-04-09T00:46:59.676+0000] {logging_mixin.py:190} INFO - [2026-04-09T00:46:59.676+0000] {dagbag.py:587} INFO - Filling up the DagBag from /opt/airflow/dags/01_basics_bash.py
[2026-04-09T00:46:59.689+0000] {processor.py:925} INFO - DAG(s) '01_basics_bash' retrieved from /opt/airflow/dags/01_basics_bash.py
[2026-04-09T00:46:59.706+0000] {logging_mixin.py:190} INFO - [2026-04-09T00:46:59.706+0000] {dag.py:3211} INFO - Sync 1 DAGs
[2026-04-09T00:46:59.721+0000] {logging_mixin.py:190} INFO - [2026-04-09T00:46:59.721+0000] {dag.py:4138} INFO - Setting next_dagrun for 01_basics_bash to 2026-04-09 00:00:00+00:00, run_after=2026-04-10 00:00:00+00:00
[2026-04-09T00:46:59.733+0000] {processor.py:208} INFO - Processing /opt/airflow/dags/01_basics_bash.py took 0.066 seconds
[2026-04-09T00:47:30.560+0000] {processor.py:186} INFO - Started process (PID=2026) to work on /opt/airflow/dags/01_basics_bash.py
[2026-04-09T00:47:30.561+0000] {processor.py:914} INFO - Processing file /opt/airflow/dags/01_basics_bash.py for tasks to queue
[2026-04-09T00:47:30.562+0000] {logging_mixin.py:190} INFO - [2026-04-09T00:47:30.562+0000] {dagbag.py:587} INFO - Filling up the DagBag from /opt/airflow/dags/01_basics_bash.py
[2026-04-09T00:47:30.569+0000] {processor.py:925} INFO - DAG(s) '01_basics_bash' retrieved from /opt/airflow/dags/01_basics_bash.py
[2026-04-09T00:47:30.580+0000] {logging_mixin.py:190} INFO - [2026-04-09T00:47:30.580+0000] {dag.py:3211} INFO - Sync 1 DAGs
[2026-04-09T00:47:30.590+0000] {logging_mixin.py:190} INFO - [2026-04-09T00:47:30.590+0000] {dag.py:4138} INFO - Setting next_dagrun for 01_basics_bash to 2026-04-09 00:00:00+00:00, run_after=2026-04-10 00:00:00+00:00
[2026-04-09T00:47:30.597+0000] {processor.py:208} INFO - Processing /opt/airflow/dags/01_basics_bash.py took 0.041 seconds
[2026-04-09T00:48:01.460+0000] {processor.py:186} INFO - Started process (PID=2090) to work on /opt/airflow/dags/01_basics_bash.py
[2026-04-09T00:48:01.461+0000] {processor.py:914} INFO - Processing file /opt/airflow/dags/01_basics_bash.py for tasks to queue
[2026-04-09T00:48:01.463+0000] {logging_mixin.py:190} INFO - [2026-04-09T00:48:01.462+0000] {dagbag.py:587} INFO - Filling up the DagBag from /opt/airflow/dags/01_basics_bash.py
[2026-04-09T00:48:01.471+0000] {processor.py:925} INFO - DAG(s) '01_basics_bash' retrieved from /opt/airflow/dags/01_basics_bash.py
[2026-04-09T00:48:01.484+0000] {logging_mixin.py:190} INFO - [2026-04-09T00:48:01.484+0000] {dag.py:3211} INFO - Sync 1 DAGs
[2026-04-09T00:48:01.494+0000] {logging_mixin.py:190} INFO - [2026-04-09T00:48:01.493+0000] {dag.py:4138} INFO - Setting next_dagrun for 01_basics_bash to 2026-04-09 00:00:00+00:00, run_after=2026-04-10 00:00:00+00:00
[2026-04-09T00:48:01.500+0000] {processor.py:208} INFO - Processing /opt/airflow/dags/01_basics_bash.py took 0.045 seconds
[2026-04-09T00:48:32.341+0000] {processor.py:186} INFO - Started process (PID=2154) to work on /opt/airflow/dags/01_basics_bash.py
[2026-04-09T00:48:32.342+0000] {processor.py:914} INFO - Processing file /opt/airflow/dags/01_basics_bash.py for tasks to queue
[2026-04-09T00:48:32.345+0000] {logging_mixin.py:190} INFO - [2026-04-09T00:48:32.345+0000] {dagbag.py:587} INFO - Filling up the DagBag from /opt/airflow/dags/01_basics_bash.py
[2026-04-09T00:48:32.357+0000] {processor.py:925} INFO - DAG(s) '01_basics_bash' retrieved from /opt/airflow/dags/01_basics_bash.py
[2026-04-09T00:48:32.373+0000] {logging_mixin.py:190} INFO - [2026-04-09T00:48:32.373+0000] {dag.py:3211} INFO - Sync 1 DAGs
[2026-04-09T00:48:32.385+0000] {logging_mixin.py:190} INFO - [2026-04-09T00:48:32.385+0000] {dag.py:4138} INFO - Setting next_dagrun for 01_basics_bash to 2026-04-09 00:00:00+00:00, run_after=2026-04-10 00:00:00+00:00
[2026-04-09T00:48:32.391+0000] {processor.py:208} INFO - Processing /opt/airflow/dags/01_basics_bash.py took 0.057 seconds
[2026-04-09T00:49:03.231+0000] {processor.py:186} INFO - Started process (PID=2218) to work on /opt/airflow/dags/01_basics_bash.py
[2026-04-09T00:49:03.232+0000] {processor.py:914} INFO - Processing file /opt/airflow/dags/01_basics_bash.py for tasks to queue
[2026-04-09T00:49:03.234+0000] {logging_mixin.py:190} INFO - [2026-04-09T00:49:03.234+0000] {dagbag.py:587} INFO - Filling up the DagBag from /opt/airflow/dags/01_basics_bash.py
[2026-04-09T00:49:03.242+0000] {processor.py:925} INFO - DAG(s) '01_basics_bash' retrieved from /opt/airflow/dags/01_basics_bash.py
[2026-04-09T00:49:03.256+0000] {logging_mixin.py:190} INFO - [2026-04-09T00:49:03.255+0000] {dag.py:3211} INFO - Sync 1 DAGs
[2026-04-09T00:49:03.267+0000] {logging_mixin.py:190} INFO - [2026-04-09T00:49:03.266+0000] {dag.py:4138} INFO - Setting next_dagrun for 01_basics_bash to 2026-04-09 00:00:00+00:00, run_after=2026-04-10 00:00:00+00:00
[2026-04-09T00:49:03.273+0000] {processor.py:208} INFO - Processing /opt/airflow/dags/01_basics_bash.py took 0.050 seconds
[2026-04-09T00:49:34.184+0000] {processor.py:186} INFO - Started process (PID=2282) to work on /opt/airflow/dags/01_basics_bash.py
[2026-04-09T00:49:34.185+0000] {processor.py:914} INFO - Processing file /opt/airflow/dags/01_basics_bash.py for tasks to queue
[2026-04-09T00:49:34.187+0000] {logging_mixin.py:190} INFO - [2026-04-09T00:49:34.186+0000] {dagbag.py:587} INFO - Filling up the DagBag from /opt/airflow/dags/01_basics_bash.py
[2026-04-09T00:49:34.197+0000] {processor.py:925} INFO - DAG(s) '01_basics_bash' retrieved from /opt/airflow/dags/01_basics_bash.py
[2026-04-09T00:49:34.208+0000] {logging_mixin.py:190} INFO - [2026-04-09T00:49:34.208+0000] {dag.py:3211} INFO - Sync 1 DAGs
[2026-04-09T00:49:34.218+0000] {logging_mixin.py:190} INFO - [2026-04-09T00:49:34.218+0000] {dag.py:4138} INFO - Setting next_dagrun for 01_basics_bash to 2026-04-09 00:00:00+00:00, run_after=2026-04-10 00:00:00+00:00
[2026-04-09T00:49:34.224+0000] {processor.py:208} INFO - Processing /opt/airflow/dags/01_basics_bash.py took 0.048 seconds
[2026-04-09T00:50:04.263+0000] {processor.py:186} INFO - Started process (PID=2346) to work on /opt/airflow/dags/01_basics_bash.py
[2026-04-09T00:50:04.263+0000] {processor.py:914} INFO - Processing file /opt/airflow/dags/01_basics_bash.py for tasks to queue
[2026-04-09T00:50:04.264+0000] {logging_mixin.py:190} INFO - [2026-04-09T00:50:04.264+0000] {dagbag.py:587} INFO - Filling up the DagBag from /opt/airflow/dags/01_basics_bash.py
[2026-04-09T00:50:04.269+0000] {processor.py:925} INFO - DAG(s) '01_basics_bash' retrieved from /opt/airflow/dags/01_basics_bash.py
[2026-04-09T00:50:04.277+0000] {logging_mixin.py:190} INFO - [2026-04-09T00:50:04.277+0000] {dag.py:3211} INFO - Sync 1 DAGs
[2026-04-09T00:50:04.286+0000] {logging_mixin.py:190} INFO - [2026-04-09T00:50:04.286+0000] {dag.py:4138} INFO - Setting next_dagrun for 01_basics_bash to 2026-04-09 00:00:00+00:00, run_after=2026-04-10 00:00:00+00:00
[2026-04-09T00:50:04.291+0000] {processor.py:208} INFO - Processing /opt/airflow/dags/01_basics_bash.py took 0.035 seconds
[2026-04-09T00:50:34.390+0000] {processor.py:186} INFO - Started process (PID=2411) to work on /opt/airflow/dags/01_basics_bash.py
[2026-04-09T00:50:34.391+0000] {processor.py:914} INFO - Processing file /opt/airflow/dags/01_basics_bash.py for tasks to queue
[2026-04-09T00:50:34.393+0000] {logging_mixin.py:190} INFO - [2026-04-09T00:50:34.392+0000] {dagbag.py:587} INFO - Filling up the DagBag from /opt/airflow/dags/01_basics_bash.py
[2026-04-09T00:50:34.401+0000] {processor.py:925} INFO - DAG(s) '01_basics_bash' retrieved from /opt/airflow/dags/01_basics_bash.py
[2026-04-09T00:50:34.413+0000] {logging_mixin.py:190} INFO - [2026-04-09T00:50:34.413+0000] {dag.py:3211} INFO - Sync 1 DAGs
[2026-04-09T00:50:34.424+0000] {logging_mixin.py:190} INFO - [2026-04-09T00:50:34.424+0000] {dag.py:4138} INFO - Setting next_dagrun for 01_basics_bash to 2026-04-09 00:00:00+00:00, run_after=2026-04-10 00:00:00+00:00
[2026-04-09T00:50:34.430+0000] {processor.py:208} INFO - Processing /opt/airflow/dags/01_basics_bash.py took 0.047 seconds
[2026-04-09T00:51:05.392+0000] {processor.py:186} INFO - Started process (PID=2476) to work on /opt/airflow/dags/01_basics_bash.py
[2026-04-09T00:51:05.393+0000] {processor.py:914} INFO - Processing file /opt/airflow/dags/01_basics_bash.py for tasks to queue
[2026-04-09T00:51:05.395+0000] {logging_mixin.py:190} INFO - [2026-04-09T00:51:05.394+0000] {dagbag.py:587} INFO - Filling up the DagBag from /opt/airflow/dags/01_basics_bash.py
[2026-04-09T00:51:05.403+0000] {processor.py:925} INFO - DAG(s) '01_basics_bash' retrieved from /opt/airflow/dags/01_basics_bash.py
[2026-04-09T00:51:05.418+0000] {logging_mixin.py:190} INFO - [2026-04-09T00:51:05.417+0000] {dag.py:3211} INFO - Sync 1 DAGs
[2026-04-09T00:51:05.427+0000] {logging_mixin.py:190} INFO - [2026-04-09T00:51:05.427+0000] {dag.py:4138} INFO - Setting next_dagrun for 01_basics_bash to 2026-04-09 00:00:00+00:00, run_after=2026-04-10 00:00:00+00:00
[2026-04-09T00:51:05.434+0000] {processor.py:208} INFO - Processing /opt/airflow/dags/01_basics_bash.py took 0.048 seconds
[2026-04-09T00:51:36.340+0000] {processor.py:186} INFO - Started process (PID=2540) to work on /opt/airflow/dags/01_basics_bash.py
[2026-04-09T00:51:36.341+0000] {processor.py:914} INFO - Processing file /opt/airflow/dags/01_basics_bash.py for tasks to queue
[2026-04-09T00:51:36.343+0000] {logging_mixin.py:190} INFO - [2026-04-09T00:51:36.343+0000] {dagbag.py:587} INFO - Filling up the DagBag from /opt/airflow/dags/01_basics_bash.py
[2026-04-09T00:51:36.350+0000] {processor.py:925} INFO - DAG(s) '01_basics_bash' retrieved from /opt/airflow/dags/01_basics_bash.py
[2026-04-09T00:51:36.362+0000] {logging_mixin.py:190} INFO - [2026-04-09T00:51:36.362+0000] {dag.py:3211} INFO - Sync 1 DAGs
[2026-04-09T00:51:36.371+0000] {logging_mixin.py:190} INFO - [2026-04-09T00:51:36.371+0000] {dag.py:4138} INFO - Setting next_dagrun for 01_basics_bash to 2026-04-09 00:00:00+00:00, run_after=2026-04-10 00:00:00+00:00
[2026-04-09T00:51:36.377+0000] {processor.py:208} INFO - Processing /opt/airflow/dags/01_basics_bash.py took 0.041 seconds
[2026-04-09T00:52:07.288+0000] {processor.py:186} INFO - Started process (PID=2604) to work on /opt/airflow/dags/01_basics_bash.py
[2026-04-09T00:52:07.289+0000] {processor.py:914} INFO - Processing file /opt/airflow/dags/01_basics_bash.py for tasks to queue
[2026-04-09T00:52:07.291+0000] {logging_mixin.py:190} INFO - [2026-04-09T00:52:07.291+0000] {dagbag.py:587} INFO - Filling up the DagBag from /opt/airflow/dags/01_basics_bash.py
[2026-04-09T00:52:07.297+0000] {processor.py:925} INFO - DAG(s) '01_basics_bash' retrieved from /opt/airflow/dags/01_basics_bash.py
[2026-04-09T00:52:07.308+0000] {logging_mixin.py:190} INFO - [2026-04-09T00:52:07.308+0000] {dag.py:3211} INFO - Sync 1 DAGs
[2026-04-09T00:52:07.319+0000] {logging_mixin.py:190} INFO - [2026-04-09T00:52:07.319+0000] {dag.py:4138} INFO - Setting next_dagrun for 01_basics_bash to 2026-04-09 00:00:00+00:00, run_after=2026-04-10 00:00:00+00:00
[2026-04-09T00:52:07.326+0000] {processor.py:208} INFO - Processing /opt/airflow/dags/01_basics_bash.py took 0.050 seconds
[2026-04-09T00:52:38.241+0000] {processor.py:186} INFO - Started process (PID=2668) to work on /opt/airflow/dags/01_basics_bash.py
[2026-04-09T00:52:38.241+0000] {processor.py:914} INFO - Processing file /opt/airflow/dags/01_basics_bash.py for tasks to queue
[2026-04-09T00:52:38.243+0000] {logging_mixin.py:190} INFO - [2026-04-09T00:52:38.243+0000] {dagbag.py:587} INFO - Filling up the DagBag from /opt/airflow/dags/01_basics_bash.py
[2026-04-09T00:52:38.250+0000] {processor.py:925} INFO - DAG(s) '01_basics_bash' retrieved from /opt/airflow/dags/01_basics_bash.py
[2026-04-09T00:52:38.260+0000] {logging_mixin.py:190} INFO - [2026-04-09T00:52:38.259+0000] {dag.py:3211} INFO - Sync 1 DAGs
[2026-04-09T00:52:38.271+0000] {logging_mixin.py:190} INFO - [2026-04-09T00:52:38.270+0000] {dag.py:4138} INFO - Setting next_dagrun for 01_basics_bash to 2026-04-09 00:00:00+00:00, run_after=2026-04-10 00:00:00+00:00
[2026-04-09T00:52:38.277+0000] {processor.py:208} INFO - Processing /opt/airflow/dags/01_basics_bash.py took 0.041 seconds
[2026-04-09T00:53:09.183+0000] {processor.py:186} INFO - Started process (PID=2732) to work on /opt/airflow/dags/01_basics_bash.py
[2026-04-09T00:53:09.184+0000] {processor.py:914} INFO - Processing file /opt/airflow/dags/01_basics_bash.py for tasks to queue
[2026-04-09T00:53:09.186+0000] {logging_mixin.py:190} INFO - [2026-04-09T00:53:09.185+0000] {dagbag.py:587} INFO - Filling up the DagBag from /opt/airflow/dags/01_basics_bash.py
[2026-04-09T00:53:09.201+0000] {processor.py:925} INFO - DAG(s) '01_basics_bash' retrieved from /opt/airflow/dags/01_basics_bash.py
[2026-04-09T00:53:09.213+0000] {logging_mixin.py:190} INFO - [2026-04-09T00:53:09.213+0000] {dag.py:3211} INFO - Sync 1 DAGs
[2026-04-09T00:53:09.223+0000] {logging_mixin.py:190} INFO - [2026-04-09T00:53:09.223+0000] {dag.py:4138} INFO - Setting next_dagrun for 01_basics_bash to 2026-04-09 00:00:00+00:00, run_after=2026-04-10 00:00:00+00:00
[2026-04-09T00:53:09.230+0000] {processor.py:208} INFO - Processing /opt/airflow/dags/01_basics_bash.py took 0.055 seconds
[2026-04-09T00:53:39.301+0000] {processor.py:186} INFO - Started process (PID=2796) to work on /opt/airflow/dags/01_basics_bash.py
[2026-04-09T00:53:39.302+0000] {processor.py:914} INFO - Processing file /opt/airflow/dags/01_basics_bash.py for tasks to queue
[2026-04-09T00:53:39.305+0000] {logging_mixin.py:190} INFO - [2026-04-09T00:53:39.305+0000] {dagbag.py:587} INFO - Filling up the DagBag from /opt/airflow/dags/01_basics_bash.py
[2026-04-09T00:53:39.315+0000] {processor.py:925} INFO - DAG(s) '01_basics_bash' retrieved from /opt/airflow/dags/01_basics_bash.py
[2026-04-09T00:53:39.329+0000] {logging_mixin.py:190} INFO - [2026-04-09T00:53:39.329+0000] {dag.py:3211} INFO - Sync 1 DAGs
[2026-04-09T00:53:39.339+0000] {logging_mixin.py:190} INFO - [2026-04-09T00:53:39.339+0000] {dag.py:4138} INFO - Setting next_dagrun for 01_basics_bash to 2026-04-09 00:00:00+00:00, run_after=2026-04-10 00:00:00+00:00
[2026-04-09T00:53:39.345+0000] {processor.py:208} INFO - Processing /opt/airflow/dags/01_basics_bash.py took 0.050 seconds
[2026-04-09T00:54:10.206+0000] {processor.py:186} INFO - Started process (PID=2860) to work on /opt/airflow/dags/01_basics_bash.py
[2026-04-09T00:54:10.207+0000] {processor.py:914} INFO - Processing file /opt/airflow/dags/01_basics_bash.py for tasks to queue
[2026-04-09T00:54:10.209+0000] {logging_mixin.py:190} INFO - [2026-04-09T00:54:10.209+0000] {dagbag.py:587} INFO - Filling up the DagBag from /opt/airflow/dags/01_basics_bash.py
[2026-04-09T00:54:10.220+0000] {processor.py:925} INFO - DAG(s) '01_basics_bash' retrieved from /opt/airflow/dags/01_basics_bash.py
[2026-04-09T00:54:10.234+0000] {logging_mixin.py:190} INFO - [2026-04-09T00:54:10.234+0000] {dag.py:3211} INFO - Sync 1 DAGs
[2026-04-09T00:54:10.317+0000] {logging_mixin.py:190} INFO - [2026-04-09T00:54:10.317+0000] {dag.py:4138} INFO - Setting next_dagrun for 01_basics_bash to 2026-04-09 00:00:00+00:00, run_after=2026-04-10 00:00:00+00:00
[2026-04-09T00:54:10.322+0000] {processor.py:208} INFO - Processing /opt/airflow/dags/01_basics_bash.py took 0.123 seconds
[2026-04-09T00:54:40.439+0000] {processor.py:186} INFO - Started process (PID=2924) to work on /opt/airflow/dags/01_basics_bash.py
[2026-04-09T00:54:40.440+0000] {processor.py:914} INFO - Processing file /opt/airflow/dags/01_basics_bash.py for tasks to queue
[2026-04-09T00:54:40.442+0000] {logging_mixin.py:190} INFO - [2026-04-09T00:54:40.441+0000] {dagbag.py:587} INFO - Filling up the DagBag from /opt/airflow/dags/01_basics_bash.py
[2026-04-09T00:54:40.450+0000] {processor.py:925} INFO - DAG(s) '01_basics_bash' retrieved from /opt/airflow/dags/01_basics_bash.py
[2026-04-09T00:54:40.461+0000] {logging_mixin.py:190} INFO - [2026-04-09T00:54:40.460+0000] {dag.py:3211} INFO - Sync 1 DAGs
[2026-04-09T00:54:40.471+0000] {logging_mixin.py:190} INFO - [2026-04-09T00:54:40.470+0000] {dag.py:4138} INFO - Setting next_dagrun for 01_basics_bash to 2026-04-09 00:00:00+00:00, run_after=2026-04-10 00:00:00+00:00
[2026-04-09T00:54:40.559+0000] {processor.py:208} INFO - Processing /opt/airflow/dags/01_basics_bash.py took 0.126 seconds
[2026-04-09T00:55:10.833+0000] {processor.py:186} INFO - Started process (PID=2988) to work on /opt/airflow/dags/01_basics_bash.py
[2026-04-09T00:55:10.834+0000] {processor.py:914} INFO - Processing file /opt/airflow/dags/01_basics_bash.py for tasks to queue
[2026-04-09T00:55:10.836+0000] {logging_mixin.py:190} INFO - [2026-04-09T00:55:10.836+0000] {dagbag.py:587} INFO - Filling up the DagBag from /opt/airflow/dags/01_basics_bash.py
[2026-04-09T00:55:10.844+0000] {processor.py:925} INFO - DAG(s) '01_basics_bash' retrieved from /opt/airflow/dags/01_basics_bash.py
[2026-04-09T00:55:10.857+0000] {logging_mixin.py:190} INFO - [2026-04-09T00:55:10.857+0000] {dag.py:3211} INFO - Sync 1 DAGs
[2026-04-09T00:55:10.868+0000] {logging_mixin.py:190} INFO - [2026-04-09T00:55:10.868+0000] {dag.py:4138} INFO - Setting next_dagrun for 01_basics_bash to 2026-04-09 00:00:00+00:00, run_after=2026-04-10 00:00:00+00:00
[2026-04-09T00:55:10.950+0000] {processor.py:208} INFO - Processing /opt/airflow/dags/01_basics_bash.py took 0.123 seconds
[2026-04-09T00:55:41.759+0000] {processor.py:186} INFO - Started process (PID=3052) to work on /opt/airflow/dags/01_basics_bash.py
[2026-04-09T00:55:41.760+0000] {processor.py:914} INFO - Processing file /opt/airflow/dags/01_basics_bash.py for tasks to queue
[2026-04-09T00:55:41.763+0000] {logging_mixin.py:190} INFO - [2026-04-09T00:55:41.762+0000] {dagbag.py:587} INFO - Filling up the DagBag from /opt/airflow/dags/01_basics_bash.py
[2026-04-09T00:55:41.772+0000] {processor.py:925} INFO - DAG(s) '01_basics_bash' retrieved from /opt/airflow/dags/01_basics_bash.py
[2026-04-09T00:55:41.783+0000] {logging_mixin.py:190} INFO - [2026-04-09T00:55:41.782+0000] {dag.py:3211} INFO - Sync 1 DAGs
[2026-04-09T00:55:41.794+0000] {logging_mixin.py:190} INFO - [2026-04-09T00:55:41.793+0000] {dag.py:4138} INFO - Setting next_dagrun for 01_basics_bash to 2026-04-09 00:00:00+00:00, run_after=2026-04-10 00:00:00+00:00
[2026-04-09T00:55:41.802+0000] {processor.py:208} INFO - Processing /opt/airflow/dags/01_basics_bash.py took 0.050 seconds
[2026-04-09T00:56:12.550+0000] {processor.py:186} INFO - Started process (PID=3117) to work on /opt/airflow/dags/01_basics_bash.py
[2026-04-09T00:56:12.551+0000] {processor.py:914} INFO - Processing file /opt/airflow/dags/01_basics_bash.py for tasks to queue
[2026-04-09T00:56:12.552+0000] {logging_mixin.py:190} INFO - [2026-04-09T00:56:12.552+0000] {dagbag.py:587} INFO - Filling up the DagBag from /opt/airflow/dags/01_basics_bash.py
[2026-04-09T00:56:12.559+0000] {processor.py:925} INFO - DAG(s) '01_basics_bash' retrieved from /opt/airflow/dags/01_basics_bash.py
[2026-04-09T00:56:12.569+0000] {logging_mixin.py:190} INFO - [2026-04-09T00:56:12.569+0000] {dag.py:3211} INFO - Sync 1 DAGs
[2026-04-09T00:56:12.579+0000] {logging_mixin.py:190} INFO - [2026-04-09T00:56:12.579+0000] {dag.py:4138} INFO - Setting next_dagrun for 01_basics_bash to 2026-04-09 00:00:00+00:00, run_after=2026-04-10 00:00:00+00:00
[2026-04-09T00:56:12.586+0000] {processor.py:208} INFO - Processing /opt/airflow/dags/01_basics_bash.py took 0.041 seconds
[2026-04-09T00:56:43.366+0000] {processor.py:186} INFO - Started process (PID=3186) to work on /opt/airflow/dags/01_basics_bash.py
[2026-04-09T00:56:43.367+0000] {processor.py:914} INFO - Processing file /opt/airflow/dags/01_basics_bash.py for tasks to queue
[2026-04-09T00:56:43.370+0000] {logging_mixin.py:190} INFO - [2026-04-09T00:56:43.369+0000] {dagbag.py:587} INFO - Filling up the DagBag from /opt/airflow/dags/01_basics_bash.py
[2026-04-09T00:56:43.377+0000] {processor.py:925} INFO - DAG(s) '01_basics_bash' retrieved from /opt/airflow/dags/01_basics_bash.py
[2026-04-09T00:56:43.389+0000] {logging_mixin.py:190} INFO - [2026-04-09T00:56:43.389+0000] {dag.py:3211} INFO - Sync 1 DAGs
[2026-04-09T00:56:43.400+0000] {logging_mixin.py:190} INFO - [2026-04-09T00:56:43.400+0000] {dag.py:4138} INFO - Setting next_dagrun for 01_basics_bash to 2026-04-09 00:00:00+00:00, run_after=2026-04-10 00:00:00+00:00
[2026-04-09T00:56:43.407+0000] {processor.py:208} INFO - Processing /opt/airflow/dags/01_basics_bash.py took 0.047 seconds
[2026-04-09T00:57:14.149+0000] {processor.py:186} INFO - Started process (PID=3250) to work on /opt/airflow/dags/01_basics_bash.py
[2026-04-09T00:57:14.150+0000] {processor.py:914} INFO - Processing file /opt/airflow/dags/01_basics_bash.py for tasks to queue
[2026-04-09T00:57:14.152+0000] {logging_mixin.py:190} INFO - [2026-04-09T00:57:14.152+0000] {dagbag.py:587} INFO - Filling up the DagBag from /opt/airflow/dags/01_basics_bash.py
[2026-04-09T00:57:14.160+0000] {processor.py:925} INFO - DAG(s) '01_basics_bash' retrieved from /opt/airflow/dags/01_basics_bash.py
[2026-04-09T00:57:14.174+0000] {logging_mixin.py:190} INFO - [2026-04-09T00:57:14.174+0000] {dag.py:3211} INFO - Sync 1 DAGs
[2026-04-09T00:57:14.184+0000] {logging_mixin.py:190} INFO - [2026-04-09T00:57:14.184+0000] {dag.py:4138} INFO - Setting next_dagrun for 01_basics_bash to 2026-04-09 00:00:00+00:00, run_after=2026-04-10 00:00:00+00:00
[2026-04-09T00:57:14.191+0000] {processor.py:208} INFO - Processing /opt/airflow/dags/01_basics_bash.py took 0.048 seconds
[2026-04-09T00:57:44.995+0000] {processor.py:186} INFO - Started process (PID=3314) to work on /opt/airflow/dags/01_basics_bash.py
[2026-04-09T00:57:44.996+0000] {processor.py:914} INFO - Processing file /opt/airflow/dags/01_basics_bash.py for tasks to queue
[2026-04-09T00:57:44.999+0000] {logging_mixin.py:190} INFO - [2026-04-09T00:57:44.997+0000] {dagbag.py:587} INFO - Filling up the DagBag from /opt/airflow/dags/01_basics_bash.py
[2026-04-09T00:57:45.009+0000] {processor.py:925} INFO - DAG(s) '01_basics_bash' retrieved from /opt/airflow/dags/01_basics_bash.py
[2026-04-09T00:57:45.022+0000] {logging_mixin.py:190} INFO - [2026-04-09T00:57:45.021+0000] {dag.py:3211} INFO - Sync 1 DAGs
[2026-04-09T00:57:45.031+0000] {logging_mixin.py:190} INFO - [2026-04-09T00:57:45.031+0000] {dag.py:4138} INFO - Setting next_dagrun for 01_basics_bash to 2026-04-09 00:00:00+00:00, run_after=2026-04-10 00:00:00+00:00
[2026-04-09T00:57:45.038+0000] {processor.py:208} INFO - Processing /opt/airflow/dags/01_basics_bash.py took 0.049 seconds
[2026-04-09T00:58:15.795+0000] {processor.py:186} INFO - Started process (PID=3378) to work on /opt/airflow/dags/01_basics_bash.py
[2026-04-09T00:58:15.795+0000] {processor.py:914} INFO - Processing file /opt/airflow/dags/01_basics_bash.py for tasks to queue
[2026-04-09T00:58:15.797+0000] {logging_mixin.py:190} INFO - [2026-04-09T00:58:15.797+0000] {dagbag.py:587} INFO - Filling up the DagBag from /opt/airflow/dags/01_basics_bash.py
[2026-04-09T00:58:15.805+0000] {processor.py:925} INFO - DAG(s) '01_basics_bash' retrieved from /opt/airflow/dags/01_basics_bash.py
[2026-04-09T00:58:15.817+0000] {logging_mixin.py:190} INFO - [2026-04-09T00:58:15.817+0000] {dag.py:3211} INFO - Sync 1 DAGs
[2026-04-09T00:58:15.828+0000] {logging_mixin.py:190} INFO - [2026-04-09T00:58:15.828+0000] {dag.py:4138} INFO - Setting next_dagrun for 01_basics_bash to 2026-04-09 00:00:00+00:00, run_after=2026-04-10 00:00:00+00:00
[2026-04-09T00:58:15.834+0000] {processor.py:208} INFO - Processing /opt/airflow/dags/01_basics_bash.py took 0.046 seconds
[2026-04-09T00:58:46.637+0000] {processor.py:186} INFO - Started process (PID=3442) to work on /opt/airflow/dags/01_basics_bash.py
[2026-04-09T00:58:46.638+0000] {processor.py:914} INFO - Processing file /opt/airflow/dags/01_basics_bash.py for tasks to queue
[2026-04-09T00:58:46.641+0000] {logging_mixin.py:190} INFO - [2026-04-09T00:58:46.641+0000] {dagbag.py:587} INFO - Filling up the DagBag from /opt/airflow/dags/01_basics_bash.py
[2026-04-09T00:58:46.650+0000] {processor.py:925} INFO - DAG(s) '01_basics_bash' retrieved from /opt/airflow/dags/01_basics_bash.py
[2026-04-09T00:58:46.663+0000] {logging_mixin.py:190} INFO - [2026-04-09T00:58:46.662+0000] {dag.py:3211} INFO - Sync 1 DAGs
[2026-04-09T00:58:46.673+0000] {logging_mixin.py:190} INFO - [2026-04-09T00:58:46.673+0000] {dag.py:4138} INFO - Setting next_dagrun for 01_basics_bash to 2026-04-09 00:00:00+00:00, run_after=2026-04-10 00:00:00+00:00
[2026-04-09T00:58:46.679+0000] {processor.py:208} INFO - Processing /opt/airflow/dags/01_basics_bash.py took 0.049 seconds
[2026-04-09T00:59:17.465+0000] {processor.py:186} INFO - Started process (PID=3507) to work on /opt/airflow/dags/01_basics_bash.py
[2026-04-09T00:59:17.466+0000] {processor.py:914} INFO - Processing file /opt/airflow/dags/01_basics_bash.py for tasks to queue
[2026-04-09T00:59:17.469+0000] {logging_mixin.py:190} INFO - [2026-04-09T00:59:17.468+0000] {dagbag.py:587} INFO - Filling up the DagBag from /opt/airflow/dags/01_basics_bash.py
[2026-04-09T00:59:17.477+0000] {processor.py:925} INFO - DAG(s) '01_basics_bash' retrieved from /opt/airflow/dags/01_basics_bash.py
[2026-04-09T00:59:17.489+0000] {logging_mixin.py:190} INFO - [2026-04-09T00:59:17.489+0000] {dag.py:3211} INFO - Sync 1 DAGs
[2026-04-09T00:59:17.499+0000] {logging_mixin.py:190} INFO - [2026-04-09T00:59:17.499+0000] {dag.py:4138} INFO - Setting next_dagrun for 01_basics_bash to 2026-04-09 00:00:00+00:00, run_after=2026-04-10 00:00:00+00:00
[2026-04-09T00:59:17.505+0000] {processor.py:208} INFO - Processing /opt/airflow/dags/01_basics_bash.py took 0.047 seconds
[2026-04-09T00:59:48.290+0000] {processor.py:186} INFO - Started process (PID=3571) to work on /opt/airflow/dags/01_basics_bash.py
[2026-04-09T00:59:48.290+0000] {processor.py:914} INFO - Processing file /opt/airflow/dags/01_basics_bash.py for tasks to queue
[2026-04-09T00:59:48.292+0000] {logging_mixin.py:190} INFO - [2026-04-09T00:59:48.292+0000] {dagbag.py:587} INFO - Filling up the DagBag from /opt/airflow/dags/01_basics_bash.py
[2026-04-09T00:59:48.304+0000] {processor.py:925} INFO - DAG(s) '01_basics_bash' retrieved from /opt/airflow/dags/01_basics_bash.py
[2026-04-09T00:59:48.315+0000] {logging_mixin.py:190} INFO - [2026-04-09T00:59:48.315+0000] {dag.py:3211} INFO - Sync 1 DAGs
[2026-04-09T00:59:48.324+0000] {logging_mixin.py:190} INFO - [2026-04-09T00:59:48.324+0000] {dag.py:4138} INFO - Setting next_dagrun for 01_basics_bash to 2026-04-09 00:00:00+00:00, run_after=2026-04-10 00:00:00+00:00
[2026-04-09T00:59:48.330+0000] {processor.py:208} INFO - Processing /opt/airflow/dags/01_basics_bash.py took 0.047 seconds
[2026-04-09T01:00:19.136+0000] {processor.py:186} INFO - Started process (PID=3635) to work on /opt/airflow/dags/01_basics_bash.py
[2026-04-09T01:00:19.137+0000] {processor.py:914} INFO - Processing file /opt/airflow/dags/01_basics_bash.py for tasks to queue
[2026-04-09T01:00:19.140+0000] {logging_mixin.py:190} INFO - [2026-04-09T01:00:19.139+0000] {dagbag.py:587} INFO - Filling up the DagBag from /opt/airflow/dags/01_basics_bash.py
[2026-04-09T01:00:19.148+0000] {processor.py:925} INFO - DAG(s) '01_basics_bash' retrieved from /opt/airflow/dags/01_basics_bash.py
[2026-04-09T01:00:19.161+0000] {logging_mixin.py:190} INFO - [2026-04-09T01:00:19.161+0000] {dag.py:3211} INFO - Sync 1 DAGs
[2026-04-09T01:00:19.171+0000] {logging_mixin.py:190} INFO - [2026-04-09T01:00:19.171+0000] {dag.py:4138} INFO - Setting next_dagrun for 01_basics_bash to 2026-04-09 00:00:00+00:00, run_after=2026-04-10 00:00:00+00:00
[2026-04-09T01:00:19.177+0000] {processor.py:208} INFO - Processing /opt/airflow/dags/01_basics_bash.py took 0.047 seconds
[2026-04-09T01:00:49.944+0000] {processor.py:186} INFO - Started process (PID=3699) to work on /opt/airflow/dags/01_basics_bash.py
[2026-04-09T01:00:49.945+0000] {processor.py:914} INFO - Processing file /opt/airflow/dags/01_basics_bash.py for tasks to queue
[2026-04-09T01:00:49.947+0000] {logging_mixin.py:190} INFO - [2026-04-09T01:00:49.946+0000] {dagbag.py:587} INFO - Filling up the DagBag from /opt/airflow/dags/01_basics_bash.py
[2026-04-09T01:00:49.955+0000] {processor.py:925} INFO - DAG(s) '01_basics_bash' retrieved from /opt/airflow/dags/01_basics_bash.py
[2026-04-09T01:00:49.968+0000] {logging_mixin.py:190} INFO - [2026-04-09T01:00:49.968+0000] {dag.py:3211} INFO - Sync 1 DAGs
[2026-04-09T01:00:49.980+0000] {logging_mixin.py:190} INFO - [2026-04-09T01:00:49.980+0000] {dag.py:4138} INFO - Setting next_dagrun for 01_basics_bash to 2026-04-09 00:00:00+00:00, run_after=2026-04-10 00:00:00+00:00
[2026-04-09T01:00:49.986+0000] {processor.py:208} INFO - Processing /opt/airflow/dags/01_basics_bash.py took 0.050 seconds
[2026-04-09T01:02:02.885+0000] {processor.py:186} INFO - Started process (PID=3757) to work on /opt/airflow/dags/01_basics_bash.py
[2026-04-09T01:02:02.886+0000] {processor.py:914} INFO - Processing file /opt/airflow/dags/01_basics_bash.py for tasks to queue
[2026-04-09T01:02:02.890+0000] {logging_mixin.py:190} INFO - [2026-04-09T01:02:02.890+0000] {dagbag.py:587} INFO - Filling up the DagBag from /opt/airflow/dags/01_basics_bash.py
[2026-04-09T01:02:02.895+0000] {processor.py:925} INFO - DAG(s) '01_basics_bash' retrieved from /opt/airflow/dags/01_basics_bash.py
[2026-04-09T01:02:02.904+0000] {logging_mixin.py:190} INFO - [2026-04-09T01:02:02.904+0000] {dag.py:3211} INFO - Sync 1 DAGs
[2026-04-09T01:02:02.914+0000] {logging_mixin.py:190} INFO - [2026-04-09T01:02:02.914+0000] {dag.py:4138} INFO - Setting next_dagrun for 01_basics_bash to 2026-04-09 00:00:00+00:00, run_after=2026-04-10 00:00:00+00:00
[2026-04-09T01:02:02.924+0000] {processor.py:208} INFO - Processing /opt/airflow/dags/01_basics_bash.py took 0.041 seconds
[2026-04-09T01:04:51.371+0000] {processor.py:186} INFO - Started process (PID=3821) to work on /opt/airflow/dags/01_basics_bash.py
[2026-04-09T01:04:51.372+0000] {processor.py:914} INFO - Processing file /opt/airflow/dags/01_basics_bash.py for tasks to queue
[2026-04-09T01:04:51.373+0000] {logging_mixin.py:190} INFO - [2026-04-09T01:04:51.373+0000] {dagbag.py:587} INFO - Filling up the DagBag from /opt/airflow/dags/01_basics_bash.py
[2026-04-09T01:04:51.381+0000] {processor.py:925} INFO - DAG(s) '01_basics_bash' retrieved from /opt/airflow/dags/01_basics_bash.py
[2026-04-09T01:04:51.395+0000] {logging_mixin.py:190} INFO - [2026-04-09T01:04:51.395+0000] {dag.py:3211} INFO - Sync 1 DAGs
[2026-04-09T01:04:51.404+0000] {logging_mixin.py:190} INFO - [2026-04-09T01:04:51.404+0000] {dag.py:4138} INFO - Setting next_dagrun for 01_basics_bash to 2026-04-09 00:00:00+00:00, run_after=2026-04-10 00:00:00+00:00
[2026-04-09T01:04:51.415+0000] {processor.py:208} INFO - Processing /opt/airflow/dags/01_basics_bash.py took 0.047 seconds
[2026-04-09T01:05:22.125+0000] {processor.py:186} INFO - Started process (PID=3885) to work on /opt/airflow/dags/01_basics_bash.py
[2026-04-09T01:05:22.126+0000] {processor.py:914} INFO - Processing file /opt/airflow/dags/01_basics_bash.py for tasks to queue
[2026-04-09T01:05:22.129+0000] {logging_mixin.py:190} INFO - [2026-04-09T01:05:22.129+0000] {dagbag.py:587} INFO - Filling up the DagBag from /opt/airflow/dags/01_basics_bash.py
[2026-04-09T01:05:22.138+0000] {processor.py:925} INFO - DAG(s) '01_basics_bash' retrieved from /opt/airflow/dags/01_basics_bash.py
[2026-04-09T01:05:22.153+0000] {logging_mixin.py:190} INFO - [2026-04-09T01:05:22.153+0000] {dag.py:3211} INFO - Sync 1 DAGs
[2026-04-09T01:05:22.165+0000] {logging_mixin.py:190} INFO - [2026-04-09T01:05:22.165+0000] {dag.py:4138} INFO - Setting next_dagrun for 01_basics_bash to 2026-04-09 00:00:00+00:00, run_after=2026-04-10 00:00:00+00:00
[2026-04-09T01:05:22.175+0000] {processor.py:208} INFO - Processing /opt/airflow/dags/01_basics_bash.py took 0.054 seconds
[2026-04-09T01:08:08.856+0000] {processor.py:186} INFO - Started process (PID=3948) to work on /opt/airflow/dags/01_basics_bash.py
[2026-04-09T01:08:08.856+0000] {processor.py:914} INFO - Processing file /opt/airflow/dags/01_basics_bash.py for tasks to queue
[2026-04-09T01:08:08.858+0000] {logging_mixin.py:190} INFO - [2026-04-09T01:08:08.858+0000] {dagbag.py:587} INFO - Filling up the DagBag from /opt/airflow/dags/01_basics_bash.py
[2026-04-09T01:08:08.867+0000] {processor.py:925} INFO - DAG(s) '01_basics_bash' retrieved from /opt/airflow/dags/01_basics_bash.py
[2026-04-09T01:08:08.878+0000] {logging_mixin.py:190} INFO - [2026-04-09T01:08:08.878+0000] {dag.py:3211} INFO - Sync 1 DAGs
[2026-04-09T01:08:08.889+0000] {logging_mixin.py:190} INFO - [2026-04-09T01:08:08.889+0000] {dag.py:4138} INFO - Setting next_dagrun for 01_basics_bash to 2026-04-09 00:00:00+00:00, run_after=2026-04-10 00:00:00+00:00
[2026-04-09T01:08:08.899+0000] {processor.py:208} INFO - Processing /opt/airflow/dags/01_basics_bash.py took 0.046 seconds
[2026-04-09T01:08:39.715+0000] {processor.py:186} INFO - Started process (PID=4012) to work on /opt/airflow/dags/01_basics_bash.py
[2026-04-09T01:08:39.716+0000] {processor.py:914} INFO - Processing file /opt/airflow/dags/01_basics_bash.py for tasks to queue
[2026-04-09T01:08:39.718+0000] {logging_mixin.py:190} INFO - [2026-04-09T01:08:39.718+0000] {dagbag.py:587} INFO - Filling up the DagBag from /opt/airflow/dags/01_basics_bash.py
[2026-04-09T01:08:39.728+0000] {processor.py:925} INFO - DAG(s) '01_basics_bash' retrieved from /opt/airflow/dags/01_basics_bash.py
[2026-04-09T01:08:39.744+0000] {logging_mixin.py:190} INFO - [2026-04-09T01:08:39.744+0000] {dag.py:3211} INFO - Sync 1 DAGs
[2026-04-09T01:08:39.755+0000] {logging_mixin.py:190} INFO - [2026-04-09T01:08:39.755+0000] {dag.py:4138} INFO - Setting next_dagrun for 01_basics_bash to 2026-04-09 00:00:00+00:00, run_after=2026-04-10 00:00:00+00:00
[2026-04-09T01:08:39.762+0000] {processor.py:208} INFO - Processing /opt/airflow/dags/01_basics_bash.py took 0.054 seconds
[2026-04-09T01:09:28.171+0000] {processor.py:186} INFO - Started process (PID=4076) to work on /opt/airflow/dags/01_basics_bash.py
[2026-04-09T01:09:28.171+0000] {processor.py:914} INFO - Processing file /opt/airflow/dags/01_basics_bash.py for tasks to queue
[2026-04-09T01:09:28.173+0000] {logging_mixin.py:190} INFO - [2026-04-09T01:09:28.173+0000] {dagbag.py:587} INFO - Filling up the DagBag from /opt/airflow/dags/01_basics_bash.py
[2026-04-09T01:09:28.181+0000] {processor.py:925} INFO - DAG(s) '01_basics_bash' retrieved from /opt/airflow/dags/01_basics_bash.py
[2026-04-09T01:09:28.193+0000] {logging_mixin.py:190} INFO - [2026-04-09T01:09:28.192+0000] {dag.py:3211} INFO - Sync 1 DAGs
[2026-04-09T01:09:28.207+0000] {logging_mixin.py:190} INFO - [2026-04-09T01:09:28.207+0000] {dag.py:4138} INFO - Setting next_dagrun for 01_basics_bash to 2026-04-09 00:00:00+00:00, run_after=2026-04-10 00:00:00+00:00
[2026-04-09T01:09:28.219+0000] {processor.py:208} INFO - Processing /opt/airflow/dags/01_basics_bash.py took 0.052 seconds
[2026-04-09T01:09:59.097+0000] {processor.py:186} INFO - Started process (PID=4140) to work on /opt/airflow/dags/01_basics_bash.py
[2026-04-09T01:09:59.098+0000] {processor.py:914} INFO - Processing file /opt/airflow/dags/01_basics_bash.py for tasks to queue
[2026-04-09T01:09:59.102+0000] {logging_mixin.py:190} INFO - [2026-04-09T01:09:59.102+0000] {dagbag.py:587} INFO - Filling up the DagBag from /opt/airflow/dags/01_basics_bash.py
[2026-04-09T01:09:59.113+0000] {processor.py:925} INFO - DAG(s) '01_basics_bash' retrieved from /opt/airflow/dags/01_basics_bash.py
[2026-04-09T01:09:59.131+0000] {logging_mixin.py:190} INFO - [2026-04-09T01:09:59.131+0000] {dag.py:3211} INFO - Sync 1 DAGs
[2026-04-09T01:09:59.144+0000] {logging_mixin.py:190} INFO - [2026-04-09T01:09:59.144+0000] {dag.py:4138} INFO - Setting next_dagrun for 01_basics_bash to 2026-04-09 00:00:00+00:00, run_after=2026-04-10 00:00:00+00:00
[2026-04-09T01:09:59.151+0000] {processor.py:208} INFO - Processing /opt/airflow/dags/01_basics_bash.py took 0.059 seconds
[2026-04-09T01:10:29.991+0000] {processor.py:186} INFO - Started process (PID=4210) to work on /opt/airflow/dags/01_basics_bash.py
[2026-04-09T01:10:29.992+0000] {processor.py:914} INFO - Processing file /opt/airflow/dags/01_basics_bash.py for tasks to queue
[2026-04-09T01:10:29.994+0000] {logging_mixin.py:190} INFO - [2026-04-09T01:10:29.994+0000] {dagbag.py:587} INFO - Filling up the DagBag from /opt/airflow/dags/01_basics_bash.py
[2026-04-09T01:10:30.007+0000] {processor.py:925} INFO - DAG(s) '01_basics_bash' retrieved from /opt/airflow/dags/01_basics_bash.py
[2026-04-09T01:10:30.019+0000] {logging_mixin.py:190} INFO - [2026-04-09T01:10:30.019+0000] {dag.py:3211} INFO - Sync 1 DAGs
[2026-04-09T01:10:30.033+0000] {logging_mixin.py:190} INFO - [2026-04-09T01:10:30.033+0000] {dag.py:4138} INFO - Setting next_dagrun for 01_basics_bash to 2026-04-09 00:00:00+00:00, run_after=2026-04-10 00:00:00+00:00
[2026-04-09T01:10:30.043+0000] {processor.py:208} INFO - Processing /opt/airflow/dags/01_basics_bash.py took 0.056 seconds
[2026-04-09T01:11:00.850+0000] {processor.py:186} INFO - Started process (PID=4274) to work on /opt/airflow/dags/01_basics_bash.py
[2026-04-09T01:11:00.850+0000] {processor.py:914} INFO - Processing file /opt/airflow/dags/01_basics_bash.py for tasks to queue
[2026-04-09T01:11:00.853+0000] {logging_mixin.py:190} INFO - [2026-04-09T01:11:00.853+0000] {dagbag.py:587} INFO - Filling up the DagBag from /opt/airflow/dags/01_basics_bash.py
[2026-04-09T01:11:00.859+0000] {processor.py:925} INFO - DAG(s) '01_basics_bash' retrieved from /opt/airflow/dags/01_basics_bash.py
[2026-04-09T01:11:00.871+0000] {logging_mixin.py:190} INFO - [2026-04-09T01:11:00.871+0000] {dag.py:3211} INFO - Sync 1 DAGs
[2026-04-09T01:11:00.881+0000] {logging_mixin.py:190} INFO - [2026-04-09T01:11:00.881+0000] {dag.py:4138} INFO - Setting next_dagrun for 01_basics_bash to 2026-04-09 00:00:00+00:00, run_after=2026-04-10 00:00:00+00:00
[2026-04-09T01:11:00.890+0000] {processor.py:208} INFO - Processing /opt/airflow/dags/01_basics_bash.py took 0.043 seconds
[2026-04-09T01:11:31.667+0000] {processor.py:186} INFO - Started process (PID=4338) to work on /opt/airflow/dags/01_basics_bash.py
[2026-04-09T01:11:31.669+0000] {processor.py:914} INFO - Processing file /opt/airflow/dags/01_basics_bash.py for tasks to queue
[2026-04-09T01:11:31.671+0000] {logging_mixin.py:190} INFO - [2026-04-09T01:11:31.671+0000] {dagbag.py:587} INFO - Filling up the DagBag from /opt/airflow/dags/01_basics_bash.py
[2026-04-09T01:11:31.684+0000] {processor.py:925} INFO - DAG(s) '01_basics_bash' retrieved from /opt/airflow/dags/01_basics_bash.py
[2026-04-09T01:11:31.695+0000] {logging_mixin.py:190} INFO - [2026-04-09T01:11:31.694+0000] {dag.py:3211} INFO - Sync 1 DAGs
[2026-04-09T01:11:31.705+0000] {logging_mixin.py:190} INFO - [2026-04-09T01:11:31.705+0000] {dag.py:4138} INFO - Setting next_dagrun for 01_basics_bash to 2026-04-09 00:00:00+00:00, run_after=2026-04-10 00:00:00+00:00
[2026-04-09T01:11:31.716+0000] {processor.py:208} INFO - Processing /opt/airflow/dags/01_basics_bash.py took 0.053 seconds
[2026-04-09T01:12:02.416+0000] {processor.py:186} INFO - Started process (PID=4402) to work on /opt/airflow/dags/01_basics_bash.py
[2026-04-09T01:12:02.417+0000] {processor.py:914} INFO - Processing file /opt/airflow/dags/01_basics_bash.py for tasks to queue
[2026-04-09T01:12:02.420+0000] {logging_mixin.py:190} INFO - [2026-04-09T01:12:02.420+0000] {dagbag.py:587} INFO - Filling up the DagBag from /opt/airflow/dags/01_basics_bash.py
[2026-04-09T01:12:02.427+0000] {processor.py:925} INFO - DAG(s) '01_basics_bash' retrieved from /opt/airflow/dags/01_basics_bash.py
[2026-04-09T01:12:02.441+0000] {logging_mixin.py:190} INFO - [2026-04-09T01:12:02.441+0000] {dag.py:3211} INFO - Sync 1 DAGs
[2026-04-09T01:12:02.453+0000] {logging_mixin.py:190} INFO - [2026-04-09T01:12:02.453+0000] {dag.py:4138} INFO - Setting next_dagrun for 01_basics_bash to 2026-04-09 00:00:00+00:00, run_after=2026-04-10 00:00:00+00:00
[2026-04-09T01:12:02.462+0000] {processor.py:208} INFO - Processing /opt/airflow/dags/01_basics_bash.py took 0.050 seconds
[2026-04-09T01:12:33.176+0000] {processor.py:186} INFO - Started process (PID=4466) to work on /opt/airflow/dags/01_basics_bash.py
[2026-04-09T01:12:33.177+0000] {processor.py:914} INFO - Processing file /opt/airflow/dags/01_basics_bash.py for tasks to queue
[2026-04-09T01:12:33.181+0000] {logging_mixin.py:190} INFO - [2026-04-09T01:12:33.180+0000] {dagbag.py:587} INFO - Filling up the DagBag from /opt/airflow/dags/01_basics_bash.py
[2026-04-09T01:12:33.192+0000] {processor.py:925} INFO - DAG(s) '01_basics_bash' retrieved from /opt/airflow/dags/01_basics_bash.py
[2026-04-09T01:12:33.204+0000] {logging_mixin.py:190} INFO - [2026-04-09T01:12:33.204+0000] {dag.py:3211} INFO - Sync 1 DAGs
[2026-04-09T01:12:33.220+0000] {logging_mixin.py:190} INFO - [2026-04-09T01:12:33.220+0000] {dag.py:4138} INFO - Setting next_dagrun for 01_basics_bash to 2026-04-09 00:00:00+00:00, run_after=2026-04-10 00:00:00+00:00
[2026-04-09T01:12:33.229+0000] {processor.py:208} INFO - Processing /opt/airflow/dags/01_basics_bash.py took 0.058 seconds
[2026-04-09T01:13:03.897+0000] {processor.py:186} INFO - Started process (PID=4530) to work on /opt/airflow/dags/01_basics_bash.py
[2026-04-09T01:13:03.897+0000] {processor.py:914} INFO - Processing file /opt/airflow/dags/01_basics_bash.py for tasks to queue
[2026-04-09T01:13:03.900+0000] {logging_mixin.py:190} INFO - [2026-04-09T01:13:03.900+0000] {dagbag.py:587} INFO - Filling up the DagBag from /opt/airflow/dags/01_basics_bash.py
[2026-04-09T01:13:03.908+0000] {processor.py:925} INFO - DAG(s) '01_basics_bash' retrieved from /opt/airflow/dags/01_basics_bash.py
[2026-04-09T01:13:03.926+0000] {logging_mixin.py:190} INFO - [2026-04-09T01:13:03.926+0000] {dag.py:3211} INFO - Sync 1 DAGs
[2026-04-09T01:13:03.942+0000] {logging_mixin.py:190} INFO - [2026-04-09T01:13:03.942+0000] {dag.py:4138} INFO - Setting next_dagrun for 01_basics_bash to 2026-04-09 00:00:00+00:00, run_after=2026-04-10 00:00:00+00:00
[2026-04-09T01:13:03.952+0000] {processor.py:208} INFO - Processing /opt/airflow/dags/01_basics_bash.py took 0.058 seconds
[2026-04-09T01:13:34.676+0000] {processor.py:186} INFO - Started process (PID=4594) to work on /opt/airflow/dags/01_basics_bash.py
[2026-04-09T01:13:34.677+0000] {processor.py:914} INFO - Processing file /opt/airflow/dags/01_basics_bash.py for tasks to queue
[2026-04-09T01:13:34.681+0000] {logging_mixin.py:190} INFO - [2026-04-09T01:13:34.680+0000] {dagbag.py:587} INFO - Filling up the DagBag from /opt/airflow/dags/01_basics_bash.py
[2026-04-09T01:13:34.690+0000] {processor.py:925} INFO - DAG(s) '01_basics_bash' retrieved from /opt/airflow/dags/01_basics_bash.py
[2026-04-09T01:13:34.704+0000] {logging_mixin.py:190} INFO - [2026-04-09T01:13:34.704+0000] {dag.py:3211} INFO - Sync 1 DAGs
[2026-04-09T01:13:34.713+0000] {logging_mixin.py:190} INFO - [2026-04-09T01:13:34.713+0000] {dag.py:4138} INFO - Setting next_dagrun for 01_basics_bash to 2026-04-09 00:00:00+00:00, run_after=2026-04-10 00:00:00+00:00
[2026-04-09T01:13:34.722+0000] {processor.py:208} INFO - Processing /opt/airflow/dags/01_basics_bash.py took 0.052 seconds
[2026-04-09T01:14:05.433+0000] {processor.py:186} INFO - Started process (PID=4658) to work on /opt/airflow/dags/01_basics_bash.py
[2026-04-09T01:14:05.436+0000] {processor.py:914} INFO - Processing file /opt/airflow/dags/01_basics_bash.py for tasks to queue
[2026-04-09T01:14:05.439+0000] {logging_mixin.py:190} INFO - [2026-04-09T01:14:05.439+0000] {dagbag.py:587} INFO - Filling up the DagBag from /opt/airflow/dags/01_basics_bash.py
[2026-04-09T01:14:05.451+0000] {processor.py:925} INFO - DAG(s) '01_basics_bash' retrieved from /opt/airflow/dags/01_basics_bash.py
[2026-04-09T01:14:05.467+0000] {logging_mixin.py:190} INFO - [2026-04-09T01:14:05.467+0000] {dag.py:3211} INFO - Sync 1 DAGs
[2026-04-09T01:14:05.481+0000] {logging_mixin.py:190} INFO - [2026-04-09T01:14:05.481+0000] {dag.py:4138} INFO - Setting next_dagrun for 01_basics_bash to 2026-04-09 00:00:00+00:00, run_after=2026-04-10 00:00:00+00:00
[2026-04-09T01:14:05.490+0000] {processor.py:208} INFO - Processing /opt/airflow/dags/01_basics_bash.py took 0.063 seconds
[2026-04-09T01:14:36.348+0000] {processor.py:186} INFO - Started process (PID=4722) to work on /opt/airflow/dags/01_basics_bash.py
[2026-04-09T01:14:36.351+0000] {processor.py:914} INFO - Processing file /opt/airflow/dags/01_basics_bash.py for tasks to queue
[2026-04-09T01:14:36.354+0000] {logging_mixin.py:190} INFO - [2026-04-09T01:14:36.353+0000] {dagbag.py:587} INFO - Filling up the DagBag from /opt/airflow/dags/01_basics_bash.py
[2026-04-09T01:14:36.366+0000] {processor.py:925} INFO - DAG(s) '01_basics_bash' retrieved from /opt/airflow/dags/01_basics_bash.py
[2026-04-09T01:14:36.382+0000] {logging_mixin.py:190} INFO - [2026-04-09T01:14:36.382+0000] {dag.py:3211} INFO - Sync 1 DAGs
[2026-04-09T01:14:36.393+0000] {logging_mixin.py:190} INFO - [2026-04-09T01:14:36.393+0000] {dag.py:4138} INFO - Setting next_dagrun for 01_basics_bash to 2026-04-09 00:00:00+00:00, run_after=2026-04-10 00:00:00+00:00
[2026-04-09T01:14:36.401+0000] {processor.py:208} INFO - Processing /opt/airflow/dags/01_basics_bash.py took 0.058 seconds
[2026-04-09T01:15:07.090+0000] {processor.py:186} INFO - Started process (PID=4786) to work on /opt/airflow/dags/01_basics_bash.py
[2026-04-09T01:15:07.090+0000] {processor.py:914} INFO - Processing file /opt/airflow/dags/01_basics_bash.py for tasks to queue
[2026-04-09T01:15:07.096+0000] {logging_mixin.py:190} INFO - [2026-04-09T01:15:07.096+0000] {dagbag.py:587} INFO - Filling up the DagBag from /opt/airflow/dags/01_basics_bash.py
[2026-04-09T01:15:07.104+0000] {processor.py:925} INFO - DAG(s) '01_basics_bash' retrieved from /opt/airflow/dags/01_basics_bash.py
[2026-04-09T01:15:07.116+0000] {logging_mixin.py:190} INFO - [2026-04-09T01:15:07.116+0000] {dag.py:3211} INFO - Sync 1 DAGs
[2026-04-09T01:15:07.129+0000] {logging_mixin.py:190} INFO - [2026-04-09T01:15:07.129+0000] {dag.py:4138} INFO - Setting next_dagrun for 01_basics_bash to 2026-04-09 00:00:00+00:00, run_after=2026-04-10 00:00:00+00:00
[2026-04-09T01:15:07.139+0000] {processor.py:208} INFO - Processing /opt/airflow/dags/01_basics_bash.py took 0.054 seconds
[2026-04-09T01:15:37.842+0000] {processor.py:186} INFO - Started process (PID=4850) to work on /opt/airflow/dags/01_basics_bash.py
[2026-04-09T01:15:37.844+0000] {processor.py:914} INFO - Processing file /opt/airflow/dags/01_basics_bash.py for tasks to queue
[2026-04-09T01:15:37.846+0000] {logging_mixin.py:190} INFO - [2026-04-09T01:15:37.846+0000] {dagbag.py:587} INFO - Filling up the DagBag from /opt/airflow/dags/01_basics_bash.py
[2026-04-09T01:15:37.857+0000] {processor.py:925} INFO - DAG(s) '01_basics_bash' retrieved from /opt/airflow/dags/01_basics_bash.py
[2026-04-09T01:15:37.868+0000] {logging_mixin.py:190} INFO - [2026-04-09T01:15:37.868+0000] {dag.py:3211} INFO - Sync 1 DAGs
[2026-04-09T01:15:37.879+0000] {logging_mixin.py:190} INFO - [2026-04-09T01:15:37.879+0000] {dag.py:4138} INFO - Setting next_dagrun for 01_basics_bash to 2026-04-09 00:00:00+00:00, run_after=2026-04-10 00:00:00+00:00
[2026-04-09T01:15:37.890+0000] {processor.py:208} INFO - Processing /opt/airflow/dags/01_basics_bash.py took 0.052 seconds
[2026-04-09T01:16:08.603+0000] {processor.py:186} INFO - Started process (PID=4914) to work on /opt/airflow/dags/01_basics_bash.py
[2026-04-09T01:16:08.604+0000] {processor.py:914} INFO - Processing file /opt/airflow/dags/01_basics_bash.py for tasks to queue
[2026-04-09T01:16:08.606+0000] {logging_mixin.py:190} INFO - [2026-04-09T01:16:08.606+0000] {dagbag.py:587} INFO - Filling up the DagBag from /opt/airflow/dags/01_basics_bash.py
[2026-04-09T01:16:08.614+0000] {processor.py:925} INFO - DAG(s) '01_basics_bash' retrieved from /opt/airflow/dags/01_basics_bash.py
[2026-04-09T01:16:08.627+0000] {logging_mixin.py:190} INFO - [2026-04-09T01:16:08.627+0000] {dag.py:3211} INFO - Sync 1 DAGs
[2026-04-09T01:16:08.638+0000] {logging_mixin.py:190} INFO - [2026-04-09T01:16:08.638+0000] {dag.py:4138} INFO - Setting next_dagrun for 01_basics_bash to 2026-04-09 00:00:00+00:00, run_after=2026-04-10 00:00:00+00:00
[2026-04-09T01:16:08.647+0000] {processor.py:208} INFO - Processing /opt/airflow/dags/01_basics_bash.py took 0.049 seconds
[2026-04-09T01:16:39.313+0000] {processor.py:186} INFO - Started process (PID=4978) to work on /opt/airflow/dags/01_basics_bash.py
[2026-04-09T01:16:39.314+0000] {processor.py:914} INFO - Processing file /opt/airflow/dags/01_basics_bash.py for tasks to queue
[2026-04-09T01:16:39.316+0000] {logging_mixin.py:190} INFO - [2026-04-09T01:16:39.316+0000] {dagbag.py:587} INFO - Filling up the DagBag from /opt/airflow/dags/01_basics_bash.py
[2026-04-09T01:16:39.323+0000] {processor.py:925} INFO - DAG(s) '01_basics_bash' retrieved from /opt/airflow/dags/01_basics_bash.py
[2026-04-09T01:16:39.333+0000] {logging_mixin.py:190} INFO - [2026-04-09T01:16:39.333+0000] {dag.py:3211} INFO - Sync 1 DAGs
[2026-04-09T01:16:39.344+0000] {logging_mixin.py:190} INFO - [2026-04-09T01:16:39.344+0000] {dag.py:4138} INFO - Setting next_dagrun for 01_basics_bash to 2026-04-09 00:00:00+00:00, run_after=2026-04-10 00:00:00+00:00
[2026-04-09T01:16:39.351+0000] {processor.py:208} INFO - Processing /opt/airflow/dags/01_basics_bash.py took 0.041 seconds
[2026-04-09T01:17:10.254+0000] {processor.py:186} INFO - Started process (PID=5042) to work on /opt/airflow/dags/01_basics_bash.py
[2026-04-09T01:17:10.254+0000] {processor.py:914} INFO - Processing file /opt/airflow/dags/01_basics_bash.py for tasks to queue
[2026-04-09T01:17:10.258+0000] {logging_mixin.py:190} INFO - [2026-04-09T01:17:10.258+0000] {dagbag.py:587} INFO - Filling up the DagBag from /opt/airflow/dags/01_basics_bash.py
[2026-04-09T01:17:10.265+0000] {processor.py:925} INFO - DAG(s) '01_basics_bash' retrieved from /opt/airflow/dags/01_basics_bash.py
[2026-04-09T01:17:10.276+0000] {logging_mixin.py:190} INFO - [2026-04-09T01:17:10.276+0000] {dag.py:3211} INFO - Sync 1 DAGs
[2026-04-09T01:17:10.286+0000] {logging_mixin.py:190} INFO - [2026-04-09T01:17:10.286+0000] {dag.py:4138} INFO - Setting next_dagrun for 01_basics_bash to 2026-04-09 00:00:00+00:00, run_after=2026-04-10 00:00:00+00:00
[2026-04-09T01:17:10.294+0000] {processor.py:208} INFO - Processing /opt/airflow/dags/01_basics_bash.py took 0.043 seconds
[2026-04-09T01:17:40.997+0000] {processor.py:186} INFO - Started process (PID=5106) to work on /opt/airflow/dags/01_basics_bash.py
[2026-04-09T01:17:40.998+0000] {processor.py:914} INFO - Processing file /opt/airflow/dags/01_basics_bash.py for tasks to queue
[2026-04-09T01:17:40.999+0000] {logging_mixin.py:190} INFO - [2026-04-09T01:17:40.999+0000] {dagbag.py:587} INFO - Filling up the DagBag from /opt/airflow/dags/01_basics_bash.py
[2026-04-09T01:17:41.006+0000] {processor.py:925} INFO - DAG(s) '01_basics_bash' retrieved from /opt/airflow/dags/01_basics_bash.py
[2026-04-09T01:17:41.016+0000] {logging_mixin.py:190} INFO - [2026-04-09T01:17:41.016+0000] {dag.py:3211} INFO - Sync 1 DAGs
[2026-04-09T01:17:41.027+0000] {logging_mixin.py:190} INFO - [2026-04-09T01:17:41.027+0000] {dag.py:4138} INFO - Setting next_dagrun for 01_basics_bash to 2026-04-09 00:00:00+00:00, run_after=2026-04-10 00:00:00+00:00
[2026-04-09T01:17:41.038+0000] {processor.py:208} INFO - Processing /opt/airflow/dags/01_basics_bash.py took 0.044 seconds
[2026-04-09T01:18:11.771+0000] {processor.py:186} INFO - Started process (PID=5171) to work on /opt/airflow/dags/01_basics_bash.py
[2026-04-09T01:18:11.771+0000] {processor.py:914} INFO - Processing file /opt/airflow/dags/01_basics_bash.py for tasks to queue
[2026-04-09T01:18:11.775+0000] {logging_mixin.py:190} INFO - [2026-04-09T01:18:11.775+0000] {dagbag.py:587} INFO - Filling up the DagBag from /opt/airflow/dags/01_basics_bash.py
[2026-04-09T01:18:11.780+0000] {processor.py:925} INFO - DAG(s) '01_basics_bash' retrieved from /opt/airflow/dags/01_basics_bash.py
[2026-04-09T01:18:11.796+0000] {logging_mixin.py:190} INFO - [2026-04-09T01:18:11.796+0000] {dag.py:3211} INFO - Sync 1 DAGs
[2026-04-09T01:18:11.809+0000] {logging_mixin.py:190} INFO - [2026-04-09T01:18:11.809+0000] {dag.py:4138} INFO - Setting next_dagrun for 01_basics_bash to 2026-04-09 00:00:00+00:00, run_after=2026-04-10 00:00:00+00:00
[2026-04-09T01:18:11.819+0000] {processor.py:208} INFO - Processing /opt/airflow/dags/01_basics_bash.py took 0.051 seconds
[2026-04-09T01:18:42.618+0000] {processor.py:186} INFO - Started process (PID=5236) to work on /opt/airflow/dags/01_basics_bash.py
[2026-04-09T01:18:42.619+0000] {processor.py:914} INFO - Processing file /opt/airflow/dags/01_basics_bash.py for tasks to queue
[2026-04-09T01:18:42.620+0000] {logging_mixin.py:190} INFO - [2026-04-09T01:18:42.620+0000] {dagbag.py:587} INFO - Filling up the DagBag from /opt/airflow/dags/01_basics_bash.py
[2026-04-09T01:18:42.626+0000] {processor.py:925} INFO - DAG(s) '01_basics_bash' retrieved from /opt/airflow/dags/01_basics_bash.py
[2026-04-09T01:18:42.638+0000] {logging_mixin.py:190} INFO - [2026-04-09T01:18:42.638+0000] {dag.py:3211} INFO - Sync 1 DAGs
[2026-04-09T01:18:42.649+0000] {logging_mixin.py:190} INFO - [2026-04-09T01:18:42.649+0000] {dag.py:4138} INFO - Setting next_dagrun for 01_basics_bash to 2026-04-09 00:00:00+00:00, run_after=2026-04-10 00:00:00+00:00
[2026-04-09T01:18:42.657+0000] {processor.py:208} INFO - Processing /opt/airflow/dags/01_basics_bash.py took 0.041 seconds
[2026-04-09T01:19:13.510+0000] {processor.py:186} INFO - Started process (PID=5301) to work on /opt/airflow/dags/01_basics_bash.py
[2026-04-09T01:19:13.511+0000] {processor.py:914} INFO - Processing file /opt/airflow/dags/01_basics_bash.py for tasks to queue
[2026-04-09T01:19:13.513+0000] {logging_mixin.py:190} INFO - [2026-04-09T01:19:13.513+0000] {dagbag.py:587} INFO - Filling up the DagBag from /opt/airflow/dags/01_basics_bash.py
[2026-04-09T01:19:13.525+0000] {processor.py:925} INFO - DAG(s) '01_basics_bash' retrieved from /opt/airflow/dags/01_basics_bash.py
[2026-04-09T01:19:13.539+0000] {logging_mixin.py:190} INFO - [2026-04-09T01:19:13.539+0000] {dag.py:3211} INFO - Sync 1 DAGs
[2026-04-09T01:19:13.552+0000] {logging_mixin.py:190} INFO - [2026-04-09T01:19:13.552+0000] {dag.py:4138} INFO - Setting next_dagrun for 01_basics_bash to 2026-04-09 00:00:00+00:00, run_after=2026-04-10 00:00:00+00:00
[2026-04-09T01:19:13.562+0000] {processor.py:208} INFO - Processing /opt/airflow/dags/01_basics_bash.py took 0.058 seconds
[2026-04-09T01:19:44.448+0000] {processor.py:186} INFO - Started process (PID=5366) to work on /opt/airflow/dags/01_basics_bash.py
[2026-04-09T01:19:44.449+0000] {processor.py:914} INFO - Processing file /opt/airflow/dags/01_basics_bash.py for tasks to queue
[2026-04-09T01:19:44.451+0000] {logging_mixin.py:190} INFO - [2026-04-09T01:19:44.451+0000] {dagbag.py:587} INFO - Filling up the DagBag from /opt/airflow/dags/01_basics_bash.py
[2026-04-09T01:19:44.461+0000] {processor.py:925} INFO - DAG(s) '01_basics_bash' retrieved from /opt/airflow/dags/01_basics_bash.py
[2026-04-09T01:19:44.475+0000] {logging_mixin.py:190} INFO - [2026-04-09T01:19:44.475+0000] {dag.py:3211} INFO - Sync 1 DAGs
[2026-04-09T01:19:44.485+0000] {logging_mixin.py:190} INFO - [2026-04-09T01:19:44.485+0000] {dag.py:4138} INFO - Setting next_dagrun for 01_basics_bash to 2026-04-09 00:00:00+00:00, run_after=2026-04-10 00:00:00+00:00
[2026-04-09T01:19:44.497+0000] {processor.py:208} INFO - Processing /opt/airflow/dags/01_basics_bash.py took 0.054 seconds
[2026-04-09T01:20:15.286+0000] {processor.py:186} INFO - Started process (PID=5431) to work on /opt/airflow/dags/01_basics_bash.py
[2026-04-09T01:20:15.287+0000] {processor.py:914} INFO - Processing file /opt/airflow/dags/01_basics_bash.py for tasks to queue
[2026-04-09T01:20:15.289+0000] {logging_mixin.py:190} INFO - [2026-04-09T01:20:15.289+0000] {dagbag.py:587} INFO - Filling up the DagBag from /opt/airflow/dags/01_basics_bash.py
[2026-04-09T01:20:15.300+0000] {processor.py:925} INFO - DAG(s) '01_basics_bash' retrieved from /opt/airflow/dags/01_basics_bash.py
[2026-04-09T01:20:15.315+0000] {logging_mixin.py:190} INFO - [2026-04-09T01:20:15.315+0000] {dag.py:3211} INFO - Sync 1 DAGs
[2026-04-09T01:20:15.329+0000] {logging_mixin.py:190} INFO - [2026-04-09T01:20:15.329+0000] {dag.py:4138} INFO - Setting next_dagrun for 01_basics_bash to 2026-04-09 00:00:00+00:00, run_after=2026-04-10 00:00:00+00:00
[2026-04-09T01:20:15.335+0000] {processor.py:208} INFO - Processing /opt/airflow/dags/01_basics_bash.py took 0.055 seconds
[2026-04-09T01:20:46.251+0000] {processor.py:186} INFO - Started process (PID=5496) to work on /opt/airflow/dags/01_basics_bash.py
[2026-04-09T01:20:46.252+0000] {processor.py:914} INFO - Processing file /opt/airflow/dags/01_basics_bash.py for tasks to queue
[2026-04-09T01:20:46.254+0000] {logging_mixin.py:190} INFO - [2026-04-09T01:20:46.254+0000] {dagbag.py:587} INFO - Filling up the DagBag from /opt/airflow/dags/01_basics_bash.py
[2026-04-09T01:20:46.264+0000] {processor.py:925} INFO - DAG(s) '01_basics_bash' retrieved from /opt/airflow/dags/01_basics_bash.py
[2026-04-09T01:20:46.274+0000] {logging_mixin.py:190} INFO - [2026-04-09T01:20:46.274+0000] {dag.py:3211} INFO - Sync 1 DAGs
[2026-04-09T01:20:46.286+0000] {logging_mixin.py:190} INFO - [2026-04-09T01:20:46.286+0000] {dag.py:4138} INFO - Setting next_dagrun for 01_basics_bash to 2026-04-09 00:00:00+00:00, run_after=2026-04-10 00:00:00+00:00
[2026-04-09T01:20:46.296+0000] {processor.py:208} INFO - Processing /opt/airflow/dags/01_basics_bash.py took 0.051 seconds
[2026-04-09T01:21:17.199+0000] {processor.py:186} INFO - Started process (PID=5561) to work on /opt/airflow/dags/01_basics_bash.py
[2026-04-09T01:21:17.200+0000] {processor.py:914} INFO - Processing file /opt/airflow/dags/01_basics_bash.py for tasks to queue
[2026-04-09T01:21:17.202+0000] {logging_mixin.py:190} INFO - [2026-04-09T01:21:17.202+0000] {dagbag.py:587} INFO - Filling up the DagBag from /opt/airflow/dags/01_basics_bash.py
[2026-04-09T01:21:17.214+0000] {processor.py:925} INFO - DAG(s) '01_basics_bash' retrieved from /opt/airflow/dags/01_basics_bash.py
[2026-04-09T01:21:17.227+0000] {logging_mixin.py:190} INFO - [2026-04-09T01:21:17.227+0000] {dag.py:3211} INFO - Sync 1 DAGs
[2026-04-09T01:21:17.238+0000] {logging_mixin.py:190} INFO - [2026-04-09T01:21:17.238+0000] {dag.py:4138} INFO - Setting next_dagrun for 01_basics_bash to 2026-04-09 00:00:00+00:00, run_after=2026-04-10 00:00:00+00:00
[2026-04-09T01:21:17.247+0000] {processor.py:208} INFO - Processing /opt/airflow/dags/01_basics_bash.py took 0.053 seconds
[2026-04-09T01:21:48.121+0000] {processor.py:186} INFO - Started process (PID=5625) to work on /opt/airflow/dags/01_basics_bash.py
[2026-04-09T01:21:48.122+0000] {processor.py:914} INFO - Processing file /opt/airflow/dags/01_basics_bash.py for tasks to queue
[2026-04-09T01:21:48.125+0000] {logging_mixin.py:190} INFO - [2026-04-09T01:21:48.125+0000] {dagbag.py:587} INFO - Filling up the DagBag from /opt/airflow/dags/01_basics_bash.py
[2026-04-09T01:21:48.135+0000] {processor.py:925} INFO - DAG(s) '01_basics_bash' retrieved from /opt/airflow/dags/01_basics_bash.py
[2026-04-09T01:21:48.147+0000] {logging_mixin.py:190} INFO - [2026-04-09T01:21:48.147+0000] {dag.py:3211} INFO - Sync 1 DAGs
[2026-04-09T01:21:48.160+0000] {logging_mixin.py:190} INFO - [2026-04-09T01:21:48.160+0000] {dag.py:4138} INFO - Setting next_dagrun for 01_basics_bash to 2026-04-09 00:00:00+00:00, run_after=2026-04-10 00:00:00+00:00
[2026-04-09T01:21:48.170+0000] {processor.py:208} INFO - Processing /opt/airflow/dags/01_basics_bash.py took 0.055 seconds
[2026-04-09T01:22:19.009+0000] {processor.py:186} INFO - Started process (PID=5690) to work on /opt/airflow/dags/01_basics_bash.py
[2026-04-09T01:22:19.010+0000] {processor.py:914} INFO - Processing file /opt/airflow/dags/01_basics_bash.py for tasks to queue
[2026-04-09T01:22:19.013+0000] {logging_mixin.py:190} INFO - [2026-04-09T01:22:19.013+0000] {dagbag.py:587} INFO - Filling up the DagBag from /opt/airflow/dags/01_basics_bash.py
[2026-04-09T01:22:19.024+0000] {processor.py:925} INFO - DAG(s) '01_basics_bash' retrieved from /opt/airflow/dags/01_basics_bash.py
[2026-04-09T01:22:19.034+0000] {logging_mixin.py:190} INFO - [2026-04-09T01:22:19.034+0000] {dag.py:3211} INFO - Sync 1 DAGs
[2026-04-09T01:22:19.044+0000] {logging_mixin.py:190} INFO - [2026-04-09T01:22:19.044+0000] {dag.py:4138} INFO - Setting next_dagrun for 01_basics_bash to 2026-04-09 00:00:00+00:00, run_after=2026-04-10 00:00:00+00:00
[2026-04-09T01:22:19.053+0000] {processor.py:208} INFO - Processing /opt/airflow/dags/01_basics_bash.py took 0.049 seconds
[2026-04-09T01:22:50.010+0000] {processor.py:186} INFO - Started process (PID=5755) to work on /opt/airflow/dags/01_basics_bash.py
[2026-04-09T01:22:50.010+0000] {processor.py:914} INFO - Processing file /opt/airflow/dags/01_basics_bash.py for tasks to queue
[2026-04-09T01:22:50.012+0000] {logging_mixin.py:190} INFO - [2026-04-09T01:22:50.012+0000] {dagbag.py:587} INFO - Filling up the DagBag from /opt/airflow/dags/01_basics_bash.py
[2026-04-09T01:22:50.023+0000] {processor.py:925} INFO - DAG(s) '01_basics_bash' retrieved from /opt/airflow/dags/01_basics_bash.py
[2026-04-09T01:22:50.033+0000] {logging_mixin.py:190} INFO - [2026-04-09T01:22:50.033+0000] {dag.py:3211} INFO - Sync 1 DAGs
[2026-04-09T01:22:50.047+0000] {logging_mixin.py:190} INFO - [2026-04-09T01:22:50.047+0000] {dag.py:4138} INFO - Setting next_dagrun for 01_basics_bash to 2026-04-09 00:00:00+00:00, run_after=2026-04-10 00:00:00+00:00
[2026-04-09T01:22:50.057+0000] {processor.py:208} INFO - Processing /opt/airflow/dags/01_basics_bash.py took 0.052 seconds
[2026-04-09T01:23:20.932+0000] {processor.py:186} INFO - Started process (PID=5820) to work on /opt/airflow/dags/01_basics_bash.py
[2026-04-09T01:23:20.934+0000] {processor.py:914} INFO - Processing file /opt/airflow/dags/01_basics_bash.py for tasks to queue
[2026-04-09T01:23:20.938+0000] {logging_mixin.py:190} INFO - [2026-04-09T01:23:20.938+0000] {dagbag.py:587} INFO - Filling up the DagBag from /opt/airflow/dags/01_basics_bash.py
[2026-04-09T01:23:20.949+0000] {processor.py:925} INFO - DAG(s) '01_basics_bash' retrieved from /opt/airflow/dags/01_basics_bash.py
[2026-04-09T01:23:20.963+0000] {logging_mixin.py:190} INFO - [2026-04-09T01:23:20.963+0000] {dag.py:3211} INFO - Sync 1 DAGs
[2026-04-09T01:23:20.973+0000] {logging_mixin.py:190} INFO - [2026-04-09T01:23:20.973+0000] {dag.py:4138} INFO - Setting next_dagrun for 01_basics_bash to 2026-04-09 00:00:00+00:00, run_after=2026-04-10 00:00:00+00:00
[2026-04-09T01:23:20.981+0000] {processor.py:208} INFO - Processing /opt/airflow/dags/01_basics_bash.py took 0.054 seconds
[2026-04-09T01:23:51.914+0000] {processor.py:186} INFO - Started process (PID=5885) to work on /opt/airflow/dags/01_basics_bash.py
[2026-04-09T01:23:51.915+0000] {processor.py:914} INFO - Processing file /opt/airflow/dags/01_basics_bash.py for tasks to queue
[2026-04-09T01:23:51.917+0000] {logging_mixin.py:190} INFO - [2026-04-09T01:23:51.917+0000] {dagbag.py:587} INFO - Filling up the DagBag from /opt/airflow/dags/01_basics_bash.py
[2026-04-09T01:23:51.927+0000] {processor.py:925} INFO - DAG(s) '01_basics_bash' retrieved from /opt/airflow/dags/01_basics_bash.py
[2026-04-09T01:23:51.941+0000] {logging_mixin.py:190} INFO - [2026-04-09T01:23:51.941+0000] {dag.py:3211} INFO - Sync 1 DAGs
[2026-04-09T01:23:51.951+0000] {logging_mixin.py:190} INFO - [2026-04-09T01:23:51.951+0000] {dag.py:4138} INFO - Setting next_dagrun for 01_basics_bash to 2026-04-09 00:00:00+00:00, run_after=2026-04-10 00:00:00+00:00
[2026-04-09T01:23:51.960+0000] {processor.py:208} INFO - Processing /opt/airflow/dags/01_basics_bash.py took 0.051 seconds
[2026-04-09T01:24:22.872+0000] {processor.py:186} INFO - Started process (PID=5951) to work on /opt/airflow/dags/01_basics_bash.py
[2026-04-09T01:24:22.872+0000] {processor.py:914} INFO - Processing file /opt/airflow/dags/01_basics_bash.py for tasks to queue
[2026-04-09T01:24:22.875+0000] {logging_mixin.py:190} INFO - [2026-04-09T01:24:22.874+0000] {dagbag.py:587} INFO - Filling up the DagBag from /opt/airflow/dags/01_basics_bash.py
[2026-04-09T01:24:22.886+0000] {processor.py:925} INFO - DAG(s) '01_basics_bash' retrieved from /opt/airflow/dags/01_basics_bash.py
[2026-04-09T01:24:22.898+0000] {logging_mixin.py:190} INFO - [2026-04-09T01:24:22.898+0000] {dag.py:3211} INFO - Sync 1 DAGs
[2026-04-09T01:24:22.910+0000] {logging_mixin.py:190} INFO - [2026-04-09T01:24:22.910+0000] {dag.py:4138} INFO - Setting next_dagrun for 01_basics_bash to 2026-04-09 00:00:00+00:00, run_after=2026-04-10 00:00:00+00:00
[2026-04-09T01:24:22.921+0000] {processor.py:208} INFO - Processing /opt/airflow/dags/01_basics_bash.py took 0.054 seconds
[2026-04-09T01:24:53.835+0000] {processor.py:186} INFO - Started process (PID=6016) to work on /opt/airflow/dags/01_basics_bash.py
[2026-04-09T01:24:53.836+0000] {processor.py:914} INFO - Processing file /opt/airflow/dags/01_basics_bash.py for tasks to queue
[2026-04-09T01:24:53.838+0000] {logging_mixin.py:190} INFO - [2026-04-09T01:24:53.838+0000] {dagbag.py:587} INFO - Filling up the DagBag from /opt/airflow/dags/01_basics_bash.py
[2026-04-09T01:24:53.848+0000] {processor.py:925} INFO - DAG(s) '01_basics_bash' retrieved from /opt/airflow/dags/01_basics_bash.py
[2026-04-09T01:24:53.865+0000] {logging_mixin.py:190} INFO - [2026-04-09T01:24:53.865+0000] {dag.py:3211} INFO - Sync 1 DAGs
[2026-04-09T01:24:53.876+0000] {logging_mixin.py:190} INFO - [2026-04-09T01:24:53.876+0000] {dag.py:4138} INFO - Setting next_dagrun for 01_basics_bash to 2026-04-09 00:00:00+00:00, run_after=2026-04-10 00:00:00+00:00
[2026-04-09T01:24:53.885+0000] {processor.py:208} INFO - Processing /opt/airflow/dags/01_basics_bash.py took 0.055 seconds
[2026-04-09T01:25:24.802+0000] {processor.py:186} INFO - Started process (PID=6081) to work on /opt/airflow/dags/01_basics_bash.py
[2026-04-09T01:25:24.803+0000] {processor.py:914} INFO - Processing file /opt/airflow/dags/01_basics_bash.py for tasks to queue
[2026-04-09T01:25:24.807+0000] {logging_mixin.py:190} INFO - [2026-04-09T01:25:24.807+0000] {dagbag.py:587} INFO - Filling up the DagBag from /opt/airflow/dags/01_basics_bash.py
[2026-04-09T01:25:24.816+0000] {processor.py:925} INFO - DAG(s) '01_basics_bash' retrieved from /opt/airflow/dags/01_basics_bash.py
[2026-04-09T01:25:24.829+0000] {logging_mixin.py:190} INFO - [2026-04-09T01:25:24.829+0000] {dag.py:3211} INFO - Sync 1 DAGs
[2026-04-09T01:25:24.840+0000] {logging_mixin.py:190} INFO - [2026-04-09T01:25:24.840+0000] {dag.py:4138} INFO - Setting next_dagrun for 01_basics_bash to 2026-04-09 00:00:00+00:00, run_after=2026-04-10 00:00:00+00:00
[2026-04-09T01:25:24.848+0000] {processor.py:208} INFO - Processing /opt/airflow/dags/01_basics_bash.py took 0.049 seconds
[2026-04-09T01:25:55.680+0000] {processor.py:186} INFO - Started process (PID=6147) to work on /opt/airflow/dags/01_basics_bash.py
[2026-04-09T01:25:55.681+0000] {processor.py:914} INFO - Processing file /opt/airflow/dags/01_basics_bash.py for tasks to queue
[2026-04-09T01:25:55.685+0000] {logging_mixin.py:190} INFO - [2026-04-09T01:25:55.685+0000] {dagbag.py:587} INFO - Filling up the DagBag from /opt/airflow/dags/01_basics_bash.py
[2026-04-09T01:25:55.696+0000] {processor.py:925} INFO - DAG(s) '01_basics_bash' retrieved from /opt/airflow/dags/01_basics_bash.py
[2026-04-09T01:25:55.711+0000] {logging_mixin.py:190} INFO - [2026-04-09T01:25:55.711+0000] {dag.py:3211} INFO - Sync 1 DAGs
[2026-04-09T01:25:55.723+0000] {logging_mixin.py:190} INFO - [2026-04-09T01:25:55.723+0000] {dag.py:4138} INFO - Setting next_dagrun for 01_basics_bash to 2026-04-09 00:00:00+00:00, run_after=2026-04-10 00:00:00+00:00
[2026-04-09T01:25:55.734+0000] {processor.py:208} INFO - Processing /opt/airflow/dags/01_basics_bash.py took 0.059 seconds
