[2026-04-09T01:18:09.754+0000] {processor.py:186} INFO - Started process (PID=5169) to work on /opt/airflow/dags/03_basics_context_jinja.py
[2026-04-09T01:18:09.755+0000] {processor.py:914} INFO - Processing file /opt/airflow/dags/03_basics_context_jinja.py for tasks to queue
[2026-04-09T01:18:09.756+0000] {logging_mixin.py:190} INFO - [2026-04-09T01:18:09.756+0000] {dagbag.py:587} INFO - Filling up the DagBag from /opt/airflow/dags/03_basics_context_jinja.py
[2026-04-09T01:18:09.760+0000] {logging_mixin.py:190} INFO - [2026-04-09T01:18:09.759+0000] {dagbag.py:386} ERROR - Failed to import: /opt/airflow/dags/03_basics_context_jinja.py
Traceback (most recent call last):
  File "/home/airflow/.local/lib/python3.12/site-packages/airflow/models/dagbag.py", line 382, in parse
    loader.exec_module(new_module)
  File "<frozen importlib._bootstrap_external>", line 995, in exec_module
  File "<frozen importlib._bootstrap>", line 488, in _call_with_frames_removed
  File "/opt/airflow/dags/03_basics_context_jinja.py", line 12, in <module>
    with DAG() as dag:
         ^^^^^
TypeError: DAG.__init__() missing 1 required positional argument: 'dag_id'
[2026-04-09T01:18:09.761+0000] {processor.py:927} WARNING - No viable dags retrieved from /opt/airflow/dags/03_basics_context_jinja.py
[2026-04-09T01:18:09.771+0000] {processor.py:208} INFO - Processing /opt/airflow/dags/03_basics_context_jinja.py took 0.021 seconds
[2026-04-09T01:18:40.595+0000] {processor.py:186} INFO - Started process (PID=5234) to work on /opt/airflow/dags/03_basics_context_jinja.py
[2026-04-09T01:18:40.596+0000] {processor.py:914} INFO - Processing file /opt/airflow/dags/03_basics_context_jinja.py for tasks to queue
[2026-04-09T01:18:40.598+0000] {logging_mixin.py:190} INFO - [2026-04-09T01:18:40.598+0000] {dagbag.py:587} INFO - Filling up the DagBag from /opt/airflow/dags/03_basics_context_jinja.py
[2026-04-09T01:18:40.602+0000] {logging_mixin.py:190} INFO - [2026-04-09T01:18:40.601+0000] {dagbag.py:386} ERROR - Failed to import: /opt/airflow/dags/03_basics_context_jinja.py
Traceback (most recent call last):
  File "/home/airflow/.local/lib/python3.12/site-packages/airflow/models/dagbag.py", line 382, in parse
    loader.exec_module(new_module)
  File "<frozen importlib._bootstrap_external>", line 995, in exec_module
  File "<frozen importlib._bootstrap>", line 488, in _call_with_frames_removed
  File "/opt/airflow/dags/03_basics_context_jinja.py", line 12, in <module>
    with DAG() as dag:
         ^^^^^
TypeError: DAG.__init__() missing 1 required positional argument: 'dag_id'
[2026-04-09T01:18:40.602+0000] {processor.py:927} WARNING - No viable dags retrieved from /opt/airflow/dags/03_basics_context_jinja.py
[2026-04-09T01:18:40.615+0000] {processor.py:208} INFO - Processing /opt/airflow/dags/03_basics_context_jinja.py took 0.026 seconds
[2026-04-09T01:19:11.464+0000] {processor.py:186} INFO - Started process (PID=5299) to work on /opt/airflow/dags/03_basics_context_jinja.py
[2026-04-09T01:19:11.465+0000] {processor.py:914} INFO - Processing file /opt/airflow/dags/03_basics_context_jinja.py for tasks to queue
[2026-04-09T01:19:11.468+0000] {logging_mixin.py:190} INFO - [2026-04-09T01:19:11.467+0000] {dagbag.py:587} INFO - Filling up the DagBag from /opt/airflow/dags/03_basics_context_jinja.py
[2026-04-09T01:19:11.471+0000] {logging_mixin.py:190} INFO - [2026-04-09T01:19:11.470+0000] {dagbag.py:386} ERROR - Failed to import: /opt/airflow/dags/03_basics_context_jinja.py
Traceback (most recent call last):
  File "/home/airflow/.local/lib/python3.12/site-packages/airflow/models/dagbag.py", line 382, in parse
    loader.exec_module(new_module)
  File "<frozen importlib._bootstrap_external>", line 995, in exec_module
  File "<frozen importlib._bootstrap>", line 488, in _call_with_frames_removed
  File "/opt/airflow/dags/03_basics_context_jinja.py", line 12, in <module>
    with DAG() as dag:
         ^^^^^
TypeError: DAG.__init__() missing 1 required positional argument: 'dag_id'
[2026-04-09T01:19:11.472+0000] {processor.py:927} WARNING - No viable dags retrieved from /opt/airflow/dags/03_basics_context_jinja.py
[2026-04-09T01:19:11.486+0000] {processor.py:208} INFO - Processing /opt/airflow/dags/03_basics_context_jinja.py took 0.029 seconds
[2026-04-09T01:19:42.407+0000] {processor.py:186} INFO - Started process (PID=5364) to work on /opt/airflow/dags/03_basics_context_jinja.py
[2026-04-09T01:19:42.408+0000] {processor.py:914} INFO - Processing file /opt/airflow/dags/03_basics_context_jinja.py for tasks to queue
[2026-04-09T01:19:42.410+0000] {logging_mixin.py:190} INFO - [2026-04-09T01:19:42.410+0000] {dagbag.py:587} INFO - Filling up the DagBag from /opt/airflow/dags/03_basics_context_jinja.py
[2026-04-09T01:19:42.413+0000] {logging_mixin.py:190} INFO - [2026-04-09T01:19:42.412+0000] {dagbag.py:386} ERROR - Failed to import: /opt/airflow/dags/03_basics_context_jinja.py
Traceback (most recent call last):
  File "/home/airflow/.local/lib/python3.12/site-packages/airflow/models/dagbag.py", line 382, in parse
    loader.exec_module(new_module)
  File "<frozen importlib._bootstrap_external>", line 995, in exec_module
  File "<frozen importlib._bootstrap>", line 488, in _call_with_frames_removed
  File "/opt/airflow/dags/03_basics_context_jinja.py", line 12, in <module>
    with DAG() as dag:
         ^^^^^
TypeError: DAG.__init__() missing 1 required positional argument: 'dag_id'
[2026-04-09T01:19:42.413+0000] {processor.py:927} WARNING - No viable dags retrieved from /opt/airflow/dags/03_basics_context_jinja.py
[2026-04-09T01:19:42.427+0000] {processor.py:208} INFO - Processing /opt/airflow/dags/03_basics_context_jinja.py took 0.027 seconds
[2026-04-09T01:20:13.245+0000] {processor.py:186} INFO - Started process (PID=5429) to work on /opt/airflow/dags/03_basics_context_jinja.py
[2026-04-09T01:20:13.246+0000] {processor.py:914} INFO - Processing file /opt/airflow/dags/03_basics_context_jinja.py for tasks to queue
[2026-04-09T01:20:13.248+0000] {logging_mixin.py:190} INFO - [2026-04-09T01:20:13.248+0000] {dagbag.py:587} INFO - Filling up the DagBag from /opt/airflow/dags/03_basics_context_jinja.py
[2026-04-09T01:20:13.252+0000] {logging_mixin.py:190} INFO - [2026-04-09T01:20:13.251+0000] {dagbag.py:386} ERROR - Failed to import: /opt/airflow/dags/03_basics_context_jinja.py
Traceback (most recent call last):
  File "/home/airflow/.local/lib/python3.12/site-packages/airflow/models/dagbag.py", line 382, in parse
    loader.exec_module(new_module)
  File "<frozen importlib._bootstrap_external>", line 995, in exec_module
  File "<frozen importlib._bootstrap>", line 488, in _call_with_frames_removed
  File "/opt/airflow/dags/03_basics_context_jinja.py", line 12, in <module>
    with DAG() as dag:
         ^^^^^
TypeError: DAG.__init__() missing 1 required positional argument: 'dag_id'
[2026-04-09T01:20:13.252+0000] {processor.py:927} WARNING - No viable dags retrieved from /opt/airflow/dags/03_basics_context_jinja.py
[2026-04-09T01:20:13.266+0000] {processor.py:208} INFO - Processing /opt/airflow/dags/03_basics_context_jinja.py took 0.027 seconds
[2026-04-09T01:20:44.206+0000] {processor.py:186} INFO - Started process (PID=5494) to work on /opt/airflow/dags/03_basics_context_jinja.py
[2026-04-09T01:20:44.207+0000] {processor.py:914} INFO - Processing file /opt/airflow/dags/03_basics_context_jinja.py for tasks to queue
[2026-04-09T01:20:44.209+0000] {logging_mixin.py:190} INFO - [2026-04-09T01:20:44.208+0000] {dagbag.py:587} INFO - Filling up the DagBag from /opt/airflow/dags/03_basics_context_jinja.py
[2026-04-09T01:20:44.212+0000] {logging_mixin.py:190} INFO - [2026-04-09T01:20:44.211+0000] {dagbag.py:386} ERROR - Failed to import: /opt/airflow/dags/03_basics_context_jinja.py
Traceback (most recent call last):
  File "/home/airflow/.local/lib/python3.12/site-packages/airflow/models/dagbag.py", line 382, in parse
    loader.exec_module(new_module)
  File "<frozen importlib._bootstrap_external>", line 995, in exec_module
  File "<frozen importlib._bootstrap>", line 488, in _call_with_frames_removed
  File "/opt/airflow/dags/03_basics_context_jinja.py", line 12, in <module>
    with DAG() as dag:
         ^^^^^
TypeError: DAG.__init__() missing 1 required positional argument: 'dag_id'
[2026-04-09T01:20:44.212+0000] {processor.py:927} WARNING - No viable dags retrieved from /opt/airflow/dags/03_basics_context_jinja.py
[2026-04-09T01:20:44.225+0000] {processor.py:208} INFO - Processing /opt/airflow/dags/03_basics_context_jinja.py took 0.026 seconds
[2026-04-09T01:21:15.153+0000] {processor.py:186} INFO - Started process (PID=5559) to work on /opt/airflow/dags/03_basics_context_jinja.py
[2026-04-09T01:21:15.154+0000] {processor.py:914} INFO - Processing file /opt/airflow/dags/03_basics_context_jinja.py for tasks to queue
[2026-04-09T01:21:15.156+0000] {logging_mixin.py:190} INFO - [2026-04-09T01:21:15.156+0000] {dagbag.py:587} INFO - Filling up the DagBag from /opt/airflow/dags/03_basics_context_jinja.py
[2026-04-09T01:21:15.160+0000] {logging_mixin.py:190} INFO - [2026-04-09T01:21:15.159+0000] {dagbag.py:386} ERROR - Failed to import: /opt/airflow/dags/03_basics_context_jinja.py
Traceback (most recent call last):
  File "/home/airflow/.local/lib/python3.12/site-packages/airflow/models/dagbag.py", line 382, in parse
    loader.exec_module(new_module)
  File "<frozen importlib._bootstrap_external>", line 995, in exec_module
  File "<frozen importlib._bootstrap>", line 488, in _call_with_frames_removed
  File "/opt/airflow/dags/03_basics_context_jinja.py", line 12, in <module>
    with DAG() as dag:
         ^^^^^
TypeError: DAG.__init__() missing 1 required positional argument: 'dag_id'
[2026-04-09T01:21:15.160+0000] {processor.py:927} WARNING - No viable dags retrieved from /opt/airflow/dags/03_basics_context_jinja.py
[2026-04-09T01:21:15.173+0000] {processor.py:208} INFO - Processing /opt/airflow/dags/03_basics_context_jinja.py took 0.027 seconds
[2026-04-09T01:21:46.077+0000] {processor.py:186} INFO - Started process (PID=5623) to work on /opt/airflow/dags/03_basics_context_jinja.py
[2026-04-09T01:21:46.078+0000] {processor.py:914} INFO - Processing file /opt/airflow/dags/03_basics_context_jinja.py for tasks to queue
[2026-04-09T01:21:46.080+0000] {logging_mixin.py:190} INFO - [2026-04-09T01:21:46.080+0000] {dagbag.py:587} INFO - Filling up the DagBag from /opt/airflow/dags/03_basics_context_jinja.py
[2026-04-09T01:21:46.084+0000] {logging_mixin.py:190} INFO - [2026-04-09T01:21:46.083+0000] {dagbag.py:386} ERROR - Failed to import: /opt/airflow/dags/03_basics_context_jinja.py
Traceback (most recent call last):
  File "/home/airflow/.local/lib/python3.12/site-packages/airflow/models/dagbag.py", line 382, in parse
    loader.exec_module(new_module)
  File "<frozen importlib._bootstrap_external>", line 995, in exec_module
  File "<frozen importlib._bootstrap>", line 488, in _call_with_frames_removed
  File "/opt/airflow/dags/03_basics_context_jinja.py", line 12, in <module>
    with DAG() as dag:
         ^^^^^
TypeError: DAG.__init__() missing 1 required positional argument: 'dag_id'
[2026-04-09T01:21:46.084+0000] {processor.py:927} WARNING - No viable dags retrieved from /opt/airflow/dags/03_basics_context_jinja.py
[2026-04-09T01:21:46.098+0000] {processor.py:208} INFO - Processing /opt/airflow/dags/03_basics_context_jinja.py took 0.028 seconds
[2026-04-09T01:22:16.964+0000] {processor.py:186} INFO - Started process (PID=5688) to work on /opt/airflow/dags/03_basics_context_jinja.py
[2026-04-09T01:22:16.965+0000] {processor.py:914} INFO - Processing file /opt/airflow/dags/03_basics_context_jinja.py for tasks to queue
[2026-04-09T01:22:16.967+0000] {logging_mixin.py:190} INFO - [2026-04-09T01:22:16.967+0000] {dagbag.py:587} INFO - Filling up the DagBag from /opt/airflow/dags/03_basics_context_jinja.py
[2026-04-09T01:22:16.970+0000] {logging_mixin.py:190} INFO - [2026-04-09T01:22:16.969+0000] {dagbag.py:386} ERROR - Failed to import: /opt/airflow/dags/03_basics_context_jinja.py
Traceback (most recent call last):
  File "/home/airflow/.local/lib/python3.12/site-packages/airflow/models/dagbag.py", line 382, in parse
    loader.exec_module(new_module)
  File "<frozen importlib._bootstrap_external>", line 995, in exec_module
  File "<frozen importlib._bootstrap>", line 488, in _call_with_frames_removed
  File "/opt/airflow/dags/03_basics_context_jinja.py", line 12, in <module>
    with DAG() as dag:
         ^^^^^
TypeError: DAG.__init__() missing 1 required positional argument: 'dag_id'
[2026-04-09T01:22:16.971+0000] {processor.py:927} WARNING - No viable dags retrieved from /opt/airflow/dags/03_basics_context_jinja.py
[2026-04-09T01:22:16.983+0000] {processor.py:208} INFO - Processing /opt/airflow/dags/03_basics_context_jinja.py took 0.025 seconds
[2026-04-09T01:22:47.967+0000] {processor.py:186} INFO - Started process (PID=5753) to work on /opt/airflow/dags/03_basics_context_jinja.py
[2026-04-09T01:22:47.968+0000] {processor.py:914} INFO - Processing file /opt/airflow/dags/03_basics_context_jinja.py for tasks to queue
[2026-04-09T01:22:47.970+0000] {logging_mixin.py:190} INFO - [2026-04-09T01:22:47.970+0000] {dagbag.py:587} INFO - Filling up the DagBag from /opt/airflow/dags/03_basics_context_jinja.py
[2026-04-09T01:22:47.973+0000] {logging_mixin.py:190} INFO - [2026-04-09T01:22:47.972+0000] {dagbag.py:386} ERROR - Failed to import: /opt/airflow/dags/03_basics_context_jinja.py
Traceback (most recent call last):
  File "/home/airflow/.local/lib/python3.12/site-packages/airflow/models/dagbag.py", line 382, in parse
    loader.exec_module(new_module)
  File "<frozen importlib._bootstrap_external>", line 995, in exec_module
  File "<frozen importlib._bootstrap>", line 488, in _call_with_frames_removed
  File "/opt/airflow/dags/03_basics_context_jinja.py", line 12, in <module>
    with DAG() as dag:
         ^^^^^
TypeError: DAG.__init__() missing 1 required positional argument: 'dag_id'
[2026-04-09T01:22:47.973+0000] {processor.py:927} WARNING - No viable dags retrieved from /opt/airflow/dags/03_basics_context_jinja.py
[2026-04-09T01:22:47.986+0000] {processor.py:208} INFO - Processing /opt/airflow/dags/03_basics_context_jinja.py took 0.026 seconds
[2026-04-09T01:23:18.887+0000] {processor.py:186} INFO - Started process (PID=5818) to work on /opt/airflow/dags/03_basics_context_jinja.py
[2026-04-09T01:23:18.888+0000] {processor.py:914} INFO - Processing file /opt/airflow/dags/03_basics_context_jinja.py for tasks to queue
[2026-04-09T01:23:18.889+0000] {logging_mixin.py:190} INFO - [2026-04-09T01:23:18.889+0000] {dagbag.py:587} INFO - Filling up the DagBag from /opt/airflow/dags/03_basics_context_jinja.py
[2026-04-09T01:23:18.892+0000] {logging_mixin.py:190} INFO - [2026-04-09T01:23:18.891+0000] {dagbag.py:386} ERROR - Failed to import: /opt/airflow/dags/03_basics_context_jinja.py
Traceback (most recent call last):
  File "/home/airflow/.local/lib/python3.12/site-packages/airflow/models/dagbag.py", line 382, in parse
    loader.exec_module(new_module)
  File "<frozen importlib._bootstrap_external>", line 995, in exec_module
  File "<frozen importlib._bootstrap>", line 488, in _call_with_frames_removed
  File "/opt/airflow/dags/03_basics_context_jinja.py", line 12, in <module>
    with DAG() as dag:
         ^^^^^
TypeError: DAG.__init__() missing 1 required positional argument: 'dag_id'
[2026-04-09T01:23:18.892+0000] {processor.py:927} WARNING - No viable dags retrieved from /opt/airflow/dags/03_basics_context_jinja.py
[2026-04-09T01:23:18.902+0000] {processor.py:208} INFO - Processing /opt/airflow/dags/03_basics_context_jinja.py took 0.021 seconds
[2026-04-09T01:23:49.882+0000] {processor.py:186} INFO - Started process (PID=5883) to work on /opt/airflow/dags/03_basics_context_jinja.py
[2026-04-09T01:23:49.883+0000] {processor.py:914} INFO - Processing file /opt/airflow/dags/03_basics_context_jinja.py for tasks to queue
[2026-04-09T01:23:49.885+0000] {logging_mixin.py:190} INFO - [2026-04-09T01:23:49.884+0000] {dagbag.py:587} INFO - Filling up the DagBag from /opt/airflow/dags/03_basics_context_jinja.py
[2026-04-09T01:23:49.888+0000] {logging_mixin.py:190} INFO - [2026-04-09T01:23:49.887+0000] {dagbag.py:386} ERROR - Failed to import: /opt/airflow/dags/03_basics_context_jinja.py
Traceback (most recent call last):
  File "/home/airflow/.local/lib/python3.12/site-packages/airflow/models/dagbag.py", line 382, in parse
    loader.exec_module(new_module)
  File "<frozen importlib._bootstrap_external>", line 995, in exec_module
  File "<frozen importlib._bootstrap>", line 488, in _call_with_frames_removed
  File "/opt/airflow/dags/03_basics_context_jinja.py", line 12, in <module>
    with DAG() as dag:
         ^^^^^
TypeError: DAG.__init__() missing 1 required positional argument: 'dag_id'
[2026-04-09T01:23:49.889+0000] {processor.py:927} WARNING - No viable dags retrieved from /opt/airflow/dags/03_basics_context_jinja.py
[2026-04-09T01:23:49.902+0000] {processor.py:208} INFO - Processing /opt/airflow/dags/03_basics_context_jinja.py took 0.027 seconds
[2026-04-09T01:24:20.833+0000] {processor.py:186} INFO - Started process (PID=5949) to work on /opt/airflow/dags/03_basics_context_jinja.py
[2026-04-09T01:24:20.833+0000] {processor.py:914} INFO - Processing file /opt/airflow/dags/03_basics_context_jinja.py for tasks to queue
[2026-04-09T01:24:20.835+0000] {logging_mixin.py:190} INFO - [2026-04-09T01:24:20.835+0000] {dagbag.py:587} INFO - Filling up the DagBag from /opt/airflow/dags/03_basics_context_jinja.py
[2026-04-09T01:24:20.839+0000] {logging_mixin.py:190} INFO - [2026-04-09T01:24:20.838+0000] {dagbag.py:386} ERROR - Failed to import: /opt/airflow/dags/03_basics_context_jinja.py
Traceback (most recent call last):
  File "/home/airflow/.local/lib/python3.12/site-packages/airflow/models/dagbag.py", line 382, in parse
    loader.exec_module(new_module)
  File "<frozen importlib._bootstrap_external>", line 995, in exec_module
  File "<frozen importlib._bootstrap>", line 488, in _call_with_frames_removed
  File "/opt/airflow/dags/03_basics_context_jinja.py", line 12, in <module>
    with DAG() as dag:
         ^^^^^
TypeError: DAG.__init__() missing 1 required positional argument: 'dag_id'
[2026-04-09T01:24:20.839+0000] {processor.py:927} WARNING - No viable dags retrieved from /opt/airflow/dags/03_basics_context_jinja.py
[2026-04-09T01:24:20.852+0000] {processor.py:208} INFO - Processing /opt/airflow/dags/03_basics_context_jinja.py took 0.025 seconds
[2026-04-09T01:24:51.793+0000] {processor.py:186} INFO - Started process (PID=6014) to work on /opt/airflow/dags/03_basics_context_jinja.py
[2026-04-09T01:24:51.794+0000] {processor.py:914} INFO - Processing file /opt/airflow/dags/03_basics_context_jinja.py for tasks to queue
[2026-04-09T01:24:51.796+0000] {logging_mixin.py:190} INFO - [2026-04-09T01:24:51.796+0000] {dagbag.py:587} INFO - Filling up the DagBag from /opt/airflow/dags/03_basics_context_jinja.py
[2026-04-09T01:24:51.799+0000] {logging_mixin.py:190} INFO - [2026-04-09T01:24:51.798+0000] {dagbag.py:386} ERROR - Failed to import: /opt/airflow/dags/03_basics_context_jinja.py
Traceback (most recent call last):
  File "/home/airflow/.local/lib/python3.12/site-packages/airflow/models/dagbag.py", line 382, in parse
    loader.exec_module(new_module)
  File "<frozen importlib._bootstrap_external>", line 995, in exec_module
  File "<frozen importlib._bootstrap>", line 488, in _call_with_frames_removed
  File "/opt/airflow/dags/03_basics_context_jinja.py", line 12, in <module>
    with DAG() as dag:
         ^^^^^
TypeError: DAG.__init__() missing 1 required positional argument: 'dag_id'
[2026-04-09T01:24:51.799+0000] {processor.py:927} WARNING - No viable dags retrieved from /opt/airflow/dags/03_basics_context_jinja.py
[2026-04-09T01:24:51.812+0000] {processor.py:208} INFO - Processing /opt/airflow/dags/03_basics_context_jinja.py took 0.025 seconds
[2026-04-09T01:25:22.783+0000] {processor.py:186} INFO - Started process (PID=6079) to work on /opt/airflow/dags/03_basics_context_jinja.py
[2026-04-09T01:25:22.784+0000] {processor.py:914} INFO - Processing file /opt/airflow/dags/03_basics_context_jinja.py for tasks to queue
[2026-04-09T01:25:22.786+0000] {logging_mixin.py:190} INFO - [2026-04-09T01:25:22.786+0000] {dagbag.py:587} INFO - Filling up the DagBag from /opt/airflow/dags/03_basics_context_jinja.py
[2026-04-09T01:25:22.789+0000] {logging_mixin.py:190} INFO - [2026-04-09T01:25:22.788+0000] {dagbag.py:386} ERROR - Failed to import: /opt/airflow/dags/03_basics_context_jinja.py
Traceback (most recent call last):
  File "/home/airflow/.local/lib/python3.12/site-packages/airflow/models/dagbag.py", line 382, in parse
    loader.exec_module(new_module)
  File "<frozen importlib._bootstrap_external>", line 995, in exec_module
  File "<frozen importlib._bootstrap>", line 488, in _call_with_frames_removed
  File "/opt/airflow/dags/03_basics_context_jinja.py", line 12, in <module>
    with DAG() as dag:
         ^^^^^
TypeError: DAG.__init__() missing 1 required positional argument: 'dag_id'
[2026-04-09T01:25:22.790+0000] {processor.py:927} WARNING - No viable dags retrieved from /opt/airflow/dags/03_basics_context_jinja.py
[2026-04-09T01:25:22.803+0000] {processor.py:208} INFO - Processing /opt/airflow/dags/03_basics_context_jinja.py took 0.026 seconds
[2026-04-09T01:25:53.643+0000] {processor.py:186} INFO - Started process (PID=6145) to work on /opt/airflow/dags/03_basics_context_jinja.py
[2026-04-09T01:25:53.644+0000] {processor.py:914} INFO - Processing file /opt/airflow/dags/03_basics_context_jinja.py for tasks to queue
[2026-04-09T01:25:53.646+0000] {logging_mixin.py:190} INFO - [2026-04-09T01:25:53.646+0000] {dagbag.py:587} INFO - Filling up the DagBag from /opt/airflow/dags/03_basics_context_jinja.py
[2026-04-09T01:25:53.649+0000] {logging_mixin.py:190} INFO - [2026-04-09T01:25:53.649+0000] {dagbag.py:386} ERROR - Failed to import: /opt/airflow/dags/03_basics_context_jinja.py
Traceback (most recent call last):
  File "/home/airflow/.local/lib/python3.12/site-packages/airflow/models/dagbag.py", line 382, in parse
    loader.exec_module(new_module)
  File "<frozen importlib._bootstrap_external>", line 995, in exec_module
  File "<frozen importlib._bootstrap>", line 488, in _call_with_frames_removed
  File "/opt/airflow/dags/03_basics_context_jinja.py", line 12, in <module>
    with DAG() as dag:
         ^^^^^
TypeError: DAG.__init__() missing 1 required positional argument: 'dag_id'
[2026-04-09T01:25:53.650+0000] {processor.py:927} WARNING - No viable dags retrieved from /opt/airflow/dags/03_basics_context_jinja.py
[2026-04-09T01:25:53.663+0000] {processor.py:208} INFO - Processing /opt/airflow/dags/03_basics_context_jinja.py took 0.026 seconds
