[2026-04-08T05:35:15.589+0000] {local_task_job_runner.py:123} INFO - ::group::Pre task execution logs
[2026-04-08T05:35:15.599+0000] {taskinstance.py:2603} INFO - Dependencies all met for dep_context=non-requeueable deps ti=<TaskInstance: 01_basics_bash.date-print manual__2026-04-08T05:35:14.143751+00:00 [queued]>
[2026-04-08T05:35:15.605+0000] {taskinstance.py:2603} INFO - Dependencies all met for dep_context=requeueable deps ti=<TaskInstance: 01_basics_bash.date-print manual__2026-04-08T05:35:14.143751+00:00 [queued]>
[2026-04-08T05:35:15.606+0000] {taskinstance.py:2856} INFO - Starting attempt 1 of 2
[2026-04-08T05:35:15.616+0000] {taskinstance.py:2879} INFO - Executing <Task(BashOperator): date-print> on 2026-04-08 05:35:14.143751+00:00
[2026-04-08T05:35:15.621+0000] {warnings.py:112} WARNING - /home/***/.local/lib/python3.12/site-packages/***/task/task_runner/standard_task_runner.py:70: DeprecationWarning: This process (pid=2604) is multi-threaded, use of fork() may lead to deadlocks in the child.
  pid = os.fork()

[2026-04-08T05:35:15.622+0000] {standard_task_runner.py:72} INFO - Started process 2606 to run task
[2026-04-08T05:35:15.623+0000] {standard_task_runner.py:104} INFO - Running: ['***', 'tasks', 'run', '01_basics_bash', 'date-print', 'manual__2026-04-08T05:35:14.143751+00:00', '--job-id', '14', '--raw', '--subdir', 'DAGS_FOLDER/01_basics_bash.py', '--cfg-path', '/tmp/tmpt251de11']
[2026-04-08T05:35:15.624+0000] {standard_task_runner.py:105} INFO - Job 14: Subtask date-print
[2026-04-08T05:35:15.662+0000] {task_command.py:467} INFO - Running <TaskInstance: 01_basics_bash.date-print manual__2026-04-08T05:35:14.143751+00:00 [running]> on host 9524e3db50c6
[2026-04-08T05:35:15.719+0000] {taskinstance.py:3122} INFO - Exporting env vars: AIRFLOW_CTX_DAG_OWNER='de_2team_manager' AIRFLOW_CTX_DAG_ID='01_basics_bash' AIRFLOW_CTX_TASK_ID='date-print' AIRFLOW_CTX_EXECUTION_DATE='2026-04-08T05:35:14.143751+00:00' AIRFLOW_CTX_TRY_NUMBER='1' AIRFLOW_CTX_DAG_RUN_ID='manual__2026-04-08T05:35:14.143751+00:00'
[2026-04-08T05:35:15.721+0000] {logging_mixin.py:190} INFO - Task instance is in running state
[2026-04-08T05:35:15.721+0000] {logging_mixin.py:190} INFO -  Previous state of the Task instance: queued
[2026-04-08T05:35:15.722+0000] {logging_mixin.py:190} INFO - Current task name:date-print state:running start_date:2026-04-08 05:35:15.601018+00:00
[2026-04-08T05:35:15.723+0000] {logging_mixin.py:190} INFO - Dag name:01_basics_bash and current dag run status:running
[2026-04-08T05:35:15.724+0000] {taskinstance.py:731} INFO - ::endgroup::
[2026-04-08T05:35:15.725+0000] {subprocess.py:63} INFO - Tmp dir root location: /tmp
[2026-04-08T05:35:15.726+0000] {subprocess.py:75} INFO - Running command: ['/usr/bin/bash', '-c', 'date']
[2026-04-08T05:35:15.734+0000] {subprocess.py:86} INFO - Output:
[2026-04-08T05:35:15.736+0000] {subprocess.py:93} INFO - Wed Apr  8 05:35:15 UTC 2026
[2026-04-08T05:35:15.737+0000] {subprocess.py:97} INFO - Command exited with return code 0
[2026-04-08T05:35:15.755+0000] {taskinstance.py:340} INFO - ::group::Post task execution logs
[2026-04-08T05:35:15.756+0000] {taskinstance.py:352} INFO - Marking task as SUCCESS. dag_id=01_basics_bash, task_id=date-print, run_id=manual__2026-04-08T05:35:14.143751+00:00, execution_date=20260408T053514, start_date=20260408T053515, end_date=20260408T053515
[2026-04-08T05:35:15.763+0000] {logging_mixin.py:190} INFO - Task instance in success state
[2026-04-08T05:35:15.764+0000] {logging_mixin.py:190} INFO -  Previous state of the Task instance: running
[2026-04-08T05:35:15.765+0000] {logging_mixin.py:190} INFO - Dag name:01_basics_bash queued_at:2026-04-08 05:35:14.162733+00:00
[2026-04-08T05:35:15.766+0000] {logging_mixin.py:190} INFO - Task hostname:9524e3db50c6 operator:BashOperator
[2026-04-08T05:35:15.797+0000] {local_task_job_runner.py:261} INFO - Task exited with return code 0
[2026-04-08T05:35:15.815+0000] {taskinstance.py:3891} INFO - 1 downstream tasks scheduled from follow-on schedule check
[2026-04-08T05:35:15.820+0000] {local_task_job_runner.py:240} INFO - ::endgroup::
