[2026-04-08T04:59:49.084+0000] {local_task_job_runner.py:123} INFO - ::group::Pre task execution logs
[2026-04-08T04:59:49.095+0000] {taskinstance.py:2603} INFO - Dependencies all met for dep_context=non-requeueable deps ti=<TaskInstance: 01_basics_bash_v1.print_echo manual__2026-04-08T04:59:36.908196+00:00 [queued]>
[2026-04-08T04:59:49.100+0000] {taskinstance.py:2603} INFO - Dependencies all met for dep_context=requeueable deps ti=<TaskInstance: 01_basics_bash_v1.print_echo manual__2026-04-08T04:59:36.908196+00:00 [queued]>
[2026-04-08T04:59:49.101+0000] {taskinstance.py:2856} INFO - Starting attempt 1 of 2
[2026-04-08T04:59:49.116+0000] {taskinstance.py:2879} INFO - Executing <Task(BashOperator): print_echo> on 2026-04-08 04:59:36.908196+00:00
[2026-04-08T04:59:49.121+0000] {warnings.py:112} WARNING - /home/***/.local/lib/python3.12/site-packages/***/task/task_runner/standard_task_runner.py:70: DeprecationWarning: This process (pid=2086) is multi-threaded, use of fork() may lead to deadlocks in the child.
  pid = os.fork()

[2026-04-08T04:59:49.123+0000] {standard_task_runner.py:104} INFO - Running: ['***', 'tasks', 'run', '01_basics_bash_v1', 'print_echo', 'manual__2026-04-08T04:59:36.908196+00:00', '--job-id', '7', '--raw', '--subdir', 'DAGS_FOLDER/01_basics_bash.py', '--cfg-path', '/tmp/tmpggf695gz']
[2026-04-08T04:59:49.123+0000] {standard_task_runner.py:72} INFO - Started process 2091 to run task
[2026-04-08T04:59:49.124+0000] {standard_task_runner.py:105} INFO - Job 7: Subtask print_echo
[2026-04-08T04:59:49.167+0000] {task_command.py:467} INFO - Running <TaskInstance: 01_basics_bash_v1.print_echo manual__2026-04-08T04:59:36.908196+00:00 [running]> on host 9524e3db50c6
[2026-04-08T04:59:49.227+0000] {taskinstance.py:3122} INFO - Exporting env vars: AIRFLOW_CTX_DAG_OWNER='de_2team_manager' AIRFLOW_CTX_DAG_ID='01_basics_bash_v1' AIRFLOW_CTX_TASK_ID='print_echo' AIRFLOW_CTX_EXECUTION_DATE='2026-04-08T04:59:36.908196+00:00' AIRFLOW_CTX_TRY_NUMBER='1' AIRFLOW_CTX_DAG_RUN_ID='manual__2026-04-08T04:59:36.908196+00:00'
[2026-04-08T04:59:49.229+0000] {logging_mixin.py:190} INFO - Task instance is in running state
[2026-04-08T04:59:49.229+0000] {logging_mixin.py:190} INFO -  Previous state of the Task instance: queued
[2026-04-08T04:59:49.230+0000] {logging_mixin.py:190} INFO - Current task name:print_echo state:running start_date:2026-04-08 04:59:49.096234+00:00
[2026-04-08T04:59:49.230+0000] {logging_mixin.py:190} INFO - Dag name:01_basics_bash_v1 and current dag run status:running
[2026-04-08T04:59:49.231+0000] {taskinstance.py:731} INFO - ::endgroup::
[2026-04-08T04:59:49.232+0000] {subprocess.py:63} INFO - Tmp dir root location: /tmp
[2026-04-08T04:59:49.233+0000] {subprocess.py:75} INFO - Running command: ['/usr/bin/bash', '-c', 'echo "반갑습니다. Airflow start 123!@#"']
[2026-04-08T04:59:49.242+0000] {subprocess.py:86} INFO - Output:
[2026-04-08T04:59:49.243+0000] {subprocess.py:93} INFO - 반갑습니다. Airflow start 123!@#
[2026-04-08T04:59:49.243+0000] {subprocess.py:97} INFO - Command exited with return code 0
[2026-04-08T04:59:49.266+0000] {taskinstance.py:340} INFO - ::group::Post task execution logs
[2026-04-08T04:59:49.267+0000] {taskinstance.py:352} INFO - Marking task as SUCCESS. dag_id=01_basics_bash_v1, task_id=print_echo, run_id=manual__2026-04-08T04:59:36.908196+00:00, execution_date=20260408T045936, start_date=20260408T045949, end_date=20260408T045949
[2026-04-08T04:59:49.276+0000] {logging_mixin.py:190} INFO - Task instance in success state
[2026-04-08T04:59:49.277+0000] {logging_mixin.py:190} INFO -  Previous state of the Task instance: running
[2026-04-08T04:59:49.278+0000] {logging_mixin.py:190} INFO - Dag name:01_basics_bash_v1 queued_at:2026-04-08 04:59:36.979953+00:00
[2026-04-08T04:59:49.279+0000] {logging_mixin.py:190} INFO - Task hostname:9524e3db50c6 operator:BashOperator
[2026-04-08T04:59:49.298+0000] {local_task_job_runner.py:261} INFO - Task exited with return code 0
[2026-04-08T04:59:49.310+0000] {taskinstance.py:3891} INFO - 0 downstream tasks scheduled from follow-on schedule check
[2026-04-08T04:59:49.313+0000] {local_task_job_runner.py:240} INFO - ::endgroup::
