[2026-04-08T05:32:06.249+0000] {local_task_job_runner.py:123} INFO - ::group::Pre task execution logs
[2026-04-08T05:32:06.262+0000] {taskinstance.py:2603} INFO - Dependencies all met for dep_context=non-requeueable deps ti=<TaskInstance: 01_basics_bash.echo-print scheduled__2026-04-07T00:00:00+00:00 [queued]>
[2026-04-08T05:32:06.267+0000] {taskinstance.py:2603} INFO - Dependencies all met for dep_context=requeueable deps ti=<TaskInstance: 01_basics_bash.echo-print scheduled__2026-04-07T00:00:00+00:00 [queued]>
[2026-04-08T05:32:06.268+0000] {taskinstance.py:2856} INFO - Starting attempt 1 of 2
[2026-04-08T05:32:06.277+0000] {taskinstance.py:2879} INFO - Executing <Task(BashOperator): echo-print> on 2026-04-07 00:00:00+00:00
[2026-04-08T05:32:06.283+0000] {warnings.py:112} WARNING - /home/***/.local/lib/python3.12/site-packages/***/task/task_runner/standard_task_runner.py:70: DeprecationWarning: This process (pid=2556) is multi-threaded, use of fork() may lead to deadlocks in the child.
  pid = os.fork()

[2026-04-08T05:32:06.284+0000] {standard_task_runner.py:72} INFO - Started process 2558 to run task
[2026-04-08T05:32:06.285+0000] {standard_task_runner.py:104} INFO - Running: ['***', 'tasks', 'run', '01_basics_bash', 'echo-print', 'scheduled__2026-04-07T00:00:00+00:00', '--job-id', '13', '--raw', '--subdir', 'DAGS_FOLDER/01_basics_bash.py', '--cfg-path', '/tmp/tmpol5oxe7t']
[2026-04-08T05:32:06.286+0000] {standard_task_runner.py:105} INFO - Job 13: Subtask echo-print
[2026-04-08T05:32:06.327+0000] {task_command.py:467} INFO - Running <TaskInstance: 01_basics_bash.echo-print scheduled__2026-04-07T00:00:00+00:00 [running]> on host 9524e3db50c6
[2026-04-08T05:32:06.384+0000] {taskinstance.py:3122} INFO - Exporting env vars: AIRFLOW_CTX_DAG_OWNER='de_2team_manager' AIRFLOW_CTX_DAG_ID='01_basics_bash' AIRFLOW_CTX_TASK_ID='echo-print' AIRFLOW_CTX_EXECUTION_DATE='2026-04-07T00:00:00+00:00' AIRFLOW_CTX_TRY_NUMBER='1' AIRFLOW_CTX_DAG_RUN_ID='scheduled__2026-04-07T00:00:00+00:00'
[2026-04-08T05:32:06.385+0000] {logging_mixin.py:190} INFO - Task instance is in running state
[2026-04-08T05:32:06.386+0000] {logging_mixin.py:190} INFO -  Previous state of the Task instance: queued
[2026-04-08T05:32:06.386+0000] {logging_mixin.py:190} INFO - Current task name:echo-print state:running start_date:2026-04-08 05:32:06.263044+00:00
[2026-04-08T05:32:06.387+0000] {logging_mixin.py:190} INFO - Dag name:01_basics_bash and current dag run status:running
[2026-04-08T05:32:06.388+0000] {taskinstance.py:731} INFO - ::endgroup::
[2026-04-08T05:32:06.389+0000] {subprocess.py:63} INFO - Tmp dir root location: /tmp
[2026-04-08T05:32:06.390+0000] {subprocess.py:75} INFO - Running command: ['/usr/bin/bash', '-c', 'echo "hello *** task"']
[2026-04-08T05:32:06.398+0000] {subprocess.py:86} INFO - Output:
[2026-04-08T05:32:06.400+0000] {subprocess.py:93} INFO - hello *** task
[2026-04-08T05:32:06.400+0000] {subprocess.py:97} INFO - Command exited with return code 0
[2026-04-08T05:32:06.419+0000] {taskinstance.py:340} INFO - ::group::Post task execution logs
[2026-04-08T05:32:06.420+0000] {taskinstance.py:352} INFO - Marking task as SUCCESS. dag_id=01_basics_bash, task_id=echo-print, run_id=scheduled__2026-04-07T00:00:00+00:00, execution_date=20260407T000000, start_date=20260408T053206, end_date=20260408T053206
[2026-04-08T05:32:06.428+0000] {logging_mixin.py:190} INFO - Task instance in success state
[2026-04-08T05:32:06.429+0000] {logging_mixin.py:190} INFO -  Previous state of the Task instance: running
[2026-04-08T05:32:06.430+0000] {logging_mixin.py:190} INFO - Dag name:01_basics_bash queued_at:2026-04-08 05:31:57.160923+00:00
[2026-04-08T05:32:06.430+0000] {logging_mixin.py:190} INFO - Task hostname:9524e3db50c6 operator:BashOperator
[2026-04-08T05:32:06.459+0000] {local_task_job_runner.py:261} INFO - Task exited with return code 0
[2026-04-08T05:32:06.471+0000] {taskinstance.py:3891} INFO - 0 downstream tasks scheduled from follow-on schedule check
[2026-04-08T05:32:06.477+0000] {local_task_job_runner.py:240} INFO - ::endgroup::
