[2026-04-09T00:31:38.268+0000] {processor.py:186} INFO - Started process (PID=90) to work on /home/airflow/.local/lib/python3.12/site-packages/airflow/example_dags/example_outlet_event_extra.py
[2026-04-09T00:31:38.269+0000] {processor.py:914} INFO - Processing file /home/airflow/.local/lib/python3.12/site-packages/airflow/example_dags/example_outlet_event_extra.py for tasks to queue
[2026-04-09T00:31:38.270+0000] {logging_mixin.py:190} INFO - [2026-04-09T00:31:38.270+0000] {dagbag.py:587} INFO - Filling up the DagBag from /home/airflow/.local/lib/python3.12/site-packages/airflow/example_dags/example_outlet_event_extra.py
[2026-04-09T00:31:38.323+0000] {processor.py:925} INFO - DAG(s) 'dataset_with_extra_from_classic_operator', 'dataset_with_extra_by_context', 'dataset_with_extra_by_yield' retrieved from /home/airflow/.local/lib/python3.12/site-packages/airflow/example_dags/example_outlet_event_extra.py
[2026-04-09T00:31:38.414+0000] {logging_mixin.py:190} INFO - [2026-04-09T00:31:38.414+0000] {dag.py:3211} INFO - Sync 3 DAGs
[2026-04-09T00:31:38.426+0000] {logging_mixin.py:190} INFO - [2026-04-09T00:31:38.426+0000] {dag.py:4138} INFO - Setting next_dagrun for dataset_with_extra_by_context to 2026-04-08 00:00:00+00:00, run_after=2026-04-09 00:00:00+00:00
[2026-04-09T00:31:38.429+0000] {logging_mixin.py:190} INFO - [2026-04-09T00:31:38.429+0000] {dag.py:4138} INFO - Setting next_dagrun for dataset_with_extra_by_yield to 2026-04-08 00:00:00+00:00, run_after=2026-04-09 00:00:00+00:00
[2026-04-09T00:31:38.432+0000] {logging_mixin.py:190} INFO - [2026-04-09T00:31:38.432+0000] {dag.py:4138} INFO - Setting next_dagrun for dataset_with_extra_from_classic_operator to 2026-04-08 00:00:00+00:00, run_after=2026-04-09 00:00:00+00:00
[2026-04-09T00:31:38.440+0000] {processor.py:208} INFO - Processing /home/airflow/.local/lib/python3.12/site-packages/airflow/example_dags/example_outlet_event_extra.py took 0.174 seconds
[2026-04-09T00:32:09.260+0000] {processor.py:186} INFO - Started process (PID=153) to work on /home/airflow/.local/lib/python3.12/site-packages/airflow/example_dags/example_outlet_event_extra.py
[2026-04-09T00:32:09.261+0000] {processor.py:914} INFO - Processing file /home/airflow/.local/lib/python3.12/site-packages/airflow/example_dags/example_outlet_event_extra.py for tasks to queue
[2026-04-09T00:32:09.262+0000] {logging_mixin.py:190} INFO - [2026-04-09T00:32:09.262+0000] {dagbag.py:587} INFO - Filling up the DagBag from /home/airflow/.local/lib/python3.12/site-packages/airflow/example_dags/example_outlet_event_extra.py
[2026-04-09T00:32:09.315+0000] {processor.py:925} INFO - DAG(s) 'dataset_with_extra_from_classic_operator', 'dataset_with_extra_by_context', 'dataset_with_extra_by_yield' retrieved from /home/airflow/.local/lib/python3.12/site-packages/airflow/example_dags/example_outlet_event_extra.py
[2026-04-09T00:32:09.325+0000] {logging_mixin.py:190} INFO - [2026-04-09T00:32:09.325+0000] {dag.py:3211} INFO - Sync 3 DAGs
[2026-04-09T00:32:09.335+0000] {logging_mixin.py:190} INFO - [2026-04-09T00:32:09.335+0000] {dag.py:4138} INFO - Setting next_dagrun for dataset_with_extra_by_context to 2026-04-08 00:00:00+00:00, run_after=2026-04-09 00:00:00+00:00
[2026-04-09T00:32:09.337+0000] {logging_mixin.py:190} INFO - [2026-04-09T00:32:09.337+0000] {dag.py:4138} INFO - Setting next_dagrun for dataset_with_extra_by_yield to 2026-04-08 00:00:00+00:00, run_after=2026-04-09 00:00:00+00:00
[2026-04-09T00:32:09.337+0000] {logging_mixin.py:190} INFO - [2026-04-09T00:32:09.337+0000] {dag.py:4138} INFO - Setting next_dagrun for dataset_with_extra_from_classic_operator to 2026-04-08 00:00:00+00:00, run_after=2026-04-09 00:00:00+00:00
[2026-04-09T00:32:09.346+0000] {processor.py:208} INFO - Processing /home/airflow/.local/lib/python3.12/site-packages/airflow/example_dags/example_outlet_event_extra.py took 0.088 seconds
[2026-04-09T00:32:40.144+0000] {processor.py:186} INFO - Started process (PID=223) to work on /home/airflow/.local/lib/python3.12/site-packages/airflow/example_dags/example_outlet_event_extra.py
[2026-04-09T00:32:40.145+0000] {processor.py:914} INFO - Processing file /home/airflow/.local/lib/python3.12/site-packages/airflow/example_dags/example_outlet_event_extra.py for tasks to queue
[2026-04-09T00:32:40.147+0000] {logging_mixin.py:190} INFO - [2026-04-09T00:32:40.147+0000] {dagbag.py:587} INFO - Filling up the DagBag from /home/airflow/.local/lib/python3.12/site-packages/airflow/example_dags/example_outlet_event_extra.py
[2026-04-09T00:32:40.215+0000] {processor.py:925} INFO - DAG(s) 'dataset_with_extra_by_yield', 'dataset_with_extra_by_context', 'dataset_with_extra_from_classic_operator' retrieved from /home/airflow/.local/lib/python3.12/site-packages/airflow/example_dags/example_outlet_event_extra.py
[2026-04-09T00:32:40.226+0000] {logging_mixin.py:190} INFO - [2026-04-09T00:32:40.226+0000] {dag.py:3211} INFO - Sync 3 DAGs
[2026-04-09T00:32:40.237+0000] {logging_mixin.py:190} INFO - [2026-04-09T00:32:40.237+0000] {dag.py:4138} INFO - Setting next_dagrun for dataset_with_extra_by_context to 2026-04-08 00:00:00+00:00, run_after=2026-04-09 00:00:00+00:00
[2026-04-09T00:32:40.239+0000] {logging_mixin.py:190} INFO - [2026-04-09T00:32:40.239+0000] {dag.py:4138} INFO - Setting next_dagrun for dataset_with_extra_by_yield to 2026-04-08 00:00:00+00:00, run_after=2026-04-09 00:00:00+00:00
[2026-04-09T00:32:40.240+0000] {logging_mixin.py:190} INFO - [2026-04-09T00:32:40.240+0000] {dag.py:4138} INFO - Setting next_dagrun for dataset_with_extra_from_classic_operator to 2026-04-08 00:00:00+00:00, run_after=2026-04-09 00:00:00+00:00
[2026-04-09T00:32:40.247+0000] {processor.py:208} INFO - Processing /home/airflow/.local/lib/python3.12/site-packages/airflow/example_dags/example_outlet_event_extra.py took 0.105 seconds
[2026-04-09T00:33:10.943+0000] {processor.py:186} INFO - Started process (PID=287) to work on /home/airflow/.local/lib/python3.12/site-packages/airflow/example_dags/example_outlet_event_extra.py
[2026-04-09T00:33:10.944+0000] {processor.py:914} INFO - Processing file /home/airflow/.local/lib/python3.12/site-packages/airflow/example_dags/example_outlet_event_extra.py for tasks to queue
[2026-04-09T00:33:10.945+0000] {logging_mixin.py:190} INFO - [2026-04-09T00:33:10.945+0000] {dagbag.py:587} INFO - Filling up the DagBag from /home/airflow/.local/lib/python3.12/site-packages/airflow/example_dags/example_outlet_event_extra.py
[2026-04-09T00:33:11.007+0000] {processor.py:925} INFO - DAG(s) 'dataset_with_extra_by_yield', 'dataset_with_extra_by_context', 'dataset_with_extra_from_classic_operator' retrieved from /home/airflow/.local/lib/python3.12/site-packages/airflow/example_dags/example_outlet_event_extra.py
[2026-04-09T00:33:11.016+0000] {logging_mixin.py:190} INFO - [2026-04-09T00:33:11.015+0000] {dag.py:3211} INFO - Sync 3 DAGs
[2026-04-09T00:33:11.026+0000] {logging_mixin.py:190} INFO - [2026-04-09T00:33:11.026+0000] {dag.py:4138} INFO - Setting next_dagrun for dataset_with_extra_by_context to 2026-04-08 00:00:00+00:00, run_after=2026-04-09 00:00:00+00:00
[2026-04-09T00:33:11.028+0000] {logging_mixin.py:190} INFO - [2026-04-09T00:33:11.028+0000] {dag.py:4138} INFO - Setting next_dagrun for dataset_with_extra_by_yield to 2026-04-08 00:00:00+00:00, run_after=2026-04-09 00:00:00+00:00
[2026-04-09T00:33:11.029+0000] {logging_mixin.py:190} INFO - [2026-04-09T00:33:11.029+0000] {dag.py:4138} INFO - Setting next_dagrun for dataset_with_extra_from_classic_operator to 2026-04-08 00:00:00+00:00, run_after=2026-04-09 00:00:00+00:00
[2026-04-09T00:33:11.036+0000] {processor.py:208} INFO - Processing /home/airflow/.local/lib/python3.12/site-packages/airflow/example_dags/example_outlet_event_extra.py took 0.095 seconds
[2026-04-09T00:33:41.820+0000] {processor.py:186} INFO - Started process (PID=351) to work on /home/airflow/.local/lib/python3.12/site-packages/airflow/example_dags/example_outlet_event_extra.py
[2026-04-09T00:33:41.821+0000] {processor.py:914} INFO - Processing file /home/airflow/.local/lib/python3.12/site-packages/airflow/example_dags/example_outlet_event_extra.py for tasks to queue
[2026-04-09T00:33:41.822+0000] {logging_mixin.py:190} INFO - [2026-04-09T00:33:41.822+0000] {dagbag.py:587} INFO - Filling up the DagBag from /home/airflow/.local/lib/python3.12/site-packages/airflow/example_dags/example_outlet_event_extra.py
[2026-04-09T00:33:41.889+0000] {processor.py:925} INFO - DAG(s) 'dataset_with_extra_by_yield', 'dataset_with_extra_by_context', 'dataset_with_extra_from_classic_operator' retrieved from /home/airflow/.local/lib/python3.12/site-packages/airflow/example_dags/example_outlet_event_extra.py
[2026-04-09T00:33:41.903+0000] {logging_mixin.py:190} INFO - [2026-04-09T00:33:41.903+0000] {dag.py:3211} INFO - Sync 3 DAGs
[2026-04-09T00:33:41.915+0000] {logging_mixin.py:190} INFO - [2026-04-09T00:33:41.914+0000] {dag.py:4138} INFO - Setting next_dagrun for dataset_with_extra_by_context to 2026-04-08 00:00:00+00:00, run_after=2026-04-09 00:00:00+00:00
[2026-04-09T00:33:41.916+0000] {logging_mixin.py:190} INFO - [2026-04-09T00:33:41.916+0000] {dag.py:4138} INFO - Setting next_dagrun for dataset_with_extra_by_yield to 2026-04-08 00:00:00+00:00, run_after=2026-04-09 00:00:00+00:00
[2026-04-09T00:33:41.917+0000] {logging_mixin.py:190} INFO - [2026-04-09T00:33:41.917+0000] {dag.py:4138} INFO - Setting next_dagrun for dataset_with_extra_from_classic_operator to 2026-04-08 00:00:00+00:00, run_after=2026-04-09 00:00:00+00:00
[2026-04-09T00:33:41.926+0000] {processor.py:208} INFO - Processing /home/airflow/.local/lib/python3.12/site-packages/airflow/example_dags/example_outlet_event_extra.py took 0.108 seconds
[2026-04-09T00:34:12.677+0000] {processor.py:186} INFO - Started process (PID=415) to work on /home/airflow/.local/lib/python3.12/site-packages/airflow/example_dags/example_outlet_event_extra.py
[2026-04-09T00:34:12.678+0000] {processor.py:914} INFO - Processing file /home/airflow/.local/lib/python3.12/site-packages/airflow/example_dags/example_outlet_event_extra.py for tasks to queue
[2026-04-09T00:34:12.679+0000] {logging_mixin.py:190} INFO - [2026-04-09T00:34:12.678+0000] {dagbag.py:587} INFO - Filling up the DagBag from /home/airflow/.local/lib/python3.12/site-packages/airflow/example_dags/example_outlet_event_extra.py
[2026-04-09T00:34:12.739+0000] {processor.py:925} INFO - DAG(s) 'dataset_with_extra_by_context', 'dataset_with_extra_from_classic_operator', 'dataset_with_extra_by_yield' retrieved from /home/airflow/.local/lib/python3.12/site-packages/airflow/example_dags/example_outlet_event_extra.py
[2026-04-09T00:34:12.754+0000] {logging_mixin.py:190} INFO - [2026-04-09T00:34:12.754+0000] {dag.py:3211} INFO - Sync 3 DAGs
[2026-04-09T00:34:12.764+0000] {logging_mixin.py:190} INFO - [2026-04-09T00:34:12.764+0000] {dag.py:4138} INFO - Setting next_dagrun for dataset_with_extra_by_context to 2026-04-08 00:00:00+00:00, run_after=2026-04-09 00:00:00+00:00
[2026-04-09T00:34:12.765+0000] {logging_mixin.py:190} INFO - [2026-04-09T00:34:12.765+0000] {dag.py:4138} INFO - Setting next_dagrun for dataset_with_extra_by_yield to 2026-04-08 00:00:00+00:00, run_after=2026-04-09 00:00:00+00:00
[2026-04-09T00:34:12.766+0000] {logging_mixin.py:190} INFO - [2026-04-09T00:34:12.766+0000] {dag.py:4138} INFO - Setting next_dagrun for dataset_with_extra_from_classic_operator to 2026-04-08 00:00:00+00:00, run_after=2026-04-09 00:00:00+00:00
[2026-04-09T00:34:12.775+0000] {processor.py:208} INFO - Processing /home/airflow/.local/lib/python3.12/site-packages/airflow/example_dags/example_outlet_event_extra.py took 0.100 seconds
[2026-04-09T00:34:43.403+0000] {processor.py:186} INFO - Started process (PID=479) to work on /home/airflow/.local/lib/python3.12/site-packages/airflow/example_dags/example_outlet_event_extra.py
[2026-04-09T00:34:43.403+0000] {processor.py:914} INFO - Processing file /home/airflow/.local/lib/python3.12/site-packages/airflow/example_dags/example_outlet_event_extra.py for tasks to queue
[2026-04-09T00:34:43.404+0000] {logging_mixin.py:190} INFO - [2026-04-09T00:34:43.404+0000] {dagbag.py:587} INFO - Filling up the DagBag from /home/airflow/.local/lib/python3.12/site-packages/airflow/example_dags/example_outlet_event_extra.py
[2026-04-09T00:34:43.464+0000] {processor.py:925} INFO - DAG(s) 'dataset_with_extra_by_yield', 'dataset_with_extra_by_context', 'dataset_with_extra_from_classic_operator' retrieved from /home/airflow/.local/lib/python3.12/site-packages/airflow/example_dags/example_outlet_event_extra.py
[2026-04-09T00:34:43.478+0000] {logging_mixin.py:190} INFO - [2026-04-09T00:34:43.477+0000] {dag.py:3211} INFO - Sync 3 DAGs
[2026-04-09T00:34:43.488+0000] {logging_mixin.py:190} INFO - [2026-04-09T00:34:43.488+0000] {dag.py:4138} INFO - Setting next_dagrun for dataset_with_extra_by_context to 2026-04-08 00:00:00+00:00, run_after=2026-04-09 00:00:00+00:00
[2026-04-09T00:34:43.489+0000] {logging_mixin.py:190} INFO - [2026-04-09T00:34:43.489+0000] {dag.py:4138} INFO - Setting next_dagrun for dataset_with_extra_by_yield to 2026-04-08 00:00:00+00:00, run_after=2026-04-09 00:00:00+00:00
[2026-04-09T00:34:43.490+0000] {logging_mixin.py:190} INFO - [2026-04-09T00:34:43.490+0000] {dag.py:4138} INFO - Setting next_dagrun for dataset_with_extra_from_classic_operator to 2026-04-08 00:00:00+00:00, run_after=2026-04-09 00:00:00+00:00
[2026-04-09T00:34:43.499+0000] {processor.py:208} INFO - Processing /home/airflow/.local/lib/python3.12/site-packages/airflow/example_dags/example_outlet_event_extra.py took 0.099 seconds
[2026-04-09T00:35:14.092+0000] {processor.py:186} INFO - Started process (PID=543) to work on /home/airflow/.local/lib/python3.12/site-packages/airflow/example_dags/example_outlet_event_extra.py
[2026-04-09T00:35:14.093+0000] {processor.py:914} INFO - Processing file /home/airflow/.local/lib/python3.12/site-packages/airflow/example_dags/example_outlet_event_extra.py for tasks to queue
[2026-04-09T00:35:14.095+0000] {logging_mixin.py:190} INFO - [2026-04-09T00:35:14.094+0000] {dagbag.py:587} INFO - Filling up the DagBag from /home/airflow/.local/lib/python3.12/site-packages/airflow/example_dags/example_outlet_event_extra.py
[2026-04-09T00:35:14.152+0000] {processor.py:925} INFO - DAG(s) 'dataset_with_extra_by_context', 'dataset_with_extra_from_classic_operator', 'dataset_with_extra_by_yield' retrieved from /home/airflow/.local/lib/python3.12/site-packages/airflow/example_dags/example_outlet_event_extra.py
[2026-04-09T00:35:14.164+0000] {logging_mixin.py:190} INFO - [2026-04-09T00:35:14.164+0000] {dag.py:3211} INFO - Sync 3 DAGs
[2026-04-09T00:35:14.173+0000] {logging_mixin.py:190} INFO - [2026-04-09T00:35:14.173+0000] {dag.py:4138} INFO - Setting next_dagrun for dataset_with_extra_by_context to 2026-04-08 00:00:00+00:00, run_after=2026-04-09 00:00:00+00:00
[2026-04-09T00:35:14.176+0000] {logging_mixin.py:190} INFO - [2026-04-09T00:35:14.176+0000] {dag.py:4138} INFO - Setting next_dagrun for dataset_with_extra_by_yield to 2026-04-08 00:00:00+00:00, run_after=2026-04-09 00:00:00+00:00
[2026-04-09T00:35:14.178+0000] {logging_mixin.py:190} INFO - [2026-04-09T00:35:14.178+0000] {dag.py:4138} INFO - Setting next_dagrun for dataset_with_extra_from_classic_operator to 2026-04-08 00:00:00+00:00, run_after=2026-04-09 00:00:00+00:00
[2026-04-09T00:35:14.187+0000] {processor.py:208} INFO - Processing /home/airflow/.local/lib/python3.12/site-packages/airflow/example_dags/example_outlet_event_extra.py took 0.097 seconds
[2026-04-09T00:35:44.893+0000] {processor.py:186} INFO - Started process (PID=606) to work on /home/airflow/.local/lib/python3.12/site-packages/airflow/example_dags/example_outlet_event_extra.py
[2026-04-09T00:35:44.894+0000] {processor.py:914} INFO - Processing file /home/airflow/.local/lib/python3.12/site-packages/airflow/example_dags/example_outlet_event_extra.py for tasks to queue
[2026-04-09T00:35:44.896+0000] {logging_mixin.py:190} INFO - [2026-04-09T00:35:44.896+0000] {dagbag.py:587} INFO - Filling up the DagBag from /home/airflow/.local/lib/python3.12/site-packages/airflow/example_dags/example_outlet_event_extra.py
[2026-04-09T00:35:44.952+0000] {processor.py:925} INFO - DAG(s) 'dataset_with_extra_from_classic_operator', 'dataset_with_extra_by_yield', 'dataset_with_extra_by_context' retrieved from /home/airflow/.local/lib/python3.12/site-packages/airflow/example_dags/example_outlet_event_extra.py
[2026-04-09T00:35:44.969+0000] {logging_mixin.py:190} INFO - [2026-04-09T00:35:44.969+0000] {dag.py:3211} INFO - Sync 3 DAGs
[2026-04-09T00:35:44.979+0000] {logging_mixin.py:190} INFO - [2026-04-09T00:35:44.979+0000] {dag.py:4138} INFO - Setting next_dagrun for dataset_with_extra_by_context to 2026-04-08 00:00:00+00:00, run_after=2026-04-09 00:00:00+00:00
[2026-04-09T00:35:44.981+0000] {logging_mixin.py:190} INFO - [2026-04-09T00:35:44.981+0000] {dag.py:4138} INFO - Setting next_dagrun for dataset_with_extra_by_yield to 2026-04-08 00:00:00+00:00, run_after=2026-04-09 00:00:00+00:00
[2026-04-09T00:35:44.982+0000] {logging_mixin.py:190} INFO - [2026-04-09T00:35:44.982+0000] {dag.py:4138} INFO - Setting next_dagrun for dataset_with_extra_from_classic_operator to 2026-04-08 00:00:00+00:00, run_after=2026-04-09 00:00:00+00:00
[2026-04-09T00:35:44.992+0000] {processor.py:208} INFO - Processing /home/airflow/.local/lib/python3.12/site-packages/airflow/example_dags/example_outlet_event_extra.py took 0.101 seconds
[2026-04-09T00:36:15.714+0000] {processor.py:186} INFO - Started process (PID=670) to work on /home/airflow/.local/lib/python3.12/site-packages/airflow/example_dags/example_outlet_event_extra.py
[2026-04-09T00:36:15.715+0000] {processor.py:914} INFO - Processing file /home/airflow/.local/lib/python3.12/site-packages/airflow/example_dags/example_outlet_event_extra.py for tasks to queue
[2026-04-09T00:36:15.717+0000] {logging_mixin.py:190} INFO - [2026-04-09T00:36:15.716+0000] {dagbag.py:587} INFO - Filling up the DagBag from /home/airflow/.local/lib/python3.12/site-packages/airflow/example_dags/example_outlet_event_extra.py
[2026-04-09T00:36:15.784+0000] {processor.py:925} INFO - DAG(s) 'dataset_with_extra_by_context', 'dataset_with_extra_by_yield', 'dataset_with_extra_from_classic_operator' retrieved from /home/airflow/.local/lib/python3.12/site-packages/airflow/example_dags/example_outlet_event_extra.py
[2026-04-09T00:36:15.796+0000] {logging_mixin.py:190} INFO - [2026-04-09T00:36:15.796+0000] {dag.py:3211} INFO - Sync 3 DAGs
[2026-04-09T00:36:15.806+0000] {logging_mixin.py:190} INFO - [2026-04-09T00:36:15.806+0000] {dag.py:4138} INFO - Setting next_dagrun for dataset_with_extra_by_context to 2026-04-08 00:00:00+00:00, run_after=2026-04-09 00:00:00+00:00
[2026-04-09T00:36:15.807+0000] {logging_mixin.py:190} INFO - [2026-04-09T00:36:15.807+0000] {dag.py:4138} INFO - Setting next_dagrun for dataset_with_extra_by_yield to 2026-04-08 00:00:00+00:00, run_after=2026-04-09 00:00:00+00:00
[2026-04-09T00:36:15.808+0000] {logging_mixin.py:190} INFO - [2026-04-09T00:36:15.808+0000] {dag.py:4138} INFO - Setting next_dagrun for dataset_with_extra_from_classic_operator to 2026-04-08 00:00:00+00:00, run_after=2026-04-09 00:00:00+00:00
[2026-04-09T00:36:15.819+0000] {processor.py:208} INFO - Processing /home/airflow/.local/lib/python3.12/site-packages/airflow/example_dags/example_outlet_event_extra.py took 0.108 seconds
[2026-04-09T00:36:46.497+0000] {processor.py:186} INFO - Started process (PID=734) to work on /home/airflow/.local/lib/python3.12/site-packages/airflow/example_dags/example_outlet_event_extra.py
[2026-04-09T00:36:46.499+0000] {processor.py:914} INFO - Processing file /home/airflow/.local/lib/python3.12/site-packages/airflow/example_dags/example_outlet_event_extra.py for tasks to queue
[2026-04-09T00:36:46.500+0000] {logging_mixin.py:190} INFO - [2026-04-09T00:36:46.500+0000] {dagbag.py:587} INFO - Filling up the DagBag from /home/airflow/.local/lib/python3.12/site-packages/airflow/example_dags/example_outlet_event_extra.py
[2026-04-09T00:36:46.562+0000] {processor.py:925} INFO - DAG(s) 'dataset_with_extra_by_context', 'dataset_with_extra_from_classic_operator', 'dataset_with_extra_by_yield' retrieved from /home/airflow/.local/lib/python3.12/site-packages/airflow/example_dags/example_outlet_event_extra.py
[2026-04-09T00:36:46.571+0000] {logging_mixin.py:190} INFO - [2026-04-09T00:36:46.571+0000] {dag.py:3211} INFO - Sync 3 DAGs
[2026-04-09T00:36:46.581+0000] {logging_mixin.py:190} INFO - [2026-04-09T00:36:46.581+0000] {dag.py:4138} INFO - Setting next_dagrun for dataset_with_extra_by_context to 2026-04-08 00:00:00+00:00, run_after=2026-04-09 00:00:00+00:00
[2026-04-09T00:36:46.583+0000] {logging_mixin.py:190} INFO - [2026-04-09T00:36:46.583+0000] {dag.py:4138} INFO - Setting next_dagrun for dataset_with_extra_by_yield to 2026-04-08 00:00:00+00:00, run_after=2026-04-09 00:00:00+00:00
[2026-04-09T00:36:46.586+0000] {logging_mixin.py:190} INFO - [2026-04-09T00:36:46.586+0000] {dag.py:4138} INFO - Setting next_dagrun for dataset_with_extra_from_classic_operator to 2026-04-08 00:00:00+00:00, run_after=2026-04-09 00:00:00+00:00
[2026-04-09T00:36:46.592+0000] {processor.py:208} INFO - Processing /home/airflow/.local/lib/python3.12/site-packages/airflow/example_dags/example_outlet_event_extra.py took 0.097 seconds
[2026-04-09T00:37:17.293+0000] {processor.py:186} INFO - Started process (PID=798) to work on /home/airflow/.local/lib/python3.12/site-packages/airflow/example_dags/example_outlet_event_extra.py
[2026-04-09T00:37:17.294+0000] {processor.py:914} INFO - Processing file /home/airflow/.local/lib/python3.12/site-packages/airflow/example_dags/example_outlet_event_extra.py for tasks to queue
[2026-04-09T00:37:17.295+0000] {logging_mixin.py:190} INFO - [2026-04-09T00:37:17.295+0000] {dagbag.py:587} INFO - Filling up the DagBag from /home/airflow/.local/lib/python3.12/site-packages/airflow/example_dags/example_outlet_event_extra.py
[2026-04-09T00:37:17.352+0000] {processor.py:925} INFO - DAG(s) 'dataset_with_extra_from_classic_operator', 'dataset_with_extra_by_context', 'dataset_with_extra_by_yield' retrieved from /home/airflow/.local/lib/python3.12/site-packages/airflow/example_dags/example_outlet_event_extra.py
[2026-04-09T00:37:17.361+0000] {logging_mixin.py:190} INFO - [2026-04-09T00:37:17.360+0000] {dag.py:3211} INFO - Sync 3 DAGs
[2026-04-09T00:37:17.371+0000] {logging_mixin.py:190} INFO - [2026-04-09T00:37:17.371+0000] {dag.py:4138} INFO - Setting next_dagrun for dataset_with_extra_by_context to 2026-04-08 00:00:00+00:00, run_after=2026-04-09 00:00:00+00:00
[2026-04-09T00:37:17.374+0000] {logging_mixin.py:190} INFO - [2026-04-09T00:37:17.374+0000] {dag.py:4138} INFO - Setting next_dagrun for dataset_with_extra_by_yield to 2026-04-08 00:00:00+00:00, run_after=2026-04-09 00:00:00+00:00
[2026-04-09T00:37:17.374+0000] {logging_mixin.py:190} INFO - [2026-04-09T00:37:17.374+0000] {dag.py:4138} INFO - Setting next_dagrun for dataset_with_extra_from_classic_operator to 2026-04-08 00:00:00+00:00, run_after=2026-04-09 00:00:00+00:00
[2026-04-09T00:37:17.381+0000] {processor.py:208} INFO - Processing /home/airflow/.local/lib/python3.12/site-packages/airflow/example_dags/example_outlet_event_extra.py took 0.090 seconds
[2026-04-09T00:37:47.984+0000] {processor.py:186} INFO - Started process (PID=862) to work on /home/airflow/.local/lib/python3.12/site-packages/airflow/example_dags/example_outlet_event_extra.py
[2026-04-09T00:37:47.985+0000] {processor.py:914} INFO - Processing file /home/airflow/.local/lib/python3.12/site-packages/airflow/example_dags/example_outlet_event_extra.py for tasks to queue
[2026-04-09T00:37:47.986+0000] {logging_mixin.py:190} INFO - [2026-04-09T00:37:47.986+0000] {dagbag.py:587} INFO - Filling up the DagBag from /home/airflow/.local/lib/python3.12/site-packages/airflow/example_dags/example_outlet_event_extra.py
[2026-04-09T00:37:48.037+0000] {processor.py:925} INFO - DAG(s) 'dataset_with_extra_by_yield', 'dataset_with_extra_from_classic_operator', 'dataset_with_extra_by_context' retrieved from /home/airflow/.local/lib/python3.12/site-packages/airflow/example_dags/example_outlet_event_extra.py
[2026-04-09T00:37:48.047+0000] {logging_mixin.py:190} INFO - [2026-04-09T00:37:48.047+0000] {dag.py:3211} INFO - Sync 3 DAGs
[2026-04-09T00:37:48.058+0000] {logging_mixin.py:190} INFO - [2026-04-09T00:37:48.058+0000] {dag.py:4138} INFO - Setting next_dagrun for dataset_with_extra_by_context to 2026-04-08 00:00:00+00:00, run_after=2026-04-09 00:00:00+00:00
[2026-04-09T00:37:48.059+0000] {logging_mixin.py:190} INFO - [2026-04-09T00:37:48.059+0000] {dag.py:4138} INFO - Setting next_dagrun for dataset_with_extra_by_yield to 2026-04-08 00:00:00+00:00, run_after=2026-04-09 00:00:00+00:00
[2026-04-09T00:37:48.060+0000] {logging_mixin.py:190} INFO - [2026-04-09T00:37:48.060+0000] {dag.py:4138} INFO - Setting next_dagrun for dataset_with_extra_from_classic_operator to 2026-04-08 00:00:00+00:00, run_after=2026-04-09 00:00:00+00:00
[2026-04-09T00:37:48.069+0000] {processor.py:208} INFO - Processing /home/airflow/.local/lib/python3.12/site-packages/airflow/example_dags/example_outlet_event_extra.py took 0.087 seconds
[2026-04-09T00:38:18.784+0000] {processor.py:186} INFO - Started process (PID=926) to work on /home/airflow/.local/lib/python3.12/site-packages/airflow/example_dags/example_outlet_event_extra.py
[2026-04-09T00:38:18.785+0000] {processor.py:914} INFO - Processing file /home/airflow/.local/lib/python3.12/site-packages/airflow/example_dags/example_outlet_event_extra.py for tasks to queue
[2026-04-09T00:38:18.786+0000] {logging_mixin.py:190} INFO - [2026-04-09T00:38:18.786+0000] {dagbag.py:587} INFO - Filling up the DagBag from /home/airflow/.local/lib/python3.12/site-packages/airflow/example_dags/example_outlet_event_extra.py
[2026-04-09T00:38:18.843+0000] {processor.py:925} INFO - DAG(s) 'dataset_with_extra_from_classic_operator', 'dataset_with_extra_by_context', 'dataset_with_extra_by_yield' retrieved from /home/airflow/.local/lib/python3.12/site-packages/airflow/example_dags/example_outlet_event_extra.py
[2026-04-09T00:38:18.857+0000] {logging_mixin.py:190} INFO - [2026-04-09T00:38:18.857+0000] {dag.py:3211} INFO - Sync 3 DAGs
[2026-04-09T00:38:18.867+0000] {logging_mixin.py:190} INFO - [2026-04-09T00:38:18.866+0000] {dag.py:4138} INFO - Setting next_dagrun for dataset_with_extra_by_context to 2026-04-08 00:00:00+00:00, run_after=2026-04-09 00:00:00+00:00
[2026-04-09T00:38:18.869+0000] {logging_mixin.py:190} INFO - [2026-04-09T00:38:18.868+0000] {dag.py:4138} INFO - Setting next_dagrun for dataset_with_extra_by_yield to 2026-04-08 00:00:00+00:00, run_after=2026-04-09 00:00:00+00:00
[2026-04-09T00:38:18.870+0000] {logging_mixin.py:190} INFO - [2026-04-09T00:38:18.870+0000] {dag.py:4138} INFO - Setting next_dagrun for dataset_with_extra_from_classic_operator to 2026-04-08 00:00:00+00:00, run_after=2026-04-09 00:00:00+00:00
[2026-04-09T00:38:18.878+0000] {processor.py:208} INFO - Processing /home/airflow/.local/lib/python3.12/site-packages/airflow/example_dags/example_outlet_event_extra.py took 0.096 seconds
[2026-04-09T00:38:49.442+0000] {processor.py:186} INFO - Started process (PID=990) to work on /home/airflow/.local/lib/python3.12/site-packages/airflow/example_dags/example_outlet_event_extra.py
[2026-04-09T00:38:49.445+0000] {processor.py:914} INFO - Processing file /home/airflow/.local/lib/python3.12/site-packages/airflow/example_dags/example_outlet_event_extra.py for tasks to queue
[2026-04-09T00:38:49.446+0000] {logging_mixin.py:190} INFO - [2026-04-09T00:38:49.446+0000] {dagbag.py:587} INFO - Filling up the DagBag from /home/airflow/.local/lib/python3.12/site-packages/airflow/example_dags/example_outlet_event_extra.py
[2026-04-09T00:38:49.499+0000] {processor.py:925} INFO - DAG(s) 'dataset_with_extra_by_yield', 'dataset_with_extra_by_context', 'dataset_with_extra_from_classic_operator' retrieved from /home/airflow/.local/lib/python3.12/site-packages/airflow/example_dags/example_outlet_event_extra.py
[2026-04-09T00:38:49.522+0000] {logging_mixin.py:190} INFO - [2026-04-09T00:38:49.522+0000] {dag.py:3211} INFO - Sync 3 DAGs
[2026-04-09T00:38:49.532+0000] {logging_mixin.py:190} INFO - [2026-04-09T00:38:49.531+0000] {dag.py:4138} INFO - Setting next_dagrun for dataset_with_extra_by_context to 2026-04-08 00:00:00+00:00, run_after=2026-04-09 00:00:00+00:00
[2026-04-09T00:38:49.533+0000] {logging_mixin.py:190} INFO - [2026-04-09T00:38:49.533+0000] {dag.py:4138} INFO - Setting next_dagrun for dataset_with_extra_by_yield to 2026-04-08 00:00:00+00:00, run_after=2026-04-09 00:00:00+00:00
[2026-04-09T00:38:49.534+0000] {logging_mixin.py:190} INFO - [2026-04-09T00:38:49.534+0000] {dag.py:4138} INFO - Setting next_dagrun for dataset_with_extra_from_classic_operator to 2026-04-08 00:00:00+00:00, run_after=2026-04-09 00:00:00+00:00
[2026-04-09T00:38:49.546+0000] {processor.py:208} INFO - Processing /home/airflow/.local/lib/python3.12/site-packages/airflow/example_dags/example_outlet_event_extra.py took 0.106 seconds
[2026-04-09T00:39:20.269+0000] {processor.py:186} INFO - Started process (PID=1054) to work on /home/airflow/.local/lib/python3.12/site-packages/airflow/example_dags/example_outlet_event_extra.py
[2026-04-09T00:39:20.269+0000] {processor.py:914} INFO - Processing file /home/airflow/.local/lib/python3.12/site-packages/airflow/example_dags/example_outlet_event_extra.py for tasks to queue
[2026-04-09T00:39:20.270+0000] {logging_mixin.py:190} INFO - [2026-04-09T00:39:20.270+0000] {dagbag.py:587} INFO - Filling up the DagBag from /home/airflow/.local/lib/python3.12/site-packages/airflow/example_dags/example_outlet_event_extra.py
[2026-04-09T00:39:20.324+0000] {processor.py:925} INFO - DAG(s) 'dataset_with_extra_from_classic_operator', 'dataset_with_extra_by_yield', 'dataset_with_extra_by_context' retrieved from /home/airflow/.local/lib/python3.12/site-packages/airflow/example_dags/example_outlet_event_extra.py
[2026-04-09T00:39:20.335+0000] {logging_mixin.py:190} INFO - [2026-04-09T00:39:20.335+0000] {dag.py:3211} INFO - Sync 3 DAGs
[2026-04-09T00:39:20.345+0000] {logging_mixin.py:190} INFO - [2026-04-09T00:39:20.345+0000] {dag.py:4138} INFO - Setting next_dagrun for dataset_with_extra_by_context to 2026-04-08 00:00:00+00:00, run_after=2026-04-09 00:00:00+00:00
[2026-04-09T00:39:20.346+0000] {logging_mixin.py:190} INFO - [2026-04-09T00:39:20.346+0000] {dag.py:4138} INFO - Setting next_dagrun for dataset_with_extra_by_yield to 2026-04-08 00:00:00+00:00, run_after=2026-04-09 00:00:00+00:00
[2026-04-09T00:39:20.347+0000] {logging_mixin.py:190} INFO - [2026-04-09T00:39:20.347+0000] {dag.py:4138} INFO - Setting next_dagrun for dataset_with_extra_from_classic_operator to 2026-04-08 00:00:00+00:00, run_after=2026-04-09 00:00:00+00:00
[2026-04-09T00:39:20.357+0000] {processor.py:208} INFO - Processing /home/airflow/.local/lib/python3.12/site-packages/airflow/example_dags/example_outlet_event_extra.py took 0.091 seconds
[2026-04-09T00:39:51.032+0000] {processor.py:186} INFO - Started process (PID=1118) to work on /home/airflow/.local/lib/python3.12/site-packages/airflow/example_dags/example_outlet_event_extra.py
[2026-04-09T00:39:51.033+0000] {processor.py:914} INFO - Processing file /home/airflow/.local/lib/python3.12/site-packages/airflow/example_dags/example_outlet_event_extra.py for tasks to queue
[2026-04-09T00:39:51.034+0000] {logging_mixin.py:190} INFO - [2026-04-09T00:39:51.034+0000] {dagbag.py:587} INFO - Filling up the DagBag from /home/airflow/.local/lib/python3.12/site-packages/airflow/example_dags/example_outlet_event_extra.py
[2026-04-09T00:39:51.086+0000] {processor.py:925} INFO - DAG(s) 'dataset_with_extra_from_classic_operator', 'dataset_with_extra_by_yield', 'dataset_with_extra_by_context' retrieved from /home/airflow/.local/lib/python3.12/site-packages/airflow/example_dags/example_outlet_event_extra.py
[2026-04-09T00:39:51.095+0000] {logging_mixin.py:190} INFO - [2026-04-09T00:39:51.095+0000] {dag.py:3211} INFO - Sync 3 DAGs
[2026-04-09T00:39:51.104+0000] {logging_mixin.py:190} INFO - [2026-04-09T00:39:51.104+0000] {dag.py:4138} INFO - Setting next_dagrun for dataset_with_extra_by_context to 2026-04-08 00:00:00+00:00, run_after=2026-04-09 00:00:00+00:00
[2026-04-09T00:39:51.106+0000] {logging_mixin.py:190} INFO - [2026-04-09T00:39:51.106+0000] {dag.py:4138} INFO - Setting next_dagrun for dataset_with_extra_by_yield to 2026-04-08 00:00:00+00:00, run_after=2026-04-09 00:00:00+00:00
[2026-04-09T00:39:51.106+0000] {logging_mixin.py:190} INFO - [2026-04-09T00:39:51.106+0000] {dag.py:4138} INFO - Setting next_dagrun for dataset_with_extra_from_classic_operator to 2026-04-08 00:00:00+00:00, run_after=2026-04-09 00:00:00+00:00
[2026-04-09T00:39:51.114+0000] {processor.py:208} INFO - Processing /home/airflow/.local/lib/python3.12/site-packages/airflow/example_dags/example_outlet_event_extra.py took 0.084 seconds
[2026-04-09T00:40:21.816+0000] {processor.py:186} INFO - Started process (PID=1182) to work on /home/airflow/.local/lib/python3.12/site-packages/airflow/example_dags/example_outlet_event_extra.py
[2026-04-09T00:40:21.817+0000] {processor.py:914} INFO - Processing file /home/airflow/.local/lib/python3.12/site-packages/airflow/example_dags/example_outlet_event_extra.py for tasks to queue
[2026-04-09T00:40:21.818+0000] {logging_mixin.py:190} INFO - [2026-04-09T00:40:21.818+0000] {dagbag.py:587} INFO - Filling up the DagBag from /home/airflow/.local/lib/python3.12/site-packages/airflow/example_dags/example_outlet_event_extra.py
[2026-04-09T00:40:21.874+0000] {processor.py:925} INFO - DAG(s) 'dataset_with_extra_from_classic_operator', 'dataset_with_extra_by_context', 'dataset_with_extra_by_yield' retrieved from /home/airflow/.local/lib/python3.12/site-packages/airflow/example_dags/example_outlet_event_extra.py
[2026-04-09T00:40:21.886+0000] {logging_mixin.py:190} INFO - [2026-04-09T00:40:21.886+0000] {dag.py:3211} INFO - Sync 3 DAGs
[2026-04-09T00:40:21.894+0000] {logging_mixin.py:190} INFO - [2026-04-09T00:40:21.894+0000] {dag.py:4138} INFO - Setting next_dagrun for dataset_with_extra_by_context to 2026-04-08 00:00:00+00:00, run_after=2026-04-09 00:00:00+00:00
[2026-04-09T00:40:21.896+0000] {logging_mixin.py:190} INFO - [2026-04-09T00:40:21.896+0000] {dag.py:4138} INFO - Setting next_dagrun for dataset_with_extra_by_yield to 2026-04-08 00:00:00+00:00, run_after=2026-04-09 00:00:00+00:00
[2026-04-09T00:40:21.897+0000] {logging_mixin.py:190} INFO - [2026-04-09T00:40:21.897+0000] {dag.py:4138} INFO - Setting next_dagrun for dataset_with_extra_from_classic_operator to 2026-04-08 00:00:00+00:00, run_after=2026-04-09 00:00:00+00:00
[2026-04-09T00:40:21.904+0000] {processor.py:208} INFO - Processing /home/airflow/.local/lib/python3.12/site-packages/airflow/example_dags/example_outlet_event_extra.py took 0.090 seconds
[2026-04-09T00:40:52.610+0000] {processor.py:186} INFO - Started process (PID=1246) to work on /home/airflow/.local/lib/python3.12/site-packages/airflow/example_dags/example_outlet_event_extra.py
[2026-04-09T00:40:52.610+0000] {processor.py:914} INFO - Processing file /home/airflow/.local/lib/python3.12/site-packages/airflow/example_dags/example_outlet_event_extra.py for tasks to queue
[2026-04-09T00:40:52.612+0000] {logging_mixin.py:190} INFO - [2026-04-09T00:40:52.611+0000] {dagbag.py:587} INFO - Filling up the DagBag from /home/airflow/.local/lib/python3.12/site-packages/airflow/example_dags/example_outlet_event_extra.py
[2026-04-09T00:40:52.667+0000] {processor.py:925} INFO - DAG(s) 'dataset_with_extra_from_classic_operator', 'dataset_with_extra_by_yield', 'dataset_with_extra_by_context' retrieved from /home/airflow/.local/lib/python3.12/site-packages/airflow/example_dags/example_outlet_event_extra.py
[2026-04-09T00:40:52.677+0000] {logging_mixin.py:190} INFO - [2026-04-09T00:40:52.677+0000] {dag.py:3211} INFO - Sync 3 DAGs
[2026-04-09T00:40:52.685+0000] {logging_mixin.py:190} INFO - [2026-04-09T00:40:52.685+0000] {dag.py:4138} INFO - Setting next_dagrun for dataset_with_extra_by_context to 2026-04-08 00:00:00+00:00, run_after=2026-04-09 00:00:00+00:00
[2026-04-09T00:40:52.688+0000] {logging_mixin.py:190} INFO - [2026-04-09T00:40:52.688+0000] {dag.py:4138} INFO - Setting next_dagrun for dataset_with_extra_by_yield to 2026-04-08 00:00:00+00:00, run_after=2026-04-09 00:00:00+00:00
[2026-04-09T00:40:52.690+0000] {logging_mixin.py:190} INFO - [2026-04-09T00:40:52.690+0000] {dag.py:4138} INFO - Setting next_dagrun for dataset_with_extra_from_classic_operator to 2026-04-08 00:00:00+00:00, run_after=2026-04-09 00:00:00+00:00
[2026-04-09T00:40:52.696+0000] {processor.py:208} INFO - Processing /home/airflow/.local/lib/python3.12/site-packages/airflow/example_dags/example_outlet_event_extra.py took 0.088 seconds
[2026-04-09T00:41:23.422+0000] {processor.py:186} INFO - Started process (PID=1310) to work on /home/airflow/.local/lib/python3.12/site-packages/airflow/example_dags/example_outlet_event_extra.py
[2026-04-09T00:41:23.424+0000] {processor.py:914} INFO - Processing file /home/airflow/.local/lib/python3.12/site-packages/airflow/example_dags/example_outlet_event_extra.py for tasks to queue
[2026-04-09T00:41:23.425+0000] {logging_mixin.py:190} INFO - [2026-04-09T00:41:23.425+0000] {dagbag.py:587} INFO - Filling up the DagBag from /home/airflow/.local/lib/python3.12/site-packages/airflow/example_dags/example_outlet_event_extra.py
[2026-04-09T00:41:23.479+0000] {processor.py:925} INFO - DAG(s) 'dataset_with_extra_by_yield', 'dataset_with_extra_from_classic_operator', 'dataset_with_extra_by_context' retrieved from /home/airflow/.local/lib/python3.12/site-packages/airflow/example_dags/example_outlet_event_extra.py
[2026-04-09T00:41:23.490+0000] {logging_mixin.py:190} INFO - [2026-04-09T00:41:23.490+0000] {dag.py:3211} INFO - Sync 3 DAGs
[2026-04-09T00:41:23.498+0000] {logging_mixin.py:190} INFO - [2026-04-09T00:41:23.498+0000] {dag.py:4138} INFO - Setting next_dagrun for dataset_with_extra_by_context to 2026-04-08 00:00:00+00:00, run_after=2026-04-09 00:00:00+00:00
[2026-04-09T00:41:23.500+0000] {logging_mixin.py:190} INFO - [2026-04-09T00:41:23.500+0000] {dag.py:4138} INFO - Setting next_dagrun for dataset_with_extra_by_yield to 2026-04-08 00:00:00+00:00, run_after=2026-04-09 00:00:00+00:00
[2026-04-09T00:41:23.502+0000] {logging_mixin.py:190} INFO - [2026-04-09T00:41:23.502+0000] {dag.py:4138} INFO - Setting next_dagrun for dataset_with_extra_from_classic_operator to 2026-04-08 00:00:00+00:00, run_after=2026-04-09 00:00:00+00:00
[2026-04-09T00:41:23.509+0000] {processor.py:208} INFO - Processing /home/airflow/.local/lib/python3.12/site-packages/airflow/example_dags/example_outlet_event_extra.py took 0.089 seconds
[2026-04-09T00:41:54.335+0000] {processor.py:186} INFO - Started process (PID=1374) to work on /home/airflow/.local/lib/python3.12/site-packages/airflow/example_dags/example_outlet_event_extra.py
[2026-04-09T00:41:54.336+0000] {processor.py:914} INFO - Processing file /home/airflow/.local/lib/python3.12/site-packages/airflow/example_dags/example_outlet_event_extra.py for tasks to queue
[2026-04-09T00:41:54.337+0000] {logging_mixin.py:190} INFO - [2026-04-09T00:41:54.337+0000] {dagbag.py:587} INFO - Filling up the DagBag from /home/airflow/.local/lib/python3.12/site-packages/airflow/example_dags/example_outlet_event_extra.py
[2026-04-09T00:41:54.397+0000] {processor.py:925} INFO - DAG(s) 'dataset_with_extra_by_context', 'dataset_with_extra_from_classic_operator', 'dataset_with_extra_by_yield' retrieved from /home/airflow/.local/lib/python3.12/site-packages/airflow/example_dags/example_outlet_event_extra.py
[2026-04-09T00:41:54.408+0000] {logging_mixin.py:190} INFO - [2026-04-09T00:41:54.407+0000] {dag.py:3211} INFO - Sync 3 DAGs
[2026-04-09T00:41:54.418+0000] {logging_mixin.py:190} INFO - [2026-04-09T00:41:54.418+0000] {dag.py:4138} INFO - Setting next_dagrun for dataset_with_extra_by_context to 2026-04-08 00:00:00+00:00, run_after=2026-04-09 00:00:00+00:00
[2026-04-09T00:41:54.421+0000] {logging_mixin.py:190} INFO - [2026-04-09T00:41:54.421+0000] {dag.py:4138} INFO - Setting next_dagrun for dataset_with_extra_by_yield to 2026-04-08 00:00:00+00:00, run_after=2026-04-09 00:00:00+00:00
[2026-04-09T00:41:54.423+0000] {logging_mixin.py:190} INFO - [2026-04-09T00:41:54.423+0000] {dag.py:4138} INFO - Setting next_dagrun for dataset_with_extra_from_classic_operator to 2026-04-08 00:00:00+00:00, run_after=2026-04-09 00:00:00+00:00
[2026-04-09T00:41:54.431+0000] {processor.py:208} INFO - Processing /home/airflow/.local/lib/python3.12/site-packages/airflow/example_dags/example_outlet_event_extra.py took 0.098 seconds
[2026-04-09T00:42:24.451+0000] {processor.py:186} INFO - Started process (PID=1442) to work on /home/airflow/.local/lib/python3.12/site-packages/airflow/example_dags/example_outlet_event_extra.py
[2026-04-09T00:42:24.451+0000] {processor.py:914} INFO - Processing file /home/airflow/.local/lib/python3.12/site-packages/airflow/example_dags/example_outlet_event_extra.py for tasks to queue
[2026-04-09T00:42:24.452+0000] {logging_mixin.py:190} INFO - [2026-04-09T00:42:24.452+0000] {dagbag.py:587} INFO - Filling up the DagBag from /home/airflow/.local/lib/python3.12/site-packages/airflow/example_dags/example_outlet_event_extra.py
[2026-04-09T00:42:24.499+0000] {processor.py:925} INFO - DAG(s) 'dataset_with_extra_by_context', 'dataset_with_extra_by_yield', 'dataset_with_extra_from_classic_operator' retrieved from /home/airflow/.local/lib/python3.12/site-packages/airflow/example_dags/example_outlet_event_extra.py
[2026-04-09T00:42:24.507+0000] {logging_mixin.py:190} INFO - [2026-04-09T00:42:24.507+0000] {dag.py:3211} INFO - Sync 3 DAGs
[2026-04-09T00:42:24.514+0000] {logging_mixin.py:190} INFO - [2026-04-09T00:42:24.514+0000] {dag.py:4138} INFO - Setting next_dagrun for dataset_with_extra_by_context to 2026-04-08 00:00:00+00:00, run_after=2026-04-09 00:00:00+00:00
[2026-04-09T00:42:24.515+0000] {logging_mixin.py:190} INFO - [2026-04-09T00:42:24.515+0000] {dag.py:4138} INFO - Setting next_dagrun for dataset_with_extra_by_yield to 2026-04-08 00:00:00+00:00, run_after=2026-04-09 00:00:00+00:00
[2026-04-09T00:42:24.516+0000] {logging_mixin.py:190} INFO - [2026-04-09T00:42:24.516+0000] {dag.py:4138} INFO - Setting next_dagrun for dataset_with_extra_from_classic_operator to 2026-04-08 00:00:00+00:00, run_after=2026-04-09 00:00:00+00:00
[2026-04-09T00:42:24.522+0000] {processor.py:208} INFO - Processing /home/airflow/.local/lib/python3.12/site-packages/airflow/example_dags/example_outlet_event_extra.py took 0.074 seconds
[2026-04-09T00:42:55.178+0000] {processor.py:186} INFO - Started process (PID=1502) to work on /home/airflow/.local/lib/python3.12/site-packages/airflow/example_dags/example_outlet_event_extra.py
[2026-04-09T00:42:55.179+0000] {processor.py:914} INFO - Processing file /home/airflow/.local/lib/python3.12/site-packages/airflow/example_dags/example_outlet_event_extra.py for tasks to queue
[2026-04-09T00:42:55.180+0000] {logging_mixin.py:190} INFO - [2026-04-09T00:42:55.180+0000] {dagbag.py:587} INFO - Filling up the DagBag from /home/airflow/.local/lib/python3.12/site-packages/airflow/example_dags/example_outlet_event_extra.py
[2026-04-09T00:42:55.237+0000] {processor.py:925} INFO - DAG(s) 'dataset_with_extra_by_yield', 'dataset_with_extra_by_context', 'dataset_with_extra_from_classic_operator' retrieved from /home/airflow/.local/lib/python3.12/site-packages/airflow/example_dags/example_outlet_event_extra.py
[2026-04-09T00:42:55.247+0000] {logging_mixin.py:190} INFO - [2026-04-09T00:42:55.247+0000] {dag.py:3211} INFO - Sync 3 DAGs
[2026-04-09T00:42:55.255+0000] {logging_mixin.py:190} INFO - [2026-04-09T00:42:55.255+0000] {dag.py:4138} INFO - Setting next_dagrun for dataset_with_extra_by_context to 2026-04-08 00:00:00+00:00, run_after=2026-04-09 00:00:00+00:00
[2026-04-09T00:42:55.258+0000] {logging_mixin.py:190} INFO - [2026-04-09T00:42:55.258+0000] {dag.py:4138} INFO - Setting next_dagrun for dataset_with_extra_by_yield to 2026-04-08 00:00:00+00:00, run_after=2026-04-09 00:00:00+00:00
[2026-04-09T00:42:55.258+0000] {logging_mixin.py:190} INFO - [2026-04-09T00:42:55.258+0000] {dag.py:4138} INFO - Setting next_dagrun for dataset_with_extra_from_classic_operator to 2026-04-08 00:00:00+00:00, run_after=2026-04-09 00:00:00+00:00
[2026-04-09T00:42:55.264+0000] {processor.py:208} INFO - Processing /home/airflow/.local/lib/python3.12/site-packages/airflow/example_dags/example_outlet_event_extra.py took 0.089 seconds
[2026-04-09T00:43:25.954+0000] {processor.py:186} INFO - Started process (PID=1566) to work on /home/airflow/.local/lib/python3.12/site-packages/airflow/example_dags/example_outlet_event_extra.py
[2026-04-09T00:43:25.954+0000] {processor.py:914} INFO - Processing file /home/airflow/.local/lib/python3.12/site-packages/airflow/example_dags/example_outlet_event_extra.py for tasks to queue
[2026-04-09T00:43:25.955+0000] {logging_mixin.py:190} INFO - [2026-04-09T00:43:25.955+0000] {dagbag.py:587} INFO - Filling up the DagBag from /home/airflow/.local/lib/python3.12/site-packages/airflow/example_dags/example_outlet_event_extra.py
[2026-04-09T00:43:26.009+0000] {processor.py:925} INFO - DAG(s) 'dataset_with_extra_by_yield', 'dataset_with_extra_from_classic_operator', 'dataset_with_extra_by_context' retrieved from /home/airflow/.local/lib/python3.12/site-packages/airflow/example_dags/example_outlet_event_extra.py
[2026-04-09T00:43:26.018+0000] {logging_mixin.py:190} INFO - [2026-04-09T00:43:26.018+0000] {dag.py:3211} INFO - Sync 3 DAGs
[2026-04-09T00:43:26.027+0000] {logging_mixin.py:190} INFO - [2026-04-09T00:43:26.027+0000] {dag.py:4138} INFO - Setting next_dagrun for dataset_with_extra_by_context to 2026-04-08 00:00:00+00:00, run_after=2026-04-09 00:00:00+00:00
[2026-04-09T00:43:26.030+0000] {logging_mixin.py:190} INFO - [2026-04-09T00:43:26.030+0000] {dag.py:4138} INFO - Setting next_dagrun for dataset_with_extra_by_yield to 2026-04-08 00:00:00+00:00, run_after=2026-04-09 00:00:00+00:00
[2026-04-09T00:43:26.031+0000] {logging_mixin.py:190} INFO - [2026-04-09T00:43:26.031+0000] {dag.py:4138} INFO - Setting next_dagrun for dataset_with_extra_from_classic_operator to 2026-04-08 00:00:00+00:00, run_after=2026-04-09 00:00:00+00:00
[2026-04-09T00:43:26.039+0000] {processor.py:208} INFO - Processing /home/airflow/.local/lib/python3.12/site-packages/airflow/example_dags/example_outlet_event_extra.py took 0.087 seconds
[2026-04-09T00:43:56.696+0000] {processor.py:186} INFO - Started process (PID=1630) to work on /home/airflow/.local/lib/python3.12/site-packages/airflow/example_dags/example_outlet_event_extra.py
[2026-04-09T00:43:56.697+0000] {processor.py:914} INFO - Processing file /home/airflow/.local/lib/python3.12/site-packages/airflow/example_dags/example_outlet_event_extra.py for tasks to queue
[2026-04-09T00:43:56.698+0000] {logging_mixin.py:190} INFO - [2026-04-09T00:43:56.697+0000] {dagbag.py:587} INFO - Filling up the DagBag from /home/airflow/.local/lib/python3.12/site-packages/airflow/example_dags/example_outlet_event_extra.py
[2026-04-09T00:43:56.753+0000] {processor.py:925} INFO - DAG(s) 'dataset_with_extra_by_yield', 'dataset_with_extra_from_classic_operator', 'dataset_with_extra_by_context' retrieved from /home/airflow/.local/lib/python3.12/site-packages/airflow/example_dags/example_outlet_event_extra.py
[2026-04-09T00:43:56.764+0000] {logging_mixin.py:190} INFO - [2026-04-09T00:43:56.764+0000] {dag.py:3211} INFO - Sync 3 DAGs
[2026-04-09T00:43:56.772+0000] {logging_mixin.py:190} INFO - [2026-04-09T00:43:56.772+0000] {dag.py:4138} INFO - Setting next_dagrun for dataset_with_extra_by_context to 2026-04-08 00:00:00+00:00, run_after=2026-04-09 00:00:00+00:00
[2026-04-09T00:43:56.774+0000] {logging_mixin.py:190} INFO - [2026-04-09T00:43:56.774+0000] {dag.py:4138} INFO - Setting next_dagrun for dataset_with_extra_by_yield to 2026-04-08 00:00:00+00:00, run_after=2026-04-09 00:00:00+00:00
[2026-04-09T00:43:56.777+0000] {logging_mixin.py:190} INFO - [2026-04-09T00:43:56.777+0000] {dag.py:4138} INFO - Setting next_dagrun for dataset_with_extra_from_classic_operator to 2026-04-08 00:00:00+00:00, run_after=2026-04-09 00:00:00+00:00
[2026-04-09T00:43:56.783+0000] {processor.py:208} INFO - Processing /home/airflow/.local/lib/python3.12/site-packages/airflow/example_dags/example_outlet_event_extra.py took 0.089 seconds
[2026-04-09T00:44:27.487+0000] {processor.py:186} INFO - Started process (PID=1694) to work on /home/airflow/.local/lib/python3.12/site-packages/airflow/example_dags/example_outlet_event_extra.py
[2026-04-09T00:44:27.488+0000] {processor.py:914} INFO - Processing file /home/airflow/.local/lib/python3.12/site-packages/airflow/example_dags/example_outlet_event_extra.py for tasks to queue
[2026-04-09T00:44:27.489+0000] {logging_mixin.py:190} INFO - [2026-04-09T00:44:27.489+0000] {dagbag.py:587} INFO - Filling up the DagBag from /home/airflow/.local/lib/python3.12/site-packages/airflow/example_dags/example_outlet_event_extra.py
[2026-04-09T00:44:27.545+0000] {processor.py:925} INFO - DAG(s) 'dataset_with_extra_by_context', 'dataset_with_extra_from_classic_operator', 'dataset_with_extra_by_yield' retrieved from /home/airflow/.local/lib/python3.12/site-packages/airflow/example_dags/example_outlet_event_extra.py
[2026-04-09T00:44:27.557+0000] {logging_mixin.py:190} INFO - [2026-04-09T00:44:27.556+0000] {dag.py:3211} INFO - Sync 3 DAGs
[2026-04-09T00:44:27.564+0000] {logging_mixin.py:190} INFO - [2026-04-09T00:44:27.564+0000] {dag.py:4138} INFO - Setting next_dagrun for dataset_with_extra_by_context to 2026-04-08 00:00:00+00:00, run_after=2026-04-09 00:00:00+00:00
[2026-04-09T00:44:27.566+0000] {logging_mixin.py:190} INFO - [2026-04-09T00:44:27.566+0000] {dag.py:4138} INFO - Setting next_dagrun for dataset_with_extra_by_yield to 2026-04-08 00:00:00+00:00, run_after=2026-04-09 00:00:00+00:00
[2026-04-09T00:44:27.567+0000] {logging_mixin.py:190} INFO - [2026-04-09T00:44:27.567+0000] {dag.py:4138} INFO - Setting next_dagrun for dataset_with_extra_from_classic_operator to 2026-04-08 00:00:00+00:00, run_after=2026-04-09 00:00:00+00:00
[2026-04-09T00:44:27.575+0000] {processor.py:208} INFO - Processing /home/airflow/.local/lib/python3.12/site-packages/airflow/example_dags/example_outlet_event_extra.py took 0.091 seconds
[2026-04-09T00:44:58.442+0000] {processor.py:186} INFO - Started process (PID=1758) to work on /home/airflow/.local/lib/python3.12/site-packages/airflow/example_dags/example_outlet_event_extra.py
[2026-04-09T00:44:58.443+0000] {processor.py:914} INFO - Processing file /home/airflow/.local/lib/python3.12/site-packages/airflow/example_dags/example_outlet_event_extra.py for tasks to queue
[2026-04-09T00:44:58.444+0000] {logging_mixin.py:190} INFO - [2026-04-09T00:44:58.444+0000] {dagbag.py:587} INFO - Filling up the DagBag from /home/airflow/.local/lib/python3.12/site-packages/airflow/example_dags/example_outlet_event_extra.py
[2026-04-09T00:44:58.495+0000] {processor.py:925} INFO - DAG(s) 'dataset_with_extra_by_yield', 'dataset_with_extra_by_context', 'dataset_with_extra_from_classic_operator' retrieved from /home/airflow/.local/lib/python3.12/site-packages/airflow/example_dags/example_outlet_event_extra.py
[2026-04-09T00:44:58.506+0000] {logging_mixin.py:190} INFO - [2026-04-09T00:44:58.506+0000] {dag.py:3211} INFO - Sync 3 DAGs
[2026-04-09T00:44:58.514+0000] {logging_mixin.py:190} INFO - [2026-04-09T00:44:58.514+0000] {dag.py:4138} INFO - Setting next_dagrun for dataset_with_extra_by_context to 2026-04-08 00:00:00+00:00, run_after=2026-04-09 00:00:00+00:00
[2026-04-09T00:44:58.517+0000] {logging_mixin.py:190} INFO - [2026-04-09T00:44:58.517+0000] {dag.py:4138} INFO - Setting next_dagrun for dataset_with_extra_by_yield to 2026-04-08 00:00:00+00:00, run_after=2026-04-09 00:00:00+00:00
[2026-04-09T00:44:58.519+0000] {logging_mixin.py:190} INFO - [2026-04-09T00:44:58.519+0000] {dag.py:4138} INFO - Setting next_dagrun for dataset_with_extra_from_classic_operator to 2026-04-08 00:00:00+00:00, run_after=2026-04-09 00:00:00+00:00
[2026-04-09T00:44:58.526+0000] {processor.py:208} INFO - Processing /home/airflow/.local/lib/python3.12/site-packages/airflow/example_dags/example_outlet_event_extra.py took 0.085 seconds
[2026-04-09T00:45:29.415+0000] {processor.py:186} INFO - Started process (PID=1821) to work on /home/airflow/.local/lib/python3.12/site-packages/airflow/example_dags/example_outlet_event_extra.py
[2026-04-09T00:45:29.415+0000] {processor.py:914} INFO - Processing file /home/airflow/.local/lib/python3.12/site-packages/airflow/example_dags/example_outlet_event_extra.py for tasks to queue
[2026-04-09T00:45:29.418+0000] {logging_mixin.py:190} INFO - [2026-04-09T00:45:29.418+0000] {dagbag.py:587} INFO - Filling up the DagBag from /home/airflow/.local/lib/python3.12/site-packages/airflow/example_dags/example_outlet_event_extra.py
[2026-04-09T00:45:29.470+0000] {processor.py:925} INFO - DAG(s) 'dataset_with_extra_from_classic_operator', 'dataset_with_extra_by_yield', 'dataset_with_extra_by_context' retrieved from /home/airflow/.local/lib/python3.12/site-packages/airflow/example_dags/example_outlet_event_extra.py
[2026-04-09T00:45:29.482+0000] {logging_mixin.py:190} INFO - [2026-04-09T00:45:29.482+0000] {dag.py:3211} INFO - Sync 3 DAGs
[2026-04-09T00:45:29.569+0000] {logging_mixin.py:190} INFO - [2026-04-09T00:45:29.568+0000] {dag.py:4138} INFO - Setting next_dagrun for dataset_with_extra_by_context to 2026-04-08 00:00:00+00:00, run_after=2026-04-09 00:00:00+00:00
[2026-04-09T00:45:29.570+0000] {logging_mixin.py:190} INFO - [2026-04-09T00:45:29.570+0000] {dag.py:4138} INFO - Setting next_dagrun for dataset_with_extra_by_yield to 2026-04-08 00:00:00+00:00, run_after=2026-04-09 00:00:00+00:00
[2026-04-09T00:45:29.570+0000] {logging_mixin.py:190} INFO - [2026-04-09T00:45:29.570+0000] {dag.py:4138} INFO - Setting next_dagrun for dataset_with_extra_from_classic_operator to 2026-04-08 00:00:00+00:00, run_after=2026-04-09 00:00:00+00:00
[2026-04-09T00:45:29.575+0000] {processor.py:208} INFO - Processing /home/airflow/.local/lib/python3.12/site-packages/airflow/example_dags/example_outlet_event_extra.py took 0.163 seconds
[2026-04-09T00:46:00.389+0000] {processor.py:186} INFO - Started process (PID=1885) to work on /home/airflow/.local/lib/python3.12/site-packages/airflow/example_dags/example_outlet_event_extra.py
[2026-04-09T00:46:00.389+0000] {processor.py:914} INFO - Processing file /home/airflow/.local/lib/python3.12/site-packages/airflow/example_dags/example_outlet_event_extra.py for tasks to queue
[2026-04-09T00:46:00.390+0000] {logging_mixin.py:190} INFO - [2026-04-09T00:46:00.390+0000] {dagbag.py:587} INFO - Filling up the DagBag from /home/airflow/.local/lib/python3.12/site-packages/airflow/example_dags/example_outlet_event_extra.py
[2026-04-09T00:46:00.442+0000] {processor.py:925} INFO - DAG(s) 'dataset_with_extra_from_classic_operator', 'dataset_with_extra_by_yield', 'dataset_with_extra_by_context' retrieved from /home/airflow/.local/lib/python3.12/site-packages/airflow/example_dags/example_outlet_event_extra.py
[2026-04-09T00:46:00.453+0000] {logging_mixin.py:190} INFO - [2026-04-09T00:46:00.453+0000] {dag.py:3211} INFO - Sync 3 DAGs
[2026-04-09T00:46:00.532+0000] {logging_mixin.py:190} INFO - [2026-04-09T00:46:00.532+0000] {dag.py:4138} INFO - Setting next_dagrun for dataset_with_extra_by_context to 2026-04-08 00:00:00+00:00, run_after=2026-04-09 00:00:00+00:00
[2026-04-09T00:46:00.533+0000] {logging_mixin.py:190} INFO - [2026-04-09T00:46:00.533+0000] {dag.py:4138} INFO - Setting next_dagrun for dataset_with_extra_by_yield to 2026-04-08 00:00:00+00:00, run_after=2026-04-09 00:00:00+00:00
[2026-04-09T00:46:00.534+0000] {logging_mixin.py:190} INFO - [2026-04-09T00:46:00.534+0000] {dag.py:4138} INFO - Setting next_dagrun for dataset_with_extra_from_classic_operator to 2026-04-08 00:00:00+00:00, run_after=2026-04-09 00:00:00+00:00
[2026-04-09T00:46:00.539+0000] {processor.py:208} INFO - Processing /home/airflow/.local/lib/python3.12/site-packages/airflow/example_dags/example_outlet_event_extra.py took 0.153 seconds
