[2026-04-09T00:31:37.665+0000] {processor.py:186} INFO - Started process (PID=75) to work on /home/airflow/.local/lib/python3.12/site-packages/airflow/example_dags/example_task_group.py
[2026-04-09T00:31:37.665+0000] {processor.py:914} INFO - Processing file /home/airflow/.local/lib/python3.12/site-packages/airflow/example_dags/example_task_group.py for tasks to queue
[2026-04-09T00:31:37.666+0000] {logging_mixin.py:190} INFO - [2026-04-09T00:31:37.666+0000] {dagbag.py:587} INFO - Filling up the DagBag from /home/airflow/.local/lib/python3.12/site-packages/airflow/example_dags/example_task_group.py
[2026-04-09T00:31:37.671+0000] {processor.py:925} INFO - DAG(s) 'example_task_group' retrieved from /home/airflow/.local/lib/python3.12/site-packages/airflow/example_dags/example_task_group.py
[2026-04-09T00:31:37.716+0000] {logging_mixin.py:190} INFO - [2026-04-09T00:31:37.716+0000] {dag.py:3211} INFO - Sync 1 DAGs
[2026-04-09T00:31:37.724+0000] {logging_mixin.py:190} INFO - [2026-04-09T00:31:37.724+0000] {dag.py:4138} INFO - Setting next_dagrun for example_task_group to 2026-04-08 00:00:00+00:00, run_after=2026-04-09 00:00:00+00:00
[2026-04-09T00:31:37.730+0000] {processor.py:208} INFO - Processing /home/airflow/.local/lib/python3.12/site-packages/airflow/example_dags/example_task_group.py took 0.067 seconds
[2026-04-09T00:32:07.840+0000] {processor.py:186} INFO - Started process (PID=138) to work on /home/airflow/.local/lib/python3.12/site-packages/airflow/example_dags/example_task_group.py
[2026-04-09T00:32:07.842+0000] {processor.py:914} INFO - Processing file /home/airflow/.local/lib/python3.12/site-packages/airflow/example_dags/example_task_group.py for tasks to queue
[2026-04-09T00:32:07.842+0000] {logging_mixin.py:190} INFO - [2026-04-09T00:32:07.842+0000] {dagbag.py:587} INFO - Filling up the DagBag from /home/airflow/.local/lib/python3.12/site-packages/airflow/example_dags/example_task_group.py
[2026-04-09T00:32:07.848+0000] {processor.py:925} INFO - DAG(s) 'example_task_group' retrieved from /home/airflow/.local/lib/python3.12/site-packages/airflow/example_dags/example_task_group.py
[2026-04-09T00:32:07.859+0000] {logging_mixin.py:190} INFO - [2026-04-09T00:32:07.859+0000] {dag.py:3211} INFO - Sync 1 DAGs
[2026-04-09T00:32:07.867+0000] {logging_mixin.py:190} INFO - [2026-04-09T00:32:07.867+0000] {dag.py:4138} INFO - Setting next_dagrun for example_task_group to 2026-04-08 00:00:00+00:00, run_after=2026-04-09 00:00:00+00:00
[2026-04-09T00:32:07.879+0000] {processor.py:208} INFO - Processing /home/airflow/.local/lib/python3.12/site-packages/airflow/example_dags/example_task_group.py took 0.041 seconds
[2026-04-09T00:32:38.735+0000] {processor.py:186} INFO - Started process (PID=202) to work on /home/airflow/.local/lib/python3.12/site-packages/airflow/example_dags/example_task_group.py
[2026-04-09T00:32:38.736+0000] {processor.py:914} INFO - Processing file /home/airflow/.local/lib/python3.12/site-packages/airflow/example_dags/example_task_group.py for tasks to queue
[2026-04-09T00:32:38.737+0000] {logging_mixin.py:190} INFO - [2026-04-09T00:32:38.737+0000] {dagbag.py:587} INFO - Filling up the DagBag from /home/airflow/.local/lib/python3.12/site-packages/airflow/example_dags/example_task_group.py
[2026-04-09T00:32:38.741+0000] {processor.py:925} INFO - DAG(s) 'example_task_group' retrieved from /home/airflow/.local/lib/python3.12/site-packages/airflow/example_dags/example_task_group.py
[2026-04-09T00:32:38.752+0000] {logging_mixin.py:190} INFO - [2026-04-09T00:32:38.752+0000] {dag.py:3211} INFO - Sync 1 DAGs
[2026-04-09T00:32:38.763+0000] {logging_mixin.py:190} INFO - [2026-04-09T00:32:38.762+0000] {dag.py:4138} INFO - Setting next_dagrun for example_task_group to 2026-04-08 00:00:00+00:00, run_after=2026-04-09 00:00:00+00:00
[2026-04-09T00:32:38.773+0000] {processor.py:208} INFO - Processing /home/airflow/.local/lib/python3.12/site-packages/airflow/example_dags/example_task_group.py took 0.040 seconds
[2026-04-09T00:33:09.559+0000] {processor.py:186} INFO - Started process (PID=266) to work on /home/airflow/.local/lib/python3.12/site-packages/airflow/example_dags/example_task_group.py
[2026-04-09T00:33:09.560+0000] {processor.py:914} INFO - Processing file /home/airflow/.local/lib/python3.12/site-packages/airflow/example_dags/example_task_group.py for tasks to queue
[2026-04-09T00:33:09.561+0000] {logging_mixin.py:190} INFO - [2026-04-09T00:33:09.561+0000] {dagbag.py:587} INFO - Filling up the DagBag from /home/airflow/.local/lib/python3.12/site-packages/airflow/example_dags/example_task_group.py
[2026-04-09T00:33:09.565+0000] {processor.py:925} INFO - DAG(s) 'example_task_group' retrieved from /home/airflow/.local/lib/python3.12/site-packages/airflow/example_dags/example_task_group.py
[2026-04-09T00:33:09.576+0000] {logging_mixin.py:190} INFO - [2026-04-09T00:33:09.576+0000] {dag.py:3211} INFO - Sync 1 DAGs
[2026-04-09T00:33:09.588+0000] {logging_mixin.py:190} INFO - [2026-04-09T00:33:09.587+0000] {dag.py:4138} INFO - Setting next_dagrun for example_task_group to 2026-04-08 00:00:00+00:00, run_after=2026-04-09 00:00:00+00:00
[2026-04-09T00:33:09.598+0000] {processor.py:208} INFO - Processing /home/airflow/.local/lib/python3.12/site-packages/airflow/example_dags/example_task_group.py took 0.042 seconds
[2026-04-09T00:33:40.423+0000] {processor.py:186} INFO - Started process (PID=336) to work on /home/airflow/.local/lib/python3.12/site-packages/airflow/example_dags/example_task_group.py
[2026-04-09T00:33:40.424+0000] {processor.py:914} INFO - Processing file /home/airflow/.local/lib/python3.12/site-packages/airflow/example_dags/example_task_group.py for tasks to queue
[2026-04-09T00:33:40.425+0000] {logging_mixin.py:190} INFO - [2026-04-09T00:33:40.425+0000] {dagbag.py:587} INFO - Filling up the DagBag from /home/airflow/.local/lib/python3.12/site-packages/airflow/example_dags/example_task_group.py
[2026-04-09T00:33:40.429+0000] {processor.py:925} INFO - DAG(s) 'example_task_group' retrieved from /home/airflow/.local/lib/python3.12/site-packages/airflow/example_dags/example_task_group.py
[2026-04-09T00:33:40.439+0000] {logging_mixin.py:190} INFO - [2026-04-09T00:33:40.438+0000] {dag.py:3211} INFO - Sync 1 DAGs
[2026-04-09T00:33:40.449+0000] {logging_mixin.py:190} INFO - [2026-04-09T00:33:40.449+0000] {dag.py:4138} INFO - Setting next_dagrun for example_task_group to 2026-04-08 00:00:00+00:00, run_after=2026-04-09 00:00:00+00:00
[2026-04-09T00:33:40.455+0000] {processor.py:208} INFO - Processing /home/airflow/.local/lib/python3.12/site-packages/airflow/example_dags/example_task_group.py took 0.034 seconds
[2026-04-09T00:34:11.257+0000] {processor.py:186} INFO - Started process (PID=400) to work on /home/airflow/.local/lib/python3.12/site-packages/airflow/example_dags/example_task_group.py
[2026-04-09T00:34:11.258+0000] {processor.py:914} INFO - Processing file /home/airflow/.local/lib/python3.12/site-packages/airflow/example_dags/example_task_group.py for tasks to queue
[2026-04-09T00:34:11.259+0000] {logging_mixin.py:190} INFO - [2026-04-09T00:34:11.259+0000] {dagbag.py:587} INFO - Filling up the DagBag from /home/airflow/.local/lib/python3.12/site-packages/airflow/example_dags/example_task_group.py
[2026-04-09T00:34:11.262+0000] {processor.py:925} INFO - DAG(s) 'example_task_group' retrieved from /home/airflow/.local/lib/python3.12/site-packages/airflow/example_dags/example_task_group.py
[2026-04-09T00:34:11.271+0000] {logging_mixin.py:190} INFO - [2026-04-09T00:34:11.270+0000] {dag.py:3211} INFO - Sync 1 DAGs
[2026-04-09T00:34:11.279+0000] {logging_mixin.py:190} INFO - [2026-04-09T00:34:11.279+0000] {dag.py:4138} INFO - Setting next_dagrun for example_task_group to 2026-04-08 00:00:00+00:00, run_after=2026-04-09 00:00:00+00:00
[2026-04-09T00:34:11.284+0000] {processor.py:208} INFO - Processing /home/airflow/.local/lib/python3.12/site-packages/airflow/example_dags/example_task_group.py took 0.029 seconds
[2026-04-09T00:34:42.025+0000] {processor.py:186} INFO - Started process (PID=464) to work on /home/airflow/.local/lib/python3.12/site-packages/airflow/example_dags/example_task_group.py
[2026-04-09T00:34:42.025+0000] {processor.py:914} INFO - Processing file /home/airflow/.local/lib/python3.12/site-packages/airflow/example_dags/example_task_group.py for tasks to queue
[2026-04-09T00:34:42.026+0000] {logging_mixin.py:190} INFO - [2026-04-09T00:34:42.026+0000] {dagbag.py:587} INFO - Filling up the DagBag from /home/airflow/.local/lib/python3.12/site-packages/airflow/example_dags/example_task_group.py
[2026-04-09T00:34:42.030+0000] {processor.py:925} INFO - DAG(s) 'example_task_group' retrieved from /home/airflow/.local/lib/python3.12/site-packages/airflow/example_dags/example_task_group.py
[2026-04-09T00:34:42.043+0000] {logging_mixin.py:190} INFO - [2026-04-09T00:34:42.043+0000] {dag.py:3211} INFO - Sync 1 DAGs
[2026-04-09T00:34:42.054+0000] {logging_mixin.py:190} INFO - [2026-04-09T00:34:42.054+0000] {dag.py:4138} INFO - Setting next_dagrun for example_task_group to 2026-04-08 00:00:00+00:00, run_after=2026-04-09 00:00:00+00:00
[2026-04-09T00:34:42.061+0000] {processor.py:208} INFO - Processing /home/airflow/.local/lib/python3.12/site-packages/airflow/example_dags/example_task_group.py took 0.038 seconds
[2026-04-09T00:35:12.747+0000] {processor.py:186} INFO - Started process (PID=528) to work on /home/airflow/.local/lib/python3.12/site-packages/airflow/example_dags/example_task_group.py
[2026-04-09T00:35:12.747+0000] {processor.py:914} INFO - Processing file /home/airflow/.local/lib/python3.12/site-packages/airflow/example_dags/example_task_group.py for tasks to queue
[2026-04-09T00:35:12.748+0000] {logging_mixin.py:190} INFO - [2026-04-09T00:35:12.748+0000] {dagbag.py:587} INFO - Filling up the DagBag from /home/airflow/.local/lib/python3.12/site-packages/airflow/example_dags/example_task_group.py
[2026-04-09T00:35:12.752+0000] {processor.py:925} INFO - DAG(s) 'example_task_group' retrieved from /home/airflow/.local/lib/python3.12/site-packages/airflow/example_dags/example_task_group.py
[2026-04-09T00:35:12.761+0000] {logging_mixin.py:190} INFO - [2026-04-09T00:35:12.761+0000] {dag.py:3211} INFO - Sync 1 DAGs
[2026-04-09T00:35:12.772+0000] {logging_mixin.py:190} INFO - [2026-04-09T00:35:12.771+0000] {dag.py:4138} INFO - Setting next_dagrun for example_task_group to 2026-04-08 00:00:00+00:00, run_after=2026-04-09 00:00:00+00:00
[2026-04-09T00:35:12.780+0000] {processor.py:208} INFO - Processing /home/airflow/.local/lib/python3.12/site-packages/airflow/example_dags/example_task_group.py took 0.035 seconds
[2026-04-09T00:35:43.538+0000] {processor.py:186} INFO - Started process (PID=591) to work on /home/airflow/.local/lib/python3.12/site-packages/airflow/example_dags/example_task_group.py
[2026-04-09T00:35:43.539+0000] {processor.py:914} INFO - Processing file /home/airflow/.local/lib/python3.12/site-packages/airflow/example_dags/example_task_group.py for tasks to queue
[2026-04-09T00:35:43.540+0000] {logging_mixin.py:190} INFO - [2026-04-09T00:35:43.539+0000] {dagbag.py:587} INFO - Filling up the DagBag from /home/airflow/.local/lib/python3.12/site-packages/airflow/example_dags/example_task_group.py
[2026-04-09T00:35:43.543+0000] {processor.py:925} INFO - DAG(s) 'example_task_group' retrieved from /home/airflow/.local/lib/python3.12/site-packages/airflow/example_dags/example_task_group.py
[2026-04-09T00:35:43.551+0000] {logging_mixin.py:190} INFO - [2026-04-09T00:35:43.551+0000] {dag.py:3211} INFO - Sync 1 DAGs
[2026-04-09T00:35:43.558+0000] {logging_mixin.py:190} INFO - [2026-04-09T00:35:43.558+0000] {dag.py:4138} INFO - Setting next_dagrun for example_task_group to 2026-04-08 00:00:00+00:00, run_after=2026-04-09 00:00:00+00:00
[2026-04-09T00:35:43.565+0000] {processor.py:208} INFO - Processing /home/airflow/.local/lib/python3.12/site-packages/airflow/example_dags/example_task_group.py took 0.028 seconds
[2026-04-09T00:36:14.345+0000] {processor.py:186} INFO - Started process (PID=655) to work on /home/airflow/.local/lib/python3.12/site-packages/airflow/example_dags/example_task_group.py
[2026-04-09T00:36:14.346+0000] {processor.py:914} INFO - Processing file /home/airflow/.local/lib/python3.12/site-packages/airflow/example_dags/example_task_group.py for tasks to queue
[2026-04-09T00:36:14.347+0000] {logging_mixin.py:190} INFO - [2026-04-09T00:36:14.347+0000] {dagbag.py:587} INFO - Filling up the DagBag from /home/airflow/.local/lib/python3.12/site-packages/airflow/example_dags/example_task_group.py
[2026-04-09T00:36:14.351+0000] {processor.py:925} INFO - DAG(s) 'example_task_group' retrieved from /home/airflow/.local/lib/python3.12/site-packages/airflow/example_dags/example_task_group.py
[2026-04-09T00:36:14.362+0000] {logging_mixin.py:190} INFO - [2026-04-09T00:36:14.361+0000] {dag.py:3211} INFO - Sync 1 DAGs
[2026-04-09T00:36:14.373+0000] {logging_mixin.py:190} INFO - [2026-04-09T00:36:14.373+0000] {dag.py:4138} INFO - Setting next_dagrun for example_task_group to 2026-04-08 00:00:00+00:00, run_after=2026-04-09 00:00:00+00:00
[2026-04-09T00:36:14.382+0000] {processor.py:208} INFO - Processing /home/airflow/.local/lib/python3.12/site-packages/airflow/example_dags/example_task_group.py took 0.039 seconds
[2026-04-09T00:36:45.109+0000] {processor.py:186} INFO - Started process (PID=719) to work on /home/airflow/.local/lib/python3.12/site-packages/airflow/example_dags/example_task_group.py
[2026-04-09T00:36:45.110+0000] {processor.py:914} INFO - Processing file /home/airflow/.local/lib/python3.12/site-packages/airflow/example_dags/example_task_group.py for tasks to queue
[2026-04-09T00:36:45.111+0000] {logging_mixin.py:190} INFO - [2026-04-09T00:36:45.111+0000] {dagbag.py:587} INFO - Filling up the DagBag from /home/airflow/.local/lib/python3.12/site-packages/airflow/example_dags/example_task_group.py
[2026-04-09T00:36:45.115+0000] {processor.py:925} INFO - DAG(s) 'example_task_group' retrieved from /home/airflow/.local/lib/python3.12/site-packages/airflow/example_dags/example_task_group.py
[2026-04-09T00:36:45.124+0000] {logging_mixin.py:190} INFO - [2026-04-09T00:36:45.124+0000] {dag.py:3211} INFO - Sync 1 DAGs
[2026-04-09T00:36:45.132+0000] {logging_mixin.py:190} INFO - [2026-04-09T00:36:45.132+0000] {dag.py:4138} INFO - Setting next_dagrun for example_task_group to 2026-04-08 00:00:00+00:00, run_after=2026-04-09 00:00:00+00:00
[2026-04-09T00:36:45.143+0000] {processor.py:208} INFO - Processing /home/airflow/.local/lib/python3.12/site-packages/airflow/example_dags/example_task_group.py took 0.036 seconds
[2026-04-09T00:37:15.895+0000] {processor.py:186} INFO - Started process (PID=783) to work on /home/airflow/.local/lib/python3.12/site-packages/airflow/example_dags/example_task_group.py
[2026-04-09T00:37:15.895+0000] {processor.py:914} INFO - Processing file /home/airflow/.local/lib/python3.12/site-packages/airflow/example_dags/example_task_group.py for tasks to queue
[2026-04-09T00:37:15.896+0000] {logging_mixin.py:190} INFO - [2026-04-09T00:37:15.896+0000] {dagbag.py:587} INFO - Filling up the DagBag from /home/airflow/.local/lib/python3.12/site-packages/airflow/example_dags/example_task_group.py
[2026-04-09T00:37:15.901+0000] {processor.py:925} INFO - DAG(s) 'example_task_group' retrieved from /home/airflow/.local/lib/python3.12/site-packages/airflow/example_dags/example_task_group.py
[2026-04-09T00:37:15.910+0000] {logging_mixin.py:190} INFO - [2026-04-09T00:37:15.910+0000] {dag.py:3211} INFO - Sync 1 DAGs
[2026-04-09T00:37:15.918+0000] {logging_mixin.py:190} INFO - [2026-04-09T00:37:15.918+0000] {dag.py:4138} INFO - Setting next_dagrun for example_task_group to 2026-04-08 00:00:00+00:00, run_after=2026-04-09 00:00:00+00:00
[2026-04-09T00:37:15.923+0000] {processor.py:208} INFO - Processing /home/airflow/.local/lib/python3.12/site-packages/airflow/example_dags/example_task_group.py took 0.031 seconds
[2026-04-09T00:37:46.611+0000] {processor.py:186} INFO - Started process (PID=847) to work on /home/airflow/.local/lib/python3.12/site-packages/airflow/example_dags/example_task_group.py
[2026-04-09T00:37:46.612+0000] {processor.py:914} INFO - Processing file /home/airflow/.local/lib/python3.12/site-packages/airflow/example_dags/example_task_group.py for tasks to queue
[2026-04-09T00:37:46.613+0000] {logging_mixin.py:190} INFO - [2026-04-09T00:37:46.613+0000] {dagbag.py:587} INFO - Filling up the DagBag from /home/airflow/.local/lib/python3.12/site-packages/airflow/example_dags/example_task_group.py
[2026-04-09T00:37:46.617+0000] {processor.py:925} INFO - DAG(s) 'example_task_group' retrieved from /home/airflow/.local/lib/python3.12/site-packages/airflow/example_dags/example_task_group.py
[2026-04-09T00:37:46.628+0000] {logging_mixin.py:190} INFO - [2026-04-09T00:37:46.628+0000] {dag.py:3211} INFO - Sync 1 DAGs
[2026-04-09T00:37:46.636+0000] {logging_mixin.py:190} INFO - [2026-04-09T00:37:46.636+0000] {dag.py:4138} INFO - Setting next_dagrun for example_task_group to 2026-04-08 00:00:00+00:00, run_after=2026-04-09 00:00:00+00:00
[2026-04-09T00:37:46.645+0000] {processor.py:208} INFO - Processing /home/airflow/.local/lib/python3.12/site-packages/airflow/example_dags/example_task_group.py took 0.036 seconds
[2026-04-09T00:38:17.398+0000] {processor.py:186} INFO - Started process (PID=911) to work on /home/airflow/.local/lib/python3.12/site-packages/airflow/example_dags/example_task_group.py
[2026-04-09T00:38:17.398+0000] {processor.py:914} INFO - Processing file /home/airflow/.local/lib/python3.12/site-packages/airflow/example_dags/example_task_group.py for tasks to queue
[2026-04-09T00:38:17.399+0000] {logging_mixin.py:190} INFO - [2026-04-09T00:38:17.399+0000] {dagbag.py:587} INFO - Filling up the DagBag from /home/airflow/.local/lib/python3.12/site-packages/airflow/example_dags/example_task_group.py
[2026-04-09T00:38:17.403+0000] {processor.py:925} INFO - DAG(s) 'example_task_group' retrieved from /home/airflow/.local/lib/python3.12/site-packages/airflow/example_dags/example_task_group.py
[2026-04-09T00:38:17.413+0000] {logging_mixin.py:190} INFO - [2026-04-09T00:38:17.412+0000] {dag.py:3211} INFO - Sync 1 DAGs
[2026-04-09T00:38:17.421+0000] {logging_mixin.py:190} INFO - [2026-04-09T00:38:17.421+0000] {dag.py:4138} INFO - Setting next_dagrun for example_task_group to 2026-04-08 00:00:00+00:00, run_after=2026-04-09 00:00:00+00:00
[2026-04-09T00:38:17.429+0000] {processor.py:208} INFO - Processing /home/airflow/.local/lib/python3.12/site-packages/airflow/example_dags/example_task_group.py took 0.034 seconds
[2026-04-09T00:38:48.047+0000] {processor.py:186} INFO - Started process (PID=975) to work on /home/airflow/.local/lib/python3.12/site-packages/airflow/example_dags/example_task_group.py
[2026-04-09T00:38:48.049+0000] {processor.py:914} INFO - Processing file /home/airflow/.local/lib/python3.12/site-packages/airflow/example_dags/example_task_group.py for tasks to queue
[2026-04-09T00:38:48.049+0000] {logging_mixin.py:190} INFO - [2026-04-09T00:38:48.049+0000] {dagbag.py:587} INFO - Filling up the DagBag from /home/airflow/.local/lib/python3.12/site-packages/airflow/example_dags/example_task_group.py
[2026-04-09T00:38:48.053+0000] {processor.py:925} INFO - DAG(s) 'example_task_group' retrieved from /home/airflow/.local/lib/python3.12/site-packages/airflow/example_dags/example_task_group.py
[2026-04-09T00:38:48.063+0000] {logging_mixin.py:190} INFO - [2026-04-09T00:38:48.063+0000] {dag.py:3211} INFO - Sync 1 DAGs
[2026-04-09T00:38:48.071+0000] {logging_mixin.py:190} INFO - [2026-04-09T00:38:48.071+0000] {dag.py:4138} INFO - Setting next_dagrun for example_task_group to 2026-04-08 00:00:00+00:00, run_after=2026-04-09 00:00:00+00:00
[2026-04-09T00:38:48.081+0000] {processor.py:208} INFO - Processing /home/airflow/.local/lib/python3.12/site-packages/airflow/example_dags/example_task_group.py took 0.036 seconds
[2026-04-09T00:39:18.856+0000] {processor.py:186} INFO - Started process (PID=1039) to work on /home/airflow/.local/lib/python3.12/site-packages/airflow/example_dags/example_task_group.py
[2026-04-09T00:39:18.857+0000] {processor.py:914} INFO - Processing file /home/airflow/.local/lib/python3.12/site-packages/airflow/example_dags/example_task_group.py for tasks to queue
[2026-04-09T00:39:18.857+0000] {logging_mixin.py:190} INFO - [2026-04-09T00:39:18.857+0000] {dagbag.py:587} INFO - Filling up the DagBag from /home/airflow/.local/lib/python3.12/site-packages/airflow/example_dags/example_task_group.py
[2026-04-09T00:39:18.861+0000] {processor.py:925} INFO - DAG(s) 'example_task_group' retrieved from /home/airflow/.local/lib/python3.12/site-packages/airflow/example_dags/example_task_group.py
[2026-04-09T00:39:18.871+0000] {logging_mixin.py:190} INFO - [2026-04-09T00:39:18.871+0000] {dag.py:3211} INFO - Sync 1 DAGs
[2026-04-09T00:39:18.881+0000] {logging_mixin.py:190} INFO - [2026-04-09T00:39:18.880+0000] {dag.py:4138} INFO - Setting next_dagrun for example_task_group to 2026-04-08 00:00:00+00:00, run_after=2026-04-09 00:00:00+00:00
[2026-04-09T00:39:18.888+0000] {processor.py:208} INFO - Processing /home/airflow/.local/lib/python3.12/site-packages/airflow/example_dags/example_task_group.py took 0.034 seconds
[2026-04-09T00:39:49.633+0000] {processor.py:186} INFO - Started process (PID=1103) to work on /home/airflow/.local/lib/python3.12/site-packages/airflow/example_dags/example_task_group.py
[2026-04-09T00:39:49.634+0000] {processor.py:914} INFO - Processing file /home/airflow/.local/lib/python3.12/site-packages/airflow/example_dags/example_task_group.py for tasks to queue
[2026-04-09T00:39:49.635+0000] {logging_mixin.py:190} INFO - [2026-04-09T00:39:49.635+0000] {dagbag.py:587} INFO - Filling up the DagBag from /home/airflow/.local/lib/python3.12/site-packages/airflow/example_dags/example_task_group.py
[2026-04-09T00:39:49.639+0000] {processor.py:925} INFO - DAG(s) 'example_task_group' retrieved from /home/airflow/.local/lib/python3.12/site-packages/airflow/example_dags/example_task_group.py
[2026-04-09T00:39:49.648+0000] {logging_mixin.py:190} INFO - [2026-04-09T00:39:49.648+0000] {dag.py:3211} INFO - Sync 1 DAGs
[2026-04-09T00:39:49.659+0000] {logging_mixin.py:190} INFO - [2026-04-09T00:39:49.659+0000] {dag.py:4138} INFO - Setting next_dagrun for example_task_group to 2026-04-08 00:00:00+00:00, run_after=2026-04-09 00:00:00+00:00
[2026-04-09T00:39:49.669+0000] {processor.py:208} INFO - Processing /home/airflow/.local/lib/python3.12/site-packages/airflow/example_dags/example_task_group.py took 0.038 seconds
[2026-04-09T00:40:20.413+0000] {processor.py:186} INFO - Started process (PID=1167) to work on /home/airflow/.local/lib/python3.12/site-packages/airflow/example_dags/example_task_group.py
[2026-04-09T00:40:20.414+0000] {processor.py:914} INFO - Processing file /home/airflow/.local/lib/python3.12/site-packages/airflow/example_dags/example_task_group.py for tasks to queue
[2026-04-09T00:40:20.415+0000] {logging_mixin.py:190} INFO - [2026-04-09T00:40:20.415+0000] {dagbag.py:587} INFO - Filling up the DagBag from /home/airflow/.local/lib/python3.12/site-packages/airflow/example_dags/example_task_group.py
[2026-04-09T00:40:20.418+0000] {processor.py:925} INFO - DAG(s) 'example_task_group' retrieved from /home/airflow/.local/lib/python3.12/site-packages/airflow/example_dags/example_task_group.py
[2026-04-09T00:40:20.428+0000] {logging_mixin.py:190} INFO - [2026-04-09T00:40:20.428+0000] {dag.py:3211} INFO - Sync 1 DAGs
[2026-04-09T00:40:20.440+0000] {logging_mixin.py:190} INFO - [2026-04-09T00:40:20.440+0000] {dag.py:4138} INFO - Setting next_dagrun for example_task_group to 2026-04-08 00:00:00+00:00, run_after=2026-04-09 00:00:00+00:00
[2026-04-09T00:40:20.449+0000] {processor.py:208} INFO - Processing /home/airflow/.local/lib/python3.12/site-packages/airflow/example_dags/example_task_group.py took 0.037 seconds
[2026-04-09T00:40:51.202+0000] {processor.py:186} INFO - Started process (PID=1231) to work on /home/airflow/.local/lib/python3.12/site-packages/airflow/example_dags/example_task_group.py
[2026-04-09T00:40:51.202+0000] {processor.py:914} INFO - Processing file /home/airflow/.local/lib/python3.12/site-packages/airflow/example_dags/example_task_group.py for tasks to queue
[2026-04-09T00:40:51.204+0000] {logging_mixin.py:190} INFO - [2026-04-09T00:40:51.203+0000] {dagbag.py:587} INFO - Filling up the DagBag from /home/airflow/.local/lib/python3.12/site-packages/airflow/example_dags/example_task_group.py
[2026-04-09T00:40:51.208+0000] {processor.py:925} INFO - DAG(s) 'example_task_group' retrieved from /home/airflow/.local/lib/python3.12/site-packages/airflow/example_dags/example_task_group.py
[2026-04-09T00:40:51.218+0000] {logging_mixin.py:190} INFO - [2026-04-09T00:40:51.218+0000] {dag.py:3211} INFO - Sync 1 DAGs
[2026-04-09T00:40:51.226+0000] {logging_mixin.py:190} INFO - [2026-04-09T00:40:51.226+0000] {dag.py:4138} INFO - Setting next_dagrun for example_task_group to 2026-04-08 00:00:00+00:00, run_after=2026-04-09 00:00:00+00:00
[2026-04-09T00:40:51.233+0000] {processor.py:208} INFO - Processing /home/airflow/.local/lib/python3.12/site-packages/airflow/example_dags/example_task_group.py took 0.033 seconds
[2026-04-09T00:41:22.027+0000] {processor.py:186} INFO - Started process (PID=1295) to work on /home/airflow/.local/lib/python3.12/site-packages/airflow/example_dags/example_task_group.py
[2026-04-09T00:41:22.028+0000] {processor.py:914} INFO - Processing file /home/airflow/.local/lib/python3.12/site-packages/airflow/example_dags/example_task_group.py for tasks to queue
[2026-04-09T00:41:22.029+0000] {logging_mixin.py:190} INFO - [2026-04-09T00:41:22.028+0000] {dagbag.py:587} INFO - Filling up the DagBag from /home/airflow/.local/lib/python3.12/site-packages/airflow/example_dags/example_task_group.py
[2026-04-09T00:41:22.032+0000] {processor.py:925} INFO - DAG(s) 'example_task_group' retrieved from /home/airflow/.local/lib/python3.12/site-packages/airflow/example_dags/example_task_group.py
[2026-04-09T00:41:22.043+0000] {logging_mixin.py:190} INFO - [2026-04-09T00:41:22.043+0000] {dag.py:3211} INFO - Sync 1 DAGs
[2026-04-09T00:41:22.052+0000] {logging_mixin.py:190} INFO - [2026-04-09T00:41:22.052+0000] {dag.py:4138} INFO - Setting next_dagrun for example_task_group to 2026-04-08 00:00:00+00:00, run_after=2026-04-09 00:00:00+00:00
[2026-04-09T00:41:22.062+0000] {processor.py:208} INFO - Processing /home/airflow/.local/lib/python3.12/site-packages/airflow/example_dags/example_task_group.py took 0.036 seconds
[2026-04-09T00:41:52.920+0000] {processor.py:186} INFO - Started process (PID=1359) to work on /home/airflow/.local/lib/python3.12/site-packages/airflow/example_dags/example_task_group.py
[2026-04-09T00:41:52.920+0000] {processor.py:914} INFO - Processing file /home/airflow/.local/lib/python3.12/site-packages/airflow/example_dags/example_task_group.py for tasks to queue
[2026-04-09T00:41:52.921+0000] {logging_mixin.py:190} INFO - [2026-04-09T00:41:52.921+0000] {dagbag.py:587} INFO - Filling up the DagBag from /home/airflow/.local/lib/python3.12/site-packages/airflow/example_dags/example_task_group.py
[2026-04-09T00:41:52.925+0000] {processor.py:925} INFO - DAG(s) 'example_task_group' retrieved from /home/airflow/.local/lib/python3.12/site-packages/airflow/example_dags/example_task_group.py
[2026-04-09T00:41:52.938+0000] {logging_mixin.py:190} INFO - [2026-04-09T00:41:52.938+0000] {dag.py:3211} INFO - Sync 1 DAGs
[2026-04-09T00:41:52.951+0000] {logging_mixin.py:190} INFO - [2026-04-09T00:41:52.951+0000] {dag.py:4138} INFO - Setting next_dagrun for example_task_group to 2026-04-08 00:00:00+00:00, run_after=2026-04-09 00:00:00+00:00
[2026-04-09T00:41:52.962+0000] {processor.py:208} INFO - Processing /home/airflow/.local/lib/python3.12/site-packages/airflow/example_dags/example_task_group.py took 0.045 seconds
[2026-04-09T00:42:24.025+0000] {processor.py:186} INFO - Started process (PID=1423) to work on /home/airflow/.local/lib/python3.12/site-packages/airflow/example_dags/example_task_group.py
[2026-04-09T00:42:24.026+0000] {processor.py:914} INFO - Processing file /home/airflow/.local/lib/python3.12/site-packages/airflow/example_dags/example_task_group.py for tasks to queue
[2026-04-09T00:42:24.027+0000] {logging_mixin.py:190} INFO - [2026-04-09T00:42:24.026+0000] {dagbag.py:587} INFO - Filling up the DagBag from /home/airflow/.local/lib/python3.12/site-packages/airflow/example_dags/example_task_group.py
[2026-04-09T00:42:24.030+0000] {processor.py:925} INFO - DAG(s) 'example_task_group' retrieved from /home/airflow/.local/lib/python3.12/site-packages/airflow/example_dags/example_task_group.py
[2026-04-09T00:42:24.037+0000] {logging_mixin.py:190} INFO - [2026-04-09T00:42:24.037+0000] {dag.py:3211} INFO - Sync 1 DAGs
[2026-04-09T00:42:24.044+0000] {logging_mixin.py:190} INFO - [2026-04-09T00:42:24.044+0000] {dag.py:4138} INFO - Setting next_dagrun for example_task_group to 2026-04-08 00:00:00+00:00, run_after=2026-04-09 00:00:00+00:00
[2026-04-09T00:42:24.049+0000] {processor.py:208} INFO - Processing /home/airflow/.local/lib/python3.12/site-packages/airflow/example_dags/example_task_group.py took 0.026 seconds
[2026-04-09T00:42:54.818+0000] {processor.py:186} INFO - Started process (PID=1487) to work on /home/airflow/.local/lib/python3.12/site-packages/airflow/example_dags/example_task_group.py
[2026-04-09T00:42:54.819+0000] {processor.py:914} INFO - Processing file /home/airflow/.local/lib/python3.12/site-packages/airflow/example_dags/example_task_group.py for tasks to queue
[2026-04-09T00:42:54.820+0000] {logging_mixin.py:190} INFO - [2026-04-09T00:42:54.819+0000] {dagbag.py:587} INFO - Filling up the DagBag from /home/airflow/.local/lib/python3.12/site-packages/airflow/example_dags/example_task_group.py
[2026-04-09T00:42:54.822+0000] {processor.py:925} INFO - DAG(s) 'example_task_group' retrieved from /home/airflow/.local/lib/python3.12/site-packages/airflow/example_dags/example_task_group.py
[2026-04-09T00:42:54.829+0000] {logging_mixin.py:190} INFO - [2026-04-09T00:42:54.829+0000] {dag.py:3211} INFO - Sync 1 DAGs
[2026-04-09T00:42:54.836+0000] {logging_mixin.py:190} INFO - [2026-04-09T00:42:54.836+0000] {dag.py:4138} INFO - Setting next_dagrun for example_task_group to 2026-04-08 00:00:00+00:00, run_after=2026-04-09 00:00:00+00:00
[2026-04-09T00:42:54.841+0000] {processor.py:208} INFO - Processing /home/airflow/.local/lib/python3.12/site-packages/airflow/example_dags/example_task_group.py took 0.025 seconds
[2026-04-09T00:43:25.578+0000] {processor.py:186} INFO - Started process (PID=1551) to work on /home/airflow/.local/lib/python3.12/site-packages/airflow/example_dags/example_task_group.py
[2026-04-09T00:43:25.579+0000] {processor.py:914} INFO - Processing file /home/airflow/.local/lib/python3.12/site-packages/airflow/example_dags/example_task_group.py for tasks to queue
[2026-04-09T00:43:25.582+0000] {logging_mixin.py:190} INFO - [2026-04-09T00:43:25.581+0000] {dagbag.py:587} INFO - Filling up the DagBag from /home/airflow/.local/lib/python3.12/site-packages/airflow/example_dags/example_task_group.py
[2026-04-09T00:43:25.585+0000] {processor.py:925} INFO - DAG(s) 'example_task_group' retrieved from /home/airflow/.local/lib/python3.12/site-packages/airflow/example_dags/example_task_group.py
[2026-04-09T00:43:25.593+0000] {logging_mixin.py:190} INFO - [2026-04-09T00:43:25.592+0000] {dag.py:3211} INFO - Sync 1 DAGs
[2026-04-09T00:43:25.601+0000] {logging_mixin.py:190} INFO - [2026-04-09T00:43:25.601+0000] {dag.py:4138} INFO - Setting next_dagrun for example_task_group to 2026-04-08 00:00:00+00:00, run_after=2026-04-09 00:00:00+00:00
[2026-04-09T00:43:25.612+0000] {processor.py:208} INFO - Processing /home/airflow/.local/lib/python3.12/site-packages/airflow/example_dags/example_task_group.py took 0.036 seconds
[2026-04-09T00:43:56.331+0000] {processor.py:186} INFO - Started process (PID=1615) to work on /home/airflow/.local/lib/python3.12/site-packages/airflow/example_dags/example_task_group.py
[2026-04-09T00:43:56.332+0000] {processor.py:914} INFO - Processing file /home/airflow/.local/lib/python3.12/site-packages/airflow/example_dags/example_task_group.py for tasks to queue
[2026-04-09T00:43:56.333+0000] {logging_mixin.py:190} INFO - [2026-04-09T00:43:56.333+0000] {dagbag.py:587} INFO - Filling up the DagBag from /home/airflow/.local/lib/python3.12/site-packages/airflow/example_dags/example_task_group.py
[2026-04-09T00:43:56.339+0000] {processor.py:925} INFO - DAG(s) 'example_task_group' retrieved from /home/airflow/.local/lib/python3.12/site-packages/airflow/example_dags/example_task_group.py
[2026-04-09T00:43:56.349+0000] {logging_mixin.py:190} INFO - [2026-04-09T00:43:56.349+0000] {dag.py:3211} INFO - Sync 1 DAGs
[2026-04-09T00:43:56.357+0000] {logging_mixin.py:190} INFO - [2026-04-09T00:43:56.357+0000] {dag.py:4138} INFO - Setting next_dagrun for example_task_group to 2026-04-08 00:00:00+00:00, run_after=2026-04-09 00:00:00+00:00
[2026-04-09T00:43:56.362+0000] {processor.py:208} INFO - Processing /home/airflow/.local/lib/python3.12/site-packages/airflow/example_dags/example_task_group.py took 0.033 seconds
[2026-04-09T00:44:27.141+0000] {processor.py:186} INFO - Started process (PID=1679) to work on /home/airflow/.local/lib/python3.12/site-packages/airflow/example_dags/example_task_group.py
[2026-04-09T00:44:27.142+0000] {processor.py:914} INFO - Processing file /home/airflow/.local/lib/python3.12/site-packages/airflow/example_dags/example_task_group.py for tasks to queue
[2026-04-09T00:44:27.143+0000] {logging_mixin.py:190} INFO - [2026-04-09T00:44:27.143+0000] {dagbag.py:587} INFO - Filling up the DagBag from /home/airflow/.local/lib/python3.12/site-packages/airflow/example_dags/example_task_group.py
[2026-04-09T00:44:27.146+0000] {processor.py:925} INFO - DAG(s) 'example_task_group' retrieved from /home/airflow/.local/lib/python3.12/site-packages/airflow/example_dags/example_task_group.py
[2026-04-09T00:44:27.159+0000] {logging_mixin.py:190} INFO - [2026-04-09T00:44:27.159+0000] {dag.py:3211} INFO - Sync 1 DAGs
[2026-04-09T00:44:27.167+0000] {logging_mixin.py:190} INFO - [2026-04-09T00:44:27.167+0000] {dag.py:4138} INFO - Setting next_dagrun for example_task_group to 2026-04-08 00:00:00+00:00, run_after=2026-04-09 00:00:00+00:00
[2026-04-09T00:44:27.172+0000] {processor.py:208} INFO - Processing /home/airflow/.local/lib/python3.12/site-packages/airflow/example_dags/example_task_group.py took 0.033 seconds
[2026-04-09T00:44:58.022+0000] {processor.py:186} INFO - Started process (PID=1743) to work on /home/airflow/.local/lib/python3.12/site-packages/airflow/example_dags/example_task_group.py
[2026-04-09T00:44:58.023+0000] {processor.py:914} INFO - Processing file /home/airflow/.local/lib/python3.12/site-packages/airflow/example_dags/example_task_group.py for tasks to queue
[2026-04-09T00:44:58.024+0000] {logging_mixin.py:190} INFO - [2026-04-09T00:44:58.024+0000] {dagbag.py:587} INFO - Filling up the DagBag from /home/airflow/.local/lib/python3.12/site-packages/airflow/example_dags/example_task_group.py
[2026-04-09T00:44:58.028+0000] {processor.py:925} INFO - DAG(s) 'example_task_group' retrieved from /home/airflow/.local/lib/python3.12/site-packages/airflow/example_dags/example_task_group.py
[2026-04-09T00:44:58.037+0000] {logging_mixin.py:190} INFO - [2026-04-09T00:44:58.037+0000] {dag.py:3211} INFO - Sync 1 DAGs
[2026-04-09T00:44:58.047+0000] {logging_mixin.py:190} INFO - [2026-04-09T00:44:58.047+0000] {dag.py:4138} INFO - Setting next_dagrun for example_task_group to 2026-04-08 00:00:00+00:00, run_after=2026-04-09 00:00:00+00:00
[2026-04-09T00:44:58.053+0000] {processor.py:208} INFO - Processing /home/airflow/.local/lib/python3.12/site-packages/airflow/example_dags/example_task_group.py took 0.032 seconds
[2026-04-09T00:45:29.011+0000] {processor.py:186} INFO - Started process (PID=1806) to work on /home/airflow/.local/lib/python3.12/site-packages/airflow/example_dags/example_task_group.py
[2026-04-09T00:45:29.012+0000] {processor.py:914} INFO - Processing file /home/airflow/.local/lib/python3.12/site-packages/airflow/example_dags/example_task_group.py for tasks to queue
[2026-04-09T00:45:29.013+0000] {logging_mixin.py:190} INFO - [2026-04-09T00:45:29.013+0000] {dagbag.py:587} INFO - Filling up the DagBag from /home/airflow/.local/lib/python3.12/site-packages/airflow/example_dags/example_task_group.py
[2026-04-09T00:45:29.017+0000] {processor.py:925} INFO - DAG(s) 'example_task_group' retrieved from /home/airflow/.local/lib/python3.12/site-packages/airflow/example_dags/example_task_group.py
[2026-04-09T00:45:29.028+0000] {logging_mixin.py:190} INFO - [2026-04-09T00:45:29.027+0000] {dag.py:3211} INFO - Sync 1 DAGs
[2026-04-09T00:45:29.036+0000] {logging_mixin.py:190} INFO - [2026-04-09T00:45:29.036+0000] {dag.py:4138} INFO - Setting next_dagrun for example_task_group to 2026-04-08 00:00:00+00:00, run_after=2026-04-09 00:00:00+00:00
[2026-04-09T00:45:29.045+0000] {processor.py:208} INFO - Processing /home/airflow/.local/lib/python3.12/site-packages/airflow/example_dags/example_task_group.py took 0.036 seconds
[2026-04-09T00:45:59.939+0000] {processor.py:186} INFO - Started process (PID=1870) to work on /home/airflow/.local/lib/python3.12/site-packages/airflow/example_dags/example_task_group.py
[2026-04-09T00:45:59.939+0000] {processor.py:914} INFO - Processing file /home/airflow/.local/lib/python3.12/site-packages/airflow/example_dags/example_task_group.py for tasks to queue
[2026-04-09T00:45:59.940+0000] {logging_mixin.py:190} INFO - [2026-04-09T00:45:59.940+0000] {dagbag.py:587} INFO - Filling up the DagBag from /home/airflow/.local/lib/python3.12/site-packages/airflow/example_dags/example_task_group.py
[2026-04-09T00:45:59.944+0000] {processor.py:925} INFO - DAG(s) 'example_task_group' retrieved from /home/airflow/.local/lib/python3.12/site-packages/airflow/example_dags/example_task_group.py
[2026-04-09T00:45:59.952+0000] {logging_mixin.py:190} INFO - [2026-04-09T00:45:59.952+0000] {dag.py:3211} INFO - Sync 1 DAGs
[2026-04-09T00:45:59.959+0000] {logging_mixin.py:190} INFO - [2026-04-09T00:45:59.959+0000] {dag.py:4138} INFO - Setting next_dagrun for example_task_group to 2026-04-08 00:00:00+00:00, run_after=2026-04-09 00:00:00+00:00
[2026-04-09T00:45:59.966+0000] {processor.py:208} INFO - Processing /home/airflow/.local/lib/python3.12/site-packages/airflow/example_dags/example_task_group.py took 0.030 seconds
