[2026-04-09T00:31:37.331+0000] {processor.py:186} INFO - Started process (PID=67) to work on /home/airflow/.local/lib/python3.12/site-packages/airflow/example_dags/example_bash_operator.py
[2026-04-09T00:31:37.333+0000] {processor.py:914} INFO - Processing file /home/airflow/.local/lib/python3.12/site-packages/airflow/example_dags/example_bash_operator.py for tasks to queue
[2026-04-09T00:31:37.334+0000] {logging_mixin.py:190} INFO - [2026-04-09T00:31:37.334+0000] {dagbag.py:587} INFO - Filling up the DagBag from /home/airflow/.local/lib/python3.12/site-packages/airflow/example_dags/example_bash_operator.py
[2026-04-09T00:31:37.341+0000] {processor.py:925} INFO - DAG(s) 'example_bash_operator' retrieved from /home/airflow/.local/lib/python3.12/site-packages/airflow/example_dags/example_bash_operator.py
[2026-04-09T00:31:37.386+0000] {logging_mixin.py:190} INFO - [2026-04-09T00:31:37.386+0000] {dag.py:3211} INFO - Sync 1 DAGs
[2026-04-09T00:31:37.397+0000] {logging_mixin.py:190} INFO - [2026-04-09T00:31:37.397+0000] {dag.py:4138} INFO - Setting next_dagrun for example_bash_operator to 2026-04-08 00:00:00+00:00, run_after=2026-04-09 00:00:00+00:00
[2026-04-09T00:31:37.413+0000] {processor.py:208} INFO - Processing /home/airflow/.local/lib/python3.12/site-packages/airflow/example_dags/example_bash_operator.py took 0.084 seconds
[2026-04-09T00:32:07.636+0000] {processor.py:186} INFO - Started process (PID=130) to work on /home/airflow/.local/lib/python3.12/site-packages/airflow/example_dags/example_bash_operator.py
[2026-04-09T00:32:07.637+0000] {processor.py:914} INFO - Processing file /home/airflow/.local/lib/python3.12/site-packages/airflow/example_dags/example_bash_operator.py for tasks to queue
[2026-04-09T00:32:07.638+0000] {logging_mixin.py:190} INFO - [2026-04-09T00:32:07.637+0000] {dagbag.py:587} INFO - Filling up the DagBag from /home/airflow/.local/lib/python3.12/site-packages/airflow/example_dags/example_bash_operator.py
[2026-04-09T00:32:07.643+0000] {processor.py:925} INFO - DAG(s) 'example_bash_operator' retrieved from /home/airflow/.local/lib/python3.12/site-packages/airflow/example_dags/example_bash_operator.py
[2026-04-09T00:32:07.657+0000] {logging_mixin.py:190} INFO - [2026-04-09T00:32:07.657+0000] {dag.py:3211} INFO - Sync 1 DAGs
[2026-04-09T00:32:07.671+0000] {logging_mixin.py:190} INFO - [2026-04-09T00:32:07.671+0000] {dag.py:4138} INFO - Setting next_dagrun for example_bash_operator to 2026-04-08 00:00:00+00:00, run_after=2026-04-09 00:00:00+00:00
[2026-04-09T00:32:07.682+0000] {processor.py:208} INFO - Processing /home/airflow/.local/lib/python3.12/site-packages/airflow/example_dags/example_bash_operator.py took 0.048 seconds
[2026-04-09T00:32:38.520+0000] {processor.py:186} INFO - Started process (PID=194) to work on /home/airflow/.local/lib/python3.12/site-packages/airflow/example_dags/example_bash_operator.py
[2026-04-09T00:32:38.520+0000] {processor.py:914} INFO - Processing file /home/airflow/.local/lib/python3.12/site-packages/airflow/example_dags/example_bash_operator.py for tasks to queue
[2026-04-09T00:32:38.521+0000] {logging_mixin.py:190} INFO - [2026-04-09T00:32:38.521+0000] {dagbag.py:587} INFO - Filling up the DagBag from /home/airflow/.local/lib/python3.12/site-packages/airflow/example_dags/example_bash_operator.py
[2026-04-09T00:32:38.526+0000] {processor.py:925} INFO - DAG(s) 'example_bash_operator' retrieved from /home/airflow/.local/lib/python3.12/site-packages/airflow/example_dags/example_bash_operator.py
[2026-04-09T00:32:38.535+0000] {logging_mixin.py:190} INFO - [2026-04-09T00:32:38.535+0000] {dag.py:3211} INFO - Sync 1 DAGs
[2026-04-09T00:32:38.543+0000] {logging_mixin.py:190} INFO - [2026-04-09T00:32:38.543+0000] {dag.py:4138} INFO - Setting next_dagrun for example_bash_operator to 2026-04-08 00:00:00+00:00, run_after=2026-04-09 00:00:00+00:00
[2026-04-09T00:32:38.550+0000] {processor.py:208} INFO - Processing /home/airflow/.local/lib/python3.12/site-packages/airflow/example_dags/example_bash_operator.py took 0.032 seconds
[2026-04-09T00:33:09.372+0000] {processor.py:186} INFO - Started process (PID=258) to work on /home/airflow/.local/lib/python3.12/site-packages/airflow/example_dags/example_bash_operator.py
[2026-04-09T00:33:09.373+0000] {processor.py:914} INFO - Processing file /home/airflow/.local/lib/python3.12/site-packages/airflow/example_dags/example_bash_operator.py for tasks to queue
[2026-04-09T00:33:09.374+0000] {logging_mixin.py:190} INFO - [2026-04-09T00:33:09.374+0000] {dagbag.py:587} INFO - Filling up the DagBag from /home/airflow/.local/lib/python3.12/site-packages/airflow/example_dags/example_bash_operator.py
[2026-04-09T00:33:09.380+0000] {processor.py:925} INFO - DAG(s) 'example_bash_operator' retrieved from /home/airflow/.local/lib/python3.12/site-packages/airflow/example_dags/example_bash_operator.py
[2026-04-09T00:33:09.389+0000] {logging_mixin.py:190} INFO - [2026-04-09T00:33:09.389+0000] {dag.py:3211} INFO - Sync 1 DAGs
[2026-04-09T00:33:09.399+0000] {logging_mixin.py:190} INFO - [2026-04-09T00:33:09.399+0000] {dag.py:4138} INFO - Setting next_dagrun for example_bash_operator to 2026-04-08 00:00:00+00:00, run_after=2026-04-09 00:00:00+00:00
[2026-04-09T00:33:09.409+0000] {processor.py:208} INFO - Processing /home/airflow/.local/lib/python3.12/site-packages/airflow/example_dags/example_bash_operator.py took 0.039 seconds
[2026-04-09T00:33:40.238+0000] {processor.py:186} INFO - Started process (PID=328) to work on /home/airflow/.local/lib/python3.12/site-packages/airflow/example_dags/example_bash_operator.py
[2026-04-09T00:33:40.240+0000] {processor.py:914} INFO - Processing file /home/airflow/.local/lib/python3.12/site-packages/airflow/example_dags/example_bash_operator.py for tasks to queue
[2026-04-09T00:33:40.241+0000] {logging_mixin.py:190} INFO - [2026-04-09T00:33:40.241+0000] {dagbag.py:587} INFO - Filling up the DagBag from /home/airflow/.local/lib/python3.12/site-packages/airflow/example_dags/example_bash_operator.py
[2026-04-09T00:33:40.247+0000] {processor.py:925} INFO - DAG(s) 'example_bash_operator' retrieved from /home/airflow/.local/lib/python3.12/site-packages/airflow/example_dags/example_bash_operator.py
[2026-04-09T00:33:40.257+0000] {logging_mixin.py:190} INFO - [2026-04-09T00:33:40.257+0000] {dag.py:3211} INFO - Sync 1 DAGs
[2026-04-09T00:33:40.265+0000] {logging_mixin.py:190} INFO - [2026-04-09T00:33:40.265+0000] {dag.py:4138} INFO - Setting next_dagrun for example_bash_operator to 2026-04-08 00:00:00+00:00, run_after=2026-04-09 00:00:00+00:00
[2026-04-09T00:33:40.273+0000] {processor.py:208} INFO - Processing /home/airflow/.local/lib/python3.12/site-packages/airflow/example_dags/example_bash_operator.py took 0.037 seconds
[2026-04-09T00:34:11.000+0000] {processor.py:186} INFO - Started process (PID=392) to work on /home/airflow/.local/lib/python3.12/site-packages/airflow/example_dags/example_bash_operator.py
[2026-04-09T00:34:11.000+0000] {processor.py:914} INFO - Processing file /home/airflow/.local/lib/python3.12/site-packages/airflow/example_dags/example_bash_operator.py for tasks to queue
[2026-04-09T00:34:11.001+0000] {logging_mixin.py:190} INFO - [2026-04-09T00:34:11.001+0000] {dagbag.py:587} INFO - Filling up the DagBag from /home/airflow/.local/lib/python3.12/site-packages/airflow/example_dags/example_bash_operator.py
[2026-04-09T00:34:11.006+0000] {processor.py:925} INFO - DAG(s) 'example_bash_operator' retrieved from /home/airflow/.local/lib/python3.12/site-packages/airflow/example_dags/example_bash_operator.py
[2026-04-09T00:34:11.015+0000] {logging_mixin.py:190} INFO - [2026-04-09T00:34:11.015+0000] {dag.py:3211} INFO - Sync 1 DAGs
[2026-04-09T00:34:11.022+0000] {logging_mixin.py:190} INFO - [2026-04-09T00:34:11.022+0000] {dag.py:4138} INFO - Setting next_dagrun for example_bash_operator to 2026-04-08 00:00:00+00:00, run_after=2026-04-09 00:00:00+00:00
[2026-04-09T00:34:11.028+0000] {processor.py:208} INFO - Processing /home/airflow/.local/lib/python3.12/site-packages/airflow/example_dags/example_bash_operator.py took 0.030 seconds
[2026-04-09T00:34:41.863+0000] {processor.py:186} INFO - Started process (PID=456) to work on /home/airflow/.local/lib/python3.12/site-packages/airflow/example_dags/example_bash_operator.py
[2026-04-09T00:34:41.863+0000] {processor.py:914} INFO - Processing file /home/airflow/.local/lib/python3.12/site-packages/airflow/example_dags/example_bash_operator.py for tasks to queue
[2026-04-09T00:34:41.864+0000] {logging_mixin.py:190} INFO - [2026-04-09T00:34:41.864+0000] {dagbag.py:587} INFO - Filling up the DagBag from /home/airflow/.local/lib/python3.12/site-packages/airflow/example_dags/example_bash_operator.py
[2026-04-09T00:34:41.870+0000] {processor.py:925} INFO - DAG(s) 'example_bash_operator' retrieved from /home/airflow/.local/lib/python3.12/site-packages/airflow/example_dags/example_bash_operator.py
[2026-04-09T00:34:41.881+0000] {logging_mixin.py:190} INFO - [2026-04-09T00:34:41.881+0000] {dag.py:3211} INFO - Sync 1 DAGs
[2026-04-09T00:34:41.893+0000] {logging_mixin.py:190} INFO - [2026-04-09T00:34:41.893+0000] {dag.py:4138} INFO - Setting next_dagrun for example_bash_operator to 2026-04-08 00:00:00+00:00, run_after=2026-04-09 00:00:00+00:00
[2026-04-09T00:34:41.901+0000] {processor.py:208} INFO - Processing /home/airflow/.local/lib/python3.12/site-packages/airflow/example_dags/example_bash_operator.py took 0.040 seconds
[2026-04-09T00:35:12.576+0000] {processor.py:186} INFO - Started process (PID=520) to work on /home/airflow/.local/lib/python3.12/site-packages/airflow/example_dags/example_bash_operator.py
[2026-04-09T00:35:12.577+0000] {processor.py:914} INFO - Processing file /home/airflow/.local/lib/python3.12/site-packages/airflow/example_dags/example_bash_operator.py for tasks to queue
[2026-04-09T00:35:12.577+0000] {logging_mixin.py:190} INFO - [2026-04-09T00:35:12.577+0000] {dagbag.py:587} INFO - Filling up the DagBag from /home/airflow/.local/lib/python3.12/site-packages/airflow/example_dags/example_bash_operator.py
[2026-04-09T00:35:12.582+0000] {processor.py:925} INFO - DAG(s) 'example_bash_operator' retrieved from /home/airflow/.local/lib/python3.12/site-packages/airflow/example_dags/example_bash_operator.py
[2026-04-09T00:35:12.595+0000] {logging_mixin.py:190} INFO - [2026-04-09T00:35:12.595+0000] {dag.py:3211} INFO - Sync 1 DAGs
[2026-04-09T00:35:12.606+0000] {logging_mixin.py:190} INFO - [2026-04-09T00:35:12.606+0000] {dag.py:4138} INFO - Setting next_dagrun for example_bash_operator to 2026-04-08 00:00:00+00:00, run_after=2026-04-09 00:00:00+00:00
[2026-04-09T00:35:12.614+0000] {processor.py:208} INFO - Processing /home/airflow/.local/lib/python3.12/site-packages/airflow/example_dags/example_bash_operator.py took 0.040 seconds
[2026-04-09T00:35:43.311+0000] {processor.py:186} INFO - Started process (PID=583) to work on /home/airflow/.local/lib/python3.12/site-packages/airflow/example_dags/example_bash_operator.py
[2026-04-09T00:35:43.312+0000] {processor.py:914} INFO - Processing file /home/airflow/.local/lib/python3.12/site-packages/airflow/example_dags/example_bash_operator.py for tasks to queue
[2026-04-09T00:35:43.313+0000] {logging_mixin.py:190} INFO - [2026-04-09T00:35:43.313+0000] {dagbag.py:587} INFO - Filling up the DagBag from /home/airflow/.local/lib/python3.12/site-packages/airflow/example_dags/example_bash_operator.py
[2026-04-09T00:35:43.317+0000] {processor.py:925} INFO - DAG(s) 'example_bash_operator' retrieved from /home/airflow/.local/lib/python3.12/site-packages/airflow/example_dags/example_bash_operator.py
[2026-04-09T00:35:43.326+0000] {logging_mixin.py:190} INFO - [2026-04-09T00:35:43.326+0000] {dag.py:3211} INFO - Sync 1 DAGs
[2026-04-09T00:35:43.334+0000] {logging_mixin.py:190} INFO - [2026-04-09T00:35:43.334+0000] {dag.py:4138} INFO - Setting next_dagrun for example_bash_operator to 2026-04-08 00:00:00+00:00, run_after=2026-04-09 00:00:00+00:00
[2026-04-09T00:35:43.344+0000] {processor.py:208} INFO - Processing /home/airflow/.local/lib/python3.12/site-packages/airflow/example_dags/example_bash_operator.py took 0.035 seconds
[2026-04-09T00:36:14.086+0000] {processor.py:186} INFO - Started process (PID=646) to work on /home/airflow/.local/lib/python3.12/site-packages/airflow/example_dags/example_bash_operator.py
[2026-04-09T00:36:14.088+0000] {processor.py:914} INFO - Processing file /home/airflow/.local/lib/python3.12/site-packages/airflow/example_dags/example_bash_operator.py for tasks to queue
[2026-04-09T00:36:14.088+0000] {logging_mixin.py:190} INFO - [2026-04-09T00:36:14.088+0000] {dagbag.py:587} INFO - Filling up the DagBag from /home/airflow/.local/lib/python3.12/site-packages/airflow/example_dags/example_bash_operator.py
[2026-04-09T00:36:14.094+0000] {processor.py:925} INFO - DAG(s) 'example_bash_operator' retrieved from /home/airflow/.local/lib/python3.12/site-packages/airflow/example_dags/example_bash_operator.py
[2026-04-09T00:36:14.102+0000] {logging_mixin.py:190} INFO - [2026-04-09T00:36:14.102+0000] {dag.py:3211} INFO - Sync 1 DAGs
[2026-04-09T00:36:14.112+0000] {logging_mixin.py:190} INFO - [2026-04-09T00:36:14.112+0000] {dag.py:4138} INFO - Setting next_dagrun for example_bash_operator to 2026-04-08 00:00:00+00:00, run_after=2026-04-09 00:00:00+00:00
[2026-04-09T00:36:14.117+0000] {processor.py:208} INFO - Processing /home/airflow/.local/lib/python3.12/site-packages/airflow/example_dags/example_bash_operator.py took 0.033 seconds
[2026-04-09T00:36:44.893+0000] {processor.py:186} INFO - Started process (PID=710) to work on /home/airflow/.local/lib/python3.12/site-packages/airflow/example_dags/example_bash_operator.py
[2026-04-09T00:36:44.894+0000] {processor.py:914} INFO - Processing file /home/airflow/.local/lib/python3.12/site-packages/airflow/example_dags/example_bash_operator.py for tasks to queue
[2026-04-09T00:36:44.895+0000] {logging_mixin.py:190} INFO - [2026-04-09T00:36:44.895+0000] {dagbag.py:587} INFO - Filling up the DagBag from /home/airflow/.local/lib/python3.12/site-packages/airflow/example_dags/example_bash_operator.py
[2026-04-09T00:36:44.902+0000] {processor.py:925} INFO - DAG(s) 'example_bash_operator' retrieved from /home/airflow/.local/lib/python3.12/site-packages/airflow/example_dags/example_bash_operator.py
[2026-04-09T00:36:44.916+0000] {logging_mixin.py:190} INFO - [2026-04-09T00:36:44.915+0000] {dag.py:3211} INFO - Sync 1 DAGs
[2026-04-09T00:36:44.924+0000] {logging_mixin.py:190} INFO - [2026-04-09T00:36:44.924+0000] {dag.py:4138} INFO - Setting next_dagrun for example_bash_operator to 2026-04-08 00:00:00+00:00, run_after=2026-04-09 00:00:00+00:00
[2026-04-09T00:36:44.930+0000] {processor.py:208} INFO - Processing /home/airflow/.local/lib/python3.12/site-packages/airflow/example_dags/example_bash_operator.py took 0.040 seconds
[2026-04-09T00:37:15.667+0000] {processor.py:186} INFO - Started process (PID=774) to work on /home/airflow/.local/lib/python3.12/site-packages/airflow/example_dags/example_bash_operator.py
[2026-04-09T00:37:15.668+0000] {processor.py:914} INFO - Processing file /home/airflow/.local/lib/python3.12/site-packages/airflow/example_dags/example_bash_operator.py for tasks to queue
[2026-04-09T00:37:15.671+0000] {logging_mixin.py:190} INFO - [2026-04-09T00:37:15.669+0000] {dagbag.py:587} INFO - Filling up the DagBag from /home/airflow/.local/lib/python3.12/site-packages/airflow/example_dags/example_bash_operator.py
[2026-04-09T00:37:15.676+0000] {processor.py:925} INFO - DAG(s) 'example_bash_operator' retrieved from /home/airflow/.local/lib/python3.12/site-packages/airflow/example_dags/example_bash_operator.py
[2026-04-09T00:37:15.687+0000] {logging_mixin.py:190} INFO - [2026-04-09T00:37:15.687+0000] {dag.py:3211} INFO - Sync 1 DAGs
[2026-04-09T00:37:15.696+0000] {logging_mixin.py:190} INFO - [2026-04-09T00:37:15.696+0000] {dag.py:4138} INFO - Setting next_dagrun for example_bash_operator to 2026-04-08 00:00:00+00:00, run_after=2026-04-09 00:00:00+00:00
[2026-04-09T00:37:15.705+0000] {processor.py:208} INFO - Processing /home/airflow/.local/lib/python3.12/site-packages/airflow/example_dags/example_bash_operator.py took 0.040 seconds
[2026-04-09T00:37:46.412+0000] {processor.py:186} INFO - Started process (PID=839) to work on /home/airflow/.local/lib/python3.12/site-packages/airflow/example_dags/example_bash_operator.py
[2026-04-09T00:37:46.413+0000] {processor.py:914} INFO - Processing file /home/airflow/.local/lib/python3.12/site-packages/airflow/example_dags/example_bash_operator.py for tasks to queue
[2026-04-09T00:37:46.413+0000] {logging_mixin.py:190} INFO - [2026-04-09T00:37:46.413+0000] {dagbag.py:587} INFO - Filling up the DagBag from /home/airflow/.local/lib/python3.12/site-packages/airflow/example_dags/example_bash_operator.py
[2026-04-09T00:37:46.418+0000] {processor.py:925} INFO - DAG(s) 'example_bash_operator' retrieved from /home/airflow/.local/lib/python3.12/site-packages/airflow/example_dags/example_bash_operator.py
[2026-04-09T00:37:46.427+0000] {logging_mixin.py:190} INFO - [2026-04-09T00:37:46.427+0000] {dag.py:3211} INFO - Sync 1 DAGs
[2026-04-09T00:37:46.434+0000] {logging_mixin.py:190} INFO - [2026-04-09T00:37:46.434+0000] {dag.py:4138} INFO - Setting next_dagrun for example_bash_operator to 2026-04-08 00:00:00+00:00, run_after=2026-04-09 00:00:00+00:00
[2026-04-09T00:37:46.440+0000] {processor.py:208} INFO - Processing /home/airflow/.local/lib/python3.12/site-packages/airflow/example_dags/example_bash_operator.py took 0.029 seconds
[2026-04-09T00:38:17.160+0000] {processor.py:186} INFO - Started process (PID=902) to work on /home/airflow/.local/lib/python3.12/site-packages/airflow/example_dags/example_bash_operator.py
[2026-04-09T00:38:17.161+0000] {processor.py:914} INFO - Processing file /home/airflow/.local/lib/python3.12/site-packages/airflow/example_dags/example_bash_operator.py for tasks to queue
[2026-04-09T00:38:17.162+0000] {logging_mixin.py:190} INFO - [2026-04-09T00:38:17.161+0000] {dagbag.py:587} INFO - Filling up the DagBag from /home/airflow/.local/lib/python3.12/site-packages/airflow/example_dags/example_bash_operator.py
[2026-04-09T00:38:17.166+0000] {processor.py:925} INFO - DAG(s) 'example_bash_operator' retrieved from /home/airflow/.local/lib/python3.12/site-packages/airflow/example_dags/example_bash_operator.py
[2026-04-09T00:38:17.174+0000] {logging_mixin.py:190} INFO - [2026-04-09T00:38:17.174+0000] {dag.py:3211} INFO - Sync 1 DAGs
[2026-04-09T00:38:17.181+0000] {logging_mixin.py:190} INFO - [2026-04-09T00:38:17.181+0000] {dag.py:4138} INFO - Setting next_dagrun for example_bash_operator to 2026-04-08 00:00:00+00:00, run_after=2026-04-09 00:00:00+00:00
[2026-04-09T00:38:17.186+0000] {processor.py:208} INFO - Processing /home/airflow/.local/lib/python3.12/site-packages/airflow/example_dags/example_bash_operator.py took 0.028 seconds
[2026-04-09T00:38:47.844+0000] {processor.py:186} INFO - Started process (PID=967) to work on /home/airflow/.local/lib/python3.12/site-packages/airflow/example_dags/example_bash_operator.py
[2026-04-09T00:38:47.844+0000] {processor.py:914} INFO - Processing file /home/airflow/.local/lib/python3.12/site-packages/airflow/example_dags/example_bash_operator.py for tasks to queue
[2026-04-09T00:38:47.845+0000] {logging_mixin.py:190} INFO - [2026-04-09T00:38:47.845+0000] {dagbag.py:587} INFO - Filling up the DagBag from /home/airflow/.local/lib/python3.12/site-packages/airflow/example_dags/example_bash_operator.py
[2026-04-09T00:38:47.850+0000] {processor.py:925} INFO - DAG(s) 'example_bash_operator' retrieved from /home/airflow/.local/lib/python3.12/site-packages/airflow/example_dags/example_bash_operator.py
[2026-04-09T00:38:47.859+0000] {logging_mixin.py:190} INFO - [2026-04-09T00:38:47.859+0000] {dag.py:3211} INFO - Sync 1 DAGs
[2026-04-09T00:38:47.866+0000] {logging_mixin.py:190} INFO - [2026-04-09T00:38:47.866+0000] {dag.py:4138} INFO - Setting next_dagrun for example_bash_operator to 2026-04-08 00:00:00+00:00, run_after=2026-04-09 00:00:00+00:00
[2026-04-09T00:38:47.872+0000] {processor.py:208} INFO - Processing /home/airflow/.local/lib/python3.12/site-packages/airflow/example_dags/example_bash_operator.py took 0.030 seconds
[2026-04-09T00:39:18.680+0000] {processor.py:186} INFO - Started process (PID=1031) to work on /home/airflow/.local/lib/python3.12/site-packages/airflow/example_dags/example_bash_operator.py
[2026-04-09T00:39:18.680+0000] {processor.py:914} INFO - Processing file /home/airflow/.local/lib/python3.12/site-packages/airflow/example_dags/example_bash_operator.py for tasks to queue
[2026-04-09T00:39:18.681+0000] {logging_mixin.py:190} INFO - [2026-04-09T00:39:18.681+0000] {dagbag.py:587} INFO - Filling up the DagBag from /home/airflow/.local/lib/python3.12/site-packages/airflow/example_dags/example_bash_operator.py
[2026-04-09T00:39:18.686+0000] {processor.py:925} INFO - DAG(s) 'example_bash_operator' retrieved from /home/airflow/.local/lib/python3.12/site-packages/airflow/example_dags/example_bash_operator.py
[2026-04-09T00:39:18.701+0000] {logging_mixin.py:190} INFO - [2026-04-09T00:39:18.701+0000] {dag.py:3211} INFO - Sync 1 DAGs
[2026-04-09T00:39:18.711+0000] {logging_mixin.py:190} INFO - [2026-04-09T00:39:18.711+0000] {dag.py:4138} INFO - Setting next_dagrun for example_bash_operator to 2026-04-08 00:00:00+00:00, run_after=2026-04-09 00:00:00+00:00
[2026-04-09T00:39:18.721+0000] {processor.py:208} INFO - Processing /home/airflow/.local/lib/python3.12/site-packages/airflow/example_dags/example_bash_operator.py took 0.043 seconds
[2026-04-09T00:39:49.456+0000] {processor.py:186} INFO - Started process (PID=1095) to work on /home/airflow/.local/lib/python3.12/site-packages/airflow/example_dags/example_bash_operator.py
[2026-04-09T00:39:49.457+0000] {processor.py:914} INFO - Processing file /home/airflow/.local/lib/python3.12/site-packages/airflow/example_dags/example_bash_operator.py for tasks to queue
[2026-04-09T00:39:49.459+0000] {logging_mixin.py:190} INFO - [2026-04-09T00:39:49.459+0000] {dagbag.py:587} INFO - Filling up the DagBag from /home/airflow/.local/lib/python3.12/site-packages/airflow/example_dags/example_bash_operator.py
[2026-04-09T00:39:49.466+0000] {processor.py:925} INFO - DAG(s) 'example_bash_operator' retrieved from /home/airflow/.local/lib/python3.12/site-packages/airflow/example_dags/example_bash_operator.py
[2026-04-09T00:39:49.478+0000] {logging_mixin.py:190} INFO - [2026-04-09T00:39:49.477+0000] {dag.py:3211} INFO - Sync 1 DAGs
[2026-04-09T00:39:49.487+0000] {logging_mixin.py:190} INFO - [2026-04-09T00:39:49.487+0000] {dag.py:4138} INFO - Setting next_dagrun for example_bash_operator to 2026-04-08 00:00:00+00:00, run_after=2026-04-09 00:00:00+00:00
[2026-04-09T00:39:49.496+0000] {processor.py:208} INFO - Processing /home/airflow/.local/lib/python3.12/site-packages/airflow/example_dags/example_bash_operator.py took 0.042 seconds
[2026-04-09T00:40:20.235+0000] {processor.py:186} INFO - Started process (PID=1159) to work on /home/airflow/.local/lib/python3.12/site-packages/airflow/example_dags/example_bash_operator.py
[2026-04-09T00:40:20.235+0000] {processor.py:914} INFO - Processing file /home/airflow/.local/lib/python3.12/site-packages/airflow/example_dags/example_bash_operator.py for tasks to queue
[2026-04-09T00:40:20.236+0000] {logging_mixin.py:190} INFO - [2026-04-09T00:40:20.236+0000] {dagbag.py:587} INFO - Filling up the DagBag from /home/airflow/.local/lib/python3.12/site-packages/airflow/example_dags/example_bash_operator.py
[2026-04-09T00:40:20.243+0000] {processor.py:925} INFO - DAG(s) 'example_bash_operator' retrieved from /home/airflow/.local/lib/python3.12/site-packages/airflow/example_dags/example_bash_operator.py
[2026-04-09T00:40:20.255+0000] {logging_mixin.py:190} INFO - [2026-04-09T00:40:20.255+0000] {dag.py:3211} INFO - Sync 1 DAGs
[2026-04-09T00:40:20.263+0000] {logging_mixin.py:190} INFO - [2026-04-09T00:40:20.263+0000] {dag.py:4138} INFO - Setting next_dagrun for example_bash_operator to 2026-04-08 00:00:00+00:00, run_after=2026-04-09 00:00:00+00:00
[2026-04-09T00:40:20.269+0000] {processor.py:208} INFO - Processing /home/airflow/.local/lib/python3.12/site-packages/airflow/example_dags/example_bash_operator.py took 0.037 seconds
[2026-04-09T00:40:51.035+0000] {processor.py:186} INFO - Started process (PID=1223) to work on /home/airflow/.local/lib/python3.12/site-packages/airflow/example_dags/example_bash_operator.py
[2026-04-09T00:40:51.035+0000] {processor.py:914} INFO - Processing file /home/airflow/.local/lib/python3.12/site-packages/airflow/example_dags/example_bash_operator.py for tasks to queue
[2026-04-09T00:40:51.036+0000] {logging_mixin.py:190} INFO - [2026-04-09T00:40:51.036+0000] {dagbag.py:587} INFO - Filling up the DagBag from /home/airflow/.local/lib/python3.12/site-packages/airflow/example_dags/example_bash_operator.py
[2026-04-09T00:40:51.041+0000] {processor.py:925} INFO - DAG(s) 'example_bash_operator' retrieved from /home/airflow/.local/lib/python3.12/site-packages/airflow/example_dags/example_bash_operator.py
[2026-04-09T00:40:51.056+0000] {logging_mixin.py:190} INFO - [2026-04-09T00:40:51.056+0000] {dag.py:3211} INFO - Sync 1 DAGs
[2026-04-09T00:40:51.063+0000] {logging_mixin.py:190} INFO - [2026-04-09T00:40:51.063+0000] {dag.py:4138} INFO - Setting next_dagrun for example_bash_operator to 2026-04-08 00:00:00+00:00, run_after=2026-04-09 00:00:00+00:00
[2026-04-09T00:40:51.073+0000] {processor.py:208} INFO - Processing /home/airflow/.local/lib/python3.12/site-packages/airflow/example_dags/example_bash_operator.py took 0.040 seconds
[2026-04-09T00:41:21.811+0000] {processor.py:186} INFO - Started process (PID=1287) to work on /home/airflow/.local/lib/python3.12/site-packages/airflow/example_dags/example_bash_operator.py
[2026-04-09T00:41:21.811+0000] {processor.py:914} INFO - Processing file /home/airflow/.local/lib/python3.12/site-packages/airflow/example_dags/example_bash_operator.py for tasks to queue
[2026-04-09T00:41:21.814+0000] {logging_mixin.py:190} INFO - [2026-04-09T00:41:21.814+0000] {dagbag.py:587} INFO - Filling up the DagBag from /home/airflow/.local/lib/python3.12/site-packages/airflow/example_dags/example_bash_operator.py
[2026-04-09T00:41:21.822+0000] {processor.py:925} INFO - DAG(s) 'example_bash_operator' retrieved from /home/airflow/.local/lib/python3.12/site-packages/airflow/example_dags/example_bash_operator.py
[2026-04-09T00:41:21.837+0000] {logging_mixin.py:190} INFO - [2026-04-09T00:41:21.837+0000] {dag.py:3211} INFO - Sync 1 DAGs
[2026-04-09T00:41:21.846+0000] {logging_mixin.py:190} INFO - [2026-04-09T00:41:21.846+0000] {dag.py:4138} INFO - Setting next_dagrun for example_bash_operator to 2026-04-08 00:00:00+00:00, run_after=2026-04-09 00:00:00+00:00
[2026-04-09T00:41:21.855+0000] {processor.py:208} INFO - Processing /home/airflow/.local/lib/python3.12/site-packages/airflow/example_dags/example_bash_operator.py took 0.046 seconds
[2026-04-09T00:41:52.709+0000] {processor.py:186} INFO - Started process (PID=1351) to work on /home/airflow/.local/lib/python3.12/site-packages/airflow/example_dags/example_bash_operator.py
[2026-04-09T00:41:52.712+0000] {processor.py:914} INFO - Processing file /home/airflow/.local/lib/python3.12/site-packages/airflow/example_dags/example_bash_operator.py for tasks to queue
[2026-04-09T00:41:52.714+0000] {logging_mixin.py:190} INFO - [2026-04-09T00:41:52.714+0000] {dagbag.py:587} INFO - Filling up the DagBag from /home/airflow/.local/lib/python3.12/site-packages/airflow/example_dags/example_bash_operator.py
[2026-04-09T00:41:52.720+0000] {processor.py:925} INFO - DAG(s) 'example_bash_operator' retrieved from /home/airflow/.local/lib/python3.12/site-packages/airflow/example_dags/example_bash_operator.py
[2026-04-09T00:41:52.734+0000] {logging_mixin.py:190} INFO - [2026-04-09T00:41:52.734+0000] {dag.py:3211} INFO - Sync 1 DAGs
[2026-04-09T00:41:52.743+0000] {logging_mixin.py:190} INFO - [2026-04-09T00:41:52.743+0000] {dag.py:4138} INFO - Setting next_dagrun for example_bash_operator to 2026-04-08 00:00:00+00:00, run_after=2026-04-09 00:00:00+00:00
[2026-04-09T00:41:52.751+0000] {processor.py:208} INFO - Processing /home/airflow/.local/lib/python3.12/site-packages/airflow/example_dags/example_bash_operator.py took 0.045 seconds
[2026-04-09T00:42:23.827+0000] {processor.py:186} INFO - Started process (PID=1415) to work on /home/airflow/.local/lib/python3.12/site-packages/airflow/example_dags/example_bash_operator.py
[2026-04-09T00:42:23.827+0000] {processor.py:914} INFO - Processing file /home/airflow/.local/lib/python3.12/site-packages/airflow/example_dags/example_bash_operator.py for tasks to queue
[2026-04-09T00:42:23.829+0000] {logging_mixin.py:190} INFO - [2026-04-09T00:42:23.828+0000] {dagbag.py:587} INFO - Filling up the DagBag from /home/airflow/.local/lib/python3.12/site-packages/airflow/example_dags/example_bash_operator.py
[2026-04-09T00:42:23.837+0000] {processor.py:925} INFO - DAG(s) 'example_bash_operator' retrieved from /home/airflow/.local/lib/python3.12/site-packages/airflow/example_dags/example_bash_operator.py
[2026-04-09T00:42:23.851+0000] {logging_mixin.py:190} INFO - [2026-04-09T00:42:23.851+0000] {dag.py:3211} INFO - Sync 1 DAGs
[2026-04-09T00:42:23.862+0000] {logging_mixin.py:190} INFO - [2026-04-09T00:42:23.862+0000] {dag.py:4138} INFO - Setting next_dagrun for example_bash_operator to 2026-04-08 00:00:00+00:00, run_after=2026-04-09 00:00:00+00:00
[2026-04-09T00:42:23.870+0000] {processor.py:208} INFO - Processing /home/airflow/.local/lib/python3.12/site-packages/airflow/example_dags/example_bash_operator.py took 0.045 seconds
[2026-04-09T00:42:54.623+0000] {processor.py:186} INFO - Started process (PID=1479) to work on /home/airflow/.local/lib/python3.12/site-packages/airflow/example_dags/example_bash_operator.py
[2026-04-09T00:42:54.624+0000] {processor.py:914} INFO - Processing file /home/airflow/.local/lib/python3.12/site-packages/airflow/example_dags/example_bash_operator.py for tasks to queue
[2026-04-09T00:42:54.625+0000] {logging_mixin.py:190} INFO - [2026-04-09T00:42:54.625+0000] {dagbag.py:587} INFO - Filling up the DagBag from /home/airflow/.local/lib/python3.12/site-packages/airflow/example_dags/example_bash_operator.py
[2026-04-09T00:42:54.630+0000] {processor.py:925} INFO - DAG(s) 'example_bash_operator' retrieved from /home/airflow/.local/lib/python3.12/site-packages/airflow/example_dags/example_bash_operator.py
[2026-04-09T00:42:54.641+0000] {logging_mixin.py:190} INFO - [2026-04-09T00:42:54.641+0000] {dag.py:3211} INFO - Sync 1 DAGs
[2026-04-09T00:42:54.652+0000] {logging_mixin.py:190} INFO - [2026-04-09T00:42:54.652+0000] {dag.py:4138} INFO - Setting next_dagrun for example_bash_operator to 2026-04-08 00:00:00+00:00, run_after=2026-04-09 00:00:00+00:00
[2026-04-09T00:42:54.661+0000] {processor.py:208} INFO - Processing /home/airflow/.local/lib/python3.12/site-packages/airflow/example_dags/example_bash_operator.py took 0.040 seconds
[2026-04-09T00:43:25.367+0000] {processor.py:186} INFO - Started process (PID=1543) to work on /home/airflow/.local/lib/python3.12/site-packages/airflow/example_dags/example_bash_operator.py
[2026-04-09T00:43:25.367+0000] {processor.py:914} INFO - Processing file /home/airflow/.local/lib/python3.12/site-packages/airflow/example_dags/example_bash_operator.py for tasks to queue
[2026-04-09T00:43:25.368+0000] {logging_mixin.py:190} INFO - [2026-04-09T00:43:25.368+0000] {dagbag.py:587} INFO - Filling up the DagBag from /home/airflow/.local/lib/python3.12/site-packages/airflow/example_dags/example_bash_operator.py
[2026-04-09T00:43:25.373+0000] {processor.py:925} INFO - DAG(s) 'example_bash_operator' retrieved from /home/airflow/.local/lib/python3.12/site-packages/airflow/example_dags/example_bash_operator.py
[2026-04-09T00:43:25.381+0000] {logging_mixin.py:190} INFO - [2026-04-09T00:43:25.381+0000] {dag.py:3211} INFO - Sync 1 DAGs
[2026-04-09T00:43:25.389+0000] {logging_mixin.py:190} INFO - [2026-04-09T00:43:25.388+0000] {dag.py:4138} INFO - Setting next_dagrun for example_bash_operator to 2026-04-08 00:00:00+00:00, run_after=2026-04-09 00:00:00+00:00
[2026-04-09T00:43:25.394+0000] {processor.py:208} INFO - Processing /home/airflow/.local/lib/python3.12/site-packages/airflow/example_dags/example_bash_operator.py took 0.030 seconds
[2026-04-09T00:43:56.104+0000] {processor.py:186} INFO - Started process (PID=1606) to work on /home/airflow/.local/lib/python3.12/site-packages/airflow/example_dags/example_bash_operator.py
[2026-04-09T00:43:56.104+0000] {processor.py:914} INFO - Processing file /home/airflow/.local/lib/python3.12/site-packages/airflow/example_dags/example_bash_operator.py for tasks to queue
[2026-04-09T00:43:56.106+0000] {logging_mixin.py:190} INFO - [2026-04-09T00:43:56.105+0000] {dagbag.py:587} INFO - Filling up the DagBag from /home/airflow/.local/lib/python3.12/site-packages/airflow/example_dags/example_bash_operator.py
[2026-04-09T00:43:56.113+0000] {processor.py:925} INFO - DAG(s) 'example_bash_operator' retrieved from /home/airflow/.local/lib/python3.12/site-packages/airflow/example_dags/example_bash_operator.py
[2026-04-09T00:43:56.125+0000] {logging_mixin.py:190} INFO - [2026-04-09T00:43:56.125+0000] {dag.py:3211} INFO - Sync 1 DAGs
[2026-04-09T00:43:56.133+0000] {logging_mixin.py:190} INFO - [2026-04-09T00:43:56.133+0000] {dag.py:4138} INFO - Setting next_dagrun for example_bash_operator to 2026-04-08 00:00:00+00:00, run_after=2026-04-09 00:00:00+00:00
[2026-04-09T00:43:56.141+0000] {processor.py:208} INFO - Processing /home/airflow/.local/lib/python3.12/site-packages/airflow/example_dags/example_bash_operator.py took 0.040 seconds
[2026-04-09T00:44:26.929+0000] {processor.py:186} INFO - Started process (PID=1670) to work on /home/airflow/.local/lib/python3.12/site-packages/airflow/example_dags/example_bash_operator.py
[2026-04-09T00:44:26.930+0000] {processor.py:914} INFO - Processing file /home/airflow/.local/lib/python3.12/site-packages/airflow/example_dags/example_bash_operator.py for tasks to queue
[2026-04-09T00:44:26.931+0000] {logging_mixin.py:190} INFO - [2026-04-09T00:44:26.931+0000] {dagbag.py:587} INFO - Filling up the DagBag from /home/airflow/.local/lib/python3.12/site-packages/airflow/example_dags/example_bash_operator.py
[2026-04-09T00:44:26.936+0000] {processor.py:925} INFO - DAG(s) 'example_bash_operator' retrieved from /home/airflow/.local/lib/python3.12/site-packages/airflow/example_dags/example_bash_operator.py
[2026-04-09T00:44:26.945+0000] {logging_mixin.py:190} INFO - [2026-04-09T00:44:26.945+0000] {dag.py:3211} INFO - Sync 1 DAGs
[2026-04-09T00:44:26.954+0000] {logging_mixin.py:190} INFO - [2026-04-09T00:44:26.954+0000] {dag.py:4138} INFO - Setting next_dagrun for example_bash_operator to 2026-04-08 00:00:00+00:00, run_after=2026-04-09 00:00:00+00:00
[2026-04-09T00:44:26.966+0000] {processor.py:208} INFO - Processing /home/airflow/.local/lib/python3.12/site-packages/airflow/example_dags/example_bash_operator.py took 0.039 seconds
[2026-04-09T00:44:57.756+0000] {processor.py:186} INFO - Started process (PID=1734) to work on /home/airflow/.local/lib/python3.12/site-packages/airflow/example_dags/example_bash_operator.py
[2026-04-09T00:44:57.757+0000] {processor.py:914} INFO - Processing file /home/airflow/.local/lib/python3.12/site-packages/airflow/example_dags/example_bash_operator.py for tasks to queue
[2026-04-09T00:44:57.759+0000] {logging_mixin.py:190} INFO - [2026-04-09T00:44:57.759+0000] {dagbag.py:587} INFO - Filling up the DagBag from /home/airflow/.local/lib/python3.12/site-packages/airflow/example_dags/example_bash_operator.py
[2026-04-09T00:44:57.764+0000] {processor.py:925} INFO - DAG(s) 'example_bash_operator' retrieved from /home/airflow/.local/lib/python3.12/site-packages/airflow/example_dags/example_bash_operator.py
[2026-04-09T00:44:57.777+0000] {logging_mixin.py:190} INFO - [2026-04-09T00:44:57.777+0000] {dag.py:3211} INFO - Sync 1 DAGs
[2026-04-09T00:44:57.785+0000] {logging_mixin.py:190} INFO - [2026-04-09T00:44:57.785+0000] {dag.py:4138} INFO - Setting next_dagrun for example_bash_operator to 2026-04-08 00:00:00+00:00, run_after=2026-04-09 00:00:00+00:00
[2026-04-09T00:44:57.790+0000] {processor.py:208} INFO - Processing /home/airflow/.local/lib/python3.12/site-packages/airflow/example_dags/example_bash_operator.py took 0.037 seconds
[2026-04-09T00:45:28.683+0000] {processor.py:186} INFO - Started process (PID=1797) to work on /home/airflow/.local/lib/python3.12/site-packages/airflow/example_dags/example_bash_operator.py
[2026-04-09T00:45:28.683+0000] {processor.py:914} INFO - Processing file /home/airflow/.local/lib/python3.12/site-packages/airflow/example_dags/example_bash_operator.py for tasks to queue
[2026-04-09T00:45:28.686+0000] {logging_mixin.py:190} INFO - [2026-04-09T00:45:28.686+0000] {dagbag.py:587} INFO - Filling up the DagBag from /home/airflow/.local/lib/python3.12/site-packages/airflow/example_dags/example_bash_operator.py
[2026-04-09T00:45:28.691+0000] {processor.py:925} INFO - DAG(s) 'example_bash_operator' retrieved from /home/airflow/.local/lib/python3.12/site-packages/airflow/example_dags/example_bash_operator.py
[2026-04-09T00:45:28.702+0000] {logging_mixin.py:190} INFO - [2026-04-09T00:45:28.702+0000] {dag.py:3211} INFO - Sync 1 DAGs
[2026-04-09T00:45:28.712+0000] {logging_mixin.py:190} INFO - [2026-04-09T00:45:28.712+0000] {dag.py:4138} INFO - Setting next_dagrun for example_bash_operator to 2026-04-08 00:00:00+00:00, run_after=2026-04-09 00:00:00+00:00
[2026-04-09T00:45:28.719+0000] {processor.py:208} INFO - Processing /home/airflow/.local/lib/python3.12/site-packages/airflow/example_dags/example_bash_operator.py took 0.038 seconds
[2026-04-09T00:45:59.693+0000] {processor.py:186} INFO - Started process (PID=1861) to work on /home/airflow/.local/lib/python3.12/site-packages/airflow/example_dags/example_bash_operator.py
[2026-04-09T00:45:59.693+0000] {processor.py:914} INFO - Processing file /home/airflow/.local/lib/python3.12/site-packages/airflow/example_dags/example_bash_operator.py for tasks to queue
[2026-04-09T00:45:59.694+0000] {logging_mixin.py:190} INFO - [2026-04-09T00:45:59.694+0000] {dagbag.py:587} INFO - Filling up the DagBag from /home/airflow/.local/lib/python3.12/site-packages/airflow/example_dags/example_bash_operator.py
[2026-04-09T00:45:59.700+0000] {processor.py:925} INFO - DAG(s) 'example_bash_operator' retrieved from /home/airflow/.local/lib/python3.12/site-packages/airflow/example_dags/example_bash_operator.py
[2026-04-09T00:45:59.709+0000] {logging_mixin.py:190} INFO - [2026-04-09T00:45:59.709+0000] {dag.py:3211} INFO - Sync 1 DAGs
[2026-04-09T00:45:59.718+0000] {logging_mixin.py:190} INFO - [2026-04-09T00:45:59.718+0000] {dag.py:4138} INFO - Setting next_dagrun for example_bash_operator to 2026-04-08 00:00:00+00:00, run_after=2026-04-09 00:00:00+00:00
[2026-04-09T00:45:59.731+0000] {processor.py:208} INFO - Processing /home/airflow/.local/lib/python3.12/site-packages/airflow/example_dags/example_bash_operator.py took 0.040 seconds
