[2026-04-09T00:31:36.109+0000] {processor.py:186} INFO - Started process (PID=45) to work on /home/airflow/.local/lib/python3.12/site-packages/airflow/example_dags/example_python_decorator.py
[2026-04-09T00:31:36.110+0000] {processor.py:914} INFO - Processing file /home/airflow/.local/lib/python3.12/site-packages/airflow/example_dags/example_python_decorator.py for tasks to queue
[2026-04-09T00:31:36.112+0000] {logging_mixin.py:190} INFO - [2026-04-09T00:31:36.112+0000] {dagbag.py:587} INFO - Filling up the DagBag from /home/airflow/.local/lib/python3.12/site-packages/airflow/example_dags/example_python_decorator.py
[2026-04-09T00:31:36.122+0000] {processor.py:925} INFO - DAG(s) 'example_python_decorator' retrieved from /home/airflow/.local/lib/python3.12/site-packages/airflow/example_dags/example_python_decorator.py
[2026-04-09T00:31:36.174+0000] {logging_mixin.py:190} INFO - [2026-04-09T00:31:36.174+0000] {dag.py:3211} INFO - Sync 1 DAGs
[2026-04-09T00:31:36.180+0000] {logging_mixin.py:190} INFO - [2026-04-09T00:31:36.180+0000] {dag.py:4138} INFO - Setting next_dagrun for example_python_decorator to None, run_after=None
[2026-04-09T00:31:36.193+0000] {processor.py:208} INFO - Processing /home/airflow/.local/lib/python3.12/site-packages/airflow/example_dags/example_python_decorator.py took 0.087 seconds
[2026-04-09T00:32:06.974+0000] {processor.py:186} INFO - Started process (PID=108) to work on /home/airflow/.local/lib/python3.12/site-packages/airflow/example_dags/example_python_decorator.py
[2026-04-09T00:32:06.975+0000] {processor.py:914} INFO - Processing file /home/airflow/.local/lib/python3.12/site-packages/airflow/example_dags/example_python_decorator.py for tasks to queue
[2026-04-09T00:32:06.976+0000] {logging_mixin.py:190} INFO - [2026-04-09T00:32:06.976+0000] {dagbag.py:587} INFO - Filling up the DagBag from /home/airflow/.local/lib/python3.12/site-packages/airflow/example_dags/example_python_decorator.py
[2026-04-09T00:32:06.982+0000] {processor.py:925} INFO - DAG(s) 'example_python_decorator' retrieved from /home/airflow/.local/lib/python3.12/site-packages/airflow/example_dags/example_python_decorator.py
[2026-04-09T00:32:06.994+0000] {logging_mixin.py:190} INFO - [2026-04-09T00:32:06.993+0000] {dag.py:3211} INFO - Sync 1 DAGs
[2026-04-09T00:32:06.999+0000] {logging_mixin.py:190} INFO - [2026-04-09T00:32:06.998+0000] {dag.py:4138} INFO - Setting next_dagrun for example_python_decorator to None, run_after=None
[2026-04-09T00:32:07.010+0000] {processor.py:208} INFO - Processing /home/airflow/.local/lib/python3.12/site-packages/airflow/example_dags/example_python_decorator.py took 0.038 seconds
[2026-04-09T00:32:37.880+0000] {processor.py:186} INFO - Started process (PID=172) to work on /home/airflow/.local/lib/python3.12/site-packages/airflow/example_dags/example_python_decorator.py
[2026-04-09T00:32:37.880+0000] {processor.py:914} INFO - Processing file /home/airflow/.local/lib/python3.12/site-packages/airflow/example_dags/example_python_decorator.py for tasks to queue
[2026-04-09T00:32:37.881+0000] {logging_mixin.py:190} INFO - [2026-04-09T00:32:37.881+0000] {dagbag.py:587} INFO - Filling up the DagBag from /home/airflow/.local/lib/python3.12/site-packages/airflow/example_dags/example_python_decorator.py
[2026-04-09T00:32:37.889+0000] {processor.py:925} INFO - DAG(s) 'example_python_decorator' retrieved from /home/airflow/.local/lib/python3.12/site-packages/airflow/example_dags/example_python_decorator.py
[2026-04-09T00:32:37.897+0000] {logging_mixin.py:190} INFO - [2026-04-09T00:32:37.897+0000] {dag.py:3211} INFO - Sync 1 DAGs
[2026-04-09T00:32:37.903+0000] {logging_mixin.py:190} INFO - [2026-04-09T00:32:37.903+0000] {dag.py:4138} INFO - Setting next_dagrun for example_python_decorator to None, run_after=None
[2026-04-09T00:32:37.913+0000] {processor.py:208} INFO - Processing /home/airflow/.local/lib/python3.12/site-packages/airflow/example_dags/example_python_decorator.py took 0.035 seconds
[2026-04-09T00:33:08.791+0000] {processor.py:186} INFO - Started process (PID=236) to work on /home/airflow/.local/lib/python3.12/site-packages/airflow/example_dags/example_python_decorator.py
[2026-04-09T00:33:08.793+0000] {processor.py:914} INFO - Processing file /home/airflow/.local/lib/python3.12/site-packages/airflow/example_dags/example_python_decorator.py for tasks to queue
[2026-04-09T00:33:08.794+0000] {logging_mixin.py:190} INFO - [2026-04-09T00:33:08.794+0000] {dagbag.py:587} INFO - Filling up the DagBag from /home/airflow/.local/lib/python3.12/site-packages/airflow/example_dags/example_python_decorator.py
[2026-04-09T00:33:08.800+0000] {processor.py:925} INFO - DAG(s) 'example_python_decorator' retrieved from /home/airflow/.local/lib/python3.12/site-packages/airflow/example_dags/example_python_decorator.py
[2026-04-09T00:33:08.810+0000] {logging_mixin.py:190} INFO - [2026-04-09T00:33:08.809+0000] {dag.py:3211} INFO - Sync 1 DAGs
[2026-04-09T00:33:08.814+0000] {logging_mixin.py:190} INFO - [2026-04-09T00:33:08.814+0000] {dag.py:4138} INFO - Setting next_dagrun for example_python_decorator to None, run_after=None
[2026-04-09T00:33:08.821+0000] {processor.py:208} INFO - Processing /home/airflow/.local/lib/python3.12/site-packages/airflow/example_dags/example_python_decorator.py took 0.032 seconds
[2026-04-09T00:33:39.543+0000] {processor.py:186} INFO - Started process (PID=300) to work on /home/airflow/.local/lib/python3.12/site-packages/airflow/example_dags/example_python_decorator.py
[2026-04-09T00:33:39.543+0000] {processor.py:914} INFO - Processing file /home/airflow/.local/lib/python3.12/site-packages/airflow/example_dags/example_python_decorator.py for tasks to queue
[2026-04-09T00:33:39.544+0000] {logging_mixin.py:190} INFO - [2026-04-09T00:33:39.544+0000] {dagbag.py:587} INFO - Filling up the DagBag from /home/airflow/.local/lib/python3.12/site-packages/airflow/example_dags/example_python_decorator.py
[2026-04-09T00:33:39.550+0000] {processor.py:925} INFO - DAG(s) 'example_python_decorator' retrieved from /home/airflow/.local/lib/python3.12/site-packages/airflow/example_dags/example_python_decorator.py
[2026-04-09T00:33:39.561+0000] {logging_mixin.py:190} INFO - [2026-04-09T00:33:39.561+0000] {dag.py:3211} INFO - Sync 1 DAGs
[2026-04-09T00:33:39.566+0000] {logging_mixin.py:190} INFO - [2026-04-09T00:33:39.566+0000] {dag.py:4138} INFO - Setting next_dagrun for example_python_decorator to None, run_after=None
[2026-04-09T00:33:39.576+0000] {processor.py:208} INFO - Processing /home/airflow/.local/lib/python3.12/site-packages/airflow/example_dags/example_python_decorator.py took 0.036 seconds
[2026-04-09T00:34:10.414+0000] {processor.py:186} INFO - Started process (PID=370) to work on /home/airflow/.local/lib/python3.12/site-packages/airflow/example_dags/example_python_decorator.py
[2026-04-09T00:34:10.415+0000] {processor.py:914} INFO - Processing file /home/airflow/.local/lib/python3.12/site-packages/airflow/example_dags/example_python_decorator.py for tasks to queue
[2026-04-09T00:34:10.415+0000] {logging_mixin.py:190} INFO - [2026-04-09T00:34:10.415+0000] {dagbag.py:587} INFO - Filling up the DagBag from /home/airflow/.local/lib/python3.12/site-packages/airflow/example_dags/example_python_decorator.py
[2026-04-09T00:34:10.424+0000] {processor.py:925} INFO - DAG(s) 'example_python_decorator' retrieved from /home/airflow/.local/lib/python3.12/site-packages/airflow/example_dags/example_python_decorator.py
[2026-04-09T00:34:10.435+0000] {logging_mixin.py:190} INFO - [2026-04-09T00:34:10.435+0000] {dag.py:3211} INFO - Sync 1 DAGs
[2026-04-09T00:34:10.442+0000] {logging_mixin.py:190} INFO - [2026-04-09T00:34:10.442+0000] {dag.py:4138} INFO - Setting next_dagrun for example_python_decorator to None, run_after=None
[2026-04-09T00:34:10.450+0000] {processor.py:208} INFO - Processing /home/airflow/.local/lib/python3.12/site-packages/airflow/example_dags/example_python_decorator.py took 0.038 seconds
[2026-04-09T00:34:41.258+0000] {processor.py:186} INFO - Started process (PID=434) to work on /home/airflow/.local/lib/python3.12/site-packages/airflow/example_dags/example_python_decorator.py
[2026-04-09T00:34:41.259+0000] {processor.py:914} INFO - Processing file /home/airflow/.local/lib/python3.12/site-packages/airflow/example_dags/example_python_decorator.py for tasks to queue
[2026-04-09T00:34:41.260+0000] {logging_mixin.py:190} INFO - [2026-04-09T00:34:41.260+0000] {dagbag.py:587} INFO - Filling up the DagBag from /home/airflow/.local/lib/python3.12/site-packages/airflow/example_dags/example_python_decorator.py
[2026-04-09T00:34:41.267+0000] {processor.py:925} INFO - DAG(s) 'example_python_decorator' retrieved from /home/airflow/.local/lib/python3.12/site-packages/airflow/example_dags/example_python_decorator.py
[2026-04-09T00:34:41.279+0000] {logging_mixin.py:190} INFO - [2026-04-09T00:34:41.279+0000] {dag.py:3211} INFO - Sync 1 DAGs
[2026-04-09T00:34:41.285+0000] {logging_mixin.py:190} INFO - [2026-04-09T00:34:41.285+0000] {dag.py:4138} INFO - Setting next_dagrun for example_python_decorator to None, run_after=None
[2026-04-09T00:34:41.295+0000] {processor.py:208} INFO - Processing /home/airflow/.local/lib/python3.12/site-packages/airflow/example_dags/example_python_decorator.py took 0.040 seconds
[2026-04-09T00:35:12.000+0000] {processor.py:186} INFO - Started process (PID=498) to work on /home/airflow/.local/lib/python3.12/site-packages/airflow/example_dags/example_python_decorator.py
[2026-04-09T00:35:12.001+0000] {processor.py:914} INFO - Processing file /home/airflow/.local/lib/python3.12/site-packages/airflow/example_dags/example_python_decorator.py for tasks to queue
[2026-04-09T00:35:12.002+0000] {logging_mixin.py:190} INFO - [2026-04-09T00:35:12.002+0000] {dagbag.py:587} INFO - Filling up the DagBag from /home/airflow/.local/lib/python3.12/site-packages/airflow/example_dags/example_python_decorator.py
[2026-04-09T00:35:12.008+0000] {processor.py:925} INFO - DAG(s) 'example_python_decorator' retrieved from /home/airflow/.local/lib/python3.12/site-packages/airflow/example_dags/example_python_decorator.py
[2026-04-09T00:35:12.023+0000] {logging_mixin.py:190} INFO - [2026-04-09T00:35:12.023+0000] {dag.py:3211} INFO - Sync 1 DAGs
[2026-04-09T00:35:12.029+0000] {logging_mixin.py:190} INFO - [2026-04-09T00:35:12.029+0000] {dag.py:4138} INFO - Setting next_dagrun for example_python_decorator to None, run_after=None
[2026-04-09T00:35:12.038+0000] {processor.py:208} INFO - Processing /home/airflow/.local/lib/python3.12/site-packages/airflow/example_dags/example_python_decorator.py took 0.040 seconds
[2026-04-09T00:35:42.705+0000] {processor.py:186} INFO - Started process (PID=561) to work on /home/airflow/.local/lib/python3.12/site-packages/airflow/example_dags/example_python_decorator.py
[2026-04-09T00:35:42.706+0000] {processor.py:914} INFO - Processing file /home/airflow/.local/lib/python3.12/site-packages/airflow/example_dags/example_python_decorator.py for tasks to queue
[2026-04-09T00:35:42.706+0000] {logging_mixin.py:190} INFO - [2026-04-09T00:35:42.706+0000] {dagbag.py:587} INFO - Filling up the DagBag from /home/airflow/.local/lib/python3.12/site-packages/airflow/example_dags/example_python_decorator.py
[2026-04-09T00:35:42.713+0000] {processor.py:925} INFO - DAG(s) 'example_python_decorator' retrieved from /home/airflow/.local/lib/python3.12/site-packages/airflow/example_dags/example_python_decorator.py
[2026-04-09T00:35:42.728+0000] {logging_mixin.py:190} INFO - [2026-04-09T00:35:42.728+0000] {dag.py:3211} INFO - Sync 1 DAGs
[2026-04-09T00:35:42.733+0000] {logging_mixin.py:190} INFO - [2026-04-09T00:35:42.733+0000] {dag.py:4138} INFO - Setting next_dagrun for example_python_decorator to None, run_after=None
[2026-04-09T00:35:42.743+0000] {processor.py:208} INFO - Processing /home/airflow/.local/lib/python3.12/site-packages/airflow/example_dags/example_python_decorator.py took 0.040 seconds
[2026-04-09T00:36:13.534+0000] {processor.py:186} INFO - Started process (PID=625) to work on /home/airflow/.local/lib/python3.12/site-packages/airflow/example_dags/example_python_decorator.py
[2026-04-09T00:36:13.535+0000] {processor.py:914} INFO - Processing file /home/airflow/.local/lib/python3.12/site-packages/airflow/example_dags/example_python_decorator.py for tasks to queue
[2026-04-09T00:36:13.535+0000] {logging_mixin.py:190} INFO - [2026-04-09T00:36:13.535+0000] {dagbag.py:587} INFO - Filling up the DagBag from /home/airflow/.local/lib/python3.12/site-packages/airflow/example_dags/example_python_decorator.py
[2026-04-09T00:36:13.543+0000] {processor.py:925} INFO - DAG(s) 'example_python_decorator' retrieved from /home/airflow/.local/lib/python3.12/site-packages/airflow/example_dags/example_python_decorator.py
[2026-04-09T00:36:13.554+0000] {logging_mixin.py:190} INFO - [2026-04-09T00:36:13.554+0000] {dag.py:3211} INFO - Sync 1 DAGs
[2026-04-09T00:36:13.559+0000] {logging_mixin.py:190} INFO - [2026-04-09T00:36:13.559+0000] {dag.py:4138} INFO - Setting next_dagrun for example_python_decorator to None, run_after=None
[2026-04-09T00:36:13.569+0000] {processor.py:208} INFO - Processing /home/airflow/.local/lib/python3.12/site-packages/airflow/example_dags/example_python_decorator.py took 0.037 seconds
[2026-04-09T00:36:44.333+0000] {processor.py:186} INFO - Started process (PID=689) to work on /home/airflow/.local/lib/python3.12/site-packages/airflow/example_dags/example_python_decorator.py
[2026-04-09T00:36:44.335+0000] {processor.py:914} INFO - Processing file /home/airflow/.local/lib/python3.12/site-packages/airflow/example_dags/example_python_decorator.py for tasks to queue
[2026-04-09T00:36:44.336+0000] {logging_mixin.py:190} INFO - [2026-04-09T00:36:44.336+0000] {dagbag.py:587} INFO - Filling up the DagBag from /home/airflow/.local/lib/python3.12/site-packages/airflow/example_dags/example_python_decorator.py
[2026-04-09T00:36:44.342+0000] {processor.py:925} INFO - DAG(s) 'example_python_decorator' retrieved from /home/airflow/.local/lib/python3.12/site-packages/airflow/example_dags/example_python_decorator.py
[2026-04-09T00:36:44.354+0000] {logging_mixin.py:190} INFO - [2026-04-09T00:36:44.353+0000] {dag.py:3211} INFO - Sync 1 DAGs
[2026-04-09T00:36:44.358+0000] {logging_mixin.py:190} INFO - [2026-04-09T00:36:44.358+0000] {dag.py:4138} INFO - Setting next_dagrun for example_python_decorator to None, run_after=None
[2026-04-09T00:36:44.367+0000] {processor.py:208} INFO - Processing /home/airflow/.local/lib/python3.12/site-packages/airflow/example_dags/example_python_decorator.py took 0.036 seconds
[2026-04-09T00:37:15.145+0000] {processor.py:186} INFO - Started process (PID=753) to work on /home/airflow/.local/lib/python3.12/site-packages/airflow/example_dags/example_python_decorator.py
[2026-04-09T00:37:15.146+0000] {processor.py:914} INFO - Processing file /home/airflow/.local/lib/python3.12/site-packages/airflow/example_dags/example_python_decorator.py for tasks to queue
[2026-04-09T00:37:15.147+0000] {logging_mixin.py:190} INFO - [2026-04-09T00:37:15.146+0000] {dagbag.py:587} INFO - Filling up the DagBag from /home/airflow/.local/lib/python3.12/site-packages/airflow/example_dags/example_python_decorator.py
[2026-04-09T00:37:15.153+0000] {processor.py:925} INFO - DAG(s) 'example_python_decorator' retrieved from /home/airflow/.local/lib/python3.12/site-packages/airflow/example_dags/example_python_decorator.py
[2026-04-09T00:37:15.162+0000] {logging_mixin.py:190} INFO - [2026-04-09T00:37:15.161+0000] {dag.py:3211} INFO - Sync 1 DAGs
[2026-04-09T00:37:15.169+0000] {logging_mixin.py:190} INFO - [2026-04-09T00:37:15.169+0000] {dag.py:4138} INFO - Setting next_dagrun for example_python_decorator to None, run_after=None
[2026-04-09T00:37:15.179+0000] {processor.py:208} INFO - Processing /home/airflow/.local/lib/python3.12/site-packages/airflow/example_dags/example_python_decorator.py took 0.036 seconds
[2026-04-09T00:37:45.845+0000] {processor.py:186} INFO - Started process (PID=817) to work on /home/airflow/.local/lib/python3.12/site-packages/airflow/example_dags/example_python_decorator.py
[2026-04-09T00:37:45.845+0000] {processor.py:914} INFO - Processing file /home/airflow/.local/lib/python3.12/site-packages/airflow/example_dags/example_python_decorator.py for tasks to queue
[2026-04-09T00:37:45.846+0000] {logging_mixin.py:190} INFO - [2026-04-09T00:37:45.846+0000] {dagbag.py:587} INFO - Filling up the DagBag from /home/airflow/.local/lib/python3.12/site-packages/airflow/example_dags/example_python_decorator.py
[2026-04-09T00:37:45.853+0000] {processor.py:925} INFO - DAG(s) 'example_python_decorator' retrieved from /home/airflow/.local/lib/python3.12/site-packages/airflow/example_dags/example_python_decorator.py
[2026-04-09T00:37:45.861+0000] {logging_mixin.py:190} INFO - [2026-04-09T00:37:45.861+0000] {dag.py:3211} INFO - Sync 1 DAGs
[2026-04-09T00:37:45.867+0000] {logging_mixin.py:190} INFO - [2026-04-09T00:37:45.867+0000] {dag.py:4138} INFO - Setting next_dagrun for example_python_decorator to None, run_after=None
[2026-04-09T00:37:45.876+0000] {processor.py:208} INFO - Processing /home/airflow/.local/lib/python3.12/site-packages/airflow/example_dags/example_python_decorator.py took 0.033 seconds
[2026-04-09T00:38:16.580+0000] {processor.py:186} INFO - Started process (PID=881) to work on /home/airflow/.local/lib/python3.12/site-packages/airflow/example_dags/example_python_decorator.py
[2026-04-09T00:38:16.581+0000] {processor.py:914} INFO - Processing file /home/airflow/.local/lib/python3.12/site-packages/airflow/example_dags/example_python_decorator.py for tasks to queue
[2026-04-09T00:38:16.583+0000] {logging_mixin.py:190} INFO - [2026-04-09T00:38:16.583+0000] {dagbag.py:587} INFO - Filling up the DagBag from /home/airflow/.local/lib/python3.12/site-packages/airflow/example_dags/example_python_decorator.py
[2026-04-09T00:38:16.589+0000] {processor.py:925} INFO - DAG(s) 'example_python_decorator' retrieved from /home/airflow/.local/lib/python3.12/site-packages/airflow/example_dags/example_python_decorator.py
[2026-04-09T00:38:16.600+0000] {logging_mixin.py:190} INFO - [2026-04-09T00:38:16.600+0000] {dag.py:3211} INFO - Sync 1 DAGs
[2026-04-09T00:38:16.606+0000] {logging_mixin.py:190} INFO - [2026-04-09T00:38:16.606+0000] {dag.py:4138} INFO - Setting next_dagrun for example_python_decorator to None, run_after=None
[2026-04-09T00:38:16.616+0000] {processor.py:208} INFO - Processing /home/airflow/.local/lib/python3.12/site-packages/airflow/example_dags/example_python_decorator.py took 0.038 seconds
[2026-04-09T00:38:47.303+0000] {processor.py:186} INFO - Started process (PID=945) to work on /home/airflow/.local/lib/python3.12/site-packages/airflow/example_dags/example_python_decorator.py
[2026-04-09T00:38:47.303+0000] {processor.py:914} INFO - Processing file /home/airflow/.local/lib/python3.12/site-packages/airflow/example_dags/example_python_decorator.py for tasks to queue
[2026-04-09T00:38:47.304+0000] {logging_mixin.py:190} INFO - [2026-04-09T00:38:47.304+0000] {dagbag.py:587} INFO - Filling up the DagBag from /home/airflow/.local/lib/python3.12/site-packages/airflow/example_dags/example_python_decorator.py
[2026-04-09T00:38:47.309+0000] {processor.py:925} INFO - DAG(s) 'example_python_decorator' retrieved from /home/airflow/.local/lib/python3.12/site-packages/airflow/example_dags/example_python_decorator.py
[2026-04-09T00:38:47.316+0000] {logging_mixin.py:190} INFO - [2026-04-09T00:38:47.316+0000] {dag.py:3211} INFO - Sync 1 DAGs
[2026-04-09T00:38:47.320+0000] {logging_mixin.py:190} INFO - [2026-04-09T00:38:47.320+0000] {dag.py:4138} INFO - Setting next_dagrun for example_python_decorator to None, run_after=None
[2026-04-09T00:38:47.325+0000] {processor.py:208} INFO - Processing /home/airflow/.local/lib/python3.12/site-packages/airflow/example_dags/example_python_decorator.py took 0.025 seconds
[2026-04-09T00:39:18.062+0000] {processor.py:186} INFO - Started process (PID=1009) to work on /home/airflow/.local/lib/python3.12/site-packages/airflow/example_dags/example_python_decorator.py
[2026-04-09T00:39:18.062+0000] {processor.py:914} INFO - Processing file /home/airflow/.local/lib/python3.12/site-packages/airflow/example_dags/example_python_decorator.py for tasks to queue
[2026-04-09T00:39:18.063+0000] {logging_mixin.py:190} INFO - [2026-04-09T00:39:18.063+0000] {dagbag.py:587} INFO - Filling up the DagBag from /home/airflow/.local/lib/python3.12/site-packages/airflow/example_dags/example_python_decorator.py
[2026-04-09T00:39:18.070+0000] {processor.py:925} INFO - DAG(s) 'example_python_decorator' retrieved from /home/airflow/.local/lib/python3.12/site-packages/airflow/example_dags/example_python_decorator.py
[2026-04-09T00:39:18.081+0000] {logging_mixin.py:190} INFO - [2026-04-09T00:39:18.081+0000] {dag.py:3211} INFO - Sync 1 DAGs
[2026-04-09T00:39:18.088+0000] {logging_mixin.py:190} INFO - [2026-04-09T00:39:18.088+0000] {dag.py:4138} INFO - Setting next_dagrun for example_python_decorator to None, run_after=None
[2026-04-09T00:39:18.096+0000] {processor.py:208} INFO - Processing /home/airflow/.local/lib/python3.12/site-packages/airflow/example_dags/example_python_decorator.py took 0.037 seconds
[2026-04-09T00:39:48.823+0000] {processor.py:186} INFO - Started process (PID=1073) to work on /home/airflow/.local/lib/python3.12/site-packages/airflow/example_dags/example_python_decorator.py
[2026-04-09T00:39:48.824+0000] {processor.py:914} INFO - Processing file /home/airflow/.local/lib/python3.12/site-packages/airflow/example_dags/example_python_decorator.py for tasks to queue
[2026-04-09T00:39:48.825+0000] {logging_mixin.py:190} INFO - [2026-04-09T00:39:48.825+0000] {dagbag.py:587} INFO - Filling up the DagBag from /home/airflow/.local/lib/python3.12/site-packages/airflow/example_dags/example_python_decorator.py
[2026-04-09T00:39:48.831+0000] {processor.py:925} INFO - DAG(s) 'example_python_decorator' retrieved from /home/airflow/.local/lib/python3.12/site-packages/airflow/example_dags/example_python_decorator.py
[2026-04-09T00:39:48.842+0000] {logging_mixin.py:190} INFO - [2026-04-09T00:39:48.842+0000] {dag.py:3211} INFO - Sync 1 DAGs
[2026-04-09T00:39:48.847+0000] {logging_mixin.py:190} INFO - [2026-04-09T00:39:48.847+0000] {dag.py:4138} INFO - Setting next_dagrun for example_python_decorator to None, run_after=None
[2026-04-09T00:39:48.855+0000] {processor.py:208} INFO - Processing /home/airflow/.local/lib/python3.12/site-packages/airflow/example_dags/example_python_decorator.py took 0.034 seconds
[2026-04-09T00:40:19.663+0000] {processor.py:186} INFO - Started process (PID=1137) to work on /home/airflow/.local/lib/python3.12/site-packages/airflow/example_dags/example_python_decorator.py
[2026-04-09T00:40:19.664+0000] {processor.py:914} INFO - Processing file /home/airflow/.local/lib/python3.12/site-packages/airflow/example_dags/example_python_decorator.py for tasks to queue
[2026-04-09T00:40:19.664+0000] {logging_mixin.py:190} INFO - [2026-04-09T00:40:19.664+0000] {dagbag.py:587} INFO - Filling up the DagBag from /home/airflow/.local/lib/python3.12/site-packages/airflow/example_dags/example_python_decorator.py
[2026-04-09T00:40:19.671+0000] {processor.py:925} INFO - DAG(s) 'example_python_decorator' retrieved from /home/airflow/.local/lib/python3.12/site-packages/airflow/example_dags/example_python_decorator.py
[2026-04-09T00:40:19.680+0000] {logging_mixin.py:190} INFO - [2026-04-09T00:40:19.680+0000] {dag.py:3211} INFO - Sync 1 DAGs
[2026-04-09T00:40:19.684+0000] {logging_mixin.py:190} INFO - [2026-04-09T00:40:19.684+0000] {dag.py:4138} INFO - Setting next_dagrun for example_python_decorator to None, run_after=None
[2026-04-09T00:40:19.692+0000] {processor.py:208} INFO - Processing /home/airflow/.local/lib/python3.12/site-packages/airflow/example_dags/example_python_decorator.py took 0.031 seconds
[2026-04-09T00:40:50.433+0000] {processor.py:186} INFO - Started process (PID=1201) to work on /home/airflow/.local/lib/python3.12/site-packages/airflow/example_dags/example_python_decorator.py
[2026-04-09T00:40:50.434+0000] {processor.py:914} INFO - Processing file /home/airflow/.local/lib/python3.12/site-packages/airflow/example_dags/example_python_decorator.py for tasks to queue
[2026-04-09T00:40:50.435+0000] {logging_mixin.py:190} INFO - [2026-04-09T00:40:50.434+0000] {dagbag.py:587} INFO - Filling up the DagBag from /home/airflow/.local/lib/python3.12/site-packages/airflow/example_dags/example_python_decorator.py
[2026-04-09T00:40:50.440+0000] {processor.py:925} INFO - DAG(s) 'example_python_decorator' retrieved from /home/airflow/.local/lib/python3.12/site-packages/airflow/example_dags/example_python_decorator.py
[2026-04-09T00:40:50.449+0000] {logging_mixin.py:190} INFO - [2026-04-09T00:40:50.449+0000] {dag.py:3211} INFO - Sync 1 DAGs
[2026-04-09T00:40:50.455+0000] {logging_mixin.py:190} INFO - [2026-04-09T00:40:50.455+0000] {dag.py:4138} INFO - Setting next_dagrun for example_python_decorator to None, run_after=None
[2026-04-09T00:40:50.463+0000] {processor.py:208} INFO - Processing /home/airflow/.local/lib/python3.12/site-packages/airflow/example_dags/example_python_decorator.py took 0.032 seconds
[2026-04-09T00:41:21.135+0000] {processor.py:186} INFO - Started process (PID=1265) to work on /home/airflow/.local/lib/python3.12/site-packages/airflow/example_dags/example_python_decorator.py
[2026-04-09T00:41:21.136+0000] {processor.py:914} INFO - Processing file /home/airflow/.local/lib/python3.12/site-packages/airflow/example_dags/example_python_decorator.py for tasks to queue
[2026-04-09T00:41:21.138+0000] {logging_mixin.py:190} INFO - [2026-04-09T00:41:21.137+0000] {dagbag.py:587} INFO - Filling up the DagBag from /home/airflow/.local/lib/python3.12/site-packages/airflow/example_dags/example_python_decorator.py
[2026-04-09T00:41:21.143+0000] {processor.py:925} INFO - DAG(s) 'example_python_decorator' retrieved from /home/airflow/.local/lib/python3.12/site-packages/airflow/example_dags/example_python_decorator.py
[2026-04-09T00:41:21.155+0000] {logging_mixin.py:190} INFO - [2026-04-09T00:41:21.155+0000] {dag.py:3211} INFO - Sync 1 DAGs
[2026-04-09T00:41:21.160+0000] {logging_mixin.py:190} INFO - [2026-04-09T00:41:21.160+0000] {dag.py:4138} INFO - Setting next_dagrun for example_python_decorator to None, run_after=None
[2026-04-09T00:41:21.169+0000] {processor.py:208} INFO - Processing /home/airflow/.local/lib/python3.12/site-packages/airflow/example_dags/example_python_decorator.py took 0.036 seconds
[2026-04-09T00:41:52.026+0000] {processor.py:186} INFO - Started process (PID=1329) to work on /home/airflow/.local/lib/python3.12/site-packages/airflow/example_dags/example_python_decorator.py
[2026-04-09T00:41:52.026+0000] {processor.py:914} INFO - Processing file /home/airflow/.local/lib/python3.12/site-packages/airflow/example_dags/example_python_decorator.py for tasks to queue
[2026-04-09T00:41:52.028+0000] {logging_mixin.py:190} INFO - [2026-04-09T00:41:52.027+0000] {dagbag.py:587} INFO - Filling up the DagBag from /home/airflow/.local/lib/python3.12/site-packages/airflow/example_dags/example_python_decorator.py
[2026-04-09T00:41:52.035+0000] {processor.py:925} INFO - DAG(s) 'example_python_decorator' retrieved from /home/airflow/.local/lib/python3.12/site-packages/airflow/example_dags/example_python_decorator.py
[2026-04-09T00:41:52.044+0000] {logging_mixin.py:190} INFO - [2026-04-09T00:41:52.044+0000] {dag.py:3211} INFO - Sync 1 DAGs
[2026-04-09T00:41:52.052+0000] {logging_mixin.py:190} INFO - [2026-04-09T00:41:52.052+0000] {dag.py:4138} INFO - Setting next_dagrun for example_python_decorator to None, run_after=None
[2026-04-09T00:41:52.062+0000] {processor.py:208} INFO - Processing /home/airflow/.local/lib/python3.12/site-packages/airflow/example_dags/example_python_decorator.py took 0.039 seconds
[2026-04-09T00:42:22.972+0000] {processor.py:186} INFO - Started process (PID=1393) to work on /home/airflow/.local/lib/python3.12/site-packages/airflow/example_dags/example_python_decorator.py
[2026-04-09T00:42:22.973+0000] {processor.py:914} INFO - Processing file /home/airflow/.local/lib/python3.12/site-packages/airflow/example_dags/example_python_decorator.py for tasks to queue
[2026-04-09T00:42:22.975+0000] {logging_mixin.py:190} INFO - [2026-04-09T00:42:22.975+0000] {dagbag.py:587} INFO - Filling up the DagBag from /home/airflow/.local/lib/python3.12/site-packages/airflow/example_dags/example_python_decorator.py
[2026-04-09T00:42:22.982+0000] {processor.py:925} INFO - DAG(s) 'example_python_decorator' retrieved from /home/airflow/.local/lib/python3.12/site-packages/airflow/example_dags/example_python_decorator.py
[2026-04-09T00:42:23.001+0000] {logging_mixin.py:190} INFO - [2026-04-09T00:42:23.001+0000] {dag.py:3211} INFO - Sync 1 DAGs
[2026-04-09T00:42:23.007+0000] {logging_mixin.py:190} INFO - [2026-04-09T00:42:23.007+0000] {dag.py:4138} INFO - Setting next_dagrun for example_python_decorator to None, run_after=None
[2026-04-09T00:42:23.020+0000] {processor.py:208} INFO - Processing /home/airflow/.local/lib/python3.12/site-packages/airflow/example_dags/example_python_decorator.py took 0.052 seconds
[2026-04-09T00:42:54.001+0000] {processor.py:186} INFO - Started process (PID=1457) to work on /home/airflow/.local/lib/python3.12/site-packages/airflow/example_dags/example_python_decorator.py
[2026-04-09T00:42:54.002+0000] {processor.py:914} INFO - Processing file /home/airflow/.local/lib/python3.12/site-packages/airflow/example_dags/example_python_decorator.py for tasks to queue
[2026-04-09T00:42:54.004+0000] {logging_mixin.py:190} INFO - [2026-04-09T00:42:54.004+0000] {dagbag.py:587} INFO - Filling up the DagBag from /home/airflow/.local/lib/python3.12/site-packages/airflow/example_dags/example_python_decorator.py
[2026-04-09T00:42:54.009+0000] {processor.py:925} INFO - DAG(s) 'example_python_decorator' retrieved from /home/airflow/.local/lib/python3.12/site-packages/airflow/example_dags/example_python_decorator.py
[2026-04-09T00:42:54.022+0000] {logging_mixin.py:190} INFO - [2026-04-09T00:42:54.022+0000] {dag.py:3211} INFO - Sync 1 DAGs
[2026-04-09T00:42:54.027+0000] {logging_mixin.py:190} INFO - [2026-04-09T00:42:54.027+0000] {dag.py:4138} INFO - Setting next_dagrun for example_python_decorator to None, run_after=None
[2026-04-09T00:42:54.037+0000] {processor.py:208} INFO - Processing /home/airflow/.local/lib/python3.12/site-packages/airflow/example_dags/example_python_decorator.py took 0.037 seconds
[2026-04-09T00:43:24.781+0000] {processor.py:186} INFO - Started process (PID=1521) to work on /home/airflow/.local/lib/python3.12/site-packages/airflow/example_dags/example_python_decorator.py
[2026-04-09T00:43:24.782+0000] {processor.py:914} INFO - Processing file /home/airflow/.local/lib/python3.12/site-packages/airflow/example_dags/example_python_decorator.py for tasks to queue
[2026-04-09T00:43:24.783+0000] {logging_mixin.py:190} INFO - [2026-04-09T00:43:24.782+0000] {dagbag.py:587} INFO - Filling up the DagBag from /home/airflow/.local/lib/python3.12/site-packages/airflow/example_dags/example_python_decorator.py
[2026-04-09T00:43:24.788+0000] {processor.py:925} INFO - DAG(s) 'example_python_decorator' retrieved from /home/airflow/.local/lib/python3.12/site-packages/airflow/example_dags/example_python_decorator.py
[2026-04-09T00:43:24.800+0000] {logging_mixin.py:190} INFO - [2026-04-09T00:43:24.799+0000] {dag.py:3211} INFO - Sync 1 DAGs
[2026-04-09T00:43:24.806+0000] {logging_mixin.py:190} INFO - [2026-04-09T00:43:24.806+0000] {dag.py:4138} INFO - Setting next_dagrun for example_python_decorator to None, run_after=None
[2026-04-09T00:43:24.814+0000] {processor.py:208} INFO - Processing /home/airflow/.local/lib/python3.12/site-packages/airflow/example_dags/example_python_decorator.py took 0.035 seconds
[2026-04-09T00:43:55.561+0000] {processor.py:186} INFO - Started process (PID=1585) to work on /home/airflow/.local/lib/python3.12/site-packages/airflow/example_dags/example_python_decorator.py
[2026-04-09T00:43:55.562+0000] {processor.py:914} INFO - Processing file /home/airflow/.local/lib/python3.12/site-packages/airflow/example_dags/example_python_decorator.py for tasks to queue
[2026-04-09T00:43:55.563+0000] {logging_mixin.py:190} INFO - [2026-04-09T00:43:55.563+0000] {dagbag.py:587} INFO - Filling up the DagBag from /home/airflow/.local/lib/python3.12/site-packages/airflow/example_dags/example_python_decorator.py
[2026-04-09T00:43:55.572+0000] {processor.py:925} INFO - DAG(s) 'example_python_decorator' retrieved from /home/airflow/.local/lib/python3.12/site-packages/airflow/example_dags/example_python_decorator.py
[2026-04-09T00:43:55.581+0000] {logging_mixin.py:190} INFO - [2026-04-09T00:43:55.581+0000] {dag.py:3211} INFO - Sync 1 DAGs
[2026-04-09T00:43:55.587+0000] {logging_mixin.py:190} INFO - [2026-04-09T00:43:55.587+0000] {dag.py:4138} INFO - Setting next_dagrun for example_python_decorator to None, run_after=None
[2026-04-09T00:43:55.597+0000] {processor.py:208} INFO - Processing /home/airflow/.local/lib/python3.12/site-packages/airflow/example_dags/example_python_decorator.py took 0.038 seconds
[2026-04-09T00:44:26.360+0000] {processor.py:186} INFO - Started process (PID=1649) to work on /home/airflow/.local/lib/python3.12/site-packages/airflow/example_dags/example_python_decorator.py
[2026-04-09T00:44:26.360+0000] {processor.py:914} INFO - Processing file /home/airflow/.local/lib/python3.12/site-packages/airflow/example_dags/example_python_decorator.py for tasks to queue
[2026-04-09T00:44:26.361+0000] {logging_mixin.py:190} INFO - [2026-04-09T00:44:26.361+0000] {dagbag.py:587} INFO - Filling up the DagBag from /home/airflow/.local/lib/python3.12/site-packages/airflow/example_dags/example_python_decorator.py
[2026-04-09T00:44:26.366+0000] {processor.py:925} INFO - DAG(s) 'example_python_decorator' retrieved from /home/airflow/.local/lib/python3.12/site-packages/airflow/example_dags/example_python_decorator.py
[2026-04-09T00:44:26.373+0000] {logging_mixin.py:190} INFO - [2026-04-09T00:44:26.373+0000] {dag.py:3211} INFO - Sync 1 DAGs
[2026-04-09T00:44:26.377+0000] {logging_mixin.py:190} INFO - [2026-04-09T00:44:26.377+0000] {dag.py:4138} INFO - Setting next_dagrun for example_python_decorator to None, run_after=None
[2026-04-09T00:44:26.382+0000] {processor.py:208} INFO - Processing /home/airflow/.local/lib/python3.12/site-packages/airflow/example_dags/example_python_decorator.py took 0.024 seconds
[2026-04-09T00:44:57.130+0000] {processor.py:186} INFO - Started process (PID=1713) to work on /home/airflow/.local/lib/python3.12/site-packages/airflow/example_dags/example_python_decorator.py
[2026-04-09T00:44:57.131+0000] {processor.py:914} INFO - Processing file /home/airflow/.local/lib/python3.12/site-packages/airflow/example_dags/example_python_decorator.py for tasks to queue
[2026-04-09T00:44:57.133+0000] {logging_mixin.py:190} INFO - [2026-04-09T00:44:57.133+0000] {dagbag.py:587} INFO - Filling up the DagBag from /home/airflow/.local/lib/python3.12/site-packages/airflow/example_dags/example_python_decorator.py
[2026-04-09T00:44:57.138+0000] {processor.py:925} INFO - DAG(s) 'example_python_decorator' retrieved from /home/airflow/.local/lib/python3.12/site-packages/airflow/example_dags/example_python_decorator.py
[2026-04-09T00:44:57.147+0000] {logging_mixin.py:190} INFO - [2026-04-09T00:44:57.147+0000] {dag.py:3211} INFO - Sync 1 DAGs
[2026-04-09T00:44:57.151+0000] {logging_mixin.py:190} INFO - [2026-04-09T00:44:57.151+0000] {dag.py:4138} INFO - Setting next_dagrun for example_python_decorator to None, run_after=None
[2026-04-09T00:44:57.160+0000] {processor.py:208} INFO - Processing /home/airflow/.local/lib/python3.12/site-packages/airflow/example_dags/example_python_decorator.py took 0.032 seconds
[2026-04-09T00:45:28.084+0000] {processor.py:186} INFO - Started process (PID=1776) to work on /home/airflow/.local/lib/python3.12/site-packages/airflow/example_dags/example_python_decorator.py
[2026-04-09T00:45:28.086+0000] {processor.py:914} INFO - Processing file /home/airflow/.local/lib/python3.12/site-packages/airflow/example_dags/example_python_decorator.py for tasks to queue
[2026-04-09T00:45:28.087+0000] {logging_mixin.py:190} INFO - [2026-04-09T00:45:28.087+0000] {dagbag.py:587} INFO - Filling up the DagBag from /home/airflow/.local/lib/python3.12/site-packages/airflow/example_dags/example_python_decorator.py
[2026-04-09T00:45:28.092+0000] {processor.py:925} INFO - DAG(s) 'example_python_decorator' retrieved from /home/airflow/.local/lib/python3.12/site-packages/airflow/example_dags/example_python_decorator.py
[2026-04-09T00:45:28.103+0000] {logging_mixin.py:190} INFO - [2026-04-09T00:45:28.102+0000] {dag.py:3211} INFO - Sync 1 DAGs
[2026-04-09T00:45:28.107+0000] {logging_mixin.py:190} INFO - [2026-04-09T00:45:28.107+0000] {dag.py:4138} INFO - Setting next_dagrun for example_python_decorator to None, run_after=None
[2026-04-09T00:45:28.117+0000] {processor.py:208} INFO - Processing /home/airflow/.local/lib/python3.12/site-packages/airflow/example_dags/example_python_decorator.py took 0.036 seconds
[2026-04-09T00:45:59.097+0000] {processor.py:186} INFO - Started process (PID=1840) to work on /home/airflow/.local/lib/python3.12/site-packages/airflow/example_dags/example_python_decorator.py
[2026-04-09T00:45:59.097+0000] {processor.py:914} INFO - Processing file /home/airflow/.local/lib/python3.12/site-packages/airflow/example_dags/example_python_decorator.py for tasks to queue
[2026-04-09T00:45:59.098+0000] {logging_mixin.py:190} INFO - [2026-04-09T00:45:59.098+0000] {dagbag.py:587} INFO - Filling up the DagBag from /home/airflow/.local/lib/python3.12/site-packages/airflow/example_dags/example_python_decorator.py
[2026-04-09T00:45:59.105+0000] {processor.py:925} INFO - DAG(s) 'example_python_decorator' retrieved from /home/airflow/.local/lib/python3.12/site-packages/airflow/example_dags/example_python_decorator.py
[2026-04-09T00:45:59.114+0000] {logging_mixin.py:190} INFO - [2026-04-09T00:45:59.114+0000] {dag.py:3211} INFO - Sync 1 DAGs
[2026-04-09T00:45:59.119+0000] {logging_mixin.py:190} INFO - [2026-04-09T00:45:59.119+0000] {dag.py:4138} INFO - Setting next_dagrun for example_python_decorator to None, run_after=None
[2026-04-09T00:45:59.126+0000] {processor.py:208} INFO - Processing /home/airflow/.local/lib/python3.12/site-packages/airflow/example_dags/example_python_decorator.py took 0.032 seconds
