[2026-04-09T00:31:37.422+0000] {processor.py:186} INFO - Started process (PID=69) to work on /home/airflow/.local/lib/python3.12/site-packages/airflow/example_dags/example_branch_python_dop_operator_3.py
[2026-04-09T00:31:37.423+0000] {processor.py:914} INFO - Processing file /home/airflow/.local/lib/python3.12/site-packages/airflow/example_dags/example_branch_python_dop_operator_3.py for tasks to queue
[2026-04-09T00:31:37.423+0000] {logging_mixin.py:190} INFO - [2026-04-09T00:31:37.423+0000] {dagbag.py:587} INFO - Filling up the DagBag from /home/airflow/.local/lib/python3.12/site-packages/airflow/example_dags/example_branch_python_dop_operator_3.py
[2026-04-09T00:31:37.428+0000] {processor.py:925} INFO - DAG(s) 'example_branch_dop_operator_v3' retrieved from /home/airflow/.local/lib/python3.12/site-packages/airflow/example_dags/example_branch_python_dop_operator_3.py
[2026-04-09T00:31:37.468+0000] {logging_mixin.py:190} INFO - [2026-04-09T00:31:37.468+0000] {dag.py:3211} INFO - Sync 1 DAGs
[2026-04-09T00:31:37.480+0000] {logging_mixin.py:190} INFO - [2026-04-09T00:31:37.480+0000] {dag.py:4138} INFO - Setting next_dagrun for example_branch_dop_operator_v3 to 2026-04-09 00:30:00+00:00, run_after=2026-04-09 00:31:00+00:00
[2026-04-09T00:31:37.492+0000] {processor.py:208} INFO - Processing /home/airflow/.local/lib/python3.12/site-packages/airflow/example_dags/example_branch_python_dop_operator_3.py took 0.072 seconds
[2026-04-09T00:32:07.708+0000] {processor.py:186} INFO - Started process (PID=132) to work on /home/airflow/.local/lib/python3.12/site-packages/airflow/example_dags/example_branch_python_dop_operator_3.py
[2026-04-09T00:32:07.709+0000] {processor.py:914} INFO - Processing file /home/airflow/.local/lib/python3.12/site-packages/airflow/example_dags/example_branch_python_dop_operator_3.py for tasks to queue
[2026-04-09T00:32:07.710+0000] {logging_mixin.py:190} INFO - [2026-04-09T00:32:07.710+0000] {dagbag.py:587} INFO - Filling up the DagBag from /home/airflow/.local/lib/python3.12/site-packages/airflow/example_dags/example_branch_python_dop_operator_3.py
[2026-04-09T00:32:07.715+0000] {processor.py:925} INFO - DAG(s) 'example_branch_dop_operator_v3' retrieved from /home/airflow/.local/lib/python3.12/site-packages/airflow/example_dags/example_branch_python_dop_operator_3.py
[2026-04-09T00:32:07.725+0000] {logging_mixin.py:190} INFO - [2026-04-09T00:32:07.724+0000] {dag.py:3211} INFO - Sync 1 DAGs
[2026-04-09T00:32:07.733+0000] {logging_mixin.py:190} INFO - [2026-04-09T00:32:07.733+0000] {dag.py:4138} INFO - Setting next_dagrun for example_branch_dop_operator_v3 to 2026-04-09 00:31:00+00:00, run_after=2026-04-09 00:32:00+00:00
[2026-04-09T00:32:07.739+0000] {processor.py:208} INFO - Processing /home/airflow/.local/lib/python3.12/site-packages/airflow/example_dags/example_branch_python_dop_operator_3.py took 0.033 seconds
[2026-04-09T00:32:38.562+0000] {processor.py:186} INFO - Started process (PID=196) to work on /home/airflow/.local/lib/python3.12/site-packages/airflow/example_dags/example_branch_python_dop_operator_3.py
[2026-04-09T00:32:38.564+0000] {processor.py:914} INFO - Processing file /home/airflow/.local/lib/python3.12/site-packages/airflow/example_dags/example_branch_python_dop_operator_3.py for tasks to queue
[2026-04-09T00:32:38.565+0000] {logging_mixin.py:190} INFO - [2026-04-09T00:32:38.565+0000] {dagbag.py:587} INFO - Filling up the DagBag from /home/airflow/.local/lib/python3.12/site-packages/airflow/example_dags/example_branch_python_dop_operator_3.py
[2026-04-09T00:32:38.568+0000] {processor.py:925} INFO - DAG(s) 'example_branch_dop_operator_v3' retrieved from /home/airflow/.local/lib/python3.12/site-packages/airflow/example_dags/example_branch_python_dop_operator_3.py
[2026-04-09T00:32:38.576+0000] {logging_mixin.py:190} INFO - [2026-04-09T00:32:38.576+0000] {dag.py:3211} INFO - Sync 1 DAGs
[2026-04-09T00:32:38.588+0000] {logging_mixin.py:190} INFO - [2026-04-09T00:32:38.588+0000] {dag.py:4138} INFO - Setting next_dagrun for example_branch_dop_operator_v3 to 2026-04-09 00:31:00+00:00, run_after=2026-04-09 00:32:00+00:00
[2026-04-09T00:32:38.595+0000] {processor.py:208} INFO - Processing /home/airflow/.local/lib/python3.12/site-packages/airflow/example_dags/example_branch_python_dop_operator_3.py took 0.036 seconds
[2026-04-09T00:33:09.419+0000] {processor.py:186} INFO - Started process (PID=260) to work on /home/airflow/.local/lib/python3.12/site-packages/airflow/example_dags/example_branch_python_dop_operator_3.py
[2026-04-09T00:33:09.420+0000] {processor.py:914} INFO - Processing file /home/airflow/.local/lib/python3.12/site-packages/airflow/example_dags/example_branch_python_dop_operator_3.py for tasks to queue
[2026-04-09T00:33:09.420+0000] {logging_mixin.py:190} INFO - [2026-04-09T00:33:09.420+0000] {dagbag.py:587} INFO - Filling up the DagBag from /home/airflow/.local/lib/python3.12/site-packages/airflow/example_dags/example_branch_python_dop_operator_3.py
[2026-04-09T00:33:09.425+0000] {processor.py:925} INFO - DAG(s) 'example_branch_dop_operator_v3' retrieved from /home/airflow/.local/lib/python3.12/site-packages/airflow/example_dags/example_branch_python_dop_operator_3.py
[2026-04-09T00:33:09.435+0000] {logging_mixin.py:190} INFO - [2026-04-09T00:33:09.435+0000] {dag.py:3211} INFO - Sync 1 DAGs
[2026-04-09T00:33:09.446+0000] {logging_mixin.py:190} INFO - [2026-04-09T00:33:09.446+0000] {dag.py:4138} INFO - Setting next_dagrun for example_branch_dop_operator_v3 to 2026-04-09 00:32:00+00:00, run_after=2026-04-09 00:33:00+00:00
[2026-04-09T00:33:09.454+0000] {processor.py:208} INFO - Processing /home/airflow/.local/lib/python3.12/site-packages/airflow/example_dags/example_branch_python_dop_operator_3.py took 0.037 seconds
[2026-04-09T00:33:40.284+0000] {processor.py:186} INFO - Started process (PID=330) to work on /home/airflow/.local/lib/python3.12/site-packages/airflow/example_dags/example_branch_python_dop_operator_3.py
[2026-04-09T00:33:40.284+0000] {processor.py:914} INFO - Processing file /home/airflow/.local/lib/python3.12/site-packages/airflow/example_dags/example_branch_python_dop_operator_3.py for tasks to queue
[2026-04-09T00:33:40.288+0000] {logging_mixin.py:190} INFO - [2026-04-09T00:33:40.288+0000] {dagbag.py:587} INFO - Filling up the DagBag from /home/airflow/.local/lib/python3.12/site-packages/airflow/example_dags/example_branch_python_dop_operator_3.py
[2026-04-09T00:33:40.294+0000] {processor.py:925} INFO - DAG(s) 'example_branch_dop_operator_v3' retrieved from /home/airflow/.local/lib/python3.12/site-packages/airflow/example_dags/example_branch_python_dop_operator_3.py
[2026-04-09T00:33:40.302+0000] {logging_mixin.py:190} INFO - [2026-04-09T00:33:40.302+0000] {dag.py:3211} INFO - Sync 1 DAGs
[2026-04-09T00:33:40.313+0000] {logging_mixin.py:190} INFO - [2026-04-09T00:33:40.313+0000] {dag.py:4138} INFO - Setting next_dagrun for example_branch_dop_operator_v3 to 2026-04-09 00:32:00+00:00, run_after=2026-04-09 00:33:00+00:00
[2026-04-09T00:33:40.325+0000] {processor.py:208} INFO - Processing /home/airflow/.local/lib/python3.12/site-packages/airflow/example_dags/example_branch_python_dop_operator_3.py took 0.043 seconds
[2026-04-09T00:34:11.070+0000] {processor.py:186} INFO - Started process (PID=394) to work on /home/airflow/.local/lib/python3.12/site-packages/airflow/example_dags/example_branch_python_dop_operator_3.py
[2026-04-09T00:34:11.071+0000] {processor.py:914} INFO - Processing file /home/airflow/.local/lib/python3.12/site-packages/airflow/example_dags/example_branch_python_dop_operator_3.py for tasks to queue
[2026-04-09T00:34:11.072+0000] {logging_mixin.py:190} INFO - [2026-04-09T00:34:11.072+0000] {dagbag.py:587} INFO - Filling up the DagBag from /home/airflow/.local/lib/python3.12/site-packages/airflow/example_dags/example_branch_python_dop_operator_3.py
[2026-04-09T00:34:11.078+0000] {processor.py:925} INFO - DAG(s) 'example_branch_dop_operator_v3' retrieved from /home/airflow/.local/lib/python3.12/site-packages/airflow/example_dags/example_branch_python_dop_operator_3.py
[2026-04-09T00:34:11.088+0000] {logging_mixin.py:190} INFO - [2026-04-09T00:34:11.088+0000] {dag.py:3211} INFO - Sync 1 DAGs
[2026-04-09T00:34:11.098+0000] {logging_mixin.py:190} INFO - [2026-04-09T00:34:11.097+0000] {dag.py:4138} INFO - Setting next_dagrun for example_branch_dop_operator_v3 to 2026-04-09 00:33:00+00:00, run_after=2026-04-09 00:34:00+00:00
[2026-04-09T00:34:11.107+0000] {processor.py:208} INFO - Processing /home/airflow/.local/lib/python3.12/site-packages/airflow/example_dags/example_branch_python_dop_operator_3.py took 0.039 seconds
[2026-04-09T00:34:41.906+0000] {processor.py:186} INFO - Started process (PID=458) to work on /home/airflow/.local/lib/python3.12/site-packages/airflow/example_dags/example_branch_python_dop_operator_3.py
[2026-04-09T00:34:41.907+0000] {processor.py:914} INFO - Processing file /home/airflow/.local/lib/python3.12/site-packages/airflow/example_dags/example_branch_python_dop_operator_3.py for tasks to queue
[2026-04-09T00:34:41.908+0000] {logging_mixin.py:190} INFO - [2026-04-09T00:34:41.908+0000] {dagbag.py:587} INFO - Filling up the DagBag from /home/airflow/.local/lib/python3.12/site-packages/airflow/example_dags/example_branch_python_dop_operator_3.py
[2026-04-09T00:34:41.912+0000] {processor.py:925} INFO - DAG(s) 'example_branch_dop_operator_v3' retrieved from /home/airflow/.local/lib/python3.12/site-packages/airflow/example_dags/example_branch_python_dop_operator_3.py
[2026-04-09T00:34:41.921+0000] {logging_mixin.py:190} INFO - [2026-04-09T00:34:41.921+0000] {dag.py:3211} INFO - Sync 1 DAGs
[2026-04-09T00:34:41.931+0000] {logging_mixin.py:190} INFO - [2026-04-09T00:34:41.931+0000] {dag.py:4138} INFO - Setting next_dagrun for example_branch_dop_operator_v3 to 2026-04-09 00:33:00+00:00, run_after=2026-04-09 00:34:00+00:00
[2026-04-09T00:34:41.939+0000] {processor.py:208} INFO - Processing /home/airflow/.local/lib/python3.12/site-packages/airflow/example_dags/example_branch_python_dop_operator_3.py took 0.035 seconds
[2026-04-09T00:35:12.619+0000] {processor.py:186} INFO - Started process (PID=522) to work on /home/airflow/.local/lib/python3.12/site-packages/airflow/example_dags/example_branch_python_dop_operator_3.py
[2026-04-09T00:35:12.619+0000] {processor.py:914} INFO - Processing file /home/airflow/.local/lib/python3.12/site-packages/airflow/example_dags/example_branch_python_dop_operator_3.py for tasks to queue
[2026-04-09T00:35:12.620+0000] {logging_mixin.py:190} INFO - [2026-04-09T00:35:12.620+0000] {dagbag.py:587} INFO - Filling up the DagBag from /home/airflow/.local/lib/python3.12/site-packages/airflow/example_dags/example_branch_python_dop_operator_3.py
[2026-04-09T00:35:12.624+0000] {processor.py:925} INFO - DAG(s) 'example_branch_dop_operator_v3' retrieved from /home/airflow/.local/lib/python3.12/site-packages/airflow/example_dags/example_branch_python_dop_operator_3.py
[2026-04-09T00:35:12.635+0000] {logging_mixin.py:190} INFO - [2026-04-09T00:35:12.635+0000] {dag.py:3211} INFO - Sync 1 DAGs
[2026-04-09T00:35:12.645+0000] {logging_mixin.py:190} INFO - [2026-04-09T00:35:12.645+0000] {dag.py:4138} INFO - Setting next_dagrun for example_branch_dop_operator_v3 to 2026-04-09 00:34:00+00:00, run_after=2026-04-09 00:35:00+00:00
[2026-04-09T00:35:12.653+0000] {processor.py:208} INFO - Processing /home/airflow/.local/lib/python3.12/site-packages/airflow/example_dags/example_branch_python_dop_operator_3.py took 0.037 seconds
[2026-04-09T00:35:43.394+0000] {processor.py:186} INFO - Started process (PID=585) to work on /home/airflow/.local/lib/python3.12/site-packages/airflow/example_dags/example_branch_python_dop_operator_3.py
[2026-04-09T00:35:43.394+0000] {processor.py:914} INFO - Processing file /home/airflow/.local/lib/python3.12/site-packages/airflow/example_dags/example_branch_python_dop_operator_3.py for tasks to queue
[2026-04-09T00:35:43.395+0000] {logging_mixin.py:190} INFO - [2026-04-09T00:35:43.395+0000] {dagbag.py:587} INFO - Filling up the DagBag from /home/airflow/.local/lib/python3.12/site-packages/airflow/example_dags/example_branch_python_dop_operator_3.py
[2026-04-09T00:35:43.399+0000] {processor.py:925} INFO - DAG(s) 'example_branch_dop_operator_v3' retrieved from /home/airflow/.local/lib/python3.12/site-packages/airflow/example_dags/example_branch_python_dop_operator_3.py
[2026-04-09T00:35:43.410+0000] {logging_mixin.py:190} INFO - [2026-04-09T00:35:43.410+0000] {dag.py:3211} INFO - Sync 1 DAGs
[2026-04-09T00:35:43.421+0000] {logging_mixin.py:190} INFO - [2026-04-09T00:35:43.421+0000] {dag.py:4138} INFO - Setting next_dagrun for example_branch_dop_operator_v3 to 2026-04-09 00:34:00+00:00, run_after=2026-04-09 00:35:00+00:00
[2026-04-09T00:35:43.432+0000] {processor.py:208} INFO - Processing /home/airflow/.local/lib/python3.12/site-packages/airflow/example_dags/example_branch_python_dop_operator_3.py took 0.041 seconds
[2026-04-09T00:36:14.172+0000] {processor.py:186} INFO - Started process (PID=649) to work on /home/airflow/.local/lib/python3.12/site-packages/airflow/example_dags/example_branch_python_dop_operator_3.py
[2026-04-09T00:36:14.173+0000] {processor.py:914} INFO - Processing file /home/airflow/.local/lib/python3.12/site-packages/airflow/example_dags/example_branch_python_dop_operator_3.py for tasks to queue
[2026-04-09T00:36:14.174+0000] {logging_mixin.py:190} INFO - [2026-04-09T00:36:14.174+0000] {dagbag.py:587} INFO - Filling up the DagBag from /home/airflow/.local/lib/python3.12/site-packages/airflow/example_dags/example_branch_python_dop_operator_3.py
[2026-04-09T00:36:14.180+0000] {processor.py:925} INFO - DAG(s) 'example_branch_dop_operator_v3' retrieved from /home/airflow/.local/lib/python3.12/site-packages/airflow/example_dags/example_branch_python_dop_operator_3.py
[2026-04-09T00:36:14.195+0000] {logging_mixin.py:190} INFO - [2026-04-09T00:36:14.195+0000] {dag.py:3211} INFO - Sync 1 DAGs
[2026-04-09T00:36:14.204+0000] {logging_mixin.py:190} INFO - [2026-04-09T00:36:14.204+0000] {dag.py:4138} INFO - Setting next_dagrun for example_branch_dop_operator_v3 to 2026-04-09 00:35:00+00:00, run_after=2026-04-09 00:36:00+00:00
[2026-04-09T00:36:14.215+0000] {processor.py:208} INFO - Processing /home/airflow/.local/lib/python3.12/site-packages/airflow/example_dags/example_branch_python_dop_operator_3.py took 0.044 seconds
[2026-04-09T00:36:44.941+0000] {processor.py:186} INFO - Started process (PID=713) to work on /home/airflow/.local/lib/python3.12/site-packages/airflow/example_dags/example_branch_python_dop_operator_3.py
[2026-04-09T00:36:44.942+0000] {processor.py:914} INFO - Processing file /home/airflow/.local/lib/python3.12/site-packages/airflow/example_dags/example_branch_python_dop_operator_3.py for tasks to queue
[2026-04-09T00:36:44.944+0000] {logging_mixin.py:190} INFO - [2026-04-09T00:36:44.944+0000] {dagbag.py:587} INFO - Filling up the DagBag from /home/airflow/.local/lib/python3.12/site-packages/airflow/example_dags/example_branch_python_dop_operator_3.py
[2026-04-09T00:36:44.948+0000] {processor.py:925} INFO - DAG(s) 'example_branch_dop_operator_v3' retrieved from /home/airflow/.local/lib/python3.12/site-packages/airflow/example_dags/example_branch_python_dop_operator_3.py
[2026-04-09T00:36:44.955+0000] {logging_mixin.py:190} INFO - [2026-04-09T00:36:44.955+0000] {dag.py:3211} INFO - Sync 1 DAGs
[2026-04-09T00:36:44.963+0000] {logging_mixin.py:190} INFO - [2026-04-09T00:36:44.963+0000] {dag.py:4138} INFO - Setting next_dagrun for example_branch_dop_operator_v3 to 2026-04-09 00:35:00+00:00, run_after=2026-04-09 00:36:00+00:00
[2026-04-09T00:36:44.968+0000] {processor.py:208} INFO - Processing /home/airflow/.local/lib/python3.12/site-packages/airflow/example_dags/example_branch_python_dop_operator_3.py took 0.029 seconds
[2026-04-09T00:37:15.715+0000] {processor.py:186} INFO - Started process (PID=776) to work on /home/airflow/.local/lib/python3.12/site-packages/airflow/example_dags/example_branch_python_dop_operator_3.py
[2026-04-09T00:37:15.716+0000] {processor.py:914} INFO - Processing file /home/airflow/.local/lib/python3.12/site-packages/airflow/example_dags/example_branch_python_dop_operator_3.py for tasks to queue
[2026-04-09T00:37:15.717+0000] {logging_mixin.py:190} INFO - [2026-04-09T00:37:15.717+0000] {dagbag.py:587} INFO - Filling up the DagBag from /home/airflow/.local/lib/python3.12/site-packages/airflow/example_dags/example_branch_python_dop_operator_3.py
[2026-04-09T00:37:15.721+0000] {processor.py:925} INFO - DAG(s) 'example_branch_dop_operator_v3' retrieved from /home/airflow/.local/lib/python3.12/site-packages/airflow/example_dags/example_branch_python_dop_operator_3.py
[2026-04-09T00:37:15.728+0000] {logging_mixin.py:190} INFO - [2026-04-09T00:37:15.728+0000] {dag.py:3211} INFO - Sync 1 DAGs
[2026-04-09T00:37:15.738+0000] {logging_mixin.py:190} INFO - [2026-04-09T00:37:15.738+0000] {dag.py:4138} INFO - Setting next_dagrun for example_branch_dop_operator_v3 to 2026-04-09 00:36:00+00:00, run_after=2026-04-09 00:37:00+00:00
[2026-04-09T00:37:15.744+0000] {processor.py:208} INFO - Processing /home/airflow/.local/lib/python3.12/site-packages/airflow/example_dags/example_branch_python_dop_operator_3.py took 0.031 seconds
[2026-04-09T00:37:46.487+0000] {processor.py:186} INFO - Started process (PID=841) to work on /home/airflow/.local/lib/python3.12/site-packages/airflow/example_dags/example_branch_python_dop_operator_3.py
[2026-04-09T00:37:46.488+0000] {processor.py:914} INFO - Processing file /home/airflow/.local/lib/python3.12/site-packages/airflow/example_dags/example_branch_python_dop_operator_3.py for tasks to queue
[2026-04-09T00:37:46.489+0000] {logging_mixin.py:190} INFO - [2026-04-09T00:37:46.489+0000] {dagbag.py:587} INFO - Filling up the DagBag from /home/airflow/.local/lib/python3.12/site-packages/airflow/example_dags/example_branch_python_dop_operator_3.py
[2026-04-09T00:37:46.495+0000] {processor.py:925} INFO - DAG(s) 'example_branch_dop_operator_v3' retrieved from /home/airflow/.local/lib/python3.12/site-packages/airflow/example_dags/example_branch_python_dop_operator_3.py
[2026-04-09T00:37:46.503+0000] {logging_mixin.py:190} INFO - [2026-04-09T00:37:46.503+0000] {dag.py:3211} INFO - Sync 1 DAGs
[2026-04-09T00:37:46.514+0000] {logging_mixin.py:190} INFO - [2026-04-09T00:37:46.514+0000] {dag.py:4138} INFO - Setting next_dagrun for example_branch_dop_operator_v3 to 2026-04-09 00:36:00+00:00, run_after=2026-04-09 00:37:00+00:00
[2026-04-09T00:37:46.519+0000] {processor.py:208} INFO - Processing /home/airflow/.local/lib/python3.12/site-packages/airflow/example_dags/example_branch_python_dop_operator_3.py took 0.034 seconds
[2026-04-09T00:38:17.233+0000] {processor.py:186} INFO - Started process (PID=905) to work on /home/airflow/.local/lib/python3.12/site-packages/airflow/example_dags/example_branch_python_dop_operator_3.py
[2026-04-09T00:38:17.233+0000] {processor.py:914} INFO - Processing file /home/airflow/.local/lib/python3.12/site-packages/airflow/example_dags/example_branch_python_dop_operator_3.py for tasks to queue
[2026-04-09T00:38:17.234+0000] {logging_mixin.py:190} INFO - [2026-04-09T00:38:17.234+0000] {dagbag.py:587} INFO - Filling up the DagBag from /home/airflow/.local/lib/python3.12/site-packages/airflow/example_dags/example_branch_python_dop_operator_3.py
[2026-04-09T00:38:17.238+0000] {processor.py:925} INFO - DAG(s) 'example_branch_dop_operator_v3' retrieved from /home/airflow/.local/lib/python3.12/site-packages/airflow/example_dags/example_branch_python_dop_operator_3.py
[2026-04-09T00:38:17.245+0000] {logging_mixin.py:190} INFO - [2026-04-09T00:38:17.244+0000] {dag.py:3211} INFO - Sync 1 DAGs
[2026-04-09T00:38:17.253+0000] {logging_mixin.py:190} INFO - [2026-04-09T00:38:17.253+0000] {dag.py:4138} INFO - Setting next_dagrun for example_branch_dop_operator_v3 to 2026-04-09 00:37:00+00:00, run_after=2026-04-09 00:38:00+00:00
[2026-04-09T00:38:17.262+0000] {processor.py:208} INFO - Processing /home/airflow/.local/lib/python3.12/site-packages/airflow/example_dags/example_branch_python_dop_operator_3.py took 0.031 seconds
[2026-04-09T00:38:47.917+0000] {processor.py:186} INFO - Started process (PID=969) to work on /home/airflow/.local/lib/python3.12/site-packages/airflow/example_dags/example_branch_python_dop_operator_3.py
[2026-04-09T00:38:47.919+0000] {processor.py:914} INFO - Processing file /home/airflow/.local/lib/python3.12/site-packages/airflow/example_dags/example_branch_python_dop_operator_3.py for tasks to queue
[2026-04-09T00:38:47.921+0000] {logging_mixin.py:190} INFO - [2026-04-09T00:38:47.921+0000] {dagbag.py:587} INFO - Filling up the DagBag from /home/airflow/.local/lib/python3.12/site-packages/airflow/example_dags/example_branch_python_dop_operator_3.py
[2026-04-09T00:38:47.925+0000] {processor.py:925} INFO - DAG(s) 'example_branch_dop_operator_v3' retrieved from /home/airflow/.local/lib/python3.12/site-packages/airflow/example_dags/example_branch_python_dop_operator_3.py
[2026-04-09T00:38:47.933+0000] {logging_mixin.py:190} INFO - [2026-04-09T00:38:47.933+0000] {dag.py:3211} INFO - Sync 1 DAGs
[2026-04-09T00:38:47.943+0000] {logging_mixin.py:190} INFO - [2026-04-09T00:38:47.943+0000] {dag.py:4138} INFO - Setting next_dagrun for example_branch_dop_operator_v3 to 2026-04-09 00:37:00+00:00, run_after=2026-04-09 00:38:00+00:00
[2026-04-09T00:38:47.953+0000] {processor.py:208} INFO - Processing /home/airflow/.local/lib/python3.12/site-packages/airflow/example_dags/example_branch_python_dop_operator_3.py took 0.038 seconds
[2026-04-09T00:39:18.726+0000] {processor.py:186} INFO - Started process (PID=1033) to work on /home/airflow/.local/lib/python3.12/site-packages/airflow/example_dags/example_branch_python_dop_operator_3.py
[2026-04-09T00:39:18.726+0000] {processor.py:914} INFO - Processing file /home/airflow/.local/lib/python3.12/site-packages/airflow/example_dags/example_branch_python_dop_operator_3.py for tasks to queue
[2026-04-09T00:39:18.727+0000] {logging_mixin.py:190} INFO - [2026-04-09T00:39:18.727+0000] {dagbag.py:587} INFO - Filling up the DagBag from /home/airflow/.local/lib/python3.12/site-packages/airflow/example_dags/example_branch_python_dop_operator_3.py
[2026-04-09T00:39:18.732+0000] {processor.py:925} INFO - DAG(s) 'example_branch_dop_operator_v3' retrieved from /home/airflow/.local/lib/python3.12/site-packages/airflow/example_dags/example_branch_python_dop_operator_3.py
[2026-04-09T00:39:18.741+0000] {logging_mixin.py:190} INFO - [2026-04-09T00:39:18.741+0000] {dag.py:3211} INFO - Sync 1 DAGs
[2026-04-09T00:39:18.753+0000] {logging_mixin.py:190} INFO - [2026-04-09T00:39:18.753+0000] {dag.py:4138} INFO - Setting next_dagrun for example_branch_dop_operator_v3 to 2026-04-09 00:38:00+00:00, run_after=2026-04-09 00:39:00+00:00
[2026-04-09T00:39:18.762+0000] {processor.py:208} INFO - Processing /home/airflow/.local/lib/python3.12/site-packages/airflow/example_dags/example_branch_python_dop_operator_3.py took 0.038 seconds
[2026-04-09T00:39:49.506+0000] {processor.py:186} INFO - Started process (PID=1097) to work on /home/airflow/.local/lib/python3.12/site-packages/airflow/example_dags/example_branch_python_dop_operator_3.py
[2026-04-09T00:39:49.506+0000] {processor.py:914} INFO - Processing file /home/airflow/.local/lib/python3.12/site-packages/airflow/example_dags/example_branch_python_dop_operator_3.py for tasks to queue
[2026-04-09T00:39:49.507+0000] {logging_mixin.py:190} INFO - [2026-04-09T00:39:49.507+0000] {dagbag.py:587} INFO - Filling up the DagBag from /home/airflow/.local/lib/python3.12/site-packages/airflow/example_dags/example_branch_python_dop_operator_3.py
[2026-04-09T00:39:49.511+0000] {processor.py:925} INFO - DAG(s) 'example_branch_dop_operator_v3' retrieved from /home/airflow/.local/lib/python3.12/site-packages/airflow/example_dags/example_branch_python_dop_operator_3.py
[2026-04-09T00:39:49.520+0000] {logging_mixin.py:190} INFO - [2026-04-09T00:39:49.520+0000] {dag.py:3211} INFO - Sync 1 DAGs
[2026-04-09T00:39:49.530+0000] {logging_mixin.py:190} INFO - [2026-04-09T00:39:49.530+0000] {dag.py:4138} INFO - Setting next_dagrun for example_branch_dop_operator_v3 to 2026-04-09 00:38:00+00:00, run_after=2026-04-09 00:39:00+00:00
[2026-04-09T00:39:49.540+0000] {processor.py:208} INFO - Processing /home/airflow/.local/lib/python3.12/site-packages/airflow/example_dags/example_branch_python_dop_operator_3.py took 0.036 seconds
[2026-04-09T00:40:20.280+0000] {processor.py:186} INFO - Started process (PID=1161) to work on /home/airflow/.local/lib/python3.12/site-packages/airflow/example_dags/example_branch_python_dop_operator_3.py
[2026-04-09T00:40:20.280+0000] {processor.py:914} INFO - Processing file /home/airflow/.local/lib/python3.12/site-packages/airflow/example_dags/example_branch_python_dop_operator_3.py for tasks to queue
[2026-04-09T00:40:20.282+0000] {logging_mixin.py:190} INFO - [2026-04-09T00:40:20.282+0000] {dagbag.py:587} INFO - Filling up the DagBag from /home/airflow/.local/lib/python3.12/site-packages/airflow/example_dags/example_branch_python_dop_operator_3.py
[2026-04-09T00:40:20.287+0000] {processor.py:925} INFO - DAG(s) 'example_branch_dop_operator_v3' retrieved from /home/airflow/.local/lib/python3.12/site-packages/airflow/example_dags/example_branch_python_dop_operator_3.py
[2026-04-09T00:40:20.294+0000] {logging_mixin.py:190} INFO - [2026-04-09T00:40:20.294+0000] {dag.py:3211} INFO - Sync 1 DAGs
[2026-04-09T00:40:20.306+0000] {logging_mixin.py:190} INFO - [2026-04-09T00:40:20.306+0000] {dag.py:4138} INFO - Setting next_dagrun for example_branch_dop_operator_v3 to 2026-04-09 00:39:00+00:00, run_after=2026-04-09 00:40:00+00:00
[2026-04-09T00:40:20.318+0000] {processor.py:208} INFO - Processing /home/airflow/.local/lib/python3.12/site-packages/airflow/example_dags/example_branch_python_dop_operator_3.py took 0.041 seconds
[2026-04-09T00:40:51.078+0000] {processor.py:186} INFO - Started process (PID=1225) to work on /home/airflow/.local/lib/python3.12/site-packages/airflow/example_dags/example_branch_python_dop_operator_3.py
[2026-04-09T00:40:51.079+0000] {processor.py:914} INFO - Processing file /home/airflow/.local/lib/python3.12/site-packages/airflow/example_dags/example_branch_python_dop_operator_3.py for tasks to queue
[2026-04-09T00:40:51.080+0000] {logging_mixin.py:190} INFO - [2026-04-09T00:40:51.079+0000] {dagbag.py:587} INFO - Filling up the DagBag from /home/airflow/.local/lib/python3.12/site-packages/airflow/example_dags/example_branch_python_dop_operator_3.py
[2026-04-09T00:40:51.083+0000] {processor.py:925} INFO - DAG(s) 'example_branch_dop_operator_v3' retrieved from /home/airflow/.local/lib/python3.12/site-packages/airflow/example_dags/example_branch_python_dop_operator_3.py
[2026-04-09T00:40:51.089+0000] {logging_mixin.py:190} INFO - [2026-04-09T00:40:51.089+0000] {dag.py:3211} INFO - Sync 1 DAGs
[2026-04-09T00:40:51.097+0000] {logging_mixin.py:190} INFO - [2026-04-09T00:40:51.097+0000] {dag.py:4138} INFO - Setting next_dagrun for example_branch_dop_operator_v3 to 2026-04-09 00:39:00+00:00, run_after=2026-04-09 00:40:00+00:00
[2026-04-09T00:40:51.102+0000] {processor.py:208} INFO - Processing /home/airflow/.local/lib/python3.12/site-packages/airflow/example_dags/example_branch_python_dop_operator_3.py took 0.025 seconds
[2026-04-09T00:41:21.866+0000] {processor.py:186} INFO - Started process (PID=1289) to work on /home/airflow/.local/lib/python3.12/site-packages/airflow/example_dags/example_branch_python_dop_operator_3.py
[2026-04-09T00:41:21.867+0000] {processor.py:914} INFO - Processing file /home/airflow/.local/lib/python3.12/site-packages/airflow/example_dags/example_branch_python_dop_operator_3.py for tasks to queue
[2026-04-09T00:41:21.868+0000] {logging_mixin.py:190} INFO - [2026-04-09T00:41:21.868+0000] {dagbag.py:587} INFO - Filling up the DagBag from /home/airflow/.local/lib/python3.12/site-packages/airflow/example_dags/example_branch_python_dop_operator_3.py
[2026-04-09T00:41:21.871+0000] {processor.py:925} INFO - DAG(s) 'example_branch_dop_operator_v3' retrieved from /home/airflow/.local/lib/python3.12/site-packages/airflow/example_dags/example_branch_python_dop_operator_3.py
[2026-04-09T00:41:21.883+0000] {logging_mixin.py:190} INFO - [2026-04-09T00:41:21.883+0000] {dag.py:3211} INFO - Sync 1 DAGs
[2026-04-09T00:41:21.892+0000] {logging_mixin.py:190} INFO - [2026-04-09T00:41:21.892+0000] {dag.py:4138} INFO - Setting next_dagrun for example_branch_dop_operator_v3 to 2026-04-09 00:40:00+00:00, run_after=2026-04-09 00:41:00+00:00
[2026-04-09T00:41:21.902+0000] {processor.py:208} INFO - Processing /home/airflow/.local/lib/python3.12/site-packages/airflow/example_dags/example_branch_python_dop_operator_3.py took 0.038 seconds
[2026-04-09T00:41:52.763+0000] {processor.py:186} INFO - Started process (PID=1353) to work on /home/airflow/.local/lib/python3.12/site-packages/airflow/example_dags/example_branch_python_dop_operator_3.py
[2026-04-09T00:41:52.764+0000] {processor.py:914} INFO - Processing file /home/airflow/.local/lib/python3.12/site-packages/airflow/example_dags/example_branch_python_dop_operator_3.py for tasks to queue
[2026-04-09T00:41:52.765+0000] {logging_mixin.py:190} INFO - [2026-04-09T00:41:52.765+0000] {dagbag.py:587} INFO - Filling up the DagBag from /home/airflow/.local/lib/python3.12/site-packages/airflow/example_dags/example_branch_python_dop_operator_3.py
[2026-04-09T00:41:52.771+0000] {processor.py:925} INFO - DAG(s) 'example_branch_dop_operator_v3' retrieved from /home/airflow/.local/lib/python3.12/site-packages/airflow/example_dags/example_branch_python_dop_operator_3.py
[2026-04-09T00:41:52.782+0000] {logging_mixin.py:190} INFO - [2026-04-09T00:41:52.782+0000] {dag.py:3211} INFO - Sync 1 DAGs
[2026-04-09T00:41:52.791+0000] {logging_mixin.py:190} INFO - [2026-04-09T00:41:52.791+0000] {dag.py:4138} INFO - Setting next_dagrun for example_branch_dop_operator_v3 to 2026-04-09 00:40:00+00:00, run_after=2026-04-09 00:41:00+00:00
[2026-04-09T00:41:52.801+0000] {processor.py:208} INFO - Processing /home/airflow/.local/lib/python3.12/site-packages/airflow/example_dags/example_branch_python_dop_operator_3.py took 0.040 seconds
[2026-04-09T00:42:23.884+0000] {processor.py:186} INFO - Started process (PID=1417) to work on /home/airflow/.local/lib/python3.12/site-packages/airflow/example_dags/example_branch_python_dop_operator_3.py
[2026-04-09T00:42:23.885+0000] {processor.py:914} INFO - Processing file /home/airflow/.local/lib/python3.12/site-packages/airflow/example_dags/example_branch_python_dop_operator_3.py for tasks to queue
[2026-04-09T00:42:23.887+0000] {logging_mixin.py:190} INFO - [2026-04-09T00:42:23.887+0000] {dagbag.py:587} INFO - Filling up the DagBag from /home/airflow/.local/lib/python3.12/site-packages/airflow/example_dags/example_branch_python_dop_operator_3.py
[2026-04-09T00:42:23.892+0000] {processor.py:925} INFO - DAG(s) 'example_branch_dop_operator_v3' retrieved from /home/airflow/.local/lib/python3.12/site-packages/airflow/example_dags/example_branch_python_dop_operator_3.py
[2026-04-09T00:42:23.899+0000] {logging_mixin.py:190} INFO - [2026-04-09T00:42:23.899+0000] {dag.py:3211} INFO - Sync 1 DAGs
[2026-04-09T00:42:23.908+0000] {logging_mixin.py:190} INFO - [2026-04-09T00:42:23.908+0000] {dag.py:4138} INFO - Setting next_dagrun for example_branch_dop_operator_v3 to 2026-04-09 00:41:00+00:00, run_after=2026-04-09 00:42:00+00:00
[2026-04-09T00:42:23.923+0000] {processor.py:208} INFO - Processing /home/airflow/.local/lib/python3.12/site-packages/airflow/example_dags/example_branch_python_dop_operator_3.py took 0.042 seconds
[2026-04-09T00:42:54.668+0000] {processor.py:186} INFO - Started process (PID=1481) to work on /home/airflow/.local/lib/python3.12/site-packages/airflow/example_dags/example_branch_python_dop_operator_3.py
[2026-04-09T00:42:54.668+0000] {processor.py:914} INFO - Processing file /home/airflow/.local/lib/python3.12/site-packages/airflow/example_dags/example_branch_python_dop_operator_3.py for tasks to queue
[2026-04-09T00:42:54.669+0000] {logging_mixin.py:190} INFO - [2026-04-09T00:42:54.669+0000] {dagbag.py:587} INFO - Filling up the DagBag from /home/airflow/.local/lib/python3.12/site-packages/airflow/example_dags/example_branch_python_dop_operator_3.py
[2026-04-09T00:42:54.672+0000] {processor.py:925} INFO - DAG(s) 'example_branch_dop_operator_v3' retrieved from /home/airflow/.local/lib/python3.12/site-packages/airflow/example_dags/example_branch_python_dop_operator_3.py
[2026-04-09T00:42:54.679+0000] {logging_mixin.py:190} INFO - [2026-04-09T00:42:54.679+0000] {dag.py:3211} INFO - Sync 1 DAGs
[2026-04-09T00:42:54.686+0000] {logging_mixin.py:190} INFO - [2026-04-09T00:42:54.686+0000] {dag.py:4138} INFO - Setting next_dagrun for example_branch_dop_operator_v3 to 2026-04-09 00:41:00+00:00, run_after=2026-04-09 00:42:00+00:00
[2026-04-09T00:42:54.692+0000] {processor.py:208} INFO - Processing /home/airflow/.local/lib/python3.12/site-packages/airflow/example_dags/example_branch_python_dop_operator_3.py took 0.026 seconds
[2026-04-09T00:43:25.447+0000] {processor.py:186} INFO - Started process (PID=1545) to work on /home/airflow/.local/lib/python3.12/site-packages/airflow/example_dags/example_branch_python_dop_operator_3.py
[2026-04-09T00:43:25.448+0000] {processor.py:914} INFO - Processing file /home/airflow/.local/lib/python3.12/site-packages/airflow/example_dags/example_branch_python_dop_operator_3.py for tasks to queue
[2026-04-09T00:43:25.449+0000] {logging_mixin.py:190} INFO - [2026-04-09T00:43:25.449+0000] {dagbag.py:587} INFO - Filling up the DagBag from /home/airflow/.local/lib/python3.12/site-packages/airflow/example_dags/example_branch_python_dop_operator_3.py
[2026-04-09T00:43:25.455+0000] {processor.py:925} INFO - DAG(s) 'example_branch_dop_operator_v3' retrieved from /home/airflow/.local/lib/python3.12/site-packages/airflow/example_dags/example_branch_python_dop_operator_3.py
[2026-04-09T00:43:25.461+0000] {logging_mixin.py:190} INFO - [2026-04-09T00:43:25.461+0000] {dag.py:3211} INFO - Sync 1 DAGs
[2026-04-09T00:43:25.470+0000] {logging_mixin.py:190} INFO - [2026-04-09T00:43:25.470+0000] {dag.py:4138} INFO - Setting next_dagrun for example_branch_dop_operator_v3 to 2026-04-09 00:42:00+00:00, run_after=2026-04-09 00:43:00+00:00
[2026-04-09T00:43:25.476+0000] {processor.py:208} INFO - Processing /home/airflow/.local/lib/python3.12/site-packages/airflow/example_dags/example_branch_python_dop_operator_3.py took 0.031 seconds
[2026-04-09T00:43:56.181+0000] {processor.py:186} INFO - Started process (PID=1609) to work on /home/airflow/.local/lib/python3.12/site-packages/airflow/example_dags/example_branch_python_dop_operator_3.py
[2026-04-09T00:43:56.182+0000] {processor.py:914} INFO - Processing file /home/airflow/.local/lib/python3.12/site-packages/airflow/example_dags/example_branch_python_dop_operator_3.py for tasks to queue
[2026-04-09T00:43:56.182+0000] {logging_mixin.py:190} INFO - [2026-04-09T00:43:56.182+0000] {dagbag.py:587} INFO - Filling up the DagBag from /home/airflow/.local/lib/python3.12/site-packages/airflow/example_dags/example_branch_python_dop_operator_3.py
[2026-04-09T00:43:56.186+0000] {processor.py:925} INFO - DAG(s) 'example_branch_dop_operator_v3' retrieved from /home/airflow/.local/lib/python3.12/site-packages/airflow/example_dags/example_branch_python_dop_operator_3.py
[2026-04-09T00:43:56.198+0000] {logging_mixin.py:190} INFO - [2026-04-09T00:43:56.198+0000] {dag.py:3211} INFO - Sync 1 DAGs
[2026-04-09T00:43:56.206+0000] {logging_mixin.py:190} INFO - [2026-04-09T00:43:56.206+0000] {dag.py:4138} INFO - Setting next_dagrun for example_branch_dop_operator_v3 to 2026-04-09 00:42:00+00:00, run_after=2026-04-09 00:43:00+00:00
[2026-04-09T00:43:56.216+0000] {processor.py:208} INFO - Processing /home/airflow/.local/lib/python3.12/site-packages/airflow/example_dags/example_branch_python_dop_operator_3.py took 0.037 seconds
[2026-04-09T00:44:26.979+0000] {processor.py:186} INFO - Started process (PID=1673) to work on /home/airflow/.local/lib/python3.12/site-packages/airflow/example_dags/example_branch_python_dop_operator_3.py
[2026-04-09T00:44:26.980+0000] {processor.py:914} INFO - Processing file /home/airflow/.local/lib/python3.12/site-packages/airflow/example_dags/example_branch_python_dop_operator_3.py for tasks to queue
[2026-04-09T00:44:26.981+0000] {logging_mixin.py:190} INFO - [2026-04-09T00:44:26.981+0000] {dagbag.py:587} INFO - Filling up the DagBag from /home/airflow/.local/lib/python3.12/site-packages/airflow/example_dags/example_branch_python_dop_operator_3.py
[2026-04-09T00:44:26.985+0000] {processor.py:925} INFO - DAG(s) 'example_branch_dop_operator_v3' retrieved from /home/airflow/.local/lib/python3.12/site-packages/airflow/example_dags/example_branch_python_dop_operator_3.py
[2026-04-09T00:44:26.992+0000] {logging_mixin.py:190} INFO - [2026-04-09T00:44:26.992+0000] {dag.py:3211} INFO - Sync 1 DAGs
[2026-04-09T00:44:27.000+0000] {logging_mixin.py:190} INFO - [2026-04-09T00:44:27.000+0000] {dag.py:4138} INFO - Setting next_dagrun for example_branch_dop_operator_v3 to 2026-04-09 00:43:00+00:00, run_after=2026-04-09 00:44:00+00:00
[2026-04-09T00:44:27.005+0000] {processor.py:208} INFO - Processing /home/airflow/.local/lib/python3.12/site-packages/airflow/example_dags/example_branch_python_dop_operator_3.py took 0.028 seconds
[2026-04-09T00:44:57.823+0000] {processor.py:186} INFO - Started process (PID=1737) to work on /home/airflow/.local/lib/python3.12/site-packages/airflow/example_dags/example_branch_python_dop_operator_3.py
[2026-04-09T00:44:57.823+0000] {processor.py:914} INFO - Processing file /home/airflow/.local/lib/python3.12/site-packages/airflow/example_dags/example_branch_python_dop_operator_3.py for tasks to queue
[2026-04-09T00:44:57.824+0000] {logging_mixin.py:190} INFO - [2026-04-09T00:44:57.824+0000] {dagbag.py:587} INFO - Filling up the DagBag from /home/airflow/.local/lib/python3.12/site-packages/airflow/example_dags/example_branch_python_dop_operator_3.py
[2026-04-09T00:44:57.828+0000] {processor.py:925} INFO - DAG(s) 'example_branch_dop_operator_v3' retrieved from /home/airflow/.local/lib/python3.12/site-packages/airflow/example_dags/example_branch_python_dop_operator_3.py
[2026-04-09T00:44:57.835+0000] {logging_mixin.py:190} INFO - [2026-04-09T00:44:57.835+0000] {dag.py:3211} INFO - Sync 1 DAGs
[2026-04-09T00:44:57.843+0000] {logging_mixin.py:190} INFO - [2026-04-09T00:44:57.843+0000] {dag.py:4138} INFO - Setting next_dagrun for example_branch_dop_operator_v3 to 2026-04-09 00:43:00+00:00, run_after=2026-04-09 00:44:00+00:00
[2026-04-09T00:44:57.849+0000] {processor.py:208} INFO - Processing /home/airflow/.local/lib/python3.12/site-packages/airflow/example_dags/example_branch_python_dop_operator_3.py took 0.028 seconds
[2026-04-09T00:45:28.729+0000] {processor.py:186} INFO - Started process (PID=1799) to work on /home/airflow/.local/lib/python3.12/site-packages/airflow/example_dags/example_branch_python_dop_operator_3.py
[2026-04-09T00:45:28.730+0000] {processor.py:914} INFO - Processing file /home/airflow/.local/lib/python3.12/site-packages/airflow/example_dags/example_branch_python_dop_operator_3.py for tasks to queue
[2026-04-09T00:45:28.733+0000] {logging_mixin.py:190} INFO - [2026-04-09T00:45:28.730+0000] {dagbag.py:587} INFO - Filling up the DagBag from /home/airflow/.local/lib/python3.12/site-packages/airflow/example_dags/example_branch_python_dop_operator_3.py
[2026-04-09T00:45:28.738+0000] {processor.py:925} INFO - DAG(s) 'example_branch_dop_operator_v3' retrieved from /home/airflow/.local/lib/python3.12/site-packages/airflow/example_dags/example_branch_python_dop_operator_3.py
[2026-04-09T00:45:28.747+0000] {logging_mixin.py:190} INFO - [2026-04-09T00:45:28.747+0000] {dag.py:3211} INFO - Sync 1 DAGs
[2026-04-09T00:45:28.757+0000] {logging_mixin.py:190} INFO - [2026-04-09T00:45:28.757+0000] {dag.py:4138} INFO - Setting next_dagrun for example_branch_dop_operator_v3 to 2026-04-09 00:44:00+00:00, run_after=2026-04-09 00:45:00+00:00
[2026-04-09T00:45:28.762+0000] {processor.py:208} INFO - Processing /home/airflow/.local/lib/python3.12/site-packages/airflow/example_dags/example_branch_python_dop_operator_3.py took 0.036 seconds
[2026-04-09T00:45:59.741+0000] {processor.py:186} INFO - Started process (PID=1863) to work on /home/airflow/.local/lib/python3.12/site-packages/airflow/example_dags/example_branch_python_dop_operator_3.py
[2026-04-09T00:45:59.741+0000] {processor.py:914} INFO - Processing file /home/airflow/.local/lib/python3.12/site-packages/airflow/example_dags/example_branch_python_dop_operator_3.py for tasks to queue
[2026-04-09T00:45:59.742+0000] {logging_mixin.py:190} INFO - [2026-04-09T00:45:59.742+0000] {dagbag.py:587} INFO - Filling up the DagBag from /home/airflow/.local/lib/python3.12/site-packages/airflow/example_dags/example_branch_python_dop_operator_3.py
[2026-04-09T00:45:59.746+0000] {processor.py:925} INFO - DAG(s) 'example_branch_dop_operator_v3' retrieved from /home/airflow/.local/lib/python3.12/site-packages/airflow/example_dags/example_branch_python_dop_operator_3.py
[2026-04-09T00:45:59.754+0000] {logging_mixin.py:190} INFO - [2026-04-09T00:45:59.754+0000] {dag.py:3211} INFO - Sync 1 DAGs
[2026-04-09T00:45:59.762+0000] {logging_mixin.py:190} INFO - [2026-04-09T00:45:59.762+0000] {dag.py:4138} INFO - Setting next_dagrun for example_branch_dop_operator_v3 to 2026-04-09 00:44:00+00:00, run_after=2026-04-09 00:45:00+00:00
[2026-04-09T00:45:59.776+0000] {processor.py:208} INFO - Processing /home/airflow/.local/lib/python3.12/site-packages/airflow/example_dags/example_branch_python_dop_operator_3.py took 0.038 seconds
