[2026-04-09T00:31:36.418+0000] {processor.py:186} INFO - Started process (PID=50) to work on /home/airflow/.local/lib/python3.12/site-packages/airflow/example_dags/example_latest_only_with_trigger.py
[2026-04-09T00:31:36.419+0000] {processor.py:914} INFO - Processing file /home/airflow/.local/lib/python3.12/site-packages/airflow/example_dags/example_latest_only_with_trigger.py for tasks to queue
[2026-04-09T00:31:36.420+0000] {logging_mixin.py:190} INFO - [2026-04-09T00:31:36.419+0000] {dagbag.py:587} INFO - Filling up the DagBag from /home/airflow/.local/lib/python3.12/site-packages/airflow/example_dags/example_latest_only_with_trigger.py
[2026-04-09T00:31:36.424+0000] {processor.py:925} INFO - DAG(s) 'latest_only_with_trigger' retrieved from /home/airflow/.local/lib/python3.12/site-packages/airflow/example_dags/example_latest_only_with_trigger.py
[2026-04-09T00:31:36.463+0000] {logging_mixin.py:190} INFO - [2026-04-09T00:31:36.463+0000] {dag.py:3211} INFO - Sync 1 DAGs
[2026-04-09T00:31:36.471+0000] {logging_mixin.py:190} INFO - [2026-04-09T00:31:36.470+0000] {dag.py:4138} INFO - Setting next_dagrun for latest_only_with_trigger to 2026-04-08 20:00:00+00:00, run_after=2026-04-09 00:00:00+00:00
[2026-04-09T00:31:36.478+0000] {processor.py:208} INFO - Processing /home/airflow/.local/lib/python3.12/site-packages/airflow/example_dags/example_latest_only_with_trigger.py took 0.062 seconds
[2026-04-09T00:32:07.094+0000] {processor.py:186} INFO - Started process (PID=113) to work on /home/airflow/.local/lib/python3.12/site-packages/airflow/example_dags/example_latest_only_with_trigger.py
[2026-04-09T00:32:07.095+0000] {processor.py:914} INFO - Processing file /home/airflow/.local/lib/python3.12/site-packages/airflow/example_dags/example_latest_only_with_trigger.py for tasks to queue
[2026-04-09T00:32:07.096+0000] {logging_mixin.py:190} INFO - [2026-04-09T00:32:07.096+0000] {dagbag.py:587} INFO - Filling up the DagBag from /home/airflow/.local/lib/python3.12/site-packages/airflow/example_dags/example_latest_only_with_trigger.py
[2026-04-09T00:32:07.100+0000] {processor.py:925} INFO - DAG(s) 'latest_only_with_trigger' retrieved from /home/airflow/.local/lib/python3.12/site-packages/airflow/example_dags/example_latest_only_with_trigger.py
[2026-04-09T00:32:07.109+0000] {logging_mixin.py:190} INFO - [2026-04-09T00:32:07.109+0000] {dag.py:3211} INFO - Sync 1 DAGs
[2026-04-09T00:32:07.119+0000] {logging_mixin.py:190} INFO - [2026-04-09T00:32:07.118+0000] {dag.py:4138} INFO - Setting next_dagrun for latest_only_with_trigger to 2026-04-08 20:00:00+00:00, run_after=2026-04-09 00:00:00+00:00
[2026-04-09T00:32:07.129+0000] {processor.py:208} INFO - Processing /home/airflow/.local/lib/python3.12/site-packages/airflow/example_dags/example_latest_only_with_trigger.py took 0.039 seconds
[2026-04-09T00:32:38.004+0000] {processor.py:186} INFO - Started process (PID=177) to work on /home/airflow/.local/lib/python3.12/site-packages/airflow/example_dags/example_latest_only_with_trigger.py
[2026-04-09T00:32:38.004+0000] {processor.py:914} INFO - Processing file /home/airflow/.local/lib/python3.12/site-packages/airflow/example_dags/example_latest_only_with_trigger.py for tasks to queue
[2026-04-09T00:32:38.005+0000] {logging_mixin.py:190} INFO - [2026-04-09T00:32:38.005+0000] {dagbag.py:587} INFO - Filling up the DagBag from /home/airflow/.local/lib/python3.12/site-packages/airflow/example_dags/example_latest_only_with_trigger.py
[2026-04-09T00:32:38.007+0000] {processor.py:925} INFO - DAG(s) 'latest_only_with_trigger' retrieved from /home/airflow/.local/lib/python3.12/site-packages/airflow/example_dags/example_latest_only_with_trigger.py
[2026-04-09T00:32:38.015+0000] {logging_mixin.py:190} INFO - [2026-04-09T00:32:38.015+0000] {dag.py:3211} INFO - Sync 1 DAGs
[2026-04-09T00:32:38.022+0000] {logging_mixin.py:190} INFO - [2026-04-09T00:32:38.022+0000] {dag.py:4138} INFO - Setting next_dagrun for latest_only_with_trigger to 2026-04-08 20:00:00+00:00, run_after=2026-04-09 00:00:00+00:00
[2026-04-09T00:32:38.028+0000] {processor.py:208} INFO - Processing /home/airflow/.local/lib/python3.12/site-packages/airflow/example_dags/example_latest_only_with_trigger.py took 0.026 seconds
[2026-04-09T00:33:08.903+0000] {processor.py:186} INFO - Started process (PID=241) to work on /home/airflow/.local/lib/python3.12/site-packages/airflow/example_dags/example_latest_only_with_trigger.py
[2026-04-09T00:33:08.904+0000] {processor.py:914} INFO - Processing file /home/airflow/.local/lib/python3.12/site-packages/airflow/example_dags/example_latest_only_with_trigger.py for tasks to queue
[2026-04-09T00:33:08.904+0000] {logging_mixin.py:190} INFO - [2026-04-09T00:33:08.904+0000] {dagbag.py:587} INFO - Filling up the DagBag from /home/airflow/.local/lib/python3.12/site-packages/airflow/example_dags/example_latest_only_with_trigger.py
[2026-04-09T00:33:08.907+0000] {processor.py:925} INFO - DAG(s) 'latest_only_with_trigger' retrieved from /home/airflow/.local/lib/python3.12/site-packages/airflow/example_dags/example_latest_only_with_trigger.py
[2026-04-09T00:33:08.916+0000] {logging_mixin.py:190} INFO - [2026-04-09T00:33:08.916+0000] {dag.py:3211} INFO - Sync 1 DAGs
[2026-04-09T00:33:08.926+0000] {logging_mixin.py:190} INFO - [2026-04-09T00:33:08.926+0000] {dag.py:4138} INFO - Setting next_dagrun for latest_only_with_trigger to 2026-04-08 20:00:00+00:00, run_after=2026-04-09 00:00:00+00:00
[2026-04-09T00:33:08.938+0000] {processor.py:208} INFO - Processing /home/airflow/.local/lib/python3.12/site-packages/airflow/example_dags/example_latest_only_with_trigger.py took 0.036 seconds
[2026-04-09T00:33:39.663+0000] {processor.py:186} INFO - Started process (PID=305) to work on /home/airflow/.local/lib/python3.12/site-packages/airflow/example_dags/example_latest_only_with_trigger.py
[2026-04-09T00:33:39.664+0000] {processor.py:914} INFO - Processing file /home/airflow/.local/lib/python3.12/site-packages/airflow/example_dags/example_latest_only_with_trigger.py for tasks to queue
[2026-04-09T00:33:39.665+0000] {logging_mixin.py:190} INFO - [2026-04-09T00:33:39.665+0000] {dagbag.py:587} INFO - Filling up the DagBag from /home/airflow/.local/lib/python3.12/site-packages/airflow/example_dags/example_latest_only_with_trigger.py
[2026-04-09T00:33:39.668+0000] {processor.py:925} INFO - DAG(s) 'latest_only_with_trigger' retrieved from /home/airflow/.local/lib/python3.12/site-packages/airflow/example_dags/example_latest_only_with_trigger.py
[2026-04-09T00:33:39.678+0000] {logging_mixin.py:190} INFO - [2026-04-09T00:33:39.678+0000] {dag.py:3211} INFO - Sync 1 DAGs
[2026-04-09T00:33:39.685+0000] {logging_mixin.py:190} INFO - [2026-04-09T00:33:39.685+0000] {dag.py:4138} INFO - Setting next_dagrun for latest_only_with_trigger to 2026-04-08 20:00:00+00:00, run_after=2026-04-09 00:00:00+00:00
[2026-04-09T00:33:39.693+0000] {processor.py:208} INFO - Processing /home/airflow/.local/lib/python3.12/site-packages/airflow/example_dags/example_latest_only_with_trigger.py took 0.032 seconds
[2026-04-09T00:34:10.508+0000] {processor.py:186} INFO - Started process (PID=375) to work on /home/airflow/.local/lib/python3.12/site-packages/airflow/example_dags/example_latest_only_with_trigger.py
[2026-04-09T00:34:10.508+0000] {processor.py:914} INFO - Processing file /home/airflow/.local/lib/python3.12/site-packages/airflow/example_dags/example_latest_only_with_trigger.py for tasks to queue
[2026-04-09T00:34:10.509+0000] {logging_mixin.py:190} INFO - [2026-04-09T00:34:10.509+0000] {dagbag.py:587} INFO - Filling up the DagBag from /home/airflow/.local/lib/python3.12/site-packages/airflow/example_dags/example_latest_only_with_trigger.py
[2026-04-09T00:34:10.512+0000] {processor.py:925} INFO - DAG(s) 'latest_only_with_trigger' retrieved from /home/airflow/.local/lib/python3.12/site-packages/airflow/example_dags/example_latest_only_with_trigger.py
[2026-04-09T00:34:10.521+0000] {logging_mixin.py:190} INFO - [2026-04-09T00:34:10.521+0000] {dag.py:3211} INFO - Sync 1 DAGs
[2026-04-09T00:34:10.529+0000] {logging_mixin.py:190} INFO - [2026-04-09T00:34:10.529+0000] {dag.py:4138} INFO - Setting next_dagrun for latest_only_with_trigger to 2026-04-08 20:00:00+00:00, run_after=2026-04-09 00:00:00+00:00
[2026-04-09T00:34:10.537+0000] {processor.py:208} INFO - Processing /home/airflow/.local/lib/python3.12/site-packages/airflow/example_dags/example_latest_only_with_trigger.py took 0.031 seconds
[2026-04-09T00:34:41.393+0000] {processor.py:186} INFO - Started process (PID=439) to work on /home/airflow/.local/lib/python3.12/site-packages/airflow/example_dags/example_latest_only_with_trigger.py
[2026-04-09T00:34:41.394+0000] {processor.py:914} INFO - Processing file /home/airflow/.local/lib/python3.12/site-packages/airflow/example_dags/example_latest_only_with_trigger.py for tasks to queue
[2026-04-09T00:34:41.395+0000] {logging_mixin.py:190} INFO - [2026-04-09T00:34:41.395+0000] {dagbag.py:587} INFO - Filling up the DagBag from /home/airflow/.local/lib/python3.12/site-packages/airflow/example_dags/example_latest_only_with_trigger.py
[2026-04-09T00:34:41.398+0000] {processor.py:925} INFO - DAG(s) 'latest_only_with_trigger' retrieved from /home/airflow/.local/lib/python3.12/site-packages/airflow/example_dags/example_latest_only_with_trigger.py
[2026-04-09T00:34:41.408+0000] {logging_mixin.py:190} INFO - [2026-04-09T00:34:41.408+0000] {dag.py:3211} INFO - Sync 1 DAGs
[2026-04-09T00:34:41.419+0000] {logging_mixin.py:190} INFO - [2026-04-09T00:34:41.419+0000] {dag.py:4138} INFO - Setting next_dagrun for latest_only_with_trigger to 2026-04-08 20:00:00+00:00, run_after=2026-04-09 00:00:00+00:00
[2026-04-09T00:34:41.430+0000] {processor.py:208} INFO - Processing /home/airflow/.local/lib/python3.12/site-packages/airflow/example_dags/example_latest_only_with_trigger.py took 0.039 seconds
[2026-04-09T00:35:12.129+0000] {processor.py:186} INFO - Started process (PID=503) to work on /home/airflow/.local/lib/python3.12/site-packages/airflow/example_dags/example_latest_only_with_trigger.py
[2026-04-09T00:35:12.130+0000] {processor.py:914} INFO - Processing file /home/airflow/.local/lib/python3.12/site-packages/airflow/example_dags/example_latest_only_with_trigger.py for tasks to queue
[2026-04-09T00:35:12.131+0000] {logging_mixin.py:190} INFO - [2026-04-09T00:35:12.131+0000] {dagbag.py:587} INFO - Filling up the DagBag from /home/airflow/.local/lib/python3.12/site-packages/airflow/example_dags/example_latest_only_with_trigger.py
[2026-04-09T00:35:12.134+0000] {processor.py:925} INFO - DAG(s) 'latest_only_with_trigger' retrieved from /home/airflow/.local/lib/python3.12/site-packages/airflow/example_dags/example_latest_only_with_trigger.py
[2026-04-09T00:35:12.143+0000] {logging_mixin.py:190} INFO - [2026-04-09T00:35:12.143+0000] {dag.py:3211} INFO - Sync 1 DAGs
[2026-04-09T00:35:12.153+0000] {logging_mixin.py:190} INFO - [2026-04-09T00:35:12.153+0000] {dag.py:4138} INFO - Setting next_dagrun for latest_only_with_trigger to 2026-04-08 20:00:00+00:00, run_after=2026-04-09 00:00:00+00:00
[2026-04-09T00:35:12.160+0000] {processor.py:208} INFO - Processing /home/airflow/.local/lib/python3.12/site-packages/airflow/example_dags/example_latest_only_with_trigger.py took 0.033 seconds
[2026-04-09T00:35:42.805+0000] {processor.py:186} INFO - Started process (PID=566) to work on /home/airflow/.local/lib/python3.12/site-packages/airflow/example_dags/example_latest_only_with_trigger.py
[2026-04-09T00:35:42.805+0000] {processor.py:914} INFO - Processing file /home/airflow/.local/lib/python3.12/site-packages/airflow/example_dags/example_latest_only_with_trigger.py for tasks to queue
[2026-04-09T00:35:42.806+0000] {logging_mixin.py:190} INFO - [2026-04-09T00:35:42.806+0000] {dagbag.py:587} INFO - Filling up the DagBag from /home/airflow/.local/lib/python3.12/site-packages/airflow/example_dags/example_latest_only_with_trigger.py
[2026-04-09T00:35:42.810+0000] {processor.py:925} INFO - DAG(s) 'latest_only_with_trigger' retrieved from /home/airflow/.local/lib/python3.12/site-packages/airflow/example_dags/example_latest_only_with_trigger.py
[2026-04-09T00:35:42.820+0000] {logging_mixin.py:190} INFO - [2026-04-09T00:35:42.820+0000] {dag.py:3211} INFO - Sync 1 DAGs
[2026-04-09T00:35:42.829+0000] {logging_mixin.py:190} INFO - [2026-04-09T00:35:42.829+0000] {dag.py:4138} INFO - Setting next_dagrun for latest_only_with_trigger to 2026-04-08 20:00:00+00:00, run_after=2026-04-09 00:00:00+00:00
[2026-04-09T00:35:42.838+0000] {processor.py:208} INFO - Processing /home/airflow/.local/lib/python3.12/site-packages/airflow/example_dags/example_latest_only_with_trigger.py took 0.036 seconds
[2026-04-09T00:36:13.655+0000] {processor.py:186} INFO - Started process (PID=630) to work on /home/airflow/.local/lib/python3.12/site-packages/airflow/example_dags/example_latest_only_with_trigger.py
[2026-04-09T00:36:13.655+0000] {processor.py:914} INFO - Processing file /home/airflow/.local/lib/python3.12/site-packages/airflow/example_dags/example_latest_only_with_trigger.py for tasks to queue
[2026-04-09T00:36:13.656+0000] {logging_mixin.py:190} INFO - [2026-04-09T00:36:13.656+0000] {dagbag.py:587} INFO - Filling up the DagBag from /home/airflow/.local/lib/python3.12/site-packages/airflow/example_dags/example_latest_only_with_trigger.py
[2026-04-09T00:36:13.658+0000] {processor.py:925} INFO - DAG(s) 'latest_only_with_trigger' retrieved from /home/airflow/.local/lib/python3.12/site-packages/airflow/example_dags/example_latest_only_with_trigger.py
[2026-04-09T00:36:13.665+0000] {logging_mixin.py:190} INFO - [2026-04-09T00:36:13.665+0000] {dag.py:3211} INFO - Sync 1 DAGs
[2026-04-09T00:36:13.671+0000] {logging_mixin.py:190} INFO - [2026-04-09T00:36:13.671+0000] {dag.py:4138} INFO - Setting next_dagrun for latest_only_with_trigger to 2026-04-08 20:00:00+00:00, run_after=2026-04-09 00:00:00+00:00
[2026-04-09T00:36:13.676+0000] {processor.py:208} INFO - Processing /home/airflow/.local/lib/python3.12/site-packages/airflow/example_dags/example_latest_only_with_trigger.py took 0.024 seconds
[2026-04-09T00:36:44.477+0000] {processor.py:186} INFO - Started process (PID=694) to work on /home/airflow/.local/lib/python3.12/site-packages/airflow/example_dags/example_latest_only_with_trigger.py
[2026-04-09T00:36:44.477+0000] {processor.py:914} INFO - Processing file /home/airflow/.local/lib/python3.12/site-packages/airflow/example_dags/example_latest_only_with_trigger.py for tasks to queue
[2026-04-09T00:36:44.478+0000] {logging_mixin.py:190} INFO - [2026-04-09T00:36:44.478+0000] {dagbag.py:587} INFO - Filling up the DagBag from /home/airflow/.local/lib/python3.12/site-packages/airflow/example_dags/example_latest_only_with_trigger.py
[2026-04-09T00:36:44.481+0000] {processor.py:925} INFO - DAG(s) 'latest_only_with_trigger' retrieved from /home/airflow/.local/lib/python3.12/site-packages/airflow/example_dags/example_latest_only_with_trigger.py
[2026-04-09T00:36:44.492+0000] {logging_mixin.py:190} INFO - [2026-04-09T00:36:44.492+0000] {dag.py:3211} INFO - Sync 1 DAGs
[2026-04-09T00:36:44.500+0000] {logging_mixin.py:190} INFO - [2026-04-09T00:36:44.500+0000] {dag.py:4138} INFO - Setting next_dagrun for latest_only_with_trigger to 2026-04-08 20:00:00+00:00, run_after=2026-04-09 00:00:00+00:00
[2026-04-09T00:36:44.509+0000] {processor.py:208} INFO - Processing /home/airflow/.local/lib/python3.12/site-packages/airflow/example_dags/example_latest_only_with_trigger.py took 0.034 seconds
[2026-04-09T00:37:15.260+0000] {processor.py:186} INFO - Started process (PID=758) to work on /home/airflow/.local/lib/python3.12/site-packages/airflow/example_dags/example_latest_only_with_trigger.py
[2026-04-09T00:37:15.260+0000] {processor.py:914} INFO - Processing file /home/airflow/.local/lib/python3.12/site-packages/airflow/example_dags/example_latest_only_with_trigger.py for tasks to queue
[2026-04-09T00:37:15.261+0000] {logging_mixin.py:190} INFO - [2026-04-09T00:37:15.261+0000] {dagbag.py:587} INFO - Filling up the DagBag from /home/airflow/.local/lib/python3.12/site-packages/airflow/example_dags/example_latest_only_with_trigger.py
[2026-04-09T00:37:15.264+0000] {processor.py:925} INFO - DAG(s) 'latest_only_with_trigger' retrieved from /home/airflow/.local/lib/python3.12/site-packages/airflow/example_dags/example_latest_only_with_trigger.py
[2026-04-09T00:37:15.276+0000] {logging_mixin.py:190} INFO - [2026-04-09T00:37:15.275+0000] {dag.py:3211} INFO - Sync 1 DAGs
[2026-04-09T00:37:15.286+0000] {logging_mixin.py:190} INFO - [2026-04-09T00:37:15.286+0000] {dag.py:4138} INFO - Setting next_dagrun for latest_only_with_trigger to 2026-04-08 20:00:00+00:00, run_after=2026-04-09 00:00:00+00:00
[2026-04-09T00:37:15.296+0000] {processor.py:208} INFO - Processing /home/airflow/.local/lib/python3.12/site-packages/airflow/example_dags/example_latest_only_with_trigger.py took 0.038 seconds
[2026-04-09T00:37:45.939+0000] {processor.py:186} INFO - Started process (PID=822) to work on /home/airflow/.local/lib/python3.12/site-packages/airflow/example_dags/example_latest_only_with_trigger.py
[2026-04-09T00:37:45.939+0000] {processor.py:914} INFO - Processing file /home/airflow/.local/lib/python3.12/site-packages/airflow/example_dags/example_latest_only_with_trigger.py for tasks to queue
[2026-04-09T00:37:45.940+0000] {logging_mixin.py:190} INFO - [2026-04-09T00:37:45.940+0000] {dagbag.py:587} INFO - Filling up the DagBag from /home/airflow/.local/lib/python3.12/site-packages/airflow/example_dags/example_latest_only_with_trigger.py
[2026-04-09T00:37:45.943+0000] {processor.py:925} INFO - DAG(s) 'latest_only_with_trigger' retrieved from /home/airflow/.local/lib/python3.12/site-packages/airflow/example_dags/example_latest_only_with_trigger.py
[2026-04-09T00:37:45.957+0000] {logging_mixin.py:190} INFO - [2026-04-09T00:37:45.957+0000] {dag.py:3211} INFO - Sync 1 DAGs
[2026-04-09T00:37:45.966+0000] {logging_mixin.py:190} INFO - [2026-04-09T00:37:45.966+0000] {dag.py:4138} INFO - Setting next_dagrun for latest_only_with_trigger to 2026-04-08 20:00:00+00:00, run_after=2026-04-09 00:00:00+00:00
[2026-04-09T00:37:45.973+0000] {processor.py:208} INFO - Processing /home/airflow/.local/lib/python3.12/site-packages/airflow/example_dags/example_latest_only_with_trigger.py took 0.036 seconds
[2026-04-09T00:38:16.727+0000] {processor.py:186} INFO - Started process (PID=886) to work on /home/airflow/.local/lib/python3.12/site-packages/airflow/example_dags/example_latest_only_with_trigger.py
[2026-04-09T00:38:16.728+0000] {processor.py:914} INFO - Processing file /home/airflow/.local/lib/python3.12/site-packages/airflow/example_dags/example_latest_only_with_trigger.py for tasks to queue
[2026-04-09T00:38:16.729+0000] {logging_mixin.py:190} INFO - [2026-04-09T00:38:16.729+0000] {dagbag.py:587} INFO - Filling up the DagBag from /home/airflow/.local/lib/python3.12/site-packages/airflow/example_dags/example_latest_only_with_trigger.py
[2026-04-09T00:38:16.732+0000] {processor.py:925} INFO - DAG(s) 'latest_only_with_trigger' retrieved from /home/airflow/.local/lib/python3.12/site-packages/airflow/example_dags/example_latest_only_with_trigger.py
[2026-04-09T00:38:16.743+0000] {logging_mixin.py:190} INFO - [2026-04-09T00:38:16.742+0000] {dag.py:3211} INFO - Sync 1 DAGs
[2026-04-09T00:38:16.753+0000] {logging_mixin.py:190} INFO - [2026-04-09T00:38:16.753+0000] {dag.py:4138} INFO - Setting next_dagrun for latest_only_with_trigger to 2026-04-08 20:00:00+00:00, run_after=2026-04-09 00:00:00+00:00
[2026-04-09T00:38:16.761+0000] {processor.py:208} INFO - Processing /home/airflow/.local/lib/python3.12/site-packages/airflow/example_dags/example_latest_only_with_trigger.py took 0.036 seconds
[2026-04-09T00:38:47.415+0000] {processor.py:186} INFO - Started process (PID=950) to work on /home/airflow/.local/lib/python3.12/site-packages/airflow/example_dags/example_latest_only_with_trigger.py
[2026-04-09T00:38:47.415+0000] {processor.py:914} INFO - Processing file /home/airflow/.local/lib/python3.12/site-packages/airflow/example_dags/example_latest_only_with_trigger.py for tasks to queue
[2026-04-09T00:38:47.416+0000] {logging_mixin.py:190} INFO - [2026-04-09T00:38:47.416+0000] {dagbag.py:587} INFO - Filling up the DagBag from /home/airflow/.local/lib/python3.12/site-packages/airflow/example_dags/example_latest_only_with_trigger.py
[2026-04-09T00:38:47.419+0000] {processor.py:925} INFO - DAG(s) 'latest_only_with_trigger' retrieved from /home/airflow/.local/lib/python3.12/site-packages/airflow/example_dags/example_latest_only_with_trigger.py
[2026-04-09T00:38:47.428+0000] {logging_mixin.py:190} INFO - [2026-04-09T00:38:47.428+0000] {dag.py:3211} INFO - Sync 1 DAGs
[2026-04-09T00:38:47.438+0000] {logging_mixin.py:190} INFO - [2026-04-09T00:38:47.438+0000] {dag.py:4138} INFO - Setting next_dagrun for latest_only_with_trigger to 2026-04-08 20:00:00+00:00, run_after=2026-04-09 00:00:00+00:00
[2026-04-09T00:38:47.451+0000] {processor.py:208} INFO - Processing /home/airflow/.local/lib/python3.12/site-packages/airflow/example_dags/example_latest_only_with_trigger.py took 0.039 seconds
[2026-04-09T00:39:18.195+0000] {processor.py:186} INFO - Started process (PID=1014) to work on /home/airflow/.local/lib/python3.12/site-packages/airflow/example_dags/example_latest_only_with_trigger.py
[2026-04-09T00:39:18.195+0000] {processor.py:914} INFO - Processing file /home/airflow/.local/lib/python3.12/site-packages/airflow/example_dags/example_latest_only_with_trigger.py for tasks to queue
[2026-04-09T00:39:18.196+0000] {logging_mixin.py:190} INFO - [2026-04-09T00:39:18.196+0000] {dagbag.py:587} INFO - Filling up the DagBag from /home/airflow/.local/lib/python3.12/site-packages/airflow/example_dags/example_latest_only_with_trigger.py
[2026-04-09T00:39:18.199+0000] {processor.py:925} INFO - DAG(s) 'latest_only_with_trigger' retrieved from /home/airflow/.local/lib/python3.12/site-packages/airflow/example_dags/example_latest_only_with_trigger.py
[2026-04-09T00:39:18.205+0000] {logging_mixin.py:190} INFO - [2026-04-09T00:39:18.205+0000] {dag.py:3211} INFO - Sync 1 DAGs
[2026-04-09T00:39:18.212+0000] {logging_mixin.py:190} INFO - [2026-04-09T00:39:18.212+0000] {dag.py:4138} INFO - Setting next_dagrun for latest_only_with_trigger to 2026-04-08 20:00:00+00:00, run_after=2026-04-09 00:00:00+00:00
[2026-04-09T00:39:18.217+0000] {processor.py:208} INFO - Processing /home/airflow/.local/lib/python3.12/site-packages/airflow/example_dags/example_latest_only_with_trigger.py took 0.024 seconds
[2026-04-09T00:39:48.939+0000] {processor.py:186} INFO - Started process (PID=1078) to work on /home/airflow/.local/lib/python3.12/site-packages/airflow/example_dags/example_latest_only_with_trigger.py
[2026-04-09T00:39:48.940+0000] {processor.py:914} INFO - Processing file /home/airflow/.local/lib/python3.12/site-packages/airflow/example_dags/example_latest_only_with_trigger.py for tasks to queue
[2026-04-09T00:39:48.944+0000] {logging_mixin.py:190} INFO - [2026-04-09T00:39:48.943+0000] {dagbag.py:587} INFO - Filling up the DagBag from /home/airflow/.local/lib/python3.12/site-packages/airflow/example_dags/example_latest_only_with_trigger.py
[2026-04-09T00:39:48.951+0000] {processor.py:925} INFO - DAG(s) 'latest_only_with_trigger' retrieved from /home/airflow/.local/lib/python3.12/site-packages/airflow/example_dags/example_latest_only_with_trigger.py
[2026-04-09T00:39:48.964+0000] {logging_mixin.py:190} INFO - [2026-04-09T00:39:48.964+0000] {dag.py:3211} INFO - Sync 1 DAGs
[2026-04-09T00:39:48.974+0000] {logging_mixin.py:190} INFO - [2026-04-09T00:39:48.974+0000] {dag.py:4138} INFO - Setting next_dagrun for latest_only_with_trigger to 2026-04-08 20:00:00+00:00, run_after=2026-04-09 00:00:00+00:00
[2026-04-09T00:39:48.982+0000] {processor.py:208} INFO - Processing /home/airflow/.local/lib/python3.12/site-packages/airflow/example_dags/example_latest_only_with_trigger.py took 0.045 seconds
[2026-04-09T00:40:19.775+0000] {processor.py:186} INFO - Started process (PID=1142) to work on /home/airflow/.local/lib/python3.12/site-packages/airflow/example_dags/example_latest_only_with_trigger.py
[2026-04-09T00:40:19.776+0000] {processor.py:914} INFO - Processing file /home/airflow/.local/lib/python3.12/site-packages/airflow/example_dags/example_latest_only_with_trigger.py for tasks to queue
[2026-04-09T00:40:19.777+0000] {logging_mixin.py:190} INFO - [2026-04-09T00:40:19.776+0000] {dagbag.py:587} INFO - Filling up the DagBag from /home/airflow/.local/lib/python3.12/site-packages/airflow/example_dags/example_latest_only_with_trigger.py
[2026-04-09T00:40:19.779+0000] {processor.py:925} INFO - DAG(s) 'latest_only_with_trigger' retrieved from /home/airflow/.local/lib/python3.12/site-packages/airflow/example_dags/example_latest_only_with_trigger.py
[2026-04-09T00:40:19.790+0000] {logging_mixin.py:190} INFO - [2026-04-09T00:40:19.790+0000] {dag.py:3211} INFO - Sync 1 DAGs
[2026-04-09T00:40:19.801+0000] {logging_mixin.py:190} INFO - [2026-04-09T00:40:19.801+0000] {dag.py:4138} INFO - Setting next_dagrun for latest_only_with_trigger to 2026-04-08 20:00:00+00:00, run_after=2026-04-09 00:00:00+00:00
[2026-04-09T00:40:19.809+0000] {processor.py:208} INFO - Processing /home/airflow/.local/lib/python3.12/site-packages/airflow/example_dags/example_latest_only_with_trigger.py took 0.036 seconds
[2026-04-09T00:40:50.544+0000] {processor.py:186} INFO - Started process (PID=1206) to work on /home/airflow/.local/lib/python3.12/site-packages/airflow/example_dags/example_latest_only_with_trigger.py
[2026-04-09T00:40:50.545+0000] {processor.py:914} INFO - Processing file /home/airflow/.local/lib/python3.12/site-packages/airflow/example_dags/example_latest_only_with_trigger.py for tasks to queue
[2026-04-09T00:40:50.546+0000] {logging_mixin.py:190} INFO - [2026-04-09T00:40:50.545+0000] {dagbag.py:587} INFO - Filling up the DagBag from /home/airflow/.local/lib/python3.12/site-packages/airflow/example_dags/example_latest_only_with_trigger.py
[2026-04-09T00:40:50.549+0000] {processor.py:925} INFO - DAG(s) 'latest_only_with_trigger' retrieved from /home/airflow/.local/lib/python3.12/site-packages/airflow/example_dags/example_latest_only_with_trigger.py
[2026-04-09T00:40:50.559+0000] {logging_mixin.py:190} INFO - [2026-04-09T00:40:50.559+0000] {dag.py:3211} INFO - Sync 1 DAGs
[2026-04-09T00:40:50.568+0000] {logging_mixin.py:190} INFO - [2026-04-09T00:40:50.568+0000] {dag.py:4138} INFO - Setting next_dagrun for latest_only_with_trigger to 2026-04-08 20:00:00+00:00, run_after=2026-04-09 00:00:00+00:00
[2026-04-09T00:40:50.578+0000] {processor.py:208} INFO - Processing /home/airflow/.local/lib/python3.12/site-packages/airflow/example_dags/example_latest_only_with_trigger.py took 0.036 seconds
[2026-04-09T00:41:21.256+0000] {processor.py:186} INFO - Started process (PID=1270) to work on /home/airflow/.local/lib/python3.12/site-packages/airflow/example_dags/example_latest_only_with_trigger.py
[2026-04-09T00:41:21.257+0000] {processor.py:914} INFO - Processing file /home/airflow/.local/lib/python3.12/site-packages/airflow/example_dags/example_latest_only_with_trigger.py for tasks to queue
[2026-04-09T00:41:21.258+0000] {logging_mixin.py:190} INFO - [2026-04-09T00:41:21.258+0000] {dagbag.py:587} INFO - Filling up the DagBag from /home/airflow/.local/lib/python3.12/site-packages/airflow/example_dags/example_latest_only_with_trigger.py
[2026-04-09T00:41:21.263+0000] {processor.py:925} INFO - DAG(s) 'latest_only_with_trigger' retrieved from /home/airflow/.local/lib/python3.12/site-packages/airflow/example_dags/example_latest_only_with_trigger.py
[2026-04-09T00:41:21.276+0000] {logging_mixin.py:190} INFO - [2026-04-09T00:41:21.276+0000] {dag.py:3211} INFO - Sync 1 DAGs
[2026-04-09T00:41:21.284+0000] {logging_mixin.py:190} INFO - [2026-04-09T00:41:21.283+0000] {dag.py:4138} INFO - Setting next_dagrun for latest_only_with_trigger to 2026-04-08 20:00:00+00:00, run_after=2026-04-09 00:00:00+00:00
[2026-04-09T00:41:21.292+0000] {processor.py:208} INFO - Processing /home/airflow/.local/lib/python3.12/site-packages/airflow/example_dags/example_latest_only_with_trigger.py took 0.038 seconds
[2026-04-09T00:41:52.160+0000] {processor.py:186} INFO - Started process (PID=1334) to work on /home/airflow/.local/lib/python3.12/site-packages/airflow/example_dags/example_latest_only_with_trigger.py
[2026-04-09T00:41:52.160+0000] {processor.py:914} INFO - Processing file /home/airflow/.local/lib/python3.12/site-packages/airflow/example_dags/example_latest_only_with_trigger.py for tasks to queue
[2026-04-09T00:41:52.161+0000] {logging_mixin.py:190} INFO - [2026-04-09T00:41:52.161+0000] {dagbag.py:587} INFO - Filling up the DagBag from /home/airflow/.local/lib/python3.12/site-packages/airflow/example_dags/example_latest_only_with_trigger.py
[2026-04-09T00:41:52.165+0000] {processor.py:925} INFO - DAG(s) 'latest_only_with_trigger' retrieved from /home/airflow/.local/lib/python3.12/site-packages/airflow/example_dags/example_latest_only_with_trigger.py
[2026-04-09T00:41:52.176+0000] {logging_mixin.py:190} INFO - [2026-04-09T00:41:52.175+0000] {dag.py:3211} INFO - Sync 1 DAGs
[2026-04-09T00:41:52.186+0000] {logging_mixin.py:190} INFO - [2026-04-09T00:41:52.186+0000] {dag.py:4138} INFO - Setting next_dagrun for latest_only_with_trigger to 2026-04-08 20:00:00+00:00, run_after=2026-04-09 00:00:00+00:00
[2026-04-09T00:41:52.197+0000] {processor.py:208} INFO - Processing /home/airflow/.local/lib/python3.12/site-packages/airflow/example_dags/example_latest_only_with_trigger.py took 0.040 seconds
[2026-04-09T00:42:23.169+0000] {processor.py:186} INFO - Started process (PID=1398) to work on /home/airflow/.local/lib/python3.12/site-packages/airflow/example_dags/example_latest_only_with_trigger.py
[2026-04-09T00:42:23.170+0000] {processor.py:914} INFO - Processing file /home/airflow/.local/lib/python3.12/site-packages/airflow/example_dags/example_latest_only_with_trigger.py for tasks to queue
[2026-04-09T00:42:23.172+0000] {logging_mixin.py:190} INFO - [2026-04-09T00:42:23.171+0000] {dagbag.py:587} INFO - Filling up the DagBag from /home/airflow/.local/lib/python3.12/site-packages/airflow/example_dags/example_latest_only_with_trigger.py
[2026-04-09T00:42:23.176+0000] {processor.py:925} INFO - DAG(s) 'latest_only_with_trigger' retrieved from /home/airflow/.local/lib/python3.12/site-packages/airflow/example_dags/example_latest_only_with_trigger.py
[2026-04-09T00:42:23.189+0000] {logging_mixin.py:190} INFO - [2026-04-09T00:42:23.189+0000] {dag.py:3211} INFO - Sync 1 DAGs
[2026-04-09T00:42:23.203+0000] {logging_mixin.py:190} INFO - [2026-04-09T00:42:23.203+0000] {dag.py:4138} INFO - Setting next_dagrun for latest_only_with_trigger to 2026-04-08 20:00:00+00:00, run_after=2026-04-09 00:00:00+00:00
[2026-04-09T00:42:23.213+0000] {processor.py:208} INFO - Processing /home/airflow/.local/lib/python3.12/site-packages/airflow/example_dags/example_latest_only_with_trigger.py took 0.047 seconds
[2026-04-09T00:42:54.116+0000] {processor.py:186} INFO - Started process (PID=1462) to work on /home/airflow/.local/lib/python3.12/site-packages/airflow/example_dags/example_latest_only_with_trigger.py
[2026-04-09T00:42:54.117+0000] {processor.py:914} INFO - Processing file /home/airflow/.local/lib/python3.12/site-packages/airflow/example_dags/example_latest_only_with_trigger.py for tasks to queue
[2026-04-09T00:42:54.118+0000] {logging_mixin.py:190} INFO - [2026-04-09T00:42:54.118+0000] {dagbag.py:587} INFO - Filling up the DagBag from /home/airflow/.local/lib/python3.12/site-packages/airflow/example_dags/example_latest_only_with_trigger.py
[2026-04-09T00:42:54.121+0000] {processor.py:925} INFO - DAG(s) 'latest_only_with_trigger' retrieved from /home/airflow/.local/lib/python3.12/site-packages/airflow/example_dags/example_latest_only_with_trigger.py
[2026-04-09T00:42:54.130+0000] {logging_mixin.py:190} INFO - [2026-04-09T00:42:54.130+0000] {dag.py:3211} INFO - Sync 1 DAGs
[2026-04-09T00:42:54.138+0000] {logging_mixin.py:190} INFO - [2026-04-09T00:42:54.138+0000] {dag.py:4138} INFO - Setting next_dagrun for latest_only_with_trigger to 2026-04-08 20:00:00+00:00, run_after=2026-04-09 00:00:00+00:00
[2026-04-09T00:42:54.146+0000] {processor.py:208} INFO - Processing /home/airflow/.local/lib/python3.12/site-packages/airflow/example_dags/example_latest_only_with_trigger.py took 0.031 seconds
[2026-04-09T00:43:24.901+0000] {processor.py:186} INFO - Started process (PID=1526) to work on /home/airflow/.local/lib/python3.12/site-packages/airflow/example_dags/example_latest_only_with_trigger.py
[2026-04-09T00:43:24.901+0000] {processor.py:914} INFO - Processing file /home/airflow/.local/lib/python3.12/site-packages/airflow/example_dags/example_latest_only_with_trigger.py for tasks to queue
[2026-04-09T00:43:24.902+0000] {logging_mixin.py:190} INFO - [2026-04-09T00:43:24.902+0000] {dagbag.py:587} INFO - Filling up the DagBag from /home/airflow/.local/lib/python3.12/site-packages/airflow/example_dags/example_latest_only_with_trigger.py
[2026-04-09T00:43:24.905+0000] {processor.py:925} INFO - DAG(s) 'latest_only_with_trigger' retrieved from /home/airflow/.local/lib/python3.12/site-packages/airflow/example_dags/example_latest_only_with_trigger.py
[2026-04-09T00:43:24.915+0000] {logging_mixin.py:190} INFO - [2026-04-09T00:43:24.915+0000] {dag.py:3211} INFO - Sync 1 DAGs
[2026-04-09T00:43:24.926+0000] {logging_mixin.py:190} INFO - [2026-04-09T00:43:24.926+0000] {dag.py:4138} INFO - Setting next_dagrun for latest_only_with_trigger to 2026-04-08 20:00:00+00:00, run_after=2026-04-09 00:00:00+00:00
[2026-04-09T00:43:24.935+0000] {processor.py:208} INFO - Processing /home/airflow/.local/lib/python3.12/site-packages/airflow/example_dags/example_latest_only_with_trigger.py took 0.036 seconds
[2026-04-09T00:43:55.679+0000] {processor.py:186} INFO - Started process (PID=1590) to work on /home/airflow/.local/lib/python3.12/site-packages/airflow/example_dags/example_latest_only_with_trigger.py
[2026-04-09T00:43:55.679+0000] {processor.py:914} INFO - Processing file /home/airflow/.local/lib/python3.12/site-packages/airflow/example_dags/example_latest_only_with_trigger.py for tasks to queue
[2026-04-09T00:43:55.680+0000] {logging_mixin.py:190} INFO - [2026-04-09T00:43:55.680+0000] {dagbag.py:587} INFO - Filling up the DagBag from /home/airflow/.local/lib/python3.12/site-packages/airflow/example_dags/example_latest_only_with_trigger.py
[2026-04-09T00:43:55.683+0000] {processor.py:925} INFO - DAG(s) 'latest_only_with_trigger' retrieved from /home/airflow/.local/lib/python3.12/site-packages/airflow/example_dags/example_latest_only_with_trigger.py
[2026-04-09T00:43:55.690+0000] {logging_mixin.py:190} INFO - [2026-04-09T00:43:55.690+0000] {dag.py:3211} INFO - Sync 1 DAGs
[2026-04-09T00:43:55.696+0000] {logging_mixin.py:190} INFO - [2026-04-09T00:43:55.696+0000] {dag.py:4138} INFO - Setting next_dagrun for latest_only_with_trigger to 2026-04-08 20:00:00+00:00, run_after=2026-04-09 00:00:00+00:00
[2026-04-09T00:43:55.701+0000] {processor.py:208} INFO - Processing /home/airflow/.local/lib/python3.12/site-packages/airflow/example_dags/example_latest_only_with_trigger.py took 0.024 seconds
[2026-04-09T00:44:26.472+0000] {processor.py:186} INFO - Started process (PID=1654) to work on /home/airflow/.local/lib/python3.12/site-packages/airflow/example_dags/example_latest_only_with_trigger.py
[2026-04-09T00:44:26.473+0000] {processor.py:914} INFO - Processing file /home/airflow/.local/lib/python3.12/site-packages/airflow/example_dags/example_latest_only_with_trigger.py for tasks to queue
[2026-04-09T00:44:26.473+0000] {logging_mixin.py:190} INFO - [2026-04-09T00:44:26.473+0000] {dagbag.py:587} INFO - Filling up the DagBag from /home/airflow/.local/lib/python3.12/site-packages/airflow/example_dags/example_latest_only_with_trigger.py
[2026-04-09T00:44:26.476+0000] {processor.py:925} INFO - DAG(s) 'latest_only_with_trigger' retrieved from /home/airflow/.local/lib/python3.12/site-packages/airflow/example_dags/example_latest_only_with_trigger.py
[2026-04-09T00:44:26.484+0000] {logging_mixin.py:190} INFO - [2026-04-09T00:44:26.484+0000] {dag.py:3211} INFO - Sync 1 DAGs
[2026-04-09T00:44:26.491+0000] {logging_mixin.py:190} INFO - [2026-04-09T00:44:26.491+0000] {dag.py:4138} INFO - Setting next_dagrun for latest_only_with_trigger to 2026-04-08 20:00:00+00:00, run_after=2026-04-09 00:00:00+00:00
[2026-04-09T00:44:26.499+0000] {processor.py:208} INFO - Processing /home/airflow/.local/lib/python3.12/site-packages/airflow/example_dags/example_latest_only_with_trigger.py took 0.030 seconds
[2026-04-09T00:44:57.258+0000] {processor.py:186} INFO - Started process (PID=1718) to work on /home/airflow/.local/lib/python3.12/site-packages/airflow/example_dags/example_latest_only_with_trigger.py
[2026-04-09T00:44:57.258+0000] {processor.py:914} INFO - Processing file /home/airflow/.local/lib/python3.12/site-packages/airflow/example_dags/example_latest_only_with_trigger.py for tasks to queue
[2026-04-09T00:44:57.259+0000] {logging_mixin.py:190} INFO - [2026-04-09T00:44:57.259+0000] {dagbag.py:587} INFO - Filling up the DagBag from /home/airflow/.local/lib/python3.12/site-packages/airflow/example_dags/example_latest_only_with_trigger.py
[2026-04-09T00:44:57.262+0000] {processor.py:925} INFO - DAG(s) 'latest_only_with_trigger' retrieved from /home/airflow/.local/lib/python3.12/site-packages/airflow/example_dags/example_latest_only_with_trigger.py
[2026-04-09T00:44:57.268+0000] {logging_mixin.py:190} INFO - [2026-04-09T00:44:57.268+0000] {dag.py:3211} INFO - Sync 1 DAGs
[2026-04-09T00:44:57.275+0000] {logging_mixin.py:190} INFO - [2026-04-09T00:44:57.275+0000] {dag.py:4138} INFO - Setting next_dagrun for latest_only_with_trigger to 2026-04-08 20:00:00+00:00, run_after=2026-04-09 00:00:00+00:00
[2026-04-09T00:44:57.279+0000] {processor.py:208} INFO - Processing /home/airflow/.local/lib/python3.12/site-packages/airflow/example_dags/example_latest_only_with_trigger.py took 0.024 seconds
[2026-04-09T00:45:28.209+0000] {processor.py:186} INFO - Started process (PID=1781) to work on /home/airflow/.local/lib/python3.12/site-packages/airflow/example_dags/example_latest_only_with_trigger.py
[2026-04-09T00:45:28.210+0000] {processor.py:914} INFO - Processing file /home/airflow/.local/lib/python3.12/site-packages/airflow/example_dags/example_latest_only_with_trigger.py for tasks to queue
[2026-04-09T00:45:28.211+0000] {logging_mixin.py:190} INFO - [2026-04-09T00:45:28.211+0000] {dagbag.py:587} INFO - Filling up the DagBag from /home/airflow/.local/lib/python3.12/site-packages/airflow/example_dags/example_latest_only_with_trigger.py
[2026-04-09T00:45:28.217+0000] {processor.py:925} INFO - DAG(s) 'latest_only_with_trigger' retrieved from /home/airflow/.local/lib/python3.12/site-packages/airflow/example_dags/example_latest_only_with_trigger.py
[2026-04-09T00:45:28.229+0000] {logging_mixin.py:190} INFO - [2026-04-09T00:45:28.228+0000] {dag.py:3211} INFO - Sync 1 DAGs
[2026-04-09T00:45:28.238+0000] {logging_mixin.py:190} INFO - [2026-04-09T00:45:28.238+0000] {dag.py:4138} INFO - Setting next_dagrun for latest_only_with_trigger to 2026-04-08 20:00:00+00:00, run_after=2026-04-09 00:00:00+00:00
[2026-04-09T00:45:28.246+0000] {processor.py:208} INFO - Processing /home/airflow/.local/lib/python3.12/site-packages/airflow/example_dags/example_latest_only_with_trigger.py took 0.039 seconds
[2026-04-09T00:45:59.222+0000] {processor.py:186} INFO - Started process (PID=1845) to work on /home/airflow/.local/lib/python3.12/site-packages/airflow/example_dags/example_latest_only_with_trigger.py
[2026-04-09T00:45:59.223+0000] {processor.py:914} INFO - Processing file /home/airflow/.local/lib/python3.12/site-packages/airflow/example_dags/example_latest_only_with_trigger.py for tasks to queue
[2026-04-09T00:45:59.224+0000] {logging_mixin.py:190} INFO - [2026-04-09T00:45:59.223+0000] {dagbag.py:587} INFO - Filling up the DagBag from /home/airflow/.local/lib/python3.12/site-packages/airflow/example_dags/example_latest_only_with_trigger.py
[2026-04-09T00:45:59.226+0000] {processor.py:925} INFO - DAG(s) 'latest_only_with_trigger' retrieved from /home/airflow/.local/lib/python3.12/site-packages/airflow/example_dags/example_latest_only_with_trigger.py
[2026-04-09T00:45:59.233+0000] {logging_mixin.py:190} INFO - [2026-04-09T00:45:59.233+0000] {dag.py:3211} INFO - Sync 1 DAGs
[2026-04-09T00:45:59.240+0000] {logging_mixin.py:190} INFO - [2026-04-09T00:45:59.240+0000] {dag.py:4138} INFO - Setting next_dagrun for latest_only_with_trigger to 2026-04-08 20:00:00+00:00, run_after=2026-04-09 00:00:00+00:00
[2026-04-09T00:45:59.245+0000] {processor.py:208} INFO - Processing /home/airflow/.local/lib/python3.12/site-packages/airflow/example_dags/example_latest_only_with_trigger.py took 0.024 seconds
