[2026-04-09T00:31:37.502+0000] {processor.py:186} INFO - Started process (PID=71) to work on /home/airflow/.local/lib/python3.12/site-packages/airflow/example_dags/example_xcomargs.py
[2026-04-09T00:31:37.504+0000] {processor.py:914} INFO - Processing file /home/airflow/.local/lib/python3.12/site-packages/airflow/example_dags/example_xcomargs.py for tasks to queue
[2026-04-09T00:31:37.505+0000] {logging_mixin.py:190} INFO - [2026-04-09T00:31:37.505+0000] {dagbag.py:587} INFO - Filling up the DagBag from /home/airflow/.local/lib/python3.12/site-packages/airflow/example_dags/example_xcomargs.py
[2026-04-09T00:31:37.512+0000] {processor.py:925} INFO - DAG(s) 'example_xcom_args', 'example_xcom_args_with_operators' retrieved from /home/airflow/.local/lib/python3.12/site-packages/airflow/example_dags/example_xcomargs.py
[2026-04-09T00:31:37.560+0000] {logging_mixin.py:190} INFO - [2026-04-09T00:31:37.560+0000] {dag.py:3211} INFO - Sync 2 DAGs
[2026-04-09T00:31:37.567+0000] {logging_mixin.py:190} INFO - [2026-04-09T00:31:37.567+0000] {dag.py:4138} INFO - Setting next_dagrun for example_xcom_args to None, run_after=None
[2026-04-09T00:31:37.571+0000] {logging_mixin.py:190} INFO - [2026-04-09T00:31:37.571+0000] {dag.py:4138} INFO - Setting next_dagrun for example_xcom_args_with_operators to None, run_after=None
[2026-04-09T00:31:37.577+0000] {processor.py:208} INFO - Processing /home/airflow/.local/lib/python3.12/site-packages/airflow/example_dags/example_xcomargs.py took 0.077 seconds
[2026-04-09T00:32:07.752+0000] {processor.py:186} INFO - Started process (PID=134) to work on /home/airflow/.local/lib/python3.12/site-packages/airflow/example_dags/example_xcomargs.py
[2026-04-09T00:32:07.753+0000] {processor.py:914} INFO - Processing file /home/airflow/.local/lib/python3.12/site-packages/airflow/example_dags/example_xcomargs.py for tasks to queue
[2026-04-09T00:32:07.754+0000] {logging_mixin.py:190} INFO - [2026-04-09T00:32:07.754+0000] {dagbag.py:587} INFO - Filling up the DagBag from /home/airflow/.local/lib/python3.12/site-packages/airflow/example_dags/example_xcomargs.py
[2026-04-09T00:32:07.759+0000] {processor.py:925} INFO - DAG(s) 'example_xcom_args', 'example_xcom_args_with_operators' retrieved from /home/airflow/.local/lib/python3.12/site-packages/airflow/example_dags/example_xcomargs.py
[2026-04-09T00:32:07.773+0000] {logging_mixin.py:190} INFO - [2026-04-09T00:32:07.773+0000] {dag.py:3211} INFO - Sync 2 DAGs
[2026-04-09T00:32:07.778+0000] {logging_mixin.py:190} INFO - [2026-04-09T00:32:07.778+0000] {dag.py:4138} INFO - Setting next_dagrun for example_xcom_args to None, run_after=None
[2026-04-09T00:32:07.779+0000] {logging_mixin.py:190} INFO - [2026-04-09T00:32:07.779+0000] {dag.py:4138} INFO - Setting next_dagrun for example_xcom_args_with_operators to None, run_after=None
[2026-04-09T00:32:07.785+0000] {processor.py:208} INFO - Processing /home/airflow/.local/lib/python3.12/site-packages/airflow/example_dags/example_xcomargs.py took 0.035 seconds
[2026-04-09T00:32:38.640+0000] {processor.py:186} INFO - Started process (PID=198) to work on /home/airflow/.local/lib/python3.12/site-packages/airflow/example_dags/example_xcomargs.py
[2026-04-09T00:32:38.641+0000] {processor.py:914} INFO - Processing file /home/airflow/.local/lib/python3.12/site-packages/airflow/example_dags/example_xcomargs.py for tasks to queue
[2026-04-09T00:32:38.642+0000] {logging_mixin.py:190} INFO - [2026-04-09T00:32:38.642+0000] {dagbag.py:587} INFO - Filling up the DagBag from /home/airflow/.local/lib/python3.12/site-packages/airflow/example_dags/example_xcomargs.py
[2026-04-09T00:32:38.649+0000] {processor.py:925} INFO - DAG(s) 'example_xcom_args_with_operators', 'example_xcom_args' retrieved from /home/airflow/.local/lib/python3.12/site-packages/airflow/example_dags/example_xcomargs.py
[2026-04-09T00:32:38.662+0000] {logging_mixin.py:190} INFO - [2026-04-09T00:32:38.662+0000] {dag.py:3211} INFO - Sync 2 DAGs
[2026-04-09T00:32:38.670+0000] {logging_mixin.py:190} INFO - [2026-04-09T00:32:38.670+0000] {dag.py:4138} INFO - Setting next_dagrun for example_xcom_args to None, run_after=None
[2026-04-09T00:32:38.672+0000] {logging_mixin.py:190} INFO - [2026-04-09T00:32:38.672+0000] {dag.py:4138} INFO - Setting next_dagrun for example_xcom_args_with_operators to None, run_after=None
[2026-04-09T00:32:38.680+0000] {processor.py:208} INFO - Processing /home/airflow/.local/lib/python3.12/site-packages/airflow/example_dags/example_xcomargs.py took 0.042 seconds
[2026-04-09T00:33:09.464+0000] {processor.py:186} INFO - Started process (PID=262) to work on /home/airflow/.local/lib/python3.12/site-packages/airflow/example_dags/example_xcomargs.py
[2026-04-09T00:33:09.465+0000] {processor.py:914} INFO - Processing file /home/airflow/.local/lib/python3.12/site-packages/airflow/example_dags/example_xcomargs.py for tasks to queue
[2026-04-09T00:33:09.466+0000] {logging_mixin.py:190} INFO - [2026-04-09T00:33:09.465+0000] {dagbag.py:587} INFO - Filling up the DagBag from /home/airflow/.local/lib/python3.12/site-packages/airflow/example_dags/example_xcomargs.py
[2026-04-09T00:33:09.470+0000] {processor.py:925} INFO - DAG(s) 'example_xcom_args', 'example_xcom_args_with_operators' retrieved from /home/airflow/.local/lib/python3.12/site-packages/airflow/example_dags/example_xcomargs.py
[2026-04-09T00:33:09.480+0000] {logging_mixin.py:190} INFO - [2026-04-09T00:33:09.480+0000] {dag.py:3211} INFO - Sync 2 DAGs
[2026-04-09T00:33:09.485+0000] {logging_mixin.py:190} INFO - [2026-04-09T00:33:09.485+0000] {dag.py:4138} INFO - Setting next_dagrun for example_xcom_args to None, run_after=None
[2026-04-09T00:33:09.491+0000] {logging_mixin.py:190} INFO - [2026-04-09T00:33:09.490+0000] {dag.py:4138} INFO - Setting next_dagrun for example_xcom_args_with_operators to None, run_after=None
[2026-04-09T00:33:09.499+0000] {processor.py:208} INFO - Processing /home/airflow/.local/lib/python3.12/site-packages/airflow/example_dags/example_xcomargs.py took 0.037 seconds
[2026-04-09T00:33:40.335+0000] {processor.py:186} INFO - Started process (PID=332) to work on /home/airflow/.local/lib/python3.12/site-packages/airflow/example_dags/example_xcomargs.py
[2026-04-09T00:33:40.336+0000] {processor.py:914} INFO - Processing file /home/airflow/.local/lib/python3.12/site-packages/airflow/example_dags/example_xcomargs.py for tasks to queue
[2026-04-09T00:33:40.338+0000] {logging_mixin.py:190} INFO - [2026-04-09T00:33:40.338+0000] {dagbag.py:587} INFO - Filling up the DagBag from /home/airflow/.local/lib/python3.12/site-packages/airflow/example_dags/example_xcomargs.py
[2026-04-09T00:33:40.342+0000] {processor.py:925} INFO - DAG(s) 'example_xcom_args_with_operators', 'example_xcom_args' retrieved from /home/airflow/.local/lib/python3.12/site-packages/airflow/example_dags/example_xcomargs.py
[2026-04-09T00:33:40.351+0000] {logging_mixin.py:190} INFO - [2026-04-09T00:33:40.351+0000] {dag.py:3211} INFO - Sync 2 DAGs
[2026-04-09T00:33:40.357+0000] {logging_mixin.py:190} INFO - [2026-04-09T00:33:40.357+0000] {dag.py:4138} INFO - Setting next_dagrun for example_xcom_args to None, run_after=None
[2026-04-09T00:33:40.358+0000] {logging_mixin.py:190} INFO - [2026-04-09T00:33:40.358+0000] {dag.py:4138} INFO - Setting next_dagrun for example_xcom_args_with_operators to None, run_after=None
[2026-04-09T00:33:40.366+0000] {processor.py:208} INFO - Processing /home/airflow/.local/lib/python3.12/site-packages/airflow/example_dags/example_xcomargs.py took 0.033 seconds
[2026-04-09T00:34:11.154+0000] {processor.py:186} INFO - Started process (PID=396) to work on /home/airflow/.local/lib/python3.12/site-packages/airflow/example_dags/example_xcomargs.py
[2026-04-09T00:34:11.154+0000] {processor.py:914} INFO - Processing file /home/airflow/.local/lib/python3.12/site-packages/airflow/example_dags/example_xcomargs.py for tasks to queue
[2026-04-09T00:34:11.157+0000] {logging_mixin.py:190} INFO - [2026-04-09T00:34:11.157+0000] {dagbag.py:587} INFO - Filling up the DagBag from /home/airflow/.local/lib/python3.12/site-packages/airflow/example_dags/example_xcomargs.py
[2026-04-09T00:34:11.160+0000] {processor.py:925} INFO - DAG(s) 'example_xcom_args', 'example_xcom_args_with_operators' retrieved from /home/airflow/.local/lib/python3.12/site-packages/airflow/example_dags/example_xcomargs.py
[2026-04-09T00:34:11.171+0000] {logging_mixin.py:190} INFO - [2026-04-09T00:34:11.171+0000] {dag.py:3211} INFO - Sync 2 DAGs
[2026-04-09T00:34:11.182+0000] {logging_mixin.py:190} INFO - [2026-04-09T00:34:11.182+0000] {dag.py:4138} INFO - Setting next_dagrun for example_xcom_args to None, run_after=None
[2026-04-09T00:34:11.190+0000] {logging_mixin.py:190} INFO - [2026-04-09T00:34:11.190+0000] {dag.py:4138} INFO - Setting next_dagrun for example_xcom_args_with_operators to None, run_after=None
[2026-04-09T00:34:11.202+0000] {processor.py:208} INFO - Processing /home/airflow/.local/lib/python3.12/site-packages/airflow/example_dags/example_xcomargs.py took 0.053 seconds
[2026-04-09T00:34:41.949+0000] {processor.py:186} INFO - Started process (PID=460) to work on /home/airflow/.local/lib/python3.12/site-packages/airflow/example_dags/example_xcomargs.py
[2026-04-09T00:34:41.949+0000] {processor.py:914} INFO - Processing file /home/airflow/.local/lib/python3.12/site-packages/airflow/example_dags/example_xcomargs.py for tasks to queue
[2026-04-09T00:34:41.950+0000] {logging_mixin.py:190} INFO - [2026-04-09T00:34:41.950+0000] {dagbag.py:587} INFO - Filling up the DagBag from /home/airflow/.local/lib/python3.12/site-packages/airflow/example_dags/example_xcomargs.py
[2026-04-09T00:34:41.955+0000] {processor.py:925} INFO - DAG(s) 'example_xcom_args_with_operators', 'example_xcom_args' retrieved from /home/airflow/.local/lib/python3.12/site-packages/airflow/example_dags/example_xcomargs.py
[2026-04-09T00:34:41.962+0000] {logging_mixin.py:190} INFO - [2026-04-09T00:34:41.962+0000] {dag.py:3211} INFO - Sync 2 DAGs
[2026-04-09T00:34:41.968+0000] {logging_mixin.py:190} INFO - [2026-04-09T00:34:41.968+0000] {dag.py:4138} INFO - Setting next_dagrun for example_xcom_args to None, run_after=None
[2026-04-09T00:34:41.969+0000] {logging_mixin.py:190} INFO - [2026-04-09T00:34:41.969+0000] {dag.py:4138} INFO - Setting next_dagrun for example_xcom_args_with_operators to None, run_after=None
[2026-04-09T00:34:41.977+0000] {processor.py:208} INFO - Processing /home/airflow/.local/lib/python3.12/site-packages/airflow/example_dags/example_xcomargs.py took 0.030 seconds
[2026-04-09T00:35:12.663+0000] {processor.py:186} INFO - Started process (PID=524) to work on /home/airflow/.local/lib/python3.12/site-packages/airflow/example_dags/example_xcomargs.py
[2026-04-09T00:35:12.663+0000] {processor.py:914} INFO - Processing file /home/airflow/.local/lib/python3.12/site-packages/airflow/example_dags/example_xcomargs.py for tasks to queue
[2026-04-09T00:35:12.664+0000] {logging_mixin.py:190} INFO - [2026-04-09T00:35:12.664+0000] {dagbag.py:587} INFO - Filling up the DagBag from /home/airflow/.local/lib/python3.12/site-packages/airflow/example_dags/example_xcomargs.py
[2026-04-09T00:35:12.669+0000] {processor.py:925} INFO - DAG(s) 'example_xcom_args', 'example_xcom_args_with_operators' retrieved from /home/airflow/.local/lib/python3.12/site-packages/airflow/example_dags/example_xcomargs.py
[2026-04-09T00:35:12.681+0000] {logging_mixin.py:190} INFO - [2026-04-09T00:35:12.681+0000] {dag.py:3211} INFO - Sync 2 DAGs
[2026-04-09T00:35:12.687+0000] {logging_mixin.py:190} INFO - [2026-04-09T00:35:12.687+0000] {dag.py:4138} INFO - Setting next_dagrun for example_xcom_args to None, run_after=None
[2026-04-09T00:35:12.688+0000] {logging_mixin.py:190} INFO - [2026-04-09T00:35:12.688+0000] {dag.py:4138} INFO - Setting next_dagrun for example_xcom_args_with_operators to None, run_after=None
[2026-04-09T00:35:12.697+0000] {processor.py:208} INFO - Processing /home/airflow/.local/lib/python3.12/site-packages/airflow/example_dags/example_xcomargs.py took 0.036 seconds
[2026-04-09T00:35:43.443+0000] {processor.py:186} INFO - Started process (PID=587) to work on /home/airflow/.local/lib/python3.12/site-packages/airflow/example_dags/example_xcomargs.py
[2026-04-09T00:35:43.443+0000] {processor.py:914} INFO - Processing file /home/airflow/.local/lib/python3.12/site-packages/airflow/example_dags/example_xcomargs.py for tasks to queue
[2026-04-09T00:35:43.444+0000] {logging_mixin.py:190} INFO - [2026-04-09T00:35:43.444+0000] {dagbag.py:587} INFO - Filling up the DagBag from /home/airflow/.local/lib/python3.12/site-packages/airflow/example_dags/example_xcomargs.py
[2026-04-09T00:35:43.449+0000] {processor.py:925} INFO - DAG(s) 'example_xcom_args_with_operators', 'example_xcom_args' retrieved from /home/airflow/.local/lib/python3.12/site-packages/airflow/example_dags/example_xcomargs.py
[2026-04-09T00:35:43.462+0000] {logging_mixin.py:190} INFO - [2026-04-09T00:35:43.462+0000] {dag.py:3211} INFO - Sync 2 DAGs
[2026-04-09T00:35:43.471+0000] {logging_mixin.py:190} INFO - [2026-04-09T00:35:43.471+0000] {dag.py:4138} INFO - Setting next_dagrun for example_xcom_args to None, run_after=None
[2026-04-09T00:35:43.474+0000] {logging_mixin.py:190} INFO - [2026-04-09T00:35:43.474+0000] {dag.py:4138} INFO - Setting next_dagrun for example_xcom_args_with_operators to None, run_after=None
[2026-04-09T00:35:43.483+0000] {processor.py:208} INFO - Processing /home/airflow/.local/lib/python3.12/site-packages/airflow/example_dags/example_xcomargs.py took 0.042 seconds
[2026-04-09T00:36:14.230+0000] {processor.py:186} INFO - Started process (PID=651) to work on /home/airflow/.local/lib/python3.12/site-packages/airflow/example_dags/example_xcomargs.py
[2026-04-09T00:36:14.230+0000] {processor.py:914} INFO - Processing file /home/airflow/.local/lib/python3.12/site-packages/airflow/example_dags/example_xcomargs.py for tasks to queue
[2026-04-09T00:36:14.232+0000] {logging_mixin.py:190} INFO - [2026-04-09T00:36:14.231+0000] {dagbag.py:587} INFO - Filling up the DagBag from /home/airflow/.local/lib/python3.12/site-packages/airflow/example_dags/example_xcomargs.py
[2026-04-09T00:36:14.235+0000] {processor.py:925} INFO - DAG(s) 'example_xcom_args', 'example_xcom_args_with_operators' retrieved from /home/airflow/.local/lib/python3.12/site-packages/airflow/example_dags/example_xcomargs.py
[2026-04-09T00:36:14.247+0000] {logging_mixin.py:190} INFO - [2026-04-09T00:36:14.247+0000] {dag.py:3211} INFO - Sync 2 DAGs
[2026-04-09T00:36:14.252+0000] {logging_mixin.py:190} INFO - [2026-04-09T00:36:14.252+0000] {dag.py:4138} INFO - Setting next_dagrun for example_xcom_args to None, run_after=None
[2026-04-09T00:36:14.254+0000] {logging_mixin.py:190} INFO - [2026-04-09T00:36:14.254+0000] {dag.py:4138} INFO - Setting next_dagrun for example_xcom_args_with_operators to None, run_after=None
[2026-04-09T00:36:14.261+0000] {processor.py:208} INFO - Processing /home/airflow/.local/lib/python3.12/site-packages/airflow/example_dags/example_xcomargs.py took 0.034 seconds
[2026-04-09T00:36:45.021+0000] {processor.py:186} INFO - Started process (PID=715) to work on /home/airflow/.local/lib/python3.12/site-packages/airflow/example_dags/example_xcomargs.py
[2026-04-09T00:36:45.021+0000] {processor.py:914} INFO - Processing file /home/airflow/.local/lib/python3.12/site-packages/airflow/example_dags/example_xcomargs.py for tasks to queue
[2026-04-09T00:36:45.023+0000] {logging_mixin.py:190} INFO - [2026-04-09T00:36:45.023+0000] {dagbag.py:587} INFO - Filling up the DagBag from /home/airflow/.local/lib/python3.12/site-packages/airflow/example_dags/example_xcomargs.py
[2026-04-09T00:36:45.029+0000] {processor.py:925} INFO - DAG(s) 'example_xcom_args', 'example_xcom_args_with_operators' retrieved from /home/airflow/.local/lib/python3.12/site-packages/airflow/example_dags/example_xcomargs.py
[2026-04-09T00:36:45.039+0000] {logging_mixin.py:190} INFO - [2026-04-09T00:36:45.039+0000] {dag.py:3211} INFO - Sync 2 DAGs
[2026-04-09T00:36:45.044+0000] {logging_mixin.py:190} INFO - [2026-04-09T00:36:45.044+0000] {dag.py:4138} INFO - Setting next_dagrun for example_xcom_args to None, run_after=None
[2026-04-09T00:36:45.046+0000] {logging_mixin.py:190} INFO - [2026-04-09T00:36:45.045+0000] {dag.py:4138} INFO - Setting next_dagrun for example_xcom_args_with_operators to None, run_after=None
[2026-04-09T00:36:45.054+0000] {processor.py:208} INFO - Processing /home/airflow/.local/lib/python3.12/site-packages/airflow/example_dags/example_xcomargs.py took 0.036 seconds
[2026-04-09T00:37:15.788+0000] {processor.py:186} INFO - Started process (PID=779) to work on /home/airflow/.local/lib/python3.12/site-packages/airflow/example_dags/example_xcomargs.py
[2026-04-09T00:37:15.788+0000] {processor.py:914} INFO - Processing file /home/airflow/.local/lib/python3.12/site-packages/airflow/example_dags/example_xcomargs.py for tasks to queue
[2026-04-09T00:37:15.789+0000] {logging_mixin.py:190} INFO - [2026-04-09T00:37:15.789+0000] {dagbag.py:587} INFO - Filling up the DagBag from /home/airflow/.local/lib/python3.12/site-packages/airflow/example_dags/example_xcomargs.py
[2026-04-09T00:37:15.794+0000] {processor.py:925} INFO - DAG(s) 'example_xcom_args', 'example_xcom_args_with_operators' retrieved from /home/airflow/.local/lib/python3.12/site-packages/airflow/example_dags/example_xcomargs.py
[2026-04-09T00:37:15.803+0000] {logging_mixin.py:190} INFO - [2026-04-09T00:37:15.802+0000] {dag.py:3211} INFO - Sync 2 DAGs
[2026-04-09T00:37:15.808+0000] {logging_mixin.py:190} INFO - [2026-04-09T00:37:15.808+0000] {dag.py:4138} INFO - Setting next_dagrun for example_xcom_args to None, run_after=None
[2026-04-09T00:37:15.811+0000] {logging_mixin.py:190} INFO - [2026-04-09T00:37:15.811+0000] {dag.py:4138} INFO - Setting next_dagrun for example_xcom_args_with_operators to None, run_after=None
[2026-04-09T00:37:15.820+0000] {processor.py:208} INFO - Processing /home/airflow/.local/lib/python3.12/site-packages/airflow/example_dags/example_xcomargs.py took 0.035 seconds
[2026-04-09T00:37:46.530+0000] {processor.py:186} INFO - Started process (PID=843) to work on /home/airflow/.local/lib/python3.12/site-packages/airflow/example_dags/example_xcomargs.py
[2026-04-09T00:37:46.530+0000] {processor.py:914} INFO - Processing file /home/airflow/.local/lib/python3.12/site-packages/airflow/example_dags/example_xcomargs.py for tasks to queue
[2026-04-09T00:37:46.531+0000] {logging_mixin.py:190} INFO - [2026-04-09T00:37:46.531+0000] {dagbag.py:587} INFO - Filling up the DagBag from /home/airflow/.local/lib/python3.12/site-packages/airflow/example_dags/example_xcomargs.py
[2026-04-09T00:37:46.536+0000] {processor.py:925} INFO - DAG(s) 'example_xcom_args_with_operators', 'example_xcom_args' retrieved from /home/airflow/.local/lib/python3.12/site-packages/airflow/example_dags/example_xcomargs.py
[2026-04-09T00:37:46.543+0000] {logging_mixin.py:190} INFO - [2026-04-09T00:37:46.543+0000] {dag.py:3211} INFO - Sync 2 DAGs
[2026-04-09T00:37:46.549+0000] {logging_mixin.py:190} INFO - [2026-04-09T00:37:46.549+0000] {dag.py:4138} INFO - Setting next_dagrun for example_xcom_args to None, run_after=None
[2026-04-09T00:37:46.551+0000] {logging_mixin.py:190} INFO - [2026-04-09T00:37:46.551+0000] {dag.py:4138} INFO - Setting next_dagrun for example_xcom_args_with_operators to None, run_after=None
[2026-04-09T00:37:46.557+0000] {processor.py:208} INFO - Processing /home/airflow/.local/lib/python3.12/site-packages/airflow/example_dags/example_xcomargs.py took 0.030 seconds
[2026-04-09T00:38:17.312+0000] {processor.py:186} INFO - Started process (PID=907) to work on /home/airflow/.local/lib/python3.12/site-packages/airflow/example_dags/example_xcomargs.py
[2026-04-09T00:38:17.313+0000] {processor.py:914} INFO - Processing file /home/airflow/.local/lib/python3.12/site-packages/airflow/example_dags/example_xcomargs.py for tasks to queue
[2026-04-09T00:38:17.314+0000] {logging_mixin.py:190} INFO - [2026-04-09T00:38:17.314+0000] {dagbag.py:587} INFO - Filling up the DagBag from /home/airflow/.local/lib/python3.12/site-packages/airflow/example_dags/example_xcomargs.py
[2026-04-09T00:38:17.318+0000] {processor.py:925} INFO - DAG(s) 'example_xcom_args_with_operators', 'example_xcom_args' retrieved from /home/airflow/.local/lib/python3.12/site-packages/airflow/example_dags/example_xcomargs.py
[2026-04-09T00:38:17.330+0000] {logging_mixin.py:190} INFO - [2026-04-09T00:38:17.330+0000] {dag.py:3211} INFO - Sync 2 DAGs
[2026-04-09T00:38:17.338+0000] {logging_mixin.py:190} INFO - [2026-04-09T00:38:17.338+0000] {dag.py:4138} INFO - Setting next_dagrun for example_xcom_args to None, run_after=None
[2026-04-09T00:38:17.340+0000] {logging_mixin.py:190} INFO - [2026-04-09T00:38:17.340+0000] {dag.py:4138} INFO - Setting next_dagrun for example_xcom_args_with_operators to None, run_after=None
[2026-04-09T00:38:17.347+0000] {processor.py:208} INFO - Processing /home/airflow/.local/lib/python3.12/site-packages/airflow/example_dags/example_xcomargs.py took 0.037 seconds
[2026-04-09T00:38:47.963+0000] {processor.py:186} INFO - Started process (PID=971) to work on /home/airflow/.local/lib/python3.12/site-packages/airflow/example_dags/example_xcomargs.py
[2026-04-09T00:38:47.964+0000] {processor.py:914} INFO - Processing file /home/airflow/.local/lib/python3.12/site-packages/airflow/example_dags/example_xcomargs.py for tasks to queue
[2026-04-09T00:38:47.964+0000] {logging_mixin.py:190} INFO - [2026-04-09T00:38:47.964+0000] {dagbag.py:587} INFO - Filling up the DagBag from /home/airflow/.local/lib/python3.12/site-packages/airflow/example_dags/example_xcomargs.py
[2026-04-09T00:38:47.968+0000] {processor.py:925} INFO - DAG(s) 'example_xcom_args_with_operators', 'example_xcom_args' retrieved from /home/airflow/.local/lib/python3.12/site-packages/airflow/example_dags/example_xcomargs.py
[2026-04-09T00:38:47.982+0000] {logging_mixin.py:190} INFO - [2026-04-09T00:38:47.982+0000] {dag.py:3211} INFO - Sync 2 DAGs
[2026-04-09T00:38:47.987+0000] {logging_mixin.py:190} INFO - [2026-04-09T00:38:47.987+0000] {dag.py:4138} INFO - Setting next_dagrun for example_xcom_args to None, run_after=None
[2026-04-09T00:38:47.990+0000] {logging_mixin.py:190} INFO - [2026-04-09T00:38:47.989+0000] {dag.py:4138} INFO - Setting next_dagrun for example_xcom_args_with_operators to None, run_after=None
[2026-04-09T00:38:48.000+0000] {processor.py:208} INFO - Processing /home/airflow/.local/lib/python3.12/site-packages/airflow/example_dags/example_xcomargs.py took 0.039 seconds
[2026-04-09T00:39:18.771+0000] {processor.py:186} INFO - Started process (PID=1035) to work on /home/airflow/.local/lib/python3.12/site-packages/airflow/example_dags/example_xcomargs.py
[2026-04-09T00:39:18.772+0000] {processor.py:914} INFO - Processing file /home/airflow/.local/lib/python3.12/site-packages/airflow/example_dags/example_xcomargs.py for tasks to queue
[2026-04-09T00:39:18.773+0000] {logging_mixin.py:190} INFO - [2026-04-09T00:39:18.773+0000] {dagbag.py:587} INFO - Filling up the DagBag from /home/airflow/.local/lib/python3.12/site-packages/airflow/example_dags/example_xcomargs.py
[2026-04-09T00:39:18.777+0000] {processor.py:925} INFO - DAG(s) 'example_xcom_args', 'example_xcom_args_with_operators' retrieved from /home/airflow/.local/lib/python3.12/site-packages/airflow/example_dags/example_xcomargs.py
[2026-04-09T00:39:18.789+0000] {logging_mixin.py:190} INFO - [2026-04-09T00:39:18.789+0000] {dag.py:3211} INFO - Sync 2 DAGs
[2026-04-09T00:39:18.795+0000] {logging_mixin.py:190} INFO - [2026-04-09T00:39:18.795+0000] {dag.py:4138} INFO - Setting next_dagrun for example_xcom_args to None, run_after=None
[2026-04-09T00:39:18.797+0000] {logging_mixin.py:190} INFO - [2026-04-09T00:39:18.797+0000] {dag.py:4138} INFO - Setting next_dagrun for example_xcom_args_with_operators to None, run_after=None
[2026-04-09T00:39:18.804+0000] {processor.py:208} INFO - Processing /home/airflow/.local/lib/python3.12/site-packages/airflow/example_dags/example_xcomargs.py took 0.035 seconds
[2026-04-09T00:39:49.549+0000] {processor.py:186} INFO - Started process (PID=1099) to work on /home/airflow/.local/lib/python3.12/site-packages/airflow/example_dags/example_xcomargs.py
[2026-04-09T00:39:49.549+0000] {processor.py:914} INFO - Processing file /home/airflow/.local/lib/python3.12/site-packages/airflow/example_dags/example_xcomargs.py for tasks to queue
[2026-04-09T00:39:49.550+0000] {logging_mixin.py:190} INFO - [2026-04-09T00:39:49.550+0000] {dagbag.py:587} INFO - Filling up the DagBag from /home/airflow/.local/lib/python3.12/site-packages/airflow/example_dags/example_xcomargs.py
[2026-04-09T00:39:49.554+0000] {processor.py:925} INFO - DAG(s) 'example_xcom_args', 'example_xcom_args_with_operators' retrieved from /home/airflow/.local/lib/python3.12/site-packages/airflow/example_dags/example_xcomargs.py
[2026-04-09T00:39:49.564+0000] {logging_mixin.py:190} INFO - [2026-04-09T00:39:49.564+0000] {dag.py:3211} INFO - Sync 2 DAGs
[2026-04-09T00:39:49.569+0000] {logging_mixin.py:190} INFO - [2026-04-09T00:39:49.569+0000] {dag.py:4138} INFO - Setting next_dagrun for example_xcom_args to None, run_after=None
[2026-04-09T00:39:49.573+0000] {logging_mixin.py:190} INFO - [2026-04-09T00:39:49.571+0000] {dag.py:4138} INFO - Setting next_dagrun for example_xcom_args_with_operators to None, run_after=None
[2026-04-09T00:39:49.584+0000] {processor.py:208} INFO - Processing /home/airflow/.local/lib/python3.12/site-packages/airflow/example_dags/example_xcomargs.py took 0.038 seconds
[2026-04-09T00:40:20.329+0000] {processor.py:186} INFO - Started process (PID=1163) to work on /home/airflow/.local/lib/python3.12/site-packages/airflow/example_dags/example_xcomargs.py
[2026-04-09T00:40:20.330+0000] {processor.py:914} INFO - Processing file /home/airflow/.local/lib/python3.12/site-packages/airflow/example_dags/example_xcomargs.py for tasks to queue
[2026-04-09T00:40:20.330+0000] {logging_mixin.py:190} INFO - [2026-04-09T00:40:20.330+0000] {dagbag.py:587} INFO - Filling up the DagBag from /home/airflow/.local/lib/python3.12/site-packages/airflow/example_dags/example_xcomargs.py
[2026-04-09T00:40:20.334+0000] {processor.py:925} INFO - DAG(s) 'example_xcom_args', 'example_xcom_args_with_operators' retrieved from /home/airflow/.local/lib/python3.12/site-packages/airflow/example_dags/example_xcomargs.py
[2026-04-09T00:40:20.344+0000] {logging_mixin.py:190} INFO - [2026-04-09T00:40:20.344+0000] {dag.py:3211} INFO - Sync 2 DAGs
[2026-04-09T00:40:20.350+0000] {logging_mixin.py:190} INFO - [2026-04-09T00:40:20.350+0000] {dag.py:4138} INFO - Setting next_dagrun for example_xcom_args to None, run_after=None
[2026-04-09T00:40:20.351+0000] {logging_mixin.py:190} INFO - [2026-04-09T00:40:20.351+0000] {dag.py:4138} INFO - Setting next_dagrun for example_xcom_args_with_operators to None, run_after=None
[2026-04-09T00:40:20.362+0000] {processor.py:208} INFO - Processing /home/airflow/.local/lib/python3.12/site-packages/airflow/example_dags/example_xcomargs.py took 0.035 seconds
[2026-04-09T00:40:51.112+0000] {processor.py:186} INFO - Started process (PID=1227) to work on /home/airflow/.local/lib/python3.12/site-packages/airflow/example_dags/example_xcomargs.py
[2026-04-09T00:40:51.113+0000] {processor.py:914} INFO - Processing file /home/airflow/.local/lib/python3.12/site-packages/airflow/example_dags/example_xcomargs.py for tasks to queue
[2026-04-09T00:40:51.116+0000] {logging_mixin.py:190} INFO - [2026-04-09T00:40:51.116+0000] {dagbag.py:587} INFO - Filling up the DagBag from /home/airflow/.local/lib/python3.12/site-packages/airflow/example_dags/example_xcomargs.py
[2026-04-09T00:40:51.119+0000] {processor.py:925} INFO - DAG(s) 'example_xcom_args_with_operators', 'example_xcom_args' retrieved from /home/airflow/.local/lib/python3.12/site-packages/airflow/example_dags/example_xcomargs.py
[2026-04-09T00:40:51.128+0000] {logging_mixin.py:190} INFO - [2026-04-09T00:40:51.128+0000] {dag.py:3211} INFO - Sync 2 DAGs
[2026-04-09T00:40:51.134+0000] {logging_mixin.py:190} INFO - [2026-04-09T00:40:51.134+0000] {dag.py:4138} INFO - Setting next_dagrun for example_xcom_args to None, run_after=None
[2026-04-09T00:40:51.135+0000] {logging_mixin.py:190} INFO - [2026-04-09T00:40:51.135+0000] {dag.py:4138} INFO - Setting next_dagrun for example_xcom_args_with_operators to None, run_after=None
[2026-04-09T00:40:51.141+0000] {processor.py:208} INFO - Processing /home/airflow/.local/lib/python3.12/site-packages/airflow/example_dags/example_xcomargs.py took 0.031 seconds
[2026-04-09T00:41:21.912+0000] {processor.py:186} INFO - Started process (PID=1291) to work on /home/airflow/.local/lib/python3.12/site-packages/airflow/example_dags/example_xcomargs.py
[2026-04-09T00:41:21.913+0000] {processor.py:914} INFO - Processing file /home/airflow/.local/lib/python3.12/site-packages/airflow/example_dags/example_xcomargs.py for tasks to queue
[2026-04-09T00:41:21.914+0000] {logging_mixin.py:190} INFO - [2026-04-09T00:41:21.914+0000] {dagbag.py:587} INFO - Filling up the DagBag from /home/airflow/.local/lib/python3.12/site-packages/airflow/example_dags/example_xcomargs.py
[2026-04-09T00:41:21.919+0000] {processor.py:925} INFO - DAG(s) 'example_xcom_args', 'example_xcom_args_with_operators' retrieved from /home/airflow/.local/lib/python3.12/site-packages/airflow/example_dags/example_xcomargs.py
[2026-04-09T00:41:21.930+0000] {logging_mixin.py:190} INFO - [2026-04-09T00:41:21.930+0000] {dag.py:3211} INFO - Sync 2 DAGs
[2026-04-09T00:41:21.936+0000] {logging_mixin.py:190} INFO - [2026-04-09T00:41:21.936+0000] {dag.py:4138} INFO - Setting next_dagrun for example_xcom_args to None, run_after=None
[2026-04-09T00:41:21.938+0000] {logging_mixin.py:190} INFO - [2026-04-09T00:41:21.938+0000] {dag.py:4138} INFO - Setting next_dagrun for example_xcom_args_with_operators to None, run_after=None
[2026-04-09T00:41:21.945+0000] {processor.py:208} INFO - Processing /home/airflow/.local/lib/python3.12/site-packages/airflow/example_dags/example_xcomargs.py took 0.036 seconds
[2026-04-09T00:41:52.817+0000] {processor.py:186} INFO - Started process (PID=1355) to work on /home/airflow/.local/lib/python3.12/site-packages/airflow/example_dags/example_xcomargs.py
[2026-04-09T00:41:52.819+0000] {processor.py:914} INFO - Processing file /home/airflow/.local/lib/python3.12/site-packages/airflow/example_dags/example_xcomargs.py for tasks to queue
[2026-04-09T00:41:52.822+0000] {logging_mixin.py:190} INFO - [2026-04-09T00:41:52.822+0000] {dagbag.py:587} INFO - Filling up the DagBag from /home/airflow/.local/lib/python3.12/site-packages/airflow/example_dags/example_xcomargs.py
[2026-04-09T00:41:52.832+0000] {processor.py:925} INFO - DAG(s) 'example_xcom_args', 'example_xcom_args_with_operators' retrieved from /home/airflow/.local/lib/python3.12/site-packages/airflow/example_dags/example_xcomargs.py
[2026-04-09T00:41:52.846+0000] {logging_mixin.py:190} INFO - [2026-04-09T00:41:52.846+0000] {dag.py:3211} INFO - Sync 2 DAGs
[2026-04-09T00:41:52.852+0000] {logging_mixin.py:190} INFO - [2026-04-09T00:41:52.851+0000] {dag.py:4138} INFO - Setting next_dagrun for example_xcom_args to None, run_after=None
[2026-04-09T00:41:52.855+0000] {logging_mixin.py:190} INFO - [2026-04-09T00:41:52.854+0000] {dag.py:4138} INFO - Setting next_dagrun for example_xcom_args_with_operators to None, run_after=None
[2026-04-09T00:41:52.861+0000] {processor.py:208} INFO - Processing /home/airflow/.local/lib/python3.12/site-packages/airflow/example_dags/example_xcomargs.py took 0.052 seconds
[2026-04-09T00:42:23.933+0000] {processor.py:186} INFO - Started process (PID=1419) to work on /home/airflow/.local/lib/python3.12/site-packages/airflow/example_dags/example_xcomargs.py
[2026-04-09T00:42:23.934+0000] {processor.py:914} INFO - Processing file /home/airflow/.local/lib/python3.12/site-packages/airflow/example_dags/example_xcomargs.py for tasks to queue
[2026-04-09T00:42:23.935+0000] {logging_mixin.py:190} INFO - [2026-04-09T00:42:23.934+0000] {dagbag.py:587} INFO - Filling up the DagBag from /home/airflow/.local/lib/python3.12/site-packages/airflow/example_dags/example_xcomargs.py
[2026-04-09T00:42:23.939+0000] {processor.py:925} INFO - DAG(s) 'example_xcom_args', 'example_xcom_args_with_operators' retrieved from /home/airflow/.local/lib/python3.12/site-packages/airflow/example_dags/example_xcomargs.py
[2026-04-09T00:42:23.949+0000] {logging_mixin.py:190} INFO - [2026-04-09T00:42:23.949+0000] {dag.py:3211} INFO - Sync 2 DAGs
[2026-04-09T00:42:23.954+0000] {logging_mixin.py:190} INFO - [2026-04-09T00:42:23.954+0000] {dag.py:4138} INFO - Setting next_dagrun for example_xcom_args to None, run_after=None
[2026-04-09T00:42:23.957+0000] {logging_mixin.py:190} INFO - [2026-04-09T00:42:23.957+0000] {dag.py:4138} INFO - Setting next_dagrun for example_xcom_args_with_operators to None, run_after=None
[2026-04-09T00:42:23.970+0000] {processor.py:208} INFO - Processing /home/airflow/.local/lib/python3.12/site-packages/airflow/example_dags/example_xcomargs.py took 0.039 seconds
[2026-04-09T00:42:54.702+0000] {processor.py:186} INFO - Started process (PID=1483) to work on /home/airflow/.local/lib/python3.12/site-packages/airflow/example_dags/example_xcomargs.py
[2026-04-09T00:42:54.702+0000] {processor.py:914} INFO - Processing file /home/airflow/.local/lib/python3.12/site-packages/airflow/example_dags/example_xcomargs.py for tasks to queue
[2026-04-09T00:42:54.705+0000] {logging_mixin.py:190} INFO - [2026-04-09T00:42:54.705+0000] {dagbag.py:587} INFO - Filling up the DagBag from /home/airflow/.local/lib/python3.12/site-packages/airflow/example_dags/example_xcomargs.py
[2026-04-09T00:42:54.710+0000] {processor.py:925} INFO - DAG(s) 'example_xcom_args', 'example_xcom_args_with_operators' retrieved from /home/airflow/.local/lib/python3.12/site-packages/airflow/example_dags/example_xcomargs.py
[2026-04-09T00:42:54.724+0000] {logging_mixin.py:190} INFO - [2026-04-09T00:42:54.724+0000] {dag.py:3211} INFO - Sync 2 DAGs
[2026-04-09T00:42:54.729+0000] {logging_mixin.py:190} INFO - [2026-04-09T00:42:54.729+0000] {dag.py:4138} INFO - Setting next_dagrun for example_xcom_args to None, run_after=None
[2026-04-09T00:42:54.731+0000] {logging_mixin.py:190} INFO - [2026-04-09T00:42:54.731+0000] {dag.py:4138} INFO - Setting next_dagrun for example_xcom_args_with_operators to None, run_after=None
[2026-04-09T00:42:54.739+0000] {processor.py:208} INFO - Processing /home/airflow/.local/lib/python3.12/site-packages/airflow/example_dags/example_xcomargs.py took 0.040 seconds
[2026-04-09T00:43:25.485+0000] {processor.py:186} INFO - Started process (PID=1547) to work on /home/airflow/.local/lib/python3.12/site-packages/airflow/example_dags/example_xcomargs.py
[2026-04-09T00:43:25.486+0000] {processor.py:914} INFO - Processing file /home/airflow/.local/lib/python3.12/site-packages/airflow/example_dags/example_xcomargs.py for tasks to queue
[2026-04-09T00:43:25.486+0000] {logging_mixin.py:190} INFO - [2026-04-09T00:43:25.486+0000] {dagbag.py:587} INFO - Filling up the DagBag from /home/airflow/.local/lib/python3.12/site-packages/airflow/example_dags/example_xcomargs.py
[2026-04-09T00:43:25.494+0000] {processor.py:925} INFO - DAG(s) 'example_xcom_args_with_operators', 'example_xcom_args' retrieved from /home/airflow/.local/lib/python3.12/site-packages/airflow/example_dags/example_xcomargs.py
[2026-04-09T00:43:25.504+0000] {logging_mixin.py:190} INFO - [2026-04-09T00:43:25.504+0000] {dag.py:3211} INFO - Sync 2 DAGs
[2026-04-09T00:43:25.510+0000] {logging_mixin.py:190} INFO - [2026-04-09T00:43:25.510+0000] {dag.py:4138} INFO - Setting next_dagrun for example_xcom_args to None, run_after=None
[2026-04-09T00:43:25.513+0000] {logging_mixin.py:190} INFO - [2026-04-09T00:43:25.512+0000] {dag.py:4138} INFO - Setting next_dagrun for example_xcom_args_with_operators to None, run_after=None
[2026-04-09T00:43:25.521+0000] {processor.py:208} INFO - Processing /home/airflow/.local/lib/python3.12/site-packages/airflow/example_dags/example_xcomargs.py took 0.038 seconds
[2026-04-09T00:43:56.246+0000] {processor.py:186} INFO - Started process (PID=1611) to work on /home/airflow/.local/lib/python3.12/site-packages/airflow/example_dags/example_xcomargs.py
[2026-04-09T00:43:56.246+0000] {processor.py:914} INFO - Processing file /home/airflow/.local/lib/python3.12/site-packages/airflow/example_dags/example_xcomargs.py for tasks to queue
[2026-04-09T00:43:56.248+0000] {logging_mixin.py:190} INFO - [2026-04-09T00:43:56.248+0000] {dagbag.py:587} INFO - Filling up the DagBag from /home/airflow/.local/lib/python3.12/site-packages/airflow/example_dags/example_xcomargs.py
[2026-04-09T00:43:56.252+0000] {processor.py:925} INFO - DAG(s) 'example_xcom_args_with_operators', 'example_xcom_args' retrieved from /home/airflow/.local/lib/python3.12/site-packages/airflow/example_dags/example_xcomargs.py
[2026-04-09T00:43:56.261+0000] {logging_mixin.py:190} INFO - [2026-04-09T00:43:56.261+0000] {dag.py:3211} INFO - Sync 2 DAGs
[2026-04-09T00:43:56.266+0000] {logging_mixin.py:190} INFO - [2026-04-09T00:43:56.266+0000] {dag.py:4138} INFO - Setting next_dagrun for example_xcom_args to None, run_after=None
[2026-04-09T00:43:56.267+0000] {logging_mixin.py:190} INFO - [2026-04-09T00:43:56.267+0000] {dag.py:4138} INFO - Setting next_dagrun for example_xcom_args_with_operators to None, run_after=None
[2026-04-09T00:43:56.276+0000] {processor.py:208} INFO - Processing /home/airflow/.local/lib/python3.12/site-packages/airflow/example_dags/example_xcomargs.py took 0.033 seconds
[2026-04-09T00:44:27.053+0000] {processor.py:186} INFO - Started process (PID=1675) to work on /home/airflow/.local/lib/python3.12/site-packages/airflow/example_dags/example_xcomargs.py
[2026-04-09T00:44:27.054+0000] {processor.py:914} INFO - Processing file /home/airflow/.local/lib/python3.12/site-packages/airflow/example_dags/example_xcomargs.py for tasks to queue
[2026-04-09T00:44:27.056+0000] {logging_mixin.py:190} INFO - [2026-04-09T00:44:27.055+0000] {dagbag.py:587} INFO - Filling up the DagBag from /home/airflow/.local/lib/python3.12/site-packages/airflow/example_dags/example_xcomargs.py
[2026-04-09T00:44:27.064+0000] {processor.py:925} INFO - DAG(s) 'example_xcom_args', 'example_xcom_args_with_operators' retrieved from /home/airflow/.local/lib/python3.12/site-packages/airflow/example_dags/example_xcomargs.py
[2026-04-09T00:44:27.076+0000] {logging_mixin.py:190} INFO - [2026-04-09T00:44:27.075+0000] {dag.py:3211} INFO - Sync 2 DAGs
[2026-04-09T00:44:27.081+0000] {logging_mixin.py:190} INFO - [2026-04-09T00:44:27.081+0000] {dag.py:4138} INFO - Setting next_dagrun for example_xcom_args to None, run_after=None
[2026-04-09T00:44:27.082+0000] {logging_mixin.py:190} INFO - [2026-04-09T00:44:27.082+0000] {dag.py:4138} INFO - Setting next_dagrun for example_xcom_args_with_operators to None, run_after=None
[2026-04-09T00:44:27.089+0000] {processor.py:208} INFO - Processing /home/airflow/.local/lib/python3.12/site-packages/airflow/example_dags/example_xcomargs.py took 0.038 seconds
[2026-04-09T00:44:57.904+0000] {processor.py:186} INFO - Started process (PID=1739) to work on /home/airflow/.local/lib/python3.12/site-packages/airflow/example_dags/example_xcomargs.py
[2026-04-09T00:44:57.904+0000] {processor.py:914} INFO - Processing file /home/airflow/.local/lib/python3.12/site-packages/airflow/example_dags/example_xcomargs.py for tasks to queue
[2026-04-09T00:44:57.905+0000] {logging_mixin.py:190} INFO - [2026-04-09T00:44:57.905+0000] {dagbag.py:587} INFO - Filling up the DagBag from /home/airflow/.local/lib/python3.12/site-packages/airflow/example_dags/example_xcomargs.py
[2026-04-09T00:44:57.909+0000] {processor.py:925} INFO - DAG(s) 'example_xcom_args', 'example_xcom_args_with_operators' retrieved from /home/airflow/.local/lib/python3.12/site-packages/airflow/example_dags/example_xcomargs.py
[2026-04-09T00:44:57.918+0000] {logging_mixin.py:190} INFO - [2026-04-09T00:44:57.918+0000] {dag.py:3211} INFO - Sync 2 DAGs
[2026-04-09T00:44:57.923+0000] {logging_mixin.py:190} INFO - [2026-04-09T00:44:57.923+0000] {dag.py:4138} INFO - Setting next_dagrun for example_xcom_args to None, run_after=None
[2026-04-09T00:44:57.925+0000] {logging_mixin.py:190} INFO - [2026-04-09T00:44:57.925+0000] {dag.py:4138} INFO - Setting next_dagrun for example_xcom_args_with_operators to None, run_after=None
[2026-04-09T00:44:57.930+0000] {processor.py:208} INFO - Processing /home/airflow/.local/lib/python3.12/site-packages/airflow/example_dags/example_xcomargs.py took 0.028 seconds
[2026-04-09T00:45:28.773+0000] {processor.py:186} INFO - Started process (PID=1801) to work on /home/airflow/.local/lib/python3.12/site-packages/airflow/example_dags/example_xcomargs.py
[2026-04-09T00:45:28.773+0000] {processor.py:914} INFO - Processing file /home/airflow/.local/lib/python3.12/site-packages/airflow/example_dags/example_xcomargs.py for tasks to queue
[2026-04-09T00:45:28.774+0000] {logging_mixin.py:190} INFO - [2026-04-09T00:45:28.774+0000] {dagbag.py:587} INFO - Filling up the DagBag from /home/airflow/.local/lib/python3.12/site-packages/airflow/example_dags/example_xcomargs.py
[2026-04-09T00:45:28.777+0000] {processor.py:925} INFO - DAG(s) 'example_xcom_args_with_operators', 'example_xcom_args' retrieved from /home/airflow/.local/lib/python3.12/site-packages/airflow/example_dags/example_xcomargs.py
[2026-04-09T00:45:28.787+0000] {logging_mixin.py:190} INFO - [2026-04-09T00:45:28.787+0000] {dag.py:3211} INFO - Sync 2 DAGs
[2026-04-09T00:45:28.791+0000] {logging_mixin.py:190} INFO - [2026-04-09T00:45:28.791+0000] {dag.py:4138} INFO - Setting next_dagrun for example_xcom_args to None, run_after=None
[2026-04-09T00:45:28.792+0000] {logging_mixin.py:190} INFO - [2026-04-09T00:45:28.792+0000] {dag.py:4138} INFO - Setting next_dagrun for example_xcom_args_with_operators to None, run_after=None
[2026-04-09T00:45:28.797+0000] {processor.py:208} INFO - Processing /home/airflow/.local/lib/python3.12/site-packages/airflow/example_dags/example_xcomargs.py took 0.027 seconds
[2026-04-09T00:45:59.785+0000] {processor.py:186} INFO - Started process (PID=1865) to work on /home/airflow/.local/lib/python3.12/site-packages/airflow/example_dags/example_xcomargs.py
[2026-04-09T00:45:59.786+0000] {processor.py:914} INFO - Processing file /home/airflow/.local/lib/python3.12/site-packages/airflow/example_dags/example_xcomargs.py for tasks to queue
[2026-04-09T00:45:59.787+0000] {logging_mixin.py:190} INFO - [2026-04-09T00:45:59.787+0000] {dagbag.py:587} INFO - Filling up the DagBag from /home/airflow/.local/lib/python3.12/site-packages/airflow/example_dags/example_xcomargs.py
[2026-04-09T00:45:59.791+0000] {processor.py:925} INFO - DAG(s) 'example_xcom_args', 'example_xcom_args_with_operators' retrieved from /home/airflow/.local/lib/python3.12/site-packages/airflow/example_dags/example_xcomargs.py
[2026-04-09T00:45:59.800+0000] {logging_mixin.py:190} INFO - [2026-04-09T00:45:59.800+0000] {dag.py:3211} INFO - Sync 2 DAGs
[2026-04-09T00:45:59.806+0000] {logging_mixin.py:190} INFO - [2026-04-09T00:45:59.806+0000] {dag.py:4138} INFO - Setting next_dagrun for example_xcom_args to None, run_after=None
[2026-04-09T00:45:59.810+0000] {logging_mixin.py:190} INFO - [2026-04-09T00:45:59.810+0000] {dag.py:4138} INFO - Setting next_dagrun for example_xcom_args_with_operators to None, run_after=None
[2026-04-09T00:45:59.819+0000] {processor.py:208} INFO - Processing /home/airflow/.local/lib/python3.12/site-packages/airflow/example_dags/example_xcomargs.py took 0.036 seconds
