[2026-04-09T00:31:36.653+0000] {processor.py:186} INFO - Started process (PID=56) to work on /home/airflow/.local/lib/python3.12/site-packages/airflow/example_dags/example_dag_decorator.py
[2026-04-09T00:31:36.654+0000] {processor.py:914} INFO - Processing file /home/airflow/.local/lib/python3.12/site-packages/airflow/example_dags/example_dag_decorator.py for tasks to queue
[2026-04-09T00:31:36.655+0000] {logging_mixin.py:190} INFO - [2026-04-09T00:31:36.655+0000] {dagbag.py:587} INFO - Filling up the DagBag from /home/airflow/.local/lib/python3.12/site-packages/airflow/example_dags/example_dag_decorator.py
[2026-04-09T00:31:36.661+0000] {processor.py:925} INFO - DAG(s) 'example_dag_decorator' retrieved from /home/airflow/.local/lib/python3.12/site-packages/airflow/example_dags/example_dag_decorator.py
[2026-04-09T00:31:36.700+0000] {logging_mixin.py:190} INFO - [2026-04-09T00:31:36.700+0000] {dag.py:3211} INFO - Sync 1 DAGs
[2026-04-09T00:31:36.705+0000] {logging_mixin.py:190} INFO - [2026-04-09T00:31:36.705+0000] {dag.py:4138} INFO - Setting next_dagrun for example_dag_decorator to None, run_after=None
[2026-04-09T00:31:36.714+0000] {processor.py:208} INFO - Processing /home/airflow/.local/lib/python3.12/site-packages/airflow/example_dags/example_dag_decorator.py took 0.063 seconds
[2026-04-09T00:32:07.228+0000] {processor.py:186} INFO - Started process (PID=119) to work on /home/airflow/.local/lib/python3.12/site-packages/airflow/example_dags/example_dag_decorator.py
[2026-04-09T00:32:07.230+0000] {processor.py:914} INFO - Processing file /home/airflow/.local/lib/python3.12/site-packages/airflow/example_dags/example_dag_decorator.py for tasks to queue
[2026-04-09T00:32:07.230+0000] {logging_mixin.py:190} INFO - [2026-04-09T00:32:07.230+0000] {dagbag.py:587} INFO - Filling up the DagBag from /home/airflow/.local/lib/python3.12/site-packages/airflow/example_dags/example_dag_decorator.py
[2026-04-09T00:32:07.239+0000] {processor.py:925} INFO - DAG(s) 'example_dag_decorator' retrieved from /home/airflow/.local/lib/python3.12/site-packages/airflow/example_dags/example_dag_decorator.py
[2026-04-09T00:32:07.289+0000] {logging_mixin.py:190} INFO - [2026-04-09T00:32:07.289+0000] {dag.py:3211} INFO - Sync 1 DAGs
[2026-04-09T00:32:07.295+0000] {logging_mixin.py:190} INFO - [2026-04-09T00:32:07.295+0000] {dag.py:4138} INFO - Setting next_dagrun for example_dag_decorator to None, run_after=None
[2026-04-09T00:32:07.308+0000] {processor.py:208} INFO - Processing /home/airflow/.local/lib/python3.12/site-packages/airflow/example_dags/example_dag_decorator.py took 0.083 seconds
[2026-04-09T00:32:38.137+0000] {processor.py:186} INFO - Started process (PID=183) to work on /home/airflow/.local/lib/python3.12/site-packages/airflow/example_dags/example_dag_decorator.py
[2026-04-09T00:32:38.137+0000] {processor.py:914} INFO - Processing file /home/airflow/.local/lib/python3.12/site-packages/airflow/example_dags/example_dag_decorator.py for tasks to queue
[2026-04-09T00:32:38.138+0000] {logging_mixin.py:190} INFO - [2026-04-09T00:32:38.138+0000] {dagbag.py:587} INFO - Filling up the DagBag from /home/airflow/.local/lib/python3.12/site-packages/airflow/example_dags/example_dag_decorator.py
[2026-04-09T00:32:38.144+0000] {processor.py:925} INFO - DAG(s) 'example_dag_decorator' retrieved from /home/airflow/.local/lib/python3.12/site-packages/airflow/example_dags/example_dag_decorator.py
[2026-04-09T00:32:38.161+0000] {logging_mixin.py:190} INFO - [2026-04-09T00:32:38.160+0000] {dag.py:3211} INFO - Sync 1 DAGs
[2026-04-09T00:32:38.165+0000] {logging_mixin.py:190} INFO - [2026-04-09T00:32:38.165+0000] {dag.py:4138} INFO - Setting next_dagrun for example_dag_decorator to None, run_after=None
[2026-04-09T00:32:38.172+0000] {processor.py:208} INFO - Processing /home/airflow/.local/lib/python3.12/site-packages/airflow/example_dags/example_dag_decorator.py took 0.038 seconds
[2026-04-09T00:33:09.031+0000] {processor.py:186} INFO - Started process (PID=247) to work on /home/airflow/.local/lib/python3.12/site-packages/airflow/example_dags/example_dag_decorator.py
[2026-04-09T00:33:09.032+0000] {processor.py:914} INFO - Processing file /home/airflow/.local/lib/python3.12/site-packages/airflow/example_dags/example_dag_decorator.py for tasks to queue
[2026-04-09T00:33:09.033+0000] {logging_mixin.py:190} INFO - [2026-04-09T00:33:09.032+0000] {dagbag.py:587} INFO - Filling up the DagBag from /home/airflow/.local/lib/python3.12/site-packages/airflow/example_dags/example_dag_decorator.py
[2026-04-09T00:33:09.039+0000] {processor.py:925} INFO - DAG(s) 'example_dag_decorator' retrieved from /home/airflow/.local/lib/python3.12/site-packages/airflow/example_dags/example_dag_decorator.py
[2026-04-09T00:33:09.051+0000] {logging_mixin.py:190} INFO - [2026-04-09T00:33:09.051+0000] {dag.py:3211} INFO - Sync 1 DAGs
[2026-04-09T00:33:09.056+0000] {logging_mixin.py:190} INFO - [2026-04-09T00:33:09.056+0000] {dag.py:4138} INFO - Setting next_dagrun for example_dag_decorator to None, run_after=None
[2026-04-09T00:33:09.067+0000] {processor.py:208} INFO - Processing /home/airflow/.local/lib/python3.12/site-packages/airflow/example_dags/example_dag_decorator.py took 0.039 seconds
[2026-04-09T00:33:39.826+0000] {processor.py:186} INFO - Started process (PID=311) to work on /home/airflow/.local/lib/python3.12/site-packages/airflow/example_dags/example_dag_decorator.py
[2026-04-09T00:33:39.826+0000] {processor.py:914} INFO - Processing file /home/airflow/.local/lib/python3.12/site-packages/airflow/example_dags/example_dag_decorator.py for tasks to queue
[2026-04-09T00:33:39.827+0000] {logging_mixin.py:190} INFO - [2026-04-09T00:33:39.827+0000] {dagbag.py:587} INFO - Filling up the DagBag from /home/airflow/.local/lib/python3.12/site-packages/airflow/example_dags/example_dag_decorator.py
[2026-04-09T00:33:39.831+0000] {processor.py:925} INFO - DAG(s) 'example_dag_decorator' retrieved from /home/airflow/.local/lib/python3.12/site-packages/airflow/example_dags/example_dag_decorator.py
[2026-04-09T00:33:39.864+0000] {logging_mixin.py:190} INFO - [2026-04-09T00:33:39.864+0000] {dag.py:3211} INFO - Sync 1 DAGs
[2026-04-09T00:33:39.867+0000] {logging_mixin.py:190} INFO - [2026-04-09T00:33:39.867+0000] {dag.py:4138} INFO - Setting next_dagrun for example_dag_decorator to None, run_after=None
[2026-04-09T00:33:39.873+0000] {processor.py:208} INFO - Processing /home/airflow/.local/lib/python3.12/site-packages/airflow/example_dags/example_dag_decorator.py took 0.049 seconds
[2026-04-09T00:34:10.661+0000] {processor.py:186} INFO - Started process (PID=381) to work on /home/airflow/.local/lib/python3.12/site-packages/airflow/example_dags/example_dag_decorator.py
[2026-04-09T00:34:10.662+0000] {processor.py:914} INFO - Processing file /home/airflow/.local/lib/python3.12/site-packages/airflow/example_dags/example_dag_decorator.py for tasks to queue
[2026-04-09T00:34:10.662+0000] {logging_mixin.py:190} INFO - [2026-04-09T00:34:10.662+0000] {dagbag.py:587} INFO - Filling up the DagBag from /home/airflow/.local/lib/python3.12/site-packages/airflow/example_dags/example_dag_decorator.py
[2026-04-09T00:34:10.669+0000] {processor.py:925} INFO - DAG(s) 'example_dag_decorator' retrieved from /home/airflow/.local/lib/python3.12/site-packages/airflow/example_dags/example_dag_decorator.py
[2026-04-09T00:34:10.705+0000] {logging_mixin.py:190} INFO - [2026-04-09T00:34:10.705+0000] {dag.py:3211} INFO - Sync 1 DAGs
[2026-04-09T00:34:10.710+0000] {logging_mixin.py:190} INFO - [2026-04-09T00:34:10.710+0000] {dag.py:4138} INFO - Setting next_dagrun for example_dag_decorator to None, run_after=None
[2026-04-09T00:34:10.717+0000] {processor.py:208} INFO - Processing /home/airflow/.local/lib/python3.12/site-packages/airflow/example_dags/example_dag_decorator.py took 0.058 seconds
[2026-04-09T00:34:41.517+0000] {processor.py:186} INFO - Started process (PID=445) to work on /home/airflow/.local/lib/python3.12/site-packages/airflow/example_dags/example_dag_decorator.py
[2026-04-09T00:34:41.518+0000] {processor.py:914} INFO - Processing file /home/airflow/.local/lib/python3.12/site-packages/airflow/example_dags/example_dag_decorator.py for tasks to queue
[2026-04-09T00:34:41.519+0000] {logging_mixin.py:190} INFO - [2026-04-09T00:34:41.518+0000] {dagbag.py:587} INFO - Filling up the DagBag from /home/airflow/.local/lib/python3.12/site-packages/airflow/example_dags/example_dag_decorator.py
[2026-04-09T00:34:41.523+0000] {processor.py:925} INFO - DAG(s) 'example_dag_decorator' retrieved from /home/airflow/.local/lib/python3.12/site-packages/airflow/example_dags/example_dag_decorator.py
[2026-04-09T00:34:41.560+0000] {logging_mixin.py:190} INFO - [2026-04-09T00:34:41.559+0000] {dag.py:3211} INFO - Sync 1 DAGs
[2026-04-09T00:34:41.563+0000] {logging_mixin.py:190} INFO - [2026-04-09T00:34:41.563+0000] {dag.py:4138} INFO - Setting next_dagrun for example_dag_decorator to None, run_after=None
[2026-04-09T00:34:41.568+0000] {processor.py:208} INFO - Processing /home/airflow/.local/lib/python3.12/site-packages/airflow/example_dags/example_dag_decorator.py took 0.053 seconds
[2026-04-09T00:35:12.252+0000] {processor.py:186} INFO - Started process (PID=509) to work on /home/airflow/.local/lib/python3.12/site-packages/airflow/example_dags/example_dag_decorator.py
[2026-04-09T00:35:12.253+0000] {processor.py:914} INFO - Processing file /home/airflow/.local/lib/python3.12/site-packages/airflow/example_dags/example_dag_decorator.py for tasks to queue
[2026-04-09T00:35:12.254+0000] {logging_mixin.py:190} INFO - [2026-04-09T00:35:12.253+0000] {dagbag.py:587} INFO - Filling up the DagBag from /home/airflow/.local/lib/python3.12/site-packages/airflow/example_dags/example_dag_decorator.py
[2026-04-09T00:35:12.258+0000] {processor.py:925} INFO - DAG(s) 'example_dag_decorator' retrieved from /home/airflow/.local/lib/python3.12/site-packages/airflow/example_dags/example_dag_decorator.py
[2026-04-09T00:35:12.267+0000] {logging_mixin.py:190} INFO - [2026-04-09T00:35:12.267+0000] {dag.py:3211} INFO - Sync 1 DAGs
[2026-04-09T00:35:12.272+0000] {logging_mixin.py:190} INFO - [2026-04-09T00:35:12.272+0000] {dag.py:4138} INFO - Setting next_dagrun for example_dag_decorator to None, run_after=None
[2026-04-09T00:35:12.278+0000] {processor.py:208} INFO - Processing /home/airflow/.local/lib/python3.12/site-packages/airflow/example_dags/example_dag_decorator.py took 0.028 seconds
[2026-04-09T00:35:42.978+0000] {processor.py:186} INFO - Started process (PID=572) to work on /home/airflow/.local/lib/python3.12/site-packages/airflow/example_dags/example_dag_decorator.py
[2026-04-09T00:35:42.978+0000] {processor.py:914} INFO - Processing file /home/airflow/.local/lib/python3.12/site-packages/airflow/example_dags/example_dag_decorator.py for tasks to queue
[2026-04-09T00:35:42.979+0000] {logging_mixin.py:190} INFO - [2026-04-09T00:35:42.979+0000] {dagbag.py:587} INFO - Filling up the DagBag from /home/airflow/.local/lib/python3.12/site-packages/airflow/example_dags/example_dag_decorator.py
[2026-04-09T00:35:42.984+0000] {processor.py:925} INFO - DAG(s) 'example_dag_decorator' retrieved from /home/airflow/.local/lib/python3.12/site-packages/airflow/example_dags/example_dag_decorator.py
[2026-04-09T00:35:43.022+0000] {logging_mixin.py:190} INFO - [2026-04-09T00:35:43.022+0000] {dag.py:3211} INFO - Sync 1 DAGs
[2026-04-09T00:35:43.026+0000] {logging_mixin.py:190} INFO - [2026-04-09T00:35:43.026+0000] {dag.py:4138} INFO - Setting next_dagrun for example_dag_decorator to None, run_after=None
[2026-04-09T00:35:43.032+0000] {processor.py:208} INFO - Processing /home/airflow/.local/lib/python3.12/site-packages/airflow/example_dags/example_dag_decorator.py took 0.056 seconds
[2026-04-09T00:36:13.771+0000] {processor.py:186} INFO - Started process (PID=636) to work on /home/airflow/.local/lib/python3.12/site-packages/airflow/example_dags/example_dag_decorator.py
[2026-04-09T00:36:13.772+0000] {processor.py:914} INFO - Processing file /home/airflow/.local/lib/python3.12/site-packages/airflow/example_dags/example_dag_decorator.py for tasks to queue
[2026-04-09T00:36:13.773+0000] {logging_mixin.py:190} INFO - [2026-04-09T00:36:13.773+0000] {dagbag.py:587} INFO - Filling up the DagBag from /home/airflow/.local/lib/python3.12/site-packages/airflow/example_dags/example_dag_decorator.py
[2026-04-09T00:36:13.778+0000] {processor.py:925} INFO - DAG(s) 'example_dag_decorator' retrieved from /home/airflow/.local/lib/python3.12/site-packages/airflow/example_dags/example_dag_decorator.py
[2026-04-09T00:36:13.821+0000] {logging_mixin.py:190} INFO - [2026-04-09T00:36:13.821+0000] {dag.py:3211} INFO - Sync 1 DAGs
[2026-04-09T00:36:13.827+0000] {logging_mixin.py:190} INFO - [2026-04-09T00:36:13.827+0000] {dag.py:4138} INFO - Setting next_dagrun for example_dag_decorator to None, run_after=None
[2026-04-09T00:36:13.833+0000] {processor.py:208} INFO - Processing /home/airflow/.local/lib/python3.12/site-packages/airflow/example_dags/example_dag_decorator.py took 0.064 seconds
[2026-04-09T00:36:44.600+0000] {processor.py:186} INFO - Started process (PID=700) to work on /home/airflow/.local/lib/python3.12/site-packages/airflow/example_dags/example_dag_decorator.py
[2026-04-09T00:36:44.601+0000] {processor.py:914} INFO - Processing file /home/airflow/.local/lib/python3.12/site-packages/airflow/example_dags/example_dag_decorator.py for tasks to queue
[2026-04-09T00:36:44.602+0000] {logging_mixin.py:190} INFO - [2026-04-09T00:36:44.602+0000] {dagbag.py:587} INFO - Filling up the DagBag from /home/airflow/.local/lib/python3.12/site-packages/airflow/example_dags/example_dag_decorator.py
[2026-04-09T00:36:44.608+0000] {processor.py:925} INFO - DAG(s) 'example_dag_decorator' retrieved from /home/airflow/.local/lib/python3.12/site-packages/airflow/example_dags/example_dag_decorator.py
[2026-04-09T00:36:44.644+0000] {logging_mixin.py:190} INFO - [2026-04-09T00:36:44.644+0000] {dag.py:3211} INFO - Sync 1 DAGs
[2026-04-09T00:36:44.648+0000] {logging_mixin.py:190} INFO - [2026-04-09T00:36:44.648+0000] {dag.py:4138} INFO - Setting next_dagrun for example_dag_decorator to None, run_after=None
[2026-04-09T00:36:44.653+0000] {processor.py:208} INFO - Processing /home/airflow/.local/lib/python3.12/site-packages/airflow/example_dags/example_dag_decorator.py took 0.055 seconds
[2026-04-09T00:37:15.388+0000] {processor.py:186} INFO - Started process (PID=764) to work on /home/airflow/.local/lib/python3.12/site-packages/airflow/example_dags/example_dag_decorator.py
[2026-04-09T00:37:15.389+0000] {processor.py:914} INFO - Processing file /home/airflow/.local/lib/python3.12/site-packages/airflow/example_dags/example_dag_decorator.py for tasks to queue
[2026-04-09T00:37:15.390+0000] {logging_mixin.py:190} INFO - [2026-04-09T00:37:15.390+0000] {dagbag.py:587} INFO - Filling up the DagBag from /home/airflow/.local/lib/python3.12/site-packages/airflow/example_dags/example_dag_decorator.py
[2026-04-09T00:37:15.395+0000] {processor.py:925} INFO - DAG(s) 'example_dag_decorator' retrieved from /home/airflow/.local/lib/python3.12/site-packages/airflow/example_dags/example_dag_decorator.py
[2026-04-09T00:37:15.430+0000] {logging_mixin.py:190} INFO - [2026-04-09T00:37:15.430+0000] {dag.py:3211} INFO - Sync 1 DAGs
[2026-04-09T00:37:15.434+0000] {logging_mixin.py:190} INFO - [2026-04-09T00:37:15.434+0000] {dag.py:4138} INFO - Setting next_dagrun for example_dag_decorator to None, run_after=None
[2026-04-09T00:37:15.440+0000] {processor.py:208} INFO - Processing /home/airflow/.local/lib/python3.12/site-packages/airflow/example_dags/example_dag_decorator.py took 0.054 seconds
[2026-04-09T00:37:46.098+0000] {processor.py:186} INFO - Started process (PID=828) to work on /home/airflow/.local/lib/python3.12/site-packages/airflow/example_dags/example_dag_decorator.py
[2026-04-09T00:37:46.099+0000] {processor.py:914} INFO - Processing file /home/airflow/.local/lib/python3.12/site-packages/airflow/example_dags/example_dag_decorator.py for tasks to queue
[2026-04-09T00:37:46.100+0000] {logging_mixin.py:190} INFO - [2026-04-09T00:37:46.100+0000] {dagbag.py:587} INFO - Filling up the DagBag from /home/airflow/.local/lib/python3.12/site-packages/airflow/example_dags/example_dag_decorator.py
[2026-04-09T00:37:46.104+0000] {processor.py:925} INFO - DAG(s) 'example_dag_decorator' retrieved from /home/airflow/.local/lib/python3.12/site-packages/airflow/example_dags/example_dag_decorator.py
[2026-04-09T00:37:46.134+0000] {logging_mixin.py:190} INFO - [2026-04-09T00:37:46.134+0000] {dag.py:3211} INFO - Sync 1 DAGs
[2026-04-09T00:37:46.137+0000] {logging_mixin.py:190} INFO - [2026-04-09T00:37:46.137+0000] {dag.py:4138} INFO - Setting next_dagrun for example_dag_decorator to None, run_after=None
[2026-04-09T00:37:46.143+0000] {processor.py:208} INFO - Processing /home/airflow/.local/lib/python3.12/site-packages/airflow/example_dags/example_dag_decorator.py took 0.046 seconds
[2026-04-09T00:38:16.859+0000] {processor.py:186} INFO - Started process (PID=892) to work on /home/airflow/.local/lib/python3.12/site-packages/airflow/example_dags/example_dag_decorator.py
[2026-04-09T00:38:16.860+0000] {processor.py:914} INFO - Processing file /home/airflow/.local/lib/python3.12/site-packages/airflow/example_dags/example_dag_decorator.py for tasks to queue
[2026-04-09T00:38:16.861+0000] {logging_mixin.py:190} INFO - [2026-04-09T00:38:16.861+0000] {dagbag.py:587} INFO - Filling up the DagBag from /home/airflow/.local/lib/python3.12/site-packages/airflow/example_dags/example_dag_decorator.py
[2026-04-09T00:38:16.867+0000] {processor.py:925} INFO - DAG(s) 'example_dag_decorator' retrieved from /home/airflow/.local/lib/python3.12/site-packages/airflow/example_dags/example_dag_decorator.py
[2026-04-09T00:38:16.902+0000] {logging_mixin.py:190} INFO - [2026-04-09T00:38:16.902+0000] {dag.py:3211} INFO - Sync 1 DAGs
[2026-04-09T00:38:16.906+0000] {logging_mixin.py:190} INFO - [2026-04-09T00:38:16.906+0000] {dag.py:4138} INFO - Setting next_dagrun for example_dag_decorator to None, run_after=None
[2026-04-09T00:38:16.912+0000] {processor.py:208} INFO - Processing /home/airflow/.local/lib/python3.12/site-packages/airflow/example_dags/example_dag_decorator.py took 0.055 seconds
[2026-04-09T00:38:47.542+0000] {processor.py:186} INFO - Started process (PID=956) to work on /home/airflow/.local/lib/python3.12/site-packages/airflow/example_dags/example_dag_decorator.py
[2026-04-09T00:38:47.543+0000] {processor.py:914} INFO - Processing file /home/airflow/.local/lib/python3.12/site-packages/airflow/example_dags/example_dag_decorator.py for tasks to queue
[2026-04-09T00:38:47.543+0000] {logging_mixin.py:190} INFO - [2026-04-09T00:38:47.543+0000] {dagbag.py:587} INFO - Filling up the DagBag from /home/airflow/.local/lib/python3.12/site-packages/airflow/example_dags/example_dag_decorator.py
[2026-04-09T00:38:47.548+0000] {processor.py:925} INFO - DAG(s) 'example_dag_decorator' retrieved from /home/airflow/.local/lib/python3.12/site-packages/airflow/example_dags/example_dag_decorator.py
[2026-04-09T00:38:47.579+0000] {logging_mixin.py:190} INFO - [2026-04-09T00:38:47.579+0000] {dag.py:3211} INFO - Sync 1 DAGs
[2026-04-09T00:38:47.583+0000] {logging_mixin.py:190} INFO - [2026-04-09T00:38:47.583+0000] {dag.py:4138} INFO - Setting next_dagrun for example_dag_decorator to None, run_after=None
[2026-04-09T00:38:47.588+0000] {processor.py:208} INFO - Processing /home/airflow/.local/lib/python3.12/site-packages/airflow/example_dags/example_dag_decorator.py took 0.049 seconds
[2026-04-09T00:39:18.316+0000] {processor.py:186} INFO - Started process (PID=1020) to work on /home/airflow/.local/lib/python3.12/site-packages/airflow/example_dags/example_dag_decorator.py
[2026-04-09T00:39:18.316+0000] {processor.py:914} INFO - Processing file /home/airflow/.local/lib/python3.12/site-packages/airflow/example_dags/example_dag_decorator.py for tasks to queue
[2026-04-09T00:39:18.317+0000] {logging_mixin.py:190} INFO - [2026-04-09T00:39:18.317+0000] {dagbag.py:587} INFO - Filling up the DagBag from /home/airflow/.local/lib/python3.12/site-packages/airflow/example_dags/example_dag_decorator.py
[2026-04-09T00:39:18.324+0000] {processor.py:925} INFO - DAG(s) 'example_dag_decorator' retrieved from /home/airflow/.local/lib/python3.12/site-packages/airflow/example_dags/example_dag_decorator.py
[2026-04-09T00:39:18.377+0000] {logging_mixin.py:190} INFO - [2026-04-09T00:39:18.377+0000] {dag.py:3211} INFO - Sync 1 DAGs
[2026-04-09T00:39:18.381+0000] {logging_mixin.py:190} INFO - [2026-04-09T00:39:18.381+0000] {dag.py:4138} INFO - Setting next_dagrun for example_dag_decorator to None, run_after=None
[2026-04-09T00:39:18.387+0000] {processor.py:208} INFO - Processing /home/airflow/.local/lib/python3.12/site-packages/airflow/example_dags/example_dag_decorator.py took 0.073 seconds
[2026-04-09T00:39:49.077+0000] {processor.py:186} INFO - Started process (PID=1084) to work on /home/airflow/.local/lib/python3.12/site-packages/airflow/example_dags/example_dag_decorator.py
[2026-04-09T00:39:49.078+0000] {processor.py:914} INFO - Processing file /home/airflow/.local/lib/python3.12/site-packages/airflow/example_dags/example_dag_decorator.py for tasks to queue
[2026-04-09T00:39:49.078+0000] {logging_mixin.py:190} INFO - [2026-04-09T00:39:49.078+0000] {dagbag.py:587} INFO - Filling up the DagBag from /home/airflow/.local/lib/python3.12/site-packages/airflow/example_dags/example_dag_decorator.py
[2026-04-09T00:39:49.083+0000] {processor.py:925} INFO - DAG(s) 'example_dag_decorator' retrieved from /home/airflow/.local/lib/python3.12/site-packages/airflow/example_dags/example_dag_decorator.py
[2026-04-09T00:39:49.119+0000] {logging_mixin.py:190} INFO - [2026-04-09T00:39:49.118+0000] {dag.py:3211} INFO - Sync 1 DAGs
[2026-04-09T00:39:49.124+0000] {logging_mixin.py:190} INFO - [2026-04-09T00:39:49.124+0000] {dag.py:4138} INFO - Setting next_dagrun for example_dag_decorator to None, run_after=None
[2026-04-09T00:39:49.137+0000] {processor.py:208} INFO - Processing /home/airflow/.local/lib/python3.12/site-packages/airflow/example_dags/example_dag_decorator.py took 0.062 seconds
[2026-04-09T00:40:19.902+0000] {processor.py:186} INFO - Started process (PID=1148) to work on /home/airflow/.local/lib/python3.12/site-packages/airflow/example_dags/example_dag_decorator.py
[2026-04-09T00:40:19.903+0000] {processor.py:914} INFO - Processing file /home/airflow/.local/lib/python3.12/site-packages/airflow/example_dags/example_dag_decorator.py for tasks to queue
[2026-04-09T00:40:19.904+0000] {logging_mixin.py:190} INFO - [2026-04-09T00:40:19.904+0000] {dagbag.py:587} INFO - Filling up the DagBag from /home/airflow/.local/lib/python3.12/site-packages/airflow/example_dags/example_dag_decorator.py
[2026-04-09T00:40:19.909+0000] {processor.py:925} INFO - DAG(s) 'example_dag_decorator' retrieved from /home/airflow/.local/lib/python3.12/site-packages/airflow/example_dags/example_dag_decorator.py
[2026-04-09T00:40:19.941+0000] {logging_mixin.py:190} INFO - [2026-04-09T00:40:19.940+0000] {dag.py:3211} INFO - Sync 1 DAGs
[2026-04-09T00:40:19.945+0000] {logging_mixin.py:190} INFO - [2026-04-09T00:40:19.945+0000] {dag.py:4138} INFO - Setting next_dagrun for example_dag_decorator to None, run_after=None
[2026-04-09T00:40:19.951+0000] {processor.py:208} INFO - Processing /home/airflow/.local/lib/python3.12/site-packages/airflow/example_dags/example_dag_decorator.py took 0.051 seconds
[2026-04-09T00:40:50.672+0000] {processor.py:186} INFO - Started process (PID=1212) to work on /home/airflow/.local/lib/python3.12/site-packages/airflow/example_dags/example_dag_decorator.py
[2026-04-09T00:40:50.673+0000] {processor.py:914} INFO - Processing file /home/airflow/.local/lib/python3.12/site-packages/airflow/example_dags/example_dag_decorator.py for tasks to queue
[2026-04-09T00:40:50.674+0000] {logging_mixin.py:190} INFO - [2026-04-09T00:40:50.674+0000] {dagbag.py:587} INFO - Filling up the DagBag from /home/airflow/.local/lib/python3.12/site-packages/airflow/example_dags/example_dag_decorator.py
[2026-04-09T00:40:50.680+0000] {processor.py:925} INFO - DAG(s) 'example_dag_decorator' retrieved from /home/airflow/.local/lib/python3.12/site-packages/airflow/example_dags/example_dag_decorator.py
[2026-04-09T00:40:50.721+0000] {logging_mixin.py:190} INFO - [2026-04-09T00:40:50.721+0000] {dag.py:3211} INFO - Sync 1 DAGs
[2026-04-09T00:40:50.726+0000] {logging_mixin.py:190} INFO - [2026-04-09T00:40:50.726+0000] {dag.py:4138} INFO - Setting next_dagrun for example_dag_decorator to None, run_after=None
[2026-04-09T00:40:50.738+0000] {processor.py:208} INFO - Processing /home/airflow/.local/lib/python3.12/site-packages/airflow/example_dags/example_dag_decorator.py took 0.068 seconds
[2026-04-09T00:41:21.389+0000] {processor.py:186} INFO - Started process (PID=1276) to work on /home/airflow/.local/lib/python3.12/site-packages/airflow/example_dags/example_dag_decorator.py
[2026-04-09T00:41:21.389+0000] {processor.py:914} INFO - Processing file /home/airflow/.local/lib/python3.12/site-packages/airflow/example_dags/example_dag_decorator.py for tasks to queue
[2026-04-09T00:41:21.391+0000] {logging_mixin.py:190} INFO - [2026-04-09T00:41:21.391+0000] {dagbag.py:587} INFO - Filling up the DagBag from /home/airflow/.local/lib/python3.12/site-packages/airflow/example_dags/example_dag_decorator.py
[2026-04-09T00:41:21.395+0000] {processor.py:925} INFO - DAG(s) 'example_dag_decorator' retrieved from /home/airflow/.local/lib/python3.12/site-packages/airflow/example_dags/example_dag_decorator.py
[2026-04-09T00:41:21.437+0000] {logging_mixin.py:190} INFO - [2026-04-09T00:41:21.437+0000] {dag.py:3211} INFO - Sync 1 DAGs
[2026-04-09T00:41:21.441+0000] {logging_mixin.py:190} INFO - [2026-04-09T00:41:21.441+0000] {dag.py:4138} INFO - Setting next_dagrun for example_dag_decorator to None, run_after=None
[2026-04-09T00:41:21.455+0000] {processor.py:208} INFO - Processing /home/airflow/.local/lib/python3.12/site-packages/airflow/example_dags/example_dag_decorator.py took 0.068 seconds
[2026-04-09T00:41:52.304+0000] {processor.py:186} INFO - Started process (PID=1340) to work on /home/airflow/.local/lib/python3.12/site-packages/airflow/example_dags/example_dag_decorator.py
[2026-04-09T00:41:52.305+0000] {processor.py:914} INFO - Processing file /home/airflow/.local/lib/python3.12/site-packages/airflow/example_dags/example_dag_decorator.py for tasks to queue
[2026-04-09T00:41:52.306+0000] {logging_mixin.py:190} INFO - [2026-04-09T00:41:52.306+0000] {dagbag.py:587} INFO - Filling up the DagBag from /home/airflow/.local/lib/python3.12/site-packages/airflow/example_dags/example_dag_decorator.py
[2026-04-09T00:41:52.312+0000] {processor.py:925} INFO - DAG(s) 'example_dag_decorator' retrieved from /home/airflow/.local/lib/python3.12/site-packages/airflow/example_dags/example_dag_decorator.py
[2026-04-09T00:41:52.355+0000] {logging_mixin.py:190} INFO - [2026-04-09T00:41:52.355+0000] {dag.py:3211} INFO - Sync 1 DAGs
[2026-04-09T00:41:52.360+0000] {logging_mixin.py:190} INFO - [2026-04-09T00:41:52.360+0000] {dag.py:4138} INFO - Setting next_dagrun for example_dag_decorator to None, run_after=None
[2026-04-09T00:41:52.371+0000] {processor.py:208} INFO - Processing /home/airflow/.local/lib/python3.12/site-packages/airflow/example_dags/example_dag_decorator.py took 0.069 seconds
[2026-04-09T00:42:23.341+0000] {processor.py:186} INFO - Started process (PID=1404) to work on /home/airflow/.local/lib/python3.12/site-packages/airflow/example_dags/example_dag_decorator.py
[2026-04-09T00:42:23.342+0000] {processor.py:914} INFO - Processing file /home/airflow/.local/lib/python3.12/site-packages/airflow/example_dags/example_dag_decorator.py for tasks to queue
[2026-04-09T00:42:23.344+0000] {logging_mixin.py:190} INFO - [2026-04-09T00:42:23.344+0000] {dagbag.py:587} INFO - Filling up the DagBag from /home/airflow/.local/lib/python3.12/site-packages/airflow/example_dags/example_dag_decorator.py
[2026-04-09T00:42:23.350+0000] {processor.py:925} INFO - DAG(s) 'example_dag_decorator' retrieved from /home/airflow/.local/lib/python3.12/site-packages/airflow/example_dags/example_dag_decorator.py
[2026-04-09T00:42:23.426+0000] {logging_mixin.py:190} INFO - [2026-04-09T00:42:23.426+0000] {dag.py:3211} INFO - Sync 1 DAGs
[2026-04-09T00:42:23.433+0000] {logging_mixin.py:190} INFO - [2026-04-09T00:42:23.433+0000] {dag.py:4138} INFO - Setting next_dagrun for example_dag_decorator to None, run_after=None
[2026-04-09T00:42:23.448+0000] {processor.py:208} INFO - Processing /home/airflow/.local/lib/python3.12/site-packages/airflow/example_dags/example_dag_decorator.py took 0.110 seconds
[2026-04-09T00:42:54.273+0000] {processor.py:186} INFO - Started process (PID=1468) to work on /home/airflow/.local/lib/python3.12/site-packages/airflow/example_dags/example_dag_decorator.py
[2026-04-09T00:42:54.273+0000] {processor.py:914} INFO - Processing file /home/airflow/.local/lib/python3.12/site-packages/airflow/example_dags/example_dag_decorator.py for tasks to queue
[2026-04-09T00:42:54.274+0000] {logging_mixin.py:190} INFO - [2026-04-09T00:42:54.274+0000] {dagbag.py:587} INFO - Filling up the DagBag from /home/airflow/.local/lib/python3.12/site-packages/airflow/example_dags/example_dag_decorator.py
[2026-04-09T00:42:54.278+0000] {processor.py:925} INFO - DAG(s) 'example_dag_decorator' retrieved from /home/airflow/.local/lib/python3.12/site-packages/airflow/example_dags/example_dag_decorator.py
[2026-04-09T00:42:54.308+0000] {logging_mixin.py:190} INFO - [2026-04-09T00:42:54.307+0000] {dag.py:3211} INFO - Sync 1 DAGs
[2026-04-09T00:42:54.311+0000] {logging_mixin.py:190} INFO - [2026-04-09T00:42:54.311+0000] {dag.py:4138} INFO - Setting next_dagrun for example_dag_decorator to None, run_after=None
[2026-04-09T00:42:54.316+0000] {processor.py:208} INFO - Processing /home/airflow/.local/lib/python3.12/site-packages/airflow/example_dags/example_dag_decorator.py took 0.045 seconds
[2026-04-09T00:43:25.033+0000] {processor.py:186} INFO - Started process (PID=1532) to work on /home/airflow/.local/lib/python3.12/site-packages/airflow/example_dags/example_dag_decorator.py
[2026-04-09T00:43:25.033+0000] {processor.py:914} INFO - Processing file /home/airflow/.local/lib/python3.12/site-packages/airflow/example_dags/example_dag_decorator.py for tasks to queue
[2026-04-09T00:43:25.034+0000] {logging_mixin.py:190} INFO - [2026-04-09T00:43:25.034+0000] {dagbag.py:587} INFO - Filling up the DagBag from /home/airflow/.local/lib/python3.12/site-packages/airflow/example_dags/example_dag_decorator.py
[2026-04-09T00:43:25.038+0000] {processor.py:925} INFO - DAG(s) 'example_dag_decorator' retrieved from /home/airflow/.local/lib/python3.12/site-packages/airflow/example_dags/example_dag_decorator.py
[2026-04-09T00:43:25.069+0000] {logging_mixin.py:190} INFO - [2026-04-09T00:43:25.069+0000] {dag.py:3211} INFO - Sync 1 DAGs
[2026-04-09T00:43:25.072+0000] {logging_mixin.py:190} INFO - [2026-04-09T00:43:25.072+0000] {dag.py:4138} INFO - Setting next_dagrun for example_dag_decorator to None, run_after=None
[2026-04-09T00:43:25.078+0000] {processor.py:208} INFO - Processing /home/airflow/.local/lib/python3.12/site-packages/airflow/example_dags/example_dag_decorator.py took 0.047 seconds
[2026-04-09T00:43:55.807+0000] {processor.py:186} INFO - Started process (PID=1596) to work on /home/airflow/.local/lib/python3.12/site-packages/airflow/example_dags/example_dag_decorator.py
[2026-04-09T00:43:55.808+0000] {processor.py:914} INFO - Processing file /home/airflow/.local/lib/python3.12/site-packages/airflow/example_dags/example_dag_decorator.py for tasks to queue
[2026-04-09T00:43:55.809+0000] {logging_mixin.py:190} INFO - [2026-04-09T00:43:55.809+0000] {dagbag.py:587} INFO - Filling up the DagBag from /home/airflow/.local/lib/python3.12/site-packages/airflow/example_dags/example_dag_decorator.py
[2026-04-09T00:43:55.817+0000] {processor.py:925} INFO - DAG(s) 'example_dag_decorator' retrieved from /home/airflow/.local/lib/python3.12/site-packages/airflow/example_dags/example_dag_decorator.py
[2026-04-09T00:43:55.854+0000] {logging_mixin.py:190} INFO - [2026-04-09T00:43:55.854+0000] {dag.py:3211} INFO - Sync 1 DAGs
[2026-04-09T00:43:55.860+0000] {logging_mixin.py:190} INFO - [2026-04-09T00:43:55.859+0000] {dag.py:4138} INFO - Setting next_dagrun for example_dag_decorator to None, run_after=None
[2026-04-09T00:43:55.865+0000] {processor.py:208} INFO - Processing /home/airflow/.local/lib/python3.12/site-packages/airflow/example_dags/example_dag_decorator.py took 0.060 seconds
[2026-04-09T00:44:26.587+0000] {processor.py:186} INFO - Started process (PID=1660) to work on /home/airflow/.local/lib/python3.12/site-packages/airflow/example_dags/example_dag_decorator.py
[2026-04-09T00:44:26.589+0000] {processor.py:914} INFO - Processing file /home/airflow/.local/lib/python3.12/site-packages/airflow/example_dags/example_dag_decorator.py for tasks to queue
[2026-04-09T00:44:26.593+0000] {logging_mixin.py:190} INFO - [2026-04-09T00:44:26.593+0000] {dagbag.py:587} INFO - Filling up the DagBag from /home/airflow/.local/lib/python3.12/site-packages/airflow/example_dags/example_dag_decorator.py
[2026-04-09T00:44:26.599+0000] {processor.py:925} INFO - DAG(s) 'example_dag_decorator' retrieved from /home/airflow/.local/lib/python3.12/site-packages/airflow/example_dags/example_dag_decorator.py
[2026-04-09T00:44:26.635+0000] {logging_mixin.py:190} INFO - [2026-04-09T00:44:26.635+0000] {dag.py:3211} INFO - Sync 1 DAGs
[2026-04-09T00:44:26.640+0000] {logging_mixin.py:190} INFO - [2026-04-09T00:44:26.640+0000] {dag.py:4138} INFO - Setting next_dagrun for example_dag_decorator to None, run_after=None
[2026-04-09T00:44:26.651+0000] {processor.py:208} INFO - Processing /home/airflow/.local/lib/python3.12/site-packages/airflow/example_dags/example_dag_decorator.py took 0.066 seconds
[2026-04-09T00:44:57.384+0000] {processor.py:186} INFO - Started process (PID=1724) to work on /home/airflow/.local/lib/python3.12/site-packages/airflow/example_dags/example_dag_decorator.py
[2026-04-09T00:44:57.387+0000] {processor.py:914} INFO - Processing file /home/airflow/.local/lib/python3.12/site-packages/airflow/example_dags/example_dag_decorator.py for tasks to queue
[2026-04-09T00:44:57.390+0000] {logging_mixin.py:190} INFO - [2026-04-09T00:44:57.390+0000] {dagbag.py:587} INFO - Filling up the DagBag from /home/airflow/.local/lib/python3.12/site-packages/airflow/example_dags/example_dag_decorator.py
[2026-04-09T00:44:57.396+0000] {processor.py:925} INFO - DAG(s) 'example_dag_decorator' retrieved from /home/airflow/.local/lib/python3.12/site-packages/airflow/example_dags/example_dag_decorator.py
[2026-04-09T00:44:57.434+0000] {logging_mixin.py:190} INFO - [2026-04-09T00:44:57.434+0000] {dag.py:3211} INFO - Sync 1 DAGs
[2026-04-09T00:44:57.438+0000] {logging_mixin.py:190} INFO - [2026-04-09T00:44:57.438+0000] {dag.py:4138} INFO - Setting next_dagrun for example_dag_decorator to None, run_after=None
[2026-04-09T00:44:57.443+0000] {processor.py:208} INFO - Processing /home/airflow/.local/lib/python3.12/site-packages/airflow/example_dags/example_dag_decorator.py took 0.061 seconds
[2026-04-09T00:45:28.349+0000] {processor.py:186} INFO - Started process (PID=1787) to work on /home/airflow/.local/lib/python3.12/site-packages/airflow/example_dags/example_dag_decorator.py
[2026-04-09T00:45:28.350+0000] {processor.py:914} INFO - Processing file /home/airflow/.local/lib/python3.12/site-packages/airflow/example_dags/example_dag_decorator.py for tasks to queue
[2026-04-09T00:45:28.351+0000] {logging_mixin.py:190} INFO - [2026-04-09T00:45:28.351+0000] {dagbag.py:587} INFO - Filling up the DagBag from /home/airflow/.local/lib/python3.12/site-packages/airflow/example_dags/example_dag_decorator.py
[2026-04-09T00:45:28.356+0000] {processor.py:925} INFO - DAG(s) 'example_dag_decorator' retrieved from /home/airflow/.local/lib/python3.12/site-packages/airflow/example_dags/example_dag_decorator.py
[2026-04-09T00:45:28.401+0000] {logging_mixin.py:190} INFO - [2026-04-09T00:45:28.401+0000] {dag.py:3211} INFO - Sync 1 DAGs
[2026-04-09T00:45:28.405+0000] {logging_mixin.py:190} INFO - [2026-04-09T00:45:28.405+0000] {dag.py:4138} INFO - Setting next_dagrun for example_dag_decorator to None, run_after=None
[2026-04-09T00:45:28.411+0000] {processor.py:208} INFO - Processing /home/airflow/.local/lib/python3.12/site-packages/airflow/example_dags/example_dag_decorator.py took 0.064 seconds
[2026-04-09T00:45:59.354+0000] {processor.py:186} INFO - Started process (PID=1851) to work on /home/airflow/.local/lib/python3.12/site-packages/airflow/example_dags/example_dag_decorator.py
[2026-04-09T00:45:59.355+0000] {processor.py:914} INFO - Processing file /home/airflow/.local/lib/python3.12/site-packages/airflow/example_dags/example_dag_decorator.py for tasks to queue
[2026-04-09T00:45:59.356+0000] {logging_mixin.py:190} INFO - [2026-04-09T00:45:59.355+0000] {dagbag.py:587} INFO - Filling up the DagBag from /home/airflow/.local/lib/python3.12/site-packages/airflow/example_dags/example_dag_decorator.py
[2026-04-09T00:45:59.362+0000] {processor.py:925} INFO - DAG(s) 'example_dag_decorator' retrieved from /home/airflow/.local/lib/python3.12/site-packages/airflow/example_dags/example_dag_decorator.py
[2026-04-09T00:45:59.402+0000] {logging_mixin.py:190} INFO - [2026-04-09T00:45:59.402+0000] {dag.py:3211} INFO - Sync 1 DAGs
[2026-04-09T00:45:59.407+0000] {logging_mixin.py:190} INFO - [2026-04-09T00:45:59.407+0000] {dag.py:4138} INFO - Setting next_dagrun for example_dag_decorator to None, run_after=None
[2026-04-09T00:45:59.413+0000] {processor.py:208} INFO - Processing /home/airflow/.local/lib/python3.12/site-packages/airflow/example_dags/example_dag_decorator.py took 0.062 seconds
