[2026-04-09T00:31:36.293+0000] {processor.py:186} INFO - Started process (PID=49) to work on /home/airflow/.local/lib/python3.12/site-packages/airflow/example_dags/example_branch_labels.py
[2026-04-09T00:31:36.296+0000] {processor.py:914} INFO - Processing file /home/airflow/.local/lib/python3.12/site-packages/airflow/example_dags/example_branch_labels.py for tasks to queue
[2026-04-09T00:31:36.297+0000] {logging_mixin.py:190} INFO - [2026-04-09T00:31:36.297+0000] {dagbag.py:587} INFO - Filling up the DagBag from /home/airflow/.local/lib/python3.12/site-packages/airflow/example_dags/example_branch_labels.py
[2026-04-09T00:31:36.304+0000] {processor.py:925} INFO - DAG(s) 'example_branch_labels' retrieved from /home/airflow/.local/lib/python3.12/site-packages/airflow/example_dags/example_branch_labels.py
[2026-04-09T00:31:36.370+0000] {logging_mixin.py:190} INFO - [2026-04-09T00:31:36.370+0000] {dag.py:3211} INFO - Sync 1 DAGs
[2026-04-09T00:31:36.385+0000] {logging_mixin.py:190} INFO - [2026-04-09T00:31:36.385+0000] {dag.py:4138} INFO - Setting next_dagrun for example_branch_labels to 2026-04-08 00:00:00+00:00, run_after=2026-04-09 00:00:00+00:00
[2026-04-09T00:31:36.402+0000] {processor.py:208} INFO - Processing /home/airflow/.local/lib/python3.12/site-packages/airflow/example_dags/example_branch_labels.py took 0.112 seconds
[2026-04-09T00:32:07.069+0000] {processor.py:186} INFO - Started process (PID=112) to work on /home/airflow/.local/lib/python3.12/site-packages/airflow/example_dags/example_branch_labels.py
[2026-04-09T00:32:07.070+0000] {processor.py:914} INFO - Processing file /home/airflow/.local/lib/python3.12/site-packages/airflow/example_dags/example_branch_labels.py for tasks to queue
[2026-04-09T00:32:07.072+0000] {logging_mixin.py:190} INFO - [2026-04-09T00:32:07.072+0000] {dagbag.py:587} INFO - Filling up the DagBag from /home/airflow/.local/lib/python3.12/site-packages/airflow/example_dags/example_branch_labels.py
[2026-04-09T00:32:07.076+0000] {processor.py:925} INFO - DAG(s) 'example_branch_labels' retrieved from /home/airflow/.local/lib/python3.12/site-packages/airflow/example_dags/example_branch_labels.py
[2026-04-09T00:32:07.085+0000] {logging_mixin.py:190} INFO - [2026-04-09T00:32:07.085+0000] {dag.py:3211} INFO - Sync 1 DAGs
[2026-04-09T00:32:07.097+0000] {logging_mixin.py:190} INFO - [2026-04-09T00:32:07.097+0000] {dag.py:4138} INFO - Setting next_dagrun for example_branch_labels to 2026-04-08 00:00:00+00:00, run_after=2026-04-09 00:00:00+00:00
[2026-04-09T00:32:07.108+0000] {processor.py:208} INFO - Processing /home/airflow/.local/lib/python3.12/site-packages/airflow/example_dags/example_branch_labels.py took 0.041 seconds
[2026-04-09T00:32:37.956+0000] {processor.py:186} INFO - Started process (PID=176) to work on /home/airflow/.local/lib/python3.12/site-packages/airflow/example_dags/example_branch_labels.py
[2026-04-09T00:32:37.957+0000] {processor.py:914} INFO - Processing file /home/airflow/.local/lib/python3.12/site-packages/airflow/example_dags/example_branch_labels.py for tasks to queue
[2026-04-09T00:32:37.958+0000] {logging_mixin.py:190} INFO - [2026-04-09T00:32:37.958+0000] {dagbag.py:587} INFO - Filling up the DagBag from /home/airflow/.local/lib/python3.12/site-packages/airflow/example_dags/example_branch_labels.py
[2026-04-09T00:32:37.966+0000] {processor.py:925} INFO - DAG(s) 'example_branch_labels' retrieved from /home/airflow/.local/lib/python3.12/site-packages/airflow/example_dags/example_branch_labels.py
[2026-04-09T00:32:37.975+0000] {logging_mixin.py:190} INFO - [2026-04-09T00:32:37.975+0000] {dag.py:3211} INFO - Sync 1 DAGs
[2026-04-09T00:32:37.985+0000] {logging_mixin.py:190} INFO - [2026-04-09T00:32:37.985+0000] {dag.py:4138} INFO - Setting next_dagrun for example_branch_labels to 2026-04-08 00:00:00+00:00, run_after=2026-04-09 00:00:00+00:00
[2026-04-09T00:32:37.993+0000] {processor.py:208} INFO - Processing /home/airflow/.local/lib/python3.12/site-packages/airflow/example_dags/example_branch_labels.py took 0.039 seconds
[2026-04-09T00:33:08.864+0000] {processor.py:186} INFO - Started process (PID=240) to work on /home/airflow/.local/lib/python3.12/site-packages/airflow/example_dags/example_branch_labels.py
[2026-04-09T00:33:08.865+0000] {processor.py:914} INFO - Processing file /home/airflow/.local/lib/python3.12/site-packages/airflow/example_dags/example_branch_labels.py for tasks to queue
[2026-04-09T00:33:08.865+0000] {logging_mixin.py:190} INFO - [2026-04-09T00:33:08.865+0000] {dagbag.py:587} INFO - Filling up the DagBag from /home/airflow/.local/lib/python3.12/site-packages/airflow/example_dags/example_branch_labels.py
[2026-04-09T00:33:08.869+0000] {processor.py:925} INFO - DAG(s) 'example_branch_labels' retrieved from /home/airflow/.local/lib/python3.12/site-packages/airflow/example_dags/example_branch_labels.py
[2026-04-09T00:33:08.877+0000] {logging_mixin.py:190} INFO - [2026-04-09T00:33:08.877+0000] {dag.py:3211} INFO - Sync 1 DAGs
[2026-04-09T00:33:08.884+0000] {logging_mixin.py:190} INFO - [2026-04-09T00:33:08.884+0000] {dag.py:4138} INFO - Setting next_dagrun for example_branch_labels to 2026-04-08 00:00:00+00:00, run_after=2026-04-09 00:00:00+00:00
[2026-04-09T00:33:08.893+0000] {processor.py:208} INFO - Processing /home/airflow/.local/lib/python3.12/site-packages/airflow/example_dags/example_branch_labels.py took 0.031 seconds
[2026-04-09T00:33:39.658+0000] {processor.py:186} INFO - Started process (PID=304) to work on /home/airflow/.local/lib/python3.12/site-packages/airflow/example_dags/example_branch_labels.py
[2026-04-09T00:33:39.658+0000] {processor.py:914} INFO - Processing file /home/airflow/.local/lib/python3.12/site-packages/airflow/example_dags/example_branch_labels.py for tasks to queue
[2026-04-09T00:33:39.659+0000] {logging_mixin.py:190} INFO - [2026-04-09T00:33:39.659+0000] {dagbag.py:587} INFO - Filling up the DagBag from /home/airflow/.local/lib/python3.12/site-packages/airflow/example_dags/example_branch_labels.py
[2026-04-09T00:33:39.663+0000] {processor.py:925} INFO - DAG(s) 'example_branch_labels' retrieved from /home/airflow/.local/lib/python3.12/site-packages/airflow/example_dags/example_branch_labels.py
[2026-04-09T00:33:39.673+0000] {logging_mixin.py:190} INFO - [2026-04-09T00:33:39.673+0000] {dag.py:3211} INFO - Sync 1 DAGs
[2026-04-09T00:33:39.685+0000] {logging_mixin.py:190} INFO - [2026-04-09T00:33:39.685+0000] {dag.py:4138} INFO - Setting next_dagrun for example_branch_labels to 2026-04-08 00:00:00+00:00, run_after=2026-04-09 00:00:00+00:00
[2026-04-09T00:33:39.693+0000] {processor.py:208} INFO - Processing /home/airflow/.local/lib/python3.12/site-packages/airflow/example_dags/example_branch_labels.py took 0.037 seconds
[2026-04-09T00:34:10.498+0000] {processor.py:186} INFO - Started process (PID=374) to work on /home/airflow/.local/lib/python3.12/site-packages/airflow/example_dags/example_branch_labels.py
[2026-04-09T00:34:10.500+0000] {processor.py:914} INFO - Processing file /home/airflow/.local/lib/python3.12/site-packages/airflow/example_dags/example_branch_labels.py for tasks to queue
[2026-04-09T00:34:10.501+0000] {logging_mixin.py:190} INFO - [2026-04-09T00:34:10.501+0000] {dagbag.py:587} INFO - Filling up the DagBag from /home/airflow/.local/lib/python3.12/site-packages/airflow/example_dags/example_branch_labels.py
[2026-04-09T00:34:10.505+0000] {processor.py:925} INFO - DAG(s) 'example_branch_labels' retrieved from /home/airflow/.local/lib/python3.12/site-packages/airflow/example_dags/example_branch_labels.py
[2026-04-09T00:34:10.513+0000] {logging_mixin.py:190} INFO - [2026-04-09T00:34:10.513+0000] {dag.py:3211} INFO - Sync 1 DAGs
[2026-04-09T00:34:10.521+0000] {logging_mixin.py:190} INFO - [2026-04-09T00:34:10.521+0000] {dag.py:4138} INFO - Setting next_dagrun for example_branch_labels to 2026-04-08 00:00:00+00:00, run_after=2026-04-09 00:00:00+00:00
[2026-04-09T00:34:10.531+0000] {processor.py:208} INFO - Processing /home/airflow/.local/lib/python3.12/site-packages/airflow/example_dags/example_branch_labels.py took 0.035 seconds
[2026-04-09T00:34:41.350+0000] {processor.py:186} INFO - Started process (PID=438) to work on /home/airflow/.local/lib/python3.12/site-packages/airflow/example_dags/example_branch_labels.py
[2026-04-09T00:34:41.351+0000] {processor.py:914} INFO - Processing file /home/airflow/.local/lib/python3.12/site-packages/airflow/example_dags/example_branch_labels.py for tasks to queue
[2026-04-09T00:34:41.352+0000] {logging_mixin.py:190} INFO - [2026-04-09T00:34:41.352+0000] {dagbag.py:587} INFO - Filling up the DagBag from /home/airflow/.local/lib/python3.12/site-packages/airflow/example_dags/example_branch_labels.py
[2026-04-09T00:34:41.358+0000] {processor.py:925} INFO - DAG(s) 'example_branch_labels' retrieved from /home/airflow/.local/lib/python3.12/site-packages/airflow/example_dags/example_branch_labels.py
[2026-04-09T00:34:41.368+0000] {logging_mixin.py:190} INFO - [2026-04-09T00:34:41.368+0000] {dag.py:3211} INFO - Sync 1 DAGs
[2026-04-09T00:34:41.378+0000] {logging_mixin.py:190} INFO - [2026-04-09T00:34:41.378+0000] {dag.py:4138} INFO - Setting next_dagrun for example_branch_labels to 2026-04-08 00:00:00+00:00, run_after=2026-04-09 00:00:00+00:00
[2026-04-09T00:34:41.387+0000] {processor.py:208} INFO - Processing /home/airflow/.local/lib/python3.12/site-packages/airflow/example_dags/example_branch_labels.py took 0.039 seconds
[2026-04-09T00:35:12.094+0000] {processor.py:186} INFO - Started process (PID=502) to work on /home/airflow/.local/lib/python3.12/site-packages/airflow/example_dags/example_branch_labels.py
[2026-04-09T00:35:12.094+0000] {processor.py:914} INFO - Processing file /home/airflow/.local/lib/python3.12/site-packages/airflow/example_dags/example_branch_labels.py for tasks to queue
[2026-04-09T00:35:12.095+0000] {logging_mixin.py:190} INFO - [2026-04-09T00:35:12.095+0000] {dagbag.py:587} INFO - Filling up the DagBag from /home/airflow/.local/lib/python3.12/site-packages/airflow/example_dags/example_branch_labels.py
[2026-04-09T00:35:12.099+0000] {processor.py:925} INFO - DAG(s) 'example_branch_labels' retrieved from /home/airflow/.local/lib/python3.12/site-packages/airflow/example_dags/example_branch_labels.py
[2026-04-09T00:35:12.106+0000] {logging_mixin.py:190} INFO - [2026-04-09T00:35:12.106+0000] {dag.py:3211} INFO - Sync 1 DAGs
[2026-04-09T00:35:12.116+0000] {logging_mixin.py:190} INFO - [2026-04-09T00:35:12.116+0000] {dag.py:4138} INFO - Setting next_dagrun for example_branch_labels to 2026-04-08 00:00:00+00:00, run_after=2026-04-09 00:00:00+00:00
[2026-04-09T00:35:12.124+0000] {processor.py:208} INFO - Processing /home/airflow/.local/lib/python3.12/site-packages/airflow/example_dags/example_branch_labels.py took 0.033 seconds
[2026-04-09T00:35:42.800+0000] {processor.py:186} INFO - Started process (PID=565) to work on /home/airflow/.local/lib/python3.12/site-packages/airflow/example_dags/example_branch_labels.py
[2026-04-09T00:35:42.801+0000] {processor.py:914} INFO - Processing file /home/airflow/.local/lib/python3.12/site-packages/airflow/example_dags/example_branch_labels.py for tasks to queue
[2026-04-09T00:35:42.802+0000] {logging_mixin.py:190} INFO - [2026-04-09T00:35:42.802+0000] {dagbag.py:587} INFO - Filling up the DagBag from /home/airflow/.local/lib/python3.12/site-packages/airflow/example_dags/example_branch_labels.py
[2026-04-09T00:35:42.806+0000] {processor.py:925} INFO - DAG(s) 'example_branch_labels' retrieved from /home/airflow/.local/lib/python3.12/site-packages/airflow/example_dags/example_branch_labels.py
[2026-04-09T00:35:42.817+0000] {logging_mixin.py:190} INFO - [2026-04-09T00:35:42.817+0000] {dag.py:3211} INFO - Sync 1 DAGs
[2026-04-09T00:35:42.827+0000] {logging_mixin.py:190} INFO - [2026-04-09T00:35:42.827+0000] {dag.py:4138} INFO - Setting next_dagrun for example_branch_labels to 2026-04-08 00:00:00+00:00, run_after=2026-04-09 00:00:00+00:00
[2026-04-09T00:35:42.835+0000] {processor.py:208} INFO - Processing /home/airflow/.local/lib/python3.12/site-packages/airflow/example_dags/example_branch_labels.py took 0.037 seconds
[2026-04-09T00:36:13.609+0000] {processor.py:186} INFO - Started process (PID=629) to work on /home/airflow/.local/lib/python3.12/site-packages/airflow/example_dags/example_branch_labels.py
[2026-04-09T00:36:13.609+0000] {processor.py:914} INFO - Processing file /home/airflow/.local/lib/python3.12/site-packages/airflow/example_dags/example_branch_labels.py for tasks to queue
[2026-04-09T00:36:13.613+0000] {logging_mixin.py:190} INFO - [2026-04-09T00:36:13.613+0000] {dagbag.py:587} INFO - Filling up the DagBag from /home/airflow/.local/lib/python3.12/site-packages/airflow/example_dags/example_branch_labels.py
[2026-04-09T00:36:13.617+0000] {processor.py:925} INFO - DAG(s) 'example_branch_labels' retrieved from /home/airflow/.local/lib/python3.12/site-packages/airflow/example_dags/example_branch_labels.py
[2026-04-09T00:36:13.628+0000] {logging_mixin.py:190} INFO - [2026-04-09T00:36:13.628+0000] {dag.py:3211} INFO - Sync 1 DAGs
[2026-04-09T00:36:13.638+0000] {logging_mixin.py:190} INFO - [2026-04-09T00:36:13.638+0000] {dag.py:4138} INFO - Setting next_dagrun for example_branch_labels to 2026-04-08 00:00:00+00:00, run_after=2026-04-09 00:00:00+00:00
[2026-04-09T00:36:13.646+0000] {processor.py:208} INFO - Processing /home/airflow/.local/lib/python3.12/site-packages/airflow/example_dags/example_branch_labels.py took 0.039 seconds
[2026-04-09T00:36:44.446+0000] {processor.py:186} INFO - Started process (PID=693) to work on /home/airflow/.local/lib/python3.12/site-packages/airflow/example_dags/example_branch_labels.py
[2026-04-09T00:36:44.446+0000] {processor.py:914} INFO - Processing file /home/airflow/.local/lib/python3.12/site-packages/airflow/example_dags/example_branch_labels.py for tasks to queue
[2026-04-09T00:36:44.447+0000] {logging_mixin.py:190} INFO - [2026-04-09T00:36:44.446+0000] {dagbag.py:587} INFO - Filling up the DagBag from /home/airflow/.local/lib/python3.12/site-packages/airflow/example_dags/example_branch_labels.py
[2026-04-09T00:36:44.450+0000] {processor.py:925} INFO - DAG(s) 'example_branch_labels' retrieved from /home/airflow/.local/lib/python3.12/site-packages/airflow/example_dags/example_branch_labels.py
[2026-04-09T00:36:44.456+0000] {logging_mixin.py:190} INFO - [2026-04-09T00:36:44.456+0000] {dag.py:3211} INFO - Sync 1 DAGs
[2026-04-09T00:36:44.463+0000] {logging_mixin.py:190} INFO - [2026-04-09T00:36:44.463+0000] {dag.py:4138} INFO - Setting next_dagrun for example_branch_labels to 2026-04-08 00:00:00+00:00, run_after=2026-04-09 00:00:00+00:00
[2026-04-09T00:36:44.468+0000] {processor.py:208} INFO - Processing /home/airflow/.local/lib/python3.12/site-packages/airflow/example_dags/example_branch_labels.py took 0.025 seconds
[2026-04-09T00:37:15.218+0000] {processor.py:186} INFO - Started process (PID=757) to work on /home/airflow/.local/lib/python3.12/site-packages/airflow/example_dags/example_branch_labels.py
[2026-04-09T00:37:15.219+0000] {processor.py:914} INFO - Processing file /home/airflow/.local/lib/python3.12/site-packages/airflow/example_dags/example_branch_labels.py for tasks to queue
[2026-04-09T00:37:15.221+0000] {logging_mixin.py:190} INFO - [2026-04-09T00:37:15.221+0000] {dagbag.py:587} INFO - Filling up the DagBag from /home/airflow/.local/lib/python3.12/site-packages/airflow/example_dags/example_branch_labels.py
[2026-04-09T00:37:15.225+0000] {processor.py:925} INFO - DAG(s) 'example_branch_labels' retrieved from /home/airflow/.local/lib/python3.12/site-packages/airflow/example_dags/example_branch_labels.py
[2026-04-09T00:37:15.232+0000] {logging_mixin.py:190} INFO - [2026-04-09T00:37:15.232+0000] {dag.py:3211} INFO - Sync 1 DAGs
[2026-04-09T00:37:15.243+0000] {logging_mixin.py:190} INFO - [2026-04-09T00:37:15.243+0000] {dag.py:4138} INFO - Setting next_dagrun for example_branch_labels to 2026-04-08 00:00:00+00:00, run_after=2026-04-09 00:00:00+00:00
[2026-04-09T00:37:15.251+0000] {processor.py:208} INFO - Processing /home/airflow/.local/lib/python3.12/site-packages/airflow/example_dags/example_branch_labels.py took 0.035 seconds
[2026-04-09T00:37:45.931+0000] {processor.py:186} INFO - Started process (PID=821) to work on /home/airflow/.local/lib/python3.12/site-packages/airflow/example_dags/example_branch_labels.py
[2026-04-09T00:37:45.932+0000] {processor.py:914} INFO - Processing file /home/airflow/.local/lib/python3.12/site-packages/airflow/example_dags/example_branch_labels.py for tasks to queue
[2026-04-09T00:37:45.932+0000] {logging_mixin.py:190} INFO - [2026-04-09T00:37:45.932+0000] {dagbag.py:587} INFO - Filling up the DagBag from /home/airflow/.local/lib/python3.12/site-packages/airflow/example_dags/example_branch_labels.py
[2026-04-09T00:37:45.936+0000] {processor.py:925} INFO - DAG(s) 'example_branch_labels' retrieved from /home/airflow/.local/lib/python3.12/site-packages/airflow/example_dags/example_branch_labels.py
[2026-04-09T00:37:45.946+0000] {logging_mixin.py:190} INFO - [2026-04-09T00:37:45.946+0000] {dag.py:3211} INFO - Sync 1 DAGs
[2026-04-09T00:37:45.955+0000] {logging_mixin.py:190} INFO - [2026-04-09T00:37:45.955+0000] {dag.py:4138} INFO - Setting next_dagrun for example_branch_labels to 2026-04-08 00:00:00+00:00, run_after=2026-04-09 00:00:00+00:00
[2026-04-09T00:37:45.966+0000] {processor.py:208} INFO - Processing /home/airflow/.local/lib/python3.12/site-packages/airflow/example_dags/example_branch_labels.py took 0.037 seconds
[2026-04-09T00:38:16.696+0000] {processor.py:186} INFO - Started process (PID=885) to work on /home/airflow/.local/lib/python3.12/site-packages/airflow/example_dags/example_branch_labels.py
[2026-04-09T00:38:16.696+0000] {processor.py:914} INFO - Processing file /home/airflow/.local/lib/python3.12/site-packages/airflow/example_dags/example_branch_labels.py for tasks to queue
[2026-04-09T00:38:16.697+0000] {logging_mixin.py:190} INFO - [2026-04-09T00:38:16.697+0000] {dagbag.py:587} INFO - Filling up the DagBag from /home/airflow/.local/lib/python3.12/site-packages/airflow/example_dags/example_branch_labels.py
[2026-04-09T00:38:16.700+0000] {processor.py:925} INFO - DAG(s) 'example_branch_labels' retrieved from /home/airflow/.local/lib/python3.12/site-packages/airflow/example_dags/example_branch_labels.py
[2026-04-09T00:38:16.707+0000] {logging_mixin.py:190} INFO - [2026-04-09T00:38:16.707+0000] {dag.py:3211} INFO - Sync 1 DAGs
[2026-04-09T00:38:16.714+0000] {logging_mixin.py:190} INFO - [2026-04-09T00:38:16.714+0000] {dag.py:4138} INFO - Setting next_dagrun for example_branch_labels to 2026-04-08 00:00:00+00:00, run_after=2026-04-09 00:00:00+00:00
[2026-04-09T00:38:16.719+0000] {processor.py:208} INFO - Processing /home/airflow/.local/lib/python3.12/site-packages/airflow/example_dags/example_branch_labels.py took 0.025 seconds
[2026-04-09T00:38:47.381+0000] {processor.py:186} INFO - Started process (PID=949) to work on /home/airflow/.local/lib/python3.12/site-packages/airflow/example_dags/example_branch_labels.py
[2026-04-09T00:38:47.381+0000] {processor.py:914} INFO - Processing file /home/airflow/.local/lib/python3.12/site-packages/airflow/example_dags/example_branch_labels.py for tasks to queue
[2026-04-09T00:38:47.382+0000] {logging_mixin.py:190} INFO - [2026-04-09T00:38:47.382+0000] {dagbag.py:587} INFO - Filling up the DagBag from /home/airflow/.local/lib/python3.12/site-packages/airflow/example_dags/example_branch_labels.py
[2026-04-09T00:38:47.386+0000] {processor.py:925} INFO - DAG(s) 'example_branch_labels' retrieved from /home/airflow/.local/lib/python3.12/site-packages/airflow/example_dags/example_branch_labels.py
[2026-04-09T00:38:47.392+0000] {logging_mixin.py:190} INFO - [2026-04-09T00:38:47.392+0000] {dag.py:3211} INFO - Sync 1 DAGs
[2026-04-09T00:38:47.401+0000] {logging_mixin.py:190} INFO - [2026-04-09T00:38:47.401+0000] {dag.py:4138} INFO - Setting next_dagrun for example_branch_labels to 2026-04-08 00:00:00+00:00, run_after=2026-04-09 00:00:00+00:00
[2026-04-09T00:38:47.410+0000] {processor.py:208} INFO - Processing /home/airflow/.local/lib/python3.12/site-packages/airflow/example_dags/example_branch_labels.py took 0.031 seconds
[2026-04-09T00:39:18.155+0000] {processor.py:186} INFO - Started process (PID=1013) to work on /home/airflow/.local/lib/python3.12/site-packages/airflow/example_dags/example_branch_labels.py
[2026-04-09T00:39:18.155+0000] {processor.py:914} INFO - Processing file /home/airflow/.local/lib/python3.12/site-packages/airflow/example_dags/example_branch_labels.py for tasks to queue
[2026-04-09T00:39:18.156+0000] {logging_mixin.py:190} INFO - [2026-04-09T00:39:18.156+0000] {dagbag.py:587} INFO - Filling up the DagBag from /home/airflow/.local/lib/python3.12/site-packages/airflow/example_dags/example_branch_labels.py
[2026-04-09T00:39:18.160+0000] {processor.py:925} INFO - DAG(s) 'example_branch_labels' retrieved from /home/airflow/.local/lib/python3.12/site-packages/airflow/example_dags/example_branch_labels.py
[2026-04-09T00:39:18.170+0000] {logging_mixin.py:190} INFO - [2026-04-09T00:39:18.170+0000] {dag.py:3211} INFO - Sync 1 DAGs
[2026-04-09T00:39:18.179+0000] {logging_mixin.py:190} INFO - [2026-04-09T00:39:18.179+0000] {dag.py:4138} INFO - Setting next_dagrun for example_branch_labels to 2026-04-08 00:00:00+00:00, run_after=2026-04-09 00:00:00+00:00
[2026-04-09T00:39:18.186+0000] {processor.py:208} INFO - Processing /home/airflow/.local/lib/python3.12/site-packages/airflow/example_dags/example_branch_labels.py took 0.034 seconds
[2026-04-09T00:39:48.935+0000] {processor.py:186} INFO - Started process (PID=1077) to work on /home/airflow/.local/lib/python3.12/site-packages/airflow/example_dags/example_branch_labels.py
[2026-04-09T00:39:48.936+0000] {processor.py:914} INFO - Processing file /home/airflow/.local/lib/python3.12/site-packages/airflow/example_dags/example_branch_labels.py for tasks to queue
[2026-04-09T00:39:48.937+0000] {logging_mixin.py:190} INFO - [2026-04-09T00:39:48.937+0000] {dagbag.py:587} INFO - Filling up the DagBag from /home/airflow/.local/lib/python3.12/site-packages/airflow/example_dags/example_branch_labels.py
[2026-04-09T00:39:48.946+0000] {processor.py:925} INFO - DAG(s) 'example_branch_labels' retrieved from /home/airflow/.local/lib/python3.12/site-packages/airflow/example_dags/example_branch_labels.py
[2026-04-09T00:39:48.961+0000] {logging_mixin.py:190} INFO - [2026-04-09T00:39:48.961+0000] {dag.py:3211} INFO - Sync 1 DAGs
[2026-04-09T00:39:48.969+0000] {logging_mixin.py:190} INFO - [2026-04-09T00:39:48.969+0000] {dag.py:4138} INFO - Setting next_dagrun for example_branch_labels to 2026-04-08 00:00:00+00:00, run_after=2026-04-09 00:00:00+00:00
[2026-04-09T00:39:48.978+0000] {processor.py:208} INFO - Processing /home/airflow/.local/lib/python3.12/site-packages/airflow/example_dags/example_branch_labels.py took 0.045 seconds
[2026-04-09T00:40:19.734+0000] {processor.py:186} INFO - Started process (PID=1141) to work on /home/airflow/.local/lib/python3.12/site-packages/airflow/example_dags/example_branch_labels.py
[2026-04-09T00:40:19.734+0000] {processor.py:914} INFO - Processing file /home/airflow/.local/lib/python3.12/site-packages/airflow/example_dags/example_branch_labels.py for tasks to queue
[2026-04-09T00:40:19.737+0000] {logging_mixin.py:190} INFO - [2026-04-09T00:40:19.737+0000] {dagbag.py:587} INFO - Filling up the DagBag from /home/airflow/.local/lib/python3.12/site-packages/airflow/example_dags/example_branch_labels.py
[2026-04-09T00:40:19.740+0000] {processor.py:925} INFO - DAG(s) 'example_branch_labels' retrieved from /home/airflow/.local/lib/python3.12/site-packages/airflow/example_dags/example_branch_labels.py
[2026-04-09T00:40:19.749+0000] {logging_mixin.py:190} INFO - [2026-04-09T00:40:19.749+0000] {dag.py:3211} INFO - Sync 1 DAGs
[2026-04-09T00:40:19.757+0000] {logging_mixin.py:190} INFO - [2026-04-09T00:40:19.757+0000] {dag.py:4138} INFO - Setting next_dagrun for example_branch_labels to 2026-04-08 00:00:00+00:00, run_after=2026-04-09 00:00:00+00:00
[2026-04-09T00:40:19.766+0000] {processor.py:208} INFO - Processing /home/airflow/.local/lib/python3.12/site-packages/airflow/example_dags/example_branch_labels.py took 0.034 seconds
[2026-04-09T00:40:50.505+0000] {processor.py:186} INFO - Started process (PID=1205) to work on /home/airflow/.local/lib/python3.12/site-packages/airflow/example_dags/example_branch_labels.py
[2026-04-09T00:40:50.506+0000] {processor.py:914} INFO - Processing file /home/airflow/.local/lib/python3.12/site-packages/airflow/example_dags/example_branch_labels.py for tasks to queue
[2026-04-09T00:40:50.507+0000] {logging_mixin.py:190} INFO - [2026-04-09T00:40:50.507+0000] {dagbag.py:587} INFO - Filling up the DagBag from /home/airflow/.local/lib/python3.12/site-packages/airflow/example_dags/example_branch_labels.py
[2026-04-09T00:40:50.510+0000] {processor.py:925} INFO - DAG(s) 'example_branch_labels' retrieved from /home/airflow/.local/lib/python3.12/site-packages/airflow/example_dags/example_branch_labels.py
[2026-04-09T00:40:50.519+0000] {logging_mixin.py:190} INFO - [2026-04-09T00:40:50.519+0000] {dag.py:3211} INFO - Sync 1 DAGs
[2026-04-09T00:40:50.527+0000] {logging_mixin.py:190} INFO - [2026-04-09T00:40:50.527+0000] {dag.py:4138} INFO - Setting next_dagrun for example_branch_labels to 2026-04-08 00:00:00+00:00, run_after=2026-04-09 00:00:00+00:00
[2026-04-09T00:40:50.535+0000] {processor.py:208} INFO - Processing /home/airflow/.local/lib/python3.12/site-packages/airflow/example_dags/example_branch_labels.py took 0.032 seconds
[2026-04-09T00:41:21.247+0000] {processor.py:186} INFO - Started process (PID=1269) to work on /home/airflow/.local/lib/python3.12/site-packages/airflow/example_dags/example_branch_labels.py
[2026-04-09T00:41:21.248+0000] {processor.py:914} INFO - Processing file /home/airflow/.local/lib/python3.12/site-packages/airflow/example_dags/example_branch_labels.py for tasks to queue
[2026-04-09T00:41:21.249+0000] {logging_mixin.py:190} INFO - [2026-04-09T00:41:21.249+0000] {dagbag.py:587} INFO - Filling up the DagBag from /home/airflow/.local/lib/python3.12/site-packages/airflow/example_dags/example_branch_labels.py
[2026-04-09T00:41:21.254+0000] {processor.py:925} INFO - DAG(s) 'example_branch_labels' retrieved from /home/airflow/.local/lib/python3.12/site-packages/airflow/example_dags/example_branch_labels.py
[2026-04-09T00:41:21.262+0000] {logging_mixin.py:190} INFO - [2026-04-09T00:41:21.262+0000] {dag.py:3211} INFO - Sync 1 DAGs
[2026-04-09T00:41:21.272+0000] {logging_mixin.py:190} INFO - [2026-04-09T00:41:21.272+0000] {dag.py:4138} INFO - Setting next_dagrun for example_branch_labels to 2026-04-08 00:00:00+00:00, run_after=2026-04-09 00:00:00+00:00
[2026-04-09T00:41:21.285+0000] {processor.py:208} INFO - Processing /home/airflow/.local/lib/python3.12/site-packages/airflow/example_dags/example_branch_labels.py took 0.040 seconds
[2026-04-09T00:41:52.110+0000] {processor.py:186} INFO - Started process (PID=1333) to work on /home/airflow/.local/lib/python3.12/site-packages/airflow/example_dags/example_branch_labels.py
[2026-04-09T00:41:52.113+0000] {processor.py:914} INFO - Processing file /home/airflow/.local/lib/python3.12/site-packages/airflow/example_dags/example_branch_labels.py for tasks to queue
[2026-04-09T00:41:52.116+0000] {logging_mixin.py:190} INFO - [2026-04-09T00:41:52.116+0000] {dagbag.py:587} INFO - Filling up the DagBag from /home/airflow/.local/lib/python3.12/site-packages/airflow/example_dags/example_branch_labels.py
[2026-04-09T00:41:52.120+0000] {processor.py:925} INFO - DAG(s) 'example_branch_labels' retrieved from /home/airflow/.local/lib/python3.12/site-packages/airflow/example_dags/example_branch_labels.py
[2026-04-09T00:41:52.131+0000] {logging_mixin.py:190} INFO - [2026-04-09T00:41:52.131+0000] {dag.py:3211} INFO - Sync 1 DAGs
[2026-04-09T00:41:52.141+0000] {logging_mixin.py:190} INFO - [2026-04-09T00:41:52.141+0000] {dag.py:4138} INFO - Setting next_dagrun for example_branch_labels to 2026-04-08 00:00:00+00:00, run_after=2026-04-09 00:00:00+00:00
[2026-04-09T00:41:52.150+0000] {processor.py:208} INFO - Processing /home/airflow/.local/lib/python3.12/site-packages/airflow/example_dags/example_branch_labels.py took 0.042 seconds
[2026-04-09T00:42:23.121+0000] {processor.py:186} INFO - Started process (PID=1397) to work on /home/airflow/.local/lib/python3.12/site-packages/airflow/example_dags/example_branch_labels.py
[2026-04-09T00:42:23.123+0000] {processor.py:914} INFO - Processing file /home/airflow/.local/lib/python3.12/site-packages/airflow/example_dags/example_branch_labels.py for tasks to queue
[2026-04-09T00:42:23.127+0000] {logging_mixin.py:190} INFO - [2026-04-09T00:42:23.127+0000] {dagbag.py:587} INFO - Filling up the DagBag from /home/airflow/.local/lib/python3.12/site-packages/airflow/example_dags/example_branch_labels.py
[2026-04-09T00:42:23.132+0000] {processor.py:925} INFO - DAG(s) 'example_branch_labels' retrieved from /home/airflow/.local/lib/python3.12/site-packages/airflow/example_dags/example_branch_labels.py
[2026-04-09T00:42:23.143+0000] {logging_mixin.py:190} INFO - [2026-04-09T00:42:23.142+0000] {dag.py:3211} INFO - Sync 1 DAGs
[2026-04-09T00:42:23.155+0000] {logging_mixin.py:190} INFO - [2026-04-09T00:42:23.155+0000] {dag.py:4138} INFO - Setting next_dagrun for example_branch_labels to 2026-04-08 00:00:00+00:00, run_after=2026-04-09 00:00:00+00:00
[2026-04-09T00:42:23.173+0000] {processor.py:208} INFO - Processing /home/airflow/.local/lib/python3.12/site-packages/airflow/example_dags/example_branch_labels.py took 0.054 seconds
[2026-04-09T00:42:54.111+0000] {processor.py:186} INFO - Started process (PID=1461) to work on /home/airflow/.local/lib/python3.12/site-packages/airflow/example_dags/example_branch_labels.py
[2026-04-09T00:42:54.111+0000] {processor.py:914} INFO - Processing file /home/airflow/.local/lib/python3.12/site-packages/airflow/example_dags/example_branch_labels.py for tasks to queue
[2026-04-09T00:42:54.112+0000] {logging_mixin.py:190} INFO - [2026-04-09T00:42:54.112+0000] {dagbag.py:587} INFO - Filling up the DagBag from /home/airflow/.local/lib/python3.12/site-packages/airflow/example_dags/example_branch_labels.py
[2026-04-09T00:42:54.116+0000] {processor.py:925} INFO - DAG(s) 'example_branch_labels' retrieved from /home/airflow/.local/lib/python3.12/site-packages/airflow/example_dags/example_branch_labels.py
[2026-04-09T00:42:54.126+0000] {logging_mixin.py:190} INFO - [2026-04-09T00:42:54.125+0000] {dag.py:3211} INFO - Sync 1 DAGs
[2026-04-09T00:42:54.137+0000] {logging_mixin.py:190} INFO - [2026-04-09T00:42:54.137+0000] {dag.py:4138} INFO - Setting next_dagrun for example_branch_labels to 2026-04-08 00:00:00+00:00, run_after=2026-04-09 00:00:00+00:00
[2026-04-09T00:42:54.146+0000] {processor.py:208} INFO - Processing /home/airflow/.local/lib/python3.12/site-packages/airflow/example_dags/example_branch_labels.py took 0.037 seconds
[2026-04-09T00:43:24.855+0000] {processor.py:186} INFO - Started process (PID=1525) to work on /home/airflow/.local/lib/python3.12/site-packages/airflow/example_dags/example_branch_labels.py
[2026-04-09T00:43:24.858+0000] {processor.py:914} INFO - Processing file /home/airflow/.local/lib/python3.12/site-packages/airflow/example_dags/example_branch_labels.py for tasks to queue
[2026-04-09T00:43:24.859+0000] {logging_mixin.py:190} INFO - [2026-04-09T00:43:24.859+0000] {dagbag.py:587} INFO - Filling up the DagBag from /home/airflow/.local/lib/python3.12/site-packages/airflow/example_dags/example_branch_labels.py
[2026-04-09T00:43:24.862+0000] {processor.py:925} INFO - DAG(s) 'example_branch_labels' retrieved from /home/airflow/.local/lib/python3.12/site-packages/airflow/example_dags/example_branch_labels.py
[2026-04-09T00:43:24.873+0000] {logging_mixin.py:190} INFO - [2026-04-09T00:43:24.872+0000] {dag.py:3211} INFO - Sync 1 DAGs
[2026-04-09T00:43:24.882+0000] {logging_mixin.py:190} INFO - [2026-04-09T00:43:24.882+0000] {dag.py:4138} INFO - Setting next_dagrun for example_branch_labels to 2026-04-08 00:00:00+00:00, run_after=2026-04-09 00:00:00+00:00
[2026-04-09T00:43:24.892+0000] {processor.py:208} INFO - Processing /home/airflow/.local/lib/python3.12/site-packages/airflow/example_dags/example_branch_labels.py took 0.038 seconds
[2026-04-09T00:43:55.636+0000] {processor.py:186} INFO - Started process (PID=1589) to work on /home/airflow/.local/lib/python3.12/site-packages/airflow/example_dags/example_branch_labels.py
[2026-04-09T00:43:55.637+0000] {processor.py:914} INFO - Processing file /home/airflow/.local/lib/python3.12/site-packages/airflow/example_dags/example_branch_labels.py for tasks to queue
[2026-04-09T00:43:55.639+0000] {logging_mixin.py:190} INFO - [2026-04-09T00:43:55.638+0000] {dagbag.py:587} INFO - Filling up the DagBag from /home/airflow/.local/lib/python3.12/site-packages/airflow/example_dags/example_branch_labels.py
[2026-04-09T00:43:55.643+0000] {processor.py:925} INFO - DAG(s) 'example_branch_labels' retrieved from /home/airflow/.local/lib/python3.12/site-packages/airflow/example_dags/example_branch_labels.py
[2026-04-09T00:43:55.653+0000] {logging_mixin.py:190} INFO - [2026-04-09T00:43:55.653+0000] {dag.py:3211} INFO - Sync 1 DAGs
[2026-04-09T00:43:55.663+0000] {logging_mixin.py:190} INFO - [2026-04-09T00:43:55.662+0000] {dag.py:4138} INFO - Setting next_dagrun for example_branch_labels to 2026-04-08 00:00:00+00:00, run_after=2026-04-09 00:00:00+00:00
[2026-04-09T00:43:55.670+0000] {processor.py:208} INFO - Processing /home/airflow/.local/lib/python3.12/site-packages/airflow/example_dags/example_branch_labels.py took 0.036 seconds
[2026-04-09T00:44:26.439+0000] {processor.py:186} INFO - Started process (PID=1653) to work on /home/airflow/.local/lib/python3.12/site-packages/airflow/example_dags/example_branch_labels.py
[2026-04-09T00:44:26.439+0000] {processor.py:914} INFO - Processing file /home/airflow/.local/lib/python3.12/site-packages/airflow/example_dags/example_branch_labels.py for tasks to queue
[2026-04-09T00:44:26.440+0000] {logging_mixin.py:190} INFO - [2026-04-09T00:44:26.440+0000] {dagbag.py:587} INFO - Filling up the DagBag from /home/airflow/.local/lib/python3.12/site-packages/airflow/example_dags/example_branch_labels.py
[2026-04-09T00:44:26.444+0000] {processor.py:925} INFO - DAG(s) 'example_branch_labels' retrieved from /home/airflow/.local/lib/python3.12/site-packages/airflow/example_dags/example_branch_labels.py
[2026-04-09T00:44:26.454+0000] {logging_mixin.py:190} INFO - [2026-04-09T00:44:26.451+0000] {dag.py:3211} INFO - Sync 1 DAGs
[2026-04-09T00:44:26.462+0000] {logging_mixin.py:190} INFO - [2026-04-09T00:44:26.462+0000] {dag.py:4138} INFO - Setting next_dagrun for example_branch_labels to 2026-04-08 00:00:00+00:00, run_after=2026-04-09 00:00:00+00:00
[2026-04-09T00:44:26.470+0000] {processor.py:208} INFO - Processing /home/airflow/.local/lib/python3.12/site-packages/airflow/example_dags/example_branch_labels.py took 0.033 seconds
[2026-04-09T00:44:57.215+0000] {processor.py:186} INFO - Started process (PID=1717) to work on /home/airflow/.local/lib/python3.12/site-packages/airflow/example_dags/example_branch_labels.py
[2026-04-09T00:44:57.215+0000] {processor.py:914} INFO - Processing file /home/airflow/.local/lib/python3.12/site-packages/airflow/example_dags/example_branch_labels.py for tasks to queue
[2026-04-09T00:44:57.217+0000] {logging_mixin.py:190} INFO - [2026-04-09T00:44:57.217+0000] {dagbag.py:587} INFO - Filling up the DagBag from /home/airflow/.local/lib/python3.12/site-packages/airflow/example_dags/example_branch_labels.py
[2026-04-09T00:44:57.222+0000] {processor.py:925} INFO - DAG(s) 'example_branch_labels' retrieved from /home/airflow/.local/lib/python3.12/site-packages/airflow/example_dags/example_branch_labels.py
[2026-04-09T00:44:57.232+0000] {logging_mixin.py:190} INFO - [2026-04-09T00:44:57.232+0000] {dag.py:3211} INFO - Sync 1 DAGs
[2026-04-09T00:44:57.241+0000] {logging_mixin.py:190} INFO - [2026-04-09T00:44:57.241+0000] {dag.py:4138} INFO - Setting next_dagrun for example_branch_labels to 2026-04-08 00:00:00+00:00, run_after=2026-04-09 00:00:00+00:00
[2026-04-09T00:44:57.249+0000] {processor.py:208} INFO - Processing /home/airflow/.local/lib/python3.12/site-packages/airflow/example_dags/example_branch_labels.py took 0.036 seconds
[2026-04-09T00:45:28.204+0000] {processor.py:186} INFO - Started process (PID=1780) to work on /home/airflow/.local/lib/python3.12/site-packages/airflow/example_dags/example_branch_labels.py
[2026-04-09T00:45:28.205+0000] {processor.py:914} INFO - Processing file /home/airflow/.local/lib/python3.12/site-packages/airflow/example_dags/example_branch_labels.py for tasks to queue
[2026-04-09T00:45:28.206+0000] {logging_mixin.py:190} INFO - [2026-04-09T00:45:28.205+0000] {dagbag.py:587} INFO - Filling up the DagBag from /home/airflow/.local/lib/python3.12/site-packages/airflow/example_dags/example_branch_labels.py
[2026-04-09T00:45:28.210+0000] {processor.py:925} INFO - DAG(s) 'example_branch_labels' retrieved from /home/airflow/.local/lib/python3.12/site-packages/airflow/example_dags/example_branch_labels.py
[2026-04-09T00:45:28.220+0000] {logging_mixin.py:190} INFO - [2026-04-09T00:45:28.219+0000] {dag.py:3211} INFO - Sync 1 DAGs
[2026-04-09T00:45:28.232+0000] {logging_mixin.py:190} INFO - [2026-04-09T00:45:28.232+0000] {dag.py:4138} INFO - Setting next_dagrun for example_branch_labels to 2026-04-08 00:00:00+00:00, run_after=2026-04-09 00:00:00+00:00
[2026-04-09T00:45:28.242+0000] {processor.py:208} INFO - Processing /home/airflow/.local/lib/python3.12/site-packages/airflow/example_dags/example_branch_labels.py took 0.040 seconds
[2026-04-09T00:45:59.175+0000] {processor.py:186} INFO - Started process (PID=1844) to work on /home/airflow/.local/lib/python3.12/site-packages/airflow/example_dags/example_branch_labels.py
[2026-04-09T00:45:59.175+0000] {processor.py:914} INFO - Processing file /home/airflow/.local/lib/python3.12/site-packages/airflow/example_dags/example_branch_labels.py for tasks to queue
[2026-04-09T00:45:59.178+0000] {logging_mixin.py:190} INFO - [2026-04-09T00:45:59.178+0000] {dagbag.py:587} INFO - Filling up the DagBag from /home/airflow/.local/lib/python3.12/site-packages/airflow/example_dags/example_branch_labels.py
[2026-04-09T00:45:59.182+0000] {processor.py:925} INFO - DAG(s) 'example_branch_labels' retrieved from /home/airflow/.local/lib/python3.12/site-packages/airflow/example_dags/example_branch_labels.py
[2026-04-09T00:45:59.197+0000] {logging_mixin.py:190} INFO - [2026-04-09T00:45:59.197+0000] {dag.py:3211} INFO - Sync 1 DAGs
[2026-04-09T00:45:59.207+0000] {logging_mixin.py:190} INFO - [2026-04-09T00:45:59.207+0000] {dag.py:4138} INFO - Setting next_dagrun for example_branch_labels to 2026-04-08 00:00:00+00:00, run_after=2026-04-09 00:00:00+00:00
[2026-04-09T00:45:59.216+0000] {processor.py:208} INFO - Processing /home/airflow/.local/lib/python3.12/site-packages/airflow/example_dags/example_branch_labels.py took 0.044 seconds
