[2026-04-09T00:31:35.855+0000] {processor.py:186} INFO - Started process (PID=41) to work on /home/airflow/.local/lib/python3.12/site-packages/airflow/example_dags/example_branch_day_of_week_operator.py
[2026-04-09T00:31:35.856+0000] {processor.py:914} INFO - Processing file /home/airflow/.local/lib/python3.12/site-packages/airflow/example_dags/example_branch_day_of_week_operator.py for tasks to queue
[2026-04-09T00:31:35.857+0000] {logging_mixin.py:190} INFO - [2026-04-09T00:31:35.857+0000] {dagbag.py:587} INFO - Filling up the DagBag from /home/airflow/.local/lib/python3.12/site-packages/airflow/example_dags/example_branch_day_of_week_operator.py
[2026-04-09T00:31:35.865+0000] {processor.py:925} INFO - DAG(s) 'example_weekday_branch_operator' retrieved from /home/airflow/.local/lib/python3.12/site-packages/airflow/example_dags/example_branch_day_of_week_operator.py
[2026-04-09T00:31:35.933+0000] {logging_mixin.py:190} INFO - [2026-04-09T00:31:35.933+0000] {dag.py:3211} INFO - Sync 1 DAGs
[2026-04-09T00:31:35.948+0000] {logging_mixin.py:190} INFO - [2026-04-09T00:31:35.948+0000] {dag.py:4138} INFO - Setting next_dagrun for example_weekday_branch_operator to 2026-04-08 00:00:00+00:00, run_after=2026-04-09 00:00:00+00:00
[2026-04-09T00:31:35.975+0000] {processor.py:208} INFO - Processing /home/airflow/.local/lib/python3.12/site-packages/airflow/example_dags/example_branch_day_of_week_operator.py took 0.125 seconds
[2026-04-09T00:32:06.830+0000] {processor.py:186} INFO - Started process (PID=104) to work on /home/airflow/.local/lib/python3.12/site-packages/airflow/example_dags/example_branch_day_of_week_operator.py
[2026-04-09T00:32:06.831+0000] {processor.py:914} INFO - Processing file /home/airflow/.local/lib/python3.12/site-packages/airflow/example_dags/example_branch_day_of_week_operator.py for tasks to queue
[2026-04-09T00:32:06.838+0000] {logging_mixin.py:190} INFO - [2026-04-09T00:32:06.838+0000] {dagbag.py:587} INFO - Filling up the DagBag from /home/airflow/.local/lib/python3.12/site-packages/airflow/example_dags/example_branch_day_of_week_operator.py
[2026-04-09T00:32:06.844+0000] {processor.py:925} INFO - DAG(s) 'example_weekday_branch_operator' retrieved from /home/airflow/.local/lib/python3.12/site-packages/airflow/example_dags/example_branch_day_of_week_operator.py
[2026-04-09T00:32:06.858+0000] {logging_mixin.py:190} INFO - [2026-04-09T00:32:06.858+0000] {dag.py:3211} INFO - Sync 1 DAGs
[2026-04-09T00:32:06.869+0000] {logging_mixin.py:190} INFO - [2026-04-09T00:32:06.868+0000] {dag.py:4138} INFO - Setting next_dagrun for example_weekday_branch_operator to 2026-04-08 00:00:00+00:00, run_after=2026-04-09 00:00:00+00:00
[2026-04-09T00:32:06.876+0000] {processor.py:208} INFO - Processing /home/airflow/.local/lib/python3.12/site-packages/airflow/example_dags/example_branch_day_of_week_operator.py took 0.049 seconds
[2026-04-09T00:32:37.738+0000] {processor.py:186} INFO - Started process (PID=168) to work on /home/airflow/.local/lib/python3.12/site-packages/airflow/example_dags/example_branch_day_of_week_operator.py
[2026-04-09T00:32:37.739+0000] {processor.py:914} INFO - Processing file /home/airflow/.local/lib/python3.12/site-packages/airflow/example_dags/example_branch_day_of_week_operator.py for tasks to queue
[2026-04-09T00:32:37.741+0000] {logging_mixin.py:190} INFO - [2026-04-09T00:32:37.741+0000] {dagbag.py:587} INFO - Filling up the DagBag from /home/airflow/.local/lib/python3.12/site-packages/airflow/example_dags/example_branch_day_of_week_operator.py
[2026-04-09T00:32:37.748+0000] {processor.py:925} INFO - DAG(s) 'example_weekday_branch_operator' retrieved from /home/airflow/.local/lib/python3.12/site-packages/airflow/example_dags/example_branch_day_of_week_operator.py
[2026-04-09T00:32:37.768+0000] {logging_mixin.py:190} INFO - [2026-04-09T00:32:37.767+0000] {dag.py:3211} INFO - Sync 1 DAGs
[2026-04-09T00:32:37.779+0000] {logging_mixin.py:190} INFO - [2026-04-09T00:32:37.779+0000] {dag.py:4138} INFO - Setting next_dagrun for example_weekday_branch_operator to 2026-04-08 00:00:00+00:00, run_after=2026-04-09 00:00:00+00:00
[2026-04-09T00:32:37.788+0000] {processor.py:208} INFO - Processing /home/airflow/.local/lib/python3.12/site-packages/airflow/example_dags/example_branch_day_of_week_operator.py took 0.054 seconds
[2026-04-09T00:33:08.658+0000] {processor.py:186} INFO - Started process (PID=232) to work on /home/airflow/.local/lib/python3.12/site-packages/airflow/example_dags/example_branch_day_of_week_operator.py
[2026-04-09T00:33:08.660+0000] {processor.py:914} INFO - Processing file /home/airflow/.local/lib/python3.12/site-packages/airflow/example_dags/example_branch_day_of_week_operator.py for tasks to queue
[2026-04-09T00:33:08.661+0000] {logging_mixin.py:190} INFO - [2026-04-09T00:33:08.661+0000] {dagbag.py:587} INFO - Filling up the DagBag from /home/airflow/.local/lib/python3.12/site-packages/airflow/example_dags/example_branch_day_of_week_operator.py
[2026-04-09T00:33:08.670+0000] {processor.py:925} INFO - DAG(s) 'example_weekday_branch_operator' retrieved from /home/airflow/.local/lib/python3.12/site-packages/airflow/example_dags/example_branch_day_of_week_operator.py
[2026-04-09T00:33:08.684+0000] {logging_mixin.py:190} INFO - [2026-04-09T00:33:08.684+0000] {dag.py:3211} INFO - Sync 1 DAGs
[2026-04-09T00:33:08.695+0000] {logging_mixin.py:190} INFO - [2026-04-09T00:33:08.695+0000] {dag.py:4138} INFO - Setting next_dagrun for example_weekday_branch_operator to 2026-04-08 00:00:00+00:00, run_after=2026-04-09 00:00:00+00:00
[2026-04-09T00:33:08.704+0000] {processor.py:208} INFO - Processing /home/airflow/.local/lib/python3.12/site-packages/airflow/example_dags/example_branch_day_of_week_operator.py took 0.051 seconds
[2026-04-09T00:33:39.441+0000] {processor.py:186} INFO - Started process (PID=296) to work on /home/airflow/.local/lib/python3.12/site-packages/airflow/example_dags/example_branch_day_of_week_operator.py
[2026-04-09T00:33:39.442+0000] {processor.py:914} INFO - Processing file /home/airflow/.local/lib/python3.12/site-packages/airflow/example_dags/example_branch_day_of_week_operator.py for tasks to queue
[2026-04-09T00:33:39.445+0000] {logging_mixin.py:190} INFO - [2026-04-09T00:33:39.445+0000] {dagbag.py:587} INFO - Filling up the DagBag from /home/airflow/.local/lib/python3.12/site-packages/airflow/example_dags/example_branch_day_of_week_operator.py
[2026-04-09T00:33:39.453+0000] {processor.py:925} INFO - DAG(s) 'example_weekday_branch_operator' retrieved from /home/airflow/.local/lib/python3.12/site-packages/airflow/example_dags/example_branch_day_of_week_operator.py
[2026-04-09T00:33:39.469+0000] {logging_mixin.py:190} INFO - [2026-04-09T00:33:39.469+0000] {dag.py:3211} INFO - Sync 1 DAGs
[2026-04-09T00:33:39.479+0000] {logging_mixin.py:190} INFO - [2026-04-09T00:33:39.479+0000] {dag.py:4138} INFO - Setting next_dagrun for example_weekday_branch_operator to 2026-04-08 00:00:00+00:00, run_after=2026-04-09 00:00:00+00:00
[2026-04-09T00:33:39.488+0000] {processor.py:208} INFO - Processing /home/airflow/.local/lib/python3.12/site-packages/airflow/example_dags/example_branch_day_of_week_operator.py took 0.052 seconds
[2026-04-09T00:34:10.280+0000] {processor.py:186} INFO - Started process (PID=366) to work on /home/airflow/.local/lib/python3.12/site-packages/airflow/example_dags/example_branch_day_of_week_operator.py
[2026-04-09T00:34:10.281+0000] {processor.py:914} INFO - Processing file /home/airflow/.local/lib/python3.12/site-packages/airflow/example_dags/example_branch_day_of_week_operator.py for tasks to queue
[2026-04-09T00:34:10.285+0000] {logging_mixin.py:190} INFO - [2026-04-09T00:34:10.285+0000] {dagbag.py:587} INFO - Filling up the DagBag from /home/airflow/.local/lib/python3.12/site-packages/airflow/example_dags/example_branch_day_of_week_operator.py
[2026-04-09T00:34:10.292+0000] {processor.py:925} INFO - DAG(s) 'example_weekday_branch_operator' retrieved from /home/airflow/.local/lib/python3.12/site-packages/airflow/example_dags/example_branch_day_of_week_operator.py
[2026-04-09T00:34:10.304+0000] {logging_mixin.py:190} INFO - [2026-04-09T00:34:10.304+0000] {dag.py:3211} INFO - Sync 1 DAGs
[2026-04-09T00:34:10.315+0000] {logging_mixin.py:190} INFO - [2026-04-09T00:34:10.315+0000] {dag.py:4138} INFO - Setting next_dagrun for example_weekday_branch_operator to 2026-04-08 00:00:00+00:00, run_after=2026-04-09 00:00:00+00:00
[2026-04-09T00:34:10.323+0000] {processor.py:208} INFO - Processing /home/airflow/.local/lib/python3.12/site-packages/airflow/example_dags/example_branch_day_of_week_operator.py took 0.048 seconds
[2026-04-09T00:34:41.160+0000] {processor.py:186} INFO - Started process (PID=430) to work on /home/airflow/.local/lib/python3.12/site-packages/airflow/example_dags/example_branch_day_of_week_operator.py
[2026-04-09T00:34:41.161+0000] {processor.py:914} INFO - Processing file /home/airflow/.local/lib/python3.12/site-packages/airflow/example_dags/example_branch_day_of_week_operator.py for tasks to queue
[2026-04-09T00:34:41.164+0000] {logging_mixin.py:190} INFO - [2026-04-09T00:34:41.164+0000] {dagbag.py:587} INFO - Filling up the DagBag from /home/airflow/.local/lib/python3.12/site-packages/airflow/example_dags/example_branch_day_of_week_operator.py
[2026-04-09T00:34:41.170+0000] {processor.py:925} INFO - DAG(s) 'example_weekday_branch_operator' retrieved from /home/airflow/.local/lib/python3.12/site-packages/airflow/example_dags/example_branch_day_of_week_operator.py
[2026-04-09T00:34:41.184+0000] {logging_mixin.py:190} INFO - [2026-04-09T00:34:41.184+0000] {dag.py:3211} INFO - Sync 1 DAGs
[2026-04-09T00:34:41.196+0000] {logging_mixin.py:190} INFO - [2026-04-09T00:34:41.196+0000] {dag.py:4138} INFO - Setting next_dagrun for example_weekday_branch_operator to 2026-04-08 00:00:00+00:00, run_after=2026-04-09 00:00:00+00:00
[2026-04-09T00:34:41.205+0000] {processor.py:208} INFO - Processing /home/airflow/.local/lib/python3.12/site-packages/airflow/example_dags/example_branch_day_of_week_operator.py took 0.049 seconds
[2026-04-09T00:35:11.901+0000] {processor.py:186} INFO - Started process (PID=494) to work on /home/airflow/.local/lib/python3.12/site-packages/airflow/example_dags/example_branch_day_of_week_operator.py
[2026-04-09T00:35:11.903+0000] {processor.py:914} INFO - Processing file /home/airflow/.local/lib/python3.12/site-packages/airflow/example_dags/example_branch_day_of_week_operator.py for tasks to queue
[2026-04-09T00:35:11.905+0000] {logging_mixin.py:190} INFO - [2026-04-09T00:35:11.904+0000] {dagbag.py:587} INFO - Filling up the DagBag from /home/airflow/.local/lib/python3.12/site-packages/airflow/example_dags/example_branch_day_of_week_operator.py
[2026-04-09T00:35:11.912+0000] {processor.py:925} INFO - DAG(s) 'example_weekday_branch_operator' retrieved from /home/airflow/.local/lib/python3.12/site-packages/airflow/example_dags/example_branch_day_of_week_operator.py
[2026-04-09T00:35:11.927+0000] {logging_mixin.py:190} INFO - [2026-04-09T00:35:11.927+0000] {dag.py:3211} INFO - Sync 1 DAGs
[2026-04-09T00:35:11.939+0000] {logging_mixin.py:190} INFO - [2026-04-09T00:35:11.938+0000] {dag.py:4138} INFO - Setting next_dagrun for example_weekday_branch_operator to 2026-04-08 00:00:00+00:00, run_after=2026-04-09 00:00:00+00:00
[2026-04-09T00:35:11.948+0000] {processor.py:208} INFO - Processing /home/airflow/.local/lib/python3.12/site-packages/airflow/example_dags/example_branch_day_of_week_operator.py took 0.052 seconds
[2026-04-09T00:35:42.558+0000] {processor.py:186} INFO - Started process (PID=557) to work on /home/airflow/.local/lib/python3.12/site-packages/airflow/example_dags/example_branch_day_of_week_operator.py
[2026-04-09T00:35:42.561+0000] {processor.py:914} INFO - Processing file /home/airflow/.local/lib/python3.12/site-packages/airflow/example_dags/example_branch_day_of_week_operator.py for tasks to queue
[2026-04-09T00:35:42.562+0000] {logging_mixin.py:190} INFO - [2026-04-09T00:35:42.562+0000] {dagbag.py:587} INFO - Filling up the DagBag from /home/airflow/.local/lib/python3.12/site-packages/airflow/example_dags/example_branch_day_of_week_operator.py
[2026-04-09T00:35:42.567+0000] {processor.py:925} INFO - DAG(s) 'example_weekday_branch_operator' retrieved from /home/airflow/.local/lib/python3.12/site-packages/airflow/example_dags/example_branch_day_of_week_operator.py
[2026-04-09T00:35:42.581+0000] {logging_mixin.py:190} INFO - [2026-04-09T00:35:42.581+0000] {dag.py:3211} INFO - Sync 1 DAGs
[2026-04-09T00:35:42.595+0000] {logging_mixin.py:190} INFO - [2026-04-09T00:35:42.595+0000] {dag.py:4138} INFO - Setting next_dagrun for example_weekday_branch_operator to 2026-04-08 00:00:00+00:00, run_after=2026-04-09 00:00:00+00:00
[2026-04-09T00:35:42.606+0000] {processor.py:208} INFO - Processing /home/airflow/.local/lib/python3.12/site-packages/airflow/example_dags/example_branch_day_of_week_operator.py took 0.051 seconds
[2026-04-09T00:36:13.396+0000] {processor.py:186} INFO - Started process (PID=621) to work on /home/airflow/.local/lib/python3.12/site-packages/airflow/example_dags/example_branch_day_of_week_operator.py
[2026-04-09T00:36:13.399+0000] {processor.py:914} INFO - Processing file /home/airflow/.local/lib/python3.12/site-packages/airflow/example_dags/example_branch_day_of_week_operator.py for tasks to queue
[2026-04-09T00:36:13.402+0000] {logging_mixin.py:190} INFO - [2026-04-09T00:36:13.402+0000] {dagbag.py:587} INFO - Filling up the DagBag from /home/airflow/.local/lib/python3.12/site-packages/airflow/example_dags/example_branch_day_of_week_operator.py
[2026-04-09T00:36:13.411+0000] {processor.py:925} INFO - DAG(s) 'example_weekday_branch_operator' retrieved from /home/airflow/.local/lib/python3.12/site-packages/airflow/example_dags/example_branch_day_of_week_operator.py
[2026-04-09T00:36:13.427+0000] {logging_mixin.py:190} INFO - [2026-04-09T00:36:13.427+0000] {dag.py:3211} INFO - Sync 1 DAGs
[2026-04-09T00:36:13.438+0000] {logging_mixin.py:190} INFO - [2026-04-09T00:36:13.438+0000] {dag.py:4138} INFO - Setting next_dagrun for example_weekday_branch_operator to 2026-04-08 00:00:00+00:00, run_after=2026-04-09 00:00:00+00:00
[2026-04-09T00:36:13.448+0000] {processor.py:208} INFO - Processing /home/airflow/.local/lib/python3.12/site-packages/airflow/example_dags/example_branch_day_of_week_operator.py took 0.057 seconds
[2026-04-09T00:36:44.225+0000] {processor.py:186} INFO - Started process (PID=685) to work on /home/airflow/.local/lib/python3.12/site-packages/airflow/example_dags/example_branch_day_of_week_operator.py
[2026-04-09T00:36:44.226+0000] {processor.py:914} INFO - Processing file /home/airflow/.local/lib/python3.12/site-packages/airflow/example_dags/example_branch_day_of_week_operator.py for tasks to queue
[2026-04-09T00:36:44.228+0000] {logging_mixin.py:190} INFO - [2026-04-09T00:36:44.228+0000] {dagbag.py:587} INFO - Filling up the DagBag from /home/airflow/.local/lib/python3.12/site-packages/airflow/example_dags/example_branch_day_of_week_operator.py
[2026-04-09T00:36:44.237+0000] {processor.py:925} INFO - DAG(s) 'example_weekday_branch_operator' retrieved from /home/airflow/.local/lib/python3.12/site-packages/airflow/example_dags/example_branch_day_of_week_operator.py
[2026-04-09T00:36:44.253+0000] {logging_mixin.py:190} INFO - [2026-04-09T00:36:44.252+0000] {dag.py:3211} INFO - Sync 1 DAGs
[2026-04-09T00:36:44.267+0000] {logging_mixin.py:190} INFO - [2026-04-09T00:36:44.266+0000] {dag.py:4138} INFO - Setting next_dagrun for example_weekday_branch_operator to 2026-04-08 00:00:00+00:00, run_after=2026-04-09 00:00:00+00:00
[2026-04-09T00:36:44.276+0000] {processor.py:208} INFO - Processing /home/airflow/.local/lib/python3.12/site-packages/airflow/example_dags/example_branch_day_of_week_operator.py took 0.056 seconds
[2026-04-09T00:37:15.013+0000] {processor.py:186} INFO - Started process (PID=749) to work on /home/airflow/.local/lib/python3.12/site-packages/airflow/example_dags/example_branch_day_of_week_operator.py
[2026-04-09T00:37:15.014+0000] {processor.py:914} INFO - Processing file /home/airflow/.local/lib/python3.12/site-packages/airflow/example_dags/example_branch_day_of_week_operator.py for tasks to queue
[2026-04-09T00:37:15.017+0000] {logging_mixin.py:190} INFO - [2026-04-09T00:37:15.016+0000] {dagbag.py:587} INFO - Filling up the DagBag from /home/airflow/.local/lib/python3.12/site-packages/airflow/example_dags/example_branch_day_of_week_operator.py
[2026-04-09T00:37:15.025+0000] {processor.py:925} INFO - DAG(s) 'example_weekday_branch_operator' retrieved from /home/airflow/.local/lib/python3.12/site-packages/airflow/example_dags/example_branch_day_of_week_operator.py
[2026-04-09T00:37:15.040+0000] {logging_mixin.py:190} INFO - [2026-04-09T00:37:15.040+0000] {dag.py:3211} INFO - Sync 1 DAGs
[2026-04-09T00:37:15.049+0000] {logging_mixin.py:190} INFO - [2026-04-09T00:37:15.049+0000] {dag.py:4138} INFO - Setting next_dagrun for example_weekday_branch_operator to 2026-04-08 00:00:00+00:00, run_after=2026-04-09 00:00:00+00:00
[2026-04-09T00:37:15.059+0000] {processor.py:208} INFO - Processing /home/airflow/.local/lib/python3.12/site-packages/airflow/example_dags/example_branch_day_of_week_operator.py took 0.051 seconds
[2026-04-09T00:37:45.713+0000] {processor.py:186} INFO - Started process (PID=813) to work on /home/airflow/.local/lib/python3.12/site-packages/airflow/example_dags/example_branch_day_of_week_operator.py
[2026-04-09T00:37:45.714+0000] {processor.py:914} INFO - Processing file /home/airflow/.local/lib/python3.12/site-packages/airflow/example_dags/example_branch_day_of_week_operator.py for tasks to queue
[2026-04-09T00:37:45.716+0000] {logging_mixin.py:190} INFO - [2026-04-09T00:37:45.716+0000] {dagbag.py:587} INFO - Filling up the DagBag from /home/airflow/.local/lib/python3.12/site-packages/airflow/example_dags/example_branch_day_of_week_operator.py
[2026-04-09T00:37:45.724+0000] {processor.py:925} INFO - DAG(s) 'example_weekday_branch_operator' retrieved from /home/airflow/.local/lib/python3.12/site-packages/airflow/example_dags/example_branch_day_of_week_operator.py
[2026-04-09T00:37:45.736+0000] {logging_mixin.py:190} INFO - [2026-04-09T00:37:45.736+0000] {dag.py:3211} INFO - Sync 1 DAGs
[2026-04-09T00:37:45.750+0000] {logging_mixin.py:190} INFO - [2026-04-09T00:37:45.750+0000] {dag.py:4138} INFO - Setting next_dagrun for example_weekday_branch_operator to 2026-04-08 00:00:00+00:00, run_after=2026-04-09 00:00:00+00:00
[2026-04-09T00:37:45.759+0000] {processor.py:208} INFO - Processing /home/airflow/.local/lib/python3.12/site-packages/airflow/example_dags/example_branch_day_of_week_operator.py took 0.051 seconds
[2026-04-09T00:38:16.476+0000] {processor.py:186} INFO - Started process (PID=877) to work on /home/airflow/.local/lib/python3.12/site-packages/airflow/example_dags/example_branch_day_of_week_operator.py
[2026-04-09T00:38:16.477+0000] {processor.py:914} INFO - Processing file /home/airflow/.local/lib/python3.12/site-packages/airflow/example_dags/example_branch_day_of_week_operator.py for tasks to queue
[2026-04-09T00:38:16.480+0000] {logging_mixin.py:190} INFO - [2026-04-09T00:38:16.480+0000] {dagbag.py:587} INFO - Filling up the DagBag from /home/airflow/.local/lib/python3.12/site-packages/airflow/example_dags/example_branch_day_of_week_operator.py
[2026-04-09T00:38:16.489+0000] {processor.py:925} INFO - DAG(s) 'example_weekday_branch_operator' retrieved from /home/airflow/.local/lib/python3.12/site-packages/airflow/example_dags/example_branch_day_of_week_operator.py
[2026-04-09T00:38:16.505+0000] {logging_mixin.py:190} INFO - [2026-04-09T00:38:16.505+0000] {dag.py:3211} INFO - Sync 1 DAGs
[2026-04-09T00:38:16.518+0000] {logging_mixin.py:190} INFO - [2026-04-09T00:38:16.518+0000] {dag.py:4138} INFO - Setting next_dagrun for example_weekday_branch_operator to 2026-04-08 00:00:00+00:00, run_after=2026-04-09 00:00:00+00:00
[2026-04-09T00:38:16.525+0000] {processor.py:208} INFO - Processing /home/airflow/.local/lib/python3.12/site-packages/airflow/example_dags/example_branch_day_of_week_operator.py took 0.054 seconds
[2026-04-09T00:38:47.174+0000] {processor.py:186} INFO - Started process (PID=941) to work on /home/airflow/.local/lib/python3.12/site-packages/airflow/example_dags/example_branch_day_of_week_operator.py
[2026-04-09T00:38:47.175+0000] {processor.py:914} INFO - Processing file /home/airflow/.local/lib/python3.12/site-packages/airflow/example_dags/example_branch_day_of_week_operator.py for tasks to queue
[2026-04-09T00:38:47.177+0000] {logging_mixin.py:190} INFO - [2026-04-09T00:38:47.177+0000] {dagbag.py:587} INFO - Filling up the DagBag from /home/airflow/.local/lib/python3.12/site-packages/airflow/example_dags/example_branch_day_of_week_operator.py
[2026-04-09T00:38:47.185+0000] {processor.py:925} INFO - DAG(s) 'example_weekday_branch_operator' retrieved from /home/airflow/.local/lib/python3.12/site-packages/airflow/example_dags/example_branch_day_of_week_operator.py
[2026-04-09T00:38:47.195+0000] {logging_mixin.py:190} INFO - [2026-04-09T00:38:47.195+0000] {dag.py:3211} INFO - Sync 1 DAGs
[2026-04-09T00:38:47.209+0000] {logging_mixin.py:190} INFO - [2026-04-09T00:38:47.209+0000] {dag.py:4138} INFO - Setting next_dagrun for example_weekday_branch_operator to 2026-04-08 00:00:00+00:00, run_after=2026-04-09 00:00:00+00:00
[2026-04-09T00:38:47.218+0000] {processor.py:208} INFO - Processing /home/airflow/.local/lib/python3.12/site-packages/airflow/example_dags/example_branch_day_of_week_operator.py took 0.048 seconds
[2026-04-09T00:39:17.965+0000] {processor.py:186} INFO - Started process (PID=1005) to work on /home/airflow/.local/lib/python3.12/site-packages/airflow/example_dags/example_branch_day_of_week_operator.py
[2026-04-09T00:39:17.966+0000] {processor.py:914} INFO - Processing file /home/airflow/.local/lib/python3.12/site-packages/airflow/example_dags/example_branch_day_of_week_operator.py for tasks to queue
[2026-04-09T00:39:17.968+0000] {logging_mixin.py:190} INFO - [2026-04-09T00:39:17.968+0000] {dagbag.py:587} INFO - Filling up the DagBag from /home/airflow/.local/lib/python3.12/site-packages/airflow/example_dags/example_branch_day_of_week_operator.py
[2026-04-09T00:39:17.974+0000] {processor.py:925} INFO - DAG(s) 'example_weekday_branch_operator' retrieved from /home/airflow/.local/lib/python3.12/site-packages/airflow/example_dags/example_branch_day_of_week_operator.py
[2026-04-09T00:39:17.986+0000] {logging_mixin.py:190} INFO - [2026-04-09T00:39:17.986+0000] {dag.py:3211} INFO - Sync 1 DAGs
[2026-04-09T00:39:17.997+0000] {logging_mixin.py:190} INFO - [2026-04-09T00:39:17.997+0000] {dag.py:4138} INFO - Setting next_dagrun for example_weekday_branch_operator to 2026-04-08 00:00:00+00:00, run_after=2026-04-09 00:00:00+00:00
[2026-04-09T00:39:18.007+0000] {processor.py:208} INFO - Processing /home/airflow/.local/lib/python3.12/site-packages/airflow/example_dags/example_branch_day_of_week_operator.py took 0.048 seconds
[2026-04-09T00:39:48.724+0000] {processor.py:186} INFO - Started process (PID=1069) to work on /home/airflow/.local/lib/python3.12/site-packages/airflow/example_dags/example_branch_day_of_week_operator.py
[2026-04-09T00:39:48.727+0000] {processor.py:914} INFO - Processing file /home/airflow/.local/lib/python3.12/site-packages/airflow/example_dags/example_branch_day_of_week_operator.py for tasks to queue
[2026-04-09T00:39:48.728+0000] {logging_mixin.py:190} INFO - [2026-04-09T00:39:48.728+0000] {dagbag.py:587} INFO - Filling up the DagBag from /home/airflow/.local/lib/python3.12/site-packages/airflow/example_dags/example_branch_day_of_week_operator.py
[2026-04-09T00:39:48.735+0000] {processor.py:925} INFO - DAG(s) 'example_weekday_branch_operator' retrieved from /home/airflow/.local/lib/python3.12/site-packages/airflow/example_dags/example_branch_day_of_week_operator.py
[2026-04-09T00:39:48.750+0000] {logging_mixin.py:190} INFO - [2026-04-09T00:39:48.750+0000] {dag.py:3211} INFO - Sync 1 DAGs
[2026-04-09T00:39:48.762+0000] {logging_mixin.py:190} INFO - [2026-04-09T00:39:48.762+0000] {dag.py:4138} INFO - Setting next_dagrun for example_weekday_branch_operator to 2026-04-08 00:00:00+00:00, run_after=2026-04-09 00:00:00+00:00
[2026-04-09T00:39:48.771+0000] {processor.py:208} INFO - Processing /home/airflow/.local/lib/python3.12/site-packages/airflow/example_dags/example_branch_day_of_week_operator.py took 0.051 seconds
[2026-04-09T00:40:19.530+0000] {processor.py:186} INFO - Started process (PID=1133) to work on /home/airflow/.local/lib/python3.12/site-packages/airflow/example_dags/example_branch_day_of_week_operator.py
[2026-04-09T00:40:19.534+0000] {processor.py:914} INFO - Processing file /home/airflow/.local/lib/python3.12/site-packages/airflow/example_dags/example_branch_day_of_week_operator.py for tasks to queue
[2026-04-09T00:40:19.536+0000] {logging_mixin.py:190} INFO - [2026-04-09T00:40:19.536+0000] {dagbag.py:587} INFO - Filling up the DagBag from /home/airflow/.local/lib/python3.12/site-packages/airflow/example_dags/example_branch_day_of_week_operator.py
[2026-04-09T00:40:19.542+0000] {processor.py:925} INFO - DAG(s) 'example_weekday_branch_operator' retrieved from /home/airflow/.local/lib/python3.12/site-packages/airflow/example_dags/example_branch_day_of_week_operator.py
[2026-04-09T00:40:19.560+0000] {logging_mixin.py:190} INFO - [2026-04-09T00:40:19.560+0000] {dag.py:3211} INFO - Sync 1 DAGs
[2026-04-09T00:40:19.569+0000] {logging_mixin.py:190} INFO - [2026-04-09T00:40:19.569+0000] {dag.py:4138} INFO - Setting next_dagrun for example_weekday_branch_operator to 2026-04-08 00:00:00+00:00, run_after=2026-04-09 00:00:00+00:00
[2026-04-09T00:40:19.578+0000] {processor.py:208} INFO - Processing /home/airflow/.local/lib/python3.12/site-packages/airflow/example_dags/example_branch_day_of_week_operator.py took 0.053 seconds
[2026-04-09T00:40:50.309+0000] {processor.py:186} INFO - Started process (PID=1197) to work on /home/airflow/.local/lib/python3.12/site-packages/airflow/example_dags/example_branch_day_of_week_operator.py
[2026-04-09T00:40:50.310+0000] {processor.py:914} INFO - Processing file /home/airflow/.local/lib/python3.12/site-packages/airflow/example_dags/example_branch_day_of_week_operator.py for tasks to queue
[2026-04-09T00:40:50.313+0000] {logging_mixin.py:190} INFO - [2026-04-09T00:40:50.313+0000] {dagbag.py:587} INFO - Filling up the DagBag from /home/airflow/.local/lib/python3.12/site-packages/airflow/example_dags/example_branch_day_of_week_operator.py
[2026-04-09T00:40:50.316+0000] {processor.py:925} INFO - DAG(s) 'example_weekday_branch_operator' retrieved from /home/airflow/.local/lib/python3.12/site-packages/airflow/example_dags/example_branch_day_of_week_operator.py
[2026-04-09T00:40:50.327+0000] {logging_mixin.py:190} INFO - [2026-04-09T00:40:50.326+0000] {dag.py:3211} INFO - Sync 1 DAGs
[2026-04-09T00:40:50.336+0000] {logging_mixin.py:190} INFO - [2026-04-09T00:40:50.336+0000] {dag.py:4138} INFO - Setting next_dagrun for example_weekday_branch_operator to 2026-04-08 00:00:00+00:00, run_after=2026-04-09 00:00:00+00:00
[2026-04-09T00:40:50.344+0000] {processor.py:208} INFO - Processing /home/airflow/.local/lib/python3.12/site-packages/airflow/example_dags/example_branch_day_of_week_operator.py took 0.038 seconds
[2026-04-09T00:41:21.037+0000] {processor.py:186} INFO - Started process (PID=1261) to work on /home/airflow/.local/lib/python3.12/site-packages/airflow/example_dags/example_branch_day_of_week_operator.py
[2026-04-09T00:41:21.037+0000] {processor.py:914} INFO - Processing file /home/airflow/.local/lib/python3.12/site-packages/airflow/example_dags/example_branch_day_of_week_operator.py for tasks to queue
[2026-04-09T00:41:21.039+0000] {logging_mixin.py:190} INFO - [2026-04-09T00:41:21.039+0000] {dagbag.py:587} INFO - Filling up the DagBag from /home/airflow/.local/lib/python3.12/site-packages/airflow/example_dags/example_branch_day_of_week_operator.py
[2026-04-09T00:41:21.046+0000] {processor.py:925} INFO - DAG(s) 'example_weekday_branch_operator' retrieved from /home/airflow/.local/lib/python3.12/site-packages/airflow/example_dags/example_branch_day_of_week_operator.py
[2026-04-09T00:41:21.059+0000] {logging_mixin.py:190} INFO - [2026-04-09T00:41:21.058+0000] {dag.py:3211} INFO - Sync 1 DAGs
[2026-04-09T00:41:21.071+0000] {logging_mixin.py:190} INFO - [2026-04-09T00:41:21.071+0000] {dag.py:4138} INFO - Setting next_dagrun for example_weekday_branch_operator to 2026-04-08 00:00:00+00:00, run_after=2026-04-09 00:00:00+00:00
[2026-04-09T00:41:21.081+0000] {processor.py:208} INFO - Processing /home/airflow/.local/lib/python3.12/site-packages/airflow/example_dags/example_branch_day_of_week_operator.py took 0.049 seconds
[2026-04-09T00:41:51.873+0000] {processor.py:186} INFO - Started process (PID=1325) to work on /home/airflow/.local/lib/python3.12/site-packages/airflow/example_dags/example_branch_day_of_week_operator.py
[2026-04-09T00:41:51.875+0000] {processor.py:914} INFO - Processing file /home/airflow/.local/lib/python3.12/site-packages/airflow/example_dags/example_branch_day_of_week_operator.py for tasks to queue
[2026-04-09T00:41:51.877+0000] {logging_mixin.py:190} INFO - [2026-04-09T00:41:51.876+0000] {dagbag.py:587} INFO - Filling up the DagBag from /home/airflow/.local/lib/python3.12/site-packages/airflow/example_dags/example_branch_day_of_week_operator.py
[2026-04-09T00:41:51.885+0000] {processor.py:925} INFO - DAG(s) 'example_weekday_branch_operator' retrieved from /home/airflow/.local/lib/python3.12/site-packages/airflow/example_dags/example_branch_day_of_week_operator.py
[2026-04-09T00:41:51.898+0000] {logging_mixin.py:190} INFO - [2026-04-09T00:41:51.898+0000] {dag.py:3211} INFO - Sync 1 DAGs
[2026-04-09T00:41:51.912+0000] {logging_mixin.py:190} INFO - [2026-04-09T00:41:51.912+0000] {dag.py:4138} INFO - Setting next_dagrun for example_weekday_branch_operator to 2026-04-08 00:00:00+00:00, run_after=2026-04-09 00:00:00+00:00
[2026-04-09T00:41:51.924+0000] {processor.py:208} INFO - Processing /home/airflow/.local/lib/python3.12/site-packages/airflow/example_dags/example_branch_day_of_week_operator.py took 0.054 seconds
[2026-04-09T00:42:22.828+0000] {processor.py:186} INFO - Started process (PID=1389) to work on /home/airflow/.local/lib/python3.12/site-packages/airflow/example_dags/example_branch_day_of_week_operator.py
[2026-04-09T00:42:22.829+0000] {processor.py:914} INFO - Processing file /home/airflow/.local/lib/python3.12/site-packages/airflow/example_dags/example_branch_day_of_week_operator.py for tasks to queue
[2026-04-09T00:42:22.831+0000] {logging_mixin.py:190} INFO - [2026-04-09T00:42:22.830+0000] {dagbag.py:587} INFO - Filling up the DagBag from /home/airflow/.local/lib/python3.12/site-packages/airflow/example_dags/example_branch_day_of_week_operator.py
[2026-04-09T00:42:22.838+0000] {processor.py:925} INFO - DAG(s) 'example_weekday_branch_operator' retrieved from /home/airflow/.local/lib/python3.12/site-packages/airflow/example_dags/example_branch_day_of_week_operator.py
[2026-04-09T00:42:22.854+0000] {logging_mixin.py:190} INFO - [2026-04-09T00:42:22.854+0000] {dag.py:3211} INFO - Sync 1 DAGs
[2026-04-09T00:42:22.871+0000] {logging_mixin.py:190} INFO - [2026-04-09T00:42:22.871+0000] {dag.py:4138} INFO - Setting next_dagrun for example_weekday_branch_operator to 2026-04-08 00:00:00+00:00, run_after=2026-04-09 00:00:00+00:00
[2026-04-09T00:42:22.885+0000] {processor.py:208} INFO - Processing /home/airflow/.local/lib/python3.12/site-packages/airflow/example_dags/example_branch_day_of_week_operator.py took 0.061 seconds
[2026-04-09T00:42:53.898+0000] {processor.py:186} INFO - Started process (PID=1453) to work on /home/airflow/.local/lib/python3.12/site-packages/airflow/example_dags/example_branch_day_of_week_operator.py
[2026-04-09T00:42:53.900+0000] {processor.py:914} INFO - Processing file /home/airflow/.local/lib/python3.12/site-packages/airflow/example_dags/example_branch_day_of_week_operator.py for tasks to queue
[2026-04-09T00:42:53.903+0000] {logging_mixin.py:190} INFO - [2026-04-09T00:42:53.903+0000] {dagbag.py:587} INFO - Filling up the DagBag from /home/airflow/.local/lib/python3.12/site-packages/airflow/example_dags/example_branch_day_of_week_operator.py
[2026-04-09T00:42:53.911+0000] {processor.py:925} INFO - DAG(s) 'example_weekday_branch_operator' retrieved from /home/airflow/.local/lib/python3.12/site-packages/airflow/example_dags/example_branch_day_of_week_operator.py
[2026-04-09T00:42:53.922+0000] {logging_mixin.py:190} INFO - [2026-04-09T00:42:53.922+0000] {dag.py:3211} INFO - Sync 1 DAGs
[2026-04-09T00:42:53.935+0000] {logging_mixin.py:190} INFO - [2026-04-09T00:42:53.935+0000] {dag.py:4138} INFO - Setting next_dagrun for example_weekday_branch_operator to 2026-04-08 00:00:00+00:00, run_after=2026-04-09 00:00:00+00:00
[2026-04-09T00:42:53.946+0000] {processor.py:208} INFO - Processing /home/airflow/.local/lib/python3.12/site-packages/airflow/example_dags/example_branch_day_of_week_operator.py took 0.052 seconds
[2026-04-09T00:43:24.649+0000] {processor.py:186} INFO - Started process (PID=1517) to work on /home/airflow/.local/lib/python3.12/site-packages/airflow/example_dags/example_branch_day_of_week_operator.py
[2026-04-09T00:43:24.651+0000] {processor.py:914} INFO - Processing file /home/airflow/.local/lib/python3.12/site-packages/airflow/example_dags/example_branch_day_of_week_operator.py for tasks to queue
[2026-04-09T00:43:24.653+0000] {logging_mixin.py:190} INFO - [2026-04-09T00:43:24.653+0000] {dagbag.py:587} INFO - Filling up the DagBag from /home/airflow/.local/lib/python3.12/site-packages/airflow/example_dags/example_branch_day_of_week_operator.py
[2026-04-09T00:43:24.661+0000] {processor.py:925} INFO - DAG(s) 'example_weekday_branch_operator' retrieved from /home/airflow/.local/lib/python3.12/site-packages/airflow/example_dags/example_branch_day_of_week_operator.py
[2026-04-09T00:43:24.671+0000] {logging_mixin.py:190} INFO - [2026-04-09T00:43:24.671+0000] {dag.py:3211} INFO - Sync 1 DAGs
[2026-04-09T00:43:24.683+0000] {logging_mixin.py:190} INFO - [2026-04-09T00:43:24.683+0000] {dag.py:4138} INFO - Setting next_dagrun for example_weekday_branch_operator to 2026-04-08 00:00:00+00:00, run_after=2026-04-09 00:00:00+00:00
[2026-04-09T00:43:24.692+0000] {processor.py:208} INFO - Processing /home/airflow/.local/lib/python3.12/site-packages/airflow/example_dags/example_branch_day_of_week_operator.py took 0.047 seconds
[2026-04-09T00:43:55.428+0000] {processor.py:186} INFO - Started process (PID=1581) to work on /home/airflow/.local/lib/python3.12/site-packages/airflow/example_dags/example_branch_day_of_week_operator.py
[2026-04-09T00:43:55.429+0000] {processor.py:914} INFO - Processing file /home/airflow/.local/lib/python3.12/site-packages/airflow/example_dags/example_branch_day_of_week_operator.py for tasks to queue
[2026-04-09T00:43:55.430+0000] {logging_mixin.py:190} INFO - [2026-04-09T00:43:55.430+0000] {dagbag.py:587} INFO - Filling up the DagBag from /home/airflow/.local/lib/python3.12/site-packages/airflow/example_dags/example_branch_day_of_week_operator.py
[2026-04-09T00:43:55.435+0000] {processor.py:925} INFO - DAG(s) 'example_weekday_branch_operator' retrieved from /home/airflow/.local/lib/python3.12/site-packages/airflow/example_dags/example_branch_day_of_week_operator.py
[2026-04-09T00:43:55.448+0000] {logging_mixin.py:190} INFO - [2026-04-09T00:43:55.448+0000] {dag.py:3211} INFO - Sync 1 DAGs
[2026-04-09T00:43:55.459+0000] {logging_mixin.py:190} INFO - [2026-04-09T00:43:55.459+0000] {dag.py:4138} INFO - Setting next_dagrun for example_weekday_branch_operator to 2026-04-08 00:00:00+00:00, run_after=2026-04-09 00:00:00+00:00
[2026-04-09T00:43:55.470+0000] {processor.py:208} INFO - Processing /home/airflow/.local/lib/python3.12/site-packages/airflow/example_dags/example_branch_day_of_week_operator.py took 0.044 seconds
[2026-04-09T00:44:26.229+0000] {processor.py:186} INFO - Started process (PID=1645) to work on /home/airflow/.local/lib/python3.12/site-packages/airflow/example_dags/example_branch_day_of_week_operator.py
[2026-04-09T00:44:26.232+0000] {processor.py:914} INFO - Processing file /home/airflow/.local/lib/python3.12/site-packages/airflow/example_dags/example_branch_day_of_week_operator.py for tasks to queue
[2026-04-09T00:44:26.234+0000] {logging_mixin.py:190} INFO - [2026-04-09T00:44:26.233+0000] {dagbag.py:587} INFO - Filling up the DagBag from /home/airflow/.local/lib/python3.12/site-packages/airflow/example_dags/example_branch_day_of_week_operator.py
[2026-04-09T00:44:26.240+0000] {processor.py:925} INFO - DAG(s) 'example_weekday_branch_operator' retrieved from /home/airflow/.local/lib/python3.12/site-packages/airflow/example_dags/example_branch_day_of_week_operator.py
[2026-04-09T00:44:26.254+0000] {logging_mixin.py:190} INFO - [2026-04-09T00:44:26.254+0000] {dag.py:3211} INFO - Sync 1 DAGs
[2026-04-09T00:44:26.265+0000] {logging_mixin.py:190} INFO - [2026-04-09T00:44:26.265+0000] {dag.py:4138} INFO - Setting next_dagrun for example_weekday_branch_operator to 2026-04-08 00:00:00+00:00, run_after=2026-04-09 00:00:00+00:00
[2026-04-09T00:44:26.275+0000] {processor.py:208} INFO - Processing /home/airflow/.local/lib/python3.12/site-packages/airflow/example_dags/example_branch_day_of_week_operator.py took 0.050 seconds
[2026-04-09T00:44:57.031+0000] {processor.py:186} INFO - Started process (PID=1709) to work on /home/airflow/.local/lib/python3.12/site-packages/airflow/example_dags/example_branch_day_of_week_operator.py
[2026-04-09T00:44:57.032+0000] {processor.py:914} INFO - Processing file /home/airflow/.local/lib/python3.12/site-packages/airflow/example_dags/example_branch_day_of_week_operator.py for tasks to queue
[2026-04-09T00:44:57.035+0000] {logging_mixin.py:190} INFO - [2026-04-09T00:44:57.034+0000] {dagbag.py:587} INFO - Filling up the DagBag from /home/airflow/.local/lib/python3.12/site-packages/airflow/example_dags/example_branch_day_of_week_operator.py
[2026-04-09T00:44:57.042+0000] {processor.py:925} INFO - DAG(s) 'example_weekday_branch_operator' retrieved from /home/airflow/.local/lib/python3.12/site-packages/airflow/example_dags/example_branch_day_of_week_operator.py
[2026-04-09T00:44:57.052+0000] {logging_mixin.py:190} INFO - [2026-04-09T00:44:57.052+0000] {dag.py:3211} INFO - Sync 1 DAGs
[2026-04-09T00:44:57.063+0000] {logging_mixin.py:190} INFO - [2026-04-09T00:44:57.063+0000] {dag.py:4138} INFO - Setting next_dagrun for example_weekday_branch_operator to 2026-04-08 00:00:00+00:00, run_after=2026-04-09 00:00:00+00:00
[2026-04-09T00:44:57.072+0000] {processor.py:208} INFO - Processing /home/airflow/.local/lib/python3.12/site-packages/airflow/example_dags/example_branch_day_of_week_operator.py took 0.046 seconds
[2026-04-09T00:45:27.980+0000] {processor.py:186} INFO - Started process (PID=1772) to work on /home/airflow/.local/lib/python3.12/site-packages/airflow/example_dags/example_branch_day_of_week_operator.py
[2026-04-09T00:45:27.982+0000] {processor.py:914} INFO - Processing file /home/airflow/.local/lib/python3.12/site-packages/airflow/example_dags/example_branch_day_of_week_operator.py for tasks to queue
[2026-04-09T00:45:27.985+0000] {logging_mixin.py:190} INFO - [2026-04-09T00:45:27.985+0000] {dagbag.py:587} INFO - Filling up the DagBag from /home/airflow/.local/lib/python3.12/site-packages/airflow/example_dags/example_branch_day_of_week_operator.py
[2026-04-09T00:45:27.993+0000] {processor.py:925} INFO - DAG(s) 'example_weekday_branch_operator' retrieved from /home/airflow/.local/lib/python3.12/site-packages/airflow/example_dags/example_branch_day_of_week_operator.py
[2026-04-09T00:45:28.006+0000] {logging_mixin.py:190} INFO - [2026-04-09T00:45:28.006+0000] {dag.py:3211} INFO - Sync 1 DAGs
[2026-04-09T00:45:28.017+0000] {logging_mixin.py:190} INFO - [2026-04-09T00:45:28.017+0000] {dag.py:4138} INFO - Setting next_dagrun for example_weekday_branch_operator to 2026-04-08 00:00:00+00:00, run_after=2026-04-09 00:00:00+00:00
[2026-04-09T00:45:28.027+0000] {processor.py:208} INFO - Processing /home/airflow/.local/lib/python3.12/site-packages/airflow/example_dags/example_branch_day_of_week_operator.py took 0.052 seconds
[2026-04-09T00:45:58.960+0000] {processor.py:186} INFO - Started process (PID=1836) to work on /home/airflow/.local/lib/python3.12/site-packages/airflow/example_dags/example_branch_day_of_week_operator.py
[2026-04-09T00:45:58.961+0000] {processor.py:914} INFO - Processing file /home/airflow/.local/lib/python3.12/site-packages/airflow/example_dags/example_branch_day_of_week_operator.py for tasks to queue
[2026-04-09T00:45:58.965+0000] {logging_mixin.py:190} INFO - [2026-04-09T00:45:58.964+0000] {dagbag.py:587} INFO - Filling up the DagBag from /home/airflow/.local/lib/python3.12/site-packages/airflow/example_dags/example_branch_day_of_week_operator.py
[2026-04-09T00:45:58.973+0000] {processor.py:925} INFO - DAG(s) 'example_weekday_branch_operator' retrieved from /home/airflow/.local/lib/python3.12/site-packages/airflow/example_dags/example_branch_day_of_week_operator.py
[2026-04-09T00:45:58.985+0000] {logging_mixin.py:190} INFO - [2026-04-09T00:45:58.985+0000] {dag.py:3211} INFO - Sync 1 DAGs
[2026-04-09T00:45:58.997+0000] {logging_mixin.py:190} INFO - [2026-04-09T00:45:58.996+0000] {dag.py:4138} INFO - Setting next_dagrun for example_weekday_branch_operator to 2026-04-08 00:00:00+00:00, run_after=2026-04-09 00:00:00+00:00
[2026-04-09T00:45:59.006+0000] {processor.py:208} INFO - Processing /home/airflow/.local/lib/python3.12/site-packages/airflow/example_dags/example_branch_day_of_week_operator.py took 0.051 seconds
