[2026-04-09T00:31:37.449+0000] {processor.py:186} INFO - Started process (PID=70) to work on /home/airflow/.local/lib/python3.12/site-packages/airflow/example_dags/example_nested_branch_dag.py
[2026-04-09T00:31:37.450+0000] {processor.py:914} INFO - Processing file /home/airflow/.local/lib/python3.12/site-packages/airflow/example_dags/example_nested_branch_dag.py for tasks to queue
[2026-04-09T00:31:37.450+0000] {logging_mixin.py:190} INFO - [2026-04-09T00:31:37.450+0000] {dagbag.py:587} INFO - Filling up the DagBag from /home/airflow/.local/lib/python3.12/site-packages/airflow/example_dags/example_nested_branch_dag.py
[2026-04-09T00:31:37.455+0000] {processor.py:925} INFO - DAG(s) 'example_nested_branch_dag' retrieved from /home/airflow/.local/lib/python3.12/site-packages/airflow/example_dags/example_nested_branch_dag.py
[2026-04-09T00:31:37.498+0000] {logging_mixin.py:190} INFO - [2026-04-09T00:31:37.497+0000] {dag.py:3211} INFO - Sync 1 DAGs
[2026-04-09T00:31:37.508+0000] {logging_mixin.py:190} INFO - [2026-04-09T00:31:37.508+0000] {dag.py:4138} INFO - Setting next_dagrun for example_nested_branch_dag to 2026-04-08 00:00:00+00:00, run_after=2026-04-09 00:00:00+00:00
[2026-04-09T00:31:37.520+0000] {processor.py:208} INFO - Processing /home/airflow/.local/lib/python3.12/site-packages/airflow/example_dags/example_nested_branch_dag.py took 0.073 seconds
[2026-04-09T00:32:07.736+0000] {processor.py:186} INFO - Started process (PID=133) to work on /home/airflow/.local/lib/python3.12/site-packages/airflow/example_dags/example_nested_branch_dag.py
[2026-04-09T00:32:07.736+0000] {processor.py:914} INFO - Processing file /home/airflow/.local/lib/python3.12/site-packages/airflow/example_dags/example_nested_branch_dag.py for tasks to queue
[2026-04-09T00:32:07.737+0000] {logging_mixin.py:190} INFO - [2026-04-09T00:32:07.737+0000] {dagbag.py:587} INFO - Filling up the DagBag from /home/airflow/.local/lib/python3.12/site-packages/airflow/example_dags/example_nested_branch_dag.py
[2026-04-09T00:32:07.742+0000] {processor.py:925} INFO - DAG(s) 'example_nested_branch_dag' retrieved from /home/airflow/.local/lib/python3.12/site-packages/airflow/example_dags/example_nested_branch_dag.py
[2026-04-09T00:32:07.750+0000] {logging_mixin.py:190} INFO - [2026-04-09T00:32:07.750+0000] {dag.py:3211} INFO - Sync 1 DAGs
[2026-04-09T00:32:07.759+0000] {logging_mixin.py:190} INFO - [2026-04-09T00:32:07.759+0000] {dag.py:4138} INFO - Setting next_dagrun for example_nested_branch_dag to 2026-04-08 00:00:00+00:00, run_after=2026-04-09 00:00:00+00:00
[2026-04-09T00:32:07.769+0000] {processor.py:208} INFO - Processing /home/airflow/.local/lib/python3.12/site-packages/airflow/example_dags/example_nested_branch_dag.py took 0.035 seconds
[2026-04-09T00:32:38.601+0000] {processor.py:186} INFO - Started process (PID=197) to work on /home/airflow/.local/lib/python3.12/site-packages/airflow/example_dags/example_nested_branch_dag.py
[2026-04-09T00:32:38.601+0000] {processor.py:914} INFO - Processing file /home/airflow/.local/lib/python3.12/site-packages/airflow/example_dags/example_nested_branch_dag.py for tasks to queue
[2026-04-09T00:32:38.602+0000] {logging_mixin.py:190} INFO - [2026-04-09T00:32:38.602+0000] {dagbag.py:587} INFO - Filling up the DagBag from /home/airflow/.local/lib/python3.12/site-packages/airflow/example_dags/example_nested_branch_dag.py
[2026-04-09T00:32:38.607+0000] {processor.py:925} INFO - DAG(s) 'example_nested_branch_dag' retrieved from /home/airflow/.local/lib/python3.12/site-packages/airflow/example_dags/example_nested_branch_dag.py
[2026-04-09T00:32:38.616+0000] {logging_mixin.py:190} INFO - [2026-04-09T00:32:38.616+0000] {dag.py:3211} INFO - Sync 1 DAGs
[2026-04-09T00:32:38.625+0000] {logging_mixin.py:190} INFO - [2026-04-09T00:32:38.625+0000] {dag.py:4138} INFO - Setting next_dagrun for example_nested_branch_dag to 2026-04-08 00:00:00+00:00, run_after=2026-04-09 00:00:00+00:00
[2026-04-09T00:32:38.631+0000] {processor.py:208} INFO - Processing /home/airflow/.local/lib/python3.12/site-packages/airflow/example_dags/example_nested_branch_dag.py took 0.032 seconds
[2026-04-09T00:33:09.425+0000] {processor.py:186} INFO - Started process (PID=261) to work on /home/airflow/.local/lib/python3.12/site-packages/airflow/example_dags/example_nested_branch_dag.py
[2026-04-09T00:33:09.426+0000] {processor.py:914} INFO - Processing file /home/airflow/.local/lib/python3.12/site-packages/airflow/example_dags/example_nested_branch_dag.py for tasks to queue
[2026-04-09T00:33:09.427+0000] {logging_mixin.py:190} INFO - [2026-04-09T00:33:09.427+0000] {dagbag.py:587} INFO - Filling up the DagBag from /home/airflow/.local/lib/python3.12/site-packages/airflow/example_dags/example_nested_branch_dag.py
[2026-04-09T00:33:09.432+0000] {processor.py:925} INFO - DAG(s) 'example_nested_branch_dag' retrieved from /home/airflow/.local/lib/python3.12/site-packages/airflow/example_dags/example_nested_branch_dag.py
[2026-04-09T00:33:09.446+0000] {logging_mixin.py:190} INFO - [2026-04-09T00:33:09.446+0000] {dag.py:3211} INFO - Sync 1 DAGs
[2026-04-09T00:33:09.455+0000] {logging_mixin.py:190} INFO - [2026-04-09T00:33:09.455+0000] {dag.py:4138} INFO - Setting next_dagrun for example_nested_branch_dag to 2026-04-08 00:00:00+00:00, run_after=2026-04-09 00:00:00+00:00
[2026-04-09T00:33:09.461+0000] {processor.py:208} INFO - Processing /home/airflow/.local/lib/python3.12/site-packages/airflow/example_dags/example_nested_branch_dag.py took 0.039 seconds
[2026-04-09T00:33:40.312+0000] {processor.py:186} INFO - Started process (PID=331) to work on /home/airflow/.local/lib/python3.12/site-packages/airflow/example_dags/example_nested_branch_dag.py
[2026-04-09T00:33:40.313+0000] {processor.py:914} INFO - Processing file /home/airflow/.local/lib/python3.12/site-packages/airflow/example_dags/example_nested_branch_dag.py for tasks to queue
[2026-04-09T00:33:40.314+0000] {logging_mixin.py:190} INFO - [2026-04-09T00:33:40.314+0000] {dagbag.py:587} INFO - Filling up the DagBag from /home/airflow/.local/lib/python3.12/site-packages/airflow/example_dags/example_nested_branch_dag.py
[2026-04-09T00:33:40.322+0000] {processor.py:925} INFO - DAG(s) 'example_nested_branch_dag' retrieved from /home/airflow/.local/lib/python3.12/site-packages/airflow/example_dags/example_nested_branch_dag.py
[2026-04-09T00:33:40.334+0000] {logging_mixin.py:190} INFO - [2026-04-09T00:33:40.334+0000] {dag.py:3211} INFO - Sync 1 DAGs
[2026-04-09T00:33:40.342+0000] {logging_mixin.py:190} INFO - [2026-04-09T00:33:40.342+0000] {dag.py:4138} INFO - Setting next_dagrun for example_nested_branch_dag to 2026-04-08 00:00:00+00:00, run_after=2026-04-09 00:00:00+00:00
[2026-04-09T00:33:40.349+0000] {processor.py:208} INFO - Processing /home/airflow/.local/lib/python3.12/site-packages/airflow/example_dags/example_nested_branch_dag.py took 0.039 seconds
[2026-04-09T00:34:11.117+0000] {processor.py:186} INFO - Started process (PID=395) to work on /home/airflow/.local/lib/python3.12/site-packages/airflow/example_dags/example_nested_branch_dag.py
[2026-04-09T00:34:11.117+0000] {processor.py:914} INFO - Processing file /home/airflow/.local/lib/python3.12/site-packages/airflow/example_dags/example_nested_branch_dag.py for tasks to queue
[2026-04-09T00:34:11.118+0000] {logging_mixin.py:190} INFO - [2026-04-09T00:34:11.118+0000] {dagbag.py:587} INFO - Filling up the DagBag from /home/airflow/.local/lib/python3.12/site-packages/airflow/example_dags/example_nested_branch_dag.py
[2026-04-09T00:34:11.122+0000] {processor.py:925} INFO - DAG(s) 'example_nested_branch_dag' retrieved from /home/airflow/.local/lib/python3.12/site-packages/airflow/example_dags/example_nested_branch_dag.py
[2026-04-09T00:34:11.130+0000] {logging_mixin.py:190} INFO - [2026-04-09T00:34:11.130+0000] {dag.py:3211} INFO - Sync 1 DAGs
[2026-04-09T00:34:11.138+0000] {logging_mixin.py:190} INFO - [2026-04-09T00:34:11.138+0000] {dag.py:4138} INFO - Setting next_dagrun for example_nested_branch_dag to 2026-04-08 00:00:00+00:00, run_after=2026-04-09 00:00:00+00:00
[2026-04-09T00:34:11.143+0000] {processor.py:208} INFO - Processing /home/airflow/.local/lib/python3.12/site-packages/airflow/example_dags/example_nested_branch_dag.py took 0.028 seconds
[2026-04-09T00:34:41.910+0000] {processor.py:186} INFO - Started process (PID=459) to work on /home/airflow/.local/lib/python3.12/site-packages/airflow/example_dags/example_nested_branch_dag.py
[2026-04-09T00:34:41.911+0000] {processor.py:914} INFO - Processing file /home/airflow/.local/lib/python3.12/site-packages/airflow/example_dags/example_nested_branch_dag.py for tasks to queue
[2026-04-09T00:34:41.912+0000] {logging_mixin.py:190} INFO - [2026-04-09T00:34:41.912+0000] {dagbag.py:587} INFO - Filling up the DagBag from /home/airflow/.local/lib/python3.12/site-packages/airflow/example_dags/example_nested_branch_dag.py
[2026-04-09T00:34:41.918+0000] {processor.py:925} INFO - DAG(s) 'example_nested_branch_dag' retrieved from /home/airflow/.local/lib/python3.12/site-packages/airflow/example_dags/example_nested_branch_dag.py
[2026-04-09T00:34:41.931+0000] {logging_mixin.py:190} INFO - [2026-04-09T00:34:41.931+0000] {dag.py:3211} INFO - Sync 1 DAGs
[2026-04-09T00:34:41.941+0000] {logging_mixin.py:190} INFO - [2026-04-09T00:34:41.941+0000] {dag.py:4138} INFO - Setting next_dagrun for example_nested_branch_dag to 2026-04-08 00:00:00+00:00, run_after=2026-04-09 00:00:00+00:00
[2026-04-09T00:34:41.947+0000] {processor.py:208} INFO - Processing /home/airflow/.local/lib/python3.12/site-packages/airflow/example_dags/example_nested_branch_dag.py took 0.039 seconds
[2026-04-09T00:35:12.624+0000] {processor.py:186} INFO - Started process (PID=523) to work on /home/airflow/.local/lib/python3.12/site-packages/airflow/example_dags/example_nested_branch_dag.py
[2026-04-09T00:35:12.625+0000] {processor.py:914} INFO - Processing file /home/airflow/.local/lib/python3.12/site-packages/airflow/example_dags/example_nested_branch_dag.py for tasks to queue
[2026-04-09T00:35:12.626+0000] {logging_mixin.py:190} INFO - [2026-04-09T00:35:12.626+0000] {dagbag.py:587} INFO - Filling up the DagBag from /home/airflow/.local/lib/python3.12/site-packages/airflow/example_dags/example_nested_branch_dag.py
[2026-04-09T00:35:12.631+0000] {processor.py:925} INFO - DAG(s) 'example_nested_branch_dag' retrieved from /home/airflow/.local/lib/python3.12/site-packages/airflow/example_dags/example_nested_branch_dag.py
[2026-04-09T00:35:12.642+0000] {logging_mixin.py:190} INFO - [2026-04-09T00:35:12.642+0000] {dag.py:3211} INFO - Sync 1 DAGs
[2026-04-09T00:35:12.651+0000] {logging_mixin.py:190} INFO - [2026-04-09T00:35:12.651+0000] {dag.py:4138} INFO - Setting next_dagrun for example_nested_branch_dag to 2026-04-08 00:00:00+00:00, run_after=2026-04-09 00:00:00+00:00
[2026-04-09T00:35:12.660+0000] {processor.py:208} INFO - Processing /home/airflow/.local/lib/python3.12/site-packages/airflow/example_dags/example_nested_branch_dag.py took 0.038 seconds
[2026-04-09T00:35:43.399+0000] {processor.py:186} INFO - Started process (PID=586) to work on /home/airflow/.local/lib/python3.12/site-packages/airflow/example_dags/example_nested_branch_dag.py
[2026-04-09T00:35:43.399+0000] {processor.py:914} INFO - Processing file /home/airflow/.local/lib/python3.12/site-packages/airflow/example_dags/example_nested_branch_dag.py for tasks to queue
[2026-04-09T00:35:43.400+0000] {logging_mixin.py:190} INFO - [2026-04-09T00:35:43.400+0000] {dagbag.py:587} INFO - Filling up the DagBag from /home/airflow/.local/lib/python3.12/site-packages/airflow/example_dags/example_nested_branch_dag.py
[2026-04-09T00:35:43.405+0000] {processor.py:925} INFO - DAG(s) 'example_nested_branch_dag' retrieved from /home/airflow/.local/lib/python3.12/site-packages/airflow/example_dags/example_nested_branch_dag.py
[2026-04-09T00:35:43.421+0000] {logging_mixin.py:190} INFO - [2026-04-09T00:35:43.420+0000] {dag.py:3211} INFO - Sync 1 DAGs
[2026-04-09T00:35:43.432+0000] {logging_mixin.py:190} INFO - [2026-04-09T00:35:43.432+0000] {dag.py:4138} INFO - Setting next_dagrun for example_nested_branch_dag to 2026-04-08 00:00:00+00:00, run_after=2026-04-09 00:00:00+00:00
[2026-04-09T00:35:43.438+0000] {processor.py:208} INFO - Processing /home/airflow/.local/lib/python3.12/site-packages/airflow/example_dags/example_nested_branch_dag.py took 0.042 seconds
[2026-04-09T00:36:14.225+0000] {processor.py:186} INFO - Started process (PID=650) to work on /home/airflow/.local/lib/python3.12/site-packages/airflow/example_dags/example_nested_branch_dag.py
[2026-04-09T00:36:14.225+0000] {processor.py:914} INFO - Processing file /home/airflow/.local/lib/python3.12/site-packages/airflow/example_dags/example_nested_branch_dag.py for tasks to queue
[2026-04-09T00:36:14.226+0000] {logging_mixin.py:190} INFO - [2026-04-09T00:36:14.226+0000] {dagbag.py:587} INFO - Filling up the DagBag from /home/airflow/.local/lib/python3.12/site-packages/airflow/example_dags/example_nested_branch_dag.py
[2026-04-09T00:36:14.231+0000] {processor.py:925} INFO - DAG(s) 'example_nested_branch_dag' retrieved from /home/airflow/.local/lib/python3.12/site-packages/airflow/example_dags/example_nested_branch_dag.py
[2026-04-09T00:36:14.242+0000] {logging_mixin.py:190} INFO - [2026-04-09T00:36:14.241+0000] {dag.py:3211} INFO - Sync 1 DAGs
[2026-04-09T00:36:14.254+0000] {logging_mixin.py:190} INFO - [2026-04-09T00:36:14.254+0000] {dag.py:4138} INFO - Setting next_dagrun for example_nested_branch_dag to 2026-04-08 00:00:00+00:00, run_after=2026-04-09 00:00:00+00:00
[2026-04-09T00:36:14.261+0000] {processor.py:208} INFO - Processing /home/airflow/.local/lib/python3.12/site-packages/airflow/example_dags/example_nested_branch_dag.py took 0.039 seconds
[2026-04-09T00:36:44.977+0000] {processor.py:186} INFO - Started process (PID=714) to work on /home/airflow/.local/lib/python3.12/site-packages/airflow/example_dags/example_nested_branch_dag.py
[2026-04-09T00:36:44.977+0000] {processor.py:914} INFO - Processing file /home/airflow/.local/lib/python3.12/site-packages/airflow/example_dags/example_nested_branch_dag.py for tasks to queue
[2026-04-09T00:36:44.978+0000] {logging_mixin.py:190} INFO - [2026-04-09T00:36:44.978+0000] {dagbag.py:587} INFO - Filling up the DagBag from /home/airflow/.local/lib/python3.12/site-packages/airflow/example_dags/example_nested_branch_dag.py
[2026-04-09T00:36:44.982+0000] {processor.py:925} INFO - DAG(s) 'example_nested_branch_dag' retrieved from /home/airflow/.local/lib/python3.12/site-packages/airflow/example_dags/example_nested_branch_dag.py
[2026-04-09T00:36:44.990+0000] {logging_mixin.py:190} INFO - [2026-04-09T00:36:44.990+0000] {dag.py:3211} INFO - Sync 1 DAGs
[2026-04-09T00:36:45.000+0000] {logging_mixin.py:190} INFO - [2026-04-09T00:36:45.000+0000] {dag.py:4138} INFO - Setting next_dagrun for example_nested_branch_dag to 2026-04-08 00:00:00+00:00, run_after=2026-04-09 00:00:00+00:00
[2026-04-09T00:36:45.011+0000] {processor.py:208} INFO - Processing /home/airflow/.local/lib/python3.12/site-packages/airflow/example_dags/example_nested_branch_dag.py took 0.036 seconds
[2026-04-09T00:37:15.753+0000] {processor.py:186} INFO - Started process (PID=778) to work on /home/airflow/.local/lib/python3.12/site-packages/airflow/example_dags/example_nested_branch_dag.py
[2026-04-09T00:37:15.754+0000] {processor.py:914} INFO - Processing file /home/airflow/.local/lib/python3.12/site-packages/airflow/example_dags/example_nested_branch_dag.py for tasks to queue
[2026-04-09T00:37:15.755+0000] {logging_mixin.py:190} INFO - [2026-04-09T00:37:15.755+0000] {dagbag.py:587} INFO - Filling up the DagBag from /home/airflow/.local/lib/python3.12/site-packages/airflow/example_dags/example_nested_branch_dag.py
[2026-04-09T00:37:15.759+0000] {processor.py:925} INFO - DAG(s) 'example_nested_branch_dag' retrieved from /home/airflow/.local/lib/python3.12/site-packages/airflow/example_dags/example_nested_branch_dag.py
[2026-04-09T00:37:15.766+0000] {logging_mixin.py:190} INFO - [2026-04-09T00:37:15.766+0000] {dag.py:3211} INFO - Sync 1 DAGs
[2026-04-09T00:37:15.774+0000] {logging_mixin.py:190} INFO - [2026-04-09T00:37:15.774+0000] {dag.py:4138} INFO - Setting next_dagrun for example_nested_branch_dag to 2026-04-08 00:00:00+00:00, run_after=2026-04-09 00:00:00+00:00
[2026-04-09T00:37:15.779+0000] {processor.py:208} INFO - Processing /home/airflow/.local/lib/python3.12/site-packages/airflow/example_dags/example_nested_branch_dag.py took 0.028 seconds
[2026-04-09T00:37:46.503+0000] {processor.py:186} INFO - Started process (PID=842) to work on /home/airflow/.local/lib/python3.12/site-packages/airflow/example_dags/example_nested_branch_dag.py
[2026-04-09T00:37:46.506+0000] {processor.py:914} INFO - Processing file /home/airflow/.local/lib/python3.12/site-packages/airflow/example_dags/example_nested_branch_dag.py for tasks to queue
[2026-04-09T00:37:46.507+0000] {logging_mixin.py:190} INFO - [2026-04-09T00:37:46.507+0000] {dagbag.py:587} INFO - Filling up the DagBag from /home/airflow/.local/lib/python3.12/site-packages/airflow/example_dags/example_nested_branch_dag.py
[2026-04-09T00:37:46.512+0000] {processor.py:925} INFO - DAG(s) 'example_nested_branch_dag' retrieved from /home/airflow/.local/lib/python3.12/site-packages/airflow/example_dags/example_nested_branch_dag.py
[2026-04-09T00:37:46.519+0000] {logging_mixin.py:190} INFO - [2026-04-09T00:37:46.519+0000] {dag.py:3211} INFO - Sync 1 DAGs
[2026-04-09T00:37:46.527+0000] {logging_mixin.py:190} INFO - [2026-04-09T00:37:46.527+0000] {dag.py:4138} INFO - Setting next_dagrun for example_nested_branch_dag to 2026-04-08 00:00:00+00:00, run_after=2026-04-09 00:00:00+00:00
[2026-04-09T00:37:46.533+0000] {processor.py:208} INFO - Processing /home/airflow/.local/lib/python3.12/site-packages/airflow/example_dags/example_nested_branch_dag.py took 0.032 seconds
[2026-04-09T00:38:17.271+0000] {processor.py:186} INFO - Started process (PID=906) to work on /home/airflow/.local/lib/python3.12/site-packages/airflow/example_dags/example_nested_branch_dag.py
[2026-04-09T00:38:17.273+0000] {processor.py:914} INFO - Processing file /home/airflow/.local/lib/python3.12/site-packages/airflow/example_dags/example_nested_branch_dag.py for tasks to queue
[2026-04-09T00:38:17.273+0000] {logging_mixin.py:190} INFO - [2026-04-09T00:38:17.273+0000] {dagbag.py:587} INFO - Filling up the DagBag from /home/airflow/.local/lib/python3.12/site-packages/airflow/example_dags/example_nested_branch_dag.py
[2026-04-09T00:38:17.278+0000] {processor.py:925} INFO - DAG(s) 'example_nested_branch_dag' retrieved from /home/airflow/.local/lib/python3.12/site-packages/airflow/example_dags/example_nested_branch_dag.py
[2026-04-09T00:38:17.288+0000] {logging_mixin.py:190} INFO - [2026-04-09T00:38:17.288+0000] {dag.py:3211} INFO - Sync 1 DAGs
[2026-04-09T00:38:17.299+0000] {logging_mixin.py:190} INFO - [2026-04-09T00:38:17.299+0000] {dag.py:4138} INFO - Setting next_dagrun for example_nested_branch_dag to 2026-04-08 00:00:00+00:00, run_after=2026-04-09 00:00:00+00:00
[2026-04-09T00:38:17.307+0000] {processor.py:208} INFO - Processing /home/airflow/.local/lib/python3.12/site-packages/airflow/example_dags/example_nested_branch_dag.py took 0.039 seconds
[2026-04-09T00:38:47.928+0000] {processor.py:186} INFO - Started process (PID=970) to work on /home/airflow/.local/lib/python3.12/site-packages/airflow/example_dags/example_nested_branch_dag.py
[2026-04-09T00:38:47.929+0000] {processor.py:914} INFO - Processing file /home/airflow/.local/lib/python3.12/site-packages/airflow/example_dags/example_nested_branch_dag.py for tasks to queue
[2026-04-09T00:38:47.929+0000] {logging_mixin.py:190} INFO - [2026-04-09T00:38:47.929+0000] {dagbag.py:587} INFO - Filling up the DagBag from /home/airflow/.local/lib/python3.12/site-packages/airflow/example_dags/example_nested_branch_dag.py
[2026-04-09T00:38:47.933+0000] {processor.py:925} INFO - DAG(s) 'example_nested_branch_dag' retrieved from /home/airflow/.local/lib/python3.12/site-packages/airflow/example_dags/example_nested_branch_dag.py
[2026-04-09T00:38:47.945+0000] {logging_mixin.py:190} INFO - [2026-04-09T00:38:47.945+0000] {dag.py:3211} INFO - Sync 1 DAGs
[2026-04-09T00:38:47.953+0000] {logging_mixin.py:190} INFO - [2026-04-09T00:38:47.953+0000] {dag.py:4138} INFO - Setting next_dagrun for example_nested_branch_dag to 2026-04-08 00:00:00+00:00, run_after=2026-04-09 00:00:00+00:00
[2026-04-09T00:38:47.960+0000] {processor.py:208} INFO - Processing /home/airflow/.local/lib/python3.12/site-packages/airflow/example_dags/example_nested_branch_dag.py took 0.034 seconds
[2026-04-09T00:39:18.730+0000] {processor.py:186} INFO - Started process (PID=1034) to work on /home/airflow/.local/lib/python3.12/site-packages/airflow/example_dags/example_nested_branch_dag.py
[2026-04-09T00:39:18.731+0000] {processor.py:914} INFO - Processing file /home/airflow/.local/lib/python3.12/site-packages/airflow/example_dags/example_nested_branch_dag.py for tasks to queue
[2026-04-09T00:39:18.732+0000] {logging_mixin.py:190} INFO - [2026-04-09T00:39:18.732+0000] {dagbag.py:587} INFO - Filling up the DagBag from /home/airflow/.local/lib/python3.12/site-packages/airflow/example_dags/example_nested_branch_dag.py
[2026-04-09T00:39:18.736+0000] {processor.py:925} INFO - DAG(s) 'example_nested_branch_dag' retrieved from /home/airflow/.local/lib/python3.12/site-packages/airflow/example_dags/example_nested_branch_dag.py
[2026-04-09T00:39:18.748+0000] {logging_mixin.py:190} INFO - [2026-04-09T00:39:18.747+0000] {dag.py:3211} INFO - Sync 1 DAGs
[2026-04-09T00:39:18.757+0000] {logging_mixin.py:190} INFO - [2026-04-09T00:39:18.757+0000] {dag.py:4138} INFO - Setting next_dagrun for example_nested_branch_dag to 2026-04-08 00:00:00+00:00, run_after=2026-04-09 00:00:00+00:00
[2026-04-09T00:39:18.766+0000] {processor.py:208} INFO - Processing /home/airflow/.local/lib/python3.12/site-packages/airflow/example_dags/example_nested_branch_dag.py took 0.038 seconds
[2026-04-09T00:39:49.512+0000] {processor.py:186} INFO - Started process (PID=1098) to work on /home/airflow/.local/lib/python3.12/site-packages/airflow/example_dags/example_nested_branch_dag.py
[2026-04-09T00:39:49.513+0000] {processor.py:914} INFO - Processing file /home/airflow/.local/lib/python3.12/site-packages/airflow/example_dags/example_nested_branch_dag.py for tasks to queue
[2026-04-09T00:39:49.513+0000] {logging_mixin.py:190} INFO - [2026-04-09T00:39:49.513+0000] {dagbag.py:587} INFO - Filling up the DagBag from /home/airflow/.local/lib/python3.12/site-packages/airflow/example_dags/example_nested_branch_dag.py
[2026-04-09T00:39:49.518+0000] {processor.py:925} INFO - DAG(s) 'example_nested_branch_dag' retrieved from /home/airflow/.local/lib/python3.12/site-packages/airflow/example_dags/example_nested_branch_dag.py
[2026-04-09T00:39:49.529+0000] {logging_mixin.py:190} INFO - [2026-04-09T00:39:49.529+0000] {dag.py:3211} INFO - Sync 1 DAGs
[2026-04-09T00:39:49.539+0000] {logging_mixin.py:190} INFO - [2026-04-09T00:39:49.539+0000] {dag.py:4138} INFO - Setting next_dagrun for example_nested_branch_dag to 2026-04-08 00:00:00+00:00, run_after=2026-04-09 00:00:00+00:00
[2026-04-09T00:39:49.546+0000] {processor.py:208} INFO - Processing /home/airflow/.local/lib/python3.12/site-packages/airflow/example_dags/example_nested_branch_dag.py took 0.036 seconds
[2026-04-09T00:40:20.296+0000] {processor.py:186} INFO - Started process (PID=1162) to work on /home/airflow/.local/lib/python3.12/site-packages/airflow/example_dags/example_nested_branch_dag.py
[2026-04-09T00:40:20.297+0000] {processor.py:914} INFO - Processing file /home/airflow/.local/lib/python3.12/site-packages/airflow/example_dags/example_nested_branch_dag.py for tasks to queue
[2026-04-09T00:40:20.298+0000] {logging_mixin.py:190} INFO - [2026-04-09T00:40:20.298+0000] {dagbag.py:587} INFO - Filling up the DagBag from /home/airflow/.local/lib/python3.12/site-packages/airflow/example_dags/example_nested_branch_dag.py
[2026-04-09T00:40:20.302+0000] {processor.py:925} INFO - DAG(s) 'example_nested_branch_dag' retrieved from /home/airflow/.local/lib/python3.12/site-packages/airflow/example_dags/example_nested_branch_dag.py
[2026-04-09T00:40:20.312+0000] {logging_mixin.py:190} INFO - [2026-04-09T00:40:20.312+0000] {dag.py:3211} INFO - Sync 1 DAGs
[2026-04-09T00:40:20.321+0000] {logging_mixin.py:190} INFO - [2026-04-09T00:40:20.321+0000] {dag.py:4138} INFO - Setting next_dagrun for example_nested_branch_dag to 2026-04-08 00:00:00+00:00, run_after=2026-04-09 00:00:00+00:00
[2026-04-09T00:40:20.326+0000] {processor.py:208} INFO - Processing /home/airflow/.local/lib/python3.12/site-packages/airflow/example_dags/example_nested_branch_dag.py took 0.033 seconds
[2026-04-09T00:40:51.111+0000] {processor.py:186} INFO - Started process (PID=1226) to work on /home/airflow/.local/lib/python3.12/site-packages/airflow/example_dags/example_nested_branch_dag.py
[2026-04-09T00:40:51.111+0000] {processor.py:914} INFO - Processing file /home/airflow/.local/lib/python3.12/site-packages/airflow/example_dags/example_nested_branch_dag.py for tasks to queue
[2026-04-09T00:40:51.113+0000] {logging_mixin.py:190} INFO - [2026-04-09T00:40:51.113+0000] {dagbag.py:587} INFO - Filling up the DagBag from /home/airflow/.local/lib/python3.12/site-packages/airflow/example_dags/example_nested_branch_dag.py
[2026-04-09T00:40:51.119+0000] {processor.py:925} INFO - DAG(s) 'example_nested_branch_dag' retrieved from /home/airflow/.local/lib/python3.12/site-packages/airflow/example_dags/example_nested_branch_dag.py
[2026-04-09T00:40:51.128+0000] {logging_mixin.py:190} INFO - [2026-04-09T00:40:51.127+0000] {dag.py:3211} INFO - Sync 1 DAGs
[2026-04-09T00:40:51.137+0000] {logging_mixin.py:190} INFO - [2026-04-09T00:40:51.137+0000] {dag.py:4138} INFO - Setting next_dagrun for example_nested_branch_dag to 2026-04-08 00:00:00+00:00, run_after=2026-04-09 00:00:00+00:00
[2026-04-09T00:40:51.145+0000] {processor.py:208} INFO - Processing /home/airflow/.local/lib/python3.12/site-packages/airflow/example_dags/example_nested_branch_dag.py took 0.037 seconds
[2026-04-09T00:41:21.908+0000] {processor.py:186} INFO - Started process (PID=1290) to work on /home/airflow/.local/lib/python3.12/site-packages/airflow/example_dags/example_nested_branch_dag.py
[2026-04-09T00:41:21.908+0000] {processor.py:914} INFO - Processing file /home/airflow/.local/lib/python3.12/site-packages/airflow/example_dags/example_nested_branch_dag.py for tasks to queue
[2026-04-09T00:41:21.909+0000] {logging_mixin.py:190} INFO - [2026-04-09T00:41:21.909+0000] {dagbag.py:587} INFO - Filling up the DagBag from /home/airflow/.local/lib/python3.12/site-packages/airflow/example_dags/example_nested_branch_dag.py
[2026-04-09T00:41:21.914+0000] {processor.py:925} INFO - DAG(s) 'example_nested_branch_dag' retrieved from /home/airflow/.local/lib/python3.12/site-packages/airflow/example_dags/example_nested_branch_dag.py
[2026-04-09T00:41:21.926+0000] {logging_mixin.py:190} INFO - [2026-04-09T00:41:21.925+0000] {dag.py:3211} INFO - Sync 1 DAGs
[2026-04-09T00:41:21.938+0000] {logging_mixin.py:190} INFO - [2026-04-09T00:41:21.938+0000] {dag.py:4138} INFO - Setting next_dagrun for example_nested_branch_dag to 2026-04-08 00:00:00+00:00, run_after=2026-04-09 00:00:00+00:00
[2026-04-09T00:41:21.947+0000] {processor.py:208} INFO - Processing /home/airflow/.local/lib/python3.12/site-packages/airflow/example_dags/example_nested_branch_dag.py took 0.042 seconds
[2026-04-09T00:41:52.783+0000] {processor.py:186} INFO - Started process (PID=1354) to work on /home/airflow/.local/lib/python3.12/site-packages/airflow/example_dags/example_nested_branch_dag.py
[2026-04-09T00:41:52.786+0000] {processor.py:914} INFO - Processing file /home/airflow/.local/lib/python3.12/site-packages/airflow/example_dags/example_nested_branch_dag.py for tasks to queue
[2026-04-09T00:41:52.786+0000] {logging_mixin.py:190} INFO - [2026-04-09T00:41:52.786+0000] {dagbag.py:587} INFO - Filling up the DagBag from /home/airflow/.local/lib/python3.12/site-packages/airflow/example_dags/example_nested_branch_dag.py
[2026-04-09T00:41:52.791+0000] {processor.py:925} INFO - DAG(s) 'example_nested_branch_dag' retrieved from /home/airflow/.local/lib/python3.12/site-packages/airflow/example_dags/example_nested_branch_dag.py
[2026-04-09T00:41:52.801+0000] {logging_mixin.py:190} INFO - [2026-04-09T00:41:52.801+0000] {dag.py:3211} INFO - Sync 1 DAGs
[2026-04-09T00:41:52.815+0000] {logging_mixin.py:190} INFO - [2026-04-09T00:41:52.815+0000] {dag.py:4138} INFO - Setting next_dagrun for example_nested_branch_dag to 2026-04-08 00:00:00+00:00, run_after=2026-04-09 00:00:00+00:00
[2026-04-09T00:41:52.839+0000] {processor.py:208} INFO - Processing /home/airflow/.local/lib/python3.12/site-packages/airflow/example_dags/example_nested_branch_dag.py took 0.058 seconds
[2026-04-09T00:42:23.896+0000] {processor.py:186} INFO - Started process (PID=1418) to work on /home/airflow/.local/lib/python3.12/site-packages/airflow/example_dags/example_nested_branch_dag.py
[2026-04-09T00:42:23.899+0000] {processor.py:914} INFO - Processing file /home/airflow/.local/lib/python3.12/site-packages/airflow/example_dags/example_nested_branch_dag.py for tasks to queue
[2026-04-09T00:42:23.900+0000] {logging_mixin.py:190} INFO - [2026-04-09T00:42:23.900+0000] {dagbag.py:587} INFO - Filling up the DagBag from /home/airflow/.local/lib/python3.12/site-packages/airflow/example_dags/example_nested_branch_dag.py
[2026-04-09T00:42:23.906+0000] {processor.py:925} INFO - DAG(s) 'example_nested_branch_dag' retrieved from /home/airflow/.local/lib/python3.12/site-packages/airflow/example_dags/example_nested_branch_dag.py
[2026-04-09T00:42:23.917+0000] {logging_mixin.py:190} INFO - [2026-04-09T00:42:23.916+0000] {dag.py:3211} INFO - Sync 1 DAGs
[2026-04-09T00:42:23.924+0000] {logging_mixin.py:190} INFO - [2026-04-09T00:42:23.924+0000] {dag.py:4138} INFO - Setting next_dagrun for example_nested_branch_dag to 2026-04-08 00:00:00+00:00, run_after=2026-04-09 00:00:00+00:00
[2026-04-09T00:42:23.931+0000] {processor.py:208} INFO - Processing /home/airflow/.local/lib/python3.12/site-packages/airflow/example_dags/example_nested_branch_dag.py took 0.037 seconds
[2026-04-09T00:42:54.700+0000] {processor.py:186} INFO - Started process (PID=1482) to work on /home/airflow/.local/lib/python3.12/site-packages/airflow/example_dags/example_nested_branch_dag.py
[2026-04-09T00:42:54.701+0000] {processor.py:914} INFO - Processing file /home/airflow/.local/lib/python3.12/site-packages/airflow/example_dags/example_nested_branch_dag.py for tasks to queue
[2026-04-09T00:42:54.701+0000] {logging_mixin.py:190} INFO - [2026-04-09T00:42:54.701+0000] {dagbag.py:587} INFO - Filling up the DagBag from /home/airflow/.local/lib/python3.12/site-packages/airflow/example_dags/example_nested_branch_dag.py
[2026-04-09T00:42:54.707+0000] {processor.py:925} INFO - DAG(s) 'example_nested_branch_dag' retrieved from /home/airflow/.local/lib/python3.12/site-packages/airflow/example_dags/example_nested_branch_dag.py
[2026-04-09T00:42:54.716+0000] {logging_mixin.py:190} INFO - [2026-04-09T00:42:54.716+0000] {dag.py:3211} INFO - Sync 1 DAGs
[2026-04-09T00:42:54.725+0000] {logging_mixin.py:190} INFO - [2026-04-09T00:42:54.725+0000] {dag.py:4138} INFO - Setting next_dagrun for example_nested_branch_dag to 2026-04-08 00:00:00+00:00, run_after=2026-04-09 00:00:00+00:00
[2026-04-09T00:42:54.736+0000] {processor.py:208} INFO - Processing /home/airflow/.local/lib/python3.12/site-packages/airflow/example_dags/example_nested_branch_dag.py took 0.038 seconds
[2026-04-09T00:43:25.464+0000] {processor.py:186} INFO - Started process (PID=1546) to work on /home/airflow/.local/lib/python3.12/site-packages/airflow/example_dags/example_nested_branch_dag.py
[2026-04-09T00:43:25.464+0000] {processor.py:914} INFO - Processing file /home/airflow/.local/lib/python3.12/site-packages/airflow/example_dags/example_nested_branch_dag.py for tasks to queue
[2026-04-09T00:43:25.465+0000] {logging_mixin.py:190} INFO - [2026-04-09T00:43:25.465+0000] {dagbag.py:587} INFO - Filling up the DagBag from /home/airflow/.local/lib/python3.12/site-packages/airflow/example_dags/example_nested_branch_dag.py
[2026-04-09T00:43:25.469+0000] {processor.py:925} INFO - DAG(s) 'example_nested_branch_dag' retrieved from /home/airflow/.local/lib/python3.12/site-packages/airflow/example_dags/example_nested_branch_dag.py
[2026-04-09T00:43:25.478+0000] {logging_mixin.py:190} INFO - [2026-04-09T00:43:25.478+0000] {dag.py:3211} INFO - Sync 1 DAGs
[2026-04-09T00:43:25.486+0000] {logging_mixin.py:190} INFO - [2026-04-09T00:43:25.486+0000] {dag.py:4138} INFO - Setting next_dagrun for example_nested_branch_dag to 2026-04-08 00:00:00+00:00, run_after=2026-04-09 00:00:00+00:00
[2026-04-09T00:43:25.496+0000] {processor.py:208} INFO - Processing /home/airflow/.local/lib/python3.12/site-packages/airflow/example_dags/example_nested_branch_dag.py took 0.034 seconds
[2026-04-09T00:43:56.226+0000] {processor.py:186} INFO - Started process (PID=1610) to work on /home/airflow/.local/lib/python3.12/site-packages/airflow/example_dags/example_nested_branch_dag.py
[2026-04-09T00:43:56.226+0000] {processor.py:914} INFO - Processing file /home/airflow/.local/lib/python3.12/site-packages/airflow/example_dags/example_nested_branch_dag.py for tasks to queue
[2026-04-09T00:43:56.228+0000] {logging_mixin.py:190} INFO - [2026-04-09T00:43:56.228+0000] {dagbag.py:587} INFO - Filling up the DagBag from /home/airflow/.local/lib/python3.12/site-packages/airflow/example_dags/example_nested_branch_dag.py
[2026-04-09T00:43:56.234+0000] {processor.py:925} INFO - DAG(s) 'example_nested_branch_dag' retrieved from /home/airflow/.local/lib/python3.12/site-packages/airflow/example_dags/example_nested_branch_dag.py
[2026-04-09T00:43:56.245+0000] {logging_mixin.py:190} INFO - [2026-04-09T00:43:56.245+0000] {dag.py:3211} INFO - Sync 1 DAGs
[2026-04-09T00:43:56.253+0000] {logging_mixin.py:190} INFO - [2026-04-09T00:43:56.253+0000] {dag.py:4138} INFO - Setting next_dagrun for example_nested_branch_dag to 2026-04-08 00:00:00+00:00, run_after=2026-04-09 00:00:00+00:00
[2026-04-09T00:43:56.258+0000] {processor.py:208} INFO - Processing /home/airflow/.local/lib/python3.12/site-packages/airflow/example_dags/example_nested_branch_dag.py took 0.034 seconds
[2026-04-09T00:44:27.013+0000] {processor.py:186} INFO - Started process (PID=1674) to work on /home/airflow/.local/lib/python3.12/site-packages/airflow/example_dags/example_nested_branch_dag.py
[2026-04-09T00:44:27.014+0000] {processor.py:914} INFO - Processing file /home/airflow/.local/lib/python3.12/site-packages/airflow/example_dags/example_nested_branch_dag.py for tasks to queue
[2026-04-09T00:44:27.015+0000] {logging_mixin.py:190} INFO - [2026-04-09T00:44:27.014+0000] {dagbag.py:587} INFO - Filling up the DagBag from /home/airflow/.local/lib/python3.12/site-packages/airflow/example_dags/example_nested_branch_dag.py
[2026-04-09T00:44:27.019+0000] {processor.py:925} INFO - DAG(s) 'example_nested_branch_dag' retrieved from /home/airflow/.local/lib/python3.12/site-packages/airflow/example_dags/example_nested_branch_dag.py
[2026-04-09T00:44:27.026+0000] {logging_mixin.py:190} INFO - [2026-04-09T00:44:27.026+0000] {dag.py:3211} INFO - Sync 1 DAGs
[2026-04-09T00:44:27.034+0000] {logging_mixin.py:190} INFO - [2026-04-09T00:44:27.034+0000] {dag.py:4138} INFO - Setting next_dagrun for example_nested_branch_dag to 2026-04-08 00:00:00+00:00, run_after=2026-04-09 00:00:00+00:00
[2026-04-09T00:44:27.044+0000] {processor.py:208} INFO - Processing /home/airflow/.local/lib/python3.12/site-packages/airflow/example_dags/example_nested_branch_dag.py took 0.032 seconds
[2026-04-09T00:44:57.858+0000] {processor.py:186} INFO - Started process (PID=1738) to work on /home/airflow/.local/lib/python3.12/site-packages/airflow/example_dags/example_nested_branch_dag.py
[2026-04-09T00:44:57.858+0000] {processor.py:914} INFO - Processing file /home/airflow/.local/lib/python3.12/site-packages/airflow/example_dags/example_nested_branch_dag.py for tasks to queue
[2026-04-09T00:44:57.860+0000] {logging_mixin.py:190} INFO - [2026-04-09T00:44:57.860+0000] {dagbag.py:587} INFO - Filling up the DagBag from /home/airflow/.local/lib/python3.12/site-packages/airflow/example_dags/example_nested_branch_dag.py
[2026-04-09T00:44:57.865+0000] {processor.py:925} INFO - DAG(s) 'example_nested_branch_dag' retrieved from /home/airflow/.local/lib/python3.12/site-packages/airflow/example_dags/example_nested_branch_dag.py
[2026-04-09T00:44:57.876+0000] {logging_mixin.py:190} INFO - [2026-04-09T00:44:57.876+0000] {dag.py:3211} INFO - Sync 1 DAGs
[2026-04-09T00:44:57.884+0000] {logging_mixin.py:190} INFO - [2026-04-09T00:44:57.884+0000] {dag.py:4138} INFO - Setting next_dagrun for example_nested_branch_dag to 2026-04-08 00:00:00+00:00, run_after=2026-04-09 00:00:00+00:00
[2026-04-09T00:44:57.895+0000] {processor.py:208} INFO - Processing /home/airflow/.local/lib/python3.12/site-packages/airflow/example_dags/example_nested_branch_dag.py took 0.039 seconds
[2026-04-09T00:45:28.762+0000] {processor.py:186} INFO - Started process (PID=1800) to work on /home/airflow/.local/lib/python3.12/site-packages/airflow/example_dags/example_nested_branch_dag.py
[2026-04-09T00:45:28.764+0000] {processor.py:914} INFO - Processing file /home/airflow/.local/lib/python3.12/site-packages/airflow/example_dags/example_nested_branch_dag.py for tasks to queue
[2026-04-09T00:45:28.765+0000] {logging_mixin.py:190} INFO - [2026-04-09T00:45:28.765+0000] {dagbag.py:587} INFO - Filling up the DagBag from /home/airflow/.local/lib/python3.12/site-packages/airflow/example_dags/example_nested_branch_dag.py
[2026-04-09T00:45:28.770+0000] {processor.py:925} INFO - DAG(s) 'example_nested_branch_dag' retrieved from /home/airflow/.local/lib/python3.12/site-packages/airflow/example_dags/example_nested_branch_dag.py
[2026-04-09T00:45:28.778+0000] {logging_mixin.py:190} INFO - [2026-04-09T00:45:28.777+0000] {dag.py:3211} INFO - Sync 1 DAGs
[2026-04-09T00:45:28.786+0000] {logging_mixin.py:190} INFO - [2026-04-09T00:45:28.786+0000] {dag.py:4138} INFO - Setting next_dagrun for example_nested_branch_dag to 2026-04-08 00:00:00+00:00, run_after=2026-04-09 00:00:00+00:00
[2026-04-09T00:45:28.794+0000] {processor.py:208} INFO - Processing /home/airflow/.local/lib/python3.12/site-packages/airflow/example_dags/example_nested_branch_dag.py took 0.034 seconds
[2026-04-09T00:45:59.748+0000] {processor.py:186} INFO - Started process (PID=1864) to work on /home/airflow/.local/lib/python3.12/site-packages/airflow/example_dags/example_nested_branch_dag.py
[2026-04-09T00:45:59.748+0000] {processor.py:914} INFO - Processing file /home/airflow/.local/lib/python3.12/site-packages/airflow/example_dags/example_nested_branch_dag.py for tasks to queue
[2026-04-09T00:45:59.750+0000] {logging_mixin.py:190} INFO - [2026-04-09T00:45:59.750+0000] {dagbag.py:587} INFO - Filling up the DagBag from /home/airflow/.local/lib/python3.12/site-packages/airflow/example_dags/example_nested_branch_dag.py
[2026-04-09T00:45:59.755+0000] {processor.py:925} INFO - DAG(s) 'example_nested_branch_dag' retrieved from /home/airflow/.local/lib/python3.12/site-packages/airflow/example_dags/example_nested_branch_dag.py
[2026-04-09T00:45:59.768+0000] {logging_mixin.py:190} INFO - [2026-04-09T00:45:59.768+0000] {dag.py:3211} INFO - Sync 1 DAGs
[2026-04-09T00:45:59.777+0000] {logging_mixin.py:190} INFO - [2026-04-09T00:45:59.777+0000] {dag.py:4138} INFO - Setting next_dagrun for example_nested_branch_dag to 2026-04-08 00:00:00+00:00, run_after=2026-04-09 00:00:00+00:00
[2026-04-09T00:45:59.783+0000] {processor.py:208} INFO - Processing /home/airflow/.local/lib/python3.12/site-packages/airflow/example_dags/example_nested_branch_dag.py took 0.038 seconds
