[2026-04-09T00:31:37.991+0000] {processor.py:186} INFO - Started process (PID=83) to work on /home/airflow/.local/lib/python3.12/site-packages/airflow/example_dags/example_python_operator.py
[2026-04-09T00:31:37.991+0000] {processor.py:914} INFO - Processing file /home/airflow/.local/lib/python3.12/site-packages/airflow/example_dags/example_python_operator.py for tasks to queue
[2026-04-09T00:31:37.992+0000] {logging_mixin.py:190} INFO - [2026-04-09T00:31:37.992+0000] {dagbag.py:587} INFO - Filling up the DagBag from /home/airflow/.local/lib/python3.12/site-packages/airflow/example_dags/example_python_operator.py
[2026-04-09T00:31:37.997+0000] {processor.py:925} INFO - DAG(s) 'example_python_operator' retrieved from /home/airflow/.local/lib/python3.12/site-packages/airflow/example_dags/example_python_operator.py
[2026-04-09T00:31:38.033+0000] {logging_mixin.py:190} INFO - [2026-04-09T00:31:38.033+0000] {dag.py:3211} INFO - Sync 1 DAGs
[2026-04-09T00:31:38.038+0000] {logging_mixin.py:190} INFO - [2026-04-09T00:31:38.038+0000] {dag.py:4138} INFO - Setting next_dagrun for example_python_operator to None, run_after=None
[2026-04-09T00:31:38.049+0000] {processor.py:208} INFO - Processing /home/airflow/.local/lib/python3.12/site-packages/airflow/example_dags/example_python_operator.py took 0.060 seconds
[2026-04-09T00:32:08.092+0000] {processor.py:186} INFO - Started process (PID=146) to work on /home/airflow/.local/lib/python3.12/site-packages/airflow/example_dags/example_python_operator.py
[2026-04-09T00:32:08.092+0000] {processor.py:914} INFO - Processing file /home/airflow/.local/lib/python3.12/site-packages/airflow/example_dags/example_python_operator.py for tasks to queue
[2026-04-09T00:32:08.093+0000] {logging_mixin.py:190} INFO - [2026-04-09T00:32:08.093+0000] {dagbag.py:587} INFO - Filling up the DagBag from /home/airflow/.local/lib/python3.12/site-packages/airflow/example_dags/example_python_operator.py
[2026-04-09T00:32:08.098+0000] {processor.py:925} INFO - DAG(s) 'example_python_operator' retrieved from /home/airflow/.local/lib/python3.12/site-packages/airflow/example_dags/example_python_operator.py
[2026-04-09T00:32:08.105+0000] {logging_mixin.py:190} INFO - [2026-04-09T00:32:08.104+0000] {dag.py:3211} INFO - Sync 1 DAGs
[2026-04-09T00:32:08.109+0000] {logging_mixin.py:190} INFO - [2026-04-09T00:32:08.109+0000] {dag.py:4138} INFO - Setting next_dagrun for example_python_operator to None, run_after=None
[2026-04-09T00:32:08.114+0000] {processor.py:208} INFO - Processing /home/airflow/.local/lib/python3.12/site-packages/airflow/example_dags/example_python_operator.py took 0.025 seconds
[2026-04-09T00:32:38.958+0000] {processor.py:186} INFO - Started process (PID=210) to work on /home/airflow/.local/lib/python3.12/site-packages/airflow/example_dags/example_python_operator.py
[2026-04-09T00:32:38.958+0000] {processor.py:914} INFO - Processing file /home/airflow/.local/lib/python3.12/site-packages/airflow/example_dags/example_python_operator.py for tasks to queue
[2026-04-09T00:32:38.959+0000] {logging_mixin.py:190} INFO - [2026-04-09T00:32:38.959+0000] {dagbag.py:587} INFO - Filling up the DagBag from /home/airflow/.local/lib/python3.12/site-packages/airflow/example_dags/example_python_operator.py
[2026-04-09T00:32:38.964+0000] {processor.py:925} INFO - DAG(s) 'example_python_operator' retrieved from /home/airflow/.local/lib/python3.12/site-packages/airflow/example_dags/example_python_operator.py
[2026-04-09T00:32:38.973+0000] {logging_mixin.py:190} INFO - [2026-04-09T00:32:38.973+0000] {dag.py:3211} INFO - Sync 1 DAGs
[2026-04-09T00:32:38.979+0000] {logging_mixin.py:190} INFO - [2026-04-09T00:32:38.979+0000] {dag.py:4138} INFO - Setting next_dagrun for example_python_operator to None, run_after=None
[2026-04-09T00:32:38.989+0000] {processor.py:208} INFO - Processing /home/airflow/.local/lib/python3.12/site-packages/airflow/example_dags/example_python_operator.py took 0.034 seconds
[2026-04-09T00:33:09.759+0000] {processor.py:186} INFO - Started process (PID=274) to work on /home/airflow/.local/lib/python3.12/site-packages/airflow/example_dags/example_python_operator.py
[2026-04-09T00:33:09.763+0000] {processor.py:914} INFO - Processing file /home/airflow/.local/lib/python3.12/site-packages/airflow/example_dags/example_python_operator.py for tasks to queue
[2026-04-09T00:33:09.764+0000] {logging_mixin.py:190} INFO - [2026-04-09T00:33:09.764+0000] {dagbag.py:587} INFO - Filling up the DagBag from /home/airflow/.local/lib/python3.12/site-packages/airflow/example_dags/example_python_operator.py
[2026-04-09T00:33:09.772+0000] {processor.py:925} INFO - DAG(s) 'example_python_operator' retrieved from /home/airflow/.local/lib/python3.12/site-packages/airflow/example_dags/example_python_operator.py
[2026-04-09T00:33:09.784+0000] {logging_mixin.py:190} INFO - [2026-04-09T00:33:09.784+0000] {dag.py:3211} INFO - Sync 1 DAGs
[2026-04-09T00:33:09.790+0000] {logging_mixin.py:190} INFO - [2026-04-09T00:33:09.790+0000] {dag.py:4138} INFO - Setting next_dagrun for example_python_operator to None, run_after=None
[2026-04-09T00:33:09.797+0000] {processor.py:208} INFO - Processing /home/airflow/.local/lib/python3.12/site-packages/airflow/example_dags/example_python_operator.py took 0.040 seconds
[2026-04-09T00:33:40.629+0000] {processor.py:186} INFO - Started process (PID=344) to work on /home/airflow/.local/lib/python3.12/site-packages/airflow/example_dags/example_python_operator.py
[2026-04-09T00:33:40.630+0000] {processor.py:914} INFO - Processing file /home/airflow/.local/lib/python3.12/site-packages/airflow/example_dags/example_python_operator.py for tasks to queue
[2026-04-09T00:33:40.632+0000] {logging_mixin.py:190} INFO - [2026-04-09T00:33:40.632+0000] {dagbag.py:587} INFO - Filling up the DagBag from /home/airflow/.local/lib/python3.12/site-packages/airflow/example_dags/example_python_operator.py
[2026-04-09T00:33:40.637+0000] {processor.py:925} INFO - DAG(s) 'example_python_operator' retrieved from /home/airflow/.local/lib/python3.12/site-packages/airflow/example_dags/example_python_operator.py
[2026-04-09T00:33:40.648+0000] {logging_mixin.py:190} INFO - [2026-04-09T00:33:40.647+0000] {dag.py:3211} INFO - Sync 1 DAGs
[2026-04-09T00:33:40.655+0000] {logging_mixin.py:190} INFO - [2026-04-09T00:33:40.655+0000] {dag.py:4138} INFO - Setting next_dagrun for example_python_operator to None, run_after=None
[2026-04-09T00:33:40.661+0000] {processor.py:208} INFO - Processing /home/airflow/.local/lib/python3.12/site-packages/airflow/example_dags/example_python_operator.py took 0.033 seconds
[2026-04-09T00:34:11.488+0000] {processor.py:186} INFO - Started process (PID=408) to work on /home/airflow/.local/lib/python3.12/site-packages/airflow/example_dags/example_python_operator.py
[2026-04-09T00:34:11.489+0000] {processor.py:914} INFO - Processing file /home/airflow/.local/lib/python3.12/site-packages/airflow/example_dags/example_python_operator.py for tasks to queue
[2026-04-09T00:34:11.490+0000] {logging_mixin.py:190} INFO - [2026-04-09T00:34:11.490+0000] {dagbag.py:587} INFO - Filling up the DagBag from /home/airflow/.local/lib/python3.12/site-packages/airflow/example_dags/example_python_operator.py
[2026-04-09T00:34:11.497+0000] {processor.py:925} INFO - DAG(s) 'example_python_operator' retrieved from /home/airflow/.local/lib/python3.12/site-packages/airflow/example_dags/example_python_operator.py
[2026-04-09T00:34:11.510+0000] {logging_mixin.py:190} INFO - [2026-04-09T00:34:11.510+0000] {dag.py:3211} INFO - Sync 1 DAGs
[2026-04-09T00:34:11.519+0000] {logging_mixin.py:190} INFO - [2026-04-09T00:34:11.519+0000] {dag.py:4138} INFO - Setting next_dagrun for example_python_operator to None, run_after=None
[2026-04-09T00:34:11.525+0000] {processor.py:208} INFO - Processing /home/airflow/.local/lib/python3.12/site-packages/airflow/example_dags/example_python_operator.py took 0.040 seconds
[2026-04-09T00:34:42.238+0000] {processor.py:186} INFO - Started process (PID=472) to work on /home/airflow/.local/lib/python3.12/site-packages/airflow/example_dags/example_python_operator.py
[2026-04-09T00:34:42.238+0000] {processor.py:914} INFO - Processing file /home/airflow/.local/lib/python3.12/site-packages/airflow/example_dags/example_python_operator.py for tasks to queue
[2026-04-09T00:34:42.239+0000] {logging_mixin.py:190} INFO - [2026-04-09T00:34:42.239+0000] {dagbag.py:587} INFO - Filling up the DagBag from /home/airflow/.local/lib/python3.12/site-packages/airflow/example_dags/example_python_operator.py
[2026-04-09T00:34:42.244+0000] {processor.py:925} INFO - DAG(s) 'example_python_operator' retrieved from /home/airflow/.local/lib/python3.12/site-packages/airflow/example_dags/example_python_operator.py
[2026-04-09T00:34:42.254+0000] {logging_mixin.py:190} INFO - [2026-04-09T00:34:42.253+0000] {dag.py:3211} INFO - Sync 1 DAGs
[2026-04-09T00:34:42.258+0000] {logging_mixin.py:190} INFO - [2026-04-09T00:34:42.258+0000] {dag.py:4138} INFO - Setting next_dagrun for example_python_operator to None, run_after=None
[2026-04-09T00:34:42.265+0000] {processor.py:208} INFO - Processing /home/airflow/.local/lib/python3.12/site-packages/airflow/example_dags/example_python_operator.py took 0.029 seconds
[2026-04-09T00:35:12.927+0000] {processor.py:186} INFO - Started process (PID=536) to work on /home/airflow/.local/lib/python3.12/site-packages/airflow/example_dags/example_python_operator.py
[2026-04-09T00:35:12.928+0000] {processor.py:914} INFO - Processing file /home/airflow/.local/lib/python3.12/site-packages/airflow/example_dags/example_python_operator.py for tasks to queue
[2026-04-09T00:35:12.929+0000] {logging_mixin.py:190} INFO - [2026-04-09T00:35:12.929+0000] {dagbag.py:587} INFO - Filling up the DagBag from /home/airflow/.local/lib/python3.12/site-packages/airflow/example_dags/example_python_operator.py
[2026-04-09T00:35:12.934+0000] {processor.py:925} INFO - DAG(s) 'example_python_operator' retrieved from /home/airflow/.local/lib/python3.12/site-packages/airflow/example_dags/example_python_operator.py
[2026-04-09T00:35:12.941+0000] {logging_mixin.py:190} INFO - [2026-04-09T00:35:12.941+0000] {dag.py:3211} INFO - Sync 1 DAGs
[2026-04-09T00:35:12.946+0000] {logging_mixin.py:190} INFO - [2026-04-09T00:35:12.945+0000] {dag.py:4138} INFO - Setting next_dagrun for example_python_operator to None, run_after=None
[2026-04-09T00:35:12.952+0000] {processor.py:208} INFO - Processing /home/airflow/.local/lib/python3.12/site-packages/airflow/example_dags/example_python_operator.py took 0.027 seconds
[2026-04-09T00:35:43.730+0000] {processor.py:186} INFO - Started process (PID=599) to work on /home/airflow/.local/lib/python3.12/site-packages/airflow/example_dags/example_python_operator.py
[2026-04-09T00:35:43.730+0000] {processor.py:914} INFO - Processing file /home/airflow/.local/lib/python3.12/site-packages/airflow/example_dags/example_python_operator.py for tasks to queue
[2026-04-09T00:35:43.732+0000] {logging_mixin.py:190} INFO - [2026-04-09T00:35:43.732+0000] {dagbag.py:587} INFO - Filling up the DagBag from /home/airflow/.local/lib/python3.12/site-packages/airflow/example_dags/example_python_operator.py
[2026-04-09T00:35:43.739+0000] {processor.py:925} INFO - DAG(s) 'example_python_operator' retrieved from /home/airflow/.local/lib/python3.12/site-packages/airflow/example_dags/example_python_operator.py
[2026-04-09T00:35:43.750+0000] {logging_mixin.py:190} INFO - [2026-04-09T00:35:43.750+0000] {dag.py:3211} INFO - Sync 1 DAGs
[2026-04-09T00:35:43.755+0000] {logging_mixin.py:190} INFO - [2026-04-09T00:35:43.755+0000] {dag.py:4138} INFO - Setting next_dagrun for example_python_operator to None, run_after=None
[2026-04-09T00:35:43.765+0000] {processor.py:208} INFO - Processing /home/airflow/.local/lib/python3.12/site-packages/airflow/example_dags/example_python_operator.py took 0.037 seconds
[2026-04-09T00:36:14.538+0000] {processor.py:186} INFO - Started process (PID=663) to work on /home/airflow/.local/lib/python3.12/site-packages/airflow/example_dags/example_python_operator.py
[2026-04-09T00:36:14.538+0000] {processor.py:914} INFO - Processing file /home/airflow/.local/lib/python3.12/site-packages/airflow/example_dags/example_python_operator.py for tasks to queue
[2026-04-09T00:36:14.539+0000] {logging_mixin.py:190} INFO - [2026-04-09T00:36:14.539+0000] {dagbag.py:587} INFO - Filling up the DagBag from /home/airflow/.local/lib/python3.12/site-packages/airflow/example_dags/example_python_operator.py
[2026-04-09T00:36:14.546+0000] {processor.py:925} INFO - DAG(s) 'example_python_operator' retrieved from /home/airflow/.local/lib/python3.12/site-packages/airflow/example_dags/example_python_operator.py
[2026-04-09T00:36:14.558+0000] {logging_mixin.py:190} INFO - [2026-04-09T00:36:14.558+0000] {dag.py:3211} INFO - Sync 1 DAGs
[2026-04-09T00:36:14.563+0000] {logging_mixin.py:190} INFO - [2026-04-09T00:36:14.563+0000] {dag.py:4138} INFO - Setting next_dagrun for example_python_operator to None, run_after=None
[2026-04-09T00:36:14.571+0000] {processor.py:208} INFO - Processing /home/airflow/.local/lib/python3.12/site-packages/airflow/example_dags/example_python_operator.py took 0.035 seconds
[2026-04-09T00:36:45.292+0000] {processor.py:186} INFO - Started process (PID=727) to work on /home/airflow/.local/lib/python3.12/site-packages/airflow/example_dags/example_python_operator.py
[2026-04-09T00:36:45.293+0000] {processor.py:914} INFO - Processing file /home/airflow/.local/lib/python3.12/site-packages/airflow/example_dags/example_python_operator.py for tasks to queue
[2026-04-09T00:36:45.294+0000] {logging_mixin.py:190} INFO - [2026-04-09T00:36:45.294+0000] {dagbag.py:587} INFO - Filling up the DagBag from /home/airflow/.local/lib/python3.12/site-packages/airflow/example_dags/example_python_operator.py
[2026-04-09T00:36:45.298+0000] {processor.py:925} INFO - DAG(s) 'example_python_operator' retrieved from /home/airflow/.local/lib/python3.12/site-packages/airflow/example_dags/example_python_operator.py
[2026-04-09T00:36:45.309+0000] {logging_mixin.py:190} INFO - [2026-04-09T00:36:45.309+0000] {dag.py:3211} INFO - Sync 1 DAGs
[2026-04-09T00:36:45.315+0000] {logging_mixin.py:190} INFO - [2026-04-09T00:36:45.315+0000] {dag.py:4138} INFO - Setting next_dagrun for example_python_operator to None, run_after=None
[2026-04-09T00:36:45.324+0000] {processor.py:208} INFO - Processing /home/airflow/.local/lib/python3.12/site-packages/airflow/example_dags/example_python_operator.py took 0.034 seconds
[2026-04-09T00:37:16.079+0000] {processor.py:186} INFO - Started process (PID=791) to work on /home/airflow/.local/lib/python3.12/site-packages/airflow/example_dags/example_python_operator.py
[2026-04-09T00:37:16.079+0000] {processor.py:914} INFO - Processing file /home/airflow/.local/lib/python3.12/site-packages/airflow/example_dags/example_python_operator.py for tasks to queue
[2026-04-09T00:37:16.080+0000] {logging_mixin.py:190} INFO - [2026-04-09T00:37:16.080+0000] {dagbag.py:587} INFO - Filling up the DagBag from /home/airflow/.local/lib/python3.12/site-packages/airflow/example_dags/example_python_operator.py
[2026-04-09T00:37:16.087+0000] {processor.py:925} INFO - DAG(s) 'example_python_operator' retrieved from /home/airflow/.local/lib/python3.12/site-packages/airflow/example_dags/example_python_operator.py
[2026-04-09T00:37:16.097+0000] {logging_mixin.py:190} INFO - [2026-04-09T00:37:16.097+0000] {dag.py:3211} INFO - Sync 1 DAGs
[2026-04-09T00:37:16.103+0000] {logging_mixin.py:190} INFO - [2026-04-09T00:37:16.103+0000] {dag.py:4138} INFO - Setting next_dagrun for example_python_operator to None, run_after=None
[2026-04-09T00:37:16.112+0000] {processor.py:208} INFO - Processing /home/airflow/.local/lib/python3.12/site-packages/airflow/example_dags/example_python_operator.py took 0.035 seconds
[2026-04-09T00:37:46.797+0000] {processor.py:186} INFO - Started process (PID=855) to work on /home/airflow/.local/lib/python3.12/site-packages/airflow/example_dags/example_python_operator.py
[2026-04-09T00:37:46.797+0000] {processor.py:914} INFO - Processing file /home/airflow/.local/lib/python3.12/site-packages/airflow/example_dags/example_python_operator.py for tasks to queue
[2026-04-09T00:37:46.798+0000] {logging_mixin.py:190} INFO - [2026-04-09T00:37:46.798+0000] {dagbag.py:587} INFO - Filling up the DagBag from /home/airflow/.local/lib/python3.12/site-packages/airflow/example_dags/example_python_operator.py
[2026-04-09T00:37:46.803+0000] {processor.py:925} INFO - DAG(s) 'example_python_operator' retrieved from /home/airflow/.local/lib/python3.12/site-packages/airflow/example_dags/example_python_operator.py
[2026-04-09T00:37:46.811+0000] {logging_mixin.py:190} INFO - [2026-04-09T00:37:46.811+0000] {dag.py:3211} INFO - Sync 1 DAGs
[2026-04-09T00:37:46.815+0000] {logging_mixin.py:190} INFO - [2026-04-09T00:37:46.815+0000] {dag.py:4138} INFO - Setting next_dagrun for example_python_operator to None, run_after=None
[2026-04-09T00:37:46.824+0000] {processor.py:208} INFO - Processing /home/airflow/.local/lib/python3.12/site-packages/airflow/example_dags/example_python_operator.py took 0.029 seconds
[2026-04-09T00:38:17.586+0000] {processor.py:186} INFO - Started process (PID=919) to work on /home/airflow/.local/lib/python3.12/site-packages/airflow/example_dags/example_python_operator.py
[2026-04-09T00:38:17.588+0000] {processor.py:914} INFO - Processing file /home/airflow/.local/lib/python3.12/site-packages/airflow/example_dags/example_python_operator.py for tasks to queue
[2026-04-09T00:38:17.589+0000] {logging_mixin.py:190} INFO - [2026-04-09T00:38:17.588+0000] {dagbag.py:587} INFO - Filling up the DagBag from /home/airflow/.local/lib/python3.12/site-packages/airflow/example_dags/example_python_operator.py
[2026-04-09T00:38:17.593+0000] {processor.py:925} INFO - DAG(s) 'example_python_operator' retrieved from /home/airflow/.local/lib/python3.12/site-packages/airflow/example_dags/example_python_operator.py
[2026-04-09T00:38:17.601+0000] {logging_mixin.py:190} INFO - [2026-04-09T00:38:17.601+0000] {dag.py:3211} INFO - Sync 1 DAGs
[2026-04-09T00:38:17.606+0000] {logging_mixin.py:190} INFO - [2026-04-09T00:38:17.606+0000] {dag.py:4138} INFO - Setting next_dagrun for example_python_operator to None, run_after=None
[2026-04-09T00:38:17.612+0000] {processor.py:208} INFO - Processing /home/airflow/.local/lib/python3.12/site-packages/airflow/example_dags/example_python_operator.py took 0.028 seconds
[2026-04-09T00:38:48.239+0000] {processor.py:186} INFO - Started process (PID=983) to work on /home/airflow/.local/lib/python3.12/site-packages/airflow/example_dags/example_python_operator.py
[2026-04-09T00:38:48.239+0000] {processor.py:914} INFO - Processing file /home/airflow/.local/lib/python3.12/site-packages/airflow/example_dags/example_python_operator.py for tasks to queue
[2026-04-09T00:38:48.243+0000] {logging_mixin.py:190} INFO - [2026-04-09T00:38:48.243+0000] {dagbag.py:587} INFO - Filling up the DagBag from /home/airflow/.local/lib/python3.12/site-packages/airflow/example_dags/example_python_operator.py
[2026-04-09T00:38:48.250+0000] {processor.py:925} INFO - DAG(s) 'example_python_operator' retrieved from /home/airflow/.local/lib/python3.12/site-packages/airflow/example_dags/example_python_operator.py
[2026-04-09T00:38:48.260+0000] {logging_mixin.py:190} INFO - [2026-04-09T00:38:48.260+0000] {dag.py:3211} INFO - Sync 1 DAGs
[2026-04-09T00:38:48.265+0000] {logging_mixin.py:190} INFO - [2026-04-09T00:38:48.265+0000] {dag.py:4138} INFO - Setting next_dagrun for example_python_operator to None, run_after=None
[2026-04-09T00:38:48.272+0000] {processor.py:208} INFO - Processing /home/airflow/.local/lib/python3.12/site-packages/airflow/example_dags/example_python_operator.py took 0.036 seconds
[2026-04-09T00:39:19.061+0000] {processor.py:186} INFO - Started process (PID=1047) to work on /home/airflow/.local/lib/python3.12/site-packages/airflow/example_dags/example_python_operator.py
[2026-04-09T00:39:19.062+0000] {processor.py:914} INFO - Processing file /home/airflow/.local/lib/python3.12/site-packages/airflow/example_dags/example_python_operator.py for tasks to queue
[2026-04-09T00:39:19.063+0000] {logging_mixin.py:190} INFO - [2026-04-09T00:39:19.062+0000] {dagbag.py:587} INFO - Filling up the DagBag from /home/airflow/.local/lib/python3.12/site-packages/airflow/example_dags/example_python_operator.py
[2026-04-09T00:39:19.067+0000] {processor.py:925} INFO - DAG(s) 'example_python_operator' retrieved from /home/airflow/.local/lib/python3.12/site-packages/airflow/example_dags/example_python_operator.py
[2026-04-09T00:39:19.075+0000] {logging_mixin.py:190} INFO - [2026-04-09T00:39:19.075+0000] {dag.py:3211} INFO - Sync 1 DAGs
[2026-04-09T00:39:19.080+0000] {logging_mixin.py:190} INFO - [2026-04-09T00:39:19.080+0000] {dag.py:4138} INFO - Setting next_dagrun for example_python_operator to None, run_after=None
[2026-04-09T00:39:19.089+0000] {processor.py:208} INFO - Processing /home/airflow/.local/lib/python3.12/site-packages/airflow/example_dags/example_python_operator.py took 0.030 seconds
[2026-04-09T00:39:49.822+0000] {processor.py:186} INFO - Started process (PID=1111) to work on /home/airflow/.local/lib/python3.12/site-packages/airflow/example_dags/example_python_operator.py
[2026-04-09T00:39:49.822+0000] {processor.py:914} INFO - Processing file /home/airflow/.local/lib/python3.12/site-packages/airflow/example_dags/example_python_operator.py for tasks to queue
[2026-04-09T00:39:49.823+0000] {logging_mixin.py:190} INFO - [2026-04-09T00:39:49.823+0000] {dagbag.py:587} INFO - Filling up the DagBag from /home/airflow/.local/lib/python3.12/site-packages/airflow/example_dags/example_python_operator.py
[2026-04-09T00:39:49.830+0000] {processor.py:925} INFO - DAG(s) 'example_python_operator' retrieved from /home/airflow/.local/lib/python3.12/site-packages/airflow/example_dags/example_python_operator.py
[2026-04-09T00:39:49.842+0000] {logging_mixin.py:190} INFO - [2026-04-09T00:39:49.842+0000] {dag.py:3211} INFO - Sync 1 DAGs
[2026-04-09T00:39:49.848+0000] {logging_mixin.py:190} INFO - [2026-04-09T00:39:49.848+0000] {dag.py:4138} INFO - Setting next_dagrun for example_python_operator to None, run_after=None
[2026-04-09T00:39:49.857+0000] {processor.py:208} INFO - Processing /home/airflow/.local/lib/python3.12/site-packages/airflow/example_dags/example_python_operator.py took 0.037 seconds
[2026-04-09T00:40:20.606+0000] {processor.py:186} INFO - Started process (PID=1175) to work on /home/airflow/.local/lib/python3.12/site-packages/airflow/example_dags/example_python_operator.py
[2026-04-09T00:40:20.606+0000] {processor.py:914} INFO - Processing file /home/airflow/.local/lib/python3.12/site-packages/airflow/example_dags/example_python_operator.py for tasks to queue
[2026-04-09T00:40:20.608+0000] {logging_mixin.py:190} INFO - [2026-04-09T00:40:20.608+0000] {dagbag.py:587} INFO - Filling up the DagBag from /home/airflow/.local/lib/python3.12/site-packages/airflow/example_dags/example_python_operator.py
[2026-04-09T00:40:20.613+0000] {processor.py:925} INFO - DAG(s) 'example_python_operator' retrieved from /home/airflow/.local/lib/python3.12/site-packages/airflow/example_dags/example_python_operator.py
[2026-04-09T00:40:20.625+0000] {logging_mixin.py:190} INFO - [2026-04-09T00:40:20.624+0000] {dag.py:3211} INFO - Sync 1 DAGs
[2026-04-09T00:40:20.630+0000] {logging_mixin.py:190} INFO - [2026-04-09T00:40:20.630+0000] {dag.py:4138} INFO - Setting next_dagrun for example_python_operator to None, run_after=None
[2026-04-09T00:40:20.636+0000] {processor.py:208} INFO - Processing /home/airflow/.local/lib/python3.12/site-packages/airflow/example_dags/example_python_operator.py took 0.033 seconds
[2026-04-09T00:40:51.414+0000] {processor.py:186} INFO - Started process (PID=1239) to work on /home/airflow/.local/lib/python3.12/site-packages/airflow/example_dags/example_python_operator.py
[2026-04-09T00:40:51.415+0000] {processor.py:914} INFO - Processing file /home/airflow/.local/lib/python3.12/site-packages/airflow/example_dags/example_python_operator.py for tasks to queue
[2026-04-09T00:40:51.417+0000] {logging_mixin.py:190} INFO - [2026-04-09T00:40:51.417+0000] {dagbag.py:587} INFO - Filling up the DagBag from /home/airflow/.local/lib/python3.12/site-packages/airflow/example_dags/example_python_operator.py
[2026-04-09T00:40:51.425+0000] {processor.py:925} INFO - DAG(s) 'example_python_operator' retrieved from /home/airflow/.local/lib/python3.12/site-packages/airflow/example_dags/example_python_operator.py
[2026-04-09T00:40:51.436+0000] {logging_mixin.py:190} INFO - [2026-04-09T00:40:51.436+0000] {dag.py:3211} INFO - Sync 1 DAGs
[2026-04-09T00:40:51.441+0000] {logging_mixin.py:190} INFO - [2026-04-09T00:40:51.441+0000] {dag.py:4138} INFO - Setting next_dagrun for example_python_operator to None, run_after=None
[2026-04-09T00:40:51.451+0000] {processor.py:208} INFO - Processing /home/airflow/.local/lib/python3.12/site-packages/airflow/example_dags/example_python_operator.py took 0.039 seconds
[2026-04-09T00:41:22.212+0000] {processor.py:186} INFO - Started process (PID=1303) to work on /home/airflow/.local/lib/python3.12/site-packages/airflow/example_dags/example_python_operator.py
[2026-04-09T00:41:22.212+0000] {processor.py:914} INFO - Processing file /home/airflow/.local/lib/python3.12/site-packages/airflow/example_dags/example_python_operator.py for tasks to queue
[2026-04-09T00:41:22.213+0000] {logging_mixin.py:190} INFO - [2026-04-09T00:41:22.213+0000] {dagbag.py:587} INFO - Filling up the DagBag from /home/airflow/.local/lib/python3.12/site-packages/airflow/example_dags/example_python_operator.py
[2026-04-09T00:41:22.218+0000] {processor.py:925} INFO - DAG(s) 'example_python_operator' retrieved from /home/airflow/.local/lib/python3.12/site-packages/airflow/example_dags/example_python_operator.py
[2026-04-09T00:41:22.226+0000] {logging_mixin.py:190} INFO - [2026-04-09T00:41:22.226+0000] {dag.py:3211} INFO - Sync 1 DAGs
[2026-04-09T00:41:22.230+0000] {logging_mixin.py:190} INFO - [2026-04-09T00:41:22.230+0000] {dag.py:4138} INFO - Setting next_dagrun for example_python_operator to None, run_after=None
[2026-04-09T00:41:22.239+0000] {processor.py:208} INFO - Processing /home/airflow/.local/lib/python3.12/site-packages/airflow/example_dags/example_python_operator.py took 0.029 seconds
[2026-04-09T00:41:53.127+0000] {processor.py:186} INFO - Started process (PID=1367) to work on /home/airflow/.local/lib/python3.12/site-packages/airflow/example_dags/example_python_operator.py
[2026-04-09T00:41:53.128+0000] {processor.py:914} INFO - Processing file /home/airflow/.local/lib/python3.12/site-packages/airflow/example_dags/example_python_operator.py for tasks to queue
[2026-04-09T00:41:53.129+0000] {logging_mixin.py:190} INFO - [2026-04-09T00:41:53.129+0000] {dagbag.py:587} INFO - Filling up the DagBag from /home/airflow/.local/lib/python3.12/site-packages/airflow/example_dags/example_python_operator.py
[2026-04-09T00:41:53.136+0000] {processor.py:925} INFO - DAG(s) 'example_python_operator' retrieved from /home/airflow/.local/lib/python3.12/site-packages/airflow/example_dags/example_python_operator.py
[2026-04-09T00:41:53.153+0000] {logging_mixin.py:190} INFO - [2026-04-09T00:41:53.153+0000] {dag.py:3211} INFO - Sync 1 DAGs
[2026-04-09T00:41:53.159+0000] {logging_mixin.py:190} INFO - [2026-04-09T00:41:53.159+0000] {dag.py:4138} INFO - Setting next_dagrun for example_python_operator to None, run_after=None
[2026-04-09T00:41:53.169+0000] {processor.py:208} INFO - Processing /home/airflow/.local/lib/python3.12/site-packages/airflow/example_dags/example_python_operator.py took 0.044 seconds
[2026-04-09T00:42:24.241+0000] {processor.py:186} INFO - Started process (PID=1431) to work on /home/airflow/.local/lib/python3.12/site-packages/airflow/example_dags/example_python_operator.py
[2026-04-09T00:42:24.245+0000] {processor.py:914} INFO - Processing file /home/airflow/.local/lib/python3.12/site-packages/airflow/example_dags/example_python_operator.py for tasks to queue
[2026-04-09T00:42:24.245+0000] {logging_mixin.py:190} INFO - [2026-04-09T00:42:24.245+0000] {dagbag.py:587} INFO - Filling up the DagBag from /home/airflow/.local/lib/python3.12/site-packages/airflow/example_dags/example_python_operator.py
[2026-04-09T00:42:24.253+0000] {processor.py:925} INFO - DAG(s) 'example_python_operator' retrieved from /home/airflow/.local/lib/python3.12/site-packages/airflow/example_dags/example_python_operator.py
[2026-04-09T00:42:24.263+0000] {logging_mixin.py:190} INFO - [2026-04-09T00:42:24.263+0000] {dag.py:3211} INFO - Sync 1 DAGs
[2026-04-09T00:42:24.268+0000] {logging_mixin.py:190} INFO - [2026-04-09T00:42:24.268+0000] {dag.py:4138} INFO - Setting next_dagrun for example_python_operator to None, run_after=None
[2026-04-09T00:42:24.276+0000] {processor.py:208} INFO - Processing /home/airflow/.local/lib/python3.12/site-packages/airflow/example_dags/example_python_operator.py took 0.037 seconds
[2026-04-09T00:42:55.016+0000] {processor.py:186} INFO - Started process (PID=1495) to work on /home/airflow/.local/lib/python3.12/site-packages/airflow/example_dags/example_python_operator.py
[2026-04-09T00:42:55.018+0000] {processor.py:914} INFO - Processing file /home/airflow/.local/lib/python3.12/site-packages/airflow/example_dags/example_python_operator.py for tasks to queue
[2026-04-09T00:42:55.019+0000] {logging_mixin.py:190} INFO - [2026-04-09T00:42:55.019+0000] {dagbag.py:587} INFO - Filling up the DagBag from /home/airflow/.local/lib/python3.12/site-packages/airflow/example_dags/example_python_operator.py
[2026-04-09T00:42:55.024+0000] {processor.py:925} INFO - DAG(s) 'example_python_operator' retrieved from /home/airflow/.local/lib/python3.12/site-packages/airflow/example_dags/example_python_operator.py
[2026-04-09T00:42:55.032+0000] {logging_mixin.py:190} INFO - [2026-04-09T00:42:55.032+0000] {dag.py:3211} INFO - Sync 1 DAGs
[2026-04-09T00:42:55.037+0000] {logging_mixin.py:190} INFO - [2026-04-09T00:42:55.037+0000] {dag.py:4138} INFO - Setting next_dagrun for example_python_operator to None, run_after=None
[2026-04-09T00:42:55.045+0000] {processor.py:208} INFO - Processing /home/airflow/.local/lib/python3.12/site-packages/airflow/example_dags/example_python_operator.py took 0.031 seconds
[2026-04-09T00:43:25.758+0000] {processor.py:186} INFO - Started process (PID=1559) to work on /home/airflow/.local/lib/python3.12/site-packages/airflow/example_dags/example_python_operator.py
[2026-04-09T00:43:25.759+0000] {processor.py:914} INFO - Processing file /home/airflow/.local/lib/python3.12/site-packages/airflow/example_dags/example_python_operator.py for tasks to queue
[2026-04-09T00:43:25.760+0000] {logging_mixin.py:190} INFO - [2026-04-09T00:43:25.759+0000] {dagbag.py:587} INFO - Filling up the DagBag from /home/airflow/.local/lib/python3.12/site-packages/airflow/example_dags/example_python_operator.py
[2026-04-09T00:43:25.767+0000] {processor.py:925} INFO - DAG(s) 'example_python_operator' retrieved from /home/airflow/.local/lib/python3.12/site-packages/airflow/example_dags/example_python_operator.py
[2026-04-09T00:43:25.777+0000] {logging_mixin.py:190} INFO - [2026-04-09T00:43:25.777+0000] {dag.py:3211} INFO - Sync 1 DAGs
[2026-04-09T00:43:25.782+0000] {logging_mixin.py:190} INFO - [2026-04-09T00:43:25.781+0000] {dag.py:4138} INFO - Setting next_dagrun for example_python_operator to None, run_after=None
[2026-04-09T00:43:25.790+0000] {processor.py:208} INFO - Processing /home/airflow/.local/lib/python3.12/site-packages/airflow/example_dags/example_python_operator.py took 0.034 seconds
[2026-04-09T00:43:56.522+0000] {processor.py:186} INFO - Started process (PID=1623) to work on /home/airflow/.local/lib/python3.12/site-packages/airflow/example_dags/example_python_operator.py
[2026-04-09T00:43:56.523+0000] {processor.py:914} INFO - Processing file /home/airflow/.local/lib/python3.12/site-packages/airflow/example_dags/example_python_operator.py for tasks to queue
[2026-04-09T00:43:56.524+0000] {logging_mixin.py:190} INFO - [2026-04-09T00:43:56.523+0000] {dagbag.py:587} INFO - Filling up the DagBag from /home/airflow/.local/lib/python3.12/site-packages/airflow/example_dags/example_python_operator.py
[2026-04-09T00:43:56.532+0000] {processor.py:925} INFO - DAG(s) 'example_python_operator' retrieved from /home/airflow/.local/lib/python3.12/site-packages/airflow/example_dags/example_python_operator.py
[2026-04-09T00:43:56.545+0000] {logging_mixin.py:190} INFO - [2026-04-09T00:43:56.545+0000] {dag.py:3211} INFO - Sync 1 DAGs
[2026-04-09T00:43:56.551+0000] {logging_mixin.py:190} INFO - [2026-04-09T00:43:56.550+0000] {dag.py:4138} INFO - Setting next_dagrun for example_python_operator to None, run_after=None
[2026-04-09T00:43:56.559+0000] {processor.py:208} INFO - Processing /home/airflow/.local/lib/python3.12/site-packages/airflow/example_dags/example_python_operator.py took 0.040 seconds
[2026-04-09T00:44:27.331+0000] {processor.py:186} INFO - Started process (PID=1687) to work on /home/airflow/.local/lib/python3.12/site-packages/airflow/example_dags/example_python_operator.py
[2026-04-09T00:44:27.331+0000] {processor.py:914} INFO - Processing file /home/airflow/.local/lib/python3.12/site-packages/airflow/example_dags/example_python_operator.py for tasks to queue
[2026-04-09T00:44:27.332+0000] {logging_mixin.py:190} INFO - [2026-04-09T00:44:27.332+0000] {dagbag.py:587} INFO - Filling up the DagBag from /home/airflow/.local/lib/python3.12/site-packages/airflow/example_dags/example_python_operator.py
[2026-04-09T00:44:27.336+0000] {processor.py:925} INFO - DAG(s) 'example_python_operator' retrieved from /home/airflow/.local/lib/python3.12/site-packages/airflow/example_dags/example_python_operator.py
[2026-04-09T00:44:27.344+0000] {logging_mixin.py:190} INFO - [2026-04-09T00:44:27.344+0000] {dag.py:3211} INFO - Sync 1 DAGs
[2026-04-09T00:44:27.349+0000] {logging_mixin.py:190} INFO - [2026-04-09T00:44:27.349+0000] {dag.py:4138} INFO - Setting next_dagrun for example_python_operator to None, run_after=None
[2026-04-09T00:44:27.359+0000] {processor.py:208} INFO - Processing /home/airflow/.local/lib/python3.12/site-packages/airflow/example_dags/example_python_operator.py took 0.030 seconds
[2026-04-09T00:44:58.260+0000] {processor.py:186} INFO - Started process (PID=1751) to work on /home/airflow/.local/lib/python3.12/site-packages/airflow/example_dags/example_python_operator.py
[2026-04-09T00:44:58.260+0000] {processor.py:914} INFO - Processing file /home/airflow/.local/lib/python3.12/site-packages/airflow/example_dags/example_python_operator.py for tasks to queue
[2026-04-09T00:44:58.261+0000] {logging_mixin.py:190} INFO - [2026-04-09T00:44:58.261+0000] {dagbag.py:587} INFO - Filling up the DagBag from /home/airflow/.local/lib/python3.12/site-packages/airflow/example_dags/example_python_operator.py
[2026-04-09T00:44:58.266+0000] {processor.py:925} INFO - DAG(s) 'example_python_operator' retrieved from /home/airflow/.local/lib/python3.12/site-packages/airflow/example_dags/example_python_operator.py
[2026-04-09T00:44:58.275+0000] {logging_mixin.py:190} INFO - [2026-04-09T00:44:58.274+0000] {dag.py:3211} INFO - Sync 1 DAGs
[2026-04-09T00:44:58.279+0000] {logging_mixin.py:190} INFO - [2026-04-09T00:44:58.279+0000] {dag.py:4138} INFO - Setting next_dagrun for example_python_operator to None, run_after=None
[2026-04-09T00:44:58.285+0000] {processor.py:208} INFO - Processing /home/airflow/.local/lib/python3.12/site-packages/airflow/example_dags/example_python_operator.py took 0.028 seconds
[2026-04-09T00:45:29.259+0000] {processor.py:186} INFO - Started process (PID=1814) to work on /home/airflow/.local/lib/python3.12/site-packages/airflow/example_dags/example_python_operator.py
[2026-04-09T00:45:29.261+0000] {processor.py:914} INFO - Processing file /home/airflow/.local/lib/python3.12/site-packages/airflow/example_dags/example_python_operator.py for tasks to queue
[2026-04-09T00:45:29.262+0000] {logging_mixin.py:190} INFO - [2026-04-09T00:45:29.262+0000] {dagbag.py:587} INFO - Filling up the DagBag from /home/airflow/.local/lib/python3.12/site-packages/airflow/example_dags/example_python_operator.py
[2026-04-09T00:45:29.270+0000] {processor.py:925} INFO - DAG(s) 'example_python_operator' retrieved from /home/airflow/.local/lib/python3.12/site-packages/airflow/example_dags/example_python_operator.py
[2026-04-09T00:45:29.283+0000] {logging_mixin.py:190} INFO - [2026-04-09T00:45:29.283+0000] {dag.py:3211} INFO - Sync 1 DAGs
[2026-04-09T00:45:29.288+0000] {logging_mixin.py:190} INFO - [2026-04-09T00:45:29.288+0000] {dag.py:4138} INFO - Setting next_dagrun for example_python_operator to None, run_after=None
[2026-04-09T00:45:29.298+0000] {processor.py:208} INFO - Processing /home/airflow/.local/lib/python3.12/site-packages/airflow/example_dags/example_python_operator.py took 0.041 seconds
[2026-04-09T00:46:00.187+0000] {processor.py:186} INFO - Started process (PID=1878) to work on /home/airflow/.local/lib/python3.12/site-packages/airflow/example_dags/example_python_operator.py
[2026-04-09T00:46:00.188+0000] {processor.py:914} INFO - Processing file /home/airflow/.local/lib/python3.12/site-packages/airflow/example_dags/example_python_operator.py for tasks to queue
[2026-04-09T00:46:00.188+0000] {logging_mixin.py:190} INFO - [2026-04-09T00:46:00.188+0000] {dagbag.py:587} INFO - Filling up the DagBag from /home/airflow/.local/lib/python3.12/site-packages/airflow/example_dags/example_python_operator.py
[2026-04-09T00:46:00.193+0000] {processor.py:925} INFO - DAG(s) 'example_python_operator' retrieved from /home/airflow/.local/lib/python3.12/site-packages/airflow/example_dags/example_python_operator.py
[2026-04-09T00:46:00.202+0000] {logging_mixin.py:190} INFO - [2026-04-09T00:46:00.202+0000] {dag.py:3211} INFO - Sync 1 DAGs
[2026-04-09T00:46:00.207+0000] {logging_mixin.py:190} INFO - [2026-04-09T00:46:00.207+0000] {dag.py:4138} INFO - Setting next_dagrun for example_python_operator to None, run_after=None
[2026-04-09T00:46:00.219+0000] {processor.py:208} INFO - Processing /home/airflow/.local/lib/python3.12/site-packages/airflow/example_dags/example_python_operator.py took 0.035 seconds
