[2026-04-09T00:31:37.374+0000] {processor.py:186} INFO - Started process (PID=68) to work on /home/airflow/.local/lib/python3.12/site-packages/airflow/example_dags/example_display_name.py
[2026-04-09T00:31:37.375+0000] {processor.py:914} INFO - Processing file /home/airflow/.local/lib/python3.12/site-packages/airflow/example_dags/example_display_name.py for tasks to queue
[2026-04-09T00:31:37.378+0000] {logging_mixin.py:190} INFO - [2026-04-09T00:31:37.378+0000] {dagbag.py:587} INFO - Filling up the DagBag from /home/airflow/.local/lib/python3.12/site-packages/airflow/example_dags/example_display_name.py
[2026-04-09T00:31:37.381+0000] {processor.py:925} INFO - DAG(s) 'example_display_name' retrieved from /home/airflow/.local/lib/python3.12/site-packages/airflow/example_dags/example_display_name.py
[2026-04-09T00:31:37.421+0000] {logging_mixin.py:190} INFO - [2026-04-09T00:31:37.421+0000] {dag.py:3211} INFO - Sync 1 DAGs
[2026-04-09T00:31:37.428+0000] {logging_mixin.py:190} INFO - [2026-04-09T00:31:37.428+0000] {dag.py:4138} INFO - Setting next_dagrun for example_display_name to None, run_after=None
[2026-04-09T00:31:37.439+0000] {processor.py:208} INFO - Processing /home/airflow/.local/lib/python3.12/site-packages/airflow/example_dags/example_display_name.py took 0.068 seconds
[2026-04-09T00:32:07.693+0000] {processor.py:186} INFO - Started process (PID=131) to work on /home/airflow/.local/lib/python3.12/site-packages/airflow/example_dags/example_display_name.py
[2026-04-09T00:32:07.694+0000] {processor.py:914} INFO - Processing file /home/airflow/.local/lib/python3.12/site-packages/airflow/example_dags/example_display_name.py for tasks to queue
[2026-04-09T00:32:07.695+0000] {logging_mixin.py:190} INFO - [2026-04-09T00:32:07.695+0000] {dagbag.py:587} INFO - Filling up the DagBag from /home/airflow/.local/lib/python3.12/site-packages/airflow/example_dags/example_display_name.py
[2026-04-09T00:32:07.699+0000] {processor.py:925} INFO - DAG(s) 'example_display_name' retrieved from /home/airflow/.local/lib/python3.12/site-packages/airflow/example_dags/example_display_name.py
[2026-04-09T00:32:07.708+0000] {logging_mixin.py:190} INFO - [2026-04-09T00:32:07.707+0000] {dag.py:3211} INFO - Sync 1 DAGs
[2026-04-09T00:32:07.714+0000] {logging_mixin.py:190} INFO - [2026-04-09T00:32:07.714+0000] {dag.py:4138} INFO - Setting next_dagrun for example_display_name to None, run_after=None
[2026-04-09T00:32:07.725+0000] {processor.py:208} INFO - Processing /home/airflow/.local/lib/python3.12/site-packages/airflow/example_dags/example_display_name.py took 0.034 seconds
[2026-04-09T00:32:38.560+0000] {processor.py:186} INFO - Started process (PID=195) to work on /home/airflow/.local/lib/python3.12/site-packages/airflow/example_dags/example_display_name.py
[2026-04-09T00:32:38.560+0000] {processor.py:914} INFO - Processing file /home/airflow/.local/lib/python3.12/site-packages/airflow/example_dags/example_display_name.py for tasks to queue
[2026-04-09T00:32:38.561+0000] {logging_mixin.py:190} INFO - [2026-04-09T00:32:38.561+0000] {dagbag.py:587} INFO - Filling up the DagBag from /home/airflow/.local/lib/python3.12/site-packages/airflow/example_dags/example_display_name.py
[2026-04-09T00:32:38.564+0000] {processor.py:925} INFO - DAG(s) 'example_display_name' retrieved from /home/airflow/.local/lib/python3.12/site-packages/airflow/example_dags/example_display_name.py
[2026-04-09T00:32:38.576+0000] {logging_mixin.py:190} INFO - [2026-04-09T00:32:38.576+0000] {dag.py:3211} INFO - Sync 1 DAGs
[2026-04-09T00:32:38.581+0000] {logging_mixin.py:190} INFO - [2026-04-09T00:32:38.581+0000] {dag.py:4138} INFO - Setting next_dagrun for example_display_name to None, run_after=None
[2026-04-09T00:32:38.591+0000] {processor.py:208} INFO - Processing /home/airflow/.local/lib/python3.12/site-packages/airflow/example_dags/example_display_name.py took 0.033 seconds
[2026-04-09T00:33:09.385+0000] {processor.py:186} INFO - Started process (PID=259) to work on /home/airflow/.local/lib/python3.12/site-packages/airflow/example_dags/example_display_name.py
[2026-04-09T00:33:09.388+0000] {processor.py:914} INFO - Processing file /home/airflow/.local/lib/python3.12/site-packages/airflow/example_dags/example_display_name.py for tasks to queue
[2026-04-09T00:33:09.389+0000] {logging_mixin.py:190} INFO - [2026-04-09T00:33:09.389+0000] {dagbag.py:587} INFO - Filling up the DagBag from /home/airflow/.local/lib/python3.12/site-packages/airflow/example_dags/example_display_name.py
[2026-04-09T00:33:09.392+0000] {processor.py:925} INFO - DAG(s) 'example_display_name' retrieved from /home/airflow/.local/lib/python3.12/site-packages/airflow/example_dags/example_display_name.py
[2026-04-09T00:33:09.402+0000] {logging_mixin.py:190} INFO - [2026-04-09T00:33:09.402+0000] {dag.py:3211} INFO - Sync 1 DAGs
[2026-04-09T00:33:09.408+0000] {logging_mixin.py:190} INFO - [2026-04-09T00:33:09.408+0000] {dag.py:4138} INFO - Setting next_dagrun for example_display_name to None, run_after=None
[2026-04-09T00:33:09.414+0000] {processor.py:208} INFO - Processing /home/airflow/.local/lib/python3.12/site-packages/airflow/example_dags/example_display_name.py took 0.032 seconds
[2026-04-09T00:33:40.276+0000] {processor.py:186} INFO - Started process (PID=329) to work on /home/airflow/.local/lib/python3.12/site-packages/airflow/example_dags/example_display_name.py
[2026-04-09T00:33:40.276+0000] {processor.py:914} INFO - Processing file /home/airflow/.local/lib/python3.12/site-packages/airflow/example_dags/example_display_name.py for tasks to queue
[2026-04-09T00:33:40.277+0000] {logging_mixin.py:190} INFO - [2026-04-09T00:33:40.277+0000] {dagbag.py:587} INFO - Filling up the DagBag from /home/airflow/.local/lib/python3.12/site-packages/airflow/example_dags/example_display_name.py
[2026-04-09T00:33:40.280+0000] {processor.py:925} INFO - DAG(s) 'example_display_name' retrieved from /home/airflow/.local/lib/python3.12/site-packages/airflow/example_dags/example_display_name.py
[2026-04-09T00:33:40.288+0000] {logging_mixin.py:190} INFO - [2026-04-09T00:33:40.288+0000] {dag.py:3211} INFO - Sync 1 DAGs
[2026-04-09T00:33:40.293+0000] {logging_mixin.py:190} INFO - [2026-04-09T00:33:40.293+0000] {dag.py:4138} INFO - Setting next_dagrun for example_display_name to None, run_after=None
[2026-04-09T00:33:40.302+0000] {processor.py:208} INFO - Processing /home/airflow/.local/lib/python3.12/site-packages/airflow/example_dags/example_display_name.py took 0.028 seconds
[2026-04-09T00:34:11.037+0000] {processor.py:186} INFO - Started process (PID=393) to work on /home/airflow/.local/lib/python3.12/site-packages/airflow/example_dags/example_display_name.py
[2026-04-09T00:34:11.037+0000] {processor.py:914} INFO - Processing file /home/airflow/.local/lib/python3.12/site-packages/airflow/example_dags/example_display_name.py for tasks to queue
[2026-04-09T00:34:11.038+0000] {logging_mixin.py:190} INFO - [2026-04-09T00:34:11.038+0000] {dagbag.py:587} INFO - Filling up the DagBag from /home/airflow/.local/lib/python3.12/site-packages/airflow/example_dags/example_display_name.py
[2026-04-09T00:34:11.041+0000] {processor.py:925} INFO - DAG(s) 'example_display_name' retrieved from /home/airflow/.local/lib/python3.12/site-packages/airflow/example_dags/example_display_name.py
[2026-04-09T00:34:11.048+0000] {logging_mixin.py:190} INFO - [2026-04-09T00:34:11.048+0000] {dag.py:3211} INFO - Sync 1 DAGs
[2026-04-09T00:34:11.053+0000] {logging_mixin.py:190} INFO - [2026-04-09T00:34:11.053+0000] {dag.py:4138} INFO - Setting next_dagrun for example_display_name to None, run_after=None
[2026-04-09T00:34:11.060+0000] {processor.py:208} INFO - Processing /home/airflow/.local/lib/python3.12/site-packages/airflow/example_dags/example_display_name.py took 0.025 seconds
[2026-04-09T00:34:41.870+0000] {processor.py:186} INFO - Started process (PID=457) to work on /home/airflow/.local/lib/python3.12/site-packages/airflow/example_dags/example_display_name.py
[2026-04-09T00:34:41.871+0000] {processor.py:914} INFO - Processing file /home/airflow/.local/lib/python3.12/site-packages/airflow/example_dags/example_display_name.py for tasks to queue
[2026-04-09T00:34:41.872+0000] {logging_mixin.py:190} INFO - [2026-04-09T00:34:41.872+0000] {dagbag.py:587} INFO - Filling up the DagBag from /home/airflow/.local/lib/python3.12/site-packages/airflow/example_dags/example_display_name.py
[2026-04-09T00:34:41.875+0000] {processor.py:925} INFO - DAG(s) 'example_display_name' retrieved from /home/airflow/.local/lib/python3.12/site-packages/airflow/example_dags/example_display_name.py
[2026-04-09T00:34:41.885+0000] {logging_mixin.py:190} INFO - [2026-04-09T00:34:41.885+0000] {dag.py:3211} INFO - Sync 1 DAGs
[2026-04-09T00:34:41.890+0000] {logging_mixin.py:190} INFO - [2026-04-09T00:34:41.889+0000] {dag.py:4138} INFO - Setting next_dagrun for example_display_name to None, run_after=None
[2026-04-09T00:34:41.897+0000] {processor.py:208} INFO - Processing /home/airflow/.local/lib/python3.12/site-packages/airflow/example_dags/example_display_name.py took 0.029 seconds
[2026-04-09T00:35:12.580+0000] {processor.py:186} INFO - Started process (PID=521) to work on /home/airflow/.local/lib/python3.12/site-packages/airflow/example_dags/example_display_name.py
[2026-04-09T00:35:12.582+0000] {processor.py:914} INFO - Processing file /home/airflow/.local/lib/python3.12/site-packages/airflow/example_dags/example_display_name.py for tasks to queue
[2026-04-09T00:35:12.583+0000] {logging_mixin.py:190} INFO - [2026-04-09T00:35:12.583+0000] {dagbag.py:587} INFO - Filling up the DagBag from /home/airflow/.local/lib/python3.12/site-packages/airflow/example_dags/example_display_name.py
[2026-04-09T00:35:12.586+0000] {processor.py:925} INFO - DAG(s) 'example_display_name' retrieved from /home/airflow/.local/lib/python3.12/site-packages/airflow/example_dags/example_display_name.py
[2026-04-09T00:35:12.593+0000] {logging_mixin.py:190} INFO - [2026-04-09T00:35:12.593+0000] {dag.py:3211} INFO - Sync 1 DAGs
[2026-04-09T00:35:12.601+0000] {logging_mixin.py:190} INFO - [2026-04-09T00:35:12.601+0000] {dag.py:4138} INFO - Setting next_dagrun for example_display_name to None, run_after=None
[2026-04-09T00:35:12.610+0000] {processor.py:208} INFO - Processing /home/airflow/.local/lib/python3.12/site-packages/airflow/example_dags/example_display_name.py took 0.031 seconds
[2026-04-09T00:35:43.354+0000] {processor.py:186} INFO - Started process (PID=584) to work on /home/airflow/.local/lib/python3.12/site-packages/airflow/example_dags/example_display_name.py
[2026-04-09T00:35:43.354+0000] {processor.py:914} INFO - Processing file /home/airflow/.local/lib/python3.12/site-packages/airflow/example_dags/example_display_name.py for tasks to queue
[2026-04-09T00:35:43.357+0000] {logging_mixin.py:190} INFO - [2026-04-09T00:35:43.355+0000] {dagbag.py:587} INFO - Filling up the DagBag from /home/airflow/.local/lib/python3.12/site-packages/airflow/example_dags/example_display_name.py
[2026-04-09T00:35:43.361+0000] {processor.py:925} INFO - DAG(s) 'example_display_name' retrieved from /home/airflow/.local/lib/python3.12/site-packages/airflow/example_dags/example_display_name.py
[2026-04-09T00:35:43.369+0000] {logging_mixin.py:190} INFO - [2026-04-09T00:35:43.369+0000] {dag.py:3211} INFO - Sync 1 DAGs
[2026-04-09T00:35:43.375+0000] {logging_mixin.py:190} INFO - [2026-04-09T00:35:43.375+0000] {dag.py:4138} INFO - Setting next_dagrun for example_display_name to None, run_after=None
[2026-04-09T00:35:43.384+0000] {processor.py:208} INFO - Processing /home/airflow/.local/lib/python3.12/site-packages/airflow/example_dags/example_display_name.py took 0.033 seconds
[2026-04-09T00:36:14.127+0000] {processor.py:186} INFO - Started process (PID=648) to work on /home/airflow/.local/lib/python3.12/site-packages/airflow/example_dags/example_display_name.py
[2026-04-09T00:36:14.128+0000] {processor.py:914} INFO - Processing file /home/airflow/.local/lib/python3.12/site-packages/airflow/example_dags/example_display_name.py for tasks to queue
[2026-04-09T00:36:14.129+0000] {logging_mixin.py:190} INFO - [2026-04-09T00:36:14.128+0000] {dagbag.py:587} INFO - Filling up the DagBag from /home/airflow/.local/lib/python3.12/site-packages/airflow/example_dags/example_display_name.py
[2026-04-09T00:36:14.133+0000] {processor.py:925} INFO - DAG(s) 'example_display_name' retrieved from /home/airflow/.local/lib/python3.12/site-packages/airflow/example_dags/example_display_name.py
[2026-04-09T00:36:14.141+0000] {logging_mixin.py:190} INFO - [2026-04-09T00:36:14.141+0000] {dag.py:3211} INFO - Sync 1 DAGs
[2026-04-09T00:36:14.147+0000] {logging_mixin.py:190} INFO - [2026-04-09T00:36:14.146+0000] {dag.py:4138} INFO - Setting next_dagrun for example_display_name to None, run_after=None
[2026-04-09T00:36:14.160+0000] {processor.py:208} INFO - Processing /home/airflow/.local/lib/python3.12/site-packages/airflow/example_dags/example_display_name.py took 0.035 seconds
[2026-04-09T00:36:44.894+0000] {processor.py:186} INFO - Started process (PID=711) to work on /home/airflow/.local/lib/python3.12/site-packages/airflow/example_dags/example_display_name.py
[2026-04-09T00:36:44.896+0000] {processor.py:914} INFO - Processing file /home/airflow/.local/lib/python3.12/site-packages/airflow/example_dags/example_display_name.py for tasks to queue
[2026-04-09T00:36:44.898+0000] {logging_mixin.py:190} INFO - [2026-04-09T00:36:44.898+0000] {dagbag.py:587} INFO - Filling up the DagBag from /home/airflow/.local/lib/python3.12/site-packages/airflow/example_dags/example_display_name.py
[2026-04-09T00:36:44.901+0000] {processor.py:925} INFO - DAG(s) 'example_display_name' retrieved from /home/airflow/.local/lib/python3.12/site-packages/airflow/example_dags/example_display_name.py
[2026-04-09T00:36:44.911+0000] {logging_mixin.py:190} INFO - [2026-04-09T00:36:44.911+0000] {dag.py:3211} INFO - Sync 1 DAGs
[2026-04-09T00:36:44.916+0000] {logging_mixin.py:190} INFO - [2026-04-09T00:36:44.916+0000] {dag.py:4138} INFO - Setting next_dagrun for example_display_name to None, run_after=None
[2026-04-09T00:36:44.924+0000] {processor.py:208} INFO - Processing /home/airflow/.local/lib/python3.12/site-packages/airflow/example_dags/example_display_name.py took 0.032 seconds
[2026-04-09T00:37:15.691+0000] {processor.py:186} INFO - Started process (PID=775) to work on /home/airflow/.local/lib/python3.12/site-packages/airflow/example_dags/example_display_name.py
[2026-04-09T00:37:15.692+0000] {processor.py:914} INFO - Processing file /home/airflow/.local/lib/python3.12/site-packages/airflow/example_dags/example_display_name.py for tasks to queue
[2026-04-09T00:37:15.693+0000] {logging_mixin.py:190} INFO - [2026-04-09T00:37:15.693+0000] {dagbag.py:587} INFO - Filling up the DagBag from /home/airflow/.local/lib/python3.12/site-packages/airflow/example_dags/example_display_name.py
[2026-04-09T00:37:15.698+0000] {processor.py:925} INFO - DAG(s) 'example_display_name' retrieved from /home/airflow/.local/lib/python3.12/site-packages/airflow/example_dags/example_display_name.py
[2026-04-09T00:37:15.708+0000] {logging_mixin.py:190} INFO - [2026-04-09T00:37:15.708+0000] {dag.py:3211} INFO - Sync 1 DAGs
[2026-04-09T00:37:15.713+0000] {logging_mixin.py:190} INFO - [2026-04-09T00:37:15.713+0000] {dag.py:4138} INFO - Setting next_dagrun for example_display_name to None, run_after=None
[2026-04-09T00:37:15.719+0000] {processor.py:208} INFO - Processing /home/airflow/.local/lib/python3.12/site-packages/airflow/example_dags/example_display_name.py took 0.030 seconds
[2026-04-09T00:37:46.449+0000] {processor.py:186} INFO - Started process (PID=840) to work on /home/airflow/.local/lib/python3.12/site-packages/airflow/example_dags/example_display_name.py
[2026-04-09T00:37:46.450+0000] {processor.py:914} INFO - Processing file /home/airflow/.local/lib/python3.12/site-packages/airflow/example_dags/example_display_name.py for tasks to queue
[2026-04-09T00:37:46.452+0000] {logging_mixin.py:190} INFO - [2026-04-09T00:37:46.451+0000] {dagbag.py:587} INFO - Filling up the DagBag from /home/airflow/.local/lib/python3.12/site-packages/airflow/example_dags/example_display_name.py
[2026-04-09T00:37:46.455+0000] {processor.py:925} INFO - DAG(s) 'example_display_name' retrieved from /home/airflow/.local/lib/python3.12/site-packages/airflow/example_dags/example_display_name.py
[2026-04-09T00:37:46.463+0000] {logging_mixin.py:190} INFO - [2026-04-09T00:37:46.463+0000] {dag.py:3211} INFO - Sync 1 DAGs
[2026-04-09T00:37:46.469+0000] {logging_mixin.py:190} INFO - [2026-04-09T00:37:46.469+0000] {dag.py:4138} INFO - Setting next_dagrun for example_display_name to None, run_after=None
[2026-04-09T00:37:46.477+0000] {processor.py:208} INFO - Processing /home/airflow/.local/lib/python3.12/site-packages/airflow/example_dags/example_display_name.py took 0.030 seconds
[2026-04-09T00:38:17.196+0000] {processor.py:186} INFO - Started process (PID=904) to work on /home/airflow/.local/lib/python3.12/site-packages/airflow/example_dags/example_display_name.py
[2026-04-09T00:38:17.197+0000] {processor.py:914} INFO - Processing file /home/airflow/.local/lib/python3.12/site-packages/airflow/example_dags/example_display_name.py for tasks to queue
[2026-04-09T00:38:17.199+0000] {logging_mixin.py:190} INFO - [2026-04-09T00:38:17.199+0000] {dagbag.py:587} INFO - Filling up the DagBag from /home/airflow/.local/lib/python3.12/site-packages/airflow/example_dags/example_display_name.py
[2026-04-09T00:38:17.202+0000] {processor.py:925} INFO - DAG(s) 'example_display_name' retrieved from /home/airflow/.local/lib/python3.12/site-packages/airflow/example_dags/example_display_name.py
[2026-04-09T00:38:17.213+0000] {logging_mixin.py:190} INFO - [2026-04-09T00:38:17.213+0000] {dag.py:3211} INFO - Sync 1 DAGs
[2026-04-09T00:38:17.218+0000] {logging_mixin.py:190} INFO - [2026-04-09T00:38:17.218+0000] {dag.py:4138} INFO - Setting next_dagrun for example_display_name to None, run_after=None
[2026-04-09T00:38:17.224+0000] {processor.py:208} INFO - Processing /home/airflow/.local/lib/python3.12/site-packages/airflow/example_dags/example_display_name.py took 0.029 seconds
[2026-04-09T00:38:47.882+0000] {processor.py:186} INFO - Started process (PID=968) to work on /home/airflow/.local/lib/python3.12/site-packages/airflow/example_dags/example_display_name.py
[2026-04-09T00:38:47.882+0000] {processor.py:914} INFO - Processing file /home/airflow/.local/lib/python3.12/site-packages/airflow/example_dags/example_display_name.py for tasks to queue
[2026-04-09T00:38:47.883+0000] {logging_mixin.py:190} INFO - [2026-04-09T00:38:47.883+0000] {dagbag.py:587} INFO - Filling up the DagBag from /home/airflow/.local/lib/python3.12/site-packages/airflow/example_dags/example_display_name.py
[2026-04-09T00:38:47.886+0000] {processor.py:925} INFO - DAG(s) 'example_display_name' retrieved from /home/airflow/.local/lib/python3.12/site-packages/airflow/example_dags/example_display_name.py
[2026-04-09T00:38:47.893+0000] {logging_mixin.py:190} INFO - [2026-04-09T00:38:47.893+0000] {dag.py:3211} INFO - Sync 1 DAGs
[2026-04-09T00:38:47.899+0000] {logging_mixin.py:190} INFO - [2026-04-09T00:38:47.899+0000] {dag.py:4138} INFO - Setting next_dagrun for example_display_name to None, run_after=None
[2026-04-09T00:38:47.908+0000] {processor.py:208} INFO - Processing /home/airflow/.local/lib/python3.12/site-packages/airflow/example_dags/example_display_name.py took 0.029 seconds
[2026-04-09T00:39:18.684+0000] {processor.py:186} INFO - Started process (PID=1032) to work on /home/airflow/.local/lib/python3.12/site-packages/airflow/example_dags/example_display_name.py
[2026-04-09T00:39:18.686+0000] {processor.py:914} INFO - Processing file /home/airflow/.local/lib/python3.12/site-packages/airflow/example_dags/example_display_name.py for tasks to queue
[2026-04-09T00:39:18.687+0000] {logging_mixin.py:190} INFO - [2026-04-09T00:39:18.687+0000] {dagbag.py:587} INFO - Filling up the DagBag from /home/airflow/.local/lib/python3.12/site-packages/airflow/example_dags/example_display_name.py
[2026-04-09T00:39:18.690+0000] {processor.py:925} INFO - DAG(s) 'example_display_name' retrieved from /home/airflow/.local/lib/python3.12/site-packages/airflow/example_dags/example_display_name.py
[2026-04-09T00:39:18.703+0000] {logging_mixin.py:190} INFO - [2026-04-09T00:39:18.703+0000] {dag.py:3211} INFO - Sync 1 DAGs
[2026-04-09T00:39:18.708+0000] {logging_mixin.py:190} INFO - [2026-04-09T00:39:18.708+0000] {dag.py:4138} INFO - Setting next_dagrun for example_display_name to None, run_after=None
[2026-04-09T00:39:18.716+0000] {processor.py:208} INFO - Processing /home/airflow/.local/lib/python3.12/site-packages/airflow/example_dags/example_display_name.py took 0.034 seconds
[2026-04-09T00:39:49.478+0000] {processor.py:186} INFO - Started process (PID=1096) to work on /home/airflow/.local/lib/python3.12/site-packages/airflow/example_dags/example_display_name.py
[2026-04-09T00:39:49.479+0000] {processor.py:914} INFO - Processing file /home/airflow/.local/lib/python3.12/site-packages/airflow/example_dags/example_display_name.py for tasks to queue
[2026-04-09T00:39:49.480+0000] {logging_mixin.py:190} INFO - [2026-04-09T00:39:49.480+0000] {dagbag.py:587} INFO - Filling up the DagBag from /home/airflow/.local/lib/python3.12/site-packages/airflow/example_dags/example_display_name.py
[2026-04-09T00:39:49.484+0000] {processor.py:925} INFO - DAG(s) 'example_display_name' retrieved from /home/airflow/.local/lib/python3.12/site-packages/airflow/example_dags/example_display_name.py
[2026-04-09T00:39:49.491+0000] {logging_mixin.py:190} INFO - [2026-04-09T00:39:49.491+0000] {dag.py:3211} INFO - Sync 1 DAGs
[2026-04-09T00:39:49.495+0000] {logging_mixin.py:190} INFO - [2026-04-09T00:39:49.495+0000] {dag.py:4138} INFO - Setting next_dagrun for example_display_name to None, run_after=None
[2026-04-09T00:39:49.502+0000] {processor.py:208} INFO - Processing /home/airflow/.local/lib/python3.12/site-packages/airflow/example_dags/example_display_name.py took 0.026 seconds
[2026-04-09T00:40:20.256+0000] {processor.py:186} INFO - Started process (PID=1160) to work on /home/airflow/.local/lib/python3.12/site-packages/airflow/example_dags/example_display_name.py
[2026-04-09T00:40:20.258+0000] {processor.py:914} INFO - Processing file /home/airflow/.local/lib/python3.12/site-packages/airflow/example_dags/example_display_name.py for tasks to queue
[2026-04-09T00:40:20.259+0000] {logging_mixin.py:190} INFO - [2026-04-09T00:40:20.259+0000] {dagbag.py:587} INFO - Filling up the DagBag from /home/airflow/.local/lib/python3.12/site-packages/airflow/example_dags/example_display_name.py
[2026-04-09T00:40:20.262+0000] {processor.py:925} INFO - DAG(s) 'example_display_name' retrieved from /home/airflow/.local/lib/python3.12/site-packages/airflow/example_dags/example_display_name.py
[2026-04-09T00:40:20.269+0000] {logging_mixin.py:190} INFO - [2026-04-09T00:40:20.269+0000] {dag.py:3211} INFO - Sync 1 DAGs
[2026-04-09T00:40:20.275+0000] {logging_mixin.py:190} INFO - [2026-04-09T00:40:20.275+0000] {dag.py:4138} INFO - Setting next_dagrun for example_display_name to None, run_after=None
[2026-04-09T00:40:20.281+0000] {processor.py:208} INFO - Processing /home/airflow/.local/lib/python3.12/site-packages/airflow/example_dags/example_display_name.py took 0.027 seconds
[2026-04-09T00:40:51.041+0000] {processor.py:186} INFO - Started process (PID=1224) to work on /home/airflow/.local/lib/python3.12/site-packages/airflow/example_dags/example_display_name.py
[2026-04-09T00:40:51.042+0000] {processor.py:914} INFO - Processing file /home/airflow/.local/lib/python3.12/site-packages/airflow/example_dags/example_display_name.py for tasks to queue
[2026-04-09T00:40:51.043+0000] {logging_mixin.py:190} INFO - [2026-04-09T00:40:51.043+0000] {dagbag.py:587} INFO - Filling up the DagBag from /home/airflow/.local/lib/python3.12/site-packages/airflow/example_dags/example_display_name.py
[2026-04-09T00:40:51.046+0000] {processor.py:925} INFO - DAG(s) 'example_display_name' retrieved from /home/airflow/.local/lib/python3.12/site-packages/airflow/example_dags/example_display_name.py
[2026-04-09T00:40:51.056+0000] {logging_mixin.py:190} INFO - [2026-04-09T00:40:51.056+0000] {dag.py:3211} INFO - Sync 1 DAGs
[2026-04-09T00:40:51.061+0000] {logging_mixin.py:190} INFO - [2026-04-09T00:40:51.061+0000] {dag.py:4138} INFO - Setting next_dagrun for example_display_name to None, run_after=None
[2026-04-09T00:40:51.070+0000] {processor.py:208} INFO - Processing /home/airflow/.local/lib/python3.12/site-packages/airflow/example_dags/example_display_name.py took 0.031 seconds
[2026-04-09T00:41:21.860+0000] {processor.py:186} INFO - Started process (PID=1288) to work on /home/airflow/.local/lib/python3.12/site-packages/airflow/example_dags/example_display_name.py
[2026-04-09T00:41:21.860+0000] {processor.py:914} INFO - Processing file /home/airflow/.local/lib/python3.12/site-packages/airflow/example_dags/example_display_name.py for tasks to queue
[2026-04-09T00:41:21.862+0000] {logging_mixin.py:190} INFO - [2026-04-09T00:41:21.862+0000] {dagbag.py:587} INFO - Filling up the DagBag from /home/airflow/.local/lib/python3.12/site-packages/airflow/example_dags/example_display_name.py
[2026-04-09T00:41:21.865+0000] {processor.py:925} INFO - DAG(s) 'example_display_name' retrieved from /home/airflow/.local/lib/python3.12/site-packages/airflow/example_dags/example_display_name.py
[2026-04-09T00:41:21.876+0000] {logging_mixin.py:190} INFO - [2026-04-09T00:41:21.876+0000] {dag.py:3211} INFO - Sync 1 DAGs
[2026-04-09T00:41:21.885+0000] {logging_mixin.py:190} INFO - [2026-04-09T00:41:21.885+0000] {dag.py:4138} INFO - Setting next_dagrun for example_display_name to None, run_after=None
[2026-04-09T00:41:21.897+0000] {processor.py:208} INFO - Processing /home/airflow/.local/lib/python3.12/site-packages/airflow/example_dags/example_display_name.py took 0.039 seconds
[2026-04-09T00:41:52.738+0000] {processor.py:186} INFO - Started process (PID=1352) to work on /home/airflow/.local/lib/python3.12/site-packages/airflow/example_dags/example_display_name.py
[2026-04-09T00:41:52.739+0000] {processor.py:914} INFO - Processing file /home/airflow/.local/lib/python3.12/site-packages/airflow/example_dags/example_display_name.py for tasks to queue
[2026-04-09T00:41:52.740+0000] {logging_mixin.py:190} INFO - [2026-04-09T00:41:52.740+0000] {dagbag.py:587} INFO - Filling up the DagBag from /home/airflow/.local/lib/python3.12/site-packages/airflow/example_dags/example_display_name.py
[2026-04-09T00:41:52.744+0000] {processor.py:925} INFO - DAG(s) 'example_display_name' retrieved from /home/airflow/.local/lib/python3.12/site-packages/airflow/example_dags/example_display_name.py
[2026-04-09T00:41:52.754+0000] {logging_mixin.py:190} INFO - [2026-04-09T00:41:52.753+0000] {dag.py:3211} INFO - Sync 1 DAGs
[2026-04-09T00:41:52.760+0000] {logging_mixin.py:190} INFO - [2026-04-09T00:41:52.760+0000] {dag.py:4138} INFO - Setting next_dagrun for example_display_name to None, run_after=None
[2026-04-09T00:41:52.770+0000] {processor.py:208} INFO - Processing /home/airflow/.local/lib/python3.12/site-packages/airflow/example_dags/example_display_name.py took 0.034 seconds
[2026-04-09T00:42:23.852+0000] {processor.py:186} INFO - Started process (PID=1416) to work on /home/airflow/.local/lib/python3.12/site-packages/airflow/example_dags/example_display_name.py
[2026-04-09T00:42:23.854+0000] {processor.py:914} INFO - Processing file /home/airflow/.local/lib/python3.12/site-packages/airflow/example_dags/example_display_name.py for tasks to queue
[2026-04-09T00:42:23.855+0000] {logging_mixin.py:190} INFO - [2026-04-09T00:42:23.855+0000] {dagbag.py:587} INFO - Filling up the DagBag from /home/airflow/.local/lib/python3.12/site-packages/airflow/example_dags/example_display_name.py
[2026-04-09T00:42:23.861+0000] {processor.py:925} INFO - DAG(s) 'example_display_name' retrieved from /home/airflow/.local/lib/python3.12/site-packages/airflow/example_dags/example_display_name.py
[2026-04-09T00:42:23.870+0000] {logging_mixin.py:190} INFO - [2026-04-09T00:42:23.870+0000] {dag.py:3211} INFO - Sync 1 DAGs
[2026-04-09T00:42:23.876+0000] {logging_mixin.py:190} INFO - [2026-04-09T00:42:23.876+0000] {dag.py:4138} INFO - Setting next_dagrun for example_display_name to None, run_after=None
[2026-04-09T00:42:23.885+0000] {processor.py:208} INFO - Processing /home/airflow/.local/lib/python3.12/site-packages/airflow/example_dags/example_display_name.py took 0.036 seconds
[2026-04-09T00:42:54.631+0000] {processor.py:186} INFO - Started process (PID=1480) to work on /home/airflow/.local/lib/python3.12/site-packages/airflow/example_dags/example_display_name.py
[2026-04-09T00:42:54.631+0000] {processor.py:914} INFO - Processing file /home/airflow/.local/lib/python3.12/site-packages/airflow/example_dags/example_display_name.py for tasks to queue
[2026-04-09T00:42:54.632+0000] {logging_mixin.py:190} INFO - [2026-04-09T00:42:54.632+0000] {dagbag.py:587} INFO - Filling up the DagBag from /home/airflow/.local/lib/python3.12/site-packages/airflow/example_dags/example_display_name.py
[2026-04-09T00:42:54.635+0000] {processor.py:925} INFO - DAG(s) 'example_display_name' retrieved from /home/airflow/.local/lib/python3.12/site-packages/airflow/example_dags/example_display_name.py
[2026-04-09T00:42:54.645+0000] {logging_mixin.py:190} INFO - [2026-04-09T00:42:54.645+0000] {dag.py:3211} INFO - Sync 1 DAGs
[2026-04-09T00:42:54.651+0000] {logging_mixin.py:190} INFO - [2026-04-09T00:42:54.651+0000] {dag.py:4138} INFO - Setting next_dagrun for example_display_name to None, run_after=None
[2026-04-09T00:42:54.659+0000] {processor.py:208} INFO - Processing /home/airflow/.local/lib/python3.12/site-packages/airflow/example_dags/example_display_name.py took 0.030 seconds
[2026-04-09T00:43:25.405+0000] {processor.py:186} INFO - Started process (PID=1544) to work on /home/airflow/.local/lib/python3.12/site-packages/airflow/example_dags/example_display_name.py
[2026-04-09T00:43:25.405+0000] {processor.py:914} INFO - Processing file /home/airflow/.local/lib/python3.12/site-packages/airflow/example_dags/example_display_name.py for tasks to queue
[2026-04-09T00:43:25.407+0000] {logging_mixin.py:190} INFO - [2026-04-09T00:43:25.407+0000] {dagbag.py:587} INFO - Filling up the DagBag from /home/airflow/.local/lib/python3.12/site-packages/airflow/example_dags/example_display_name.py
[2026-04-09T00:43:25.412+0000] {processor.py:925} INFO - DAG(s) 'example_display_name' retrieved from /home/airflow/.local/lib/python3.12/site-packages/airflow/example_dags/example_display_name.py
[2026-04-09T00:43:25.423+0000] {logging_mixin.py:190} INFO - [2026-04-09T00:43:25.422+0000] {dag.py:3211} INFO - Sync 1 DAGs
[2026-04-09T00:43:25.429+0000] {logging_mixin.py:190} INFO - [2026-04-09T00:43:25.429+0000] {dag.py:4138} INFO - Setting next_dagrun for example_display_name to None, run_after=None
[2026-04-09T00:43:25.438+0000] {processor.py:208} INFO - Processing /home/airflow/.local/lib/python3.12/site-packages/airflow/example_dags/example_display_name.py took 0.035 seconds
[2026-04-09T00:43:56.151+0000] {processor.py:186} INFO - Started process (PID=1608) to work on /home/airflow/.local/lib/python3.12/site-packages/airflow/example_dags/example_display_name.py
[2026-04-09T00:43:56.151+0000] {processor.py:914} INFO - Processing file /home/airflow/.local/lib/python3.12/site-packages/airflow/example_dags/example_display_name.py for tasks to queue
[2026-04-09T00:43:56.152+0000] {logging_mixin.py:190} INFO - [2026-04-09T00:43:56.152+0000] {dagbag.py:587} INFO - Filling up the DagBag from /home/airflow/.local/lib/python3.12/site-packages/airflow/example_dags/example_display_name.py
[2026-04-09T00:43:56.155+0000] {processor.py:925} INFO - DAG(s) 'example_display_name' retrieved from /home/airflow/.local/lib/python3.12/site-packages/airflow/example_dags/example_display_name.py
[2026-04-09T00:43:56.162+0000] {logging_mixin.py:190} INFO - [2026-04-09T00:43:56.162+0000] {dag.py:3211} INFO - Sync 1 DAGs
[2026-04-09T00:43:56.167+0000] {logging_mixin.py:190} INFO - [2026-04-09T00:43:56.167+0000] {dag.py:4138} INFO - Setting next_dagrun for example_display_name to None, run_after=None
[2026-04-09T00:43:56.172+0000] {processor.py:208} INFO - Processing /home/airflow/.local/lib/python3.12/site-packages/airflow/example_dags/example_display_name.py took 0.024 seconds
[2026-04-09T00:44:26.945+0000] {processor.py:186} INFO - Started process (PID=1671) to work on /home/airflow/.local/lib/python3.12/site-packages/airflow/example_dags/example_display_name.py
[2026-04-09T00:44:26.945+0000] {processor.py:914} INFO - Processing file /home/airflow/.local/lib/python3.12/site-packages/airflow/example_dags/example_display_name.py for tasks to queue
[2026-04-09T00:44:26.948+0000] {logging_mixin.py:190} INFO - [2026-04-09T00:44:26.948+0000] {dagbag.py:587} INFO - Filling up the DagBag from /home/airflow/.local/lib/python3.12/site-packages/airflow/example_dags/example_display_name.py
[2026-04-09T00:44:26.951+0000] {processor.py:925} INFO - DAG(s) 'example_display_name' retrieved from /home/airflow/.local/lib/python3.12/site-packages/airflow/example_dags/example_display_name.py
[2026-04-09T00:44:26.958+0000] {logging_mixin.py:190} INFO - [2026-04-09T00:44:26.958+0000] {dag.py:3211} INFO - Sync 1 DAGs
[2026-04-09T00:44:26.963+0000] {logging_mixin.py:190} INFO - [2026-04-09T00:44:26.963+0000] {dag.py:4138} INFO - Setting next_dagrun for example_display_name to None, run_after=None
[2026-04-09T00:44:26.970+0000] {processor.py:208} INFO - Processing /home/airflow/.local/lib/python3.12/site-packages/airflow/example_dags/example_display_name.py took 0.028 seconds
[2026-04-09T00:44:57.787+0000] {processor.py:186} INFO - Started process (PID=1735) to work on /home/airflow/.local/lib/python3.12/site-packages/airflow/example_dags/example_display_name.py
[2026-04-09T00:44:57.787+0000] {processor.py:914} INFO - Processing file /home/airflow/.local/lib/python3.12/site-packages/airflow/example_dags/example_display_name.py for tasks to queue
[2026-04-09T00:44:57.788+0000] {logging_mixin.py:190} INFO - [2026-04-09T00:44:57.788+0000] {dagbag.py:587} INFO - Filling up the DagBag from /home/airflow/.local/lib/python3.12/site-packages/airflow/example_dags/example_display_name.py
[2026-04-09T00:44:57.791+0000] {processor.py:925} INFO - DAG(s) 'example_display_name' retrieved from /home/airflow/.local/lib/python3.12/site-packages/airflow/example_dags/example_display_name.py
[2026-04-09T00:44:57.800+0000] {logging_mixin.py:190} INFO - [2026-04-09T00:44:57.800+0000] {dag.py:3211} INFO - Sync 1 DAGs
[2026-04-09T00:44:57.806+0000] {logging_mixin.py:190} INFO - [2026-04-09T00:44:57.806+0000] {dag.py:4138} INFO - Setting next_dagrun for example_display_name to None, run_after=None
[2026-04-09T00:44:57.813+0000] {processor.py:208} INFO - Processing /home/airflow/.local/lib/python3.12/site-packages/airflow/example_dags/example_display_name.py took 0.029 seconds
[2026-04-09T00:45:28.721+0000] {processor.py:186} INFO - Started process (PID=1798) to work on /home/airflow/.local/lib/python3.12/site-packages/airflow/example_dags/example_display_name.py
[2026-04-09T00:45:28.722+0000] {processor.py:914} INFO - Processing file /home/airflow/.local/lib/python3.12/site-packages/airflow/example_dags/example_display_name.py for tasks to queue
[2026-04-09T00:45:28.723+0000] {logging_mixin.py:190} INFO - [2026-04-09T00:45:28.723+0000] {dagbag.py:587} INFO - Filling up the DagBag from /home/airflow/.local/lib/python3.12/site-packages/airflow/example_dags/example_display_name.py
[2026-04-09T00:45:28.726+0000] {processor.py:925} INFO - DAG(s) 'example_display_name' retrieved from /home/airflow/.local/lib/python3.12/site-packages/airflow/example_dags/example_display_name.py
[2026-04-09T00:45:28.735+0000] {logging_mixin.py:190} INFO - [2026-04-09T00:45:28.735+0000] {dag.py:3211} INFO - Sync 1 DAGs
[2026-04-09T00:45:28.742+0000] {logging_mixin.py:190} INFO - [2026-04-09T00:45:28.742+0000] {dag.py:4138} INFO - Setting next_dagrun for example_display_name to None, run_after=None
[2026-04-09T00:45:28.753+0000] {processor.py:208} INFO - Processing /home/airflow/.local/lib/python3.12/site-packages/airflow/example_dags/example_display_name.py took 0.034 seconds
[2026-04-09T00:45:59.710+0000] {processor.py:186} INFO - Started process (PID=1862) to work on /home/airflow/.local/lib/python3.12/site-packages/airflow/example_dags/example_display_name.py
[2026-04-09T00:45:59.711+0000] {processor.py:914} INFO - Processing file /home/airflow/.local/lib/python3.12/site-packages/airflow/example_dags/example_display_name.py for tasks to queue
[2026-04-09T00:45:59.713+0000] {logging_mixin.py:190} INFO - [2026-04-09T00:45:59.712+0000] {dagbag.py:587} INFO - Filling up the DagBag from /home/airflow/.local/lib/python3.12/site-packages/airflow/example_dags/example_display_name.py
[2026-04-09T00:45:59.717+0000] {processor.py:925} INFO - DAG(s) 'example_display_name' retrieved from /home/airflow/.local/lib/python3.12/site-packages/airflow/example_dags/example_display_name.py
[2026-04-09T00:45:59.726+0000] {logging_mixin.py:190} INFO - [2026-04-09T00:45:59.726+0000] {dag.py:3211} INFO - Sync 1 DAGs
[2026-04-09T00:45:59.731+0000] {logging_mixin.py:190} INFO - [2026-04-09T00:45:59.731+0000] {dag.py:4138} INFO - Setting next_dagrun for example_display_name to None, run_after=None
[2026-04-09T00:45:59.738+0000] {processor.py:208} INFO - Processing /home/airflow/.local/lib/python3.12/site-packages/airflow/example_dags/example_display_name.py took 0.030 seconds
