[2026-04-09T00:31:37.031+0000] {processor.py:186} INFO - Started process (PID=61) to work on /home/airflow/.local/lib/python3.12/site-packages/airflow/example_dags/example_short_circuit_decorator.py
[2026-04-09T00:31:37.031+0000] {processor.py:914} INFO - Processing file /home/airflow/.local/lib/python3.12/site-packages/airflow/example_dags/example_short_circuit_decorator.py for tasks to queue
[2026-04-09T00:31:37.032+0000] {logging_mixin.py:190} INFO - [2026-04-09T00:31:37.032+0000] {dagbag.py:587} INFO - Filling up the DagBag from /home/airflow/.local/lib/python3.12/site-packages/airflow/example_dags/example_short_circuit_decorator.py
[2026-04-09T00:31:37.038+0000] {processor.py:925} INFO - DAG(s) 'example_short_circuit_decorator' retrieved from /home/airflow/.local/lib/python3.12/site-packages/airflow/example_dags/example_short_circuit_decorator.py
[2026-04-09T00:31:37.092+0000] {logging_mixin.py:190} INFO - [2026-04-09T00:31:37.092+0000] {dag.py:3211} INFO - Sync 1 DAGs
[2026-04-09T00:31:37.101+0000] {logging_mixin.py:190} INFO - [2026-04-09T00:31:37.101+0000] {dag.py:4138} INFO - Setting next_dagrun for example_short_circuit_decorator to 2026-04-08 00:00:00+00:00, run_after=2026-04-09 00:00:00+00:00
[2026-04-09T00:31:37.114+0000] {processor.py:208} INFO - Processing /home/airflow/.local/lib/python3.12/site-packages/airflow/example_dags/example_short_circuit_decorator.py took 0.085 seconds
[2026-04-09T00:32:07.447+0000] {processor.py:186} INFO - Started process (PID=124) to work on /home/airflow/.local/lib/python3.12/site-packages/airflow/example_dags/example_short_circuit_decorator.py
[2026-04-09T00:32:07.448+0000] {processor.py:914} INFO - Processing file /home/airflow/.local/lib/python3.12/site-packages/airflow/example_dags/example_short_circuit_decorator.py for tasks to queue
[2026-04-09T00:32:07.449+0000] {logging_mixin.py:190} INFO - [2026-04-09T00:32:07.448+0000] {dagbag.py:587} INFO - Filling up the DagBag from /home/airflow/.local/lib/python3.12/site-packages/airflow/example_dags/example_short_circuit_decorator.py
[2026-04-09T00:32:07.453+0000] {processor.py:925} INFO - DAG(s) 'example_short_circuit_decorator' retrieved from /home/airflow/.local/lib/python3.12/site-packages/airflow/example_dags/example_short_circuit_decorator.py
[2026-04-09T00:32:07.462+0000] {logging_mixin.py:190} INFO - [2026-04-09T00:32:07.462+0000] {dag.py:3211} INFO - Sync 1 DAGs
[2026-04-09T00:32:07.470+0000] {logging_mixin.py:190} INFO - [2026-04-09T00:32:07.470+0000] {dag.py:4138} INFO - Setting next_dagrun for example_short_circuit_decorator to 2026-04-08 00:00:00+00:00, run_after=2026-04-09 00:00:00+00:00
[2026-04-09T00:32:07.478+0000] {processor.py:208} INFO - Processing /home/airflow/.local/lib/python3.12/site-packages/airflow/example_dags/example_short_circuit_decorator.py took 0.033 seconds
[2026-04-09T00:32:38.293+0000] {processor.py:186} INFO - Started process (PID=188) to work on /home/airflow/.local/lib/python3.12/site-packages/airflow/example_dags/example_short_circuit_decorator.py
[2026-04-09T00:32:38.293+0000] {processor.py:914} INFO - Processing file /home/airflow/.local/lib/python3.12/site-packages/airflow/example_dags/example_short_circuit_decorator.py for tasks to queue
[2026-04-09T00:32:38.294+0000] {logging_mixin.py:190} INFO - [2026-04-09T00:32:38.294+0000] {dagbag.py:587} INFO - Filling up the DagBag from /home/airflow/.local/lib/python3.12/site-packages/airflow/example_dags/example_short_circuit_decorator.py
[2026-04-09T00:32:38.298+0000] {processor.py:925} INFO - DAG(s) 'example_short_circuit_decorator' retrieved from /home/airflow/.local/lib/python3.12/site-packages/airflow/example_dags/example_short_circuit_decorator.py
[2026-04-09T00:32:38.307+0000] {logging_mixin.py:190} INFO - [2026-04-09T00:32:38.307+0000] {dag.py:3211} INFO - Sync 1 DAGs
[2026-04-09T00:32:38.315+0000] {logging_mixin.py:190} INFO - [2026-04-09T00:32:38.315+0000] {dag.py:4138} INFO - Setting next_dagrun for example_short_circuit_decorator to 2026-04-08 00:00:00+00:00, run_after=2026-04-09 00:00:00+00:00
[2026-04-09T00:32:38.321+0000] {processor.py:208} INFO - Processing /home/airflow/.local/lib/python3.12/site-packages/airflow/example_dags/example_short_circuit_decorator.py took 0.030 seconds
[2026-04-09T00:33:09.173+0000] {processor.py:186} INFO - Started process (PID=252) to work on /home/airflow/.local/lib/python3.12/site-packages/airflow/example_dags/example_short_circuit_decorator.py
[2026-04-09T00:33:09.174+0000] {processor.py:914} INFO - Processing file /home/airflow/.local/lib/python3.12/site-packages/airflow/example_dags/example_short_circuit_decorator.py for tasks to queue
[2026-04-09T00:33:09.175+0000] {logging_mixin.py:190} INFO - [2026-04-09T00:33:09.175+0000] {dagbag.py:587} INFO - Filling up the DagBag from /home/airflow/.local/lib/python3.12/site-packages/airflow/example_dags/example_short_circuit_decorator.py
[2026-04-09T00:33:09.179+0000] {processor.py:925} INFO - DAG(s) 'example_short_circuit_decorator' retrieved from /home/airflow/.local/lib/python3.12/site-packages/airflow/example_dags/example_short_circuit_decorator.py
[2026-04-09T00:33:09.187+0000] {logging_mixin.py:190} INFO - [2026-04-09T00:33:09.187+0000] {dag.py:3211} INFO - Sync 1 DAGs
[2026-04-09T00:33:09.195+0000] {logging_mixin.py:190} INFO - [2026-04-09T00:33:09.194+0000] {dag.py:4138} INFO - Setting next_dagrun for example_short_circuit_decorator to 2026-04-08 00:00:00+00:00, run_after=2026-04-09 00:00:00+00:00
[2026-04-09T00:33:09.200+0000] {processor.py:208} INFO - Processing /home/airflow/.local/lib/python3.12/site-packages/airflow/example_dags/example_short_circuit_decorator.py took 0.029 seconds
[2026-04-09T00:33:40.072+0000] {processor.py:186} INFO - Started process (PID=322) to work on /home/airflow/.local/lib/python3.12/site-packages/airflow/example_dags/example_short_circuit_decorator.py
[2026-04-09T00:33:40.073+0000] {processor.py:914} INFO - Processing file /home/airflow/.local/lib/python3.12/site-packages/airflow/example_dags/example_short_circuit_decorator.py for tasks to queue
[2026-04-09T00:33:40.074+0000] {logging_mixin.py:190} INFO - [2026-04-09T00:33:40.074+0000] {dagbag.py:587} INFO - Filling up the DagBag from /home/airflow/.local/lib/python3.12/site-packages/airflow/example_dags/example_short_circuit_decorator.py
[2026-04-09T00:33:40.080+0000] {processor.py:925} INFO - DAG(s) 'example_short_circuit_decorator' retrieved from /home/airflow/.local/lib/python3.12/site-packages/airflow/example_dags/example_short_circuit_decorator.py
[2026-04-09T00:33:40.091+0000] {logging_mixin.py:190} INFO - [2026-04-09T00:33:40.091+0000] {dag.py:3211} INFO - Sync 1 DAGs
[2026-04-09T00:33:40.100+0000] {logging_mixin.py:190} INFO - [2026-04-09T00:33:40.100+0000] {dag.py:4138} INFO - Setting next_dagrun for example_short_circuit_decorator to 2026-04-08 00:00:00+00:00, run_after=2026-04-09 00:00:00+00:00
[2026-04-09T00:33:40.109+0000] {processor.py:208} INFO - Processing /home/airflow/.local/lib/python3.12/site-packages/airflow/example_dags/example_short_circuit_decorator.py took 0.039 seconds
[2026-04-09T00:34:10.842+0000] {processor.py:186} INFO - Started process (PID=386) to work on /home/airflow/.local/lib/python3.12/site-packages/airflow/example_dags/example_short_circuit_decorator.py
[2026-04-09T00:34:10.843+0000] {processor.py:914} INFO - Processing file /home/airflow/.local/lib/python3.12/site-packages/airflow/example_dags/example_short_circuit_decorator.py for tasks to queue
[2026-04-09T00:34:10.846+0000] {logging_mixin.py:190} INFO - [2026-04-09T00:34:10.845+0000] {dagbag.py:587} INFO - Filling up the DagBag from /home/airflow/.local/lib/python3.12/site-packages/airflow/example_dags/example_short_circuit_decorator.py
[2026-04-09T00:34:10.850+0000] {processor.py:925} INFO - DAG(s) 'example_short_circuit_decorator' retrieved from /home/airflow/.local/lib/python3.12/site-packages/airflow/example_dags/example_short_circuit_decorator.py
[2026-04-09T00:34:10.858+0000] {logging_mixin.py:190} INFO - [2026-04-09T00:34:10.858+0000] {dag.py:3211} INFO - Sync 1 DAGs
[2026-04-09T00:34:10.867+0000] {logging_mixin.py:190} INFO - [2026-04-09T00:34:10.867+0000] {dag.py:4138} INFO - Setting next_dagrun for example_short_circuit_decorator to 2026-04-08 00:00:00+00:00, run_after=2026-04-09 00:00:00+00:00
[2026-04-09T00:34:10.874+0000] {processor.py:208} INFO - Processing /home/airflow/.local/lib/python3.12/site-packages/airflow/example_dags/example_short_circuit_decorator.py took 0.035 seconds
[2026-04-09T00:34:41.660+0000] {processor.py:186} INFO - Started process (PID=450) to work on /home/airflow/.local/lib/python3.12/site-packages/airflow/example_dags/example_short_circuit_decorator.py
[2026-04-09T00:34:41.663+0000] {processor.py:914} INFO - Processing file /home/airflow/.local/lib/python3.12/site-packages/airflow/example_dags/example_short_circuit_decorator.py for tasks to queue
[2026-04-09T00:34:41.664+0000] {logging_mixin.py:190} INFO - [2026-04-09T00:34:41.664+0000] {dagbag.py:587} INFO - Filling up the DagBag from /home/airflow/.local/lib/python3.12/site-packages/airflow/example_dags/example_short_circuit_decorator.py
[2026-04-09T00:34:41.669+0000] {processor.py:925} INFO - DAG(s) 'example_short_circuit_decorator' retrieved from /home/airflow/.local/lib/python3.12/site-packages/airflow/example_dags/example_short_circuit_decorator.py
[2026-04-09T00:34:41.682+0000] {logging_mixin.py:190} INFO - [2026-04-09T00:34:41.682+0000] {dag.py:3211} INFO - Sync 1 DAGs
[2026-04-09T00:34:41.689+0000] {logging_mixin.py:190} INFO - [2026-04-09T00:34:41.689+0000] {dag.py:4138} INFO - Setting next_dagrun for example_short_circuit_decorator to 2026-04-08 00:00:00+00:00, run_after=2026-04-09 00:00:00+00:00
[2026-04-09T00:34:41.694+0000] {processor.py:208} INFO - Processing /home/airflow/.local/lib/python3.12/site-packages/airflow/example_dags/example_short_circuit_decorator.py took 0.037 seconds
[2026-04-09T00:35:12.378+0000] {processor.py:186} INFO - Started process (PID=514) to work on /home/airflow/.local/lib/python3.12/site-packages/airflow/example_dags/example_short_circuit_decorator.py
[2026-04-09T00:35:12.379+0000] {processor.py:914} INFO - Processing file /home/airflow/.local/lib/python3.12/site-packages/airflow/example_dags/example_short_circuit_decorator.py for tasks to queue
[2026-04-09T00:35:12.380+0000] {logging_mixin.py:190} INFO - [2026-04-09T00:35:12.380+0000] {dagbag.py:587} INFO - Filling up the DagBag from /home/airflow/.local/lib/python3.12/site-packages/airflow/example_dags/example_short_circuit_decorator.py
[2026-04-09T00:35:12.383+0000] {processor.py:925} INFO - DAG(s) 'example_short_circuit_decorator' retrieved from /home/airflow/.local/lib/python3.12/site-packages/airflow/example_dags/example_short_circuit_decorator.py
[2026-04-09T00:35:12.391+0000] {logging_mixin.py:190} INFO - [2026-04-09T00:35:12.391+0000] {dag.py:3211} INFO - Sync 1 DAGs
[2026-04-09T00:35:12.399+0000] {logging_mixin.py:190} INFO - [2026-04-09T00:35:12.398+0000] {dag.py:4138} INFO - Setting next_dagrun for example_short_circuit_decorator to 2026-04-08 00:00:00+00:00, run_after=2026-04-09 00:00:00+00:00
[2026-04-09T00:35:12.404+0000] {processor.py:208} INFO - Processing /home/airflow/.local/lib/python3.12/site-packages/airflow/example_dags/example_short_circuit_decorator.py took 0.028 seconds
[2026-04-09T00:35:43.128+0000] {processor.py:186} INFO - Started process (PID=577) to work on /home/airflow/.local/lib/python3.12/site-packages/airflow/example_dags/example_short_circuit_decorator.py
[2026-04-09T00:35:43.128+0000] {processor.py:914} INFO - Processing file /home/airflow/.local/lib/python3.12/site-packages/airflow/example_dags/example_short_circuit_decorator.py for tasks to queue
[2026-04-09T00:35:43.129+0000] {logging_mixin.py:190} INFO - [2026-04-09T00:35:43.129+0000] {dagbag.py:587} INFO - Filling up the DagBag from /home/airflow/.local/lib/python3.12/site-packages/airflow/example_dags/example_short_circuit_decorator.py
[2026-04-09T00:35:43.133+0000] {processor.py:925} INFO - DAG(s) 'example_short_circuit_decorator' retrieved from /home/airflow/.local/lib/python3.12/site-packages/airflow/example_dags/example_short_circuit_decorator.py
[2026-04-09T00:35:43.142+0000] {logging_mixin.py:190} INFO - [2026-04-09T00:35:43.141+0000] {dag.py:3211} INFO - Sync 1 DAGs
[2026-04-09T00:35:43.150+0000] {logging_mixin.py:190} INFO - [2026-04-09T00:35:43.150+0000] {dag.py:4138} INFO - Setting next_dagrun for example_short_circuit_decorator to 2026-04-08 00:00:00+00:00, run_after=2026-04-09 00:00:00+00:00
[2026-04-09T00:35:43.155+0000] {processor.py:208} INFO - Processing /home/airflow/.local/lib/python3.12/site-packages/airflow/example_dags/example_short_circuit_decorator.py took 0.030 seconds
[2026-04-09T00:36:13.951+0000] {processor.py:186} INFO - Started process (PID=641) to work on /home/airflow/.local/lib/python3.12/site-packages/airflow/example_dags/example_short_circuit_decorator.py
[2026-04-09T00:36:13.952+0000] {processor.py:914} INFO - Processing file /home/airflow/.local/lib/python3.12/site-packages/airflow/example_dags/example_short_circuit_decorator.py for tasks to queue
[2026-04-09T00:36:13.954+0000] {logging_mixin.py:190} INFO - [2026-04-09T00:36:13.954+0000] {dagbag.py:587} INFO - Filling up the DagBag from /home/airflow/.local/lib/python3.12/site-packages/airflow/example_dags/example_short_circuit_decorator.py
[2026-04-09T00:36:13.958+0000] {processor.py:925} INFO - DAG(s) 'example_short_circuit_decorator' retrieved from /home/airflow/.local/lib/python3.12/site-packages/airflow/example_dags/example_short_circuit_decorator.py
[2026-04-09T00:36:13.966+0000] {logging_mixin.py:190} INFO - [2026-04-09T00:36:13.966+0000] {dag.py:3211} INFO - Sync 1 DAGs
[2026-04-09T00:36:13.974+0000] {logging_mixin.py:190} INFO - [2026-04-09T00:36:13.973+0000] {dag.py:4138} INFO - Setting next_dagrun for example_short_circuit_decorator to 2026-04-08 00:00:00+00:00, run_after=2026-04-09 00:00:00+00:00
[2026-04-09T00:36:13.983+0000] {processor.py:208} INFO - Processing /home/airflow/.local/lib/python3.12/site-packages/airflow/example_dags/example_short_circuit_decorator.py took 0.034 seconds
[2026-04-09T00:36:44.749+0000] {processor.py:186} INFO - Started process (PID=705) to work on /home/airflow/.local/lib/python3.12/site-packages/airflow/example_dags/example_short_circuit_decorator.py
[2026-04-09T00:36:44.750+0000] {processor.py:914} INFO - Processing file /home/airflow/.local/lib/python3.12/site-packages/airflow/example_dags/example_short_circuit_decorator.py for tasks to queue
[2026-04-09T00:36:44.751+0000] {logging_mixin.py:190} INFO - [2026-04-09T00:36:44.751+0000] {dagbag.py:587} INFO - Filling up the DagBag from /home/airflow/.local/lib/python3.12/site-packages/airflow/example_dags/example_short_circuit_decorator.py
[2026-04-09T00:36:44.754+0000] {processor.py:925} INFO - DAG(s) 'example_short_circuit_decorator' retrieved from /home/airflow/.local/lib/python3.12/site-packages/airflow/example_dags/example_short_circuit_decorator.py
[2026-04-09T00:36:44.763+0000] {logging_mixin.py:190} INFO - [2026-04-09T00:36:44.763+0000] {dag.py:3211} INFO - Sync 1 DAGs
[2026-04-09T00:36:44.770+0000] {logging_mixin.py:190} INFO - [2026-04-09T00:36:44.770+0000] {dag.py:4138} INFO - Setting next_dagrun for example_short_circuit_decorator to 2026-04-08 00:00:00+00:00, run_after=2026-04-09 00:00:00+00:00
[2026-04-09T00:36:44.776+0000] {processor.py:208} INFO - Processing /home/airflow/.local/lib/python3.12/site-packages/airflow/example_dags/example_short_circuit_decorator.py took 0.029 seconds
[2026-04-09T00:37:15.540+0000] {processor.py:186} INFO - Started process (PID=769) to work on /home/airflow/.local/lib/python3.12/site-packages/airflow/example_dags/example_short_circuit_decorator.py
[2026-04-09T00:37:15.540+0000] {processor.py:914} INFO - Processing file /home/airflow/.local/lib/python3.12/site-packages/airflow/example_dags/example_short_circuit_decorator.py for tasks to queue
[2026-04-09T00:37:15.541+0000] {logging_mixin.py:190} INFO - [2026-04-09T00:37:15.541+0000] {dagbag.py:587} INFO - Filling up the DagBag from /home/airflow/.local/lib/python3.12/site-packages/airflow/example_dags/example_short_circuit_decorator.py
[2026-04-09T00:37:15.545+0000] {processor.py:925} INFO - DAG(s) 'example_short_circuit_decorator' retrieved from /home/airflow/.local/lib/python3.12/site-packages/airflow/example_dags/example_short_circuit_decorator.py
[2026-04-09T00:37:15.552+0000] {logging_mixin.py:190} INFO - [2026-04-09T00:37:15.552+0000] {dag.py:3211} INFO - Sync 1 DAGs
[2026-04-09T00:37:15.560+0000] {logging_mixin.py:190} INFO - [2026-04-09T00:37:15.560+0000] {dag.py:4138} INFO - Setting next_dagrun for example_short_circuit_decorator to 2026-04-08 00:00:00+00:00, run_after=2026-04-09 00:00:00+00:00
[2026-04-09T00:37:15.567+0000] {processor.py:208} INFO - Processing /home/airflow/.local/lib/python3.12/site-packages/airflow/example_dags/example_short_circuit_decorator.py took 0.029 seconds
[2026-04-09T00:37:46.251+0000] {processor.py:186} INFO - Started process (PID=833) to work on /home/airflow/.local/lib/python3.12/site-packages/airflow/example_dags/example_short_circuit_decorator.py
[2026-04-09T00:37:46.252+0000] {processor.py:914} INFO - Processing file /home/airflow/.local/lib/python3.12/site-packages/airflow/example_dags/example_short_circuit_decorator.py for tasks to queue
[2026-04-09T00:37:46.255+0000] {logging_mixin.py:190} INFO - [2026-04-09T00:37:46.255+0000] {dagbag.py:587} INFO - Filling up the DagBag from /home/airflow/.local/lib/python3.12/site-packages/airflow/example_dags/example_short_circuit_decorator.py
[2026-04-09T00:37:46.258+0000] {processor.py:925} INFO - DAG(s) 'example_short_circuit_decorator' retrieved from /home/airflow/.local/lib/python3.12/site-packages/airflow/example_dags/example_short_circuit_decorator.py
[2026-04-09T00:37:46.266+0000] {logging_mixin.py:190} INFO - [2026-04-09T00:37:46.266+0000] {dag.py:3211} INFO - Sync 1 DAGs
[2026-04-09T00:37:46.273+0000] {logging_mixin.py:190} INFO - [2026-04-09T00:37:46.273+0000] {dag.py:4138} INFO - Setting next_dagrun for example_short_circuit_decorator to 2026-04-08 00:00:00+00:00, run_after=2026-04-09 00:00:00+00:00
[2026-04-09T00:37:46.279+0000] {processor.py:208} INFO - Processing /home/airflow/.local/lib/python3.12/site-packages/airflow/example_dags/example_short_circuit_decorator.py took 0.030 seconds
[2026-04-09T00:38:17.010+0000] {processor.py:186} INFO - Started process (PID=897) to work on /home/airflow/.local/lib/python3.12/site-packages/airflow/example_dags/example_short_circuit_decorator.py
[2026-04-09T00:38:17.011+0000] {processor.py:914} INFO - Processing file /home/airflow/.local/lib/python3.12/site-packages/airflow/example_dags/example_short_circuit_decorator.py for tasks to queue
[2026-04-09T00:38:17.012+0000] {logging_mixin.py:190} INFO - [2026-04-09T00:38:17.012+0000] {dagbag.py:587} INFO - Filling up the DagBag from /home/airflow/.local/lib/python3.12/site-packages/airflow/example_dags/example_short_circuit_decorator.py
[2026-04-09T00:38:17.015+0000] {processor.py:925} INFO - DAG(s) 'example_short_circuit_decorator' retrieved from /home/airflow/.local/lib/python3.12/site-packages/airflow/example_dags/example_short_circuit_decorator.py
[2026-04-09T00:38:17.023+0000] {logging_mixin.py:190} INFO - [2026-04-09T00:38:17.023+0000] {dag.py:3211} INFO - Sync 1 DAGs
[2026-04-09T00:38:17.031+0000] {logging_mixin.py:190} INFO - [2026-04-09T00:38:17.031+0000] {dag.py:4138} INFO - Setting next_dagrun for example_short_circuit_decorator to 2026-04-08 00:00:00+00:00, run_after=2026-04-09 00:00:00+00:00
[2026-04-09T00:38:17.037+0000] {processor.py:208} INFO - Processing /home/airflow/.local/lib/python3.12/site-packages/airflow/example_dags/example_short_circuit_decorator.py took 0.028 seconds
[2026-04-09T00:38:47.683+0000] {processor.py:186} INFO - Started process (PID=961) to work on /home/airflow/.local/lib/python3.12/site-packages/airflow/example_dags/example_short_circuit_decorator.py
[2026-04-09T00:38:47.683+0000] {processor.py:914} INFO - Processing file /home/airflow/.local/lib/python3.12/site-packages/airflow/example_dags/example_short_circuit_decorator.py for tasks to queue
[2026-04-09T00:38:47.684+0000] {logging_mixin.py:190} INFO - [2026-04-09T00:38:47.684+0000] {dagbag.py:587} INFO - Filling up the DagBag from /home/airflow/.local/lib/python3.12/site-packages/airflow/example_dags/example_short_circuit_decorator.py
[2026-04-09T00:38:47.688+0000] {processor.py:925} INFO - DAG(s) 'example_short_circuit_decorator' retrieved from /home/airflow/.local/lib/python3.12/site-packages/airflow/example_dags/example_short_circuit_decorator.py
[2026-04-09T00:38:47.695+0000] {logging_mixin.py:190} INFO - [2026-04-09T00:38:47.695+0000] {dag.py:3211} INFO - Sync 1 DAGs
[2026-04-09T00:38:47.703+0000] {logging_mixin.py:190} INFO - [2026-04-09T00:38:47.703+0000] {dag.py:4138} INFO - Setting next_dagrun for example_short_circuit_decorator to 2026-04-08 00:00:00+00:00, run_after=2026-04-09 00:00:00+00:00
[2026-04-09T00:38:47.709+0000] {processor.py:208} INFO - Processing /home/airflow/.local/lib/python3.12/site-packages/airflow/example_dags/example_short_circuit_decorator.py took 0.028 seconds
[2026-04-09T00:39:18.495+0000] {processor.py:186} INFO - Started process (PID=1025) to work on /home/airflow/.local/lib/python3.12/site-packages/airflow/example_dags/example_short_circuit_decorator.py
[2026-04-09T00:39:18.495+0000] {processor.py:914} INFO - Processing file /home/airflow/.local/lib/python3.12/site-packages/airflow/example_dags/example_short_circuit_decorator.py for tasks to queue
[2026-04-09T00:39:18.496+0000] {logging_mixin.py:190} INFO - [2026-04-09T00:39:18.496+0000] {dagbag.py:587} INFO - Filling up the DagBag from /home/airflow/.local/lib/python3.12/site-packages/airflow/example_dags/example_short_circuit_decorator.py
[2026-04-09T00:39:18.500+0000] {processor.py:925} INFO - DAG(s) 'example_short_circuit_decorator' retrieved from /home/airflow/.local/lib/python3.12/site-packages/airflow/example_dags/example_short_circuit_decorator.py
[2026-04-09T00:39:18.508+0000] {logging_mixin.py:190} INFO - [2026-04-09T00:39:18.508+0000] {dag.py:3211} INFO - Sync 1 DAGs
[2026-04-09T00:39:18.515+0000] {logging_mixin.py:190} INFO - [2026-04-09T00:39:18.515+0000] {dag.py:4138} INFO - Setting next_dagrun for example_short_circuit_decorator to 2026-04-08 00:00:00+00:00, run_after=2026-04-09 00:00:00+00:00
[2026-04-09T00:39:18.521+0000] {processor.py:208} INFO - Processing /home/airflow/.local/lib/python3.12/site-packages/airflow/example_dags/example_short_circuit_decorator.py took 0.027 seconds
[2026-04-09T00:39:49.242+0000] {processor.py:186} INFO - Started process (PID=1089) to work on /home/airflow/.local/lib/python3.12/site-packages/airflow/example_dags/example_short_circuit_decorator.py
[2026-04-09T00:39:49.243+0000] {processor.py:914} INFO - Processing file /home/airflow/.local/lib/python3.12/site-packages/airflow/example_dags/example_short_circuit_decorator.py for tasks to queue
[2026-04-09T00:39:49.244+0000] {logging_mixin.py:190} INFO - [2026-04-09T00:39:49.244+0000] {dagbag.py:587} INFO - Filling up the DagBag from /home/airflow/.local/lib/python3.12/site-packages/airflow/example_dags/example_short_circuit_decorator.py
[2026-04-09T00:39:49.248+0000] {processor.py:925} INFO - DAG(s) 'example_short_circuit_decorator' retrieved from /home/airflow/.local/lib/python3.12/site-packages/airflow/example_dags/example_short_circuit_decorator.py
[2026-04-09T00:39:49.262+0000] {logging_mixin.py:190} INFO - [2026-04-09T00:39:49.262+0000] {dag.py:3211} INFO - Sync 1 DAGs
[2026-04-09T00:39:49.269+0000] {logging_mixin.py:190} INFO - [2026-04-09T00:39:49.269+0000] {dag.py:4138} INFO - Setting next_dagrun for example_short_circuit_decorator to 2026-04-08 00:00:00+00:00, run_after=2026-04-09 00:00:00+00:00
[2026-04-09T00:39:49.275+0000] {processor.py:208} INFO - Processing /home/airflow/.local/lib/python3.12/site-packages/airflow/example_dags/example_short_circuit_decorator.py took 0.035 seconds
[2026-04-09T00:40:20.052+0000] {processor.py:186} INFO - Started process (PID=1153) to work on /home/airflow/.local/lib/python3.12/site-packages/airflow/example_dags/example_short_circuit_decorator.py
[2026-04-09T00:40:20.052+0000] {processor.py:914} INFO - Processing file /home/airflow/.local/lib/python3.12/site-packages/airflow/example_dags/example_short_circuit_decorator.py for tasks to queue
[2026-04-09T00:40:20.053+0000] {logging_mixin.py:190} INFO - [2026-04-09T00:40:20.053+0000] {dagbag.py:587} INFO - Filling up the DagBag from /home/airflow/.local/lib/python3.12/site-packages/airflow/example_dags/example_short_circuit_decorator.py
[2026-04-09T00:40:20.057+0000] {processor.py:925} INFO - DAG(s) 'example_short_circuit_decorator' retrieved from /home/airflow/.local/lib/python3.12/site-packages/airflow/example_dags/example_short_circuit_decorator.py
[2026-04-09T00:40:20.064+0000] {logging_mixin.py:190} INFO - [2026-04-09T00:40:20.064+0000] {dag.py:3211} INFO - Sync 1 DAGs
[2026-04-09T00:40:20.072+0000] {logging_mixin.py:190} INFO - [2026-04-09T00:40:20.071+0000] {dag.py:4138} INFO - Setting next_dagrun for example_short_circuit_decorator to 2026-04-08 00:00:00+00:00, run_after=2026-04-09 00:00:00+00:00
[2026-04-09T00:40:20.077+0000] {processor.py:208} INFO - Processing /home/airflow/.local/lib/python3.12/site-packages/airflow/example_dags/example_short_circuit_decorator.py took 0.027 seconds
[2026-04-09T00:40:50.846+0000] {processor.py:186} INFO - Started process (PID=1217) to work on /home/airflow/.local/lib/python3.12/site-packages/airflow/example_dags/example_short_circuit_decorator.py
[2026-04-09T00:40:50.846+0000] {processor.py:914} INFO - Processing file /home/airflow/.local/lib/python3.12/site-packages/airflow/example_dags/example_short_circuit_decorator.py for tasks to queue
[2026-04-09T00:40:50.847+0000] {logging_mixin.py:190} INFO - [2026-04-09T00:40:50.847+0000] {dagbag.py:587} INFO - Filling up the DagBag from /home/airflow/.local/lib/python3.12/site-packages/airflow/example_dags/example_short_circuit_decorator.py
[2026-04-09T00:40:50.851+0000] {processor.py:925} INFO - DAG(s) 'example_short_circuit_decorator' retrieved from /home/airflow/.local/lib/python3.12/site-packages/airflow/example_dags/example_short_circuit_decorator.py
[2026-04-09T00:40:50.859+0000] {logging_mixin.py:190} INFO - [2026-04-09T00:40:50.859+0000] {dag.py:3211} INFO - Sync 1 DAGs
[2026-04-09T00:40:50.866+0000] {logging_mixin.py:190} INFO - [2026-04-09T00:40:50.866+0000] {dag.py:4138} INFO - Setting next_dagrun for example_short_circuit_decorator to 2026-04-08 00:00:00+00:00, run_after=2026-04-09 00:00:00+00:00
[2026-04-09T00:40:50.872+0000] {processor.py:208} INFO - Processing /home/airflow/.local/lib/python3.12/site-packages/airflow/example_dags/example_short_circuit_decorator.py took 0.028 seconds
[2026-04-09T00:41:21.571+0000] {processor.py:186} INFO - Started process (PID=1281) to work on /home/airflow/.local/lib/python3.12/site-packages/airflow/example_dags/example_short_circuit_decorator.py
[2026-04-09T00:41:21.571+0000] {processor.py:914} INFO - Processing file /home/airflow/.local/lib/python3.12/site-packages/airflow/example_dags/example_short_circuit_decorator.py for tasks to queue
[2026-04-09T00:41:21.572+0000] {logging_mixin.py:190} INFO - [2026-04-09T00:41:21.572+0000] {dagbag.py:587} INFO - Filling up the DagBag from /home/airflow/.local/lib/python3.12/site-packages/airflow/example_dags/example_short_circuit_decorator.py
[2026-04-09T00:41:21.575+0000] {processor.py:925} INFO - DAG(s) 'example_short_circuit_decorator' retrieved from /home/airflow/.local/lib/python3.12/site-packages/airflow/example_dags/example_short_circuit_decorator.py
[2026-04-09T00:41:21.583+0000] {logging_mixin.py:190} INFO - [2026-04-09T00:41:21.583+0000] {dag.py:3211} INFO - Sync 1 DAGs
[2026-04-09T00:41:21.591+0000] {logging_mixin.py:190} INFO - [2026-04-09T00:41:21.591+0000] {dag.py:4138} INFO - Setting next_dagrun for example_short_circuit_decorator to 2026-04-08 00:00:00+00:00, run_after=2026-04-09 00:00:00+00:00
[2026-04-09T00:41:21.596+0000] {processor.py:208} INFO - Processing /home/airflow/.local/lib/python3.12/site-packages/airflow/example_dags/example_short_circuit_decorator.py took 0.028 seconds
[2026-04-09T00:41:52.482+0000] {processor.py:186} INFO - Started process (PID=1345) to work on /home/airflow/.local/lib/python3.12/site-packages/airflow/example_dags/example_short_circuit_decorator.py
[2026-04-09T00:41:52.482+0000] {processor.py:914} INFO - Processing file /home/airflow/.local/lib/python3.12/site-packages/airflow/example_dags/example_short_circuit_decorator.py for tasks to queue
[2026-04-09T00:41:52.484+0000] {logging_mixin.py:190} INFO - [2026-04-09T00:41:52.484+0000] {dagbag.py:587} INFO - Filling up the DagBag from /home/airflow/.local/lib/python3.12/site-packages/airflow/example_dags/example_short_circuit_decorator.py
[2026-04-09T00:41:52.488+0000] {processor.py:925} INFO - DAG(s) 'example_short_circuit_decorator' retrieved from /home/airflow/.local/lib/python3.12/site-packages/airflow/example_dags/example_short_circuit_decorator.py
[2026-04-09T00:41:52.497+0000] {logging_mixin.py:190} INFO - [2026-04-09T00:41:52.497+0000] {dag.py:3211} INFO - Sync 1 DAGs
[2026-04-09T00:41:52.505+0000] {logging_mixin.py:190} INFO - [2026-04-09T00:41:52.505+0000] {dag.py:4138} INFO - Setting next_dagrun for example_short_circuit_decorator to 2026-04-08 00:00:00+00:00, run_after=2026-04-09 00:00:00+00:00
[2026-04-09T00:41:52.512+0000] {processor.py:208} INFO - Processing /home/airflow/.local/lib/python3.12/site-packages/airflow/example_dags/example_short_circuit_decorator.py took 0.033 seconds
[2026-04-09T00:42:23.600+0000] {processor.py:186} INFO - Started process (PID=1409) to work on /home/airflow/.local/lib/python3.12/site-packages/airflow/example_dags/example_short_circuit_decorator.py
[2026-04-09T00:42:23.601+0000] {processor.py:914} INFO - Processing file /home/airflow/.local/lib/python3.12/site-packages/airflow/example_dags/example_short_circuit_decorator.py for tasks to queue
[2026-04-09T00:42:23.602+0000] {logging_mixin.py:190} INFO - [2026-04-09T00:42:23.602+0000] {dagbag.py:587} INFO - Filling up the DagBag from /home/airflow/.local/lib/python3.12/site-packages/airflow/example_dags/example_short_circuit_decorator.py
[2026-04-09T00:42:23.606+0000] {processor.py:925} INFO - DAG(s) 'example_short_circuit_decorator' retrieved from /home/airflow/.local/lib/python3.12/site-packages/airflow/example_dags/example_short_circuit_decorator.py
[2026-04-09T00:42:23.616+0000] {logging_mixin.py:190} INFO - [2026-04-09T00:42:23.616+0000] {dag.py:3211} INFO - Sync 1 DAGs
[2026-04-09T00:42:23.625+0000] {logging_mixin.py:190} INFO - [2026-04-09T00:42:23.625+0000] {dag.py:4138} INFO - Setting next_dagrun for example_short_circuit_decorator to 2026-04-08 00:00:00+00:00, run_after=2026-04-09 00:00:00+00:00
[2026-04-09T00:42:23.637+0000] {processor.py:208} INFO - Processing /home/airflow/.local/lib/python3.12/site-packages/airflow/example_dags/example_short_circuit_decorator.py took 0.040 seconds
[2026-04-09T00:42:54.423+0000] {processor.py:186} INFO - Started process (PID=1473) to work on /home/airflow/.local/lib/python3.12/site-packages/airflow/example_dags/example_short_circuit_decorator.py
[2026-04-09T00:42:54.423+0000] {processor.py:914} INFO - Processing file /home/airflow/.local/lib/python3.12/site-packages/airflow/example_dags/example_short_circuit_decorator.py for tasks to queue
[2026-04-09T00:42:54.425+0000] {logging_mixin.py:190} INFO - [2026-04-09T00:42:54.425+0000] {dagbag.py:587} INFO - Filling up the DagBag from /home/airflow/.local/lib/python3.12/site-packages/airflow/example_dags/example_short_circuit_decorator.py
[2026-04-09T00:42:54.430+0000] {processor.py:925} INFO - DAG(s) 'example_short_circuit_decorator' retrieved from /home/airflow/.local/lib/python3.12/site-packages/airflow/example_dags/example_short_circuit_decorator.py
[2026-04-09T00:42:54.444+0000] {logging_mixin.py:190} INFO - [2026-04-09T00:42:54.444+0000] {dag.py:3211} INFO - Sync 1 DAGs
[2026-04-09T00:42:54.451+0000] {logging_mixin.py:190} INFO - [2026-04-09T00:42:54.451+0000] {dag.py:4138} INFO - Setting next_dagrun for example_short_circuit_decorator to 2026-04-08 00:00:00+00:00, run_after=2026-04-09 00:00:00+00:00
[2026-04-09T00:42:54.456+0000] {processor.py:208} INFO - Processing /home/airflow/.local/lib/python3.12/site-packages/airflow/example_dags/example_short_circuit_decorator.py took 0.035 seconds
[2026-04-09T00:43:25.201+0000] {processor.py:186} INFO - Started process (PID=1537) to work on /home/airflow/.local/lib/python3.12/site-packages/airflow/example_dags/example_short_circuit_decorator.py
[2026-04-09T00:43:25.201+0000] {processor.py:914} INFO - Processing file /home/airflow/.local/lib/python3.12/site-packages/airflow/example_dags/example_short_circuit_decorator.py for tasks to queue
[2026-04-09T00:43:25.204+0000] {logging_mixin.py:190} INFO - [2026-04-09T00:43:25.204+0000] {dagbag.py:587} INFO - Filling up the DagBag from /home/airflow/.local/lib/python3.12/site-packages/airflow/example_dags/example_short_circuit_decorator.py
[2026-04-09T00:43:25.210+0000] {processor.py:925} INFO - DAG(s) 'example_short_circuit_decorator' retrieved from /home/airflow/.local/lib/python3.12/site-packages/airflow/example_dags/example_short_circuit_decorator.py
[2026-04-09T00:43:25.218+0000] {logging_mixin.py:190} INFO - [2026-04-09T00:43:25.218+0000] {dag.py:3211} INFO - Sync 1 DAGs
[2026-04-09T00:43:25.226+0000] {logging_mixin.py:190} INFO - [2026-04-09T00:43:25.226+0000] {dag.py:4138} INFO - Setting next_dagrun for example_short_circuit_decorator to 2026-04-08 00:00:00+00:00, run_after=2026-04-09 00:00:00+00:00
[2026-04-09T00:43:25.231+0000] {processor.py:208} INFO - Processing /home/airflow/.local/lib/python3.12/site-packages/airflow/example_dags/example_short_circuit_decorator.py took 0.032 seconds
[2026-04-09T00:43:55.961+0000] {processor.py:186} INFO - Started process (PID=1601) to work on /home/airflow/.local/lib/python3.12/site-packages/airflow/example_dags/example_short_circuit_decorator.py
[2026-04-09T00:43:55.962+0000] {processor.py:914} INFO - Processing file /home/airflow/.local/lib/python3.12/site-packages/airflow/example_dags/example_short_circuit_decorator.py for tasks to queue
[2026-04-09T00:43:55.965+0000] {logging_mixin.py:190} INFO - [2026-04-09T00:43:55.965+0000] {dagbag.py:587} INFO - Filling up the DagBag from /home/airflow/.local/lib/python3.12/site-packages/airflow/example_dags/example_short_circuit_decorator.py
[2026-04-09T00:43:55.969+0000] {processor.py:925} INFO - DAG(s) 'example_short_circuit_decorator' retrieved from /home/airflow/.local/lib/python3.12/site-packages/airflow/example_dags/example_short_circuit_decorator.py
[2026-04-09T00:43:55.976+0000] {logging_mixin.py:190} INFO - [2026-04-09T00:43:55.976+0000] {dag.py:3211} INFO - Sync 1 DAGs
[2026-04-09T00:43:55.984+0000] {logging_mixin.py:190} INFO - [2026-04-09T00:43:55.984+0000] {dag.py:4138} INFO - Setting next_dagrun for example_short_circuit_decorator to 2026-04-08 00:00:00+00:00, run_after=2026-04-09 00:00:00+00:00
[2026-04-09T00:43:55.989+0000] {processor.py:208} INFO - Processing /home/airflow/.local/lib/python3.12/site-packages/airflow/example_dags/example_short_circuit_decorator.py took 0.030 seconds
[2026-04-09T00:44:26.808+0000] {processor.py:186} INFO - Started process (PID=1665) to work on /home/airflow/.local/lib/python3.12/site-packages/airflow/example_dags/example_short_circuit_decorator.py
[2026-04-09T00:44:26.808+0000] {processor.py:914} INFO - Processing file /home/airflow/.local/lib/python3.12/site-packages/airflow/example_dags/example_short_circuit_decorator.py for tasks to queue
[2026-04-09T00:44:26.809+0000] {logging_mixin.py:190} INFO - [2026-04-09T00:44:26.809+0000] {dagbag.py:587} INFO - Filling up the DagBag from /home/airflow/.local/lib/python3.12/site-packages/airflow/example_dags/example_short_circuit_decorator.py
[2026-04-09T00:44:26.813+0000] {processor.py:925} INFO - DAG(s) 'example_short_circuit_decorator' retrieved from /home/airflow/.local/lib/python3.12/site-packages/airflow/example_dags/example_short_circuit_decorator.py
[2026-04-09T00:44:26.822+0000] {logging_mixin.py:190} INFO - [2026-04-09T00:44:26.822+0000] {dag.py:3211} INFO - Sync 1 DAGs
[2026-04-09T00:44:26.832+0000] {logging_mixin.py:190} INFO - [2026-04-09T00:44:26.832+0000] {dag.py:4138} INFO - Setting next_dagrun for example_short_circuit_decorator to 2026-04-08 00:00:00+00:00, run_after=2026-04-09 00:00:00+00:00
[2026-04-09T00:44:26.841+0000] {processor.py:208} INFO - Processing /home/airflow/.local/lib/python3.12/site-packages/airflow/example_dags/example_short_circuit_decorator.py took 0.035 seconds
[2026-04-09T00:44:57.591+0000] {processor.py:186} INFO - Started process (PID=1729) to work on /home/airflow/.local/lib/python3.12/site-packages/airflow/example_dags/example_short_circuit_decorator.py
[2026-04-09T00:44:57.592+0000] {processor.py:914} INFO - Processing file /home/airflow/.local/lib/python3.12/site-packages/airflow/example_dags/example_short_circuit_decorator.py for tasks to queue
[2026-04-09T00:44:57.593+0000] {logging_mixin.py:190} INFO - [2026-04-09T00:44:57.593+0000] {dagbag.py:587} INFO - Filling up the DagBag from /home/airflow/.local/lib/python3.12/site-packages/airflow/example_dags/example_short_circuit_decorator.py
[2026-04-09T00:44:57.596+0000] {processor.py:925} INFO - DAG(s) 'example_short_circuit_decorator' retrieved from /home/airflow/.local/lib/python3.12/site-packages/airflow/example_dags/example_short_circuit_decorator.py
[2026-04-09T00:44:57.605+0000] {logging_mixin.py:190} INFO - [2026-04-09T00:44:57.605+0000] {dag.py:3211} INFO - Sync 1 DAGs
[2026-04-09T00:44:57.615+0000] {logging_mixin.py:190} INFO - [2026-04-09T00:44:57.615+0000] {dag.py:4138} INFO - Setting next_dagrun for example_short_circuit_decorator to 2026-04-08 00:00:00+00:00, run_after=2026-04-09 00:00:00+00:00
[2026-04-09T00:44:57.624+0000] {processor.py:208} INFO - Processing /home/airflow/.local/lib/python3.12/site-packages/airflow/example_dags/example_short_circuit_decorator.py took 0.035 seconds
[2026-04-09T00:45:28.522+0000] {processor.py:186} INFO - Started process (PID=1792) to work on /home/airflow/.local/lib/python3.12/site-packages/airflow/example_dags/example_short_circuit_decorator.py
[2026-04-09T00:45:28.523+0000] {processor.py:914} INFO - Processing file /home/airflow/.local/lib/python3.12/site-packages/airflow/example_dags/example_short_circuit_decorator.py for tasks to queue
[2026-04-09T00:45:28.524+0000] {logging_mixin.py:190} INFO - [2026-04-09T00:45:28.524+0000] {dagbag.py:587} INFO - Filling up the DagBag from /home/airflow/.local/lib/python3.12/site-packages/airflow/example_dags/example_short_circuit_decorator.py
[2026-04-09T00:45:28.527+0000] {processor.py:925} INFO - DAG(s) 'example_short_circuit_decorator' retrieved from /home/airflow/.local/lib/python3.12/site-packages/airflow/example_dags/example_short_circuit_decorator.py
[2026-04-09T00:45:28.535+0000] {logging_mixin.py:190} INFO - [2026-04-09T00:45:28.535+0000] {dag.py:3211} INFO - Sync 1 DAGs
[2026-04-09T00:45:28.543+0000] {logging_mixin.py:190} INFO - [2026-04-09T00:45:28.543+0000] {dag.py:4138} INFO - Setting next_dagrun for example_short_circuit_decorator to 2026-04-08 00:00:00+00:00, run_after=2026-04-09 00:00:00+00:00
[2026-04-09T00:45:28.548+0000] {processor.py:208} INFO - Processing /home/airflow/.local/lib/python3.12/site-packages/airflow/example_dags/example_short_circuit_decorator.py took 0.028 seconds
[2026-04-09T00:45:59.521+0000] {processor.py:186} INFO - Started process (PID=1856) to work on /home/airflow/.local/lib/python3.12/site-packages/airflow/example_dags/example_short_circuit_decorator.py
[2026-04-09T00:45:59.521+0000] {processor.py:914} INFO - Processing file /home/airflow/.local/lib/python3.12/site-packages/airflow/example_dags/example_short_circuit_decorator.py for tasks to queue
[2026-04-09T00:45:59.522+0000] {logging_mixin.py:190} INFO - [2026-04-09T00:45:59.522+0000] {dagbag.py:587} INFO - Filling up the DagBag from /home/airflow/.local/lib/python3.12/site-packages/airflow/example_dags/example_short_circuit_decorator.py
[2026-04-09T00:45:59.525+0000] {processor.py:925} INFO - DAG(s) 'example_short_circuit_decorator' retrieved from /home/airflow/.local/lib/python3.12/site-packages/airflow/example_dags/example_short_circuit_decorator.py
[2026-04-09T00:45:59.533+0000] {logging_mixin.py:190} INFO - [2026-04-09T00:45:59.533+0000] {dag.py:3211} INFO - Sync 1 DAGs
[2026-04-09T00:45:59.541+0000] {logging_mixin.py:190} INFO - [2026-04-09T00:45:59.541+0000] {dag.py:4138} INFO - Setting next_dagrun for example_short_circuit_decorator to 2026-04-08 00:00:00+00:00, run_after=2026-04-09 00:00:00+00:00
[2026-04-09T00:45:59.547+0000] {processor.py:208} INFO - Processing /home/airflow/.local/lib/python3.12/site-packages/airflow/example_dags/example_short_circuit_decorator.py took 0.029 seconds
