[2026-04-09T00:31:37.695+0000] {processor.py:186} INFO - Started process (PID=76) to work on /home/airflow/.local/lib/python3.12/site-packages/airflow/example_dags/example_external_task_marker_dag.py
[2026-04-09T00:31:37.696+0000] {processor.py:914} INFO - Processing file /home/airflow/.local/lib/python3.12/site-packages/airflow/example_dags/example_external_task_marker_dag.py for tasks to queue
[2026-04-09T00:31:37.697+0000] {logging_mixin.py:190} INFO - [2026-04-09T00:31:37.697+0000] {dagbag.py:587} INFO - Filling up the DagBag from /home/airflow/.local/lib/python3.12/site-packages/airflow/example_dags/example_external_task_marker_dag.py
[2026-04-09T00:31:37.701+0000] {processor.py:925} INFO - DAG(s) 'example_external_task_marker_child', 'example_external_task_marker_parent' retrieved from /home/airflow/.local/lib/python3.12/site-packages/airflow/example_dags/example_external_task_marker_dag.py
[2026-04-09T00:31:37.742+0000] {logging_mixin.py:190} INFO - [2026-04-09T00:31:37.742+0000] {dag.py:3211} INFO - Sync 2 DAGs
[2026-04-09T00:31:37.747+0000] {logging_mixin.py:190} INFO - [2026-04-09T00:31:37.747+0000] {dag.py:4138} INFO - Setting next_dagrun for example_external_task_marker_child to None, run_after=None
[2026-04-09T00:31:37.748+0000] {logging_mixin.py:190} INFO - [2026-04-09T00:31:37.748+0000] {dag.py:4138} INFO - Setting next_dagrun for example_external_task_marker_parent to None, run_after=None
[2026-04-09T00:31:37.758+0000] {processor.py:208} INFO - Processing /home/airflow/.local/lib/python3.12/site-packages/airflow/example_dags/example_external_task_marker_dag.py took 0.066 seconds
[2026-04-09T00:32:07.867+0000] {processor.py:186} INFO - Started process (PID=139) to work on /home/airflow/.local/lib/python3.12/site-packages/airflow/example_dags/example_external_task_marker_dag.py
[2026-04-09T00:32:07.868+0000] {processor.py:914} INFO - Processing file /home/airflow/.local/lib/python3.12/site-packages/airflow/example_dags/example_external_task_marker_dag.py for tasks to queue
[2026-04-09T00:32:07.869+0000] {logging_mixin.py:190} INFO - [2026-04-09T00:32:07.869+0000] {dagbag.py:587} INFO - Filling up the DagBag from /home/airflow/.local/lib/python3.12/site-packages/airflow/example_dags/example_external_task_marker_dag.py
[2026-04-09T00:32:07.875+0000] {processor.py:925} INFO - DAG(s) 'example_external_task_marker_parent', 'example_external_task_marker_child' retrieved from /home/airflow/.local/lib/python3.12/site-packages/airflow/example_dags/example_external_task_marker_dag.py
[2026-04-09T00:32:07.887+0000] {logging_mixin.py:190} INFO - [2026-04-09T00:32:07.887+0000] {dag.py:3211} INFO - Sync 2 DAGs
[2026-04-09T00:32:07.892+0000] {logging_mixin.py:190} INFO - [2026-04-09T00:32:07.892+0000] {dag.py:4138} INFO - Setting next_dagrun for example_external_task_marker_child to None, run_after=None
[2026-04-09T00:32:07.896+0000] {logging_mixin.py:190} INFO - [2026-04-09T00:32:07.895+0000] {dag.py:4138} INFO - Setting next_dagrun for example_external_task_marker_parent to None, run_after=None
[2026-04-09T00:32:07.906+0000] {processor.py:208} INFO - Processing /home/airflow/.local/lib/python3.12/site-packages/airflow/example_dags/example_external_task_marker_dag.py took 0.041 seconds
[2026-04-09T00:32:38.739+0000] {processor.py:186} INFO - Started process (PID=203) to work on /home/airflow/.local/lib/python3.12/site-packages/airflow/example_dags/example_external_task_marker_dag.py
[2026-04-09T00:32:38.739+0000] {processor.py:914} INFO - Processing file /home/airflow/.local/lib/python3.12/site-packages/airflow/example_dags/example_external_task_marker_dag.py for tasks to queue
[2026-04-09T00:32:38.742+0000] {logging_mixin.py:190} INFO - [2026-04-09T00:32:38.742+0000] {dagbag.py:587} INFO - Filling up the DagBag from /home/airflow/.local/lib/python3.12/site-packages/airflow/example_dags/example_external_task_marker_dag.py
[2026-04-09T00:32:38.745+0000] {processor.py:925} INFO - DAG(s) 'example_external_task_marker_child', 'example_external_task_marker_parent' retrieved from /home/airflow/.local/lib/python3.12/site-packages/airflow/example_dags/example_external_task_marker_dag.py
[2026-04-09T00:32:38.757+0000] {logging_mixin.py:190} INFO - [2026-04-09T00:32:38.757+0000] {dag.py:3211} INFO - Sync 2 DAGs
[2026-04-09T00:32:38.764+0000] {logging_mixin.py:190} INFO - [2026-04-09T00:32:38.764+0000] {dag.py:4138} INFO - Setting next_dagrun for example_external_task_marker_child to None, run_after=None
[2026-04-09T00:32:38.767+0000] {logging_mixin.py:190} INFO - [2026-04-09T00:32:38.767+0000] {dag.py:4138} INFO - Setting next_dagrun for example_external_task_marker_parent to None, run_after=None
[2026-04-09T00:32:38.777+0000] {processor.py:208} INFO - Processing /home/airflow/.local/lib/python3.12/site-packages/airflow/example_dags/example_external_task_marker_dag.py took 0.040 seconds
[2026-04-09T00:33:09.563+0000] {processor.py:186} INFO - Started process (PID=267) to work on /home/airflow/.local/lib/python3.12/site-packages/airflow/example_dags/example_external_task_marker_dag.py
[2026-04-09T00:33:09.564+0000] {processor.py:914} INFO - Processing file /home/airflow/.local/lib/python3.12/site-packages/airflow/example_dags/example_external_task_marker_dag.py for tasks to queue
[2026-04-09T00:33:09.566+0000] {logging_mixin.py:190} INFO - [2026-04-09T00:33:09.565+0000] {dagbag.py:587} INFO - Filling up the DagBag from /home/airflow/.local/lib/python3.12/site-packages/airflow/example_dags/example_external_task_marker_dag.py
[2026-04-09T00:33:09.570+0000] {processor.py:925} INFO - DAG(s) 'example_external_task_marker_child', 'example_external_task_marker_parent' retrieved from /home/airflow/.local/lib/python3.12/site-packages/airflow/example_dags/example_external_task_marker_dag.py
[2026-04-09T00:33:09.580+0000] {logging_mixin.py:190} INFO - [2026-04-09T00:33:09.580+0000] {dag.py:3211} INFO - Sync 2 DAGs
[2026-04-09T00:33:09.585+0000] {logging_mixin.py:190} INFO - [2026-04-09T00:33:09.585+0000] {dag.py:4138} INFO - Setting next_dagrun for example_external_task_marker_child to None, run_after=None
[2026-04-09T00:33:09.587+0000] {logging_mixin.py:190} INFO - [2026-04-09T00:33:09.587+0000] {dag.py:4138} INFO - Setting next_dagrun for example_external_task_marker_parent to None, run_after=None
[2026-04-09T00:33:09.595+0000] {processor.py:208} INFO - Processing /home/airflow/.local/lib/python3.12/site-packages/airflow/example_dags/example_external_task_marker_dag.py took 0.034 seconds
[2026-04-09T00:33:40.454+0000] {processor.py:186} INFO - Started process (PID=337) to work on /home/airflow/.local/lib/python3.12/site-packages/airflow/example_dags/example_external_task_marker_dag.py
[2026-04-09T00:33:40.455+0000] {processor.py:914} INFO - Processing file /home/airflow/.local/lib/python3.12/site-packages/airflow/example_dags/example_external_task_marker_dag.py for tasks to queue
[2026-04-09T00:33:40.458+0000] {logging_mixin.py:190} INFO - [2026-04-09T00:33:40.457+0000] {dagbag.py:587} INFO - Filling up the DagBag from /home/airflow/.local/lib/python3.12/site-packages/airflow/example_dags/example_external_task_marker_dag.py
[2026-04-09T00:33:40.461+0000] {processor.py:925} INFO - DAG(s) 'example_external_task_marker_child', 'example_external_task_marker_parent' retrieved from /home/airflow/.local/lib/python3.12/site-packages/airflow/example_dags/example_external_task_marker_dag.py
[2026-04-09T00:33:40.474+0000] {logging_mixin.py:190} INFO - [2026-04-09T00:33:40.474+0000] {dag.py:3211} INFO - Sync 2 DAGs
[2026-04-09T00:33:40.480+0000] {logging_mixin.py:190} INFO - [2026-04-09T00:33:40.480+0000] {dag.py:4138} INFO - Setting next_dagrun for example_external_task_marker_child to None, run_after=None
[2026-04-09T00:33:40.482+0000] {logging_mixin.py:190} INFO - [2026-04-09T00:33:40.482+0000] {dag.py:4138} INFO - Setting next_dagrun for example_external_task_marker_parent to None, run_after=None
[2026-04-09T00:33:40.492+0000] {processor.py:208} INFO - Processing /home/airflow/.local/lib/python3.12/site-packages/airflow/example_dags/example_external_task_marker_dag.py took 0.040 seconds
[2026-04-09T00:34:11.294+0000] {processor.py:186} INFO - Started process (PID=401) to work on /home/airflow/.local/lib/python3.12/site-packages/airflow/example_dags/example_external_task_marker_dag.py
[2026-04-09T00:34:11.295+0000] {processor.py:914} INFO - Processing file /home/airflow/.local/lib/python3.12/site-packages/airflow/example_dags/example_external_task_marker_dag.py for tasks to queue
[2026-04-09T00:34:11.296+0000] {logging_mixin.py:190} INFO - [2026-04-09T00:34:11.295+0000] {dagbag.py:587} INFO - Filling up the DagBag from /home/airflow/.local/lib/python3.12/site-packages/airflow/example_dags/example_external_task_marker_dag.py
[2026-04-09T00:34:11.300+0000] {processor.py:925} INFO - DAG(s) 'example_external_task_marker_child', 'example_external_task_marker_parent' retrieved from /home/airflow/.local/lib/python3.12/site-packages/airflow/example_dags/example_external_task_marker_dag.py
[2026-04-09T00:34:11.313+0000] {logging_mixin.py:190} INFO - [2026-04-09T00:34:11.313+0000] {dag.py:3211} INFO - Sync 2 DAGs
[2026-04-09T00:34:11.319+0000] {logging_mixin.py:190} INFO - [2026-04-09T00:34:11.319+0000] {dag.py:4138} INFO - Setting next_dagrun for example_external_task_marker_child to None, run_after=None
[2026-04-09T00:34:11.322+0000] {logging_mixin.py:190} INFO - [2026-04-09T00:34:11.321+0000] {dag.py:4138} INFO - Setting next_dagrun for example_external_task_marker_parent to None, run_after=None
[2026-04-09T00:34:11.332+0000] {processor.py:208} INFO - Processing /home/airflow/.local/lib/python3.12/site-packages/airflow/example_dags/example_external_task_marker_dag.py took 0.040 seconds
[2026-04-09T00:34:42.029+0000] {processor.py:186} INFO - Started process (PID=465) to work on /home/airflow/.local/lib/python3.12/site-packages/airflow/example_dags/example_external_task_marker_dag.py
[2026-04-09T00:34:42.029+0000] {processor.py:914} INFO - Processing file /home/airflow/.local/lib/python3.12/site-packages/airflow/example_dags/example_external_task_marker_dag.py for tasks to queue
[2026-04-09T00:34:42.031+0000] {logging_mixin.py:190} INFO - [2026-04-09T00:34:42.031+0000] {dagbag.py:587} INFO - Filling up the DagBag from /home/airflow/.local/lib/python3.12/site-packages/airflow/example_dags/example_external_task_marker_dag.py
[2026-04-09T00:34:42.034+0000] {processor.py:925} INFO - DAG(s) 'example_external_task_marker_child', 'example_external_task_marker_parent' retrieved from /home/airflow/.local/lib/python3.12/site-packages/airflow/example_dags/example_external_task_marker_dag.py
[2026-04-09T00:34:42.047+0000] {logging_mixin.py:190} INFO - [2026-04-09T00:34:42.047+0000] {dag.py:3211} INFO - Sync 2 DAGs
[2026-04-09T00:34:42.051+0000] {logging_mixin.py:190} INFO - [2026-04-09T00:34:42.051+0000] {dag.py:4138} INFO - Setting next_dagrun for example_external_task_marker_child to None, run_after=None
[2026-04-09T00:34:42.053+0000] {logging_mixin.py:190} INFO - [2026-04-09T00:34:42.053+0000] {dag.py:4138} INFO - Setting next_dagrun for example_external_task_marker_parent to None, run_after=None
[2026-04-09T00:34:42.061+0000] {processor.py:208} INFO - Processing /home/airflow/.local/lib/python3.12/site-packages/airflow/example_dags/example_external_task_marker_dag.py took 0.034 seconds
[2026-04-09T00:35:12.750+0000] {processor.py:186} INFO - Started process (PID=529) to work on /home/airflow/.local/lib/python3.12/site-packages/airflow/example_dags/example_external_task_marker_dag.py
[2026-04-09T00:35:12.751+0000] {processor.py:914} INFO - Processing file /home/airflow/.local/lib/python3.12/site-packages/airflow/example_dags/example_external_task_marker_dag.py for tasks to queue
[2026-04-09T00:35:12.753+0000] {logging_mixin.py:190} INFO - [2026-04-09T00:35:12.753+0000] {dagbag.py:587} INFO - Filling up the DagBag from /home/airflow/.local/lib/python3.12/site-packages/airflow/example_dags/example_external_task_marker_dag.py
[2026-04-09T00:35:12.756+0000] {processor.py:925} INFO - DAG(s) 'example_external_task_marker_parent', 'example_external_task_marker_child' retrieved from /home/airflow/.local/lib/python3.12/site-packages/airflow/example_dags/example_external_task_marker_dag.py
[2026-04-09T00:35:12.767+0000] {logging_mixin.py:190} INFO - [2026-04-09T00:35:12.767+0000] {dag.py:3211} INFO - Sync 2 DAGs
[2026-04-09T00:35:12.773+0000] {logging_mixin.py:190} INFO - [2026-04-09T00:35:12.773+0000] {dag.py:4138} INFO - Setting next_dagrun for example_external_task_marker_child to None, run_after=None
[2026-04-09T00:35:12.775+0000] {logging_mixin.py:190} INFO - [2026-04-09T00:35:12.775+0000] {dag.py:4138} INFO - Setting next_dagrun for example_external_task_marker_parent to None, run_after=None
[2026-04-09T00:35:12.784+0000] {processor.py:208} INFO - Processing /home/airflow/.local/lib/python3.12/site-packages/airflow/example_dags/example_external_task_marker_dag.py took 0.036 seconds
[2026-04-09T00:35:43.574+0000] {processor.py:186} INFO - Started process (PID=592) to work on /home/airflow/.local/lib/python3.12/site-packages/airflow/example_dags/example_external_task_marker_dag.py
[2026-04-09T00:35:43.575+0000] {processor.py:914} INFO - Processing file /home/airflow/.local/lib/python3.12/site-packages/airflow/example_dags/example_external_task_marker_dag.py for tasks to queue
[2026-04-09T00:35:43.577+0000] {logging_mixin.py:190} INFO - [2026-04-09T00:35:43.577+0000] {dagbag.py:587} INFO - Filling up the DagBag from /home/airflow/.local/lib/python3.12/site-packages/airflow/example_dags/example_external_task_marker_dag.py
[2026-04-09T00:35:43.581+0000] {processor.py:925} INFO - DAG(s) 'example_external_task_marker_child', 'example_external_task_marker_parent' retrieved from /home/airflow/.local/lib/python3.12/site-packages/airflow/example_dags/example_external_task_marker_dag.py
[2026-04-09T00:35:43.591+0000] {logging_mixin.py:190} INFO - [2026-04-09T00:35:43.591+0000] {dag.py:3211} INFO - Sync 2 DAGs
[2026-04-09T00:35:43.596+0000] {logging_mixin.py:190} INFO - [2026-04-09T00:35:43.596+0000] {dag.py:4138} INFO - Setting next_dagrun for example_external_task_marker_child to None, run_after=None
[2026-04-09T00:35:43.599+0000] {logging_mixin.py:190} INFO - [2026-04-09T00:35:43.599+0000] {dag.py:4138} INFO - Setting next_dagrun for example_external_task_marker_parent to None, run_after=None
[2026-04-09T00:35:43.605+0000] {processor.py:208} INFO - Processing /home/airflow/.local/lib/python3.12/site-packages/airflow/example_dags/example_external_task_marker_dag.py took 0.034 seconds
[2026-04-09T00:36:14.349+0000] {processor.py:186} INFO - Started process (PID=656) to work on /home/airflow/.local/lib/python3.12/site-packages/airflow/example_dags/example_external_task_marker_dag.py
[2026-04-09T00:36:14.350+0000] {processor.py:914} INFO - Processing file /home/airflow/.local/lib/python3.12/site-packages/airflow/example_dags/example_external_task_marker_dag.py for tasks to queue
[2026-04-09T00:36:14.351+0000] {logging_mixin.py:190} INFO - [2026-04-09T00:36:14.351+0000] {dagbag.py:587} INFO - Filling up the DagBag from /home/airflow/.local/lib/python3.12/site-packages/airflow/example_dags/example_external_task_marker_dag.py
[2026-04-09T00:36:14.355+0000] {processor.py:925} INFO - DAG(s) 'example_external_task_marker_parent', 'example_external_task_marker_child' retrieved from /home/airflow/.local/lib/python3.12/site-packages/airflow/example_dags/example_external_task_marker_dag.py
[2026-04-09T00:36:14.368+0000] {logging_mixin.py:190} INFO - [2026-04-09T00:36:14.368+0000] {dag.py:3211} INFO - Sync 2 DAGs
[2026-04-09T00:36:14.374+0000] {logging_mixin.py:190} INFO - [2026-04-09T00:36:14.374+0000] {dag.py:4138} INFO - Setting next_dagrun for example_external_task_marker_child to None, run_after=None
[2026-04-09T00:36:14.376+0000] {logging_mixin.py:190} INFO - [2026-04-09T00:36:14.376+0000] {dag.py:4138} INFO - Setting next_dagrun for example_external_task_marker_parent to None, run_after=None
[2026-04-09T00:36:14.382+0000] {processor.py:208} INFO - Processing /home/airflow/.local/lib/python3.12/site-packages/airflow/example_dags/example_external_task_marker_dag.py took 0.035 seconds
[2026-04-09T00:36:45.131+0000] {processor.py:186} INFO - Started process (PID=720) to work on /home/airflow/.local/lib/python3.12/site-packages/airflow/example_dags/example_external_task_marker_dag.py
[2026-04-09T00:36:45.132+0000] {processor.py:914} INFO - Processing file /home/airflow/.local/lib/python3.12/site-packages/airflow/example_dags/example_external_task_marker_dag.py for tasks to queue
[2026-04-09T00:36:45.133+0000] {logging_mixin.py:190} INFO - [2026-04-09T00:36:45.133+0000] {dagbag.py:587} INFO - Filling up the DagBag from /home/airflow/.local/lib/python3.12/site-packages/airflow/example_dags/example_external_task_marker_dag.py
[2026-04-09T00:36:45.137+0000] {processor.py:925} INFO - DAG(s) 'example_external_task_marker_child', 'example_external_task_marker_parent' retrieved from /home/airflow/.local/lib/python3.12/site-packages/airflow/example_dags/example_external_task_marker_dag.py
[2026-04-09T00:36:45.147+0000] {logging_mixin.py:190} INFO - [2026-04-09T00:36:45.147+0000] {dag.py:3211} INFO - Sync 2 DAGs
[2026-04-09T00:36:45.152+0000] {logging_mixin.py:190} INFO - [2026-04-09T00:36:45.152+0000] {dag.py:4138} INFO - Setting next_dagrun for example_external_task_marker_child to None, run_after=None
[2026-04-09T00:36:45.153+0000] {logging_mixin.py:190} INFO - [2026-04-09T00:36:45.153+0000] {dag.py:4138} INFO - Setting next_dagrun for example_external_task_marker_parent to None, run_after=None
[2026-04-09T00:36:45.158+0000] {processor.py:208} INFO - Processing /home/airflow/.local/lib/python3.12/site-packages/airflow/example_dags/example_external_task_marker_dag.py took 0.029 seconds
[2026-04-09T00:37:15.923+0000] {processor.py:186} INFO - Started process (PID=784) to work on /home/airflow/.local/lib/python3.12/site-packages/airflow/example_dags/example_external_task_marker_dag.py
[2026-04-09T00:37:15.923+0000] {processor.py:914} INFO - Processing file /home/airflow/.local/lib/python3.12/site-packages/airflow/example_dags/example_external_task_marker_dag.py for tasks to queue
[2026-04-09T00:37:15.925+0000] {logging_mixin.py:190} INFO - [2026-04-09T00:37:15.925+0000] {dagbag.py:587} INFO - Filling up the DagBag from /home/airflow/.local/lib/python3.12/site-packages/airflow/example_dags/example_external_task_marker_dag.py
[2026-04-09T00:37:15.929+0000] {processor.py:925} INFO - DAG(s) 'example_external_task_marker_child', 'example_external_task_marker_parent' retrieved from /home/airflow/.local/lib/python3.12/site-packages/airflow/example_dags/example_external_task_marker_dag.py
[2026-04-09T00:37:15.937+0000] {logging_mixin.py:190} INFO - [2026-04-09T00:37:15.937+0000] {dag.py:3211} INFO - Sync 2 DAGs
[2026-04-09T00:37:15.942+0000] {logging_mixin.py:190} INFO - [2026-04-09T00:37:15.942+0000] {dag.py:4138} INFO - Setting next_dagrun for example_external_task_marker_child to None, run_after=None
[2026-04-09T00:37:15.943+0000] {logging_mixin.py:190} INFO - [2026-04-09T00:37:15.943+0000] {dag.py:4138} INFO - Setting next_dagrun for example_external_task_marker_parent to None, run_after=None
[2026-04-09T00:37:15.954+0000] {processor.py:208} INFO - Processing /home/airflow/.local/lib/python3.12/site-packages/airflow/example_dags/example_external_task_marker_dag.py took 0.033 seconds
[2026-04-09T00:37:46.631+0000] {processor.py:186} INFO - Started process (PID=848) to work on /home/airflow/.local/lib/python3.12/site-packages/airflow/example_dags/example_external_task_marker_dag.py
[2026-04-09T00:37:46.632+0000] {processor.py:914} INFO - Processing file /home/airflow/.local/lib/python3.12/site-packages/airflow/example_dags/example_external_task_marker_dag.py for tasks to queue
[2026-04-09T00:37:46.633+0000] {logging_mixin.py:190} INFO - [2026-04-09T00:37:46.633+0000] {dagbag.py:587} INFO - Filling up the DagBag from /home/airflow/.local/lib/python3.12/site-packages/airflow/example_dags/example_external_task_marker_dag.py
[2026-04-09T00:37:46.637+0000] {processor.py:925} INFO - DAG(s) 'example_external_task_marker_parent', 'example_external_task_marker_child' retrieved from /home/airflow/.local/lib/python3.12/site-packages/airflow/example_dags/example_external_task_marker_dag.py
[2026-04-09T00:37:46.647+0000] {logging_mixin.py:190} INFO - [2026-04-09T00:37:46.647+0000] {dag.py:3211} INFO - Sync 2 DAGs
[2026-04-09T00:37:46.654+0000] {logging_mixin.py:190} INFO - [2026-04-09T00:37:46.653+0000] {dag.py:4138} INFO - Setting next_dagrun for example_external_task_marker_child to None, run_after=None
[2026-04-09T00:37:46.655+0000] {logging_mixin.py:190} INFO - [2026-04-09T00:37:46.655+0000] {dag.py:4138} INFO - Setting next_dagrun for example_external_task_marker_parent to None, run_after=None
[2026-04-09T00:37:46.659+0000] {processor.py:208} INFO - Processing /home/airflow/.local/lib/python3.12/site-packages/airflow/example_dags/example_external_task_marker_dag.py took 0.031 seconds
[2026-04-09T00:38:17.401+0000] {processor.py:186} INFO - Started process (PID=912) to work on /home/airflow/.local/lib/python3.12/site-packages/airflow/example_dags/example_external_task_marker_dag.py
[2026-04-09T00:38:17.402+0000] {processor.py:914} INFO - Processing file /home/airflow/.local/lib/python3.12/site-packages/airflow/example_dags/example_external_task_marker_dag.py for tasks to queue
[2026-04-09T00:38:17.403+0000] {logging_mixin.py:190} INFO - [2026-04-09T00:38:17.403+0000] {dagbag.py:587} INFO - Filling up the DagBag from /home/airflow/.local/lib/python3.12/site-packages/airflow/example_dags/example_external_task_marker_dag.py
[2026-04-09T00:38:17.406+0000] {processor.py:925} INFO - DAG(s) 'example_external_task_marker_parent', 'example_external_task_marker_child' retrieved from /home/airflow/.local/lib/python3.12/site-packages/airflow/example_dags/example_external_task_marker_dag.py
[2026-04-09T00:38:17.417+0000] {logging_mixin.py:190} INFO - [2026-04-09T00:38:17.417+0000] {dag.py:3211} INFO - Sync 2 DAGs
[2026-04-09T00:38:17.423+0000] {logging_mixin.py:190} INFO - [2026-04-09T00:38:17.423+0000] {dag.py:4138} INFO - Setting next_dagrun for example_external_task_marker_child to None, run_after=None
[2026-04-09T00:38:17.425+0000] {logging_mixin.py:190} INFO - [2026-04-09T00:38:17.425+0000] {dag.py:4138} INFO - Setting next_dagrun for example_external_task_marker_parent to None, run_after=None
[2026-04-09T00:38:17.433+0000] {processor.py:208} INFO - Processing /home/airflow/.local/lib/python3.12/site-packages/airflow/example_dags/example_external_task_marker_dag.py took 0.034 seconds
[2026-04-09T00:38:48.055+0000] {processor.py:186} INFO - Started process (PID=976) to work on /home/airflow/.local/lib/python3.12/site-packages/airflow/example_dags/example_external_task_marker_dag.py
[2026-04-09T00:38:48.056+0000] {processor.py:914} INFO - Processing file /home/airflow/.local/lib/python3.12/site-packages/airflow/example_dags/example_external_task_marker_dag.py for tasks to queue
[2026-04-09T00:38:48.057+0000] {logging_mixin.py:190} INFO - [2026-04-09T00:38:48.057+0000] {dagbag.py:587} INFO - Filling up the DagBag from /home/airflow/.local/lib/python3.12/site-packages/airflow/example_dags/example_external_task_marker_dag.py
[2026-04-09T00:38:48.061+0000] {processor.py:925} INFO - DAG(s) 'example_external_task_marker_child', 'example_external_task_marker_parent' retrieved from /home/airflow/.local/lib/python3.12/site-packages/airflow/example_dags/example_external_task_marker_dag.py
[2026-04-09T00:38:48.074+0000] {logging_mixin.py:190} INFO - [2026-04-09T00:38:48.074+0000] {dag.py:3211} INFO - Sync 2 DAGs
[2026-04-09T00:38:48.079+0000] {logging_mixin.py:190} INFO - [2026-04-09T00:38:48.079+0000] {dag.py:4138} INFO - Setting next_dagrun for example_external_task_marker_child to None, run_after=None
[2026-04-09T00:38:48.081+0000] {logging_mixin.py:190} INFO - [2026-04-09T00:38:48.081+0000] {dag.py:4138} INFO - Setting next_dagrun for example_external_task_marker_parent to None, run_after=None
[2026-04-09T00:38:48.087+0000] {processor.py:208} INFO - Processing /home/airflow/.local/lib/python3.12/site-packages/airflow/example_dags/example_external_task_marker_dag.py took 0.034 seconds
[2026-04-09T00:39:18.860+0000] {processor.py:186} INFO - Started process (PID=1040) to work on /home/airflow/.local/lib/python3.12/site-packages/airflow/example_dags/example_external_task_marker_dag.py
[2026-04-09T00:39:18.860+0000] {processor.py:914} INFO - Processing file /home/airflow/.local/lib/python3.12/site-packages/airflow/example_dags/example_external_task_marker_dag.py for tasks to queue
[2026-04-09T00:39:18.863+0000] {logging_mixin.py:190} INFO - [2026-04-09T00:39:18.862+0000] {dagbag.py:587} INFO - Filling up the DagBag from /home/airflow/.local/lib/python3.12/site-packages/airflow/example_dags/example_external_task_marker_dag.py
[2026-04-09T00:39:18.866+0000] {processor.py:925} INFO - DAG(s) 'example_external_task_marker_child', 'example_external_task_marker_parent' retrieved from /home/airflow/.local/lib/python3.12/site-packages/airflow/example_dags/example_external_task_marker_dag.py
[2026-04-09T00:39:18.876+0000] {logging_mixin.py:190} INFO - [2026-04-09T00:39:18.876+0000] {dag.py:3211} INFO - Sync 2 DAGs
[2026-04-09T00:39:18.881+0000] {logging_mixin.py:190} INFO - [2026-04-09T00:39:18.881+0000] {dag.py:4138} INFO - Setting next_dagrun for example_external_task_marker_child to None, run_after=None
[2026-04-09T00:39:18.882+0000] {logging_mixin.py:190} INFO - [2026-04-09T00:39:18.882+0000] {dag.py:4138} INFO - Setting next_dagrun for example_external_task_marker_parent to None, run_after=None
[2026-04-09T00:39:18.891+0000] {processor.py:208} INFO - Processing /home/airflow/.local/lib/python3.12/site-packages/airflow/example_dags/example_external_task_marker_dag.py took 0.033 seconds
[2026-04-09T00:39:49.637+0000] {processor.py:186} INFO - Started process (PID=1104) to work on /home/airflow/.local/lib/python3.12/site-packages/airflow/example_dags/example_external_task_marker_dag.py
[2026-04-09T00:39:49.638+0000] {processor.py:914} INFO - Processing file /home/airflow/.local/lib/python3.12/site-packages/airflow/example_dags/example_external_task_marker_dag.py for tasks to queue
[2026-04-09T00:39:49.639+0000] {logging_mixin.py:190} INFO - [2026-04-09T00:39:49.639+0000] {dagbag.py:587} INFO - Filling up the DagBag from /home/airflow/.local/lib/python3.12/site-packages/airflow/example_dags/example_external_task_marker_dag.py
[2026-04-09T00:39:49.641+0000] {processor.py:925} INFO - DAG(s) 'example_external_task_marker_parent', 'example_external_task_marker_child' retrieved from /home/airflow/.local/lib/python3.12/site-packages/airflow/example_dags/example_external_task_marker_dag.py
[2026-04-09T00:39:49.654+0000] {logging_mixin.py:190} INFO - [2026-04-09T00:39:49.654+0000] {dag.py:3211} INFO - Sync 2 DAGs
[2026-04-09T00:39:49.660+0000] {logging_mixin.py:190} INFO - [2026-04-09T00:39:49.660+0000] {dag.py:4138} INFO - Setting next_dagrun for example_external_task_marker_child to None, run_after=None
[2026-04-09T00:39:49.663+0000] {logging_mixin.py:190} INFO - [2026-04-09T00:39:49.663+0000] {dag.py:4138} INFO - Setting next_dagrun for example_external_task_marker_parent to None, run_after=None
[2026-04-09T00:39:49.668+0000] {processor.py:208} INFO - Processing /home/airflow/.local/lib/python3.12/site-packages/airflow/example_dags/example_external_task_marker_dag.py took 0.034 seconds
[2026-04-09T00:40:20.418+0000] {processor.py:186} INFO - Started process (PID=1168) to work on /home/airflow/.local/lib/python3.12/site-packages/airflow/example_dags/example_external_task_marker_dag.py
[2026-04-09T00:40:20.419+0000] {processor.py:914} INFO - Processing file /home/airflow/.local/lib/python3.12/site-packages/airflow/example_dags/example_external_task_marker_dag.py for tasks to queue
[2026-04-09T00:40:20.420+0000] {logging_mixin.py:190} INFO - [2026-04-09T00:40:20.420+0000] {dagbag.py:587} INFO - Filling up the DagBag from /home/airflow/.local/lib/python3.12/site-packages/airflow/example_dags/example_external_task_marker_dag.py
[2026-04-09T00:40:20.423+0000] {processor.py:925} INFO - DAG(s) 'example_external_task_marker_parent', 'example_external_task_marker_child' retrieved from /home/airflow/.local/lib/python3.12/site-packages/airflow/example_dags/example_external_task_marker_dag.py
[2026-04-09T00:40:20.437+0000] {logging_mixin.py:190} INFO - [2026-04-09T00:40:20.437+0000] {dag.py:3211} INFO - Sync 2 DAGs
[2026-04-09T00:40:20.443+0000] {logging_mixin.py:190} INFO - [2026-04-09T00:40:20.443+0000] {dag.py:4138} INFO - Setting next_dagrun for example_external_task_marker_child to None, run_after=None
[2026-04-09T00:40:20.446+0000] {logging_mixin.py:190} INFO - [2026-04-09T00:40:20.446+0000] {dag.py:4138} INFO - Setting next_dagrun for example_external_task_marker_parent to None, run_after=None
[2026-04-09T00:40:20.453+0000] {processor.py:208} INFO - Processing /home/airflow/.local/lib/python3.12/site-packages/airflow/example_dags/example_external_task_marker_dag.py took 0.037 seconds
[2026-04-09T00:40:51.235+0000] {processor.py:186} INFO - Started process (PID=1232) to work on /home/airflow/.local/lib/python3.12/site-packages/airflow/example_dags/example_external_task_marker_dag.py
[2026-04-09T00:40:51.236+0000] {processor.py:914} INFO - Processing file /home/airflow/.local/lib/python3.12/site-packages/airflow/example_dags/example_external_task_marker_dag.py for tasks to queue
[2026-04-09T00:40:51.237+0000] {logging_mixin.py:190} INFO - [2026-04-09T00:40:51.236+0000] {dagbag.py:587} INFO - Filling up the DagBag from /home/airflow/.local/lib/python3.12/site-packages/airflow/example_dags/example_external_task_marker_dag.py
[2026-04-09T00:40:51.240+0000] {processor.py:925} INFO - DAG(s) 'example_external_task_marker_parent', 'example_external_task_marker_child' retrieved from /home/airflow/.local/lib/python3.12/site-packages/airflow/example_dags/example_external_task_marker_dag.py
[2026-04-09T00:40:51.251+0000] {logging_mixin.py:190} INFO - [2026-04-09T00:40:51.251+0000] {dag.py:3211} INFO - Sync 2 DAGs
[2026-04-09T00:40:51.256+0000] {logging_mixin.py:190} INFO - [2026-04-09T00:40:51.256+0000] {dag.py:4138} INFO - Setting next_dagrun for example_external_task_marker_child to None, run_after=None
[2026-04-09T00:40:51.258+0000] {logging_mixin.py:190} INFO - [2026-04-09T00:40:51.258+0000] {dag.py:4138} INFO - Setting next_dagrun for example_external_task_marker_parent to None, run_after=None
[2026-04-09T00:40:51.268+0000] {processor.py:208} INFO - Processing /home/airflow/.local/lib/python3.12/site-packages/airflow/example_dags/example_external_task_marker_dag.py took 0.035 seconds
[2026-04-09T00:41:22.032+0000] {processor.py:186} INFO - Started process (PID=1296) to work on /home/airflow/.local/lib/python3.12/site-packages/airflow/example_dags/example_external_task_marker_dag.py
[2026-04-09T00:41:22.032+0000] {processor.py:914} INFO - Processing file /home/airflow/.local/lib/python3.12/site-packages/airflow/example_dags/example_external_task_marker_dag.py for tasks to queue
[2026-04-09T00:41:22.034+0000] {logging_mixin.py:190} INFO - [2026-04-09T00:41:22.034+0000] {dagbag.py:587} INFO - Filling up the DagBag from /home/airflow/.local/lib/python3.12/site-packages/airflow/example_dags/example_external_task_marker_dag.py
[2026-04-09T00:41:22.038+0000] {processor.py:925} INFO - DAG(s) 'example_external_task_marker_child', 'example_external_task_marker_parent' retrieved from /home/airflow/.local/lib/python3.12/site-packages/airflow/example_dags/example_external_task_marker_dag.py
[2026-04-09T00:41:22.051+0000] {logging_mixin.py:190} INFO - [2026-04-09T00:41:22.051+0000] {dag.py:3211} INFO - Sync 2 DAGs
[2026-04-09T00:41:22.056+0000] {logging_mixin.py:190} INFO - [2026-04-09T00:41:22.056+0000] {dag.py:4138} INFO - Setting next_dagrun for example_external_task_marker_child to None, run_after=None
[2026-04-09T00:41:22.058+0000] {logging_mixin.py:190} INFO - [2026-04-09T00:41:22.057+0000] {dag.py:4138} INFO - Setting next_dagrun for example_external_task_marker_parent to None, run_after=None
[2026-04-09T00:41:22.065+0000] {processor.py:208} INFO - Processing /home/airflow/.local/lib/python3.12/site-packages/airflow/example_dags/example_external_task_marker_dag.py took 0.035 seconds
[2026-04-09T00:41:52.949+0000] {processor.py:186} INFO - Started process (PID=1360) to work on /home/airflow/.local/lib/python3.12/site-packages/airflow/example_dags/example_external_task_marker_dag.py
[2026-04-09T00:41:52.950+0000] {processor.py:914} INFO - Processing file /home/airflow/.local/lib/python3.12/site-packages/airflow/example_dags/example_external_task_marker_dag.py for tasks to queue
[2026-04-09T00:41:52.952+0000] {logging_mixin.py:190} INFO - [2026-04-09T00:41:52.952+0000] {dagbag.py:587} INFO - Filling up the DagBag from /home/airflow/.local/lib/python3.12/site-packages/airflow/example_dags/example_external_task_marker_dag.py
[2026-04-09T00:41:52.956+0000] {processor.py:925} INFO - DAG(s) 'example_external_task_marker_parent', 'example_external_task_marker_child' retrieved from /home/airflow/.local/lib/python3.12/site-packages/airflow/example_dags/example_external_task_marker_dag.py
[2026-04-09T00:41:52.967+0000] {logging_mixin.py:190} INFO - [2026-04-09T00:41:52.967+0000] {dag.py:3211} INFO - Sync 2 DAGs
[2026-04-09T00:41:52.973+0000] {logging_mixin.py:190} INFO - [2026-04-09T00:41:52.973+0000] {dag.py:4138} INFO - Setting next_dagrun for example_external_task_marker_child to None, run_after=None
[2026-04-09T00:41:52.974+0000] {logging_mixin.py:190} INFO - [2026-04-09T00:41:52.974+0000] {dag.py:4138} INFO - Setting next_dagrun for example_external_task_marker_parent to None, run_after=None
[2026-04-09T00:41:52.980+0000] {processor.py:208} INFO - Processing /home/airflow/.local/lib/python3.12/site-packages/airflow/example_dags/example_external_task_marker_dag.py took 0.033 seconds
[2026-04-09T00:42:24.058+0000] {processor.py:186} INFO - Started process (PID=1424) to work on /home/airflow/.local/lib/python3.12/site-packages/airflow/example_dags/example_external_task_marker_dag.py
[2026-04-09T00:42:24.059+0000] {processor.py:914} INFO - Processing file /home/airflow/.local/lib/python3.12/site-packages/airflow/example_dags/example_external_task_marker_dag.py for tasks to queue
[2026-04-09T00:42:24.060+0000] {logging_mixin.py:190} INFO - [2026-04-09T00:42:24.059+0000] {dagbag.py:587} INFO - Filling up the DagBag from /home/airflow/.local/lib/python3.12/site-packages/airflow/example_dags/example_external_task_marker_dag.py
[2026-04-09T00:42:24.065+0000] {processor.py:925} INFO - DAG(s) 'example_external_task_marker_child', 'example_external_task_marker_parent' retrieved from /home/airflow/.local/lib/python3.12/site-packages/airflow/example_dags/example_external_task_marker_dag.py
[2026-04-09T00:42:24.077+0000] {logging_mixin.py:190} INFO - [2026-04-09T00:42:24.077+0000] {dag.py:3211} INFO - Sync 2 DAGs
[2026-04-09T00:42:24.083+0000] {logging_mixin.py:190} INFO - [2026-04-09T00:42:24.083+0000] {dag.py:4138} INFO - Setting next_dagrun for example_external_task_marker_child to None, run_after=None
[2026-04-09T00:42:24.084+0000] {logging_mixin.py:190} INFO - [2026-04-09T00:42:24.084+0000] {dag.py:4138} INFO - Setting next_dagrun for example_external_task_marker_parent to None, run_after=None
[2026-04-09T00:42:24.093+0000] {processor.py:208} INFO - Processing /home/airflow/.local/lib/python3.12/site-packages/airflow/example_dags/example_external_task_marker_dag.py took 0.037 seconds
[2026-04-09T00:42:54.850+0000] {processor.py:186} INFO - Started process (PID=1488) to work on /home/airflow/.local/lib/python3.12/site-packages/airflow/example_dags/example_external_task_marker_dag.py
[2026-04-09T00:42:54.850+0000] {processor.py:914} INFO - Processing file /home/airflow/.local/lib/python3.12/site-packages/airflow/example_dags/example_external_task_marker_dag.py for tasks to queue
[2026-04-09T00:42:54.851+0000] {logging_mixin.py:190} INFO - [2026-04-09T00:42:54.851+0000] {dagbag.py:587} INFO - Filling up the DagBag from /home/airflow/.local/lib/python3.12/site-packages/airflow/example_dags/example_external_task_marker_dag.py
[2026-04-09T00:42:54.854+0000] {processor.py:925} INFO - DAG(s) 'example_external_task_marker_parent', 'example_external_task_marker_child' retrieved from /home/airflow/.local/lib/python3.12/site-packages/airflow/example_dags/example_external_task_marker_dag.py
[2026-04-09T00:42:54.864+0000] {logging_mixin.py:190} INFO - [2026-04-09T00:42:54.864+0000] {dag.py:3211} INFO - Sync 2 DAGs
[2026-04-09T00:42:54.870+0000] {logging_mixin.py:190} INFO - [2026-04-09T00:42:54.870+0000] {dag.py:4138} INFO - Setting next_dagrun for example_external_task_marker_child to None, run_after=None
[2026-04-09T00:42:54.872+0000] {logging_mixin.py:190} INFO - [2026-04-09T00:42:54.872+0000] {dag.py:4138} INFO - Setting next_dagrun for example_external_task_marker_parent to None, run_after=None
[2026-04-09T00:42:54.878+0000] {processor.py:208} INFO - Processing /home/airflow/.local/lib/python3.12/site-packages/airflow/example_dags/example_external_task_marker_dag.py took 0.031 seconds
[2026-04-09T00:43:25.589+0000] {processor.py:186} INFO - Started process (PID=1552) to work on /home/airflow/.local/lib/python3.12/site-packages/airflow/example_dags/example_external_task_marker_dag.py
[2026-04-09T00:43:25.589+0000] {processor.py:914} INFO - Processing file /home/airflow/.local/lib/python3.12/site-packages/airflow/example_dags/example_external_task_marker_dag.py for tasks to queue
[2026-04-09T00:43:25.590+0000] {logging_mixin.py:190} INFO - [2026-04-09T00:43:25.590+0000] {dagbag.py:587} INFO - Filling up the DagBag from /home/airflow/.local/lib/python3.12/site-packages/airflow/example_dags/example_external_task_marker_dag.py
[2026-04-09T00:43:25.593+0000] {processor.py:925} INFO - DAG(s) 'example_external_task_marker_parent', 'example_external_task_marker_child' retrieved from /home/airflow/.local/lib/python3.12/site-packages/airflow/example_dags/example_external_task_marker_dag.py
[2026-04-09T00:43:25.607+0000] {logging_mixin.py:190} INFO - [2026-04-09T00:43:25.607+0000] {dag.py:3211} INFO - Sync 2 DAGs
[2026-04-09T00:43:25.614+0000] {logging_mixin.py:190} INFO - [2026-04-09T00:43:25.614+0000] {dag.py:4138} INFO - Setting next_dagrun for example_external_task_marker_child to None, run_after=None
[2026-04-09T00:43:25.615+0000] {logging_mixin.py:190} INFO - [2026-04-09T00:43:25.615+0000] {dag.py:4138} INFO - Setting next_dagrun for example_external_task_marker_parent to None, run_after=None
[2026-04-09T00:43:25.620+0000] {processor.py:208} INFO - Processing /home/airflow/.local/lib/python3.12/site-packages/airflow/example_dags/example_external_task_marker_dag.py took 0.033 seconds
[2026-04-09T00:43:56.359+0000] {processor.py:186} INFO - Started process (PID=1616) to work on /home/airflow/.local/lib/python3.12/site-packages/airflow/example_dags/example_external_task_marker_dag.py
[2026-04-09T00:43:56.359+0000] {processor.py:914} INFO - Processing file /home/airflow/.local/lib/python3.12/site-packages/airflow/example_dags/example_external_task_marker_dag.py for tasks to queue
[2026-04-09T00:43:56.360+0000] {logging_mixin.py:190} INFO - [2026-04-09T00:43:56.360+0000] {dagbag.py:587} INFO - Filling up the DagBag from /home/airflow/.local/lib/python3.12/site-packages/airflow/example_dags/example_external_task_marker_dag.py
[2026-04-09T00:43:56.364+0000] {processor.py:925} INFO - DAG(s) 'example_external_task_marker_child', 'example_external_task_marker_parent' retrieved from /home/airflow/.local/lib/python3.12/site-packages/airflow/example_dags/example_external_task_marker_dag.py
[2026-04-09T00:43:56.374+0000] {logging_mixin.py:190} INFO - [2026-04-09T00:43:56.373+0000] {dag.py:3211} INFO - Sync 2 DAGs
[2026-04-09T00:43:56.381+0000] {logging_mixin.py:190} INFO - [2026-04-09T00:43:56.381+0000] {dag.py:4138} INFO - Setting next_dagrun for example_external_task_marker_child to None, run_after=None
[2026-04-09T00:43:56.383+0000] {logging_mixin.py:190} INFO - [2026-04-09T00:43:56.382+0000] {dag.py:4138} INFO - Setting next_dagrun for example_external_task_marker_parent to None, run_after=None
[2026-04-09T00:43:56.392+0000] {processor.py:208} INFO - Processing /home/airflow/.local/lib/python3.12/site-packages/airflow/example_dags/example_external_task_marker_dag.py took 0.036 seconds
[2026-04-09T00:44:27.174+0000] {processor.py:186} INFO - Started process (PID=1680) to work on /home/airflow/.local/lib/python3.12/site-packages/airflow/example_dags/example_external_task_marker_dag.py
[2026-04-09T00:44:27.175+0000] {processor.py:914} INFO - Processing file /home/airflow/.local/lib/python3.12/site-packages/airflow/example_dags/example_external_task_marker_dag.py for tasks to queue
[2026-04-09T00:44:27.176+0000] {logging_mixin.py:190} INFO - [2026-04-09T00:44:27.176+0000] {dagbag.py:587} INFO - Filling up the DagBag from /home/airflow/.local/lib/python3.12/site-packages/airflow/example_dags/example_external_task_marker_dag.py
[2026-04-09T00:44:27.179+0000] {processor.py:925} INFO - DAG(s) 'example_external_task_marker_child', 'example_external_task_marker_parent' retrieved from /home/airflow/.local/lib/python3.12/site-packages/airflow/example_dags/example_external_task_marker_dag.py
[2026-04-09T00:44:27.188+0000] {logging_mixin.py:190} INFO - [2026-04-09T00:44:27.188+0000] {dag.py:3211} INFO - Sync 2 DAGs
[2026-04-09T00:44:27.193+0000] {logging_mixin.py:190} INFO - [2026-04-09T00:44:27.193+0000] {dag.py:4138} INFO - Setting next_dagrun for example_external_task_marker_child to None, run_after=None
[2026-04-09T00:44:27.194+0000] {logging_mixin.py:190} INFO - [2026-04-09T00:44:27.194+0000] {dag.py:4138} INFO - Setting next_dagrun for example_external_task_marker_parent to None, run_after=None
[2026-04-09T00:44:27.204+0000] {processor.py:208} INFO - Processing /home/airflow/.local/lib/python3.12/site-packages/airflow/example_dags/example_external_task_marker_dag.py took 0.033 seconds
[2026-04-09T00:44:58.058+0000] {processor.py:186} INFO - Started process (PID=1744) to work on /home/airflow/.local/lib/python3.12/site-packages/airflow/example_dags/example_external_task_marker_dag.py
[2026-04-09T00:44:58.058+0000] {processor.py:914} INFO - Processing file /home/airflow/.local/lib/python3.12/site-packages/airflow/example_dags/example_external_task_marker_dag.py for tasks to queue
[2026-04-09T00:44:58.059+0000] {logging_mixin.py:190} INFO - [2026-04-09T00:44:58.059+0000] {dagbag.py:587} INFO - Filling up the DagBag from /home/airflow/.local/lib/python3.12/site-packages/airflow/example_dags/example_external_task_marker_dag.py
[2026-04-09T00:44:58.062+0000] {processor.py:925} INFO - DAG(s) 'example_external_task_marker_parent', 'example_external_task_marker_child' retrieved from /home/airflow/.local/lib/python3.12/site-packages/airflow/example_dags/example_external_task_marker_dag.py
[2026-04-09T00:44:58.074+0000] {logging_mixin.py:190} INFO - [2026-04-09T00:44:58.074+0000] {dag.py:3211} INFO - Sync 2 DAGs
[2026-04-09T00:44:58.082+0000] {logging_mixin.py:190} INFO - [2026-04-09T00:44:58.082+0000] {dag.py:4138} INFO - Setting next_dagrun for example_external_task_marker_child to None, run_after=None
[2026-04-09T00:44:58.083+0000] {logging_mixin.py:190} INFO - [2026-04-09T00:44:58.083+0000] {dag.py:4138} INFO - Setting next_dagrun for example_external_task_marker_parent to None, run_after=None
[2026-04-09T00:44:58.091+0000] {processor.py:208} INFO - Processing /home/airflow/.local/lib/python3.12/site-packages/airflow/example_dags/example_external_task_marker_dag.py took 0.036 seconds
[2026-04-09T00:45:29.052+0000] {processor.py:186} INFO - Started process (PID=1807) to work on /home/airflow/.local/lib/python3.12/site-packages/airflow/example_dags/example_external_task_marker_dag.py
[2026-04-09T00:45:29.053+0000] {processor.py:914} INFO - Processing file /home/airflow/.local/lib/python3.12/site-packages/airflow/example_dags/example_external_task_marker_dag.py for tasks to queue
[2026-04-09T00:45:29.054+0000] {logging_mixin.py:190} INFO - [2026-04-09T00:45:29.054+0000] {dagbag.py:587} INFO - Filling up the DagBag from /home/airflow/.local/lib/python3.12/site-packages/airflow/example_dags/example_external_task_marker_dag.py
[2026-04-09T00:45:29.057+0000] {processor.py:925} INFO - DAG(s) 'example_external_task_marker_child', 'example_external_task_marker_parent' retrieved from /home/airflow/.local/lib/python3.12/site-packages/airflow/example_dags/example_external_task_marker_dag.py
[2026-04-09T00:45:29.069+0000] {logging_mixin.py:190} INFO - [2026-04-09T00:45:29.068+0000] {dag.py:3211} INFO - Sync 2 DAGs
[2026-04-09T00:45:29.076+0000] {logging_mixin.py:190} INFO - [2026-04-09T00:45:29.076+0000] {dag.py:4138} INFO - Setting next_dagrun for example_external_task_marker_child to None, run_after=None
[2026-04-09T00:45:29.078+0000] {logging_mixin.py:190} INFO - [2026-04-09T00:45:29.078+0000] {dag.py:4138} INFO - Setting next_dagrun for example_external_task_marker_parent to None, run_after=None
[2026-04-09T00:45:29.084+0000] {processor.py:208} INFO - Processing /home/airflow/.local/lib/python3.12/site-packages/airflow/example_dags/example_external_task_marker_dag.py took 0.035 seconds
[2026-04-09T00:45:59.976+0000] {processor.py:186} INFO - Started process (PID=1871) to work on /home/airflow/.local/lib/python3.12/site-packages/airflow/example_dags/example_external_task_marker_dag.py
[2026-04-09T00:45:59.976+0000] {processor.py:914} INFO - Processing file /home/airflow/.local/lib/python3.12/site-packages/airflow/example_dags/example_external_task_marker_dag.py for tasks to queue
[2026-04-09T00:45:59.977+0000] {logging_mixin.py:190} INFO - [2026-04-09T00:45:59.977+0000] {dagbag.py:587} INFO - Filling up the DagBag from /home/airflow/.local/lib/python3.12/site-packages/airflow/example_dags/example_external_task_marker_dag.py
[2026-04-09T00:45:59.981+0000] {processor.py:925} INFO - DAG(s) 'example_external_task_marker_child', 'example_external_task_marker_parent' retrieved from /home/airflow/.local/lib/python3.12/site-packages/airflow/example_dags/example_external_task_marker_dag.py
[2026-04-09T00:45:59.993+0000] {logging_mixin.py:190} INFO - [2026-04-09T00:45:59.993+0000] {dag.py:3211} INFO - Sync 2 DAGs
[2026-04-09T00:45:59.998+0000] {logging_mixin.py:190} INFO - [2026-04-09T00:45:59.998+0000] {dag.py:4138} INFO - Setting next_dagrun for example_external_task_marker_child to None, run_after=None
[2026-04-09T00:46:00.002+0000] {logging_mixin.py:190} INFO - [2026-04-09T00:46:00.002+0000] {dag.py:4138} INFO - Setting next_dagrun for example_external_task_marker_parent to None, run_after=None
[2026-04-09T00:46:00.009+0000] {processor.py:208} INFO - Processing /home/airflow/.local/lib/python3.12/site-packages/airflow/example_dags/example_external_task_marker_dag.py took 0.035 seconds
