[2026-04-09T00:31:36.489+0000] {processor.py:186} INFO - Started process (PID=51) to work on /home/airflow/.local/lib/python3.12/site-packages/airflow/example_dags/example_subdag_operator.py
[2026-04-09T00:31:36.489+0000] {processor.py:914} INFO - Processing file /home/airflow/.local/lib/python3.12/site-packages/airflow/example_dags/example_subdag_operator.py for tasks to queue
[2026-04-09T00:31:36.490+0000] {logging_mixin.py:190} INFO - [2026-04-09T00:31:36.490+0000] {dagbag.py:587} INFO - Filling up the DagBag from /home/airflow/.local/lib/python3.12/site-packages/airflow/example_dags/example_subdag_operator.py
[2026-04-09T00:31:36.504+0000] {processor.py:925} INFO - DAG(s) 'example_subdag_operator.section-1', 'example_subdag_operator.section-2', 'example_subdag_operator' retrieved from /home/airflow/.local/lib/python3.12/site-packages/airflow/example_dags/example_subdag_operator.py
[2026-04-09T00:31:36.548+0000] {logging_mixin.py:190} INFO - [2026-04-09T00:31:36.548+0000] {dag.py:3211} INFO - Sync 3 DAGs
[2026-04-09T00:31:36.560+0000] {logging_mixin.py:190} INFO - [2026-04-09T00:31:36.560+0000] {dag.py:4138} INFO - Setting next_dagrun for example_subdag_operator to 2022-01-01 00:00:00+00:00, run_after=2022-01-01 00:00:00+00:00
[2026-04-09T00:31:36.562+0000] {logging_mixin.py:190} INFO - [2026-04-09T00:31:36.562+0000] {dag.py:4138} INFO - Setting next_dagrun for example_subdag_operator.section-1 to None, run_after=None
[2026-04-09T00:31:36.563+0000] {logging_mixin.py:190} INFO - [2026-04-09T00:31:36.563+0000] {dag.py:4138} INFO - Setting next_dagrun for example_subdag_operator.section-2 to None, run_after=None
[2026-04-09T00:31:36.568+0000] {logging_mixin.py:190} INFO - [2026-04-09T00:31:36.568+0000] {dag.py:3211} INFO - Sync 2 DAGs
[2026-04-09T00:31:36.569+0000] {logging_mixin.py:190} INFO - [2026-04-09T00:31:36.569+0000] {dag.py:4138} INFO - Setting next_dagrun for example_subdag_operator.section-1 to None, run_after=None
[2026-04-09T00:31:36.570+0000] {logging_mixin.py:190} INFO - [2026-04-09T00:31:36.570+0000] {dag.py:4138} INFO - Setting next_dagrun for example_subdag_operator.section-2 to None, run_after=None
[2026-04-09T00:31:36.573+0000] {processor.py:208} INFO - Processing /home/airflow/.local/lib/python3.12/site-packages/airflow/example_dags/example_subdag_operator.py took 0.086 seconds
[2026-04-09T00:32:07.118+0000] {processor.py:186} INFO - Started process (PID=114) to work on /home/airflow/.local/lib/python3.12/site-packages/airflow/example_dags/example_subdag_operator.py
[2026-04-09T00:32:07.119+0000] {processor.py:914} INFO - Processing file /home/airflow/.local/lib/python3.12/site-packages/airflow/example_dags/example_subdag_operator.py for tasks to queue
[2026-04-09T00:32:07.120+0000] {logging_mixin.py:190} INFO - [2026-04-09T00:32:07.120+0000] {dagbag.py:587} INFO - Filling up the DagBag from /home/airflow/.local/lib/python3.12/site-packages/airflow/example_dags/example_subdag_operator.py
[2026-04-09T00:32:07.135+0000] {processor.py:925} INFO - DAG(s) 'example_subdag_operator.section-1', 'example_subdag_operator.section-2', 'example_subdag_operator' retrieved from /home/airflow/.local/lib/python3.12/site-packages/airflow/example_dags/example_subdag_operator.py
[2026-04-09T00:32:07.141+0000] {logging_mixin.py:190} INFO - [2026-04-09T00:32:07.141+0000] {dag.py:3211} INFO - Sync 3 DAGs
[2026-04-09T00:32:07.149+0000] {logging_mixin.py:190} INFO - [2026-04-09T00:32:07.149+0000] {dag.py:4138} INFO - Setting next_dagrun for example_subdag_operator to 2022-01-01 00:00:00+00:00, run_after=2022-01-01 00:00:00+00:00
[2026-04-09T00:32:07.151+0000] {logging_mixin.py:190} INFO - [2026-04-09T00:32:07.151+0000] {dag.py:4138} INFO - Setting next_dagrun for example_subdag_operator.section-1 to None, run_after=None
[2026-04-09T00:32:07.151+0000] {logging_mixin.py:190} INFO - [2026-04-09T00:32:07.151+0000] {dag.py:4138} INFO - Setting next_dagrun for example_subdag_operator.section-2 to None, run_after=None
[2026-04-09T00:32:07.154+0000] {logging_mixin.py:190} INFO - [2026-04-09T00:32:07.154+0000] {dag.py:3211} INFO - Sync 2 DAGs
[2026-04-09T00:32:07.156+0000] {logging_mixin.py:190} INFO - [2026-04-09T00:32:07.156+0000] {dag.py:4138} INFO - Setting next_dagrun for example_subdag_operator.section-1 to None, run_after=None
[2026-04-09T00:32:07.158+0000] {logging_mixin.py:190} INFO - [2026-04-09T00:32:07.158+0000] {dag.py:4138} INFO - Setting next_dagrun for example_subdag_operator.section-2 to None, run_after=None
[2026-04-09T00:32:07.164+0000] {processor.py:208} INFO - Processing /home/airflow/.local/lib/python3.12/site-packages/airflow/example_dags/example_subdag_operator.py took 0.049 seconds
[2026-04-09T00:32:38.037+0000] {processor.py:186} INFO - Started process (PID=178) to work on /home/airflow/.local/lib/python3.12/site-packages/airflow/example_dags/example_subdag_operator.py
[2026-04-09T00:32:38.037+0000] {processor.py:914} INFO - Processing file /home/airflow/.local/lib/python3.12/site-packages/airflow/example_dags/example_subdag_operator.py for tasks to queue
[2026-04-09T00:32:38.038+0000] {logging_mixin.py:190} INFO - [2026-04-09T00:32:38.038+0000] {dagbag.py:587} INFO - Filling up the DagBag from /home/airflow/.local/lib/python3.12/site-packages/airflow/example_dags/example_subdag_operator.py
[2026-04-09T00:32:38.051+0000] {processor.py:925} INFO - DAG(s) 'example_subdag_operator.section-1', 'example_subdag_operator.section-2', 'example_subdag_operator' retrieved from /home/airflow/.local/lib/python3.12/site-packages/airflow/example_dags/example_subdag_operator.py
[2026-04-09T00:32:38.062+0000] {logging_mixin.py:190} INFO - [2026-04-09T00:32:38.062+0000] {dag.py:3211} INFO - Sync 3 DAGs
[2026-04-09T00:32:38.071+0000] {logging_mixin.py:190} INFO - [2026-04-09T00:32:38.071+0000] {dag.py:4138} INFO - Setting next_dagrun for example_subdag_operator to 2022-01-01 00:00:00+00:00, run_after=2022-01-01 00:00:00+00:00
[2026-04-09T00:32:38.073+0000] {logging_mixin.py:190} INFO - [2026-04-09T00:32:38.073+0000] {dag.py:4138} INFO - Setting next_dagrun for example_subdag_operator.section-1 to None, run_after=None
[2026-04-09T00:32:38.074+0000] {logging_mixin.py:190} INFO - [2026-04-09T00:32:38.074+0000] {dag.py:4138} INFO - Setting next_dagrun for example_subdag_operator.section-2 to None, run_after=None
[2026-04-09T00:32:38.079+0000] {logging_mixin.py:190} INFO - [2026-04-09T00:32:38.079+0000] {dag.py:3211} INFO - Sync 2 DAGs
[2026-04-09T00:32:38.082+0000] {logging_mixin.py:190} INFO - [2026-04-09T00:32:38.082+0000] {dag.py:4138} INFO - Setting next_dagrun for example_subdag_operator.section-1 to None, run_after=None
[2026-04-09T00:32:38.082+0000] {logging_mixin.py:190} INFO - [2026-04-09T00:32:38.082+0000] {dag.py:4138} INFO - Setting next_dagrun for example_subdag_operator.section-2 to None, run_after=None
[2026-04-09T00:32:38.086+0000] {processor.py:208} INFO - Processing /home/airflow/.local/lib/python3.12/site-packages/airflow/example_dags/example_subdag_operator.py took 0.051 seconds
[2026-04-09T00:33:08.907+0000] {processor.py:186} INFO - Started process (PID=242) to work on /home/airflow/.local/lib/python3.12/site-packages/airflow/example_dags/example_subdag_operator.py
[2026-04-09T00:33:08.907+0000] {processor.py:914} INFO - Processing file /home/airflow/.local/lib/python3.12/site-packages/airflow/example_dags/example_subdag_operator.py for tasks to queue
[2026-04-09T00:33:08.909+0000] {logging_mixin.py:190} INFO - [2026-04-09T00:33:08.909+0000] {dagbag.py:587} INFO - Filling up the DagBag from /home/airflow/.local/lib/python3.12/site-packages/airflow/example_dags/example_subdag_operator.py
[2026-04-09T00:33:08.925+0000] {processor.py:925} INFO - DAG(s) 'example_subdag_operator.section-1', 'example_subdag_operator.section-2', 'example_subdag_operator' retrieved from /home/airflow/.local/lib/python3.12/site-packages/airflow/example_dags/example_subdag_operator.py
[2026-04-09T00:33:08.933+0000] {logging_mixin.py:190} INFO - [2026-04-09T00:33:08.933+0000] {dag.py:3211} INFO - Sync 3 DAGs
[2026-04-09T00:33:08.941+0000] {logging_mixin.py:190} INFO - [2026-04-09T00:33:08.941+0000] {dag.py:4138} INFO - Setting next_dagrun for example_subdag_operator to 2022-01-01 00:00:00+00:00, run_after=2022-01-01 00:00:00+00:00
[2026-04-09T00:33:08.943+0000] {logging_mixin.py:190} INFO - [2026-04-09T00:33:08.943+0000] {dag.py:4138} INFO - Setting next_dagrun for example_subdag_operator.section-1 to None, run_after=None
[2026-04-09T00:33:08.943+0000] {logging_mixin.py:190} INFO - [2026-04-09T00:33:08.943+0000] {dag.py:4138} INFO - Setting next_dagrun for example_subdag_operator.section-2 to None, run_after=None
[2026-04-09T00:33:08.945+0000] {logging_mixin.py:190} INFO - [2026-04-09T00:33:08.945+0000] {dag.py:3211} INFO - Sync 2 DAGs
[2026-04-09T00:33:08.947+0000] {logging_mixin.py:190} INFO - [2026-04-09T00:33:08.947+0000] {dag.py:4138} INFO - Setting next_dagrun for example_subdag_operator.section-1 to None, run_after=None
[2026-04-09T00:33:08.947+0000] {logging_mixin.py:190} INFO - [2026-04-09T00:33:08.947+0000] {dag.py:4138} INFO - Setting next_dagrun for example_subdag_operator.section-2 to None, run_after=None
[2026-04-09T00:33:08.950+0000] {processor.py:208} INFO - Processing /home/airflow/.local/lib/python3.12/site-packages/airflow/example_dags/example_subdag_operator.py took 0.045 seconds
[2026-04-09T00:33:39.702+0000] {processor.py:186} INFO - Started process (PID=306) to work on /home/airflow/.local/lib/python3.12/site-packages/airflow/example_dags/example_subdag_operator.py
[2026-04-09T00:33:39.702+0000] {processor.py:914} INFO - Processing file /home/airflow/.local/lib/python3.12/site-packages/airflow/example_dags/example_subdag_operator.py for tasks to queue
[2026-04-09T00:33:39.703+0000] {logging_mixin.py:190} INFO - [2026-04-09T00:33:39.703+0000] {dagbag.py:587} INFO - Filling up the DagBag from /home/airflow/.local/lib/python3.12/site-packages/airflow/example_dags/example_subdag_operator.py
[2026-04-09T00:33:39.712+0000] {processor.py:925} INFO - DAG(s) 'example_subdag_operator.section-1', 'example_subdag_operator.section-2', 'example_subdag_operator' retrieved from /home/airflow/.local/lib/python3.12/site-packages/airflow/example_dags/example_subdag_operator.py
[2026-04-09T00:33:39.716+0000] {logging_mixin.py:190} INFO - [2026-04-09T00:33:39.716+0000] {dag.py:3211} INFO - Sync 3 DAGs
[2026-04-09T00:33:39.723+0000] {logging_mixin.py:190} INFO - [2026-04-09T00:33:39.723+0000] {dag.py:4138} INFO - Setting next_dagrun for example_subdag_operator to 2022-01-01 00:00:00+00:00, run_after=2022-01-01 00:00:00+00:00
[2026-04-09T00:33:39.724+0000] {logging_mixin.py:190} INFO - [2026-04-09T00:33:39.724+0000] {dag.py:4138} INFO - Setting next_dagrun for example_subdag_operator.section-1 to None, run_after=None
[2026-04-09T00:33:39.724+0000] {logging_mixin.py:190} INFO - [2026-04-09T00:33:39.724+0000] {dag.py:4138} INFO - Setting next_dagrun for example_subdag_operator.section-2 to None, run_after=None
[2026-04-09T00:33:39.726+0000] {logging_mixin.py:190} INFO - [2026-04-09T00:33:39.726+0000] {dag.py:3211} INFO - Sync 2 DAGs
[2026-04-09T00:33:39.727+0000] {logging_mixin.py:190} INFO - [2026-04-09T00:33:39.727+0000] {dag.py:4138} INFO - Setting next_dagrun for example_subdag_operator.section-1 to None, run_after=None
[2026-04-09T00:33:39.728+0000] {logging_mixin.py:190} INFO - [2026-04-09T00:33:39.728+0000] {dag.py:4138} INFO - Setting next_dagrun for example_subdag_operator.section-2 to None, run_after=None
[2026-04-09T00:33:39.730+0000] {processor.py:208} INFO - Processing /home/airflow/.local/lib/python3.12/site-packages/airflow/example_dags/example_subdag_operator.py took 0.031 seconds
[2026-04-09T00:34:10.540+0000] {processor.py:186} INFO - Started process (PID=376) to work on /home/airflow/.local/lib/python3.12/site-packages/airflow/example_dags/example_subdag_operator.py
[2026-04-09T00:34:10.541+0000] {processor.py:914} INFO - Processing file /home/airflow/.local/lib/python3.12/site-packages/airflow/example_dags/example_subdag_operator.py for tasks to queue
[2026-04-09T00:34:10.542+0000] {logging_mixin.py:190} INFO - [2026-04-09T00:34:10.541+0000] {dagbag.py:587} INFO - Filling up the DagBag from /home/airflow/.local/lib/python3.12/site-packages/airflow/example_dags/example_subdag_operator.py
[2026-04-09T00:34:10.555+0000] {processor.py:925} INFO - DAG(s) 'example_subdag_operator.section-1', 'example_subdag_operator.section-2', 'example_subdag_operator' retrieved from /home/airflow/.local/lib/python3.12/site-packages/airflow/example_dags/example_subdag_operator.py
[2026-04-09T00:34:10.563+0000] {logging_mixin.py:190} INFO - [2026-04-09T00:34:10.563+0000] {dag.py:3211} INFO - Sync 3 DAGs
[2026-04-09T00:34:10.571+0000] {logging_mixin.py:190} INFO - [2026-04-09T00:34:10.571+0000] {dag.py:4138} INFO - Setting next_dagrun for example_subdag_operator to 2022-01-01 00:00:00+00:00, run_after=2022-01-01 00:00:00+00:00
[2026-04-09T00:34:10.572+0000] {logging_mixin.py:190} INFO - [2026-04-09T00:34:10.572+0000] {dag.py:4138} INFO - Setting next_dagrun for example_subdag_operator.section-1 to None, run_after=None
[2026-04-09T00:34:10.573+0000] {logging_mixin.py:190} INFO - [2026-04-09T00:34:10.573+0000] {dag.py:4138} INFO - Setting next_dagrun for example_subdag_operator.section-2 to None, run_after=None
[2026-04-09T00:34:10.576+0000] {logging_mixin.py:190} INFO - [2026-04-09T00:34:10.576+0000] {dag.py:3211} INFO - Sync 2 DAGs
[2026-04-09T00:34:10.578+0000] {logging_mixin.py:190} INFO - [2026-04-09T00:34:10.578+0000] {dag.py:4138} INFO - Setting next_dagrun for example_subdag_operator.section-1 to None, run_after=None
[2026-04-09T00:34:10.579+0000] {logging_mixin.py:190} INFO - [2026-04-09T00:34:10.579+0000] {dag.py:4138} INFO - Setting next_dagrun for example_subdag_operator.section-2 to None, run_after=None
[2026-04-09T00:34:10.584+0000] {processor.py:208} INFO - Processing /home/airflow/.local/lib/python3.12/site-packages/airflow/example_dags/example_subdag_operator.py took 0.045 seconds
[2026-04-09T00:34:41.397+0000] {processor.py:186} INFO - Started process (PID=440) to work on /home/airflow/.local/lib/python3.12/site-packages/airflow/example_dags/example_subdag_operator.py
[2026-04-09T00:34:41.397+0000] {processor.py:914} INFO - Processing file /home/airflow/.local/lib/python3.12/site-packages/airflow/example_dags/example_subdag_operator.py for tasks to queue
[2026-04-09T00:34:41.398+0000] {logging_mixin.py:190} INFO - [2026-04-09T00:34:41.398+0000] {dagbag.py:587} INFO - Filling up the DagBag from /home/airflow/.local/lib/python3.12/site-packages/airflow/example_dags/example_subdag_operator.py
[2026-04-09T00:34:41.414+0000] {processor.py:925} INFO - DAG(s) 'example_subdag_operator.section-1', 'example_subdag_operator.section-2', 'example_subdag_operator' retrieved from /home/airflow/.local/lib/python3.12/site-packages/airflow/example_dags/example_subdag_operator.py
[2026-04-09T00:34:41.419+0000] {logging_mixin.py:190} INFO - [2026-04-09T00:34:41.419+0000] {dag.py:3211} INFO - Sync 3 DAGs
[2026-04-09T00:34:41.428+0000] {logging_mixin.py:190} INFO - [2026-04-09T00:34:41.428+0000] {dag.py:4138} INFO - Setting next_dagrun for example_subdag_operator to 2022-01-01 00:00:00+00:00, run_after=2022-01-01 00:00:00+00:00
[2026-04-09T00:34:41.430+0000] {logging_mixin.py:190} INFO - [2026-04-09T00:34:41.430+0000] {dag.py:4138} INFO - Setting next_dagrun for example_subdag_operator.section-1 to None, run_after=None
[2026-04-09T00:34:41.431+0000] {logging_mixin.py:190} INFO - [2026-04-09T00:34:41.431+0000] {dag.py:4138} INFO - Setting next_dagrun for example_subdag_operator.section-2 to None, run_after=None
[2026-04-09T00:34:41.434+0000] {logging_mixin.py:190} INFO - [2026-04-09T00:34:41.434+0000] {dag.py:3211} INFO - Sync 2 DAGs
[2026-04-09T00:34:41.436+0000] {logging_mixin.py:190} INFO - [2026-04-09T00:34:41.436+0000] {dag.py:4138} INFO - Setting next_dagrun for example_subdag_operator.section-1 to None, run_after=None
[2026-04-09T00:34:41.436+0000] {logging_mixin.py:190} INFO - [2026-04-09T00:34:41.436+0000] {dag.py:4138} INFO - Setting next_dagrun for example_subdag_operator.section-2 to None, run_after=None
[2026-04-09T00:34:41.439+0000] {processor.py:208} INFO - Processing /home/airflow/.local/lib/python3.12/site-packages/airflow/example_dags/example_subdag_operator.py took 0.044 seconds
[2026-04-09T00:35:12.134+0000] {processor.py:186} INFO - Started process (PID=504) to work on /home/airflow/.local/lib/python3.12/site-packages/airflow/example_dags/example_subdag_operator.py
[2026-04-09T00:35:12.135+0000] {processor.py:914} INFO - Processing file /home/airflow/.local/lib/python3.12/site-packages/airflow/example_dags/example_subdag_operator.py for tasks to queue
[2026-04-09T00:35:12.136+0000] {logging_mixin.py:190} INFO - [2026-04-09T00:35:12.136+0000] {dagbag.py:587} INFO - Filling up the DagBag from /home/airflow/.local/lib/python3.12/site-packages/airflow/example_dags/example_subdag_operator.py
[2026-04-09T00:35:12.151+0000] {processor.py:925} INFO - DAG(s) 'example_subdag_operator.section-1', 'example_subdag_operator.section-2', 'example_subdag_operator' retrieved from /home/airflow/.local/lib/python3.12/site-packages/airflow/example_dags/example_subdag_operator.py
[2026-04-09T00:35:12.158+0000] {logging_mixin.py:190} INFO - [2026-04-09T00:35:12.158+0000] {dag.py:3211} INFO - Sync 3 DAGs
[2026-04-09T00:35:12.165+0000] {logging_mixin.py:190} INFO - [2026-04-09T00:35:12.165+0000] {dag.py:4138} INFO - Setting next_dagrun for example_subdag_operator to 2022-01-01 00:00:00+00:00, run_after=2022-01-01 00:00:00+00:00
[2026-04-09T00:35:12.167+0000] {logging_mixin.py:190} INFO - [2026-04-09T00:35:12.166+0000] {dag.py:4138} INFO - Setting next_dagrun for example_subdag_operator.section-1 to None, run_after=None
[2026-04-09T00:35:12.167+0000] {logging_mixin.py:190} INFO - [2026-04-09T00:35:12.167+0000] {dag.py:4138} INFO - Setting next_dagrun for example_subdag_operator.section-2 to None, run_after=None
[2026-04-09T00:35:12.169+0000] {logging_mixin.py:190} INFO - [2026-04-09T00:35:12.169+0000] {dag.py:3211} INFO - Sync 2 DAGs
[2026-04-09T00:35:12.173+0000] {logging_mixin.py:190} INFO - [2026-04-09T00:35:12.173+0000] {dag.py:4138} INFO - Setting next_dagrun for example_subdag_operator.section-1 to None, run_after=None
[2026-04-09T00:35:12.173+0000] {logging_mixin.py:190} INFO - [2026-04-09T00:35:12.173+0000] {dag.py:4138} INFO - Setting next_dagrun for example_subdag_operator.section-2 to None, run_after=None
[2026-04-09T00:35:12.177+0000] {processor.py:208} INFO - Processing /home/airflow/.local/lib/python3.12/site-packages/airflow/example_dags/example_subdag_operator.py took 0.045 seconds
[2026-04-09T00:35:42.845+0000] {processor.py:186} INFO - Started process (PID=567) to work on /home/airflow/.local/lib/python3.12/site-packages/airflow/example_dags/example_subdag_operator.py
[2026-04-09T00:35:42.845+0000] {processor.py:914} INFO - Processing file /home/airflow/.local/lib/python3.12/site-packages/airflow/example_dags/example_subdag_operator.py for tasks to queue
[2026-04-09T00:35:42.846+0000] {logging_mixin.py:190} INFO - [2026-04-09T00:35:42.846+0000] {dagbag.py:587} INFO - Filling up the DagBag from /home/airflow/.local/lib/python3.12/site-packages/airflow/example_dags/example_subdag_operator.py
[2026-04-09T00:35:42.855+0000] {processor.py:925} INFO - DAG(s) 'example_subdag_operator.section-1', 'example_subdag_operator.section-2', 'example_subdag_operator' retrieved from /home/airflow/.local/lib/python3.12/site-packages/airflow/example_dags/example_subdag_operator.py
[2026-04-09T00:35:42.860+0000] {logging_mixin.py:190} INFO - [2026-04-09T00:35:42.860+0000] {dag.py:3211} INFO - Sync 3 DAGs
[2026-04-09T00:35:42.867+0000] {logging_mixin.py:190} INFO - [2026-04-09T00:35:42.866+0000] {dag.py:4138} INFO - Setting next_dagrun for example_subdag_operator to 2022-01-01 00:00:00+00:00, run_after=2022-01-01 00:00:00+00:00
[2026-04-09T00:35:42.868+0000] {logging_mixin.py:190} INFO - [2026-04-09T00:35:42.868+0000] {dag.py:4138} INFO - Setting next_dagrun for example_subdag_operator.section-1 to None, run_after=None
[2026-04-09T00:35:42.868+0000] {logging_mixin.py:190} INFO - [2026-04-09T00:35:42.868+0000] {dag.py:4138} INFO - Setting next_dagrun for example_subdag_operator.section-2 to None, run_after=None
[2026-04-09T00:35:42.870+0000] {logging_mixin.py:190} INFO - [2026-04-09T00:35:42.870+0000] {dag.py:3211} INFO - Sync 2 DAGs
[2026-04-09T00:35:42.872+0000] {logging_mixin.py:190} INFO - [2026-04-09T00:35:42.872+0000] {dag.py:4138} INFO - Setting next_dagrun for example_subdag_operator.section-1 to None, run_after=None
[2026-04-09T00:35:42.872+0000] {logging_mixin.py:190} INFO - [2026-04-09T00:35:42.872+0000] {dag.py:4138} INFO - Setting next_dagrun for example_subdag_operator.section-2 to None, run_after=None
[2026-04-09T00:35:42.875+0000] {processor.py:208} INFO - Processing /home/airflow/.local/lib/python3.12/site-packages/airflow/example_dags/example_subdag_operator.py took 0.033 seconds
[2026-04-09T00:36:13.685+0000] {processor.py:186} INFO - Started process (PID=631) to work on /home/airflow/.local/lib/python3.12/site-packages/airflow/example_dags/example_subdag_operator.py
[2026-04-09T00:36:13.685+0000] {processor.py:914} INFO - Processing file /home/airflow/.local/lib/python3.12/site-packages/airflow/example_dags/example_subdag_operator.py for tasks to queue
[2026-04-09T00:36:13.686+0000] {logging_mixin.py:190} INFO - [2026-04-09T00:36:13.686+0000] {dagbag.py:587} INFO - Filling up the DagBag from /home/airflow/.local/lib/python3.12/site-packages/airflow/example_dags/example_subdag_operator.py
[2026-04-09T00:36:13.697+0000] {processor.py:925} INFO - DAG(s) 'example_subdag_operator.section-1', 'example_subdag_operator.section-2', 'example_subdag_operator' retrieved from /home/airflow/.local/lib/python3.12/site-packages/airflow/example_dags/example_subdag_operator.py
[2026-04-09T00:36:13.704+0000] {logging_mixin.py:190} INFO - [2026-04-09T00:36:13.704+0000] {dag.py:3211} INFO - Sync 3 DAGs
[2026-04-09T00:36:13.713+0000] {logging_mixin.py:190} INFO - [2026-04-09T00:36:13.713+0000] {dag.py:4138} INFO - Setting next_dagrun for example_subdag_operator to 2022-01-01 00:00:00+00:00, run_after=2022-01-01 00:00:00+00:00
[2026-04-09T00:36:13.715+0000] {logging_mixin.py:190} INFO - [2026-04-09T00:36:13.715+0000] {dag.py:4138} INFO - Setting next_dagrun for example_subdag_operator.section-1 to None, run_after=None
[2026-04-09T00:36:13.716+0000] {logging_mixin.py:190} INFO - [2026-04-09T00:36:13.716+0000] {dag.py:4138} INFO - Setting next_dagrun for example_subdag_operator.section-2 to None, run_after=None
[2026-04-09T00:36:13.719+0000] {logging_mixin.py:190} INFO - [2026-04-09T00:36:13.719+0000] {dag.py:3211} INFO - Sync 2 DAGs
[2026-04-09T00:36:13.721+0000] {logging_mixin.py:190} INFO - [2026-04-09T00:36:13.720+0000] {dag.py:4138} INFO - Setting next_dagrun for example_subdag_operator.section-1 to None, run_after=None
[2026-04-09T00:36:13.721+0000] {logging_mixin.py:190} INFO - [2026-04-09T00:36:13.721+0000] {dag.py:4138} INFO - Setting next_dagrun for example_subdag_operator.section-2 to None, run_after=None
[2026-04-09T00:36:13.724+0000] {processor.py:208} INFO - Processing /home/airflow/.local/lib/python3.12/site-packages/airflow/example_dags/example_subdag_operator.py took 0.041 seconds
[2026-04-09T00:36:44.478+0000] {processor.py:186} INFO - Started process (PID=695) to work on /home/airflow/.local/lib/python3.12/site-packages/airflow/example_dags/example_subdag_operator.py
[2026-04-09T00:36:44.479+0000] {processor.py:914} INFO - Processing file /home/airflow/.local/lib/python3.12/site-packages/airflow/example_dags/example_subdag_operator.py for tasks to queue
[2026-04-09T00:36:44.481+0000] {logging_mixin.py:190} INFO - [2026-04-09T00:36:44.481+0000] {dagbag.py:587} INFO - Filling up the DagBag from /home/airflow/.local/lib/python3.12/site-packages/airflow/example_dags/example_subdag_operator.py
[2026-04-09T00:36:44.496+0000] {processor.py:925} INFO - DAG(s) 'example_subdag_operator.section-1', 'example_subdag_operator.section-2', 'example_subdag_operator' retrieved from /home/airflow/.local/lib/python3.12/site-packages/airflow/example_dags/example_subdag_operator.py
[2026-04-09T00:36:44.503+0000] {logging_mixin.py:190} INFO - [2026-04-09T00:36:44.503+0000] {dag.py:3211} INFO - Sync 3 DAGs
[2026-04-09T00:36:44.513+0000] {logging_mixin.py:190} INFO - [2026-04-09T00:36:44.513+0000] {dag.py:4138} INFO - Setting next_dagrun for example_subdag_operator to 2022-01-01 00:00:00+00:00, run_after=2022-01-01 00:00:00+00:00
[2026-04-09T00:36:44.514+0000] {logging_mixin.py:190} INFO - [2026-04-09T00:36:44.514+0000] {dag.py:4138} INFO - Setting next_dagrun for example_subdag_operator.section-1 to None, run_after=None
[2026-04-09T00:36:44.515+0000] {logging_mixin.py:190} INFO - [2026-04-09T00:36:44.515+0000] {dag.py:4138} INFO - Setting next_dagrun for example_subdag_operator.section-2 to None, run_after=None
[2026-04-09T00:36:44.517+0000] {logging_mixin.py:190} INFO - [2026-04-09T00:36:44.517+0000] {dag.py:3211} INFO - Sync 2 DAGs
[2026-04-09T00:36:44.518+0000] {logging_mixin.py:190} INFO - [2026-04-09T00:36:44.518+0000] {dag.py:4138} INFO - Setting next_dagrun for example_subdag_operator.section-1 to None, run_after=None
[2026-04-09T00:36:44.518+0000] {logging_mixin.py:190} INFO - [2026-04-09T00:36:44.518+0000] {dag.py:4138} INFO - Setting next_dagrun for example_subdag_operator.section-2 to None, run_after=None
[2026-04-09T00:36:44.521+0000] {processor.py:208} INFO - Processing /home/airflow/.local/lib/python3.12/site-packages/airflow/example_dags/example_subdag_operator.py took 0.045 seconds
[2026-04-09T00:37:15.264+0000] {processor.py:186} INFO - Started process (PID=759) to work on /home/airflow/.local/lib/python3.12/site-packages/airflow/example_dags/example_subdag_operator.py
[2026-04-09T00:37:15.264+0000] {processor.py:914} INFO - Processing file /home/airflow/.local/lib/python3.12/site-packages/airflow/example_dags/example_subdag_operator.py for tasks to queue
[2026-04-09T00:37:15.266+0000] {logging_mixin.py:190} INFO - [2026-04-09T00:37:15.266+0000] {dagbag.py:587} INFO - Filling up the DagBag from /home/airflow/.local/lib/python3.12/site-packages/airflow/example_dags/example_subdag_operator.py
[2026-04-09T00:37:15.281+0000] {processor.py:925} INFO - DAG(s) 'example_subdag_operator.section-1', 'example_subdag_operator.section-2', 'example_subdag_operator' retrieved from /home/airflow/.local/lib/python3.12/site-packages/airflow/example_dags/example_subdag_operator.py
[2026-04-09T00:37:15.288+0000] {logging_mixin.py:190} INFO - [2026-04-09T00:37:15.288+0000] {dag.py:3211} INFO - Sync 3 DAGs
[2026-04-09T00:37:15.298+0000] {logging_mixin.py:190} INFO - [2026-04-09T00:37:15.298+0000] {dag.py:4138} INFO - Setting next_dagrun for example_subdag_operator to 2022-01-01 00:00:00+00:00, run_after=2022-01-01 00:00:00+00:00
[2026-04-09T00:37:15.299+0000] {logging_mixin.py:190} INFO - [2026-04-09T00:37:15.299+0000] {dag.py:4138} INFO - Setting next_dagrun for example_subdag_operator.section-1 to None, run_after=None
[2026-04-09T00:37:15.300+0000] {logging_mixin.py:190} INFO - [2026-04-09T00:37:15.300+0000] {dag.py:4138} INFO - Setting next_dagrun for example_subdag_operator.section-2 to None, run_after=None
[2026-04-09T00:37:15.302+0000] {logging_mixin.py:190} INFO - [2026-04-09T00:37:15.302+0000] {dag.py:3211} INFO - Sync 2 DAGs
[2026-04-09T00:37:15.304+0000] {logging_mixin.py:190} INFO - [2026-04-09T00:37:15.304+0000] {dag.py:4138} INFO - Setting next_dagrun for example_subdag_operator.section-1 to None, run_after=None
[2026-04-09T00:37:15.304+0000] {logging_mixin.py:190} INFO - [2026-04-09T00:37:15.304+0000] {dag.py:4138} INFO - Setting next_dagrun for example_subdag_operator.section-2 to None, run_after=None
[2026-04-09T00:37:15.307+0000] {processor.py:208} INFO - Processing /home/airflow/.local/lib/python3.12/site-packages/airflow/example_dags/example_subdag_operator.py took 0.045 seconds
[2026-04-09T00:37:45.976+0000] {processor.py:186} INFO - Started process (PID=823) to work on /home/airflow/.local/lib/python3.12/site-packages/airflow/example_dags/example_subdag_operator.py
[2026-04-09T00:37:45.976+0000] {processor.py:914} INFO - Processing file /home/airflow/.local/lib/python3.12/site-packages/airflow/example_dags/example_subdag_operator.py for tasks to queue
[2026-04-09T00:37:45.977+0000] {logging_mixin.py:190} INFO - [2026-04-09T00:37:45.977+0000] {dagbag.py:587} INFO - Filling up the DagBag from /home/airflow/.local/lib/python3.12/site-packages/airflow/example_dags/example_subdag_operator.py
[2026-04-09T00:37:45.990+0000] {processor.py:925} INFO - DAG(s) 'example_subdag_operator.section-1', 'example_subdag_operator.section-2', 'example_subdag_operator' retrieved from /home/airflow/.local/lib/python3.12/site-packages/airflow/example_dags/example_subdag_operator.py
[2026-04-09T00:37:45.995+0000] {logging_mixin.py:190} INFO - [2026-04-09T00:37:45.994+0000] {dag.py:3211} INFO - Sync 3 DAGs
[2026-04-09T00:37:46.003+0000] {logging_mixin.py:190} INFO - [2026-04-09T00:37:46.003+0000] {dag.py:4138} INFO - Setting next_dagrun for example_subdag_operator to 2022-01-01 00:00:00+00:00, run_after=2022-01-01 00:00:00+00:00
[2026-04-09T00:37:46.004+0000] {logging_mixin.py:190} INFO - [2026-04-09T00:37:46.004+0000] {dag.py:4138} INFO - Setting next_dagrun for example_subdag_operator.section-1 to None, run_after=None
[2026-04-09T00:37:46.006+0000] {logging_mixin.py:190} INFO - [2026-04-09T00:37:46.006+0000] {dag.py:4138} INFO - Setting next_dagrun for example_subdag_operator.section-2 to None, run_after=None
[2026-04-09T00:37:46.009+0000] {logging_mixin.py:190} INFO - [2026-04-09T00:37:46.009+0000] {dag.py:3211} INFO - Sync 2 DAGs
[2026-04-09T00:37:46.011+0000] {logging_mixin.py:190} INFO - [2026-04-09T00:37:46.011+0000] {dag.py:4138} INFO - Setting next_dagrun for example_subdag_operator.section-1 to None, run_after=None
[2026-04-09T00:37:46.012+0000] {logging_mixin.py:190} INFO - [2026-04-09T00:37:46.012+0000] {dag.py:4138} INFO - Setting next_dagrun for example_subdag_operator.section-2 to None, run_after=None
[2026-04-09T00:37:46.017+0000] {processor.py:208} INFO - Processing /home/airflow/.local/lib/python3.12/site-packages/airflow/example_dags/example_subdag_operator.py took 0.043 seconds
[2026-04-09T00:38:16.728+0000] {processor.py:186} INFO - Started process (PID=887) to work on /home/airflow/.local/lib/python3.12/site-packages/airflow/example_dags/example_subdag_operator.py
[2026-04-09T00:38:16.729+0000] {processor.py:914} INFO - Processing file /home/airflow/.local/lib/python3.12/site-packages/airflow/example_dags/example_subdag_operator.py for tasks to queue
[2026-04-09T00:38:16.730+0000] {logging_mixin.py:190} INFO - [2026-04-09T00:38:16.730+0000] {dagbag.py:587} INFO - Filling up the DagBag from /home/airflow/.local/lib/python3.12/site-packages/airflow/example_dags/example_subdag_operator.py
[2026-04-09T00:38:16.743+0000] {processor.py:925} INFO - DAG(s) 'example_subdag_operator.section-1', 'example_subdag_operator.section-2', 'example_subdag_operator' retrieved from /home/airflow/.local/lib/python3.12/site-packages/airflow/example_dags/example_subdag_operator.py
[2026-04-09T00:38:16.749+0000] {logging_mixin.py:190} INFO - [2026-04-09T00:38:16.749+0000] {dag.py:3211} INFO - Sync 3 DAGs
[2026-04-09T00:38:16.758+0000] {logging_mixin.py:190} INFO - [2026-04-09T00:38:16.758+0000] {dag.py:4138} INFO - Setting next_dagrun for example_subdag_operator to 2022-01-01 00:00:00+00:00, run_after=2022-01-01 00:00:00+00:00
[2026-04-09T00:38:16.760+0000] {logging_mixin.py:190} INFO - [2026-04-09T00:38:16.760+0000] {dag.py:4138} INFO - Setting next_dagrun for example_subdag_operator.section-1 to None, run_after=None
[2026-04-09T00:38:16.761+0000] {logging_mixin.py:190} INFO - [2026-04-09T00:38:16.761+0000] {dag.py:4138} INFO - Setting next_dagrun for example_subdag_operator.section-2 to None, run_after=None
[2026-04-09T00:38:16.764+0000] {logging_mixin.py:190} INFO - [2026-04-09T00:38:16.764+0000] {dag.py:3211} INFO - Sync 2 DAGs
[2026-04-09T00:38:16.766+0000] {logging_mixin.py:190} INFO - [2026-04-09T00:38:16.766+0000] {dag.py:4138} INFO - Setting next_dagrun for example_subdag_operator.section-1 to None, run_after=None
[2026-04-09T00:38:16.766+0000] {logging_mixin.py:190} INFO - [2026-04-09T00:38:16.766+0000] {dag.py:4138} INFO - Setting next_dagrun for example_subdag_operator.section-2 to None, run_after=None
[2026-04-09T00:38:16.769+0000] {processor.py:208} INFO - Processing /home/airflow/.local/lib/python3.12/site-packages/airflow/example_dags/example_subdag_operator.py took 0.043 seconds
[2026-04-09T00:38:47.419+0000] {processor.py:186} INFO - Started process (PID=951) to work on /home/airflow/.local/lib/python3.12/site-packages/airflow/example_dags/example_subdag_operator.py
[2026-04-09T00:38:47.420+0000] {processor.py:914} INFO - Processing file /home/airflow/.local/lib/python3.12/site-packages/airflow/example_dags/example_subdag_operator.py for tasks to queue
[2026-04-09T00:38:47.421+0000] {logging_mixin.py:190} INFO - [2026-04-09T00:38:47.421+0000] {dagbag.py:587} INFO - Filling up the DagBag from /home/airflow/.local/lib/python3.12/site-packages/airflow/example_dags/example_subdag_operator.py
[2026-04-09T00:38:47.437+0000] {processor.py:925} INFO - DAG(s) 'example_subdag_operator.section-1', 'example_subdag_operator.section-2', 'example_subdag_operator' retrieved from /home/airflow/.local/lib/python3.12/site-packages/airflow/example_dags/example_subdag_operator.py
[2026-04-09T00:38:47.442+0000] {logging_mixin.py:190} INFO - [2026-04-09T00:38:47.442+0000] {dag.py:3211} INFO - Sync 3 DAGs
[2026-04-09T00:38:47.450+0000] {logging_mixin.py:190} INFO - [2026-04-09T00:38:47.450+0000] {dag.py:4138} INFO - Setting next_dagrun for example_subdag_operator to 2022-01-01 00:00:00+00:00, run_after=2022-01-01 00:00:00+00:00
[2026-04-09T00:38:47.452+0000] {logging_mixin.py:190} INFO - [2026-04-09T00:38:47.452+0000] {dag.py:4138} INFO - Setting next_dagrun for example_subdag_operator.section-1 to None, run_after=None
[2026-04-09T00:38:47.454+0000] {logging_mixin.py:190} INFO - [2026-04-09T00:38:47.454+0000] {dag.py:4138} INFO - Setting next_dagrun for example_subdag_operator.section-2 to None, run_after=None
[2026-04-09T00:38:47.456+0000] {logging_mixin.py:190} INFO - [2026-04-09T00:38:47.456+0000] {dag.py:3211} INFO - Sync 2 DAGs
[2026-04-09T00:38:47.458+0000] {logging_mixin.py:190} INFO - [2026-04-09T00:38:47.458+0000] {dag.py:4138} INFO - Setting next_dagrun for example_subdag_operator.section-1 to None, run_after=None
[2026-04-09T00:38:47.458+0000] {logging_mixin.py:190} INFO - [2026-04-09T00:38:47.458+0000] {dag.py:4138} INFO - Setting next_dagrun for example_subdag_operator.section-2 to None, run_after=None
[2026-04-09T00:38:47.461+0000] {processor.py:208} INFO - Processing /home/airflow/.local/lib/python3.12/site-packages/airflow/example_dags/example_subdag_operator.py took 0.044 seconds
[2026-04-09T00:39:18.225+0000] {processor.py:186} INFO - Started process (PID=1015) to work on /home/airflow/.local/lib/python3.12/site-packages/airflow/example_dags/example_subdag_operator.py
[2026-04-09T00:39:18.226+0000] {processor.py:914} INFO - Processing file /home/airflow/.local/lib/python3.12/site-packages/airflow/example_dags/example_subdag_operator.py for tasks to queue
[2026-04-09T00:39:18.227+0000] {logging_mixin.py:190} INFO - [2026-04-09T00:39:18.227+0000] {dagbag.py:587} INFO - Filling up the DagBag from /home/airflow/.local/lib/python3.12/site-packages/airflow/example_dags/example_subdag_operator.py
[2026-04-09T00:39:18.242+0000] {processor.py:925} INFO - DAG(s) 'example_subdag_operator.section-1', 'example_subdag_operator.section-2', 'example_subdag_operator' retrieved from /home/airflow/.local/lib/python3.12/site-packages/airflow/example_dags/example_subdag_operator.py
[2026-04-09T00:39:18.248+0000] {logging_mixin.py:190} INFO - [2026-04-09T00:39:18.248+0000] {dag.py:3211} INFO - Sync 3 DAGs
[2026-04-09T00:39:18.256+0000] {logging_mixin.py:190} INFO - [2026-04-09T00:39:18.256+0000] {dag.py:4138} INFO - Setting next_dagrun for example_subdag_operator to 2022-01-01 00:00:00+00:00, run_after=2022-01-01 00:00:00+00:00
[2026-04-09T00:39:18.258+0000] {logging_mixin.py:190} INFO - [2026-04-09T00:39:18.258+0000] {dag.py:4138} INFO - Setting next_dagrun for example_subdag_operator.section-1 to None, run_after=None
[2026-04-09T00:39:18.259+0000] {logging_mixin.py:190} INFO - [2026-04-09T00:39:18.259+0000] {dag.py:4138} INFO - Setting next_dagrun for example_subdag_operator.section-2 to None, run_after=None
[2026-04-09T00:39:18.263+0000] {logging_mixin.py:190} INFO - [2026-04-09T00:39:18.263+0000] {dag.py:3211} INFO - Sync 2 DAGs
[2026-04-09T00:39:18.265+0000] {logging_mixin.py:190} INFO - [2026-04-09T00:39:18.265+0000] {dag.py:4138} INFO - Setting next_dagrun for example_subdag_operator.section-1 to None, run_after=None
[2026-04-09T00:39:18.265+0000] {logging_mixin.py:190} INFO - [2026-04-09T00:39:18.265+0000] {dag.py:4138} INFO - Setting next_dagrun for example_subdag_operator.section-2 to None, run_after=None
[2026-04-09T00:39:18.268+0000] {processor.py:208} INFO - Processing /home/airflow/.local/lib/python3.12/site-packages/airflow/example_dags/example_subdag_operator.py took 0.046 seconds
[2026-04-09T00:39:48.987+0000] {processor.py:186} INFO - Started process (PID=1079) to work on /home/airflow/.local/lib/python3.12/site-packages/airflow/example_dags/example_subdag_operator.py
[2026-04-09T00:39:48.987+0000] {processor.py:914} INFO - Processing file /home/airflow/.local/lib/python3.12/site-packages/airflow/example_dags/example_subdag_operator.py for tasks to queue
[2026-04-09T00:39:48.988+0000] {logging_mixin.py:190} INFO - [2026-04-09T00:39:48.988+0000] {dagbag.py:587} INFO - Filling up the DagBag from /home/airflow/.local/lib/python3.12/site-packages/airflow/example_dags/example_subdag_operator.py
[2026-04-09T00:39:49.001+0000] {processor.py:925} INFO - DAG(s) 'example_subdag_operator.section-1', 'example_subdag_operator.section-2', 'example_subdag_operator' retrieved from /home/airflow/.local/lib/python3.12/site-packages/airflow/example_dags/example_subdag_operator.py
[2026-04-09T00:39:49.009+0000] {logging_mixin.py:190} INFO - [2026-04-09T00:39:49.009+0000] {dag.py:3211} INFO - Sync 3 DAGs
[2026-04-09T00:39:49.019+0000] {logging_mixin.py:190} INFO - [2026-04-09T00:39:49.019+0000] {dag.py:4138} INFO - Setting next_dagrun for example_subdag_operator to 2022-01-01 00:00:00+00:00, run_after=2022-01-01 00:00:00+00:00
[2026-04-09T00:39:49.020+0000] {logging_mixin.py:190} INFO - [2026-04-09T00:39:49.020+0000] {dag.py:4138} INFO - Setting next_dagrun for example_subdag_operator.section-1 to None, run_after=None
[2026-04-09T00:39:49.020+0000] {logging_mixin.py:190} INFO - [2026-04-09T00:39:49.020+0000] {dag.py:4138} INFO - Setting next_dagrun for example_subdag_operator.section-2 to None, run_after=None
[2026-04-09T00:39:49.025+0000] {logging_mixin.py:190} INFO - [2026-04-09T00:39:49.025+0000] {dag.py:3211} INFO - Sync 2 DAGs
[2026-04-09T00:39:49.027+0000] {logging_mixin.py:190} INFO - [2026-04-09T00:39:49.027+0000] {dag.py:4138} INFO - Setting next_dagrun for example_subdag_operator.section-1 to None, run_after=None
[2026-04-09T00:39:49.027+0000] {logging_mixin.py:190} INFO - [2026-04-09T00:39:49.027+0000] {dag.py:4138} INFO - Setting next_dagrun for example_subdag_operator.section-2 to None, run_after=None
[2026-04-09T00:39:49.030+0000] {processor.py:208} INFO - Processing /home/airflow/.local/lib/python3.12/site-packages/airflow/example_dags/example_subdag_operator.py took 0.045 seconds
[2026-04-09T00:40:19.779+0000] {processor.py:186} INFO - Started process (PID=1143) to work on /home/airflow/.local/lib/python3.12/site-packages/airflow/example_dags/example_subdag_operator.py
[2026-04-09T00:40:19.780+0000] {processor.py:914} INFO - Processing file /home/airflow/.local/lib/python3.12/site-packages/airflow/example_dags/example_subdag_operator.py for tasks to queue
[2026-04-09T00:40:19.781+0000] {logging_mixin.py:190} INFO - [2026-04-09T00:40:19.781+0000] {dagbag.py:587} INFO - Filling up the DagBag from /home/airflow/.local/lib/python3.12/site-packages/airflow/example_dags/example_subdag_operator.py
[2026-04-09T00:40:19.795+0000] {processor.py:925} INFO - DAG(s) 'example_subdag_operator.section-1', 'example_subdag_operator.section-2', 'example_subdag_operator' retrieved from /home/airflow/.local/lib/python3.12/site-packages/airflow/example_dags/example_subdag_operator.py
[2026-04-09T00:40:19.802+0000] {logging_mixin.py:190} INFO - [2026-04-09T00:40:19.802+0000] {dag.py:3211} INFO - Sync 3 DAGs
[2026-04-09T00:40:19.809+0000] {logging_mixin.py:190} INFO - [2026-04-09T00:40:19.809+0000] {dag.py:4138} INFO - Setting next_dagrun for example_subdag_operator to 2022-01-01 00:00:00+00:00, run_after=2022-01-01 00:00:00+00:00
[2026-04-09T00:40:19.810+0000] {logging_mixin.py:190} INFO - [2026-04-09T00:40:19.810+0000] {dag.py:4138} INFO - Setting next_dagrun for example_subdag_operator.section-1 to None, run_after=None
[2026-04-09T00:40:19.811+0000] {logging_mixin.py:190} INFO - [2026-04-09T00:40:19.811+0000] {dag.py:4138} INFO - Setting next_dagrun for example_subdag_operator.section-2 to None, run_after=None
[2026-04-09T00:40:19.813+0000] {logging_mixin.py:190} INFO - [2026-04-09T00:40:19.813+0000] {dag.py:3211} INFO - Sync 2 DAGs
[2026-04-09T00:40:19.815+0000] {logging_mixin.py:190} INFO - [2026-04-09T00:40:19.815+0000] {dag.py:4138} INFO - Setting next_dagrun for example_subdag_operator.section-1 to None, run_after=None
[2026-04-09T00:40:19.815+0000] {logging_mixin.py:190} INFO - [2026-04-09T00:40:19.815+0000] {dag.py:4138} INFO - Setting next_dagrun for example_subdag_operator.section-2 to None, run_after=None
[2026-04-09T00:40:19.818+0000] {processor.py:208} INFO - Processing /home/airflow/.local/lib/python3.12/site-packages/airflow/example_dags/example_subdag_operator.py took 0.041 seconds
[2026-04-09T00:40:50.551+0000] {processor.py:186} INFO - Started process (PID=1207) to work on /home/airflow/.local/lib/python3.12/site-packages/airflow/example_dags/example_subdag_operator.py
[2026-04-09T00:40:50.551+0000] {processor.py:914} INFO - Processing file /home/airflow/.local/lib/python3.12/site-packages/airflow/example_dags/example_subdag_operator.py for tasks to queue
[2026-04-09T00:40:50.552+0000] {logging_mixin.py:190} INFO - [2026-04-09T00:40:50.552+0000] {dagbag.py:587} INFO - Filling up the DagBag from /home/airflow/.local/lib/python3.12/site-packages/airflow/example_dags/example_subdag_operator.py
[2026-04-09T00:40:50.567+0000] {processor.py:925} INFO - DAG(s) 'example_subdag_operator.section-1', 'example_subdag_operator.section-2', 'example_subdag_operator' retrieved from /home/airflow/.local/lib/python3.12/site-packages/airflow/example_dags/example_subdag_operator.py
[2026-04-09T00:40:50.577+0000] {logging_mixin.py:190} INFO - [2026-04-09T00:40:50.576+0000] {dag.py:3211} INFO - Sync 3 DAGs
[2026-04-09T00:40:50.585+0000] {logging_mixin.py:190} INFO - [2026-04-09T00:40:50.585+0000] {dag.py:4138} INFO - Setting next_dagrun for example_subdag_operator to 2022-01-01 00:00:00+00:00, run_after=2022-01-01 00:00:00+00:00
[2026-04-09T00:40:50.586+0000] {logging_mixin.py:190} INFO - [2026-04-09T00:40:50.586+0000] {dag.py:4138} INFO - Setting next_dagrun for example_subdag_operator.section-1 to None, run_after=None
[2026-04-09T00:40:50.587+0000] {logging_mixin.py:190} INFO - [2026-04-09T00:40:50.587+0000] {dag.py:4138} INFO - Setting next_dagrun for example_subdag_operator.section-2 to None, run_after=None
[2026-04-09T00:40:50.589+0000] {logging_mixin.py:190} INFO - [2026-04-09T00:40:50.589+0000] {dag.py:3211} INFO - Sync 2 DAGs
[2026-04-09T00:40:50.592+0000] {logging_mixin.py:190} INFO - [2026-04-09T00:40:50.592+0000] {dag.py:4138} INFO - Setting next_dagrun for example_subdag_operator.section-1 to None, run_after=None
[2026-04-09T00:40:50.592+0000] {logging_mixin.py:190} INFO - [2026-04-09T00:40:50.592+0000] {dag.py:4138} INFO - Setting next_dagrun for example_subdag_operator.section-2 to None, run_after=None
[2026-04-09T00:40:50.598+0000] {processor.py:208} INFO - Processing /home/airflow/.local/lib/python3.12/site-packages/airflow/example_dags/example_subdag_operator.py took 0.050 seconds
[2026-04-09T00:41:21.295+0000] {processor.py:186} INFO - Started process (PID=1271) to work on /home/airflow/.local/lib/python3.12/site-packages/airflow/example_dags/example_subdag_operator.py
[2026-04-09T00:41:21.295+0000] {processor.py:914} INFO - Processing file /home/airflow/.local/lib/python3.12/site-packages/airflow/example_dags/example_subdag_operator.py for tasks to queue
[2026-04-09T00:41:21.296+0000] {logging_mixin.py:190} INFO - [2026-04-09T00:41:21.296+0000] {dagbag.py:587} INFO - Filling up the DagBag from /home/airflow/.local/lib/python3.12/site-packages/airflow/example_dags/example_subdag_operator.py
[2026-04-09T00:41:21.309+0000] {processor.py:925} INFO - DAG(s) 'example_subdag_operator.section-1', 'example_subdag_operator.section-2', 'example_subdag_operator' retrieved from /home/airflow/.local/lib/python3.12/site-packages/airflow/example_dags/example_subdag_operator.py
[2026-04-09T00:41:21.315+0000] {logging_mixin.py:190} INFO - [2026-04-09T00:41:21.314+0000] {dag.py:3211} INFO - Sync 3 DAGs
[2026-04-09T00:41:21.323+0000] {logging_mixin.py:190} INFO - [2026-04-09T00:41:21.323+0000] {dag.py:4138} INFO - Setting next_dagrun for example_subdag_operator to 2022-01-01 00:00:00+00:00, run_after=2022-01-01 00:00:00+00:00
[2026-04-09T00:41:21.325+0000] {logging_mixin.py:190} INFO - [2026-04-09T00:41:21.325+0000] {dag.py:4138} INFO - Setting next_dagrun for example_subdag_operator.section-1 to None, run_after=None
[2026-04-09T00:41:21.326+0000] {logging_mixin.py:190} INFO - [2026-04-09T00:41:21.325+0000] {dag.py:4138} INFO - Setting next_dagrun for example_subdag_operator.section-2 to None, run_after=None
[2026-04-09T00:41:21.329+0000] {logging_mixin.py:190} INFO - [2026-04-09T00:41:21.329+0000] {dag.py:3211} INFO - Sync 2 DAGs
[2026-04-09T00:41:21.332+0000] {logging_mixin.py:190} INFO - [2026-04-09T00:41:21.332+0000] {dag.py:4138} INFO - Setting next_dagrun for example_subdag_operator.section-1 to None, run_after=None
[2026-04-09T00:41:21.332+0000] {logging_mixin.py:190} INFO - [2026-04-09T00:41:21.332+0000] {dag.py:4138} INFO - Setting next_dagrun for example_subdag_operator.section-2 to None, run_after=None
[2026-04-09T00:41:21.337+0000] {processor.py:208} INFO - Processing /home/airflow/.local/lib/python3.12/site-packages/airflow/example_dags/example_subdag_operator.py took 0.045 seconds
[2026-04-09T00:41:52.167+0000] {processor.py:186} INFO - Started process (PID=1335) to work on /home/airflow/.local/lib/python3.12/site-packages/airflow/example_dags/example_subdag_operator.py
[2026-04-09T00:41:52.168+0000] {processor.py:914} INFO - Processing file /home/airflow/.local/lib/python3.12/site-packages/airflow/example_dags/example_subdag_operator.py for tasks to queue
[2026-04-09T00:41:52.170+0000] {logging_mixin.py:190} INFO - [2026-04-09T00:41:52.169+0000] {dagbag.py:587} INFO - Filling up the DagBag from /home/airflow/.local/lib/python3.12/site-packages/airflow/example_dags/example_subdag_operator.py
[2026-04-09T00:41:52.186+0000] {processor.py:925} INFO - DAG(s) 'example_subdag_operator.section-1', 'example_subdag_operator.section-2', 'example_subdag_operator' retrieved from /home/airflow/.local/lib/python3.12/site-packages/airflow/example_dags/example_subdag_operator.py
[2026-04-09T00:41:52.193+0000] {logging_mixin.py:190} INFO - [2026-04-09T00:41:52.193+0000] {dag.py:3211} INFO - Sync 3 DAGs
[2026-04-09T00:41:52.203+0000] {logging_mixin.py:190} INFO - [2026-04-09T00:41:52.203+0000] {dag.py:4138} INFO - Setting next_dagrun for example_subdag_operator to 2022-01-01 00:00:00+00:00, run_after=2022-01-01 00:00:00+00:00
[2026-04-09T00:41:52.204+0000] {logging_mixin.py:190} INFO - [2026-04-09T00:41:52.204+0000] {dag.py:4138} INFO - Setting next_dagrun for example_subdag_operator.section-1 to None, run_after=None
[2026-04-09T00:41:52.205+0000] {logging_mixin.py:190} INFO - [2026-04-09T00:41:52.205+0000] {dag.py:4138} INFO - Setting next_dagrun for example_subdag_operator.section-2 to None, run_after=None
[2026-04-09T00:41:52.207+0000] {logging_mixin.py:190} INFO - [2026-04-09T00:41:52.207+0000] {dag.py:3211} INFO - Sync 2 DAGs
[2026-04-09T00:41:52.213+0000] {logging_mixin.py:190} INFO - [2026-04-09T00:41:52.212+0000] {dag.py:4138} INFO - Setting next_dagrun for example_subdag_operator.section-1 to None, run_after=None
[2026-04-09T00:41:52.213+0000] {logging_mixin.py:190} INFO - [2026-04-09T00:41:52.213+0000] {dag.py:4138} INFO - Setting next_dagrun for example_subdag_operator.section-2 to None, run_after=None
[2026-04-09T00:41:52.218+0000] {processor.py:208} INFO - Processing /home/airflow/.local/lib/python3.12/site-packages/airflow/example_dags/example_subdag_operator.py took 0.053 seconds
[2026-04-09T00:42:23.189+0000] {processor.py:186} INFO - Started process (PID=1399) to work on /home/airflow/.local/lib/python3.12/site-packages/airflow/example_dags/example_subdag_operator.py
[2026-04-09T00:42:23.190+0000] {processor.py:914} INFO - Processing file /home/airflow/.local/lib/python3.12/site-packages/airflow/example_dags/example_subdag_operator.py for tasks to queue
[2026-04-09T00:42:23.192+0000] {logging_mixin.py:190} INFO - [2026-04-09T00:42:23.192+0000] {dagbag.py:587} INFO - Filling up the DagBag from /home/airflow/.local/lib/python3.12/site-packages/airflow/example_dags/example_subdag_operator.py
[2026-04-09T00:42:23.208+0000] {processor.py:925} INFO - DAG(s) 'example_subdag_operator.section-1', 'example_subdag_operator.section-2', 'example_subdag_operator' retrieved from /home/airflow/.local/lib/python3.12/site-packages/airflow/example_dags/example_subdag_operator.py
[2026-04-09T00:42:23.215+0000] {logging_mixin.py:190} INFO - [2026-04-09T00:42:23.215+0000] {dag.py:3211} INFO - Sync 3 DAGs
[2026-04-09T00:42:23.230+0000] {logging_mixin.py:190} INFO - [2026-04-09T00:42:23.229+0000] {dag.py:4138} INFO - Setting next_dagrun for example_subdag_operator to 2022-01-01 00:00:00+00:00, run_after=2022-01-01 00:00:00+00:00
[2026-04-09T00:42:23.233+0000] {logging_mixin.py:190} INFO - [2026-04-09T00:42:23.233+0000] {dag.py:4138} INFO - Setting next_dagrun for example_subdag_operator.section-1 to None, run_after=None
[2026-04-09T00:42:23.234+0000] {logging_mixin.py:190} INFO - [2026-04-09T00:42:23.234+0000] {dag.py:4138} INFO - Setting next_dagrun for example_subdag_operator.section-2 to None, run_after=None
[2026-04-09T00:42:23.239+0000] {logging_mixin.py:190} INFO - [2026-04-09T00:42:23.239+0000] {dag.py:3211} INFO - Sync 2 DAGs
[2026-04-09T00:42:23.242+0000] {logging_mixin.py:190} INFO - [2026-04-09T00:42:23.242+0000] {dag.py:4138} INFO - Setting next_dagrun for example_subdag_operator.section-1 to None, run_after=None
[2026-04-09T00:42:23.242+0000] {logging_mixin.py:190} INFO - [2026-04-09T00:42:23.242+0000] {dag.py:4138} INFO - Setting next_dagrun for example_subdag_operator.section-2 to None, run_after=None
[2026-04-09T00:42:23.253+0000] {processor.py:208} INFO - Processing /home/airflow/.local/lib/python3.12/site-packages/airflow/example_dags/example_subdag_operator.py took 0.066 seconds
[2026-04-09T00:42:54.154+0000] {processor.py:186} INFO - Started process (PID=1463) to work on /home/airflow/.local/lib/python3.12/site-packages/airflow/example_dags/example_subdag_operator.py
[2026-04-09T00:42:54.155+0000] {processor.py:914} INFO - Processing file /home/airflow/.local/lib/python3.12/site-packages/airflow/example_dags/example_subdag_operator.py for tasks to queue
[2026-04-09T00:42:54.155+0000] {logging_mixin.py:190} INFO - [2026-04-09T00:42:54.155+0000] {dagbag.py:587} INFO - Filling up the DagBag from /home/airflow/.local/lib/python3.12/site-packages/airflow/example_dags/example_subdag_operator.py
[2026-04-09T00:42:54.164+0000] {processor.py:925} INFO - DAG(s) 'example_subdag_operator.section-1', 'example_subdag_operator.section-2', 'example_subdag_operator' retrieved from /home/airflow/.local/lib/python3.12/site-packages/airflow/example_dags/example_subdag_operator.py
[2026-04-09T00:42:54.168+0000] {logging_mixin.py:190} INFO - [2026-04-09T00:42:54.168+0000] {dag.py:3211} INFO - Sync 3 DAGs
[2026-04-09T00:42:54.175+0000] {logging_mixin.py:190} INFO - [2026-04-09T00:42:54.174+0000] {dag.py:4138} INFO - Setting next_dagrun for example_subdag_operator to 2022-01-01 00:00:00+00:00, run_after=2022-01-01 00:00:00+00:00
[2026-04-09T00:42:54.176+0000] {logging_mixin.py:190} INFO - [2026-04-09T00:42:54.176+0000] {dag.py:4138} INFO - Setting next_dagrun for example_subdag_operator.section-1 to None, run_after=None
[2026-04-09T00:42:54.176+0000] {logging_mixin.py:190} INFO - [2026-04-09T00:42:54.176+0000] {dag.py:4138} INFO - Setting next_dagrun for example_subdag_operator.section-2 to None, run_after=None
[2026-04-09T00:42:54.178+0000] {logging_mixin.py:190} INFO - [2026-04-09T00:42:54.178+0000] {dag.py:3211} INFO - Sync 2 DAGs
[2026-04-09T00:42:54.179+0000] {logging_mixin.py:190} INFO - [2026-04-09T00:42:54.179+0000] {dag.py:4138} INFO - Setting next_dagrun for example_subdag_operator.section-1 to None, run_after=None
[2026-04-09T00:42:54.179+0000] {logging_mixin.py:190} INFO - [2026-04-09T00:42:54.179+0000] {dag.py:4138} INFO - Setting next_dagrun for example_subdag_operator.section-2 to None, run_after=None
[2026-04-09T00:42:54.182+0000] {processor.py:208} INFO - Processing /home/airflow/.local/lib/python3.12/site-packages/airflow/example_dags/example_subdag_operator.py took 0.030 seconds
[2026-04-09T00:43:24.905+0000] {processor.py:186} INFO - Started process (PID=1527) to work on /home/airflow/.local/lib/python3.12/site-packages/airflow/example_dags/example_subdag_operator.py
[2026-04-09T00:43:24.905+0000] {processor.py:914} INFO - Processing file /home/airflow/.local/lib/python3.12/site-packages/airflow/example_dags/example_subdag_operator.py for tasks to queue
[2026-04-09T00:43:24.907+0000] {logging_mixin.py:190} INFO - [2026-04-09T00:43:24.907+0000] {dagbag.py:587} INFO - Filling up the DagBag from /home/airflow/.local/lib/python3.12/site-packages/airflow/example_dags/example_subdag_operator.py
[2026-04-09T00:43:24.920+0000] {processor.py:925} INFO - DAG(s) 'example_subdag_operator.section-1', 'example_subdag_operator.section-2', 'example_subdag_operator' retrieved from /home/airflow/.local/lib/python3.12/site-packages/airflow/example_dags/example_subdag_operator.py
[2026-04-09T00:43:24.925+0000] {logging_mixin.py:190} INFO - [2026-04-09T00:43:24.925+0000] {dag.py:3211} INFO - Sync 3 DAGs
[2026-04-09T00:43:24.934+0000] {logging_mixin.py:190} INFO - [2026-04-09T00:43:24.934+0000] {dag.py:4138} INFO - Setting next_dagrun for example_subdag_operator to 2022-01-01 00:00:00+00:00, run_after=2022-01-01 00:00:00+00:00
[2026-04-09T00:43:24.935+0000] {logging_mixin.py:190} INFO - [2026-04-09T00:43:24.935+0000] {dag.py:4138} INFO - Setting next_dagrun for example_subdag_operator.section-1 to None, run_after=None
[2026-04-09T00:43:24.936+0000] {logging_mixin.py:190} INFO - [2026-04-09T00:43:24.936+0000] {dag.py:4138} INFO - Setting next_dagrun for example_subdag_operator.section-2 to None, run_after=None
[2026-04-09T00:43:24.939+0000] {logging_mixin.py:190} INFO - [2026-04-09T00:43:24.939+0000] {dag.py:3211} INFO - Sync 2 DAGs
[2026-04-09T00:43:24.941+0000] {logging_mixin.py:190} INFO - [2026-04-09T00:43:24.940+0000] {dag.py:4138} INFO - Setting next_dagrun for example_subdag_operator.section-1 to None, run_after=None
[2026-04-09T00:43:24.941+0000] {logging_mixin.py:190} INFO - [2026-04-09T00:43:24.941+0000] {dag.py:4138} INFO - Setting next_dagrun for example_subdag_operator.section-2 to None, run_after=None
[2026-04-09T00:43:24.944+0000] {processor.py:208} INFO - Processing /home/airflow/.local/lib/python3.12/site-packages/airflow/example_dags/example_subdag_operator.py took 0.041 seconds
[2026-04-09T00:43:55.709+0000] {processor.py:186} INFO - Started process (PID=1591) to work on /home/airflow/.local/lib/python3.12/site-packages/airflow/example_dags/example_subdag_operator.py
[2026-04-09T00:43:55.711+0000] {processor.py:914} INFO - Processing file /home/airflow/.local/lib/python3.12/site-packages/airflow/example_dags/example_subdag_operator.py for tasks to queue
[2026-04-09T00:43:55.712+0000] {logging_mixin.py:190} INFO - [2026-04-09T00:43:55.712+0000] {dagbag.py:587} INFO - Filling up the DagBag from /home/airflow/.local/lib/python3.12/site-packages/airflow/example_dags/example_subdag_operator.py
[2026-04-09T00:43:55.723+0000] {processor.py:925} INFO - DAG(s) 'example_subdag_operator.section-1', 'example_subdag_operator.section-2', 'example_subdag_operator' retrieved from /home/airflow/.local/lib/python3.12/site-packages/airflow/example_dags/example_subdag_operator.py
[2026-04-09T00:43:55.732+0000] {logging_mixin.py:190} INFO - [2026-04-09T00:43:55.732+0000] {dag.py:3211} INFO - Sync 3 DAGs
[2026-04-09T00:43:55.741+0000] {logging_mixin.py:190} INFO - [2026-04-09T00:43:55.741+0000] {dag.py:4138} INFO - Setting next_dagrun for example_subdag_operator to 2022-01-01 00:00:00+00:00, run_after=2022-01-01 00:00:00+00:00
[2026-04-09T00:43:55.745+0000] {logging_mixin.py:190} INFO - [2026-04-09T00:43:55.744+0000] {dag.py:4138} INFO - Setting next_dagrun for example_subdag_operator.section-1 to None, run_after=None
[2026-04-09T00:43:55.745+0000] {logging_mixin.py:190} INFO - [2026-04-09T00:43:55.745+0000] {dag.py:4138} INFO - Setting next_dagrun for example_subdag_operator.section-2 to None, run_after=None
[2026-04-09T00:43:55.747+0000] {logging_mixin.py:190} INFO - [2026-04-09T00:43:55.747+0000] {dag.py:3211} INFO - Sync 2 DAGs
[2026-04-09T00:43:55.749+0000] {logging_mixin.py:190} INFO - [2026-04-09T00:43:55.749+0000] {dag.py:4138} INFO - Setting next_dagrun for example_subdag_operator.section-1 to None, run_after=None
[2026-04-09T00:43:55.749+0000] {logging_mixin.py:190} INFO - [2026-04-09T00:43:55.749+0000] {dag.py:4138} INFO - Setting next_dagrun for example_subdag_operator.section-2 to None, run_after=None
[2026-04-09T00:43:55.753+0000] {processor.py:208} INFO - Processing /home/airflow/.local/lib/python3.12/site-packages/airflow/example_dags/example_subdag_operator.py took 0.046 seconds
[2026-04-09T00:44:26.480+0000] {processor.py:186} INFO - Started process (PID=1655) to work on /home/airflow/.local/lib/python3.12/site-packages/airflow/example_dags/example_subdag_operator.py
[2026-04-09T00:44:26.480+0000] {processor.py:914} INFO - Processing file /home/airflow/.local/lib/python3.12/site-packages/airflow/example_dags/example_subdag_operator.py for tasks to queue
[2026-04-09T00:44:26.481+0000] {logging_mixin.py:190} INFO - [2026-04-09T00:44:26.481+0000] {dagbag.py:587} INFO - Filling up the DagBag from /home/airflow/.local/lib/python3.12/site-packages/airflow/example_dags/example_subdag_operator.py
[2026-04-09T00:44:26.491+0000] {processor.py:925} INFO - DAG(s) 'example_subdag_operator.section-1', 'example_subdag_operator.section-2', 'example_subdag_operator' retrieved from /home/airflow/.local/lib/python3.12/site-packages/airflow/example_dags/example_subdag_operator.py
[2026-04-09T00:44:26.498+0000] {logging_mixin.py:190} INFO - [2026-04-09T00:44:26.498+0000] {dag.py:3211} INFO - Sync 3 DAGs
[2026-04-09T00:44:26.505+0000] {logging_mixin.py:190} INFO - [2026-04-09T00:44:26.505+0000] {dag.py:4138} INFO - Setting next_dagrun for example_subdag_operator to 2022-01-01 00:00:00+00:00, run_after=2022-01-01 00:00:00+00:00
[2026-04-09T00:44:26.507+0000] {logging_mixin.py:190} INFO - [2026-04-09T00:44:26.507+0000] {dag.py:4138} INFO - Setting next_dagrun for example_subdag_operator.section-1 to None, run_after=None
[2026-04-09T00:44:26.507+0000] {logging_mixin.py:190} INFO - [2026-04-09T00:44:26.507+0000] {dag.py:4138} INFO - Setting next_dagrun for example_subdag_operator.section-2 to None, run_after=None
[2026-04-09T00:44:26.510+0000] {logging_mixin.py:190} INFO - [2026-04-09T00:44:26.510+0000] {dag.py:3211} INFO - Sync 2 DAGs
[2026-04-09T00:44:26.511+0000] {logging_mixin.py:190} INFO - [2026-04-09T00:44:26.511+0000] {dag.py:4138} INFO - Setting next_dagrun for example_subdag_operator.section-1 to None, run_after=None
[2026-04-09T00:44:26.511+0000] {logging_mixin.py:190} INFO - [2026-04-09T00:44:26.511+0000] {dag.py:4138} INFO - Setting next_dagrun for example_subdag_operator.section-2 to None, run_after=None
[2026-04-09T00:44:26.517+0000] {processor.py:208} INFO - Processing /home/airflow/.local/lib/python3.12/site-packages/airflow/example_dags/example_subdag_operator.py took 0.040 seconds
[2026-04-09T00:44:57.288+0000] {processor.py:186} INFO - Started process (PID=1719) to work on /home/airflow/.local/lib/python3.12/site-packages/airflow/example_dags/example_subdag_operator.py
[2026-04-09T00:44:57.289+0000] {processor.py:914} INFO - Processing file /home/airflow/.local/lib/python3.12/site-packages/airflow/example_dags/example_subdag_operator.py for tasks to queue
[2026-04-09T00:44:57.289+0000] {logging_mixin.py:190} INFO - [2026-04-09T00:44:57.289+0000] {dagbag.py:587} INFO - Filling up the DagBag from /home/airflow/.local/lib/python3.12/site-packages/airflow/example_dags/example_subdag_operator.py
[2026-04-09T00:44:57.304+0000] {processor.py:925} INFO - DAG(s) 'example_subdag_operator.section-1', 'example_subdag_operator.section-2', 'example_subdag_operator' retrieved from /home/airflow/.local/lib/python3.12/site-packages/airflow/example_dags/example_subdag_operator.py
[2026-04-09T00:44:57.311+0000] {logging_mixin.py:190} INFO - [2026-04-09T00:44:57.311+0000] {dag.py:3211} INFO - Sync 3 DAGs
[2026-04-09T00:44:57.321+0000] {logging_mixin.py:190} INFO - [2026-04-09T00:44:57.321+0000] {dag.py:4138} INFO - Setting next_dagrun for example_subdag_operator to 2022-01-01 00:00:00+00:00, run_after=2022-01-01 00:00:00+00:00
[2026-04-09T00:44:57.322+0000] {logging_mixin.py:190} INFO - [2026-04-09T00:44:57.322+0000] {dag.py:4138} INFO - Setting next_dagrun for example_subdag_operator.section-1 to None, run_after=None
[2026-04-09T00:44:57.323+0000] {logging_mixin.py:190} INFO - [2026-04-09T00:44:57.323+0000] {dag.py:4138} INFO - Setting next_dagrun for example_subdag_operator.section-2 to None, run_after=None
[2026-04-09T00:44:57.325+0000] {logging_mixin.py:190} INFO - [2026-04-09T00:44:57.325+0000] {dag.py:3211} INFO - Sync 2 DAGs
[2026-04-09T00:44:57.326+0000] {logging_mixin.py:190} INFO - [2026-04-09T00:44:57.326+0000] {dag.py:4138} INFO - Setting next_dagrun for example_subdag_operator.section-1 to None, run_after=None
[2026-04-09T00:44:57.327+0000] {logging_mixin.py:190} INFO - [2026-04-09T00:44:57.327+0000] {dag.py:4138} INFO - Setting next_dagrun for example_subdag_operator.section-2 to None, run_after=None
[2026-04-09T00:44:57.330+0000] {processor.py:208} INFO - Processing /home/airflow/.local/lib/python3.12/site-packages/airflow/example_dags/example_subdag_operator.py took 0.044 seconds
[2026-04-09T00:45:28.251+0000] {processor.py:186} INFO - Started process (PID=1782) to work on /home/airflow/.local/lib/python3.12/site-packages/airflow/example_dags/example_subdag_operator.py
[2026-04-09T00:45:28.252+0000] {processor.py:914} INFO - Processing file /home/airflow/.local/lib/python3.12/site-packages/airflow/example_dags/example_subdag_operator.py for tasks to queue
[2026-04-09T00:45:28.253+0000] {logging_mixin.py:190} INFO - [2026-04-09T00:45:28.252+0000] {dagbag.py:587} INFO - Filling up the DagBag from /home/airflow/.local/lib/python3.12/site-packages/airflow/example_dags/example_subdag_operator.py
[2026-04-09T00:45:28.264+0000] {processor.py:925} INFO - DAG(s) 'example_subdag_operator.section-1', 'example_subdag_operator.section-2', 'example_subdag_operator' retrieved from /home/airflow/.local/lib/python3.12/site-packages/airflow/example_dags/example_subdag_operator.py
[2026-04-09T00:45:28.270+0000] {logging_mixin.py:190} INFO - [2026-04-09T00:45:28.270+0000] {dag.py:3211} INFO - Sync 3 DAGs
[2026-04-09T00:45:28.280+0000] {logging_mixin.py:190} INFO - [2026-04-09T00:45:28.280+0000] {dag.py:4138} INFO - Setting next_dagrun for example_subdag_operator to 2022-01-01 00:00:00+00:00, run_after=2022-01-01 00:00:00+00:00
[2026-04-09T00:45:28.282+0000] {logging_mixin.py:190} INFO - [2026-04-09T00:45:28.282+0000] {dag.py:4138} INFO - Setting next_dagrun for example_subdag_operator.section-1 to None, run_after=None
[2026-04-09T00:45:28.283+0000] {logging_mixin.py:190} INFO - [2026-04-09T00:45:28.283+0000] {dag.py:4138} INFO - Setting next_dagrun for example_subdag_operator.section-2 to None, run_after=None
[2026-04-09T00:45:28.286+0000] {logging_mixin.py:190} INFO - [2026-04-09T00:45:28.286+0000] {dag.py:3211} INFO - Sync 2 DAGs
[2026-04-09T00:45:28.288+0000] {logging_mixin.py:190} INFO - [2026-04-09T00:45:28.288+0000] {dag.py:4138} INFO - Setting next_dagrun for example_subdag_operator.section-1 to None, run_after=None
[2026-04-09T00:45:28.288+0000] {logging_mixin.py:190} INFO - [2026-04-09T00:45:28.288+0000] {dag.py:4138} INFO - Setting next_dagrun for example_subdag_operator.section-2 to None, run_after=None
[2026-04-09T00:45:28.294+0000] {processor.py:208} INFO - Processing /home/airflow/.local/lib/python3.12/site-packages/airflow/example_dags/example_subdag_operator.py took 0.045 seconds
[2026-04-09T00:45:59.254+0000] {processor.py:186} INFO - Started process (PID=1846) to work on /home/airflow/.local/lib/python3.12/site-packages/airflow/example_dags/example_subdag_operator.py
[2026-04-09T00:45:59.254+0000] {processor.py:914} INFO - Processing file /home/airflow/.local/lib/python3.12/site-packages/airflow/example_dags/example_subdag_operator.py for tasks to queue
[2026-04-09T00:45:59.255+0000] {logging_mixin.py:190} INFO - [2026-04-09T00:45:59.255+0000] {dagbag.py:587} INFO - Filling up the DagBag from /home/airflow/.local/lib/python3.12/site-packages/airflow/example_dags/example_subdag_operator.py
[2026-04-09T00:45:59.270+0000] {processor.py:925} INFO - DAG(s) 'example_subdag_operator.section-1', 'example_subdag_operator.section-2', 'example_subdag_operator' retrieved from /home/airflow/.local/lib/python3.12/site-packages/airflow/example_dags/example_subdag_operator.py
[2026-04-09T00:45:59.279+0000] {logging_mixin.py:190} INFO - [2026-04-09T00:45:59.279+0000] {dag.py:3211} INFO - Sync 3 DAGs
[2026-04-09T00:45:59.288+0000] {logging_mixin.py:190} INFO - [2026-04-09T00:45:59.288+0000] {dag.py:4138} INFO - Setting next_dagrun for example_subdag_operator to 2022-01-01 00:00:00+00:00, run_after=2022-01-01 00:00:00+00:00
[2026-04-09T00:45:59.289+0000] {logging_mixin.py:190} INFO - [2026-04-09T00:45:59.289+0000] {dag.py:4138} INFO - Setting next_dagrun for example_subdag_operator.section-1 to None, run_after=None
[2026-04-09T00:45:59.290+0000] {logging_mixin.py:190} INFO - [2026-04-09T00:45:59.290+0000] {dag.py:4138} INFO - Setting next_dagrun for example_subdag_operator.section-2 to None, run_after=None
[2026-04-09T00:45:59.292+0000] {logging_mixin.py:190} INFO - [2026-04-09T00:45:59.292+0000] {dag.py:3211} INFO - Sync 2 DAGs
[2026-04-09T00:45:59.294+0000] {logging_mixin.py:190} INFO - [2026-04-09T00:45:59.294+0000] {dag.py:4138} INFO - Setting next_dagrun for example_subdag_operator.section-1 to None, run_after=None
[2026-04-09T00:45:59.294+0000] {logging_mixin.py:190} INFO - [2026-04-09T00:45:59.294+0000] {dag.py:4138} INFO - Setting next_dagrun for example_subdag_operator.section-2 to None, run_after=None
[2026-04-09T00:45:59.297+0000] {processor.py:208} INFO - Processing /home/airflow/.local/lib/python3.12/site-packages/airflow/example_dags/example_subdag_operator.py took 0.046 seconds
