[2026-04-09T00:31:36.720+0000] {processor.py:186} INFO - Started process (PID=57) to work on /home/airflow/.local/lib/python3.12/site-packages/airflow/example_dags/example_inlet_event_extra.py
[2026-04-09T00:31:36.721+0000] {processor.py:914} INFO - Processing file /home/airflow/.local/lib/python3.12/site-packages/airflow/example_dags/example_inlet_event_extra.py for tasks to queue
[2026-04-09T00:31:36.722+0000] {logging_mixin.py:190} INFO - [2026-04-09T00:31:36.721+0000] {dagbag.py:587} INFO - Filling up the DagBag from /home/airflow/.local/lib/python3.12/site-packages/airflow/example_dags/example_inlet_event_extra.py
[2026-04-09T00:31:36.771+0000] {processor.py:925} INFO - DAG(s) 'read_dataset_event_from_classic', 'read_dataset_event' retrieved from /home/airflow/.local/lib/python3.12/site-packages/airflow/example_dags/example_inlet_event_extra.py
[2026-04-09T00:31:36.804+0000] {logging_mixin.py:190} INFO - [2026-04-09T00:31:36.803+0000] {dag.py:3211} INFO - Sync 2 DAGs
[2026-04-09T00:31:36.810+0000] {logging_mixin.py:190} INFO - [2026-04-09T00:31:36.810+0000] {dag.py:4138} INFO - Setting next_dagrun for read_dataset_event to 2026-04-08 00:00:00+00:00, run_after=2026-04-09 00:00:00+00:00
[2026-04-09T00:31:36.811+0000] {logging_mixin.py:190} INFO - [2026-04-09T00:31:36.811+0000] {dag.py:4138} INFO - Setting next_dagrun for read_dataset_event_from_classic to 2026-04-08 00:00:00+00:00, run_after=2026-04-09 00:00:00+00:00
[2026-04-09T00:31:36.817+0000] {processor.py:208} INFO - Processing /home/airflow/.local/lib/python3.12/site-packages/airflow/example_dags/example_inlet_event_extra.py took 0.098 seconds
[2026-04-09T00:32:07.273+0000] {processor.py:186} INFO - Started process (PID=120) to work on /home/airflow/.local/lib/python3.12/site-packages/airflow/example_dags/example_inlet_event_extra.py
[2026-04-09T00:32:07.274+0000] {processor.py:914} INFO - Processing file /home/airflow/.local/lib/python3.12/site-packages/airflow/example_dags/example_inlet_event_extra.py for tasks to queue
[2026-04-09T00:32:07.276+0000] {logging_mixin.py:190} INFO - [2026-04-09T00:32:07.275+0000] {dagbag.py:587} INFO - Filling up the DagBag from /home/airflow/.local/lib/python3.12/site-packages/airflow/example_dags/example_inlet_event_extra.py
[2026-04-09T00:32:07.348+0000] {processor.py:925} INFO - DAG(s) 'read_dataset_event', 'read_dataset_event_from_classic' retrieved from /home/airflow/.local/lib/python3.12/site-packages/airflow/example_dags/example_inlet_event_extra.py
[2026-04-09T00:32:07.369+0000] {logging_mixin.py:190} INFO - [2026-04-09T00:32:07.369+0000] {dag.py:3211} INFO - Sync 2 DAGs
[2026-04-09T00:32:07.381+0000] {logging_mixin.py:190} INFO - [2026-04-09T00:32:07.381+0000] {dag.py:4138} INFO - Setting next_dagrun for read_dataset_event to 2026-04-08 00:00:00+00:00, run_after=2026-04-09 00:00:00+00:00
[2026-04-09T00:32:07.383+0000] {logging_mixin.py:190} INFO - [2026-04-09T00:32:07.383+0000] {dag.py:4138} INFO - Setting next_dagrun for read_dataset_event_from_classic to 2026-04-08 00:00:00+00:00, run_after=2026-04-09 00:00:00+00:00
[2026-04-09T00:32:07.390+0000] {processor.py:208} INFO - Processing /home/airflow/.local/lib/python3.12/site-packages/airflow/example_dags/example_inlet_event_extra.py took 0.119 seconds
[2026-04-09T00:32:38.175+0000] {processor.py:186} INFO - Started process (PID=184) to work on /home/airflow/.local/lib/python3.12/site-packages/airflow/example_dags/example_inlet_event_extra.py
[2026-04-09T00:32:38.176+0000] {processor.py:914} INFO - Processing file /home/airflow/.local/lib/python3.12/site-packages/airflow/example_dags/example_inlet_event_extra.py for tasks to queue
[2026-04-09T00:32:38.176+0000] {logging_mixin.py:190} INFO - [2026-04-09T00:32:38.176+0000] {dagbag.py:587} INFO - Filling up the DagBag from /home/airflow/.local/lib/python3.12/site-packages/airflow/example_dags/example_inlet_event_extra.py
[2026-04-09T00:32:38.234+0000] {processor.py:925} INFO - DAG(s) 'read_dataset_event', 'read_dataset_event_from_classic' retrieved from /home/airflow/.local/lib/python3.12/site-packages/airflow/example_dags/example_inlet_event_extra.py
[2026-04-09T00:32:38.246+0000] {logging_mixin.py:190} INFO - [2026-04-09T00:32:38.246+0000] {dag.py:3211} INFO - Sync 2 DAGs
[2026-04-09T00:32:38.257+0000] {logging_mixin.py:190} INFO - [2026-04-09T00:32:38.257+0000] {dag.py:4138} INFO - Setting next_dagrun for read_dataset_event to 2026-04-08 00:00:00+00:00, run_after=2026-04-09 00:00:00+00:00
[2026-04-09T00:32:38.258+0000] {logging_mixin.py:190} INFO - [2026-04-09T00:32:38.258+0000] {dag.py:4138} INFO - Setting next_dagrun for read_dataset_event_from_classic to 2026-04-08 00:00:00+00:00, run_after=2026-04-09 00:00:00+00:00
[2026-04-09T00:32:38.267+0000] {processor.py:208} INFO - Processing /home/airflow/.local/lib/python3.12/site-packages/airflow/example_dags/example_inlet_event_extra.py took 0.094 seconds
[2026-04-09T00:33:09.053+0000] {processor.py:186} INFO - Started process (PID=248) to work on /home/airflow/.local/lib/python3.12/site-packages/airflow/example_dags/example_inlet_event_extra.py
[2026-04-09T00:33:09.054+0000] {processor.py:914} INFO - Processing file /home/airflow/.local/lib/python3.12/site-packages/airflow/example_dags/example_inlet_event_extra.py for tasks to queue
[2026-04-09T00:33:09.055+0000] {logging_mixin.py:190} INFO - [2026-04-09T00:33:09.055+0000] {dagbag.py:587} INFO - Filling up the DagBag from /home/airflow/.local/lib/python3.12/site-packages/airflow/example_dags/example_inlet_event_extra.py
[2026-04-09T00:33:09.116+0000] {processor.py:925} INFO - DAG(s) 'read_dataset_event_from_classic', 'read_dataset_event' retrieved from /home/airflow/.local/lib/python3.12/site-packages/airflow/example_dags/example_inlet_event_extra.py
[2026-04-09T00:33:09.124+0000] {logging_mixin.py:190} INFO - [2026-04-09T00:33:09.124+0000] {dag.py:3211} INFO - Sync 2 DAGs
[2026-04-09T00:33:09.136+0000] {logging_mixin.py:190} INFO - [2026-04-09T00:33:09.136+0000] {dag.py:4138} INFO - Setting next_dagrun for read_dataset_event to 2026-04-08 00:00:00+00:00, run_after=2026-04-09 00:00:00+00:00
[2026-04-09T00:33:09.138+0000] {logging_mixin.py:190} INFO - [2026-04-09T00:33:09.138+0000] {dag.py:4138} INFO - Setting next_dagrun for read_dataset_event_from_classic to 2026-04-08 00:00:00+00:00, run_after=2026-04-09 00:00:00+00:00
[2026-04-09T00:33:09.143+0000] {processor.py:208} INFO - Processing /home/airflow/.local/lib/python3.12/site-packages/airflow/example_dags/example_inlet_event_extra.py took 0.092 seconds
[2026-04-09T00:33:39.882+0000] {processor.py:186} INFO - Started process (PID=312) to work on /home/airflow/.local/lib/python3.12/site-packages/airflow/example_dags/example_inlet_event_extra.py
[2026-04-09T00:33:39.883+0000] {processor.py:914} INFO - Processing file /home/airflow/.local/lib/python3.12/site-packages/airflow/example_dags/example_inlet_event_extra.py for tasks to queue
[2026-04-09T00:33:39.884+0000] {logging_mixin.py:190} INFO - [2026-04-09T00:33:39.883+0000] {dagbag.py:587} INFO - Filling up the DagBag from /home/airflow/.local/lib/python3.12/site-packages/airflow/example_dags/example_inlet_event_extra.py
[2026-04-09T00:33:39.944+0000] {processor.py:925} INFO - DAG(s) 'read_dataset_event_from_classic', 'read_dataset_event' retrieved from /home/airflow/.local/lib/python3.12/site-packages/airflow/example_dags/example_inlet_event_extra.py
[2026-04-09T00:33:39.957+0000] {logging_mixin.py:190} INFO - [2026-04-09T00:33:39.957+0000] {dag.py:3211} INFO - Sync 2 DAGs
[2026-04-09T00:33:39.968+0000] {logging_mixin.py:190} INFO - [2026-04-09T00:33:39.968+0000] {dag.py:4138} INFO - Setting next_dagrun for read_dataset_event to 2026-04-08 00:00:00+00:00, run_after=2026-04-09 00:00:00+00:00
[2026-04-09T00:33:39.971+0000] {logging_mixin.py:190} INFO - [2026-04-09T00:33:39.971+0000] {dag.py:4138} INFO - Setting next_dagrun for read_dataset_event_from_classic to 2026-04-08 00:00:00+00:00, run_after=2026-04-09 00:00:00+00:00
[2026-04-09T00:33:39.977+0000] {processor.py:208} INFO - Processing /home/airflow/.local/lib/python3.12/site-packages/airflow/example_dags/example_inlet_event_extra.py took 0.097 seconds
[2026-04-09T00:34:10.663+0000] {processor.py:186} INFO - Started process (PID=382) to work on /home/airflow/.local/lib/python3.12/site-packages/airflow/example_dags/example_inlet_event_extra.py
[2026-04-09T00:34:10.666+0000] {processor.py:914} INFO - Processing file /home/airflow/.local/lib/python3.12/site-packages/airflow/example_dags/example_inlet_event_extra.py for tasks to queue
[2026-04-09T00:34:10.667+0000] {logging_mixin.py:190} INFO - [2026-04-09T00:34:10.667+0000] {dagbag.py:587} INFO - Filling up the DagBag from /home/airflow/.local/lib/python3.12/site-packages/airflow/example_dags/example_inlet_event_extra.py
[2026-04-09T00:34:10.723+0000] {processor.py:925} INFO - DAG(s) 'read_dataset_event', 'read_dataset_event_from_classic' retrieved from /home/airflow/.local/lib/python3.12/site-packages/airflow/example_dags/example_inlet_event_extra.py
[2026-04-09T00:34:10.733+0000] {logging_mixin.py:190} INFO - [2026-04-09T00:34:10.733+0000] {dag.py:3211} INFO - Sync 2 DAGs
[2026-04-09T00:34:10.744+0000] {logging_mixin.py:190} INFO - [2026-04-09T00:34:10.744+0000] {dag.py:4138} INFO - Setting next_dagrun for read_dataset_event to 2026-04-08 00:00:00+00:00, run_after=2026-04-09 00:00:00+00:00
[2026-04-09T00:34:10.746+0000] {logging_mixin.py:190} INFO - [2026-04-09T00:34:10.746+0000] {dag.py:4138} INFO - Setting next_dagrun for read_dataset_event_from_classic to 2026-04-08 00:00:00+00:00, run_after=2026-04-09 00:00:00+00:00
[2026-04-09T00:34:10.758+0000] {processor.py:208} INFO - Processing /home/airflow/.local/lib/python3.12/site-packages/airflow/example_dags/example_inlet_event_extra.py took 0.098 seconds
[2026-04-09T00:34:41.531+0000] {processor.py:186} INFO - Started process (PID=446) to work on /home/airflow/.local/lib/python3.12/site-packages/airflow/example_dags/example_inlet_event_extra.py
[2026-04-09T00:34:41.531+0000] {processor.py:914} INFO - Processing file /home/airflow/.local/lib/python3.12/site-packages/airflow/example_dags/example_inlet_event_extra.py for tasks to queue
[2026-04-09T00:34:41.533+0000] {logging_mixin.py:190} INFO - [2026-04-09T00:34:41.533+0000] {dagbag.py:587} INFO - Filling up the DagBag from /home/airflow/.local/lib/python3.12/site-packages/airflow/example_dags/example_inlet_event_extra.py
[2026-04-09T00:34:41.585+0000] {processor.py:925} INFO - DAG(s) 'read_dataset_event', 'read_dataset_event_from_classic' retrieved from /home/airflow/.local/lib/python3.12/site-packages/airflow/example_dags/example_inlet_event_extra.py
[2026-04-09T00:34:41.595+0000] {logging_mixin.py:190} INFO - [2026-04-09T00:34:41.595+0000] {dag.py:3211} INFO - Sync 2 DAGs
[2026-04-09T00:34:41.604+0000] {logging_mixin.py:190} INFO - [2026-04-09T00:34:41.604+0000] {dag.py:4138} INFO - Setting next_dagrun for read_dataset_event to 2026-04-08 00:00:00+00:00, run_after=2026-04-09 00:00:00+00:00
[2026-04-09T00:34:41.605+0000] {logging_mixin.py:190} INFO - [2026-04-09T00:34:41.605+0000] {dag.py:4138} INFO - Setting next_dagrun for read_dataset_event_from_classic to 2026-04-08 00:00:00+00:00, run_after=2026-04-09 00:00:00+00:00
[2026-04-09T00:34:41.610+0000] {processor.py:208} INFO - Processing /home/airflow/.local/lib/python3.12/site-packages/airflow/example_dags/example_inlet_event_extra.py took 0.082 seconds
[2026-04-09T00:35:12.267+0000] {processor.py:186} INFO - Started process (PID=510) to work on /home/airflow/.local/lib/python3.12/site-packages/airflow/example_dags/example_inlet_event_extra.py
[2026-04-09T00:35:12.268+0000] {processor.py:914} INFO - Processing file /home/airflow/.local/lib/python3.12/site-packages/airflow/example_dags/example_inlet_event_extra.py for tasks to queue
[2026-04-09T00:35:12.269+0000] {logging_mixin.py:190} INFO - [2026-04-09T00:35:12.269+0000] {dagbag.py:587} INFO - Filling up the DagBag from /home/airflow/.local/lib/python3.12/site-packages/airflow/example_dags/example_inlet_event_extra.py
[2026-04-09T00:35:12.319+0000] {processor.py:925} INFO - DAG(s) 'read_dataset_event', 'read_dataset_event_from_classic' retrieved from /home/airflow/.local/lib/python3.12/site-packages/airflow/example_dags/example_inlet_event_extra.py
[2026-04-09T00:35:12.326+0000] {logging_mixin.py:190} INFO - [2026-04-09T00:35:12.326+0000] {dag.py:3211} INFO - Sync 2 DAGs
[2026-04-09T00:35:12.337+0000] {logging_mixin.py:190} INFO - [2026-04-09T00:35:12.337+0000] {dag.py:4138} INFO - Setting next_dagrun for read_dataset_event to 2026-04-08 00:00:00+00:00, run_after=2026-04-09 00:00:00+00:00
[2026-04-09T00:35:12.339+0000] {logging_mixin.py:190} INFO - [2026-04-09T00:35:12.339+0000] {dag.py:4138} INFO - Setting next_dagrun for read_dataset_event_from_classic to 2026-04-08 00:00:00+00:00, run_after=2026-04-09 00:00:00+00:00
[2026-04-09T00:35:12.345+0000] {processor.py:208} INFO - Processing /home/airflow/.local/lib/python3.12/site-packages/airflow/example_dags/example_inlet_event_extra.py took 0.080 seconds
[2026-04-09T00:35:42.983+0000] {processor.py:186} INFO - Started process (PID=573) to work on /home/airflow/.local/lib/python3.12/site-packages/airflow/example_dags/example_inlet_event_extra.py
[2026-04-09T00:35:42.984+0000] {processor.py:914} INFO - Processing file /home/airflow/.local/lib/python3.12/site-packages/airflow/example_dags/example_inlet_event_extra.py for tasks to queue
[2026-04-09T00:35:42.985+0000] {logging_mixin.py:190} INFO - [2026-04-09T00:35:42.985+0000] {dagbag.py:587} INFO - Filling up the DagBag from /home/airflow/.local/lib/python3.12/site-packages/airflow/example_dags/example_inlet_event_extra.py
[2026-04-09T00:35:43.036+0000] {processor.py:925} INFO - DAG(s) 'read_dataset_event_from_classic', 'read_dataset_event' retrieved from /home/airflow/.local/lib/python3.12/site-packages/airflow/example_dags/example_inlet_event_extra.py
[2026-04-09T00:35:43.044+0000] {logging_mixin.py:190} INFO - [2026-04-09T00:35:43.044+0000] {dag.py:3211} INFO - Sync 2 DAGs
[2026-04-09T00:35:43.054+0000] {logging_mixin.py:190} INFO - [2026-04-09T00:35:43.054+0000] {dag.py:4138} INFO - Setting next_dagrun for read_dataset_event to 2026-04-08 00:00:00+00:00, run_after=2026-04-09 00:00:00+00:00
[2026-04-09T00:35:43.057+0000] {logging_mixin.py:190} INFO - [2026-04-09T00:35:43.057+0000] {dag.py:4138} INFO - Setting next_dagrun for read_dataset_event_from_classic to 2026-04-08 00:00:00+00:00, run_after=2026-04-09 00:00:00+00:00
[2026-04-09T00:35:43.062+0000] {processor.py:208} INFO - Processing /home/airflow/.local/lib/python3.12/site-packages/airflow/example_dags/example_inlet_event_extra.py took 0.082 seconds
[2026-04-09T00:36:13.811+0000] {processor.py:186} INFO - Started process (PID=637) to work on /home/airflow/.local/lib/python3.12/site-packages/airflow/example_dags/example_inlet_event_extra.py
[2026-04-09T00:36:13.811+0000] {processor.py:914} INFO - Processing file /home/airflow/.local/lib/python3.12/site-packages/airflow/example_dags/example_inlet_event_extra.py for tasks to queue
[2026-04-09T00:36:13.812+0000] {logging_mixin.py:190} INFO - [2026-04-09T00:36:13.812+0000] {dagbag.py:587} INFO - Filling up the DagBag from /home/airflow/.local/lib/python3.12/site-packages/airflow/example_dags/example_inlet_event_extra.py
[2026-04-09T00:36:13.865+0000] {processor.py:925} INFO - DAG(s) 'read_dataset_event', 'read_dataset_event_from_classic' retrieved from /home/airflow/.local/lib/python3.12/site-packages/airflow/example_dags/example_inlet_event_extra.py
[2026-04-09T00:36:13.877+0000] {logging_mixin.py:190} INFO - [2026-04-09T00:36:13.877+0000] {dag.py:3211} INFO - Sync 2 DAGs
[2026-04-09T00:36:13.887+0000] {logging_mixin.py:190} INFO - [2026-04-09T00:36:13.886+0000] {dag.py:4138} INFO - Setting next_dagrun for read_dataset_event to 2026-04-08 00:00:00+00:00, run_after=2026-04-09 00:00:00+00:00
[2026-04-09T00:36:13.889+0000] {logging_mixin.py:190} INFO - [2026-04-09T00:36:13.889+0000] {dag.py:4138} INFO - Setting next_dagrun for read_dataset_event_from_classic to 2026-04-08 00:00:00+00:00, run_after=2026-04-09 00:00:00+00:00
[2026-04-09T00:36:13.894+0000] {processor.py:208} INFO - Processing /home/airflow/.local/lib/python3.12/site-packages/airflow/example_dags/example_inlet_event_extra.py took 0.086 seconds
[2026-04-09T00:36:44.619+0000] {processor.py:186} INFO - Started process (PID=701) to work on /home/airflow/.local/lib/python3.12/site-packages/airflow/example_dags/example_inlet_event_extra.py
[2026-04-09T00:36:44.621+0000] {processor.py:914} INFO - Processing file /home/airflow/.local/lib/python3.12/site-packages/airflow/example_dags/example_inlet_event_extra.py for tasks to queue
[2026-04-09T00:36:44.623+0000] {logging_mixin.py:190} INFO - [2026-04-09T00:36:44.622+0000] {dagbag.py:587} INFO - Filling up the DagBag from /home/airflow/.local/lib/python3.12/site-packages/airflow/example_dags/example_inlet_event_extra.py
[2026-04-09T00:36:44.671+0000] {processor.py:925} INFO - DAG(s) 'read_dataset_event', 'read_dataset_event_from_classic' retrieved from /home/airflow/.local/lib/python3.12/site-packages/airflow/example_dags/example_inlet_event_extra.py
[2026-04-09T00:36:44.679+0000] {logging_mixin.py:190} INFO - [2026-04-09T00:36:44.679+0000] {dag.py:3211} INFO - Sync 2 DAGs
[2026-04-09T00:36:44.686+0000] {logging_mixin.py:190} INFO - [2026-04-09T00:36:44.686+0000] {dag.py:4138} INFO - Setting next_dagrun for read_dataset_event to 2026-04-08 00:00:00+00:00, run_after=2026-04-09 00:00:00+00:00
[2026-04-09T00:36:44.688+0000] {logging_mixin.py:190} INFO - [2026-04-09T00:36:44.688+0000] {dag.py:4138} INFO - Setting next_dagrun for read_dataset_event_from_classic to 2026-04-08 00:00:00+00:00, run_after=2026-04-09 00:00:00+00:00
[2026-04-09T00:36:44.692+0000] {processor.py:208} INFO - Processing /home/airflow/.local/lib/python3.12/site-packages/airflow/example_dags/example_inlet_event_extra.py took 0.075 seconds
[2026-04-09T00:37:15.404+0000] {processor.py:186} INFO - Started process (PID=765) to work on /home/airflow/.local/lib/python3.12/site-packages/airflow/example_dags/example_inlet_event_extra.py
[2026-04-09T00:37:15.404+0000] {processor.py:914} INFO - Processing file /home/airflow/.local/lib/python3.12/site-packages/airflow/example_dags/example_inlet_event_extra.py for tasks to queue
[2026-04-09T00:37:15.407+0000] {logging_mixin.py:190} INFO - [2026-04-09T00:37:15.407+0000] {dagbag.py:587} INFO - Filling up the DagBag from /home/airflow/.local/lib/python3.12/site-packages/airflow/example_dags/example_inlet_event_extra.py
[2026-04-09T00:37:15.457+0000] {processor.py:925} INFO - DAG(s) 'read_dataset_event_from_classic', 'read_dataset_event' retrieved from /home/airflow/.local/lib/python3.12/site-packages/airflow/example_dags/example_inlet_event_extra.py
[2026-04-09T00:37:15.470+0000] {logging_mixin.py:190} INFO - [2026-04-09T00:37:15.470+0000] {dag.py:3211} INFO - Sync 2 DAGs
[2026-04-09T00:37:15.477+0000] {logging_mixin.py:190} INFO - [2026-04-09T00:37:15.477+0000] {dag.py:4138} INFO - Setting next_dagrun for read_dataset_event to 2026-04-08 00:00:00+00:00, run_after=2026-04-09 00:00:00+00:00
[2026-04-09T00:37:15.479+0000] {logging_mixin.py:190} INFO - [2026-04-09T00:37:15.479+0000] {dag.py:4138} INFO - Setting next_dagrun for read_dataset_event_from_classic to 2026-04-08 00:00:00+00:00, run_after=2026-04-09 00:00:00+00:00
[2026-04-09T00:37:15.484+0000] {processor.py:208} INFO - Processing /home/airflow/.local/lib/python3.12/site-packages/airflow/example_dags/example_inlet_event_extra.py took 0.082 seconds
[2026-04-09T00:37:46.151+0000] {processor.py:186} INFO - Started process (PID=829) to work on /home/airflow/.local/lib/python3.12/site-packages/airflow/example_dags/example_inlet_event_extra.py
[2026-04-09T00:37:46.152+0000] {processor.py:914} INFO - Processing file /home/airflow/.local/lib/python3.12/site-packages/airflow/example_dags/example_inlet_event_extra.py for tasks to queue
[2026-04-09T00:37:46.152+0000] {logging_mixin.py:190} INFO - [2026-04-09T00:37:46.152+0000] {dagbag.py:587} INFO - Filling up the DagBag from /home/airflow/.local/lib/python3.12/site-packages/airflow/example_dags/example_inlet_event_extra.py
[2026-04-09T00:37:46.204+0000] {processor.py:925} INFO - DAG(s) 'read_dataset_event', 'read_dataset_event_from_classic' retrieved from /home/airflow/.local/lib/python3.12/site-packages/airflow/example_dags/example_inlet_event_extra.py
[2026-04-09T00:37:46.212+0000] {logging_mixin.py:190} INFO - [2026-04-09T00:37:46.212+0000] {dag.py:3211} INFO - Sync 2 DAGs
[2026-04-09T00:37:46.222+0000] {logging_mixin.py:190} INFO - [2026-04-09T00:37:46.222+0000] {dag.py:4138} INFO - Setting next_dagrun for read_dataset_event to 2026-04-08 00:00:00+00:00, run_after=2026-04-09 00:00:00+00:00
[2026-04-09T00:37:46.223+0000] {logging_mixin.py:190} INFO - [2026-04-09T00:37:46.223+0000] {dag.py:4138} INFO - Setting next_dagrun for read_dataset_event_from_classic to 2026-04-08 00:00:00+00:00, run_after=2026-04-09 00:00:00+00:00
[2026-04-09T00:37:46.233+0000] {processor.py:208} INFO - Processing /home/airflow/.local/lib/python3.12/site-packages/airflow/example_dags/example_inlet_event_extra.py took 0.084 seconds
[2026-04-09T00:38:16.864+0000] {processor.py:186} INFO - Started process (PID=893) to work on /home/airflow/.local/lib/python3.12/site-packages/airflow/example_dags/example_inlet_event_extra.py
[2026-04-09T00:38:16.864+0000] {processor.py:914} INFO - Processing file /home/airflow/.local/lib/python3.12/site-packages/airflow/example_dags/example_inlet_event_extra.py for tasks to queue
[2026-04-09T00:38:16.865+0000] {logging_mixin.py:190} INFO - [2026-04-09T00:38:16.865+0000] {dagbag.py:587} INFO - Filling up the DagBag from /home/airflow/.local/lib/python3.12/site-packages/airflow/example_dags/example_inlet_event_extra.py
[2026-04-09T00:38:16.918+0000] {processor.py:925} INFO - DAG(s) 'read_dataset_event_from_classic', 'read_dataset_event' retrieved from /home/airflow/.local/lib/python3.12/site-packages/airflow/example_dags/example_inlet_event_extra.py
[2026-04-09T00:38:16.927+0000] {logging_mixin.py:190} INFO - [2026-04-09T00:38:16.926+0000] {dag.py:3211} INFO - Sync 2 DAGs
[2026-04-09T00:38:16.936+0000] {logging_mixin.py:190} INFO - [2026-04-09T00:38:16.935+0000] {dag.py:4138} INFO - Setting next_dagrun for read_dataset_event to 2026-04-08 00:00:00+00:00, run_after=2026-04-09 00:00:00+00:00
[2026-04-09T00:38:16.940+0000] {logging_mixin.py:190} INFO - [2026-04-09T00:38:16.940+0000] {dag.py:4138} INFO - Setting next_dagrun for read_dataset_event_from_classic to 2026-04-08 00:00:00+00:00, run_after=2026-04-09 00:00:00+00:00
[2026-04-09T00:38:16.954+0000] {processor.py:208} INFO - Processing /home/airflow/.local/lib/python3.12/site-packages/airflow/example_dags/example_inlet_event_extra.py took 0.093 seconds
[2026-04-09T00:38:47.549+0000] {processor.py:186} INFO - Started process (PID=957) to work on /home/airflow/.local/lib/python3.12/site-packages/airflow/example_dags/example_inlet_event_extra.py
[2026-04-09T00:38:47.550+0000] {processor.py:914} INFO - Processing file /home/airflow/.local/lib/python3.12/site-packages/airflow/example_dags/example_inlet_event_extra.py for tasks to queue
[2026-04-09T00:38:47.551+0000] {logging_mixin.py:190} INFO - [2026-04-09T00:38:47.550+0000] {dagbag.py:587} INFO - Filling up the DagBag from /home/airflow/.local/lib/python3.12/site-packages/airflow/example_dags/example_inlet_event_extra.py
[2026-04-09T00:38:47.597+0000] {processor.py:925} INFO - DAG(s) 'read_dataset_event_from_classic', 'read_dataset_event' retrieved from /home/airflow/.local/lib/python3.12/site-packages/airflow/example_dags/example_inlet_event_extra.py
[2026-04-09T00:38:47.605+0000] {logging_mixin.py:190} INFO - [2026-04-09T00:38:47.605+0000] {dag.py:3211} INFO - Sync 2 DAGs
[2026-04-09T00:38:47.613+0000] {logging_mixin.py:190} INFO - [2026-04-09T00:38:47.613+0000] {dag.py:4138} INFO - Setting next_dagrun for read_dataset_event to 2026-04-08 00:00:00+00:00, run_after=2026-04-09 00:00:00+00:00
[2026-04-09T00:38:47.616+0000] {logging_mixin.py:190} INFO - [2026-04-09T00:38:47.616+0000] {dag.py:4138} INFO - Setting next_dagrun for read_dataset_event_from_classic to 2026-04-08 00:00:00+00:00, run_after=2026-04-09 00:00:00+00:00
[2026-04-09T00:38:47.628+0000] {processor.py:208} INFO - Processing /home/airflow/.local/lib/python3.12/site-packages/airflow/example_dags/example_inlet_event_extra.py took 0.081 seconds
[2026-04-09T00:39:18.360+0000] {processor.py:186} INFO - Started process (PID=1021) to work on /home/airflow/.local/lib/python3.12/site-packages/airflow/example_dags/example_inlet_event_extra.py
[2026-04-09T00:39:18.362+0000] {processor.py:914} INFO - Processing file /home/airflow/.local/lib/python3.12/site-packages/airflow/example_dags/example_inlet_event_extra.py for tasks to queue
[2026-04-09T00:39:18.363+0000] {logging_mixin.py:190} INFO - [2026-04-09T00:39:18.363+0000] {dagbag.py:587} INFO - Filling up the DagBag from /home/airflow/.local/lib/python3.12/site-packages/airflow/example_dags/example_inlet_event_extra.py
[2026-04-09T00:39:18.415+0000] {processor.py:925} INFO - DAG(s) 'read_dataset_event_from_classic', 'read_dataset_event' retrieved from /home/airflow/.local/lib/python3.12/site-packages/airflow/example_dags/example_inlet_event_extra.py
[2026-04-09T00:39:18.428+0000] {logging_mixin.py:190} INFO - [2026-04-09T00:39:18.428+0000] {dag.py:3211} INFO - Sync 2 DAGs
[2026-04-09T00:39:18.437+0000] {logging_mixin.py:190} INFO - [2026-04-09T00:39:18.437+0000] {dag.py:4138} INFO - Setting next_dagrun for read_dataset_event to 2026-04-08 00:00:00+00:00, run_after=2026-04-09 00:00:00+00:00
[2026-04-09T00:39:18.440+0000] {logging_mixin.py:190} INFO - [2026-04-09T00:39:18.440+0000] {dag.py:4138} INFO - Setting next_dagrun for read_dataset_event_from_classic to 2026-04-08 00:00:00+00:00, run_after=2026-04-09 00:00:00+00:00
[2026-04-09T00:39:18.445+0000] {processor.py:208} INFO - Processing /home/airflow/.local/lib/python3.12/site-packages/airflow/example_dags/example_inlet_event_extra.py took 0.087 seconds
[2026-04-09T00:39:49.105+0000] {processor.py:186} INFO - Started process (PID=1085) to work on /home/airflow/.local/lib/python3.12/site-packages/airflow/example_dags/example_inlet_event_extra.py
[2026-04-09T00:39:49.106+0000] {processor.py:914} INFO - Processing file /home/airflow/.local/lib/python3.12/site-packages/airflow/example_dags/example_inlet_event_extra.py for tasks to queue
[2026-04-09T00:39:49.106+0000] {logging_mixin.py:190} INFO - [2026-04-09T00:39:49.106+0000] {dagbag.py:587} INFO - Filling up the DagBag from /home/airflow/.local/lib/python3.12/site-packages/airflow/example_dags/example_inlet_event_extra.py
[2026-04-09T00:39:49.161+0000] {processor.py:925} INFO - DAG(s) 'read_dataset_event', 'read_dataset_event_from_classic' retrieved from /home/airflow/.local/lib/python3.12/site-packages/airflow/example_dags/example_inlet_event_extra.py
[2026-04-09T00:39:49.176+0000] {logging_mixin.py:190} INFO - [2026-04-09T00:39:49.176+0000] {dag.py:3211} INFO - Sync 2 DAGs
[2026-04-09T00:39:49.184+0000] {logging_mixin.py:190} INFO - [2026-04-09T00:39:49.184+0000] {dag.py:4138} INFO - Setting next_dagrun for read_dataset_event to 2026-04-08 00:00:00+00:00, run_after=2026-04-09 00:00:00+00:00
[2026-04-09T00:39:49.186+0000] {logging_mixin.py:190} INFO - [2026-04-09T00:39:49.186+0000] {dag.py:4138} INFO - Setting next_dagrun for read_dataset_event_from_classic to 2026-04-08 00:00:00+00:00, run_after=2026-04-09 00:00:00+00:00
[2026-04-09T00:39:49.192+0000] {processor.py:208} INFO - Processing /home/airflow/.local/lib/python3.12/site-packages/airflow/example_dags/example_inlet_event_extra.py took 0.089 seconds
[2026-04-09T00:40:19.911+0000] {processor.py:186} INFO - Started process (PID=1149) to work on /home/airflow/.local/lib/python3.12/site-packages/airflow/example_dags/example_inlet_event_extra.py
[2026-04-09T00:40:19.911+0000] {processor.py:914} INFO - Processing file /home/airflow/.local/lib/python3.12/site-packages/airflow/example_dags/example_inlet_event_extra.py for tasks to queue
[2026-04-09T00:40:19.912+0000] {logging_mixin.py:190} INFO - [2026-04-09T00:40:19.912+0000] {dagbag.py:587} INFO - Filling up the DagBag from /home/airflow/.local/lib/python3.12/site-packages/airflow/example_dags/example_inlet_event_extra.py
[2026-04-09T00:40:19.961+0000] {processor.py:925} INFO - DAG(s) 'read_dataset_event', 'read_dataset_event_from_classic' retrieved from /home/airflow/.local/lib/python3.12/site-packages/airflow/example_dags/example_inlet_event_extra.py
[2026-04-09T00:40:19.973+0000] {logging_mixin.py:190} INFO - [2026-04-09T00:40:19.972+0000] {dag.py:3211} INFO - Sync 2 DAGs
[2026-04-09T00:40:19.983+0000] {logging_mixin.py:190} INFO - [2026-04-09T00:40:19.983+0000] {dag.py:4138} INFO - Setting next_dagrun for read_dataset_event to 2026-04-08 00:00:00+00:00, run_after=2026-04-09 00:00:00+00:00
[2026-04-09T00:40:19.986+0000] {logging_mixin.py:190} INFO - [2026-04-09T00:40:19.986+0000] {dag.py:4138} INFO - Setting next_dagrun for read_dataset_event_from_classic to 2026-04-08 00:00:00+00:00, run_after=2026-04-09 00:00:00+00:00
[2026-04-09T00:40:19.991+0000] {processor.py:208} INFO - Processing /home/airflow/.local/lib/python3.12/site-packages/airflow/example_dags/example_inlet_event_extra.py took 0.083 seconds
[2026-04-09T00:40:50.693+0000] {processor.py:186} INFO - Started process (PID=1213) to work on /home/airflow/.local/lib/python3.12/site-packages/airflow/example_dags/example_inlet_event_extra.py
[2026-04-09T00:40:50.695+0000] {processor.py:914} INFO - Processing file /home/airflow/.local/lib/python3.12/site-packages/airflow/example_dags/example_inlet_event_extra.py for tasks to queue
[2026-04-09T00:40:50.696+0000] {logging_mixin.py:190} INFO - [2026-04-09T00:40:50.696+0000] {dagbag.py:587} INFO - Filling up the DagBag from /home/airflow/.local/lib/python3.12/site-packages/airflow/example_dags/example_inlet_event_extra.py
[2026-04-09T00:40:50.752+0000] {processor.py:925} INFO - DAG(s) 'read_dataset_event_from_classic', 'read_dataset_event' retrieved from /home/airflow/.local/lib/python3.12/site-packages/airflow/example_dags/example_inlet_event_extra.py
[2026-04-09T00:40:50.764+0000] {logging_mixin.py:190} INFO - [2026-04-09T00:40:50.764+0000] {dag.py:3211} INFO - Sync 2 DAGs
[2026-04-09T00:40:50.775+0000] {logging_mixin.py:190} INFO - [2026-04-09T00:40:50.775+0000] {dag.py:4138} INFO - Setting next_dagrun for read_dataset_event to 2026-04-08 00:00:00+00:00, run_after=2026-04-09 00:00:00+00:00
[2026-04-09T00:40:50.778+0000] {logging_mixin.py:190} INFO - [2026-04-09T00:40:50.778+0000] {dag.py:4138} INFO - Setting next_dagrun for read_dataset_event_from_classic to 2026-04-08 00:00:00+00:00, run_after=2026-04-09 00:00:00+00:00
[2026-04-09T00:40:50.788+0000] {processor.py:208} INFO - Processing /home/airflow/.local/lib/python3.12/site-packages/airflow/example_dags/example_inlet_event_extra.py took 0.097 seconds
[2026-04-09T00:41:21.434+0000] {processor.py:186} INFO - Started process (PID=1277) to work on /home/airflow/.local/lib/python3.12/site-packages/airflow/example_dags/example_inlet_event_extra.py
[2026-04-09T00:41:21.435+0000] {processor.py:914} INFO - Processing file /home/airflow/.local/lib/python3.12/site-packages/airflow/example_dags/example_inlet_event_extra.py for tasks to queue
[2026-04-09T00:41:21.436+0000] {logging_mixin.py:190} INFO - [2026-04-09T00:41:21.435+0000] {dagbag.py:587} INFO - Filling up the DagBag from /home/airflow/.local/lib/python3.12/site-packages/airflow/example_dags/example_inlet_event_extra.py
[2026-04-09T00:41:21.493+0000] {processor.py:925} INFO - DAG(s) 'read_dataset_event', 'read_dataset_event_from_classic' retrieved from /home/airflow/.local/lib/python3.12/site-packages/airflow/example_dags/example_inlet_event_extra.py
[2026-04-09T00:41:21.505+0000] {logging_mixin.py:190} INFO - [2026-04-09T00:41:21.505+0000] {dag.py:3211} INFO - Sync 2 DAGs
[2026-04-09T00:41:21.514+0000] {logging_mixin.py:190} INFO - [2026-04-09T00:41:21.514+0000] {dag.py:4138} INFO - Setting next_dagrun for read_dataset_event to 2026-04-08 00:00:00+00:00, run_after=2026-04-09 00:00:00+00:00
[2026-04-09T00:41:21.517+0000] {logging_mixin.py:190} INFO - [2026-04-09T00:41:21.516+0000] {dag.py:4138} INFO - Setting next_dagrun for read_dataset_event_from_classic to 2026-04-08 00:00:00+00:00, run_after=2026-04-09 00:00:00+00:00
[2026-04-09T00:41:21.527+0000] {processor.py:208} INFO - Processing /home/airflow/.local/lib/python3.12/site-packages/airflow/example_dags/example_inlet_event_extra.py took 0.096 seconds
[2026-04-09T00:41:52.333+0000] {processor.py:186} INFO - Started process (PID=1341) to work on /home/airflow/.local/lib/python3.12/site-packages/airflow/example_dags/example_inlet_event_extra.py
[2026-04-09T00:41:52.335+0000] {processor.py:914} INFO - Processing file /home/airflow/.local/lib/python3.12/site-packages/airflow/example_dags/example_inlet_event_extra.py for tasks to queue
[2026-04-09T00:41:52.336+0000] {logging_mixin.py:190} INFO - [2026-04-09T00:41:52.336+0000] {dagbag.py:587} INFO - Filling up the DagBag from /home/airflow/.local/lib/python3.12/site-packages/airflow/example_dags/example_inlet_event_extra.py
[2026-04-09T00:41:52.394+0000] {processor.py:925} INFO - DAG(s) 'read_dataset_event_from_classic', 'read_dataset_event' retrieved from /home/airflow/.local/lib/python3.12/site-packages/airflow/example_dags/example_inlet_event_extra.py
[2026-04-09T00:41:52.405+0000] {logging_mixin.py:190} INFO - [2026-04-09T00:41:52.405+0000] {dag.py:3211} INFO - Sync 2 DAGs
[2026-04-09T00:41:52.418+0000] {logging_mixin.py:190} INFO - [2026-04-09T00:41:52.417+0000] {dag.py:4138} INFO - Setting next_dagrun for read_dataset_event to 2026-04-08 00:00:00+00:00, run_after=2026-04-09 00:00:00+00:00
[2026-04-09T00:41:52.420+0000] {logging_mixin.py:190} INFO - [2026-04-09T00:41:52.420+0000] {dag.py:4138} INFO - Setting next_dagrun for read_dataset_event_from_classic to 2026-04-08 00:00:00+00:00, run_after=2026-04-09 00:00:00+00:00
[2026-04-09T00:41:52.427+0000] {processor.py:208} INFO - Processing /home/airflow/.local/lib/python3.12/site-packages/airflow/example_dags/example_inlet_event_extra.py took 0.097 seconds
[2026-04-09T00:42:23.387+0000] {processor.py:186} INFO - Started process (PID=1405) to work on /home/airflow/.local/lib/python3.12/site-packages/airflow/example_dags/example_inlet_event_extra.py
[2026-04-09T00:42:23.389+0000] {processor.py:914} INFO - Processing file /home/airflow/.local/lib/python3.12/site-packages/airflow/example_dags/example_inlet_event_extra.py for tasks to queue
[2026-04-09T00:42:23.392+0000] {logging_mixin.py:190} INFO - [2026-04-09T00:42:23.392+0000] {dagbag.py:587} INFO - Filling up the DagBag from /home/airflow/.local/lib/python3.12/site-packages/airflow/example_dags/example_inlet_event_extra.py
[2026-04-09T00:42:23.471+0000] {processor.py:925} INFO - DAG(s) 'read_dataset_event_from_classic', 'read_dataset_event' retrieved from /home/airflow/.local/lib/python3.12/site-packages/airflow/example_dags/example_inlet_event_extra.py
[2026-04-09T00:42:23.493+0000] {logging_mixin.py:190} INFO - [2026-04-09T00:42:23.493+0000] {dag.py:3211} INFO - Sync 2 DAGs
[2026-04-09T00:42:23.510+0000] {logging_mixin.py:190} INFO - [2026-04-09T00:42:23.510+0000] {dag.py:4138} INFO - Setting next_dagrun for read_dataset_event to 2026-04-08 00:00:00+00:00, run_after=2026-04-09 00:00:00+00:00
[2026-04-09T00:42:23.514+0000] {logging_mixin.py:190} INFO - [2026-04-09T00:42:23.514+0000] {dag.py:4138} INFO - Setting next_dagrun for read_dataset_event_from_classic to 2026-04-08 00:00:00+00:00, run_after=2026-04-09 00:00:00+00:00
[2026-04-09T00:42:23.523+0000] {processor.py:208} INFO - Processing /home/airflow/.local/lib/python3.12/site-packages/airflow/example_dags/example_inlet_event_extra.py took 0.138 seconds
[2026-04-09T00:42:54.324+0000] {processor.py:186} INFO - Started process (PID=1469) to work on /home/airflow/.local/lib/python3.12/site-packages/airflow/example_dags/example_inlet_event_extra.py
[2026-04-09T00:42:54.327+0000] {processor.py:914} INFO - Processing file /home/airflow/.local/lib/python3.12/site-packages/airflow/example_dags/example_inlet_event_extra.py for tasks to queue
[2026-04-09T00:42:54.328+0000] {logging_mixin.py:190} INFO - [2026-04-09T00:42:54.328+0000] {dagbag.py:587} INFO - Filling up the DagBag from /home/airflow/.local/lib/python3.12/site-packages/airflow/example_dags/example_inlet_event_extra.py
[2026-04-09T00:42:54.377+0000] {processor.py:925} INFO - DAG(s) 'read_dataset_event', 'read_dataset_event_from_classic' retrieved from /home/airflow/.local/lib/python3.12/site-packages/airflow/example_dags/example_inlet_event_extra.py
[2026-04-09T00:42:54.388+0000] {logging_mixin.py:190} INFO - [2026-04-09T00:42:54.388+0000] {dag.py:3211} INFO - Sync 2 DAGs
[2026-04-09T00:42:54.395+0000] {logging_mixin.py:190} INFO - [2026-04-09T00:42:54.395+0000] {dag.py:4138} INFO - Setting next_dagrun for read_dataset_event to 2026-04-08 00:00:00+00:00, run_after=2026-04-09 00:00:00+00:00
[2026-04-09T00:42:54.397+0000] {logging_mixin.py:190} INFO - [2026-04-09T00:42:54.397+0000] {dag.py:4138} INFO - Setting next_dagrun for read_dataset_event_from_classic to 2026-04-08 00:00:00+00:00, run_after=2026-04-09 00:00:00+00:00
[2026-04-09T00:42:54.404+0000] {processor.py:208} INFO - Processing /home/airflow/.local/lib/python3.12/site-packages/airflow/example_dags/example_inlet_event_extra.py took 0.081 seconds
[2026-04-09T00:43:25.086+0000] {processor.py:186} INFO - Started process (PID=1533) to work on /home/airflow/.local/lib/python3.12/site-packages/airflow/example_dags/example_inlet_event_extra.py
[2026-04-09T00:43:25.088+0000] {processor.py:914} INFO - Processing file /home/airflow/.local/lib/python3.12/site-packages/airflow/example_dags/example_inlet_event_extra.py for tasks to queue
[2026-04-09T00:43:25.088+0000] {logging_mixin.py:190} INFO - [2026-04-09T00:43:25.088+0000] {dagbag.py:587} INFO - Filling up the DagBag from /home/airflow/.local/lib/python3.12/site-packages/airflow/example_dags/example_inlet_event_extra.py
[2026-04-09T00:43:25.151+0000] {processor.py:925} INFO - DAG(s) 'read_dataset_event', 'read_dataset_event_from_classic' retrieved from /home/airflow/.local/lib/python3.12/site-packages/airflow/example_dags/example_inlet_event_extra.py
[2026-04-09T00:43:25.165+0000] {logging_mixin.py:190} INFO - [2026-04-09T00:43:25.165+0000] {dag.py:3211} INFO - Sync 2 DAGs
[2026-04-09T00:43:25.175+0000] {logging_mixin.py:190} INFO - [2026-04-09T00:43:25.175+0000] {dag.py:4138} INFO - Setting next_dagrun for read_dataset_event to 2026-04-08 00:00:00+00:00, run_after=2026-04-09 00:00:00+00:00
[2026-04-09T00:43:25.179+0000] {logging_mixin.py:190} INFO - [2026-04-09T00:43:25.179+0000] {dag.py:4138} INFO - Setting next_dagrun for read_dataset_event_from_classic to 2026-04-08 00:00:00+00:00, run_after=2026-04-09 00:00:00+00:00
[2026-04-09T00:43:25.187+0000] {processor.py:208} INFO - Processing /home/airflow/.local/lib/python3.12/site-packages/airflow/example_dags/example_inlet_event_extra.py took 0.103 seconds
[2026-04-09T00:43:55.829+0000] {processor.py:186} INFO - Started process (PID=1597) to work on /home/airflow/.local/lib/python3.12/site-packages/airflow/example_dags/example_inlet_event_extra.py
[2026-04-09T00:43:55.829+0000] {processor.py:914} INFO - Processing file /home/airflow/.local/lib/python3.12/site-packages/airflow/example_dags/example_inlet_event_extra.py for tasks to queue
[2026-04-09T00:43:55.830+0000] {logging_mixin.py:190} INFO - [2026-04-09T00:43:55.830+0000] {dagbag.py:587} INFO - Filling up the DagBag from /home/airflow/.local/lib/python3.12/site-packages/airflow/example_dags/example_inlet_event_extra.py
[2026-04-09T00:43:55.882+0000] {processor.py:925} INFO - DAG(s) 'read_dataset_event', 'read_dataset_event_from_classic' retrieved from /home/airflow/.local/lib/python3.12/site-packages/airflow/example_dags/example_inlet_event_extra.py
[2026-04-09T00:43:55.896+0000] {logging_mixin.py:190} INFO - [2026-04-09T00:43:55.893+0000] {dag.py:3211} INFO - Sync 2 DAGs
[2026-04-09T00:43:55.905+0000] {logging_mixin.py:190} INFO - [2026-04-09T00:43:55.905+0000] {dag.py:4138} INFO - Setting next_dagrun for read_dataset_event to 2026-04-08 00:00:00+00:00, run_after=2026-04-09 00:00:00+00:00
[2026-04-09T00:43:55.906+0000] {logging_mixin.py:190} INFO - [2026-04-09T00:43:55.906+0000] {dag.py:4138} INFO - Setting next_dagrun for read_dataset_event_from_classic to 2026-04-08 00:00:00+00:00, run_after=2026-04-09 00:00:00+00:00
[2026-04-09T00:43:55.913+0000] {processor.py:208} INFO - Processing /home/airflow/.local/lib/python3.12/site-packages/airflow/example_dags/example_inlet_event_extra.py took 0.086 seconds
[2026-04-09T00:44:26.613+0000] {processor.py:186} INFO - Started process (PID=1661) to work on /home/airflow/.local/lib/python3.12/site-packages/airflow/example_dags/example_inlet_event_extra.py
[2026-04-09T00:44:26.614+0000] {processor.py:914} INFO - Processing file /home/airflow/.local/lib/python3.12/site-packages/airflow/example_dags/example_inlet_event_extra.py for tasks to queue
[2026-04-09T00:44:26.616+0000] {logging_mixin.py:190} INFO - [2026-04-09T00:44:26.616+0000] {dagbag.py:587} INFO - Filling up the DagBag from /home/airflow/.local/lib/python3.12/site-packages/airflow/example_dags/example_inlet_event_extra.py
[2026-04-09T00:44:26.671+0000] {processor.py:925} INFO - DAG(s) 'read_dataset_event', 'read_dataset_event_from_classic' retrieved from /home/airflow/.local/lib/python3.12/site-packages/airflow/example_dags/example_inlet_event_extra.py
[2026-04-09T00:44:26.679+0000] {logging_mixin.py:190} INFO - [2026-04-09T00:44:26.679+0000] {dag.py:3211} INFO - Sync 2 DAGs
[2026-04-09T00:44:26.786+0000] {logging_mixin.py:190} INFO - [2026-04-09T00:44:26.786+0000] {dag.py:4138} INFO - Setting next_dagrun for read_dataset_event to 2026-04-08 00:00:00+00:00, run_after=2026-04-09 00:00:00+00:00
[2026-04-09T00:44:26.788+0000] {logging_mixin.py:190} INFO - [2026-04-09T00:44:26.788+0000] {dag.py:4138} INFO - Setting next_dagrun for read_dataset_event_from_classic to 2026-04-08 00:00:00+00:00, run_after=2026-04-09 00:00:00+00:00
[2026-04-09T00:44:26.796+0000] {processor.py:208} INFO - Processing /home/airflow/.local/lib/python3.12/site-packages/airflow/example_dags/example_inlet_event_extra.py took 0.186 seconds
[2026-04-09T00:44:57.410+0000] {processor.py:186} INFO - Started process (PID=1725) to work on /home/airflow/.local/lib/python3.12/site-packages/airflow/example_dags/example_inlet_event_extra.py
[2026-04-09T00:44:57.412+0000] {processor.py:914} INFO - Processing file /home/airflow/.local/lib/python3.12/site-packages/airflow/example_dags/example_inlet_event_extra.py for tasks to queue
[2026-04-09T00:44:57.413+0000] {logging_mixin.py:190} INFO - [2026-04-09T00:44:57.413+0000] {dagbag.py:587} INFO - Filling up the DagBag from /home/airflow/.local/lib/python3.12/site-packages/airflow/example_dags/example_inlet_event_extra.py
[2026-04-09T00:44:57.463+0000] {processor.py:925} INFO - DAG(s) 'read_dataset_event', 'read_dataset_event_from_classic' retrieved from /home/airflow/.local/lib/python3.12/site-packages/airflow/example_dags/example_inlet_event_extra.py
[2026-04-09T00:44:57.475+0000] {logging_mixin.py:190} INFO - [2026-04-09T00:44:57.475+0000] {dag.py:3211} INFO - Sync 2 DAGs
[2026-04-09T00:44:57.483+0000] {logging_mixin.py:190} INFO - [2026-04-09T00:44:57.483+0000] {dag.py:4138} INFO - Setting next_dagrun for read_dataset_event to 2026-04-08 00:00:00+00:00, run_after=2026-04-09 00:00:00+00:00
[2026-04-09T00:44:57.485+0000] {logging_mixin.py:190} INFO - [2026-04-09T00:44:57.485+0000] {dag.py:4138} INFO - Setting next_dagrun for read_dataset_event_from_classic to 2026-04-08 00:00:00+00:00, run_after=2026-04-09 00:00:00+00:00
[2026-04-09T00:44:57.579+0000] {processor.py:208} INFO - Processing /home/airflow/.local/lib/python3.12/site-packages/airflow/example_dags/example_inlet_event_extra.py took 0.171 seconds
[2026-04-09T00:45:28.388+0000] {processor.py:186} INFO - Started process (PID=1788) to work on /home/airflow/.local/lib/python3.12/site-packages/airflow/example_dags/example_inlet_event_extra.py
[2026-04-09T00:45:28.388+0000] {processor.py:914} INFO - Processing file /home/airflow/.local/lib/python3.12/site-packages/airflow/example_dags/example_inlet_event_extra.py for tasks to queue
[2026-04-09T00:45:28.389+0000] {logging_mixin.py:190} INFO - [2026-04-09T00:45:28.389+0000] {dagbag.py:587} INFO - Filling up the DagBag from /home/airflow/.local/lib/python3.12/site-packages/airflow/example_dags/example_inlet_event_extra.py
[2026-04-09T00:45:28.443+0000] {processor.py:925} INFO - DAG(s) 'read_dataset_event_from_classic', 'read_dataset_event' retrieved from /home/airflow/.local/lib/python3.12/site-packages/airflow/example_dags/example_inlet_event_extra.py
[2026-04-09T00:45:28.456+0000] {logging_mixin.py:190} INFO - [2026-04-09T00:45:28.456+0000] {dag.py:3211} INFO - Sync 2 DAGs
[2026-04-09T00:45:28.464+0000] {logging_mixin.py:190} INFO - [2026-04-09T00:45:28.464+0000] {dag.py:4138} INFO - Setting next_dagrun for read_dataset_event to 2026-04-08 00:00:00+00:00, run_after=2026-04-09 00:00:00+00:00
[2026-04-09T00:45:28.466+0000] {logging_mixin.py:190} INFO - [2026-04-09T00:45:28.466+0000] {dag.py:4138} INFO - Setting next_dagrun for read_dataset_event_from_classic to 2026-04-08 00:00:00+00:00, run_after=2026-04-09 00:00:00+00:00
[2026-04-09T00:45:28.474+0000] {processor.py:208} INFO - Processing /home/airflow/.local/lib/python3.12/site-packages/airflow/example_dags/example_inlet_event_extra.py took 0.088 seconds
[2026-04-09T00:45:59.390+0000] {processor.py:186} INFO - Started process (PID=1852) to work on /home/airflow/.local/lib/python3.12/site-packages/airflow/example_dags/example_inlet_event_extra.py
[2026-04-09T00:45:59.390+0000] {processor.py:914} INFO - Processing file /home/airflow/.local/lib/python3.12/site-packages/airflow/example_dags/example_inlet_event_extra.py for tasks to queue
[2026-04-09T00:45:59.391+0000] {logging_mixin.py:190} INFO - [2026-04-09T00:45:59.391+0000] {dagbag.py:587} INFO - Filling up the DagBag from /home/airflow/.local/lib/python3.12/site-packages/airflow/example_dags/example_inlet_event_extra.py
[2026-04-09T00:45:59.447+0000] {processor.py:925} INFO - DAG(s) 'read_dataset_event', 'read_dataset_event_from_classic' retrieved from /home/airflow/.local/lib/python3.12/site-packages/airflow/example_dags/example_inlet_event_extra.py
[2026-04-09T00:45:59.456+0000] {logging_mixin.py:190} INFO - [2026-04-09T00:45:59.456+0000] {dag.py:3211} INFO - Sync 2 DAGs
[2026-04-09T00:45:59.464+0000] {logging_mixin.py:190} INFO - [2026-04-09T00:45:59.464+0000] {dag.py:4138} INFO - Setting next_dagrun for read_dataset_event to 2026-04-08 00:00:00+00:00, run_after=2026-04-09 00:00:00+00:00
[2026-04-09T00:45:59.466+0000] {logging_mixin.py:190} INFO - [2026-04-09T00:45:59.466+0000] {dag.py:4138} INFO - Setting next_dagrun for read_dataset_event_from_classic to 2026-04-08 00:00:00+00:00, run_after=2026-04-09 00:00:00+00:00
[2026-04-09T00:45:59.471+0000] {processor.py:208} INFO - Processing /home/airflow/.local/lib/python3.12/site-packages/airflow/example_dags/example_inlet_event_extra.py took 0.084 seconds
