[2026-04-09T00:31:38.228+0000] {processor.py:186} INFO - Started process (PID=89) to work on /home/airflow/.local/lib/python3.12/site-packages/airflow/example_dags/example_branch_datetime_operator.py
[2026-04-09T00:31:38.229+0000] {processor.py:914} INFO - Processing file /home/airflow/.local/lib/python3.12/site-packages/airflow/example_dags/example_branch_datetime_operator.py for tasks to queue
[2026-04-09T00:31:38.230+0000] {logging_mixin.py:190} INFO - [2026-04-09T00:31:38.230+0000] {dagbag.py:587} INFO - Filling up the DagBag from /home/airflow/.local/lib/python3.12/site-packages/airflow/example_dags/example_branch_datetime_operator.py
[2026-04-09T00:31:38.234+0000] {processor.py:925} INFO - DAG(s) 'example_branch_datetime_operator_3', 'example_branch_datetime_operator', 'example_branch_datetime_operator_2' retrieved from /home/airflow/.local/lib/python3.12/site-packages/airflow/example_dags/example_branch_datetime_operator.py
[2026-04-09T00:31:38.283+0000] {logging_mixin.py:190} INFO - [2026-04-09T00:31:38.283+0000] {dag.py:3211} INFO - Sync 3 DAGs
[2026-04-09T00:31:38.290+0000] {logging_mixin.py:190} INFO - [2026-04-09T00:31:38.290+0000] {dag.py:4138} INFO - Setting next_dagrun for example_branch_datetime_operator to 2026-04-08 00:00:00+00:00, run_after=2026-04-09 00:00:00+00:00
[2026-04-09T00:31:38.292+0000] {logging_mixin.py:190} INFO - [2026-04-09T00:31:38.292+0000] {dag.py:4138} INFO - Setting next_dagrun for example_branch_datetime_operator_2 to 2026-04-08 00:00:00+00:00, run_after=2026-04-09 00:00:00+00:00
[2026-04-09T00:31:38.293+0000] {logging_mixin.py:190} INFO - [2026-04-09T00:31:38.292+0000] {dag.py:4138} INFO - Setting next_dagrun for example_branch_datetime_operator_3 to 2026-04-08 00:00:00+00:00, run_after=2026-04-09 00:00:00+00:00
[2026-04-09T00:31:38.298+0000] {processor.py:208} INFO - Processing /home/airflow/.local/lib/python3.12/site-packages/airflow/example_dags/example_branch_datetime_operator.py took 0.072 seconds
[2026-04-09T00:32:09.220+0000] {processor.py:186} INFO - Started process (PID=152) to work on /home/airflow/.local/lib/python3.12/site-packages/airflow/example_dags/example_branch_datetime_operator.py
[2026-04-09T00:32:09.221+0000] {processor.py:914} INFO - Processing file /home/airflow/.local/lib/python3.12/site-packages/airflow/example_dags/example_branch_datetime_operator.py for tasks to queue
[2026-04-09T00:32:09.222+0000] {logging_mixin.py:190} INFO - [2026-04-09T00:32:09.222+0000] {dagbag.py:587} INFO - Filling up the DagBag from /home/airflow/.local/lib/python3.12/site-packages/airflow/example_dags/example_branch_datetime_operator.py
[2026-04-09T00:32:09.228+0000] {processor.py:925} INFO - DAG(s) 'example_branch_datetime_operator', 'example_branch_datetime_operator_2', 'example_branch_datetime_operator_3' retrieved from /home/airflow/.local/lib/python3.12/site-packages/airflow/example_dags/example_branch_datetime_operator.py
[2026-04-09T00:32:09.244+0000] {logging_mixin.py:190} INFO - [2026-04-09T00:32:09.244+0000] {dag.py:3211} INFO - Sync 3 DAGs
[2026-04-09T00:32:09.254+0000] {logging_mixin.py:190} INFO - [2026-04-09T00:32:09.254+0000] {dag.py:4138} INFO - Setting next_dagrun for example_branch_datetime_operator to 2026-04-08 00:00:00+00:00, run_after=2026-04-09 00:00:00+00:00
[2026-04-09T00:32:09.256+0000] {logging_mixin.py:190} INFO - [2026-04-09T00:32:09.255+0000] {dag.py:4138} INFO - Setting next_dagrun for example_branch_datetime_operator_2 to 2026-04-08 00:00:00+00:00, run_after=2026-04-09 00:00:00+00:00
[2026-04-09T00:32:09.256+0000] {logging_mixin.py:190} INFO - [2026-04-09T00:32:09.256+0000] {dag.py:4138} INFO - Setting next_dagrun for example_branch_datetime_operator_3 to 2026-04-08 00:00:00+00:00, run_after=2026-04-09 00:00:00+00:00
[2026-04-09T00:32:09.262+0000] {processor.py:208} INFO - Processing /home/airflow/.local/lib/python3.12/site-packages/airflow/example_dags/example_branch_datetime_operator.py took 0.044 seconds
[2026-04-09T00:32:40.095+0000] {processor.py:186} INFO - Started process (PID=222) to work on /home/airflow/.local/lib/python3.12/site-packages/airflow/example_dags/example_branch_datetime_operator.py
[2026-04-09T00:32:40.096+0000] {processor.py:914} INFO - Processing file /home/airflow/.local/lib/python3.12/site-packages/airflow/example_dags/example_branch_datetime_operator.py for tasks to queue
[2026-04-09T00:32:40.098+0000] {logging_mixin.py:190} INFO - [2026-04-09T00:32:40.098+0000] {dagbag.py:587} INFO - Filling up the DagBag from /home/airflow/.local/lib/python3.12/site-packages/airflow/example_dags/example_branch_datetime_operator.py
[2026-04-09T00:32:40.105+0000] {processor.py:925} INFO - DAG(s) 'example_branch_datetime_operator', 'example_branch_datetime_operator_3', 'example_branch_datetime_operator_2' retrieved from /home/airflow/.local/lib/python3.12/site-packages/airflow/example_dags/example_branch_datetime_operator.py
[2026-04-09T00:32:40.125+0000] {logging_mixin.py:190} INFO - [2026-04-09T00:32:40.125+0000] {dag.py:3211} INFO - Sync 3 DAGs
[2026-04-09T00:32:40.136+0000] {logging_mixin.py:190} INFO - [2026-04-09T00:32:40.136+0000] {dag.py:4138} INFO - Setting next_dagrun for example_branch_datetime_operator to 2026-04-08 00:00:00+00:00, run_after=2026-04-09 00:00:00+00:00
[2026-04-09T00:32:40.138+0000] {logging_mixin.py:190} INFO - [2026-04-09T00:32:40.138+0000] {dag.py:4138} INFO - Setting next_dagrun for example_branch_datetime_operator_2 to 2026-04-08 00:00:00+00:00, run_after=2026-04-09 00:00:00+00:00
[2026-04-09T00:32:40.139+0000] {logging_mixin.py:190} INFO - [2026-04-09T00:32:40.139+0000] {dag.py:4138} INFO - Setting next_dagrun for example_branch_datetime_operator_3 to 2026-04-08 00:00:00+00:00, run_after=2026-04-09 00:00:00+00:00
[2026-04-09T00:32:40.144+0000] {processor.py:208} INFO - Processing /home/airflow/.local/lib/python3.12/site-packages/airflow/example_dags/example_branch_datetime_operator.py took 0.052 seconds
[2026-04-09T00:33:10.904+0000] {processor.py:186} INFO - Started process (PID=286) to work on /home/airflow/.local/lib/python3.12/site-packages/airflow/example_dags/example_branch_datetime_operator.py
[2026-04-09T00:33:10.905+0000] {processor.py:914} INFO - Processing file /home/airflow/.local/lib/python3.12/site-packages/airflow/example_dags/example_branch_datetime_operator.py for tasks to queue
[2026-04-09T00:33:10.906+0000] {logging_mixin.py:190} INFO - [2026-04-09T00:33:10.906+0000] {dagbag.py:587} INFO - Filling up the DagBag from /home/airflow/.local/lib/python3.12/site-packages/airflow/example_dags/example_branch_datetime_operator.py
[2026-04-09T00:33:10.911+0000] {processor.py:925} INFO - DAG(s) 'example_branch_datetime_operator', 'example_branch_datetime_operator_2', 'example_branch_datetime_operator_3' retrieved from /home/airflow/.local/lib/python3.12/site-packages/airflow/example_dags/example_branch_datetime_operator.py
[2026-04-09T00:33:10.923+0000] {logging_mixin.py:190} INFO - [2026-04-09T00:33:10.923+0000] {dag.py:3211} INFO - Sync 3 DAGs
[2026-04-09T00:33:10.933+0000] {logging_mixin.py:190} INFO - [2026-04-09T00:33:10.933+0000] {dag.py:4138} INFO - Setting next_dagrun for example_branch_datetime_operator to 2026-04-08 00:00:00+00:00, run_after=2026-04-09 00:00:00+00:00
[2026-04-09T00:33:10.936+0000] {logging_mixin.py:190} INFO - [2026-04-09T00:33:10.936+0000] {dag.py:4138} INFO - Setting next_dagrun for example_branch_datetime_operator_2 to 2026-04-08 00:00:00+00:00, run_after=2026-04-09 00:00:00+00:00
[2026-04-09T00:33:10.937+0000] {logging_mixin.py:190} INFO - [2026-04-09T00:33:10.937+0000] {dag.py:4138} INFO - Setting next_dagrun for example_branch_datetime_operator_3 to 2026-04-08 00:00:00+00:00, run_after=2026-04-09 00:00:00+00:00
[2026-04-09T00:33:10.943+0000] {processor.py:208} INFO - Processing /home/airflow/.local/lib/python3.12/site-packages/airflow/example_dags/example_branch_datetime_operator.py took 0.041 seconds
[2026-04-09T00:33:41.764+0000] {processor.py:186} INFO - Started process (PID=350) to work on /home/airflow/.local/lib/python3.12/site-packages/airflow/example_dags/example_branch_datetime_operator.py
[2026-04-09T00:33:41.765+0000] {processor.py:914} INFO - Processing file /home/airflow/.local/lib/python3.12/site-packages/airflow/example_dags/example_branch_datetime_operator.py for tasks to queue
[2026-04-09T00:33:41.766+0000] {logging_mixin.py:190} INFO - [2026-04-09T00:33:41.766+0000] {dagbag.py:587} INFO - Filling up the DagBag from /home/airflow/.local/lib/python3.12/site-packages/airflow/example_dags/example_branch_datetime_operator.py
[2026-04-09T00:33:41.772+0000] {processor.py:925} INFO - DAG(s) 'example_branch_datetime_operator_3', 'example_branch_datetime_operator', 'example_branch_datetime_operator_2' retrieved from /home/airflow/.local/lib/python3.12/site-packages/airflow/example_dags/example_branch_datetime_operator.py
[2026-04-09T00:33:41.792+0000] {logging_mixin.py:190} INFO - [2026-04-09T00:33:41.792+0000] {dag.py:3211} INFO - Sync 3 DAGs
[2026-04-09T00:33:41.805+0000] {logging_mixin.py:190} INFO - [2026-04-09T00:33:41.805+0000] {dag.py:4138} INFO - Setting next_dagrun for example_branch_datetime_operator to 2026-04-08 00:00:00+00:00, run_after=2026-04-09 00:00:00+00:00
[2026-04-09T00:33:41.808+0000] {logging_mixin.py:190} INFO - [2026-04-09T00:33:41.808+0000] {dag.py:4138} INFO - Setting next_dagrun for example_branch_datetime_operator_2 to 2026-04-08 00:00:00+00:00, run_after=2026-04-09 00:00:00+00:00
[2026-04-09T00:33:41.810+0000] {logging_mixin.py:190} INFO - [2026-04-09T00:33:41.810+0000] {dag.py:4138} INFO - Setting next_dagrun for example_branch_datetime_operator_3 to 2026-04-08 00:00:00+00:00, run_after=2026-04-09 00:00:00+00:00
[2026-04-09T00:33:41.818+0000] {processor.py:208} INFO - Processing /home/airflow/.local/lib/python3.12/site-packages/airflow/example_dags/example_branch_datetime_operator.py took 0.057 seconds
[2026-04-09T00:34:12.628+0000] {processor.py:186} INFO - Started process (PID=414) to work on /home/airflow/.local/lib/python3.12/site-packages/airflow/example_dags/example_branch_datetime_operator.py
[2026-04-09T00:34:12.629+0000] {processor.py:914} INFO - Processing file /home/airflow/.local/lib/python3.12/site-packages/airflow/example_dags/example_branch_datetime_operator.py for tasks to queue
[2026-04-09T00:34:12.630+0000] {logging_mixin.py:190} INFO - [2026-04-09T00:34:12.630+0000] {dagbag.py:587} INFO - Filling up the DagBag from /home/airflow/.local/lib/python3.12/site-packages/airflow/example_dags/example_branch_datetime_operator.py
[2026-04-09T00:34:12.636+0000] {processor.py:925} INFO - DAG(s) 'example_branch_datetime_operator_3', 'example_branch_datetime_operator', 'example_branch_datetime_operator_2' retrieved from /home/airflow/.local/lib/python3.12/site-packages/airflow/example_dags/example_branch_datetime_operator.py
[2026-04-09T00:34:12.653+0000] {logging_mixin.py:190} INFO - [2026-04-09T00:34:12.653+0000] {dag.py:3211} INFO - Sync 3 DAGs
[2026-04-09T00:34:12.661+0000] {logging_mixin.py:190} INFO - [2026-04-09T00:34:12.661+0000] {dag.py:4138} INFO - Setting next_dagrun for example_branch_datetime_operator to 2026-04-08 00:00:00+00:00, run_after=2026-04-09 00:00:00+00:00
[2026-04-09T00:34:12.664+0000] {logging_mixin.py:190} INFO - [2026-04-09T00:34:12.664+0000] {dag.py:4138} INFO - Setting next_dagrun for example_branch_datetime_operator_2 to 2026-04-08 00:00:00+00:00, run_after=2026-04-09 00:00:00+00:00
[2026-04-09T00:34:12.665+0000] {logging_mixin.py:190} INFO - [2026-04-09T00:34:12.665+0000] {dag.py:4138} INFO - Setting next_dagrun for example_branch_datetime_operator_3 to 2026-04-08 00:00:00+00:00, run_after=2026-04-09 00:00:00+00:00
[2026-04-09T00:34:12.673+0000] {processor.py:208} INFO - Processing /home/airflow/.local/lib/python3.12/site-packages/airflow/example_dags/example_branch_datetime_operator.py took 0.047 seconds
[2026-04-09T00:34:43.364+0000] {processor.py:186} INFO - Started process (PID=478) to work on /home/airflow/.local/lib/python3.12/site-packages/airflow/example_dags/example_branch_datetime_operator.py
[2026-04-09T00:34:43.364+0000] {processor.py:914} INFO - Processing file /home/airflow/.local/lib/python3.12/site-packages/airflow/example_dags/example_branch_datetime_operator.py for tasks to queue
[2026-04-09T00:34:43.366+0000] {logging_mixin.py:190} INFO - [2026-04-09T00:34:43.366+0000] {dagbag.py:587} INFO - Filling up the DagBag from /home/airflow/.local/lib/python3.12/site-packages/airflow/example_dags/example_branch_datetime_operator.py
[2026-04-09T00:34:43.371+0000] {processor.py:925} INFO - DAG(s) 'example_branch_datetime_operator_2', 'example_branch_datetime_operator', 'example_branch_datetime_operator_3' retrieved from /home/airflow/.local/lib/python3.12/site-packages/airflow/example_dags/example_branch_datetime_operator.py
[2026-04-09T00:34:43.388+0000] {logging_mixin.py:190} INFO - [2026-04-09T00:34:43.388+0000] {dag.py:3211} INFO - Sync 3 DAGs
[2026-04-09T00:34:43.397+0000] {logging_mixin.py:190} INFO - [2026-04-09T00:34:43.397+0000] {dag.py:4138} INFO - Setting next_dagrun for example_branch_datetime_operator to 2026-04-08 00:00:00+00:00, run_after=2026-04-09 00:00:00+00:00
[2026-04-09T00:34:43.399+0000] {logging_mixin.py:190} INFO - [2026-04-09T00:34:43.399+0000] {dag.py:4138} INFO - Setting next_dagrun for example_branch_datetime_operator_2 to 2026-04-08 00:00:00+00:00, run_after=2026-04-09 00:00:00+00:00
[2026-04-09T00:34:43.400+0000] {logging_mixin.py:190} INFO - [2026-04-09T00:34:43.399+0000] {dag.py:4138} INFO - Setting next_dagrun for example_branch_datetime_operator_3 to 2026-04-08 00:00:00+00:00, run_after=2026-04-09 00:00:00+00:00
[2026-04-09T00:34:43.405+0000] {processor.py:208} INFO - Processing /home/airflow/.local/lib/python3.12/site-packages/airflow/example_dags/example_branch_datetime_operator.py took 0.043 seconds
[2026-04-09T00:35:14.052+0000] {processor.py:186} INFO - Started process (PID=542) to work on /home/airflow/.local/lib/python3.12/site-packages/airflow/example_dags/example_branch_datetime_operator.py
[2026-04-09T00:35:14.053+0000] {processor.py:914} INFO - Processing file /home/airflow/.local/lib/python3.12/site-packages/airflow/example_dags/example_branch_datetime_operator.py for tasks to queue
[2026-04-09T00:35:14.055+0000] {logging_mixin.py:190} INFO - [2026-04-09T00:35:14.055+0000] {dagbag.py:587} INFO - Filling up the DagBag from /home/airflow/.local/lib/python3.12/site-packages/airflow/example_dags/example_branch_datetime_operator.py
[2026-04-09T00:35:14.059+0000] {processor.py:925} INFO - DAG(s) 'example_branch_datetime_operator_2', 'example_branch_datetime_operator', 'example_branch_datetime_operator_3' retrieved from /home/airflow/.local/lib/python3.12/site-packages/airflow/example_dags/example_branch_datetime_operator.py
[2026-04-09T00:35:14.069+0000] {logging_mixin.py:190} INFO - [2026-04-09T00:35:14.069+0000] {dag.py:3211} INFO - Sync 3 DAGs
[2026-04-09T00:35:14.081+0000] {logging_mixin.py:190} INFO - [2026-04-09T00:35:14.081+0000] {dag.py:4138} INFO - Setting next_dagrun for example_branch_datetime_operator to 2026-04-08 00:00:00+00:00, run_after=2026-04-09 00:00:00+00:00
[2026-04-09T00:35:14.084+0000] {logging_mixin.py:190} INFO - [2026-04-09T00:35:14.084+0000] {dag.py:4138} INFO - Setting next_dagrun for example_branch_datetime_operator_2 to 2026-04-08 00:00:00+00:00, run_after=2026-04-09 00:00:00+00:00
[2026-04-09T00:35:14.085+0000] {logging_mixin.py:190} INFO - [2026-04-09T00:35:14.085+0000] {dag.py:4138} INFO - Setting next_dagrun for example_branch_datetime_operator_3 to 2026-04-08 00:00:00+00:00, run_after=2026-04-09 00:00:00+00:00
[2026-04-09T00:35:14.091+0000] {processor.py:208} INFO - Processing /home/airflow/.local/lib/python3.12/site-packages/airflow/example_dags/example_branch_datetime_operator.py took 0.041 seconds
[2026-04-09T00:35:44.891+0000] {processor.py:186} INFO - Started process (PID=605) to work on /home/airflow/.local/lib/python3.12/site-packages/airflow/example_dags/example_branch_datetime_operator.py
[2026-04-09T00:35:44.892+0000] {processor.py:914} INFO - Processing file /home/airflow/.local/lib/python3.12/site-packages/airflow/example_dags/example_branch_datetime_operator.py for tasks to queue
[2026-04-09T00:35:44.893+0000] {logging_mixin.py:190} INFO - [2026-04-09T00:35:44.893+0000] {dagbag.py:587} INFO - Filling up the DagBag from /home/airflow/.local/lib/python3.12/site-packages/airflow/example_dags/example_branch_datetime_operator.py
[2026-04-09T00:35:44.899+0000] {processor.py:925} INFO - DAG(s) 'example_branch_datetime_operator', 'example_branch_datetime_operator_2', 'example_branch_datetime_operator_3' retrieved from /home/airflow/.local/lib/python3.12/site-packages/airflow/example_dags/example_branch_datetime_operator.py
[2026-04-09T00:35:44.910+0000] {logging_mixin.py:190} INFO - [2026-04-09T00:35:44.910+0000] {dag.py:3211} INFO - Sync 3 DAGs
[2026-04-09T00:35:44.919+0000] {logging_mixin.py:190} INFO - [2026-04-09T00:35:44.919+0000] {dag.py:4138} INFO - Setting next_dagrun for example_branch_datetime_operator to 2026-04-08 00:00:00+00:00, run_after=2026-04-09 00:00:00+00:00
[2026-04-09T00:35:44.920+0000] {logging_mixin.py:190} INFO - [2026-04-09T00:35:44.920+0000] {dag.py:4138} INFO - Setting next_dagrun for example_branch_datetime_operator_2 to 2026-04-08 00:00:00+00:00, run_after=2026-04-09 00:00:00+00:00
[2026-04-09T00:35:44.921+0000] {logging_mixin.py:190} INFO - [2026-04-09T00:35:44.921+0000] {dag.py:4138} INFO - Setting next_dagrun for example_branch_datetime_operator_3 to 2026-04-08 00:00:00+00:00, run_after=2026-04-09 00:00:00+00:00
[2026-04-09T00:35:44.926+0000] {processor.py:208} INFO - Processing /home/airflow/.local/lib/python3.12/site-packages/airflow/example_dags/example_branch_datetime_operator.py took 0.037 seconds
[2026-04-09T00:36:15.669+0000] {processor.py:186} INFO - Started process (PID=669) to work on /home/airflow/.local/lib/python3.12/site-packages/airflow/example_dags/example_branch_datetime_operator.py
[2026-04-09T00:36:15.670+0000] {processor.py:914} INFO - Processing file /home/airflow/.local/lib/python3.12/site-packages/airflow/example_dags/example_branch_datetime_operator.py for tasks to queue
[2026-04-09T00:36:15.672+0000] {logging_mixin.py:190} INFO - [2026-04-09T00:36:15.672+0000] {dagbag.py:587} INFO - Filling up the DagBag from /home/airflow/.local/lib/python3.12/site-packages/airflow/example_dags/example_branch_datetime_operator.py
[2026-04-09T00:36:15.677+0000] {processor.py:925} INFO - DAG(s) 'example_branch_datetime_operator', 'example_branch_datetime_operator_2', 'example_branch_datetime_operator_3' retrieved from /home/airflow/.local/lib/python3.12/site-packages/airflow/example_dags/example_branch_datetime_operator.py
[2026-04-09T00:36:15.694+0000] {logging_mixin.py:190} INFO - [2026-04-09T00:36:15.694+0000] {dag.py:3211} INFO - Sync 3 DAGs
[2026-04-09T00:36:15.703+0000] {logging_mixin.py:190} INFO - [2026-04-09T00:36:15.703+0000] {dag.py:4138} INFO - Setting next_dagrun for example_branch_datetime_operator to 2026-04-08 00:00:00+00:00, run_after=2026-04-09 00:00:00+00:00
[2026-04-09T00:36:15.706+0000] {logging_mixin.py:190} INFO - [2026-04-09T00:36:15.706+0000] {dag.py:4138} INFO - Setting next_dagrun for example_branch_datetime_operator_2 to 2026-04-08 00:00:00+00:00, run_after=2026-04-09 00:00:00+00:00
[2026-04-09T00:36:15.707+0000] {logging_mixin.py:190} INFO - [2026-04-09T00:36:15.707+0000] {dag.py:4138} INFO - Setting next_dagrun for example_branch_datetime_operator_3 to 2026-04-08 00:00:00+00:00, run_after=2026-04-09 00:00:00+00:00
[2026-04-09T00:36:15.713+0000] {processor.py:208} INFO - Processing /home/airflow/.local/lib/python3.12/site-packages/airflow/example_dags/example_branch_datetime_operator.py took 0.046 seconds
[2026-04-09T00:36:46.457+0000] {processor.py:186} INFO - Started process (PID=733) to work on /home/airflow/.local/lib/python3.12/site-packages/airflow/example_dags/example_branch_datetime_operator.py
[2026-04-09T00:36:46.457+0000] {processor.py:914} INFO - Processing file /home/airflow/.local/lib/python3.12/site-packages/airflow/example_dags/example_branch_datetime_operator.py for tasks to queue
[2026-04-09T00:36:46.458+0000] {logging_mixin.py:190} INFO - [2026-04-09T00:36:46.458+0000] {dagbag.py:587} INFO - Filling up the DagBag from /home/airflow/.local/lib/python3.12/site-packages/airflow/example_dags/example_branch_datetime_operator.py
[2026-04-09T00:36:46.462+0000] {processor.py:925} INFO - DAG(s) 'example_branch_datetime_operator', 'example_branch_datetime_operator_3', 'example_branch_datetime_operator_2' retrieved from /home/airflow/.local/lib/python3.12/site-packages/airflow/example_dags/example_branch_datetime_operator.py
[2026-04-09T00:36:46.480+0000] {logging_mixin.py:190} INFO - [2026-04-09T00:36:46.480+0000] {dag.py:3211} INFO - Sync 3 DAGs
[2026-04-09T00:36:46.491+0000] {logging_mixin.py:190} INFO - [2026-04-09T00:36:46.491+0000] {dag.py:4138} INFO - Setting next_dagrun for example_branch_datetime_operator to 2026-04-08 00:00:00+00:00, run_after=2026-04-09 00:00:00+00:00
[2026-04-09T00:36:46.492+0000] {logging_mixin.py:190} INFO - [2026-04-09T00:36:46.492+0000] {dag.py:4138} INFO - Setting next_dagrun for example_branch_datetime_operator_2 to 2026-04-08 00:00:00+00:00, run_after=2026-04-09 00:00:00+00:00
[2026-04-09T00:36:46.493+0000] {logging_mixin.py:190} INFO - [2026-04-09T00:36:46.493+0000] {dag.py:4138} INFO - Setting next_dagrun for example_branch_datetime_operator_3 to 2026-04-08 00:00:00+00:00, run_after=2026-04-09 00:00:00+00:00
[2026-04-09T00:36:46.498+0000] {processor.py:208} INFO - Processing /home/airflow/.local/lib/python3.12/site-packages/airflow/example_dags/example_branch_datetime_operator.py took 0.043 seconds
[2026-04-09T00:37:17.251+0000] {processor.py:186} INFO - Started process (PID=797) to work on /home/airflow/.local/lib/python3.12/site-packages/airflow/example_dags/example_branch_datetime_operator.py
[2026-04-09T00:37:17.251+0000] {processor.py:914} INFO - Processing file /home/airflow/.local/lib/python3.12/site-packages/airflow/example_dags/example_branch_datetime_operator.py for tasks to queue
[2026-04-09T00:37:17.252+0000] {logging_mixin.py:190} INFO - [2026-04-09T00:37:17.252+0000] {dagbag.py:587} INFO - Filling up the DagBag from /home/airflow/.local/lib/python3.12/site-packages/airflow/example_dags/example_branch_datetime_operator.py
[2026-04-09T00:37:17.259+0000] {processor.py:925} INFO - DAG(s) 'example_branch_datetime_operator_3', 'example_branch_datetime_operator', 'example_branch_datetime_operator_2' retrieved from /home/airflow/.local/lib/python3.12/site-packages/airflow/example_dags/example_branch_datetime_operator.py
[2026-04-09T00:37:17.274+0000] {logging_mixin.py:190} INFO - [2026-04-09T00:37:17.274+0000] {dag.py:3211} INFO - Sync 3 DAGs
[2026-04-09T00:37:17.283+0000] {logging_mixin.py:190} INFO - [2026-04-09T00:37:17.283+0000] {dag.py:4138} INFO - Setting next_dagrun for example_branch_datetime_operator to 2026-04-08 00:00:00+00:00, run_after=2026-04-09 00:00:00+00:00
[2026-04-09T00:37:17.286+0000] {logging_mixin.py:190} INFO - [2026-04-09T00:37:17.286+0000] {dag.py:4138} INFO - Setting next_dagrun for example_branch_datetime_operator_2 to 2026-04-08 00:00:00+00:00, run_after=2026-04-09 00:00:00+00:00
[2026-04-09T00:37:17.286+0000] {logging_mixin.py:190} INFO - [2026-04-09T00:37:17.286+0000] {dag.py:4138} INFO - Setting next_dagrun for example_branch_datetime_operator_3 to 2026-04-08 00:00:00+00:00, run_after=2026-04-09 00:00:00+00:00
[2026-04-09T00:37:17.291+0000] {processor.py:208} INFO - Processing /home/airflow/.local/lib/python3.12/site-packages/airflow/example_dags/example_branch_datetime_operator.py took 0.043 seconds
[2026-04-09T00:37:47.940+0000] {processor.py:186} INFO - Started process (PID=861) to work on /home/airflow/.local/lib/python3.12/site-packages/airflow/example_dags/example_branch_datetime_operator.py
[2026-04-09T00:37:47.941+0000] {processor.py:914} INFO - Processing file /home/airflow/.local/lib/python3.12/site-packages/airflow/example_dags/example_branch_datetime_operator.py for tasks to queue
[2026-04-09T00:37:47.941+0000] {logging_mixin.py:190} INFO - [2026-04-09T00:37:47.941+0000] {dagbag.py:587} INFO - Filling up the DagBag from /home/airflow/.local/lib/python3.12/site-packages/airflow/example_dags/example_branch_datetime_operator.py
[2026-04-09T00:37:47.948+0000] {processor.py:925} INFO - DAG(s) 'example_branch_datetime_operator_2', 'example_branch_datetime_operator_3', 'example_branch_datetime_operator' retrieved from /home/airflow/.local/lib/python3.12/site-packages/airflow/example_dags/example_branch_datetime_operator.py
[2026-04-09T00:37:47.963+0000] {logging_mixin.py:190} INFO - [2026-04-09T00:37:47.963+0000] {dag.py:3211} INFO - Sync 3 DAGs
[2026-04-09T00:37:47.973+0000] {logging_mixin.py:190} INFO - [2026-04-09T00:37:47.973+0000] {dag.py:4138} INFO - Setting next_dagrun for example_branch_datetime_operator to 2026-04-08 00:00:00+00:00, run_after=2026-04-09 00:00:00+00:00
[2026-04-09T00:37:47.977+0000] {logging_mixin.py:190} INFO - [2026-04-09T00:37:47.976+0000] {dag.py:4138} INFO - Setting next_dagrun for example_branch_datetime_operator_2 to 2026-04-08 00:00:00+00:00, run_after=2026-04-09 00:00:00+00:00
[2026-04-09T00:37:47.977+0000] {logging_mixin.py:190} INFO - [2026-04-09T00:37:47.977+0000] {dag.py:4138} INFO - Setting next_dagrun for example_branch_datetime_operator_3 to 2026-04-08 00:00:00+00:00, run_after=2026-04-09 00:00:00+00:00
[2026-04-09T00:37:47.982+0000] {processor.py:208} INFO - Processing /home/airflow/.local/lib/python3.12/site-packages/airflow/example_dags/example_branch_datetime_operator.py took 0.045 seconds
[2026-04-09T00:38:18.742+0000] {processor.py:186} INFO - Started process (PID=925) to work on /home/airflow/.local/lib/python3.12/site-packages/airflow/example_dags/example_branch_datetime_operator.py
[2026-04-09T00:38:18.742+0000] {processor.py:914} INFO - Processing file /home/airflow/.local/lib/python3.12/site-packages/airflow/example_dags/example_branch_datetime_operator.py for tasks to queue
[2026-04-09T00:38:18.743+0000] {logging_mixin.py:190} INFO - [2026-04-09T00:38:18.743+0000] {dagbag.py:587} INFO - Filling up the DagBag from /home/airflow/.local/lib/python3.12/site-packages/airflow/example_dags/example_branch_datetime_operator.py
[2026-04-09T00:38:18.748+0000] {processor.py:925} INFO - DAG(s) 'example_branch_datetime_operator', 'example_branch_datetime_operator_3', 'example_branch_datetime_operator_2' retrieved from /home/airflow/.local/lib/python3.12/site-packages/airflow/example_dags/example_branch_datetime_operator.py
[2026-04-09T00:38:18.764+0000] {logging_mixin.py:190} INFO - [2026-04-09T00:38:18.764+0000] {dag.py:3211} INFO - Sync 3 DAGs
[2026-04-09T00:38:18.773+0000] {logging_mixin.py:190} INFO - [2026-04-09T00:38:18.773+0000] {dag.py:4138} INFO - Setting next_dagrun for example_branch_datetime_operator to 2026-04-08 00:00:00+00:00, run_after=2026-04-09 00:00:00+00:00
[2026-04-09T00:38:18.776+0000] {logging_mixin.py:190} INFO - [2026-04-09T00:38:18.776+0000] {dag.py:4138} INFO - Setting next_dagrun for example_branch_datetime_operator_2 to 2026-04-08 00:00:00+00:00, run_after=2026-04-09 00:00:00+00:00
[2026-04-09T00:38:18.778+0000] {logging_mixin.py:190} INFO - [2026-04-09T00:38:18.778+0000] {dag.py:4138} INFO - Setting next_dagrun for example_branch_datetime_operator_3 to 2026-04-08 00:00:00+00:00, run_after=2026-04-09 00:00:00+00:00
[2026-04-09T00:38:18.783+0000] {processor.py:208} INFO - Processing /home/airflow/.local/lib/python3.12/site-packages/airflow/example_dags/example_branch_datetime_operator.py took 0.043 seconds
[2026-04-09T00:38:49.440+0000] {processor.py:186} INFO - Started process (PID=989) to work on /home/airflow/.local/lib/python3.12/site-packages/airflow/example_dags/example_branch_datetime_operator.py
[2026-04-09T00:38:49.441+0000] {processor.py:914} INFO - Processing file /home/airflow/.local/lib/python3.12/site-packages/airflow/example_dags/example_branch_datetime_operator.py for tasks to queue
[2026-04-09T00:38:49.442+0000] {logging_mixin.py:190} INFO - [2026-04-09T00:38:49.442+0000] {dagbag.py:587} INFO - Filling up the DagBag from /home/airflow/.local/lib/python3.12/site-packages/airflow/example_dags/example_branch_datetime_operator.py
[2026-04-09T00:38:49.446+0000] {processor.py:925} INFO - DAG(s) 'example_branch_datetime_operator_2', 'example_branch_datetime_operator_3', 'example_branch_datetime_operator' retrieved from /home/airflow/.local/lib/python3.12/site-packages/airflow/example_dags/example_branch_datetime_operator.py
[2026-04-09T00:38:49.460+0000] {logging_mixin.py:190} INFO - [2026-04-09T00:38:49.459+0000] {dag.py:3211} INFO - Sync 3 DAGs
[2026-04-09T00:38:49.468+0000] {logging_mixin.py:190} INFO - [2026-04-09T00:38:49.468+0000] {dag.py:4138} INFO - Setting next_dagrun for example_branch_datetime_operator to 2026-04-08 00:00:00+00:00, run_after=2026-04-09 00:00:00+00:00
[2026-04-09T00:38:49.469+0000] {logging_mixin.py:190} INFO - [2026-04-09T00:38:49.469+0000] {dag.py:4138} INFO - Setting next_dagrun for example_branch_datetime_operator_2 to 2026-04-08 00:00:00+00:00, run_after=2026-04-09 00:00:00+00:00
[2026-04-09T00:38:49.470+0000] {logging_mixin.py:190} INFO - [2026-04-09T00:38:49.470+0000] {dag.py:4138} INFO - Setting next_dagrun for example_branch_datetime_operator_3 to 2026-04-08 00:00:00+00:00, run_after=2026-04-09 00:00:00+00:00
[2026-04-09T00:38:49.475+0000] {processor.py:208} INFO - Processing /home/airflow/.local/lib/python3.12/site-packages/airflow/example_dags/example_branch_datetime_operator.py took 0.037 seconds
[2026-04-09T00:39:20.222+0000] {processor.py:186} INFO - Started process (PID=1053) to work on /home/airflow/.local/lib/python3.12/site-packages/airflow/example_dags/example_branch_datetime_operator.py
[2026-04-09T00:39:20.223+0000] {processor.py:914} INFO - Processing file /home/airflow/.local/lib/python3.12/site-packages/airflow/example_dags/example_branch_datetime_operator.py for tasks to queue
[2026-04-09T00:39:20.225+0000] {logging_mixin.py:190} INFO - [2026-04-09T00:39:20.225+0000] {dagbag.py:587} INFO - Filling up the DagBag from /home/airflow/.local/lib/python3.12/site-packages/airflow/example_dags/example_branch_datetime_operator.py
[2026-04-09T00:39:20.230+0000] {processor.py:925} INFO - DAG(s) 'example_branch_datetime_operator_3', 'example_branch_datetime_operator_2', 'example_branch_datetime_operator' retrieved from /home/airflow/.local/lib/python3.12/site-packages/airflow/example_dags/example_branch_datetime_operator.py
[2026-04-09T00:39:20.244+0000] {logging_mixin.py:190} INFO - [2026-04-09T00:39:20.244+0000] {dag.py:3211} INFO - Sync 3 DAGs
[2026-04-09T00:39:20.254+0000] {logging_mixin.py:190} INFO - [2026-04-09T00:39:20.253+0000] {dag.py:4138} INFO - Setting next_dagrun for example_branch_datetime_operator to 2026-04-08 00:00:00+00:00, run_after=2026-04-09 00:00:00+00:00
[2026-04-09T00:39:20.256+0000] {logging_mixin.py:190} INFO - [2026-04-09T00:39:20.256+0000] {dag.py:4138} INFO - Setting next_dagrun for example_branch_datetime_operator_2 to 2026-04-08 00:00:00+00:00, run_after=2026-04-09 00:00:00+00:00
[2026-04-09T00:39:20.257+0000] {logging_mixin.py:190} INFO - [2026-04-09T00:39:20.257+0000] {dag.py:4138} INFO - Setting next_dagrun for example_branch_datetime_operator_3 to 2026-04-08 00:00:00+00:00, run_after=2026-04-09 00:00:00+00:00
[2026-04-09T00:39:20.264+0000] {processor.py:208} INFO - Processing /home/airflow/.local/lib/python3.12/site-packages/airflow/example_dags/example_branch_datetime_operator.py took 0.044 seconds
[2026-04-09T00:39:50.994+0000] {processor.py:186} INFO - Started process (PID=1117) to work on /home/airflow/.local/lib/python3.12/site-packages/airflow/example_dags/example_branch_datetime_operator.py
[2026-04-09T00:39:50.995+0000] {processor.py:914} INFO - Processing file /home/airflow/.local/lib/python3.12/site-packages/airflow/example_dags/example_branch_datetime_operator.py for tasks to queue
[2026-04-09T00:39:50.996+0000] {logging_mixin.py:190} INFO - [2026-04-09T00:39:50.996+0000] {dagbag.py:587} INFO - Filling up the DagBag from /home/airflow/.local/lib/python3.12/site-packages/airflow/example_dags/example_branch_datetime_operator.py
[2026-04-09T00:39:51.003+0000] {processor.py:925} INFO - DAG(s) 'example_branch_datetime_operator', 'example_branch_datetime_operator_2', 'example_branch_datetime_operator_3' retrieved from /home/airflow/.local/lib/python3.12/site-packages/airflow/example_dags/example_branch_datetime_operator.py
[2026-04-09T00:39:51.020+0000] {logging_mixin.py:190} INFO - [2026-04-09T00:39:51.020+0000] {dag.py:3211} INFO - Sync 3 DAGs
[2026-04-09T00:39:51.029+0000] {logging_mixin.py:190} INFO - [2026-04-09T00:39:51.029+0000] {dag.py:4138} INFO - Setting next_dagrun for example_branch_datetime_operator to 2026-04-08 00:00:00+00:00, run_after=2026-04-09 00:00:00+00:00
[2026-04-09T00:39:51.031+0000] {logging_mixin.py:190} INFO - [2026-04-09T00:39:51.031+0000] {dag.py:4138} INFO - Setting next_dagrun for example_branch_datetime_operator_2 to 2026-04-08 00:00:00+00:00, run_after=2026-04-09 00:00:00+00:00
[2026-04-09T00:39:51.031+0000] {logging_mixin.py:190} INFO - [2026-04-09T00:39:51.031+0000] {dag.py:4138} INFO - Setting next_dagrun for example_branch_datetime_operator_3 to 2026-04-08 00:00:00+00:00, run_after=2026-04-09 00:00:00+00:00
[2026-04-09T00:39:51.036+0000] {processor.py:208} INFO - Processing /home/airflow/.local/lib/python3.12/site-packages/airflow/example_dags/example_branch_datetime_operator.py took 0.044 seconds
[2026-04-09T00:40:21.771+0000] {processor.py:186} INFO - Started process (PID=1181) to work on /home/airflow/.local/lib/python3.12/site-packages/airflow/example_dags/example_branch_datetime_operator.py
[2026-04-09T00:40:21.771+0000] {processor.py:914} INFO - Processing file /home/airflow/.local/lib/python3.12/site-packages/airflow/example_dags/example_branch_datetime_operator.py for tasks to queue
[2026-04-09T00:40:21.773+0000] {logging_mixin.py:190} INFO - [2026-04-09T00:40:21.773+0000] {dagbag.py:587} INFO - Filling up the DagBag from /home/airflow/.local/lib/python3.12/site-packages/airflow/example_dags/example_branch_datetime_operator.py
[2026-04-09T00:40:21.778+0000] {processor.py:925} INFO - DAG(s) 'example_branch_datetime_operator_2', 'example_branch_datetime_operator_3', 'example_branch_datetime_operator' retrieved from /home/airflow/.local/lib/python3.12/site-packages/airflow/example_dags/example_branch_datetime_operator.py
[2026-04-09T00:40:21.793+0000] {logging_mixin.py:190} INFO - [2026-04-09T00:40:21.793+0000] {dag.py:3211} INFO - Sync 3 DAGs
[2026-04-09T00:40:21.804+0000] {logging_mixin.py:190} INFO - [2026-04-09T00:40:21.804+0000] {dag.py:4138} INFO - Setting next_dagrun for example_branch_datetime_operator to 2026-04-08 00:00:00+00:00, run_after=2026-04-09 00:00:00+00:00
[2026-04-09T00:40:21.808+0000] {logging_mixin.py:190} INFO - [2026-04-09T00:40:21.808+0000] {dag.py:4138} INFO - Setting next_dagrun for example_branch_datetime_operator_2 to 2026-04-08 00:00:00+00:00, run_after=2026-04-09 00:00:00+00:00
[2026-04-09T00:40:21.809+0000] {logging_mixin.py:190} INFO - [2026-04-09T00:40:21.809+0000] {dag.py:4138} INFO - Setting next_dagrun for example_branch_datetime_operator_3 to 2026-04-08 00:00:00+00:00, run_after=2026-04-09 00:00:00+00:00
[2026-04-09T00:40:21.814+0000] {processor.py:208} INFO - Processing /home/airflow/.local/lib/python3.12/site-packages/airflow/example_dags/example_branch_datetime_operator.py took 0.046 seconds
[2026-04-09T00:40:52.566+0000] {processor.py:186} INFO - Started process (PID=1245) to work on /home/airflow/.local/lib/python3.12/site-packages/airflow/example_dags/example_branch_datetime_operator.py
[2026-04-09T00:40:52.567+0000] {processor.py:914} INFO - Processing file /home/airflow/.local/lib/python3.12/site-packages/airflow/example_dags/example_branch_datetime_operator.py for tasks to queue
[2026-04-09T00:40:52.569+0000] {logging_mixin.py:190} INFO - [2026-04-09T00:40:52.569+0000] {dagbag.py:587} INFO - Filling up the DagBag from /home/airflow/.local/lib/python3.12/site-packages/airflow/example_dags/example_branch_datetime_operator.py
[2026-04-09T00:40:52.573+0000] {processor.py:925} INFO - DAG(s) 'example_branch_datetime_operator_2', 'example_branch_datetime_operator', 'example_branch_datetime_operator_3' retrieved from /home/airflow/.local/lib/python3.12/site-packages/airflow/example_dags/example_branch_datetime_operator.py
[2026-04-09T00:40:52.585+0000] {logging_mixin.py:190} INFO - [2026-04-09T00:40:52.585+0000] {dag.py:3211} INFO - Sync 3 DAGs
[2026-04-09T00:40:52.596+0000] {logging_mixin.py:190} INFO - [2026-04-09T00:40:52.596+0000] {dag.py:4138} INFO - Setting next_dagrun for example_branch_datetime_operator to 2026-04-08 00:00:00+00:00, run_after=2026-04-09 00:00:00+00:00
[2026-04-09T00:40:52.599+0000] {logging_mixin.py:190} INFO - [2026-04-09T00:40:52.599+0000] {dag.py:4138} INFO - Setting next_dagrun for example_branch_datetime_operator_2 to 2026-04-08 00:00:00+00:00, run_after=2026-04-09 00:00:00+00:00
[2026-04-09T00:40:52.600+0000] {logging_mixin.py:190} INFO - [2026-04-09T00:40:52.600+0000] {dag.py:4138} INFO - Setting next_dagrun for example_branch_datetime_operator_3 to 2026-04-08 00:00:00+00:00, run_after=2026-04-09 00:00:00+00:00
[2026-04-09T00:40:52.607+0000] {processor.py:208} INFO - Processing /home/airflow/.local/lib/python3.12/site-packages/airflow/example_dags/example_branch_datetime_operator.py took 0.044 seconds
[2026-04-09T00:41:23.380+0000] {processor.py:186} INFO - Started process (PID=1309) to work on /home/airflow/.local/lib/python3.12/site-packages/airflow/example_dags/example_branch_datetime_operator.py
[2026-04-09T00:41:23.381+0000] {processor.py:914} INFO - Processing file /home/airflow/.local/lib/python3.12/site-packages/airflow/example_dags/example_branch_datetime_operator.py for tasks to queue
[2026-04-09T00:41:23.381+0000] {logging_mixin.py:190} INFO - [2026-04-09T00:41:23.381+0000] {dagbag.py:587} INFO - Filling up the DagBag from /home/airflow/.local/lib/python3.12/site-packages/airflow/example_dags/example_branch_datetime_operator.py
[2026-04-09T00:41:23.389+0000] {processor.py:925} INFO - DAG(s) 'example_branch_datetime_operator_3', 'example_branch_datetime_operator', 'example_branch_datetime_operator_2' retrieved from /home/airflow/.local/lib/python3.12/site-packages/airflow/example_dags/example_branch_datetime_operator.py
[2026-04-09T00:41:23.405+0000] {logging_mixin.py:190} INFO - [2026-04-09T00:41:23.405+0000] {dag.py:3211} INFO - Sync 3 DAGs
[2026-04-09T00:41:23.415+0000] {logging_mixin.py:190} INFO - [2026-04-09T00:41:23.415+0000] {dag.py:4138} INFO - Setting next_dagrun for example_branch_datetime_operator to 2026-04-08 00:00:00+00:00, run_after=2026-04-09 00:00:00+00:00
[2026-04-09T00:41:23.416+0000] {logging_mixin.py:190} INFO - [2026-04-09T00:41:23.416+0000] {dag.py:4138} INFO - Setting next_dagrun for example_branch_datetime_operator_2 to 2026-04-08 00:00:00+00:00, run_after=2026-04-09 00:00:00+00:00
[2026-04-09T00:41:23.417+0000] {logging_mixin.py:190} INFO - [2026-04-09T00:41:23.417+0000] {dag.py:4138} INFO - Setting next_dagrun for example_branch_datetime_operator_3 to 2026-04-08 00:00:00+00:00, run_after=2026-04-09 00:00:00+00:00
[2026-04-09T00:41:23.422+0000] {processor.py:208} INFO - Processing /home/airflow/.local/lib/python3.12/site-packages/airflow/example_dags/example_branch_datetime_operator.py took 0.044 seconds
[2026-04-09T00:41:54.294+0000] {processor.py:186} INFO - Started process (PID=1373) to work on /home/airflow/.local/lib/python3.12/site-packages/airflow/example_dags/example_branch_datetime_operator.py
[2026-04-09T00:41:54.295+0000] {processor.py:914} INFO - Processing file /home/airflow/.local/lib/python3.12/site-packages/airflow/example_dags/example_branch_datetime_operator.py for tasks to queue
[2026-04-09T00:41:54.296+0000] {logging_mixin.py:190} INFO - [2026-04-09T00:41:54.296+0000] {dagbag.py:587} INFO - Filling up the DagBag from /home/airflow/.local/lib/python3.12/site-packages/airflow/example_dags/example_branch_datetime_operator.py
[2026-04-09T00:41:54.301+0000] {processor.py:925} INFO - DAG(s) 'example_branch_datetime_operator_3', 'example_branch_datetime_operator_2', 'example_branch_datetime_operator' retrieved from /home/airflow/.local/lib/python3.12/site-packages/airflow/example_dags/example_branch_datetime_operator.py
[2026-04-09T00:41:54.314+0000] {logging_mixin.py:190} INFO - [2026-04-09T00:41:54.314+0000] {dag.py:3211} INFO - Sync 3 DAGs
[2026-04-09T00:41:54.324+0000] {logging_mixin.py:190} INFO - [2026-04-09T00:41:54.324+0000] {dag.py:4138} INFO - Setting next_dagrun for example_branch_datetime_operator to 2026-04-08 00:00:00+00:00, run_after=2026-04-09 00:00:00+00:00
[2026-04-09T00:41:54.327+0000] {logging_mixin.py:190} INFO - [2026-04-09T00:41:54.327+0000] {dag.py:4138} INFO - Setting next_dagrun for example_branch_datetime_operator_2 to 2026-04-08 00:00:00+00:00, run_after=2026-04-09 00:00:00+00:00
[2026-04-09T00:41:54.332+0000] {logging_mixin.py:190} INFO - [2026-04-09T00:41:54.332+0000] {dag.py:4138} INFO - Setting next_dagrun for example_branch_datetime_operator_3 to 2026-04-08 00:00:00+00:00, run_after=2026-04-09 00:00:00+00:00
[2026-04-09T00:41:54.338+0000] {processor.py:208} INFO - Processing /home/airflow/.local/lib/python3.12/site-packages/airflow/example_dags/example_branch_datetime_operator.py took 0.046 seconds
[2026-04-09T00:42:24.380+0000] {processor.py:186} INFO - Started process (PID=1437) to work on /home/airflow/.local/lib/python3.12/site-packages/airflow/example_dags/example_branch_datetime_operator.py
[2026-04-09T00:42:24.382+0000] {processor.py:914} INFO - Processing file /home/airflow/.local/lib/python3.12/site-packages/airflow/example_dags/example_branch_datetime_operator.py for tasks to queue
[2026-04-09T00:42:24.383+0000] {logging_mixin.py:190} INFO - [2026-04-09T00:42:24.383+0000] {dagbag.py:587} INFO - Filling up the DagBag from /home/airflow/.local/lib/python3.12/site-packages/airflow/example_dags/example_branch_datetime_operator.py
[2026-04-09T00:42:24.388+0000] {processor.py:925} INFO - DAG(s) 'example_branch_datetime_operator_2', 'example_branch_datetime_operator_3', 'example_branch_datetime_operator' retrieved from /home/airflow/.local/lib/python3.12/site-packages/airflow/example_dags/example_branch_datetime_operator.py
[2026-04-09T00:42:24.397+0000] {logging_mixin.py:190} INFO - [2026-04-09T00:42:24.397+0000] {dag.py:3211} INFO - Sync 3 DAGs
[2026-04-09T00:42:24.406+0000] {logging_mixin.py:190} INFO - [2026-04-09T00:42:24.406+0000] {dag.py:4138} INFO - Setting next_dagrun for example_branch_datetime_operator to 2026-04-08 00:00:00+00:00, run_after=2026-04-09 00:00:00+00:00
[2026-04-09T00:42:24.408+0000] {logging_mixin.py:190} INFO - [2026-04-09T00:42:24.408+0000] {dag.py:4138} INFO - Setting next_dagrun for example_branch_datetime_operator_2 to 2026-04-08 00:00:00+00:00, run_after=2026-04-09 00:00:00+00:00
[2026-04-09T00:42:24.408+0000] {logging_mixin.py:190} INFO - [2026-04-09T00:42:24.408+0000] {dag.py:4138} INFO - Setting next_dagrun for example_branch_datetime_operator_3 to 2026-04-08 00:00:00+00:00, run_after=2026-04-09 00:00:00+00:00
[2026-04-09T00:42:24.413+0000] {processor.py:208} INFO - Processing /home/airflow/.local/lib/python3.12/site-packages/airflow/example_dags/example_branch_datetime_operator.py took 0.035 seconds
[2026-04-09T00:42:55.139+0000] {processor.py:186} INFO - Started process (PID=1501) to work on /home/airflow/.local/lib/python3.12/site-packages/airflow/example_dags/example_branch_datetime_operator.py
[2026-04-09T00:42:55.139+0000] {processor.py:914} INFO - Processing file /home/airflow/.local/lib/python3.12/site-packages/airflow/example_dags/example_branch_datetime_operator.py for tasks to queue
[2026-04-09T00:42:55.141+0000] {logging_mixin.py:190} INFO - [2026-04-09T00:42:55.141+0000] {dagbag.py:587} INFO - Filling up the DagBag from /home/airflow/.local/lib/python3.12/site-packages/airflow/example_dags/example_branch_datetime_operator.py
[2026-04-09T00:42:55.147+0000] {processor.py:925} INFO - DAG(s) 'example_branch_datetime_operator_3', 'example_branch_datetime_operator', 'example_branch_datetime_operator_2' retrieved from /home/airflow/.local/lib/python3.12/site-packages/airflow/example_dags/example_branch_datetime_operator.py
[2026-04-09T00:42:55.159+0000] {logging_mixin.py:190} INFO - [2026-04-09T00:42:55.159+0000] {dag.py:3211} INFO - Sync 3 DAGs
[2026-04-09T00:42:55.168+0000] {logging_mixin.py:190} INFO - [2026-04-09T00:42:55.168+0000] {dag.py:4138} INFO - Setting next_dagrun for example_branch_datetime_operator to 2026-04-08 00:00:00+00:00, run_after=2026-04-09 00:00:00+00:00
[2026-04-09T00:42:55.172+0000] {logging_mixin.py:190} INFO - [2026-04-09T00:42:55.171+0000] {dag.py:4138} INFO - Setting next_dagrun for example_branch_datetime_operator_2 to 2026-04-08 00:00:00+00:00, run_after=2026-04-09 00:00:00+00:00
[2026-04-09T00:42:55.172+0000] {logging_mixin.py:190} INFO - [2026-04-09T00:42:55.172+0000] {dag.py:4138} INFO - Setting next_dagrun for example_branch_datetime_operator_3 to 2026-04-08 00:00:00+00:00, run_after=2026-04-09 00:00:00+00:00
[2026-04-09T00:42:55.177+0000] {processor.py:208} INFO - Processing /home/airflow/.local/lib/python3.12/site-packages/airflow/example_dags/example_branch_datetime_operator.py took 0.040 seconds
[2026-04-09T00:43:25.919+0000] {processor.py:186} INFO - Started process (PID=1565) to work on /home/airflow/.local/lib/python3.12/site-packages/airflow/example_dags/example_branch_datetime_operator.py
[2026-04-09T00:43:25.919+0000] {processor.py:914} INFO - Processing file /home/airflow/.local/lib/python3.12/site-packages/airflow/example_dags/example_branch_datetime_operator.py for tasks to queue
[2026-04-09T00:43:25.920+0000] {logging_mixin.py:190} INFO - [2026-04-09T00:43:25.920+0000] {dagbag.py:587} INFO - Filling up the DagBag from /home/airflow/.local/lib/python3.12/site-packages/airflow/example_dags/example_branch_datetime_operator.py
[2026-04-09T00:43:25.923+0000] {processor.py:925} INFO - DAG(s) 'example_branch_datetime_operator_2', 'example_branch_datetime_operator_3', 'example_branch_datetime_operator' retrieved from /home/airflow/.local/lib/python3.12/site-packages/airflow/example_dags/example_branch_datetime_operator.py
[2026-04-09T00:43:25.932+0000] {logging_mixin.py:190} INFO - [2026-04-09T00:43:25.932+0000] {dag.py:3211} INFO - Sync 3 DAGs
[2026-04-09T00:43:25.939+0000] {logging_mixin.py:190} INFO - [2026-04-09T00:43:25.939+0000] {dag.py:4138} INFO - Setting next_dagrun for example_branch_datetime_operator to 2026-04-08 00:00:00+00:00, run_after=2026-04-09 00:00:00+00:00
[2026-04-09T00:43:25.940+0000] {logging_mixin.py:190} INFO - [2026-04-09T00:43:25.940+0000] {dag.py:4138} INFO - Setting next_dagrun for example_branch_datetime_operator_2 to 2026-04-08 00:00:00+00:00, run_after=2026-04-09 00:00:00+00:00
[2026-04-09T00:43:25.941+0000] {logging_mixin.py:190} INFO - [2026-04-09T00:43:25.941+0000] {dag.py:4138} INFO - Setting next_dagrun for example_branch_datetime_operator_3 to 2026-04-08 00:00:00+00:00, run_after=2026-04-09 00:00:00+00:00
[2026-04-09T00:43:25.945+0000] {processor.py:208} INFO - Processing /home/airflow/.local/lib/python3.12/site-packages/airflow/example_dags/example_branch_datetime_operator.py took 0.029 seconds
[2026-04-09T00:43:56.654+0000] {processor.py:186} INFO - Started process (PID=1629) to work on /home/airflow/.local/lib/python3.12/site-packages/airflow/example_dags/example_branch_datetime_operator.py
[2026-04-09T00:43:56.655+0000] {processor.py:914} INFO - Processing file /home/airflow/.local/lib/python3.12/site-packages/airflow/example_dags/example_branch_datetime_operator.py for tasks to queue
[2026-04-09T00:43:56.656+0000] {logging_mixin.py:190} INFO - [2026-04-09T00:43:56.656+0000] {dagbag.py:587} INFO - Filling up the DagBag from /home/airflow/.local/lib/python3.12/site-packages/airflow/example_dags/example_branch_datetime_operator.py
[2026-04-09T00:43:56.664+0000] {processor.py:925} INFO - DAG(s) 'example_branch_datetime_operator_3', 'example_branch_datetime_operator', 'example_branch_datetime_operator_2' retrieved from /home/airflow/.local/lib/python3.12/site-packages/airflow/example_dags/example_branch_datetime_operator.py
[2026-04-09T00:43:56.674+0000] {logging_mixin.py:190} INFO - [2026-04-09T00:43:56.673+0000] {dag.py:3211} INFO - Sync 3 DAGs
[2026-04-09T00:43:56.682+0000] {logging_mixin.py:190} INFO - [2026-04-09T00:43:56.682+0000] {dag.py:4138} INFO - Setting next_dagrun for example_branch_datetime_operator to 2026-04-08 00:00:00+00:00, run_after=2026-04-09 00:00:00+00:00
[2026-04-09T00:43:56.685+0000] {logging_mixin.py:190} INFO - [2026-04-09T00:43:56.685+0000] {dag.py:4138} INFO - Setting next_dagrun for example_branch_datetime_operator_2 to 2026-04-08 00:00:00+00:00, run_after=2026-04-09 00:00:00+00:00
[2026-04-09T00:43:56.686+0000] {logging_mixin.py:190} INFO - [2026-04-09T00:43:56.686+0000] {dag.py:4138} INFO - Setting next_dagrun for example_branch_datetime_operator_3 to 2026-04-08 00:00:00+00:00, run_after=2026-04-09 00:00:00+00:00
[2026-04-09T00:43:56.692+0000] {processor.py:208} INFO - Processing /home/airflow/.local/lib/python3.12/site-packages/airflow/example_dags/example_branch_datetime_operator.py took 0.040 seconds
[2026-04-09T00:44:27.479+0000] {processor.py:186} INFO - Started process (PID=1693) to work on /home/airflow/.local/lib/python3.12/site-packages/airflow/example_dags/example_branch_datetime_operator.py
[2026-04-09T00:44:27.479+0000] {processor.py:914} INFO - Processing file /home/airflow/.local/lib/python3.12/site-packages/airflow/example_dags/example_branch_datetime_operator.py for tasks to queue
[2026-04-09T00:44:27.480+0000] {logging_mixin.py:190} INFO - [2026-04-09T00:44:27.480+0000] {dagbag.py:587} INFO - Filling up the DagBag from /home/airflow/.local/lib/python3.12/site-packages/airflow/example_dags/example_branch_datetime_operator.py
[2026-04-09T00:44:27.486+0000] {processor.py:925} INFO - DAG(s) 'example_branch_datetime_operator', 'example_branch_datetime_operator_3', 'example_branch_datetime_operator_2' retrieved from /home/airflow/.local/lib/python3.12/site-packages/airflow/example_dags/example_branch_datetime_operator.py
[2026-04-09T00:44:27.501+0000] {logging_mixin.py:190} INFO - [2026-04-09T00:44:27.501+0000] {dag.py:3211} INFO - Sync 3 DAGs
[2026-04-09T00:44:27.512+0000] {logging_mixin.py:190} INFO - [2026-04-09T00:44:27.512+0000] {dag.py:4138} INFO - Setting next_dagrun for example_branch_datetime_operator to 2026-04-08 00:00:00+00:00, run_after=2026-04-09 00:00:00+00:00
[2026-04-09T00:44:27.515+0000] {logging_mixin.py:190} INFO - [2026-04-09T00:44:27.515+0000] {dag.py:4138} INFO - Setting next_dagrun for example_branch_datetime_operator_2 to 2026-04-08 00:00:00+00:00, run_after=2026-04-09 00:00:00+00:00
[2026-04-09T00:44:27.519+0000] {logging_mixin.py:190} INFO - [2026-04-09T00:44:27.519+0000] {dag.py:4138} INFO - Setting next_dagrun for example_branch_datetime_operator_3 to 2026-04-08 00:00:00+00:00, run_after=2026-04-09 00:00:00+00:00
[2026-04-09T00:44:27.524+0000] {processor.py:208} INFO - Processing /home/airflow/.local/lib/python3.12/site-packages/airflow/example_dags/example_branch_datetime_operator.py took 0.048 seconds
[2026-04-09T00:44:58.441+0000] {processor.py:186} INFO - Started process (PID=1757) to work on /home/airflow/.local/lib/python3.12/site-packages/airflow/example_dags/example_branch_datetime_operator.py
[2026-04-09T00:44:58.441+0000] {processor.py:914} INFO - Processing file /home/airflow/.local/lib/python3.12/site-packages/airflow/example_dags/example_branch_datetime_operator.py for tasks to queue
[2026-04-09T00:44:58.442+0000] {logging_mixin.py:190} INFO - [2026-04-09T00:44:58.442+0000] {dagbag.py:587} INFO - Filling up the DagBag from /home/airflow/.local/lib/python3.12/site-packages/airflow/example_dags/example_branch_datetime_operator.py
[2026-04-09T00:44:58.447+0000] {processor.py:925} INFO - DAG(s) 'example_branch_datetime_operator', 'example_branch_datetime_operator_3', 'example_branch_datetime_operator_2' retrieved from /home/airflow/.local/lib/python3.12/site-packages/airflow/example_dags/example_branch_datetime_operator.py
[2026-04-09T00:44:58.458+0000] {logging_mixin.py:190} INFO - [2026-04-09T00:44:58.458+0000] {dag.py:3211} INFO - Sync 3 DAGs
[2026-04-09T00:44:58.466+0000] {logging_mixin.py:190} INFO - [2026-04-09T00:44:58.466+0000] {dag.py:4138} INFO - Setting next_dagrun for example_branch_datetime_operator to 2026-04-08 00:00:00+00:00, run_after=2026-04-09 00:00:00+00:00
[2026-04-09T00:44:58.467+0000] {logging_mixin.py:190} INFO - [2026-04-09T00:44:58.467+0000] {dag.py:4138} INFO - Setting next_dagrun for example_branch_datetime_operator_2 to 2026-04-08 00:00:00+00:00, run_after=2026-04-09 00:00:00+00:00
[2026-04-09T00:44:58.468+0000] {logging_mixin.py:190} INFO - [2026-04-09T00:44:58.468+0000] {dag.py:4138} INFO - Setting next_dagrun for example_branch_datetime_operator_3 to 2026-04-08 00:00:00+00:00, run_after=2026-04-09 00:00:00+00:00
[2026-04-09T00:44:58.473+0000] {processor.py:208} INFO - Processing /home/airflow/.local/lib/python3.12/site-packages/airflow/example_dags/example_branch_datetime_operator.py took 0.034 seconds
[2026-04-09T00:45:29.394+0000] {processor.py:186} INFO - Started process (PID=1820) to work on /home/airflow/.local/lib/python3.12/site-packages/airflow/example_dags/example_branch_datetime_operator.py
[2026-04-09T00:45:29.395+0000] {processor.py:914} INFO - Processing file /home/airflow/.local/lib/python3.12/site-packages/airflow/example_dags/example_branch_datetime_operator.py for tasks to queue
[2026-04-09T00:45:29.395+0000] {logging_mixin.py:190} INFO - [2026-04-09T00:45:29.395+0000] {dagbag.py:587} INFO - Filling up the DagBag from /home/airflow/.local/lib/python3.12/site-packages/airflow/example_dags/example_branch_datetime_operator.py
[2026-04-09T00:45:29.400+0000] {processor.py:925} INFO - DAG(s) 'example_branch_datetime_operator', 'example_branch_datetime_operator_2', 'example_branch_datetime_operator_3' retrieved from /home/airflow/.local/lib/python3.12/site-packages/airflow/example_dags/example_branch_datetime_operator.py
[2026-04-09T00:45:29.411+0000] {logging_mixin.py:190} INFO - [2026-04-09T00:45:29.411+0000] {dag.py:3211} INFO - Sync 3 DAGs
[2026-04-09T00:45:29.422+0000] {logging_mixin.py:190} INFO - [2026-04-09T00:45:29.422+0000] {dag.py:4138} INFO - Setting next_dagrun for example_branch_datetime_operator to 2026-04-08 00:00:00+00:00, run_after=2026-04-09 00:00:00+00:00
[2026-04-09T00:45:29.423+0000] {logging_mixin.py:190} INFO - [2026-04-09T00:45:29.423+0000] {dag.py:4138} INFO - Setting next_dagrun for example_branch_datetime_operator_2 to 2026-04-08 00:00:00+00:00, run_after=2026-04-09 00:00:00+00:00
[2026-04-09T00:45:29.424+0000] {logging_mixin.py:190} INFO - [2026-04-09T00:45:29.424+0000] {dag.py:4138} INFO - Setting next_dagrun for example_branch_datetime_operator_3 to 2026-04-08 00:00:00+00:00, run_after=2026-04-09 00:00:00+00:00
[2026-04-09T00:45:29.429+0000] {processor.py:208} INFO - Processing /home/airflow/.local/lib/python3.12/site-packages/airflow/example_dags/example_branch_datetime_operator.py took 0.037 seconds
[2026-04-09T00:46:00.347+0000] {processor.py:186} INFO - Started process (PID=1884) to work on /home/airflow/.local/lib/python3.12/site-packages/airflow/example_dags/example_branch_datetime_operator.py
[2026-04-09T00:46:00.347+0000] {processor.py:914} INFO - Processing file /home/airflow/.local/lib/python3.12/site-packages/airflow/example_dags/example_branch_datetime_operator.py for tasks to queue
[2026-04-09T00:46:00.348+0000] {logging_mixin.py:190} INFO - [2026-04-09T00:46:00.348+0000] {dagbag.py:587} INFO - Filling up the DagBag from /home/airflow/.local/lib/python3.12/site-packages/airflow/example_dags/example_branch_datetime_operator.py
[2026-04-09T00:46:00.356+0000] {processor.py:925} INFO - DAG(s) 'example_branch_datetime_operator_3', 'example_branch_datetime_operator_2', 'example_branch_datetime_operator' retrieved from /home/airflow/.local/lib/python3.12/site-packages/airflow/example_dags/example_branch_datetime_operator.py
[2026-04-09T00:46:00.365+0000] {logging_mixin.py:190} INFO - [2026-04-09T00:46:00.365+0000] {dag.py:3211} INFO - Sync 3 DAGs
[2026-04-09T00:46:00.373+0000] {logging_mixin.py:190} INFO - [2026-04-09T00:46:00.373+0000] {dag.py:4138} INFO - Setting next_dagrun for example_branch_datetime_operator to 2026-04-08 00:00:00+00:00, run_after=2026-04-09 00:00:00+00:00
[2026-04-09T00:46:00.374+0000] {logging_mixin.py:190} INFO - [2026-04-09T00:46:00.374+0000] {dag.py:4138} INFO - Setting next_dagrun for example_branch_datetime_operator_2 to 2026-04-08 00:00:00+00:00, run_after=2026-04-09 00:00:00+00:00
[2026-04-09T00:46:00.375+0000] {logging_mixin.py:190} INFO - [2026-04-09T00:46:00.375+0000] {dag.py:4138} INFO - Setting next_dagrun for example_branch_datetime_operator_3 to 2026-04-08 00:00:00+00:00, run_after=2026-04-09 00:00:00+00:00
[2026-04-09T00:46:00.379+0000] {processor.py:208} INFO - Processing /home/airflow/.local/lib/python3.12/site-packages/airflow/example_dags/example_branch_datetime_operator.py took 0.035 seconds
