[2026-04-09T00:31:36.583+0000] {processor.py:186} INFO - Started process (PID=54) to work on /home/airflow/.local/lib/python3.12/site-packages/airflow/example_dags/example_setup_teardown.py
[2026-04-09T00:31:36.584+0000] {processor.py:914} INFO - Processing file /home/airflow/.local/lib/python3.12/site-packages/airflow/example_dags/example_setup_teardown.py for tasks to queue
[2026-04-09T00:31:36.585+0000] {logging_mixin.py:190} INFO - [2026-04-09T00:31:36.585+0000] {dagbag.py:587} INFO - Filling up the DagBag from /home/airflow/.local/lib/python3.12/site-packages/airflow/example_dags/example_setup_teardown.py
[2026-04-09T00:31:36.589+0000] {processor.py:925} INFO - DAG(s) 'example_setup_teardown' retrieved from /home/airflow/.local/lib/python3.12/site-packages/airflow/example_dags/example_setup_teardown.py
[2026-04-09T00:31:36.625+0000] {logging_mixin.py:190} INFO - [2026-04-09T00:31:36.625+0000] {dag.py:3211} INFO - Sync 1 DAGs
[2026-04-09T00:31:36.632+0000] {logging_mixin.py:190} INFO - [2026-04-09T00:31:36.632+0000] {dag.py:4138} INFO - Setting next_dagrun for example_setup_teardown to 2026-04-08 00:00:00+00:00, run_after=2026-04-09 00:00:00+00:00
[2026-04-09T00:31:36.642+0000] {processor.py:208} INFO - Processing /home/airflow/.local/lib/python3.12/site-packages/airflow/example_dags/example_setup_teardown.py took 0.061 seconds
[2026-04-09T00:32:07.180+0000] {processor.py:186} INFO - Started process (PID=117) to work on /home/airflow/.local/lib/python3.12/site-packages/airflow/example_dags/example_setup_teardown.py
[2026-04-09T00:32:07.181+0000] {processor.py:914} INFO - Processing file /home/airflow/.local/lib/python3.12/site-packages/airflow/example_dags/example_setup_teardown.py for tasks to queue
[2026-04-09T00:32:07.182+0000] {logging_mixin.py:190} INFO - [2026-04-09T00:32:07.182+0000] {dagbag.py:587} INFO - Filling up the DagBag from /home/airflow/.local/lib/python3.12/site-packages/airflow/example_dags/example_setup_teardown.py
[2026-04-09T00:32:07.186+0000] {processor.py:925} INFO - DAG(s) 'example_setup_teardown' retrieved from /home/airflow/.local/lib/python3.12/site-packages/airflow/example_dags/example_setup_teardown.py
[2026-04-09T00:32:07.198+0000] {logging_mixin.py:190} INFO - [2026-04-09T00:32:07.198+0000] {dag.py:3211} INFO - Sync 1 DAGs
[2026-04-09T00:32:07.209+0000] {logging_mixin.py:190} INFO - [2026-04-09T00:32:07.209+0000] {dag.py:4138} INFO - Setting next_dagrun for example_setup_teardown to 2026-04-08 00:00:00+00:00, run_after=2026-04-09 00:00:00+00:00
[2026-04-09T00:32:07.217+0000] {processor.py:208} INFO - Processing /home/airflow/.local/lib/python3.12/site-packages/airflow/example_dags/example_setup_teardown.py took 0.040 seconds
[2026-04-09T00:32:38.096+0000] {processor.py:186} INFO - Started process (PID=181) to work on /home/airflow/.local/lib/python3.12/site-packages/airflow/example_dags/example_setup_teardown.py
[2026-04-09T00:32:38.097+0000] {processor.py:914} INFO - Processing file /home/airflow/.local/lib/python3.12/site-packages/airflow/example_dags/example_setup_teardown.py for tasks to queue
[2026-04-09T00:32:38.098+0000] {logging_mixin.py:190} INFO - [2026-04-09T00:32:38.098+0000] {dagbag.py:587} INFO - Filling up the DagBag from /home/airflow/.local/lib/python3.12/site-packages/airflow/example_dags/example_setup_teardown.py
[2026-04-09T00:32:38.101+0000] {processor.py:925} INFO - DAG(s) 'example_setup_teardown' retrieved from /home/airflow/.local/lib/python3.12/site-packages/airflow/example_dags/example_setup_teardown.py
[2026-04-09T00:32:38.110+0000] {logging_mixin.py:190} INFO - [2026-04-09T00:32:38.110+0000] {dag.py:3211} INFO - Sync 1 DAGs
[2026-04-09T00:32:38.119+0000] {logging_mixin.py:190} INFO - [2026-04-09T00:32:38.119+0000] {dag.py:4138} INFO - Setting next_dagrun for example_setup_teardown to 2026-04-08 00:00:00+00:00, run_after=2026-04-09 00:00:00+00:00
[2026-04-09T00:32:38.126+0000] {processor.py:208} INFO - Processing /home/airflow/.local/lib/python3.12/site-packages/airflow/example_dags/example_setup_teardown.py took 0.032 seconds
[2026-04-09T00:33:08.984+0000] {processor.py:186} INFO - Started process (PID=245) to work on /home/airflow/.local/lib/python3.12/site-packages/airflow/example_dags/example_setup_teardown.py
[2026-04-09T00:33:08.986+0000] {processor.py:914} INFO - Processing file /home/airflow/.local/lib/python3.12/site-packages/airflow/example_dags/example_setup_teardown.py for tasks to queue
[2026-04-09T00:33:08.987+0000] {logging_mixin.py:190} INFO - [2026-04-09T00:33:08.987+0000] {dagbag.py:587} INFO - Filling up the DagBag from /home/airflow/.local/lib/python3.12/site-packages/airflow/example_dags/example_setup_teardown.py
[2026-04-09T00:33:08.992+0000] {processor.py:925} INFO - DAG(s) 'example_setup_teardown' retrieved from /home/airflow/.local/lib/python3.12/site-packages/airflow/example_dags/example_setup_teardown.py
[2026-04-09T00:33:09.001+0000] {logging_mixin.py:190} INFO - [2026-04-09T00:33:09.001+0000] {dag.py:3211} INFO - Sync 1 DAGs
[2026-04-09T00:33:09.009+0000] {logging_mixin.py:190} INFO - [2026-04-09T00:33:09.009+0000] {dag.py:4138} INFO - Setting next_dagrun for example_setup_teardown to 2026-04-08 00:00:00+00:00, run_after=2026-04-09 00:00:00+00:00
[2026-04-09T00:33:09.019+0000] {processor.py:208} INFO - Processing /home/airflow/.local/lib/python3.12/site-packages/airflow/example_dags/example_setup_teardown.py took 0.037 seconds
[2026-04-09T00:33:39.782+0000] {processor.py:186} INFO - Started process (PID=309) to work on /home/airflow/.local/lib/python3.12/site-packages/airflow/example_dags/example_setup_teardown.py
[2026-04-09T00:33:39.783+0000] {processor.py:914} INFO - Processing file /home/airflow/.local/lib/python3.12/site-packages/airflow/example_dags/example_setup_teardown.py for tasks to queue
[2026-04-09T00:33:39.784+0000] {logging_mixin.py:190} INFO - [2026-04-09T00:33:39.784+0000] {dagbag.py:587} INFO - Filling up the DagBag from /home/airflow/.local/lib/python3.12/site-packages/airflow/example_dags/example_setup_teardown.py
[2026-04-09T00:33:39.788+0000] {processor.py:925} INFO - DAG(s) 'example_setup_teardown' retrieved from /home/airflow/.local/lib/python3.12/site-packages/airflow/example_dags/example_setup_teardown.py
[2026-04-09T00:33:39.797+0000] {logging_mixin.py:190} INFO - [2026-04-09T00:33:39.797+0000] {dag.py:3211} INFO - Sync 1 DAGs
[2026-04-09T00:33:39.808+0000] {logging_mixin.py:190} INFO - [2026-04-09T00:33:39.808+0000] {dag.py:4138} INFO - Setting next_dagrun for example_setup_teardown to 2026-04-08 00:00:00+00:00, run_after=2026-04-09 00:00:00+00:00
[2026-04-09T00:33:39.816+0000] {processor.py:208} INFO - Processing /home/airflow/.local/lib/python3.12/site-packages/airflow/example_dags/example_setup_teardown.py took 0.037 seconds
[2026-04-09T00:34:10.593+0000] {processor.py:186} INFO - Started process (PID=379) to work on /home/airflow/.local/lib/python3.12/site-packages/airflow/example_dags/example_setup_teardown.py
[2026-04-09T00:34:10.594+0000] {processor.py:914} INFO - Processing file /home/airflow/.local/lib/python3.12/site-packages/airflow/example_dags/example_setup_teardown.py for tasks to queue
[2026-04-09T00:34:10.595+0000] {logging_mixin.py:190} INFO - [2026-04-09T00:34:10.595+0000] {dagbag.py:587} INFO - Filling up the DagBag from /home/airflow/.local/lib/python3.12/site-packages/airflow/example_dags/example_setup_teardown.py
[2026-04-09T00:34:10.598+0000] {processor.py:925} INFO - DAG(s) 'example_setup_teardown' retrieved from /home/airflow/.local/lib/python3.12/site-packages/airflow/example_dags/example_setup_teardown.py
[2026-04-09T00:34:10.609+0000] {logging_mixin.py:190} INFO - [2026-04-09T00:34:10.608+0000] {dag.py:3211} INFO - Sync 1 DAGs
[2026-04-09T00:34:10.616+0000] {logging_mixin.py:190} INFO - [2026-04-09T00:34:10.616+0000] {dag.py:4138} INFO - Setting next_dagrun for example_setup_teardown to 2026-04-08 00:00:00+00:00, run_after=2026-04-09 00:00:00+00:00
[2026-04-09T00:34:10.623+0000] {processor.py:208} INFO - Processing /home/airflow/.local/lib/python3.12/site-packages/airflow/example_dags/example_setup_teardown.py took 0.032 seconds
[2026-04-09T00:34:41.477+0000] {processor.py:186} INFO - Started process (PID=443) to work on /home/airflow/.local/lib/python3.12/site-packages/airflow/example_dags/example_setup_teardown.py
[2026-04-09T00:34:41.478+0000] {processor.py:914} INFO - Processing file /home/airflow/.local/lib/python3.12/site-packages/airflow/example_dags/example_setup_teardown.py for tasks to queue
[2026-04-09T00:34:41.479+0000] {logging_mixin.py:190} INFO - [2026-04-09T00:34:41.479+0000] {dagbag.py:587} INFO - Filling up the DagBag from /home/airflow/.local/lib/python3.12/site-packages/airflow/example_dags/example_setup_teardown.py
[2026-04-09T00:34:41.483+0000] {processor.py:925} INFO - DAG(s) 'example_setup_teardown' retrieved from /home/airflow/.local/lib/python3.12/site-packages/airflow/example_dags/example_setup_teardown.py
[2026-04-09T00:34:41.494+0000] {logging_mixin.py:190} INFO - [2026-04-09T00:34:41.493+0000] {dag.py:3211} INFO - Sync 1 DAGs
[2026-04-09T00:34:41.501+0000] {logging_mixin.py:190} INFO - [2026-04-09T00:34:41.501+0000] {dag.py:4138} INFO - Setting next_dagrun for example_setup_teardown to 2026-04-08 00:00:00+00:00, run_after=2026-04-09 00:00:00+00:00
[2026-04-09T00:34:41.508+0000] {processor.py:208} INFO - Processing /home/airflow/.local/lib/python3.12/site-packages/airflow/example_dags/example_setup_teardown.py took 0.033 seconds
[2026-04-09T00:35:12.211+0000] {processor.py:186} INFO - Started process (PID=507) to work on /home/airflow/.local/lib/python3.12/site-packages/airflow/example_dags/example_setup_teardown.py
[2026-04-09T00:35:12.212+0000] {processor.py:914} INFO - Processing file /home/airflow/.local/lib/python3.12/site-packages/airflow/example_dags/example_setup_teardown.py for tasks to queue
[2026-04-09T00:35:12.213+0000] {logging_mixin.py:190} INFO - [2026-04-09T00:35:12.213+0000] {dagbag.py:587} INFO - Filling up the DagBag from /home/airflow/.local/lib/python3.12/site-packages/airflow/example_dags/example_setup_teardown.py
[2026-04-09T00:35:12.219+0000] {processor.py:925} INFO - DAG(s) 'example_setup_teardown' retrieved from /home/airflow/.local/lib/python3.12/site-packages/airflow/example_dags/example_setup_teardown.py
[2026-04-09T00:35:12.228+0000] {logging_mixin.py:190} INFO - [2026-04-09T00:35:12.228+0000] {dag.py:3211} INFO - Sync 1 DAGs
[2026-04-09T00:35:12.236+0000] {logging_mixin.py:190} INFO - [2026-04-09T00:35:12.236+0000] {dag.py:4138} INFO - Setting next_dagrun for example_setup_teardown to 2026-04-08 00:00:00+00:00, run_after=2026-04-09 00:00:00+00:00
[2026-04-09T00:35:12.243+0000] {processor.py:208} INFO - Processing /home/airflow/.local/lib/python3.12/site-packages/airflow/example_dags/example_setup_teardown.py took 0.034 seconds
[2026-04-09T00:35:42.931+0000] {processor.py:186} INFO - Started process (PID=570) to work on /home/airflow/.local/lib/python3.12/site-packages/airflow/example_dags/example_setup_teardown.py
[2026-04-09T00:35:42.931+0000] {processor.py:914} INFO - Processing file /home/airflow/.local/lib/python3.12/site-packages/airflow/example_dags/example_setup_teardown.py for tasks to queue
[2026-04-09T00:35:42.932+0000] {logging_mixin.py:190} INFO - [2026-04-09T00:35:42.932+0000] {dagbag.py:587} INFO - Filling up the DagBag from /home/airflow/.local/lib/python3.12/site-packages/airflow/example_dags/example_setup_teardown.py
[2026-04-09T00:35:42.936+0000] {processor.py:925} INFO - DAG(s) 'example_setup_teardown' retrieved from /home/airflow/.local/lib/python3.12/site-packages/airflow/example_dags/example_setup_teardown.py
[2026-04-09T00:35:42.948+0000] {logging_mixin.py:190} INFO - [2026-04-09T00:35:42.948+0000] {dag.py:3211} INFO - Sync 1 DAGs
[2026-04-09T00:35:42.960+0000] {logging_mixin.py:190} INFO - [2026-04-09T00:35:42.959+0000] {dag.py:4138} INFO - Setting next_dagrun for example_setup_teardown to 2026-04-08 00:00:00+00:00, run_after=2026-04-09 00:00:00+00:00
[2026-04-09T00:35:42.967+0000] {processor.py:208} INFO - Processing /home/airflow/.local/lib/python3.12/site-packages/airflow/example_dags/example_setup_teardown.py took 0.039 seconds
[2026-04-09T00:36:13.733+0000] {processor.py:186} INFO - Started process (PID=634) to work on /home/airflow/.local/lib/python3.12/site-packages/airflow/example_dags/example_setup_teardown.py
[2026-04-09T00:36:13.734+0000] {processor.py:914} INFO - Processing file /home/airflow/.local/lib/python3.12/site-packages/airflow/example_dags/example_setup_teardown.py for tasks to queue
[2026-04-09T00:36:13.735+0000] {logging_mixin.py:190} INFO - [2026-04-09T00:36:13.735+0000] {dagbag.py:587} INFO - Filling up the DagBag from /home/airflow/.local/lib/python3.12/site-packages/airflow/example_dags/example_setup_teardown.py
[2026-04-09T00:36:13.738+0000] {processor.py:925} INFO - DAG(s) 'example_setup_teardown' retrieved from /home/airflow/.local/lib/python3.12/site-packages/airflow/example_dags/example_setup_teardown.py
[2026-04-09T00:36:13.745+0000] {logging_mixin.py:190} INFO - [2026-04-09T00:36:13.745+0000] {dag.py:3211} INFO - Sync 1 DAGs
[2026-04-09T00:36:13.754+0000] {logging_mixin.py:190} INFO - [2026-04-09T00:36:13.754+0000] {dag.py:4138} INFO - Setting next_dagrun for example_setup_teardown to 2026-04-08 00:00:00+00:00, run_after=2026-04-09 00:00:00+00:00
[2026-04-09T00:36:13.762+0000] {processor.py:208} INFO - Processing /home/airflow/.local/lib/python3.12/site-packages/airflow/example_dags/example_setup_teardown.py took 0.030 seconds
[2026-04-09T00:36:44.556+0000] {processor.py:186} INFO - Started process (PID=698) to work on /home/airflow/.local/lib/python3.12/site-packages/airflow/example_dags/example_setup_teardown.py
[2026-04-09T00:36:44.557+0000] {processor.py:914} INFO - Processing file /home/airflow/.local/lib/python3.12/site-packages/airflow/example_dags/example_setup_teardown.py for tasks to queue
[2026-04-09T00:36:44.559+0000] {logging_mixin.py:190} INFO - [2026-04-09T00:36:44.559+0000] {dagbag.py:587} INFO - Filling up the DagBag from /home/airflow/.local/lib/python3.12/site-packages/airflow/example_dags/example_setup_teardown.py
[2026-04-09T00:36:44.563+0000] {processor.py:925} INFO - DAG(s) 'example_setup_teardown' retrieved from /home/airflow/.local/lib/python3.12/site-packages/airflow/example_dags/example_setup_teardown.py
[2026-04-09T00:36:44.571+0000] {logging_mixin.py:190} INFO - [2026-04-09T00:36:44.571+0000] {dag.py:3211} INFO - Sync 1 DAGs
[2026-04-09T00:36:44.580+0000] {logging_mixin.py:190} INFO - [2026-04-09T00:36:44.580+0000] {dag.py:4138} INFO - Setting next_dagrun for example_setup_teardown to 2026-04-08 00:00:00+00:00, run_after=2026-04-09 00:00:00+00:00
[2026-04-09T00:36:44.589+0000] {processor.py:208} INFO - Processing /home/airflow/.local/lib/python3.12/site-packages/airflow/example_dags/example_setup_teardown.py took 0.036 seconds
[2026-04-09T00:37:15.347+0000] {processor.py:186} INFO - Started process (PID=762) to work on /home/airflow/.local/lib/python3.12/site-packages/airflow/example_dags/example_setup_teardown.py
[2026-04-09T00:37:15.347+0000] {processor.py:914} INFO - Processing file /home/airflow/.local/lib/python3.12/site-packages/airflow/example_dags/example_setup_teardown.py for tasks to queue
[2026-04-09T00:37:15.349+0000] {logging_mixin.py:190} INFO - [2026-04-09T00:37:15.349+0000] {dagbag.py:587} INFO - Filling up the DagBag from /home/airflow/.local/lib/python3.12/site-packages/airflow/example_dags/example_setup_teardown.py
[2026-04-09T00:37:15.355+0000] {processor.py:925} INFO - DAG(s) 'example_setup_teardown' retrieved from /home/airflow/.local/lib/python3.12/site-packages/airflow/example_dags/example_setup_teardown.py
[2026-04-09T00:37:15.364+0000] {logging_mixin.py:190} INFO - [2026-04-09T00:37:15.364+0000] {dag.py:3211} INFO - Sync 1 DAGs
[2026-04-09T00:37:15.373+0000] {logging_mixin.py:190} INFO - [2026-04-09T00:37:15.372+0000] {dag.py:4138} INFO - Setting next_dagrun for example_setup_teardown to 2026-04-08 00:00:00+00:00, run_after=2026-04-09 00:00:00+00:00
[2026-04-09T00:37:15.379+0000] {processor.py:208} INFO - Processing /home/airflow/.local/lib/python3.12/site-packages/airflow/example_dags/example_setup_teardown.py took 0.034 seconds
[2026-04-09T00:37:46.058+0000] {processor.py:186} INFO - Started process (PID=826) to work on /home/airflow/.local/lib/python3.12/site-packages/airflow/example_dags/example_setup_teardown.py
[2026-04-09T00:37:46.058+0000] {processor.py:914} INFO - Processing file /home/airflow/.local/lib/python3.12/site-packages/airflow/example_dags/example_setup_teardown.py for tasks to queue
[2026-04-09T00:37:46.059+0000] {logging_mixin.py:190} INFO - [2026-04-09T00:37:46.059+0000] {dagbag.py:587} INFO - Filling up the DagBag from /home/airflow/.local/lib/python3.12/site-packages/airflow/example_dags/example_setup_teardown.py
[2026-04-09T00:37:46.062+0000] {processor.py:925} INFO - DAG(s) 'example_setup_teardown' retrieved from /home/airflow/.local/lib/python3.12/site-packages/airflow/example_dags/example_setup_teardown.py
[2026-04-09T00:37:46.075+0000] {logging_mixin.py:190} INFO - [2026-04-09T00:37:46.074+0000] {dag.py:3211} INFO - Sync 1 DAGs
[2026-04-09T00:37:46.083+0000] {logging_mixin.py:190} INFO - [2026-04-09T00:37:46.083+0000] {dag.py:4138} INFO - Setting next_dagrun for example_setup_teardown to 2026-04-08 00:00:00+00:00, run_after=2026-04-09 00:00:00+00:00
[2026-04-09T00:37:46.092+0000] {processor.py:208} INFO - Processing /home/airflow/.local/lib/python3.12/site-packages/airflow/example_dags/example_setup_teardown.py took 0.037 seconds
[2026-04-09T00:38:16.816+0000] {processor.py:186} INFO - Started process (PID=890) to work on /home/airflow/.local/lib/python3.12/site-packages/airflow/example_dags/example_setup_teardown.py
[2026-04-09T00:38:16.817+0000] {processor.py:914} INFO - Processing file /home/airflow/.local/lib/python3.12/site-packages/airflow/example_dags/example_setup_teardown.py for tasks to queue
[2026-04-09T00:38:16.818+0000] {logging_mixin.py:190} INFO - [2026-04-09T00:38:16.818+0000] {dagbag.py:587} INFO - Filling up the DagBag from /home/airflow/.local/lib/python3.12/site-packages/airflow/example_dags/example_setup_teardown.py
[2026-04-09T00:38:16.825+0000] {processor.py:925} INFO - DAG(s) 'example_setup_teardown' retrieved from /home/airflow/.local/lib/python3.12/site-packages/airflow/example_dags/example_setup_teardown.py
[2026-04-09T00:38:16.833+0000] {logging_mixin.py:190} INFO - [2026-04-09T00:38:16.833+0000] {dag.py:3211} INFO - Sync 1 DAGs
[2026-04-09T00:38:16.842+0000] {logging_mixin.py:190} INFO - [2026-04-09T00:38:16.842+0000] {dag.py:4138} INFO - Setting next_dagrun for example_setup_teardown to 2026-04-08 00:00:00+00:00, run_after=2026-04-09 00:00:00+00:00
[2026-04-09T00:38:16.850+0000] {processor.py:208} INFO - Processing /home/airflow/.local/lib/python3.12/site-packages/airflow/example_dags/example_setup_teardown.py took 0.036 seconds
[2026-04-09T00:38:47.498+0000] {processor.py:186} INFO - Started process (PID=954) to work on /home/airflow/.local/lib/python3.12/site-packages/airflow/example_dags/example_setup_teardown.py
[2026-04-09T00:38:47.498+0000] {processor.py:914} INFO - Processing file /home/airflow/.local/lib/python3.12/site-packages/airflow/example_dags/example_setup_teardown.py for tasks to queue
[2026-04-09T00:38:47.500+0000] {logging_mixin.py:190} INFO - [2026-04-09T00:38:47.500+0000] {dagbag.py:587} INFO - Filling up the DagBag from /home/airflow/.local/lib/python3.12/site-packages/airflow/example_dags/example_setup_teardown.py
[2026-04-09T00:38:47.506+0000] {processor.py:925} INFO - DAG(s) 'example_setup_teardown' retrieved from /home/airflow/.local/lib/python3.12/site-packages/airflow/example_dags/example_setup_teardown.py
[2026-04-09T00:38:47.516+0000] {logging_mixin.py:190} INFO - [2026-04-09T00:38:47.515+0000] {dag.py:3211} INFO - Sync 1 DAGs
[2026-04-09T00:38:47.524+0000] {logging_mixin.py:190} INFO - [2026-04-09T00:38:47.524+0000] {dag.py:4138} INFO - Setting next_dagrun for example_setup_teardown to 2026-04-08 00:00:00+00:00, run_after=2026-04-09 00:00:00+00:00
[2026-04-09T00:38:47.531+0000] {processor.py:208} INFO - Processing /home/airflow/.local/lib/python3.12/site-packages/airflow/example_dags/example_setup_teardown.py took 0.035 seconds
[2026-04-09T00:39:18.278+0000] {processor.py:186} INFO - Started process (PID=1018) to work on /home/airflow/.local/lib/python3.12/site-packages/airflow/example_dags/example_setup_teardown.py
[2026-04-09T00:39:18.279+0000] {processor.py:914} INFO - Processing file /home/airflow/.local/lib/python3.12/site-packages/airflow/example_dags/example_setup_teardown.py for tasks to queue
[2026-04-09T00:39:18.280+0000] {logging_mixin.py:190} INFO - [2026-04-09T00:39:18.280+0000] {dagbag.py:587} INFO - Filling up the DagBag from /home/airflow/.local/lib/python3.12/site-packages/airflow/example_dags/example_setup_teardown.py
[2026-04-09T00:39:18.283+0000] {processor.py:925} INFO - DAG(s) 'example_setup_teardown' retrieved from /home/airflow/.local/lib/python3.12/site-packages/airflow/example_dags/example_setup_teardown.py
[2026-04-09T00:39:18.290+0000] {logging_mixin.py:190} INFO - [2026-04-09T00:39:18.290+0000] {dag.py:3211} INFO - Sync 1 DAGs
[2026-04-09T00:39:18.298+0000] {logging_mixin.py:190} INFO - [2026-04-09T00:39:18.298+0000] {dag.py:4138} INFO - Setting next_dagrun for example_setup_teardown to 2026-04-08 00:00:00+00:00, run_after=2026-04-09 00:00:00+00:00
[2026-04-09T00:39:18.306+0000] {processor.py:208} INFO - Processing /home/airflow/.local/lib/python3.12/site-packages/airflow/example_dags/example_setup_teardown.py took 0.030 seconds
[2026-04-09T00:39:49.040+0000] {processor.py:186} INFO - Started process (PID=1082) to work on /home/airflow/.local/lib/python3.12/site-packages/airflow/example_dags/example_setup_teardown.py
[2026-04-09T00:39:49.040+0000] {processor.py:914} INFO - Processing file /home/airflow/.local/lib/python3.12/site-packages/airflow/example_dags/example_setup_teardown.py for tasks to queue
[2026-04-09T00:39:49.041+0000] {logging_mixin.py:190} INFO - [2026-04-09T00:39:49.041+0000] {dagbag.py:587} INFO - Filling up the DagBag from /home/airflow/.local/lib/python3.12/site-packages/airflow/example_dags/example_setup_teardown.py
[2026-04-09T00:39:49.044+0000] {processor.py:925} INFO - DAG(s) 'example_setup_teardown' retrieved from /home/airflow/.local/lib/python3.12/site-packages/airflow/example_dags/example_setup_teardown.py
[2026-04-09T00:39:49.052+0000] {logging_mixin.py:190} INFO - [2026-04-09T00:39:49.052+0000] {dag.py:3211} INFO - Sync 1 DAGs
[2026-04-09T00:39:49.061+0000] {logging_mixin.py:190} INFO - [2026-04-09T00:39:49.061+0000] {dag.py:4138} INFO - Setting next_dagrun for example_setup_teardown to 2026-04-08 00:00:00+00:00, run_after=2026-04-09 00:00:00+00:00
[2026-04-09T00:39:49.067+0000] {processor.py:208} INFO - Processing /home/airflow/.local/lib/python3.12/site-packages/airflow/example_dags/example_setup_teardown.py took 0.030 seconds
[2026-04-09T00:40:19.860+0000] {processor.py:186} INFO - Started process (PID=1146) to work on /home/airflow/.local/lib/python3.12/site-packages/airflow/example_dags/example_setup_teardown.py
[2026-04-09T00:40:19.861+0000] {processor.py:914} INFO - Processing file /home/airflow/.local/lib/python3.12/site-packages/airflow/example_dags/example_setup_teardown.py for tasks to queue
[2026-04-09T00:40:19.862+0000] {logging_mixin.py:190} INFO - [2026-04-09T00:40:19.861+0000] {dagbag.py:587} INFO - Filling up the DagBag from /home/airflow/.local/lib/python3.12/site-packages/airflow/example_dags/example_setup_teardown.py
[2026-04-09T00:40:19.866+0000] {processor.py:925} INFO - DAG(s) 'example_setup_teardown' retrieved from /home/airflow/.local/lib/python3.12/site-packages/airflow/example_dags/example_setup_teardown.py
[2026-04-09T00:40:19.872+0000] {logging_mixin.py:190} INFO - [2026-04-09T00:40:19.872+0000] {dag.py:3211} INFO - Sync 1 DAGs
[2026-04-09T00:40:19.881+0000] {logging_mixin.py:190} INFO - [2026-04-09T00:40:19.881+0000] {dag.py:4138} INFO - Setting next_dagrun for example_setup_teardown to 2026-04-08 00:00:00+00:00, run_after=2026-04-09 00:00:00+00:00
[2026-04-09T00:40:19.892+0000] {processor.py:208} INFO - Processing /home/airflow/.local/lib/python3.12/site-packages/airflow/example_dags/example_setup_teardown.py took 0.034 seconds
[2026-04-09T00:40:50.629+0000] {processor.py:186} INFO - Started process (PID=1210) to work on /home/airflow/.local/lib/python3.12/site-packages/airflow/example_dags/example_setup_teardown.py
[2026-04-09T00:40:50.630+0000] {processor.py:914} INFO - Processing file /home/airflow/.local/lib/python3.12/site-packages/airflow/example_dags/example_setup_teardown.py for tasks to queue
[2026-04-09T00:40:50.631+0000] {logging_mixin.py:190} INFO - [2026-04-09T00:40:50.631+0000] {dagbag.py:587} INFO - Filling up the DagBag from /home/airflow/.local/lib/python3.12/site-packages/airflow/example_dags/example_setup_teardown.py
[2026-04-09T00:40:50.636+0000] {processor.py:925} INFO - DAG(s) 'example_setup_teardown' retrieved from /home/airflow/.local/lib/python3.12/site-packages/airflow/example_dags/example_setup_teardown.py
[2026-04-09T00:40:50.646+0000] {logging_mixin.py:190} INFO - [2026-04-09T00:40:50.646+0000] {dag.py:3211} INFO - Sync 1 DAGs
[2026-04-09T00:40:50.655+0000] {logging_mixin.py:190} INFO - [2026-04-09T00:40:50.655+0000] {dag.py:4138} INFO - Setting next_dagrun for example_setup_teardown to 2026-04-08 00:00:00+00:00, run_after=2026-04-09 00:00:00+00:00
[2026-04-09T00:40:50.662+0000] {processor.py:208} INFO - Processing /home/airflow/.local/lib/python3.12/site-packages/airflow/example_dags/example_setup_teardown.py took 0.036 seconds
[2026-04-09T00:41:21.347+0000] {processor.py:186} INFO - Started process (PID=1274) to work on /home/airflow/.local/lib/python3.12/site-packages/airflow/example_dags/example_setup_teardown.py
[2026-04-09T00:41:21.348+0000] {processor.py:914} INFO - Processing file /home/airflow/.local/lib/python3.12/site-packages/airflow/example_dags/example_setup_teardown.py for tasks to queue
[2026-04-09T00:41:21.349+0000] {logging_mixin.py:190} INFO - [2026-04-09T00:41:21.349+0000] {dagbag.py:587} INFO - Filling up the DagBag from /home/airflow/.local/lib/python3.12/site-packages/airflow/example_dags/example_setup_teardown.py
[2026-04-09T00:41:21.353+0000] {processor.py:925} INFO - DAG(s) 'example_setup_teardown' retrieved from /home/airflow/.local/lib/python3.12/site-packages/airflow/example_dags/example_setup_teardown.py
[2026-04-09T00:41:21.361+0000] {logging_mixin.py:190} INFO - [2026-04-09T00:41:21.361+0000] {dag.py:3211} INFO - Sync 1 DAGs
[2026-04-09T00:41:21.369+0000] {logging_mixin.py:190} INFO - [2026-04-09T00:41:21.369+0000] {dag.py:4138} INFO - Setting next_dagrun for example_setup_teardown to 2026-04-08 00:00:00+00:00, run_after=2026-04-09 00:00:00+00:00
[2026-04-09T00:41:21.379+0000] {processor.py:208} INFO - Processing /home/airflow/.local/lib/python3.12/site-packages/airflow/example_dags/example_setup_teardown.py took 0.035 seconds
[2026-04-09T00:41:52.252+0000] {processor.py:186} INFO - Started process (PID=1338) to work on /home/airflow/.local/lib/python3.12/site-packages/airflow/example_dags/example_setup_teardown.py
[2026-04-09T00:41:52.253+0000] {processor.py:914} INFO - Processing file /home/airflow/.local/lib/python3.12/site-packages/airflow/example_dags/example_setup_teardown.py for tasks to queue
[2026-04-09T00:41:52.254+0000] {logging_mixin.py:190} INFO - [2026-04-09T00:41:52.254+0000] {dagbag.py:587} INFO - Filling up the DagBag from /home/airflow/.local/lib/python3.12/site-packages/airflow/example_dags/example_setup_teardown.py
[2026-04-09T00:41:52.257+0000] {processor.py:925} INFO - DAG(s) 'example_setup_teardown' retrieved from /home/airflow/.local/lib/python3.12/site-packages/airflow/example_dags/example_setup_teardown.py
[2026-04-09T00:41:52.269+0000] {logging_mixin.py:190} INFO - [2026-04-09T00:41:52.268+0000] {dag.py:3211} INFO - Sync 1 DAGs
[2026-04-09T00:41:52.278+0000] {logging_mixin.py:190} INFO - [2026-04-09T00:41:52.278+0000] {dag.py:4138} INFO - Setting next_dagrun for example_setup_teardown to 2026-04-08 00:00:00+00:00, run_after=2026-04-09 00:00:00+00:00
[2026-04-09T00:41:52.293+0000] {processor.py:208} INFO - Processing /home/airflow/.local/lib/python3.12/site-packages/airflow/example_dags/example_setup_teardown.py took 0.043 seconds
[2026-04-09T00:42:23.281+0000] {processor.py:186} INFO - Started process (PID=1402) to work on /home/airflow/.local/lib/python3.12/site-packages/airflow/example_dags/example_setup_teardown.py
[2026-04-09T00:42:23.281+0000] {processor.py:914} INFO - Processing file /home/airflow/.local/lib/python3.12/site-packages/airflow/example_dags/example_setup_teardown.py for tasks to queue
[2026-04-09T00:42:23.283+0000] {logging_mixin.py:190} INFO - [2026-04-09T00:42:23.282+0000] {dagbag.py:587} INFO - Filling up the DagBag from /home/airflow/.local/lib/python3.12/site-packages/airflow/example_dags/example_setup_teardown.py
[2026-04-09T00:42:23.287+0000] {processor.py:925} INFO - DAG(s) 'example_setup_teardown' retrieved from /home/airflow/.local/lib/python3.12/site-packages/airflow/example_dags/example_setup_teardown.py
[2026-04-09T00:42:23.300+0000] {logging_mixin.py:190} INFO - [2026-04-09T00:42:23.299+0000] {dag.py:3211} INFO - Sync 1 DAGs
[2026-04-09T00:42:23.314+0000] {logging_mixin.py:190} INFO - [2026-04-09T00:42:23.314+0000] {dag.py:4138} INFO - Setting next_dagrun for example_setup_teardown to 2026-04-08 00:00:00+00:00, run_after=2026-04-09 00:00:00+00:00
[2026-04-09T00:42:23.326+0000] {processor.py:208} INFO - Processing /home/airflow/.local/lib/python3.12/site-packages/airflow/example_dags/example_setup_teardown.py took 0.048 seconds
[2026-04-09T00:42:54.232+0000] {processor.py:186} INFO - Started process (PID=1466) to work on /home/airflow/.local/lib/python3.12/site-packages/airflow/example_dags/example_setup_teardown.py
[2026-04-09T00:42:54.232+0000] {processor.py:914} INFO - Processing file /home/airflow/.local/lib/python3.12/site-packages/airflow/example_dags/example_setup_teardown.py for tasks to queue
[2026-04-09T00:42:54.233+0000] {logging_mixin.py:190} INFO - [2026-04-09T00:42:54.233+0000] {dagbag.py:587} INFO - Filling up the DagBag from /home/airflow/.local/lib/python3.12/site-packages/airflow/example_dags/example_setup_teardown.py
[2026-04-09T00:42:54.237+0000] {processor.py:925} INFO - DAG(s) 'example_setup_teardown' retrieved from /home/airflow/.local/lib/python3.12/site-packages/airflow/example_dags/example_setup_teardown.py
[2026-04-09T00:42:54.247+0000] {logging_mixin.py:190} INFO - [2026-04-09T00:42:54.247+0000] {dag.py:3211} INFO - Sync 1 DAGs
[2026-04-09T00:42:54.258+0000] {logging_mixin.py:190} INFO - [2026-04-09T00:42:54.257+0000] {dag.py:4138} INFO - Setting next_dagrun for example_setup_teardown to 2026-04-08 00:00:00+00:00, run_after=2026-04-09 00:00:00+00:00
[2026-04-09T00:42:54.264+0000] {processor.py:208} INFO - Processing /home/airflow/.local/lib/python3.12/site-packages/airflow/example_dags/example_setup_teardown.py took 0.034 seconds
[2026-04-09T00:43:24.988+0000] {processor.py:186} INFO - Started process (PID=1530) to work on /home/airflow/.local/lib/python3.12/site-packages/airflow/example_dags/example_setup_teardown.py
[2026-04-09T00:43:24.988+0000] {processor.py:914} INFO - Processing file /home/airflow/.local/lib/python3.12/site-packages/airflow/example_dags/example_setup_teardown.py for tasks to queue
[2026-04-09T00:43:24.989+0000] {logging_mixin.py:190} INFO - [2026-04-09T00:43:24.989+0000] {dagbag.py:587} INFO - Filling up the DagBag from /home/airflow/.local/lib/python3.12/site-packages/airflow/example_dags/example_setup_teardown.py
[2026-04-09T00:43:24.993+0000] {processor.py:925} INFO - DAG(s) 'example_setup_teardown' retrieved from /home/airflow/.local/lib/python3.12/site-packages/airflow/example_dags/example_setup_teardown.py
[2026-04-09T00:43:25.003+0000] {logging_mixin.py:190} INFO - [2026-04-09T00:43:25.003+0000] {dag.py:3211} INFO - Sync 1 DAGs
[2026-04-09T00:43:25.014+0000] {logging_mixin.py:190} INFO - [2026-04-09T00:43:25.014+0000] {dag.py:4138} INFO - Setting next_dagrun for example_setup_teardown to 2026-04-08 00:00:00+00:00, run_after=2026-04-09 00:00:00+00:00
[2026-04-09T00:43:25.023+0000] {processor.py:208} INFO - Processing /home/airflow/.local/lib/python3.12/site-packages/airflow/example_dags/example_setup_teardown.py took 0.038 seconds
[2026-04-09T00:43:55.766+0000] {processor.py:186} INFO - Started process (PID=1594) to work on /home/airflow/.local/lib/python3.12/site-packages/airflow/example_dags/example_setup_teardown.py
[2026-04-09T00:43:55.767+0000] {processor.py:914} INFO - Processing file /home/airflow/.local/lib/python3.12/site-packages/airflow/example_dags/example_setup_teardown.py for tasks to queue
[2026-04-09T00:43:55.768+0000] {logging_mixin.py:190} INFO - [2026-04-09T00:43:55.768+0000] {dagbag.py:587} INFO - Filling up the DagBag from /home/airflow/.local/lib/python3.12/site-packages/airflow/example_dags/example_setup_teardown.py
[2026-04-09T00:43:55.771+0000] {processor.py:925} INFO - DAG(s) 'example_setup_teardown' retrieved from /home/airflow/.local/lib/python3.12/site-packages/airflow/example_dags/example_setup_teardown.py
[2026-04-09T00:43:55.779+0000] {logging_mixin.py:190} INFO - [2026-04-09T00:43:55.778+0000] {dag.py:3211} INFO - Sync 1 DAGs
[2026-04-09T00:43:55.788+0000] {logging_mixin.py:190} INFO - [2026-04-09T00:43:55.788+0000] {dag.py:4138} INFO - Setting next_dagrun for example_setup_teardown to 2026-04-08 00:00:00+00:00, run_after=2026-04-09 00:00:00+00:00
[2026-04-09T00:43:55.797+0000] {processor.py:208} INFO - Processing /home/airflow/.local/lib/python3.12/site-packages/airflow/example_dags/example_setup_teardown.py took 0.034 seconds
[2026-04-09T00:44:26.548+0000] {processor.py:186} INFO - Started process (PID=1658) to work on /home/airflow/.local/lib/python3.12/site-packages/airflow/example_dags/example_setup_teardown.py
[2026-04-09T00:44:26.548+0000] {processor.py:914} INFO - Processing file /home/airflow/.local/lib/python3.12/site-packages/airflow/example_dags/example_setup_teardown.py for tasks to queue
[2026-04-09T00:44:26.549+0000] {logging_mixin.py:190} INFO - [2026-04-09T00:44:26.549+0000] {dagbag.py:587} INFO - Filling up the DagBag from /home/airflow/.local/lib/python3.12/site-packages/airflow/example_dags/example_setup_teardown.py
[2026-04-09T00:44:26.555+0000] {processor.py:925} INFO - DAG(s) 'example_setup_teardown' retrieved from /home/airflow/.local/lib/python3.12/site-packages/airflow/example_dags/example_setup_teardown.py
[2026-04-09T00:44:26.563+0000] {logging_mixin.py:190} INFO - [2026-04-09T00:44:26.563+0000] {dag.py:3211} INFO - Sync 1 DAGs
[2026-04-09T00:44:26.571+0000] {logging_mixin.py:190} INFO - [2026-04-09T00:44:26.571+0000] {dag.py:4138} INFO - Setting next_dagrun for example_setup_teardown to 2026-04-08 00:00:00+00:00, run_after=2026-04-09 00:00:00+00:00
[2026-04-09T00:44:26.577+0000] {processor.py:208} INFO - Processing /home/airflow/.local/lib/python3.12/site-packages/airflow/example_dags/example_setup_teardown.py took 0.031 seconds
[2026-04-09T00:44:57.342+0000] {processor.py:186} INFO - Started process (PID=1722) to work on /home/airflow/.local/lib/python3.12/site-packages/airflow/example_dags/example_setup_teardown.py
[2026-04-09T00:44:57.343+0000] {processor.py:914} INFO - Processing file /home/airflow/.local/lib/python3.12/site-packages/airflow/example_dags/example_setup_teardown.py for tasks to queue
[2026-04-09T00:44:57.344+0000] {logging_mixin.py:190} INFO - [2026-04-09T00:44:57.344+0000] {dagbag.py:587} INFO - Filling up the DagBag from /home/airflow/.local/lib/python3.12/site-packages/airflow/example_dags/example_setup_teardown.py
[2026-04-09T00:44:57.349+0000] {processor.py:925} INFO - DAG(s) 'example_setup_teardown' retrieved from /home/airflow/.local/lib/python3.12/site-packages/airflow/example_dags/example_setup_teardown.py
[2026-04-09T00:44:57.360+0000] {logging_mixin.py:190} INFO - [2026-04-09T00:44:57.359+0000] {dag.py:3211} INFO - Sync 1 DAGs
[2026-04-09T00:44:57.369+0000] {logging_mixin.py:190} INFO - [2026-04-09T00:44:57.369+0000] {dag.py:4138} INFO - Setting next_dagrun for example_setup_teardown to 2026-04-08 00:00:00+00:00, run_after=2026-04-09 00:00:00+00:00
[2026-04-09T00:44:57.374+0000] {processor.py:208} INFO - Processing /home/airflow/.local/lib/python3.12/site-packages/airflow/example_dags/example_setup_teardown.py took 0.034 seconds
[2026-04-09T00:45:28.304+0000] {processor.py:186} INFO - Started process (PID=1785) to work on /home/airflow/.local/lib/python3.12/site-packages/airflow/example_dags/example_setup_teardown.py
[2026-04-09T00:45:28.304+0000] {processor.py:914} INFO - Processing file /home/airflow/.local/lib/python3.12/site-packages/airflow/example_dags/example_setup_teardown.py for tasks to queue
[2026-04-09T00:45:28.306+0000] {logging_mixin.py:190} INFO - [2026-04-09T00:45:28.305+0000] {dagbag.py:587} INFO - Filling up the DagBag from /home/airflow/.local/lib/python3.12/site-packages/airflow/example_dags/example_setup_teardown.py
[2026-04-09T00:45:28.309+0000] {processor.py:925} INFO - DAG(s) 'example_setup_teardown' retrieved from /home/airflow/.local/lib/python3.12/site-packages/airflow/example_dags/example_setup_teardown.py
[2026-04-09T00:45:28.321+0000] {logging_mixin.py:190} INFO - [2026-04-09T00:45:28.321+0000] {dag.py:3211} INFO - Sync 1 DAGs
[2026-04-09T00:45:28.331+0000] {logging_mixin.py:190} INFO - [2026-04-09T00:45:28.331+0000] {dag.py:4138} INFO - Setting next_dagrun for example_setup_teardown to 2026-04-08 00:00:00+00:00, run_after=2026-04-09 00:00:00+00:00
[2026-04-09T00:45:28.340+0000] {processor.py:208} INFO - Processing /home/airflow/.local/lib/python3.12/site-packages/airflow/example_dags/example_setup_teardown.py took 0.039 seconds
[2026-04-09T00:45:59.309+0000] {processor.py:186} INFO - Started process (PID=1849) to work on /home/airflow/.local/lib/python3.12/site-packages/airflow/example_dags/example_setup_teardown.py
[2026-04-09T00:45:59.310+0000] {processor.py:914} INFO - Processing file /home/airflow/.local/lib/python3.12/site-packages/airflow/example_dags/example_setup_teardown.py for tasks to queue
[2026-04-09T00:45:59.311+0000] {logging_mixin.py:190} INFO - [2026-04-09T00:45:59.311+0000] {dagbag.py:587} INFO - Filling up the DagBag from /home/airflow/.local/lib/python3.12/site-packages/airflow/example_dags/example_setup_teardown.py
[2026-04-09T00:45:59.318+0000] {processor.py:925} INFO - DAG(s) 'example_setup_teardown' retrieved from /home/airflow/.local/lib/python3.12/site-packages/airflow/example_dags/example_setup_teardown.py
[2026-04-09T00:45:59.329+0000] {logging_mixin.py:190} INFO - [2026-04-09T00:45:59.329+0000] {dag.py:3211} INFO - Sync 1 DAGs
[2026-04-09T00:45:59.337+0000] {logging_mixin.py:190} INFO - [2026-04-09T00:45:59.337+0000] {dag.py:4138} INFO - Setting next_dagrun for example_setup_teardown to 2026-04-08 00:00:00+00:00, run_after=2026-04-09 00:00:00+00:00
[2026-04-09T00:45:59.344+0000] {processor.py:208} INFO - Processing /home/airflow/.local/lib/python3.12/site-packages/airflow/example_dags/example_setup_teardown.py took 0.037 seconds
