[2026-04-09T00:31:38.061+0000] {processor.py:186} INFO - Started process (PID=85) to work on /home/airflow/.local/lib/python3.12/site-packages/airflow/example_dags/example_short_circuit_operator.py
[2026-04-09T00:31:38.062+0000] {processor.py:914} INFO - Processing file /home/airflow/.local/lib/python3.12/site-packages/airflow/example_dags/example_short_circuit_operator.py for tasks to queue
[2026-04-09T00:31:38.065+0000] {logging_mixin.py:190} INFO - [2026-04-09T00:31:38.065+0000] {dagbag.py:587} INFO - Filling up the DagBag from /home/airflow/.local/lib/python3.12/site-packages/airflow/example_dags/example_short_circuit_operator.py
[2026-04-09T00:31:38.069+0000] {processor.py:925} INFO - DAG(s) 'example_short_circuit_operator' retrieved from /home/airflow/.local/lib/python3.12/site-packages/airflow/example_dags/example_short_circuit_operator.py
[2026-04-09T00:31:38.118+0000] {logging_mixin.py:190} INFO - [2026-04-09T00:31:38.117+0000] {dag.py:3211} INFO - Sync 1 DAGs
[2026-04-09T00:31:38.127+0000] {logging_mixin.py:190} INFO - [2026-04-09T00:31:38.127+0000] {dag.py:4138} INFO - Setting next_dagrun for example_short_circuit_operator to 2026-04-08 00:00:00+00:00, run_after=2026-04-09 00:00:00+00:00
[2026-04-09T00:31:38.140+0000] {processor.py:208} INFO - Processing /home/airflow/.local/lib/python3.12/site-packages/airflow/example_dags/example_short_circuit_operator.py took 0.081 seconds
[2026-04-09T00:32:08.153+0000] {processor.py:186} INFO - Started process (PID=148) to work on /home/airflow/.local/lib/python3.12/site-packages/airflow/example_dags/example_short_circuit_operator.py
[2026-04-09T00:32:08.154+0000] {processor.py:914} INFO - Processing file /home/airflow/.local/lib/python3.12/site-packages/airflow/example_dags/example_short_circuit_operator.py for tasks to queue
[2026-04-09T00:32:08.154+0000] {logging_mixin.py:190} INFO - [2026-04-09T00:32:08.154+0000] {dagbag.py:587} INFO - Filling up the DagBag from /home/airflow/.local/lib/python3.12/site-packages/airflow/example_dags/example_short_circuit_operator.py
[2026-04-09T00:32:08.158+0000] {processor.py:925} INFO - DAG(s) 'example_short_circuit_operator' retrieved from /home/airflow/.local/lib/python3.12/site-packages/airflow/example_dags/example_short_circuit_operator.py
[2026-04-09T00:32:08.165+0000] {logging_mixin.py:190} INFO - [2026-04-09T00:32:08.165+0000] {dag.py:3211} INFO - Sync 1 DAGs
[2026-04-09T00:32:08.173+0000] {logging_mixin.py:190} INFO - [2026-04-09T00:32:08.173+0000] {dag.py:4138} INFO - Setting next_dagrun for example_short_circuit_operator to 2026-04-08 00:00:00+00:00, run_after=2026-04-09 00:00:00+00:00
[2026-04-09T00:32:08.177+0000] {processor.py:208} INFO - Processing /home/airflow/.local/lib/python3.12/site-packages/airflow/example_dags/example_short_circuit_operator.py took 0.026 seconds
[2026-04-09T00:32:38.999+0000] {processor.py:186} INFO - Started process (PID=212) to work on /home/airflow/.local/lib/python3.12/site-packages/airflow/example_dags/example_short_circuit_operator.py
[2026-04-09T00:32:39.000+0000] {processor.py:914} INFO - Processing file /home/airflow/.local/lib/python3.12/site-packages/airflow/example_dags/example_short_circuit_operator.py for tasks to queue
[2026-04-09T00:32:39.001+0000] {logging_mixin.py:190} INFO - [2026-04-09T00:32:39.001+0000] {dagbag.py:587} INFO - Filling up the DagBag from /home/airflow/.local/lib/python3.12/site-packages/airflow/example_dags/example_short_circuit_operator.py
[2026-04-09T00:32:39.004+0000] {processor.py:925} INFO - DAG(s) 'example_short_circuit_operator' retrieved from /home/airflow/.local/lib/python3.12/site-packages/airflow/example_dags/example_short_circuit_operator.py
[2026-04-09T00:32:39.019+0000] {logging_mixin.py:190} INFO - [2026-04-09T00:32:39.019+0000] {dag.py:3211} INFO - Sync 1 DAGs
[2026-04-09T00:32:39.028+0000] {logging_mixin.py:190} INFO - [2026-04-09T00:32:39.028+0000] {dag.py:4138} INFO - Setting next_dagrun for example_short_circuit_operator to 2026-04-08 00:00:00+00:00, run_after=2026-04-09 00:00:00+00:00
[2026-04-09T00:32:39.035+0000] {processor.py:208} INFO - Processing /home/airflow/.local/lib/python3.12/site-packages/airflow/example_dags/example_short_circuit_operator.py took 0.038 seconds
[2026-04-09T00:33:09.808+0000] {processor.py:186} INFO - Started process (PID=276) to work on /home/airflow/.local/lib/python3.12/site-packages/airflow/example_dags/example_short_circuit_operator.py
[2026-04-09T00:33:09.811+0000] {processor.py:914} INFO - Processing file /home/airflow/.local/lib/python3.12/site-packages/airflow/example_dags/example_short_circuit_operator.py for tasks to queue
[2026-04-09T00:33:09.813+0000] {logging_mixin.py:190} INFO - [2026-04-09T00:33:09.813+0000] {dagbag.py:587} INFO - Filling up the DagBag from /home/airflow/.local/lib/python3.12/site-packages/airflow/example_dags/example_short_circuit_operator.py
[2026-04-09T00:33:09.817+0000] {processor.py:925} INFO - DAG(s) 'example_short_circuit_operator' retrieved from /home/airflow/.local/lib/python3.12/site-packages/airflow/example_dags/example_short_circuit_operator.py
[2026-04-09T00:33:09.827+0000] {logging_mixin.py:190} INFO - [2026-04-09T00:33:09.827+0000] {dag.py:3211} INFO - Sync 1 DAGs
[2026-04-09T00:33:09.836+0000] {logging_mixin.py:190} INFO - [2026-04-09T00:33:09.836+0000] {dag.py:4138} INFO - Setting next_dagrun for example_short_circuit_operator to 2026-04-08 00:00:00+00:00, run_after=2026-04-09 00:00:00+00:00
[2026-04-09T00:33:09.841+0000] {processor.py:208} INFO - Processing /home/airflow/.local/lib/python3.12/site-packages/airflow/example_dags/example_short_circuit_operator.py took 0.036 seconds
[2026-04-09T00:33:40.672+0000] {processor.py:186} INFO - Started process (PID=346) to work on /home/airflow/.local/lib/python3.12/site-packages/airflow/example_dags/example_short_circuit_operator.py
[2026-04-09T00:33:40.673+0000] {processor.py:914} INFO - Processing file /home/airflow/.local/lib/python3.12/site-packages/airflow/example_dags/example_short_circuit_operator.py for tasks to queue
[2026-04-09T00:33:40.674+0000] {logging_mixin.py:190} INFO - [2026-04-09T00:33:40.674+0000] {dagbag.py:587} INFO - Filling up the DagBag from /home/airflow/.local/lib/python3.12/site-packages/airflow/example_dags/example_short_circuit_operator.py
[2026-04-09T00:33:40.678+0000] {processor.py:925} INFO - DAG(s) 'example_short_circuit_operator' retrieved from /home/airflow/.local/lib/python3.12/site-packages/airflow/example_dags/example_short_circuit_operator.py
[2026-04-09T00:33:40.691+0000] {logging_mixin.py:190} INFO - [2026-04-09T00:33:40.691+0000] {dag.py:3211} INFO - Sync 1 DAGs
[2026-04-09T00:33:40.701+0000] {logging_mixin.py:190} INFO - [2026-04-09T00:33:40.701+0000] {dag.py:4138} INFO - Setting next_dagrun for example_short_circuit_operator to 2026-04-08 00:00:00+00:00, run_after=2026-04-09 00:00:00+00:00
[2026-04-09T00:33:40.706+0000] {processor.py:208} INFO - Processing /home/airflow/.local/lib/python3.12/site-packages/airflow/example_dags/example_short_circuit_operator.py took 0.037 seconds
[2026-04-09T00:34:11.537+0000] {processor.py:186} INFO - Started process (PID=410) to work on /home/airflow/.local/lib/python3.12/site-packages/airflow/example_dags/example_short_circuit_operator.py
[2026-04-09T00:34:11.540+0000] {processor.py:914} INFO - Processing file /home/airflow/.local/lib/python3.12/site-packages/airflow/example_dags/example_short_circuit_operator.py for tasks to queue
[2026-04-09T00:34:11.541+0000] {logging_mixin.py:190} INFO - [2026-04-09T00:34:11.541+0000] {dagbag.py:587} INFO - Filling up the DagBag from /home/airflow/.local/lib/python3.12/site-packages/airflow/example_dags/example_short_circuit_operator.py
[2026-04-09T00:34:11.546+0000] {processor.py:925} INFO - DAG(s) 'example_short_circuit_operator' retrieved from /home/airflow/.local/lib/python3.12/site-packages/airflow/example_dags/example_short_circuit_operator.py
[2026-04-09T00:34:11.558+0000] {logging_mixin.py:190} INFO - [2026-04-09T00:34:11.558+0000] {dag.py:3211} INFO - Sync 1 DAGs
[2026-04-09T00:34:11.569+0000] {logging_mixin.py:190} INFO - [2026-04-09T00:34:11.569+0000] {dag.py:4138} INFO - Setting next_dagrun for example_short_circuit_operator to 2026-04-08 00:00:00+00:00, run_after=2026-04-09 00:00:00+00:00
[2026-04-09T00:34:11.575+0000] {processor.py:208} INFO - Processing /home/airflow/.local/lib/python3.12/site-packages/airflow/example_dags/example_short_circuit_operator.py took 0.040 seconds
[2026-04-09T00:34:42.275+0000] {processor.py:186} INFO - Started process (PID=474) to work on /home/airflow/.local/lib/python3.12/site-packages/airflow/example_dags/example_short_circuit_operator.py
[2026-04-09T00:34:42.275+0000] {processor.py:914} INFO - Processing file /home/airflow/.local/lib/python3.12/site-packages/airflow/example_dags/example_short_circuit_operator.py for tasks to queue
[2026-04-09T00:34:42.276+0000] {logging_mixin.py:190} INFO - [2026-04-09T00:34:42.276+0000] {dagbag.py:587} INFO - Filling up the DagBag from /home/airflow/.local/lib/python3.12/site-packages/airflow/example_dags/example_short_circuit_operator.py
[2026-04-09T00:34:42.279+0000] {processor.py:925} INFO - DAG(s) 'example_short_circuit_operator' retrieved from /home/airflow/.local/lib/python3.12/site-packages/airflow/example_dags/example_short_circuit_operator.py
[2026-04-09T00:34:42.293+0000] {logging_mixin.py:190} INFO - [2026-04-09T00:34:42.293+0000] {dag.py:3211} INFO - Sync 1 DAGs
[2026-04-09T00:34:42.303+0000] {logging_mixin.py:190} INFO - [2026-04-09T00:34:42.303+0000] {dag.py:4138} INFO - Setting next_dagrun for example_short_circuit_operator to 2026-04-08 00:00:00+00:00, run_after=2026-04-09 00:00:00+00:00
[2026-04-09T00:34:42.309+0000] {processor.py:208} INFO - Processing /home/airflow/.local/lib/python3.12/site-packages/airflow/example_dags/example_short_circuit_operator.py took 0.036 seconds
[2026-04-09T00:35:12.992+0000] {processor.py:186} INFO - Started process (PID=538) to work on /home/airflow/.local/lib/python3.12/site-packages/airflow/example_dags/example_short_circuit_operator.py
[2026-04-09T00:35:12.992+0000] {processor.py:914} INFO - Processing file /home/airflow/.local/lib/python3.12/site-packages/airflow/example_dags/example_short_circuit_operator.py for tasks to queue
[2026-04-09T00:35:12.993+0000] {logging_mixin.py:190} INFO - [2026-04-09T00:35:12.993+0000] {dagbag.py:587} INFO - Filling up the DagBag from /home/airflow/.local/lib/python3.12/site-packages/airflow/example_dags/example_short_circuit_operator.py
[2026-04-09T00:35:12.996+0000] {processor.py:925} INFO - DAG(s) 'example_short_circuit_operator' retrieved from /home/airflow/.local/lib/python3.12/site-packages/airflow/example_dags/example_short_circuit_operator.py
[2026-04-09T00:35:13.004+0000] {logging_mixin.py:190} INFO - [2026-04-09T00:35:13.004+0000] {dag.py:3211} INFO - Sync 1 DAGs
[2026-04-09T00:35:13.010+0000] {logging_mixin.py:190} INFO - [2026-04-09T00:35:13.010+0000] {dag.py:4138} INFO - Setting next_dagrun for example_short_circuit_operator to 2026-04-08 00:00:00+00:00, run_after=2026-04-09 00:00:00+00:00
[2026-04-09T00:35:13.015+0000] {processor.py:208} INFO - Processing /home/airflow/.local/lib/python3.12/site-packages/airflow/example_dags/example_short_circuit_operator.py took 0.025 seconds
[2026-04-09T00:35:43.801+0000] {processor.py:186} INFO - Started process (PID=601) to work on /home/airflow/.local/lib/python3.12/site-packages/airflow/example_dags/example_short_circuit_operator.py
[2026-04-09T00:35:43.802+0000] {processor.py:914} INFO - Processing file /home/airflow/.local/lib/python3.12/site-packages/airflow/example_dags/example_short_circuit_operator.py for tasks to queue
[2026-04-09T00:35:43.802+0000] {logging_mixin.py:190} INFO - [2026-04-09T00:35:43.802+0000] {dagbag.py:587} INFO - Filling up the DagBag from /home/airflow/.local/lib/python3.12/site-packages/airflow/example_dags/example_short_circuit_operator.py
[2026-04-09T00:35:43.805+0000] {processor.py:925} INFO - DAG(s) 'example_short_circuit_operator' retrieved from /home/airflow/.local/lib/python3.12/site-packages/airflow/example_dags/example_short_circuit_operator.py
[2026-04-09T00:35:43.813+0000] {logging_mixin.py:190} INFO - [2026-04-09T00:35:43.812+0000] {dag.py:3211} INFO - Sync 1 DAGs
[2026-04-09T00:35:43.819+0000] {logging_mixin.py:190} INFO - [2026-04-09T00:35:43.819+0000] {dag.py:4138} INFO - Setting next_dagrun for example_short_circuit_operator to 2026-04-08 00:00:00+00:00, run_after=2026-04-09 00:00:00+00:00
[2026-04-09T00:35:43.824+0000] {processor.py:208} INFO - Processing /home/airflow/.local/lib/python3.12/site-packages/airflow/example_dags/example_short_circuit_operator.py took 0.025 seconds
[2026-04-09T00:36:14.580+0000] {processor.py:186} INFO - Started process (PID=665) to work on /home/airflow/.local/lib/python3.12/site-packages/airflow/example_dags/example_short_circuit_operator.py
[2026-04-09T00:36:14.581+0000] {processor.py:914} INFO - Processing file /home/airflow/.local/lib/python3.12/site-packages/airflow/example_dags/example_short_circuit_operator.py for tasks to queue
[2026-04-09T00:36:14.582+0000] {logging_mixin.py:190} INFO - [2026-04-09T00:36:14.582+0000] {dagbag.py:587} INFO - Filling up the DagBag from /home/airflow/.local/lib/python3.12/site-packages/airflow/example_dags/example_short_circuit_operator.py
[2026-04-09T00:36:14.586+0000] {processor.py:925} INFO - DAG(s) 'example_short_circuit_operator' retrieved from /home/airflow/.local/lib/python3.12/site-packages/airflow/example_dags/example_short_circuit_operator.py
[2026-04-09T00:36:14.598+0000] {logging_mixin.py:190} INFO - [2026-04-09T00:36:14.598+0000] {dag.py:3211} INFO - Sync 1 DAGs
[2026-04-09T00:36:14.606+0000] {logging_mixin.py:190} INFO - [2026-04-09T00:36:14.606+0000] {dag.py:4138} INFO - Setting next_dagrun for example_short_circuit_operator to 2026-04-08 00:00:00+00:00, run_after=2026-04-09 00:00:00+00:00
[2026-04-09T00:36:14.613+0000] {processor.py:208} INFO - Processing /home/airflow/.local/lib/python3.12/site-packages/airflow/example_dags/example_short_circuit_operator.py took 0.035 seconds
[2026-04-09T00:36:45.334+0000] {processor.py:186} INFO - Started process (PID=729) to work on /home/airflow/.local/lib/python3.12/site-packages/airflow/example_dags/example_short_circuit_operator.py
[2026-04-09T00:36:45.335+0000] {processor.py:914} INFO - Processing file /home/airflow/.local/lib/python3.12/site-packages/airflow/example_dags/example_short_circuit_operator.py for tasks to queue
[2026-04-09T00:36:45.336+0000] {logging_mixin.py:190} INFO - [2026-04-09T00:36:45.336+0000] {dagbag.py:587} INFO - Filling up the DagBag from /home/airflow/.local/lib/python3.12/site-packages/airflow/example_dags/example_short_circuit_operator.py
[2026-04-09T00:36:45.339+0000] {processor.py:925} INFO - DAG(s) 'example_short_circuit_operator' retrieved from /home/airflow/.local/lib/python3.12/site-packages/airflow/example_dags/example_short_circuit_operator.py
[2026-04-09T00:36:45.354+0000] {logging_mixin.py:190} INFO - [2026-04-09T00:36:45.354+0000] {dag.py:3211} INFO - Sync 1 DAGs
[2026-04-09T00:36:45.361+0000] {logging_mixin.py:190} INFO - [2026-04-09T00:36:45.361+0000] {dag.py:4138} INFO - Setting next_dagrun for example_short_circuit_operator to 2026-04-08 00:00:00+00:00, run_after=2026-04-09 00:00:00+00:00
[2026-04-09T00:36:45.368+0000] {processor.py:208} INFO - Processing /home/airflow/.local/lib/python3.12/site-packages/airflow/example_dags/example_short_circuit_operator.py took 0.036 seconds
[2026-04-09T00:37:16.121+0000] {processor.py:186} INFO - Started process (PID=793) to work on /home/airflow/.local/lib/python3.12/site-packages/airflow/example_dags/example_short_circuit_operator.py
[2026-04-09T00:37:16.122+0000] {processor.py:914} INFO - Processing file /home/airflow/.local/lib/python3.12/site-packages/airflow/example_dags/example_short_circuit_operator.py for tasks to queue
[2026-04-09T00:37:16.123+0000] {logging_mixin.py:190} INFO - [2026-04-09T00:37:16.123+0000] {dagbag.py:587} INFO - Filling up the DagBag from /home/airflow/.local/lib/python3.12/site-packages/airflow/example_dags/example_short_circuit_operator.py
[2026-04-09T00:37:16.126+0000] {processor.py:925} INFO - DAG(s) 'example_short_circuit_operator' retrieved from /home/airflow/.local/lib/python3.12/site-packages/airflow/example_dags/example_short_circuit_operator.py
[2026-04-09T00:37:16.137+0000] {logging_mixin.py:190} INFO - [2026-04-09T00:37:16.137+0000] {dag.py:3211} INFO - Sync 1 DAGs
[2026-04-09T00:37:16.148+0000] {logging_mixin.py:190} INFO - [2026-04-09T00:37:16.148+0000] {dag.py:4138} INFO - Setting next_dagrun for example_short_circuit_operator to 2026-04-08 00:00:00+00:00, run_after=2026-04-09 00:00:00+00:00
[2026-04-09T00:37:16.156+0000] {processor.py:208} INFO - Processing /home/airflow/.local/lib/python3.12/site-packages/airflow/example_dags/example_short_circuit_operator.py took 0.037 seconds
[2026-04-09T00:37:46.862+0000] {processor.py:186} INFO - Started process (PID=857) to work on /home/airflow/.local/lib/python3.12/site-packages/airflow/example_dags/example_short_circuit_operator.py
[2026-04-09T00:37:46.863+0000] {processor.py:914} INFO - Processing file /home/airflow/.local/lib/python3.12/site-packages/airflow/example_dags/example_short_circuit_operator.py for tasks to queue
[2026-04-09T00:37:46.863+0000] {logging_mixin.py:190} INFO - [2026-04-09T00:37:46.863+0000] {dagbag.py:587} INFO - Filling up the DagBag from /home/airflow/.local/lib/python3.12/site-packages/airflow/example_dags/example_short_circuit_operator.py
[2026-04-09T00:37:46.866+0000] {processor.py:925} INFO - DAG(s) 'example_short_circuit_operator' retrieved from /home/airflow/.local/lib/python3.12/site-packages/airflow/example_dags/example_short_circuit_operator.py
[2026-04-09T00:37:46.874+0000] {logging_mixin.py:190} INFO - [2026-04-09T00:37:46.874+0000] {dag.py:3211} INFO - Sync 1 DAGs
[2026-04-09T00:37:46.881+0000] {logging_mixin.py:190} INFO - [2026-04-09T00:37:46.881+0000] {dag.py:4138} INFO - Setting next_dagrun for example_short_circuit_operator to 2026-04-08 00:00:00+00:00, run_after=2026-04-09 00:00:00+00:00
[2026-04-09T00:37:46.886+0000] {processor.py:208} INFO - Processing /home/airflow/.local/lib/python3.12/site-packages/airflow/example_dags/example_short_circuit_operator.py took 0.026 seconds
[2026-04-09T00:38:17.623+0000] {processor.py:186} INFO - Started process (PID=921) to work on /home/airflow/.local/lib/python3.12/site-packages/airflow/example_dags/example_short_circuit_operator.py
[2026-04-09T00:38:17.623+0000] {processor.py:914} INFO - Processing file /home/airflow/.local/lib/python3.12/site-packages/airflow/example_dags/example_short_circuit_operator.py for tasks to queue
[2026-04-09T00:38:17.625+0000] {logging_mixin.py:190} INFO - [2026-04-09T00:38:17.625+0000] {dagbag.py:587} INFO - Filling up the DagBag from /home/airflow/.local/lib/python3.12/site-packages/airflow/example_dags/example_short_circuit_operator.py
[2026-04-09T00:38:17.631+0000] {processor.py:925} INFO - DAG(s) 'example_short_circuit_operator' retrieved from /home/airflow/.local/lib/python3.12/site-packages/airflow/example_dags/example_short_circuit_operator.py
[2026-04-09T00:38:17.642+0000] {logging_mixin.py:190} INFO - [2026-04-09T00:38:17.642+0000] {dag.py:3211} INFO - Sync 1 DAGs
[2026-04-09T00:38:17.651+0000] {logging_mixin.py:190} INFO - [2026-04-09T00:38:17.651+0000] {dag.py:4138} INFO - Setting next_dagrun for example_short_circuit_operator to 2026-04-08 00:00:00+00:00, run_after=2026-04-09 00:00:00+00:00
[2026-04-09T00:38:17.656+0000] {processor.py:208} INFO - Processing /home/airflow/.local/lib/python3.12/site-packages/airflow/example_dags/example_short_circuit_operator.py took 0.035 seconds
[2026-04-09T00:38:48.282+0000] {processor.py:186} INFO - Started process (PID=985) to work on /home/airflow/.local/lib/python3.12/site-packages/airflow/example_dags/example_short_circuit_operator.py
[2026-04-09T00:38:48.283+0000] {processor.py:914} INFO - Processing file /home/airflow/.local/lib/python3.12/site-packages/airflow/example_dags/example_short_circuit_operator.py for tasks to queue
[2026-04-09T00:38:48.285+0000] {logging_mixin.py:190} INFO - [2026-04-09T00:38:48.285+0000] {dagbag.py:587} INFO - Filling up the DagBag from /home/airflow/.local/lib/python3.12/site-packages/airflow/example_dags/example_short_circuit_operator.py
[2026-04-09T00:38:48.288+0000] {processor.py:925} INFO - DAG(s) 'example_short_circuit_operator' retrieved from /home/airflow/.local/lib/python3.12/site-packages/airflow/example_dags/example_short_circuit_operator.py
[2026-04-09T00:38:48.300+0000] {logging_mixin.py:190} INFO - [2026-04-09T00:38:48.300+0000] {dag.py:3211} INFO - Sync 1 DAGs
[2026-04-09T00:38:48.308+0000] {logging_mixin.py:190} INFO - [2026-04-09T00:38:48.308+0000] {dag.py:4138} INFO - Setting next_dagrun for example_short_circuit_operator to 2026-04-08 00:00:00+00:00, run_after=2026-04-09 00:00:00+00:00
[2026-04-09T00:38:48.316+0000] {processor.py:208} INFO - Processing /home/airflow/.local/lib/python3.12/site-packages/airflow/example_dags/example_short_circuit_operator.py took 0.036 seconds
[2026-04-09T00:39:19.098+0000] {processor.py:186} INFO - Started process (PID=1049) to work on /home/airflow/.local/lib/python3.12/site-packages/airflow/example_dags/example_short_circuit_operator.py
[2026-04-09T00:39:19.099+0000] {processor.py:914} INFO - Processing file /home/airflow/.local/lib/python3.12/site-packages/airflow/example_dags/example_short_circuit_operator.py for tasks to queue
[2026-04-09T00:39:19.101+0000] {logging_mixin.py:190} INFO - [2026-04-09T00:39:19.101+0000] {dagbag.py:587} INFO - Filling up the DagBag from /home/airflow/.local/lib/python3.12/site-packages/airflow/example_dags/example_short_circuit_operator.py
[2026-04-09T00:39:19.104+0000] {processor.py:925} INFO - DAG(s) 'example_short_circuit_operator' retrieved from /home/airflow/.local/lib/python3.12/site-packages/airflow/example_dags/example_short_circuit_operator.py
[2026-04-09T00:39:19.114+0000] {logging_mixin.py:190} INFO - [2026-04-09T00:39:19.114+0000] {dag.py:3211} INFO - Sync 1 DAGs
[2026-04-09T00:39:19.124+0000] {logging_mixin.py:190} INFO - [2026-04-09T00:39:19.123+0000] {dag.py:4138} INFO - Setting next_dagrun for example_short_circuit_operator to 2026-04-08 00:00:00+00:00, run_after=2026-04-09 00:00:00+00:00
[2026-04-09T00:39:19.131+0000] {processor.py:208} INFO - Processing /home/airflow/.local/lib/python3.12/site-packages/airflow/example_dags/example_short_circuit_operator.py took 0.035 seconds
[2026-04-09T00:39:49.866+0000] {processor.py:186} INFO - Started process (PID=1113) to work on /home/airflow/.local/lib/python3.12/site-packages/airflow/example_dags/example_short_circuit_operator.py
[2026-04-09T00:39:49.866+0000] {processor.py:914} INFO - Processing file /home/airflow/.local/lib/python3.12/site-packages/airflow/example_dags/example_short_circuit_operator.py for tasks to queue
[2026-04-09T00:39:49.867+0000] {logging_mixin.py:190} INFO - [2026-04-09T00:39:49.867+0000] {dagbag.py:587} INFO - Filling up the DagBag from /home/airflow/.local/lib/python3.12/site-packages/airflow/example_dags/example_short_circuit_operator.py
[2026-04-09T00:39:49.871+0000] {processor.py:925} INFO - DAG(s) 'example_short_circuit_operator' retrieved from /home/airflow/.local/lib/python3.12/site-packages/airflow/example_dags/example_short_circuit_operator.py
[2026-04-09T00:39:49.883+0000] {logging_mixin.py:190} INFO - [2026-04-09T00:39:49.883+0000] {dag.py:3211} INFO - Sync 1 DAGs
[2026-04-09T00:39:49.891+0000] {logging_mixin.py:190} INFO - [2026-04-09T00:39:49.891+0000] {dag.py:4138} INFO - Setting next_dagrun for example_short_circuit_operator to 2026-04-08 00:00:00+00:00, run_after=2026-04-09 00:00:00+00:00
[2026-04-09T00:39:49.900+0000] {processor.py:208} INFO - Processing /home/airflow/.local/lib/python3.12/site-packages/airflow/example_dags/example_short_circuit_operator.py took 0.036 seconds
[2026-04-09T00:40:20.646+0000] {processor.py:186} INFO - Started process (PID=1177) to work on /home/airflow/.local/lib/python3.12/site-packages/airflow/example_dags/example_short_circuit_operator.py
[2026-04-09T00:40:20.646+0000] {processor.py:914} INFO - Processing file /home/airflow/.local/lib/python3.12/site-packages/airflow/example_dags/example_short_circuit_operator.py for tasks to queue
[2026-04-09T00:40:20.647+0000] {logging_mixin.py:190} INFO - [2026-04-09T00:40:20.647+0000] {dagbag.py:587} INFO - Filling up the DagBag from /home/airflow/.local/lib/python3.12/site-packages/airflow/example_dags/example_short_circuit_operator.py
[2026-04-09T00:40:20.651+0000] {processor.py:925} INFO - DAG(s) 'example_short_circuit_operator' retrieved from /home/airflow/.local/lib/python3.12/site-packages/airflow/example_dags/example_short_circuit_operator.py
[2026-04-09T00:40:20.660+0000] {logging_mixin.py:190} INFO - [2026-04-09T00:40:20.660+0000] {dag.py:3211} INFO - Sync 1 DAGs
[2026-04-09T00:40:20.669+0000] {logging_mixin.py:190} INFO - [2026-04-09T00:40:20.669+0000] {dag.py:4138} INFO - Setting next_dagrun for example_short_circuit_operator to 2026-04-08 00:00:00+00:00, run_after=2026-04-09 00:00:00+00:00
[2026-04-09T00:40:20.678+0000] {processor.py:208} INFO - Processing /home/airflow/.local/lib/python3.12/site-packages/airflow/example_dags/example_short_circuit_operator.py took 0.034 seconds
[2026-04-09T00:40:51.461+0000] {processor.py:186} INFO - Started process (PID=1241) to work on /home/airflow/.local/lib/python3.12/site-packages/airflow/example_dags/example_short_circuit_operator.py
[2026-04-09T00:40:51.462+0000] {processor.py:914} INFO - Processing file /home/airflow/.local/lib/python3.12/site-packages/airflow/example_dags/example_short_circuit_operator.py for tasks to queue
[2026-04-09T00:40:51.464+0000] {logging_mixin.py:190} INFO - [2026-04-09T00:40:51.464+0000] {dagbag.py:587} INFO - Filling up the DagBag from /home/airflow/.local/lib/python3.12/site-packages/airflow/example_dags/example_short_circuit_operator.py
[2026-04-09T00:40:51.468+0000] {processor.py:925} INFO - DAG(s) 'example_short_circuit_operator' retrieved from /home/airflow/.local/lib/python3.12/site-packages/airflow/example_dags/example_short_circuit_operator.py
[2026-04-09T00:40:51.483+0000] {logging_mixin.py:190} INFO - [2026-04-09T00:40:51.483+0000] {dag.py:3211} INFO - Sync 1 DAGs
[2026-04-09T00:40:51.491+0000] {logging_mixin.py:190} INFO - [2026-04-09T00:40:51.491+0000] {dag.py:4138} INFO - Setting next_dagrun for example_short_circuit_operator to 2026-04-08 00:00:00+00:00, run_after=2026-04-09 00:00:00+00:00
[2026-04-09T00:40:51.496+0000] {processor.py:208} INFO - Processing /home/airflow/.local/lib/python3.12/site-packages/airflow/example_dags/example_short_circuit_operator.py took 0.037 seconds
[2026-04-09T00:41:22.249+0000] {processor.py:186} INFO - Started process (PID=1305) to work on /home/airflow/.local/lib/python3.12/site-packages/airflow/example_dags/example_short_circuit_operator.py
[2026-04-09T00:41:22.250+0000] {processor.py:914} INFO - Processing file /home/airflow/.local/lib/python3.12/site-packages/airflow/example_dags/example_short_circuit_operator.py for tasks to queue
[2026-04-09T00:41:22.251+0000] {logging_mixin.py:190} INFO - [2026-04-09T00:41:22.251+0000] {dagbag.py:587} INFO - Filling up the DagBag from /home/airflow/.local/lib/python3.12/site-packages/airflow/example_dags/example_short_circuit_operator.py
[2026-04-09T00:41:22.255+0000] {processor.py:925} INFO - DAG(s) 'example_short_circuit_operator' retrieved from /home/airflow/.local/lib/python3.12/site-packages/airflow/example_dags/example_short_circuit_operator.py
[2026-04-09T00:41:22.268+0000] {logging_mixin.py:190} INFO - [2026-04-09T00:41:22.268+0000] {dag.py:3211} INFO - Sync 1 DAGs
[2026-04-09T00:41:22.279+0000] {logging_mixin.py:190} INFO - [2026-04-09T00:41:22.278+0000] {dag.py:4138} INFO - Setting next_dagrun for example_short_circuit_operator to 2026-04-08 00:00:00+00:00, run_after=2026-04-09 00:00:00+00:00
[2026-04-09T00:41:22.286+0000] {processor.py:208} INFO - Processing /home/airflow/.local/lib/python3.12/site-packages/airflow/example_dags/example_short_circuit_operator.py took 0.039 seconds
[2026-04-09T00:41:53.181+0000] {processor.py:186} INFO - Started process (PID=1369) to work on /home/airflow/.local/lib/python3.12/site-packages/airflow/example_dags/example_short_circuit_operator.py
[2026-04-09T00:41:53.183+0000] {processor.py:914} INFO - Processing file /home/airflow/.local/lib/python3.12/site-packages/airflow/example_dags/example_short_circuit_operator.py for tasks to queue
[2026-04-09T00:41:53.185+0000] {logging_mixin.py:190} INFO - [2026-04-09T00:41:53.184+0000] {dagbag.py:587} INFO - Filling up the DagBag from /home/airflow/.local/lib/python3.12/site-packages/airflow/example_dags/example_short_circuit_operator.py
[2026-04-09T00:41:53.190+0000] {processor.py:925} INFO - DAG(s) 'example_short_circuit_operator' retrieved from /home/airflow/.local/lib/python3.12/site-packages/airflow/example_dags/example_short_circuit_operator.py
[2026-04-09T00:41:53.205+0000] {logging_mixin.py:190} INFO - [2026-04-09T00:41:53.205+0000] {dag.py:3211} INFO - Sync 1 DAGs
[2026-04-09T00:41:53.215+0000] {logging_mixin.py:190} INFO - [2026-04-09T00:41:53.215+0000] {dag.py:4138} INFO - Setting next_dagrun for example_short_circuit_operator to 2026-04-08 00:00:00+00:00, run_after=2026-04-09 00:00:00+00:00
[2026-04-09T00:41:53.224+0000] {processor.py:208} INFO - Processing /home/airflow/.local/lib/python3.12/site-packages/airflow/example_dags/example_short_circuit_operator.py took 0.046 seconds
[2026-04-09T00:42:24.288+0000] {processor.py:186} INFO - Started process (PID=1433) to work on /home/airflow/.local/lib/python3.12/site-packages/airflow/example_dags/example_short_circuit_operator.py
[2026-04-09T00:42:24.289+0000] {processor.py:914} INFO - Processing file /home/airflow/.local/lib/python3.12/site-packages/airflow/example_dags/example_short_circuit_operator.py for tasks to queue
[2026-04-09T00:42:24.290+0000] {logging_mixin.py:190} INFO - [2026-04-09T00:42:24.290+0000] {dagbag.py:587} INFO - Filling up the DagBag from /home/airflow/.local/lib/python3.12/site-packages/airflow/example_dags/example_short_circuit_operator.py
[2026-04-09T00:42:24.293+0000] {processor.py:925} INFO - DAG(s) 'example_short_circuit_operator' retrieved from /home/airflow/.local/lib/python3.12/site-packages/airflow/example_dags/example_short_circuit_operator.py
[2026-04-09T00:42:24.302+0000] {logging_mixin.py:190} INFO - [2026-04-09T00:42:24.302+0000] {dag.py:3211} INFO - Sync 1 DAGs
[2026-04-09T00:42:24.313+0000] {logging_mixin.py:190} INFO - [2026-04-09T00:42:24.313+0000] {dag.py:4138} INFO - Setting next_dagrun for example_short_circuit_operator to 2026-04-08 00:00:00+00:00, run_after=2026-04-09 00:00:00+00:00
[2026-04-09T00:42:24.324+0000] {processor.py:208} INFO - Processing /home/airflow/.local/lib/python3.12/site-packages/airflow/example_dags/example_short_circuit_operator.py took 0.038 seconds
[2026-04-09T00:42:55.056+0000] {processor.py:186} INFO - Started process (PID=1497) to work on /home/airflow/.local/lib/python3.12/site-packages/airflow/example_dags/example_short_circuit_operator.py
[2026-04-09T00:42:55.057+0000] {processor.py:914} INFO - Processing file /home/airflow/.local/lib/python3.12/site-packages/airflow/example_dags/example_short_circuit_operator.py for tasks to queue
[2026-04-09T00:42:55.060+0000] {logging_mixin.py:190} INFO - [2026-04-09T00:42:55.060+0000] {dagbag.py:587} INFO - Filling up the DagBag from /home/airflow/.local/lib/python3.12/site-packages/airflow/example_dags/example_short_circuit_operator.py
[2026-04-09T00:42:55.063+0000] {processor.py:925} INFO - DAG(s) 'example_short_circuit_operator' retrieved from /home/airflow/.local/lib/python3.12/site-packages/airflow/example_dags/example_short_circuit_operator.py
[2026-04-09T00:42:55.072+0000] {logging_mixin.py:190} INFO - [2026-04-09T00:42:55.072+0000] {dag.py:3211} INFO - Sync 1 DAGs
[2026-04-09T00:42:55.082+0000] {logging_mixin.py:190} INFO - [2026-04-09T00:42:55.082+0000] {dag.py:4138} INFO - Setting next_dagrun for example_short_circuit_operator to 2026-04-08 00:00:00+00:00, run_after=2026-04-09 00:00:00+00:00
[2026-04-09T00:42:55.088+0000] {processor.py:208} INFO - Processing /home/airflow/.local/lib/python3.12/site-packages/airflow/example_dags/example_short_circuit_operator.py took 0.034 seconds
[2026-04-09T00:43:25.830+0000] {processor.py:186} INFO - Started process (PID=1561) to work on /home/airflow/.local/lib/python3.12/site-packages/airflow/example_dags/example_short_circuit_operator.py
[2026-04-09T00:43:25.831+0000] {processor.py:914} INFO - Processing file /home/airflow/.local/lib/python3.12/site-packages/airflow/example_dags/example_short_circuit_operator.py for tasks to queue
[2026-04-09T00:43:25.832+0000] {logging_mixin.py:190} INFO - [2026-04-09T00:43:25.832+0000] {dagbag.py:587} INFO - Filling up the DagBag from /home/airflow/.local/lib/python3.12/site-packages/airflow/example_dags/example_short_circuit_operator.py
[2026-04-09T00:43:25.836+0000] {processor.py:925} INFO - DAG(s) 'example_short_circuit_operator' retrieved from /home/airflow/.local/lib/python3.12/site-packages/airflow/example_dags/example_short_circuit_operator.py
[2026-04-09T00:43:25.848+0000] {logging_mixin.py:190} INFO - [2026-04-09T00:43:25.847+0000] {dag.py:3211} INFO - Sync 1 DAGs
[2026-04-09T00:43:25.858+0000] {logging_mixin.py:190} INFO - [2026-04-09T00:43:25.858+0000] {dag.py:4138} INFO - Setting next_dagrun for example_short_circuit_operator to 2026-04-08 00:00:00+00:00, run_after=2026-04-09 00:00:00+00:00
[2026-04-09T00:43:25.867+0000] {processor.py:208} INFO - Processing /home/airflow/.local/lib/python3.12/site-packages/airflow/example_dags/example_short_circuit_operator.py took 0.039 seconds
[2026-04-09T00:43:56.569+0000] {processor.py:186} INFO - Started process (PID=1625) to work on /home/airflow/.local/lib/python3.12/site-packages/airflow/example_dags/example_short_circuit_operator.py
[2026-04-09T00:43:56.569+0000] {processor.py:914} INFO - Processing file /home/airflow/.local/lib/python3.12/site-packages/airflow/example_dags/example_short_circuit_operator.py for tasks to queue
[2026-04-09T00:43:56.570+0000] {logging_mixin.py:190} INFO - [2026-04-09T00:43:56.570+0000] {dagbag.py:587} INFO - Filling up the DagBag from /home/airflow/.local/lib/python3.12/site-packages/airflow/example_dags/example_short_circuit_operator.py
[2026-04-09T00:43:56.573+0000] {processor.py:925} INFO - DAG(s) 'example_short_circuit_operator' retrieved from /home/airflow/.local/lib/python3.12/site-packages/airflow/example_dags/example_short_circuit_operator.py
[2026-04-09T00:43:56.588+0000] {logging_mixin.py:190} INFO - [2026-04-09T00:43:56.588+0000] {dag.py:3211} INFO - Sync 1 DAGs
[2026-04-09T00:43:56.595+0000] {logging_mixin.py:190} INFO - [2026-04-09T00:43:56.595+0000] {dag.py:4138} INFO - Setting next_dagrun for example_short_circuit_operator to 2026-04-08 00:00:00+00:00, run_after=2026-04-09 00:00:00+00:00
[2026-04-09T00:43:56.603+0000] {processor.py:208} INFO - Processing /home/airflow/.local/lib/python3.12/site-packages/airflow/example_dags/example_short_circuit_operator.py took 0.037 seconds
[2026-04-09T00:44:27.395+0000] {processor.py:186} INFO - Started process (PID=1689) to work on /home/airflow/.local/lib/python3.12/site-packages/airflow/example_dags/example_short_circuit_operator.py
[2026-04-09T00:44:27.396+0000] {processor.py:914} INFO - Processing file /home/airflow/.local/lib/python3.12/site-packages/airflow/example_dags/example_short_circuit_operator.py for tasks to queue
[2026-04-09T00:44:27.397+0000] {logging_mixin.py:190} INFO - [2026-04-09T00:44:27.397+0000] {dagbag.py:587} INFO - Filling up the DagBag from /home/airflow/.local/lib/python3.12/site-packages/airflow/example_dags/example_short_circuit_operator.py
[2026-04-09T00:44:27.401+0000] {processor.py:925} INFO - DAG(s) 'example_short_circuit_operator' retrieved from /home/airflow/.local/lib/python3.12/site-packages/airflow/example_dags/example_short_circuit_operator.py
[2026-04-09T00:44:27.412+0000] {logging_mixin.py:190} INFO - [2026-04-09T00:44:27.412+0000] {dag.py:3211} INFO - Sync 1 DAGs
[2026-04-09T00:44:27.423+0000] {logging_mixin.py:190} INFO - [2026-04-09T00:44:27.423+0000] {dag.py:4138} INFO - Setting next_dagrun for example_short_circuit_operator to 2026-04-08 00:00:00+00:00, run_after=2026-04-09 00:00:00+00:00
[2026-04-09T00:44:27.430+0000] {processor.py:208} INFO - Processing /home/airflow/.local/lib/python3.12/site-packages/airflow/example_dags/example_short_circuit_operator.py took 0.038 seconds
[2026-04-09T00:44:58.332+0000] {processor.py:186} INFO - Started process (PID=1753) to work on /home/airflow/.local/lib/python3.12/site-packages/airflow/example_dags/example_short_circuit_operator.py
[2026-04-09T00:44:58.332+0000] {processor.py:914} INFO - Processing file /home/airflow/.local/lib/python3.12/site-packages/airflow/example_dags/example_short_circuit_operator.py for tasks to queue
[2026-04-09T00:44:58.333+0000] {logging_mixin.py:190} INFO - [2026-04-09T00:44:58.333+0000] {dagbag.py:587} INFO - Filling up the DagBag from /home/airflow/.local/lib/python3.12/site-packages/airflow/example_dags/example_short_circuit_operator.py
[2026-04-09T00:44:58.337+0000] {processor.py:925} INFO - DAG(s) 'example_short_circuit_operator' retrieved from /home/airflow/.local/lib/python3.12/site-packages/airflow/example_dags/example_short_circuit_operator.py
[2026-04-09T00:44:58.344+0000] {logging_mixin.py:190} INFO - [2026-04-09T00:44:58.344+0000] {dag.py:3211} INFO - Sync 1 DAGs
[2026-04-09T00:44:58.351+0000] {logging_mixin.py:190} INFO - [2026-04-09T00:44:58.351+0000] {dag.py:4138} INFO - Setting next_dagrun for example_short_circuit_operator to 2026-04-08 00:00:00+00:00, run_after=2026-04-09 00:00:00+00:00
[2026-04-09T00:44:58.356+0000] {processor.py:208} INFO - Processing /home/airflow/.local/lib/python3.12/site-packages/airflow/example_dags/example_short_circuit_operator.py took 0.026 seconds
[2026-04-09T00:45:29.311+0000] {processor.py:186} INFO - Started process (PID=1816) to work on /home/airflow/.local/lib/python3.12/site-packages/airflow/example_dags/example_short_circuit_operator.py
[2026-04-09T00:45:29.312+0000] {processor.py:914} INFO - Processing file /home/airflow/.local/lib/python3.12/site-packages/airflow/example_dags/example_short_circuit_operator.py for tasks to queue
[2026-04-09T00:45:29.313+0000] {logging_mixin.py:190} INFO - [2026-04-09T00:45:29.313+0000] {dagbag.py:587} INFO - Filling up the DagBag from /home/airflow/.local/lib/python3.12/site-packages/airflow/example_dags/example_short_circuit_operator.py
[2026-04-09T00:45:29.317+0000] {processor.py:925} INFO - DAG(s) 'example_short_circuit_operator' retrieved from /home/airflow/.local/lib/python3.12/site-packages/airflow/example_dags/example_short_circuit_operator.py
[2026-04-09T00:45:29.329+0000] {logging_mixin.py:190} INFO - [2026-04-09T00:45:29.329+0000] {dag.py:3211} INFO - Sync 1 DAGs
[2026-04-09T00:45:29.337+0000] {logging_mixin.py:190} INFO - [2026-04-09T00:45:29.337+0000] {dag.py:4138} INFO - Setting next_dagrun for example_short_circuit_operator to 2026-04-08 00:00:00+00:00, run_after=2026-04-09 00:00:00+00:00
[2026-04-09T00:45:29.342+0000] {processor.py:208} INFO - Processing /home/airflow/.local/lib/python3.12/site-packages/airflow/example_dags/example_short_circuit_operator.py took 0.033 seconds
[2026-04-09T00:46:00.260+0000] {processor.py:186} INFO - Started process (PID=1880) to work on /home/airflow/.local/lib/python3.12/site-packages/airflow/example_dags/example_short_circuit_operator.py
[2026-04-09T00:46:00.260+0000] {processor.py:914} INFO - Processing file /home/airflow/.local/lib/python3.12/site-packages/airflow/example_dags/example_short_circuit_operator.py for tasks to queue
[2026-04-09T00:46:00.261+0000] {logging_mixin.py:190} INFO - [2026-04-09T00:46:00.261+0000] {dagbag.py:587} INFO - Filling up the DagBag from /home/airflow/.local/lib/python3.12/site-packages/airflow/example_dags/example_short_circuit_operator.py
[2026-04-09T00:46:00.265+0000] {processor.py:925} INFO - DAG(s) 'example_short_circuit_operator' retrieved from /home/airflow/.local/lib/python3.12/site-packages/airflow/example_dags/example_short_circuit_operator.py
[2026-04-09T00:46:00.275+0000] {logging_mixin.py:190} INFO - [2026-04-09T00:46:00.275+0000] {dag.py:3211} INFO - Sync 1 DAGs
[2026-04-09T00:46:00.283+0000] {logging_mixin.py:190} INFO - [2026-04-09T00:46:00.283+0000] {dag.py:4138} INFO - Setting next_dagrun for example_short_circuit_operator to 2026-04-08 00:00:00+00:00, run_after=2026-04-09 00:00:00+00:00
[2026-04-09T00:46:00.291+0000] {processor.py:208} INFO - Processing /home/airflow/.local/lib/python3.12/site-packages/airflow/example_dags/example_short_circuit_operator.py took 0.034 seconds
