[2026-04-09T00:31:37.125+0000] {processor.py:186} INFO - Started process (PID=63) to work on /home/airflow/.local/lib/python3.12/site-packages/airflow/example_dags/example_branch_operator.py
[2026-04-09T00:31:37.125+0000] {processor.py:914} INFO - Processing file /home/airflow/.local/lib/python3.12/site-packages/airflow/example_dags/example_branch_operator.py for tasks to queue
[2026-04-09T00:31:37.126+0000] {logging_mixin.py:190} INFO - [2026-04-09T00:31:37.126+0000] {dagbag.py:587} INFO - Filling up the DagBag from /home/airflow/.local/lib/python3.12/site-packages/airflow/example_dags/example_branch_operator.py
[2026-04-09T00:31:37.133+0000] {processor.py:925} INFO - DAG(s) 'example_branch_operator' retrieved from /home/airflow/.local/lib/python3.12/site-packages/airflow/example_dags/example_branch_operator.py
[2026-04-09T00:31:37.171+0000] {logging_mixin.py:190} INFO - [2026-04-09T00:31:37.170+0000] {dag.py:3211} INFO - Sync 1 DAGs
[2026-04-09T00:31:37.178+0000] {logging_mixin.py:190} INFO - [2026-04-09T00:31:37.178+0000] {dag.py:4138} INFO - Setting next_dagrun for example_branch_operator to 2026-04-08 00:00:00+00:00, run_after=2026-04-09 00:00:00+00:00
[2026-04-09T00:31:37.184+0000] {processor.py:208} INFO - Processing /home/airflow/.local/lib/python3.12/site-packages/airflow/example_dags/example_branch_operator.py took 0.062 seconds
[2026-04-09T00:32:07.521+0000] {processor.py:186} INFO - Started process (PID=126) to work on /home/airflow/.local/lib/python3.12/site-packages/airflow/example_dags/example_branch_operator.py
[2026-04-09T00:32:07.522+0000] {processor.py:914} INFO - Processing file /home/airflow/.local/lib/python3.12/site-packages/airflow/example_dags/example_branch_operator.py for tasks to queue
[2026-04-09T00:32:07.523+0000] {logging_mixin.py:190} INFO - [2026-04-09T00:32:07.522+0000] {dagbag.py:587} INFO - Filling up the DagBag from /home/airflow/.local/lib/python3.12/site-packages/airflow/example_dags/example_branch_operator.py
[2026-04-09T00:32:07.531+0000] {processor.py:925} INFO - DAG(s) 'example_branch_operator' retrieved from /home/airflow/.local/lib/python3.12/site-packages/airflow/example_dags/example_branch_operator.py
[2026-04-09T00:32:07.542+0000] {logging_mixin.py:190} INFO - [2026-04-09T00:32:07.542+0000] {dag.py:3211} INFO - Sync 1 DAGs
[2026-04-09T00:32:07.552+0000] {logging_mixin.py:190} INFO - [2026-04-09T00:32:07.552+0000] {dag.py:4138} INFO - Setting next_dagrun for example_branch_operator to 2026-04-08 00:00:00+00:00, run_after=2026-04-09 00:00:00+00:00
[2026-04-09T00:32:07.566+0000] {processor.py:208} INFO - Processing /home/airflow/.local/lib/python3.12/site-packages/airflow/example_dags/example_branch_operator.py took 0.047 seconds
[2026-04-09T00:32:38.387+0000] {processor.py:186} INFO - Started process (PID=190) to work on /home/airflow/.local/lib/python3.12/site-packages/airflow/example_dags/example_branch_operator.py
[2026-04-09T00:32:38.387+0000] {processor.py:914} INFO - Processing file /home/airflow/.local/lib/python3.12/site-packages/airflow/example_dags/example_branch_operator.py for tasks to queue
[2026-04-09T00:32:38.388+0000] {logging_mixin.py:190} INFO - [2026-04-09T00:32:38.388+0000] {dagbag.py:587} INFO - Filling up the DagBag from /home/airflow/.local/lib/python3.12/site-packages/airflow/example_dags/example_branch_operator.py
[2026-04-09T00:32:38.396+0000] {processor.py:925} INFO - DAG(s) 'example_branch_operator' retrieved from /home/airflow/.local/lib/python3.12/site-packages/airflow/example_dags/example_branch_operator.py
[2026-04-09T00:32:38.409+0000] {logging_mixin.py:190} INFO - [2026-04-09T00:32:38.409+0000] {dag.py:3211} INFO - Sync 1 DAGs
[2026-04-09T00:32:38.418+0000] {logging_mixin.py:190} INFO - [2026-04-09T00:32:38.418+0000] {dag.py:4138} INFO - Setting next_dagrun for example_branch_operator to 2026-04-08 00:00:00+00:00, run_after=2026-04-09 00:00:00+00:00
[2026-04-09T00:32:38.424+0000] {processor.py:208} INFO - Processing /home/airflow/.local/lib/python3.12/site-packages/airflow/example_dags/example_branch_operator.py took 0.040 seconds
[2026-04-09T00:33:09.249+0000] {processor.py:186} INFO - Started process (PID=254) to work on /home/airflow/.local/lib/python3.12/site-packages/airflow/example_dags/example_branch_operator.py
[2026-04-09T00:33:09.250+0000] {processor.py:914} INFO - Processing file /home/airflow/.local/lib/python3.12/site-packages/airflow/example_dags/example_branch_operator.py for tasks to queue
[2026-04-09T00:33:09.252+0000] {logging_mixin.py:190} INFO - [2026-04-09T00:33:09.252+0000] {dagbag.py:587} INFO - Filling up the DagBag from /home/airflow/.local/lib/python3.12/site-packages/airflow/example_dags/example_branch_operator.py
[2026-04-09T00:33:09.260+0000] {processor.py:925} INFO - DAG(s) 'example_branch_operator' retrieved from /home/airflow/.local/lib/python3.12/site-packages/airflow/example_dags/example_branch_operator.py
[2026-04-09T00:33:09.272+0000] {logging_mixin.py:190} INFO - [2026-04-09T00:33:09.271+0000] {dag.py:3211} INFO - Sync 1 DAGs
[2026-04-09T00:33:09.282+0000] {logging_mixin.py:190} INFO - [2026-04-09T00:33:09.282+0000] {dag.py:4138} INFO - Setting next_dagrun for example_branch_operator to 2026-04-08 00:00:00+00:00, run_after=2026-04-09 00:00:00+00:00
[2026-04-09T00:33:09.288+0000] {processor.py:208} INFO - Processing /home/airflow/.local/lib/python3.12/site-packages/airflow/example_dags/example_branch_operator.py took 0.041 seconds
[2026-04-09T00:33:40.120+0000] {processor.py:186} INFO - Started process (PID=324) to work on /home/airflow/.local/lib/python3.12/site-packages/airflow/example_dags/example_branch_operator.py
[2026-04-09T00:33:40.121+0000] {processor.py:914} INFO - Processing file /home/airflow/.local/lib/python3.12/site-packages/airflow/example_dags/example_branch_operator.py for tasks to queue
[2026-04-09T00:33:40.122+0000] {logging_mixin.py:190} INFO - [2026-04-09T00:33:40.122+0000] {dagbag.py:587} INFO - Filling up the DagBag from /home/airflow/.local/lib/python3.12/site-packages/airflow/example_dags/example_branch_operator.py
[2026-04-09T00:33:40.128+0000] {processor.py:925} INFO - DAG(s) 'example_branch_operator' retrieved from /home/airflow/.local/lib/python3.12/site-packages/airflow/example_dags/example_branch_operator.py
[2026-04-09T00:33:40.137+0000] {logging_mixin.py:190} INFO - [2026-04-09T00:33:40.137+0000] {dag.py:3211} INFO - Sync 1 DAGs
[2026-04-09T00:33:40.144+0000] {logging_mixin.py:190} INFO - [2026-04-09T00:33:40.144+0000] {dag.py:4138} INFO - Setting next_dagrun for example_branch_operator to 2026-04-08 00:00:00+00:00, run_after=2026-04-09 00:00:00+00:00
[2026-04-09T00:33:40.150+0000] {processor.py:208} INFO - Processing /home/airflow/.local/lib/python3.12/site-packages/airflow/example_dags/example_branch_operator.py took 0.032 seconds
[2026-04-09T00:34:10.918+0000] {processor.py:186} INFO - Started process (PID=388) to work on /home/airflow/.local/lib/python3.12/site-packages/airflow/example_dags/example_branch_operator.py
[2026-04-09T00:34:10.918+0000] {processor.py:914} INFO - Processing file /home/airflow/.local/lib/python3.12/site-packages/airflow/example_dags/example_branch_operator.py for tasks to queue
[2026-04-09T00:34:10.919+0000] {logging_mixin.py:190} INFO - [2026-04-09T00:34:10.919+0000] {dagbag.py:587} INFO - Filling up the DagBag from /home/airflow/.local/lib/python3.12/site-packages/airflow/example_dags/example_branch_operator.py
[2026-04-09T00:34:10.926+0000] {processor.py:925} INFO - DAG(s) 'example_branch_operator' retrieved from /home/airflow/.local/lib/python3.12/site-packages/airflow/example_dags/example_branch_operator.py
[2026-04-09T00:34:10.940+0000] {logging_mixin.py:190} INFO - [2026-04-09T00:34:10.940+0000] {dag.py:3211} INFO - Sync 1 DAGs
[2026-04-09T00:34:10.950+0000] {logging_mixin.py:190} INFO - [2026-04-09T00:34:10.950+0000] {dag.py:4138} INFO - Setting next_dagrun for example_branch_operator to 2026-04-08 00:00:00+00:00, run_after=2026-04-09 00:00:00+00:00
[2026-04-09T00:34:10.960+0000] {processor.py:208} INFO - Processing /home/airflow/.local/lib/python3.12/site-packages/airflow/example_dags/example_branch_operator.py took 0.045 seconds
[2026-04-09T00:34:41.747+0000] {processor.py:186} INFO - Started process (PID=452) to work on /home/airflow/.local/lib/python3.12/site-packages/airflow/example_dags/example_branch_operator.py
[2026-04-09T00:34:41.747+0000] {processor.py:914} INFO - Processing file /home/airflow/.local/lib/python3.12/site-packages/airflow/example_dags/example_branch_operator.py for tasks to queue
[2026-04-09T00:34:41.749+0000] {logging_mixin.py:190} INFO - [2026-04-09T00:34:41.749+0000] {dagbag.py:587} INFO - Filling up the DagBag from /home/airflow/.local/lib/python3.12/site-packages/airflow/example_dags/example_branch_operator.py
[2026-04-09T00:34:41.757+0000] {processor.py:925} INFO - DAG(s) 'example_branch_operator' retrieved from /home/airflow/.local/lib/python3.12/site-packages/airflow/example_dags/example_branch_operator.py
[2026-04-09T00:34:41.767+0000] {logging_mixin.py:190} INFO - [2026-04-09T00:34:41.767+0000] {dag.py:3211} INFO - Sync 1 DAGs
[2026-04-09T00:34:41.775+0000] {logging_mixin.py:190} INFO - [2026-04-09T00:34:41.775+0000] {dag.py:4138} INFO - Setting next_dagrun for example_branch_operator to 2026-04-08 00:00:00+00:00, run_after=2026-04-09 00:00:00+00:00
[2026-04-09T00:34:41.784+0000] {processor.py:208} INFO - Processing /home/airflow/.local/lib/python3.12/site-packages/airflow/example_dags/example_branch_operator.py took 0.040 seconds
[2026-04-09T00:35:12.457+0000] {processor.py:186} INFO - Started process (PID=516) to work on /home/airflow/.local/lib/python3.12/site-packages/airflow/example_dags/example_branch_operator.py
[2026-04-09T00:35:12.458+0000] {processor.py:914} INFO - Processing file /home/airflow/.local/lib/python3.12/site-packages/airflow/example_dags/example_branch_operator.py for tasks to queue
[2026-04-09T00:35:12.459+0000] {logging_mixin.py:190} INFO - [2026-04-09T00:35:12.459+0000] {dagbag.py:587} INFO - Filling up the DagBag from /home/airflow/.local/lib/python3.12/site-packages/airflow/example_dags/example_branch_operator.py
[2026-04-09T00:35:12.466+0000] {processor.py:925} INFO - DAG(s) 'example_branch_operator' retrieved from /home/airflow/.local/lib/python3.12/site-packages/airflow/example_dags/example_branch_operator.py
[2026-04-09T00:35:12.479+0000] {logging_mixin.py:190} INFO - [2026-04-09T00:35:12.478+0000] {dag.py:3211} INFO - Sync 1 DAGs
[2026-04-09T00:35:12.486+0000] {logging_mixin.py:190} INFO - [2026-04-09T00:35:12.486+0000] {dag.py:4138} INFO - Setting next_dagrun for example_branch_operator to 2026-04-08 00:00:00+00:00, run_after=2026-04-09 00:00:00+00:00
[2026-04-09T00:35:12.492+0000] {processor.py:208} INFO - Processing /home/airflow/.local/lib/python3.12/site-packages/airflow/example_dags/example_branch_operator.py took 0.037 seconds
[2026-04-09T00:35:43.209+0000] {processor.py:186} INFO - Started process (PID=579) to work on /home/airflow/.local/lib/python3.12/site-packages/airflow/example_dags/example_branch_operator.py
[2026-04-09T00:35:43.210+0000] {processor.py:914} INFO - Processing file /home/airflow/.local/lib/python3.12/site-packages/airflow/example_dags/example_branch_operator.py for tasks to queue
[2026-04-09T00:35:43.211+0000] {logging_mixin.py:190} INFO - [2026-04-09T00:35:43.211+0000] {dagbag.py:587} INFO - Filling up the DagBag from /home/airflow/.local/lib/python3.12/site-packages/airflow/example_dags/example_branch_operator.py
[2026-04-09T00:35:43.217+0000] {processor.py:925} INFO - DAG(s) 'example_branch_operator' retrieved from /home/airflow/.local/lib/python3.12/site-packages/airflow/example_dags/example_branch_operator.py
[2026-04-09T00:35:43.226+0000] {logging_mixin.py:190} INFO - [2026-04-09T00:35:43.225+0000] {dag.py:3211} INFO - Sync 1 DAGs
[2026-04-09T00:35:43.232+0000] {logging_mixin.py:190} INFO - [2026-04-09T00:35:43.232+0000] {dag.py:4138} INFO - Setting next_dagrun for example_branch_operator to 2026-04-08 00:00:00+00:00, run_after=2026-04-09 00:00:00+00:00
[2026-04-09T00:35:43.237+0000] {processor.py:208} INFO - Processing /home/airflow/.local/lib/python3.12/site-packages/airflow/example_dags/example_branch_operator.py took 0.030 seconds
[2026-04-09T00:36:14.009+0000] {processor.py:186} INFO - Started process (PID=643) to work on /home/airflow/.local/lib/python3.12/site-packages/airflow/example_dags/example_branch_operator.py
[2026-04-09T00:36:14.009+0000] {processor.py:914} INFO - Processing file /home/airflow/.local/lib/python3.12/site-packages/airflow/example_dags/example_branch_operator.py for tasks to queue
[2026-04-09T00:36:14.011+0000] {logging_mixin.py:190} INFO - [2026-04-09T00:36:14.011+0000] {dagbag.py:587} INFO - Filling up the DagBag from /home/airflow/.local/lib/python3.12/site-packages/airflow/example_dags/example_branch_operator.py
[2026-04-09T00:36:14.018+0000] {processor.py:925} INFO - DAG(s) 'example_branch_operator' retrieved from /home/airflow/.local/lib/python3.12/site-packages/airflow/example_dags/example_branch_operator.py
[2026-04-09T00:36:14.030+0000] {logging_mixin.py:190} INFO - [2026-04-09T00:36:14.030+0000] {dag.py:3211} INFO - Sync 1 DAGs
[2026-04-09T00:36:14.038+0000] {logging_mixin.py:190} INFO - [2026-04-09T00:36:14.038+0000] {dag.py:4138} INFO - Setting next_dagrun for example_branch_operator to 2026-04-08 00:00:00+00:00, run_after=2026-04-09 00:00:00+00:00
[2026-04-09T00:36:14.044+0000] {processor.py:208} INFO - Processing /home/airflow/.local/lib/python3.12/site-packages/airflow/example_dags/example_branch_operator.py took 0.037 seconds
[2026-04-09T00:36:44.818+0000] {processor.py:186} INFO - Started process (PID=707) to work on /home/airflow/.local/lib/python3.12/site-packages/airflow/example_dags/example_branch_operator.py
[2026-04-09T00:36:44.819+0000] {processor.py:914} INFO - Processing file /home/airflow/.local/lib/python3.12/site-packages/airflow/example_dags/example_branch_operator.py for tasks to queue
[2026-04-09T00:36:44.819+0000] {logging_mixin.py:190} INFO - [2026-04-09T00:36:44.819+0000] {dagbag.py:587} INFO - Filling up the DagBag from /home/airflow/.local/lib/python3.12/site-packages/airflow/example_dags/example_branch_operator.py
[2026-04-09T00:36:44.826+0000] {processor.py:925} INFO - DAG(s) 'example_branch_operator' retrieved from /home/airflow/.local/lib/python3.12/site-packages/airflow/example_dags/example_branch_operator.py
[2026-04-09T00:36:44.836+0000] {logging_mixin.py:190} INFO - [2026-04-09T00:36:44.836+0000] {dag.py:3211} INFO - Sync 1 DAGs
[2026-04-09T00:36:44.845+0000] {logging_mixin.py:190} INFO - [2026-04-09T00:36:44.845+0000] {dag.py:4138} INFO - Setting next_dagrun for example_branch_operator to 2026-04-08 00:00:00+00:00, run_after=2026-04-09 00:00:00+00:00
[2026-04-09T00:36:44.856+0000] {processor.py:208} INFO - Processing /home/airflow/.local/lib/python3.12/site-packages/airflow/example_dags/example_branch_operator.py took 0.040 seconds
[2026-04-09T00:37:15.598+0000] {processor.py:186} INFO - Started process (PID=771) to work on /home/airflow/.local/lib/python3.12/site-packages/airflow/example_dags/example_branch_operator.py
[2026-04-09T00:37:15.599+0000] {processor.py:914} INFO - Processing file /home/airflow/.local/lib/python3.12/site-packages/airflow/example_dags/example_branch_operator.py for tasks to queue
[2026-04-09T00:37:15.603+0000] {logging_mixin.py:190} INFO - [2026-04-09T00:37:15.602+0000] {dagbag.py:587} INFO - Filling up the DagBag from /home/airflow/.local/lib/python3.12/site-packages/airflow/example_dags/example_branch_operator.py
[2026-04-09T00:37:15.610+0000] {processor.py:925} INFO - DAG(s) 'example_branch_operator' retrieved from /home/airflow/.local/lib/python3.12/site-packages/airflow/example_dags/example_branch_operator.py
[2026-04-09T00:37:15.622+0000] {logging_mixin.py:190} INFO - [2026-04-09T00:37:15.622+0000] {dag.py:3211} INFO - Sync 1 DAGs
[2026-04-09T00:37:15.630+0000] {logging_mixin.py:190} INFO - [2026-04-09T00:37:15.630+0000] {dag.py:4138} INFO - Setting next_dagrun for example_branch_operator to 2026-04-08 00:00:00+00:00, run_after=2026-04-09 00:00:00+00:00
[2026-04-09T00:37:15.637+0000] {processor.py:208} INFO - Processing /home/airflow/.local/lib/python3.12/site-packages/airflow/example_dags/example_branch_operator.py took 0.041 seconds
[2026-04-09T00:37:46.327+0000] {processor.py:186} INFO - Started process (PID=835) to work on /home/airflow/.local/lib/python3.12/site-packages/airflow/example_dags/example_branch_operator.py
[2026-04-09T00:37:46.328+0000] {processor.py:914} INFO - Processing file /home/airflow/.local/lib/python3.12/site-packages/airflow/example_dags/example_branch_operator.py for tasks to queue
[2026-04-09T00:37:46.330+0000] {logging_mixin.py:190} INFO - [2026-04-09T00:37:46.330+0000] {dagbag.py:587} INFO - Filling up the DagBag from /home/airflow/.local/lib/python3.12/site-packages/airflow/example_dags/example_branch_operator.py
[2026-04-09T00:37:46.337+0000] {processor.py:925} INFO - DAG(s) 'example_branch_operator' retrieved from /home/airflow/.local/lib/python3.12/site-packages/airflow/example_dags/example_branch_operator.py
[2026-04-09T00:37:46.350+0000] {logging_mixin.py:190} INFO - [2026-04-09T00:37:46.350+0000] {dag.py:3211} INFO - Sync 1 DAGs
[2026-04-09T00:37:46.360+0000] {logging_mixin.py:190} INFO - [2026-04-09T00:37:46.360+0000] {dag.py:4138} INFO - Setting next_dagrun for example_branch_operator to 2026-04-08 00:00:00+00:00, run_after=2026-04-09 00:00:00+00:00
[2026-04-09T00:37:46.366+0000] {processor.py:208} INFO - Processing /home/airflow/.local/lib/python3.12/site-packages/airflow/example_dags/example_branch_operator.py took 0.041 seconds
[2026-04-09T00:38:17.083+0000] {processor.py:186} INFO - Started process (PID=899) to work on /home/airflow/.local/lib/python3.12/site-packages/airflow/example_dags/example_branch_operator.py
[2026-04-09T00:38:17.084+0000] {processor.py:914} INFO - Processing file /home/airflow/.local/lib/python3.12/site-packages/airflow/example_dags/example_branch_operator.py for tasks to queue
[2026-04-09T00:38:17.085+0000] {logging_mixin.py:190} INFO - [2026-04-09T00:38:17.084+0000] {dagbag.py:587} INFO - Filling up the DagBag from /home/airflow/.local/lib/python3.12/site-packages/airflow/example_dags/example_branch_operator.py
[2026-04-09T00:38:17.091+0000] {processor.py:925} INFO - DAG(s) 'example_branch_operator' retrieved from /home/airflow/.local/lib/python3.12/site-packages/airflow/example_dags/example_branch_operator.py
[2026-04-09T00:38:17.106+0000] {logging_mixin.py:190} INFO - [2026-04-09T00:38:17.106+0000] {dag.py:3211} INFO - Sync 1 DAGs
[2026-04-09T00:38:17.114+0000] {logging_mixin.py:190} INFO - [2026-04-09T00:38:17.114+0000] {dag.py:4138} INFO - Setting next_dagrun for example_branch_operator to 2026-04-08 00:00:00+00:00, run_after=2026-04-09 00:00:00+00:00
[2026-04-09T00:38:17.124+0000] {processor.py:208} INFO - Processing /home/airflow/.local/lib/python3.12/site-packages/airflow/example_dags/example_branch_operator.py took 0.043 seconds
[2026-04-09T00:38:47.748+0000] {processor.py:186} INFO - Started process (PID=963) to work on /home/airflow/.local/lib/python3.12/site-packages/airflow/example_dags/example_branch_operator.py
[2026-04-09T00:38:47.748+0000] {processor.py:914} INFO - Processing file /home/airflow/.local/lib/python3.12/site-packages/airflow/example_dags/example_branch_operator.py for tasks to queue
[2026-04-09T00:38:47.750+0000] {logging_mixin.py:190} INFO - [2026-04-09T00:38:47.750+0000] {dagbag.py:587} INFO - Filling up the DagBag from /home/airflow/.local/lib/python3.12/site-packages/airflow/example_dags/example_branch_operator.py
[2026-04-09T00:38:47.759+0000] {processor.py:925} INFO - DAG(s) 'example_branch_operator' retrieved from /home/airflow/.local/lib/python3.12/site-packages/airflow/example_dags/example_branch_operator.py
[2026-04-09T00:38:47.770+0000] {logging_mixin.py:190} INFO - [2026-04-09T00:38:47.770+0000] {dag.py:3211} INFO - Sync 1 DAGs
[2026-04-09T00:38:47.780+0000] {logging_mixin.py:190} INFO - [2026-04-09T00:38:47.779+0000] {dag.py:4138} INFO - Setting next_dagrun for example_branch_operator to 2026-04-08 00:00:00+00:00, run_after=2026-04-09 00:00:00+00:00
[2026-04-09T00:38:47.789+0000] {processor.py:208} INFO - Processing /home/airflow/.local/lib/python3.12/site-packages/airflow/example_dags/example_branch_operator.py took 0.043 seconds
[2026-04-09T00:39:18.559+0000] {processor.py:186} INFO - Started process (PID=1027) to work on /home/airflow/.local/lib/python3.12/site-packages/airflow/example_dags/example_branch_operator.py
[2026-04-09T00:39:18.560+0000] {processor.py:914} INFO - Processing file /home/airflow/.local/lib/python3.12/site-packages/airflow/example_dags/example_branch_operator.py for tasks to queue
[2026-04-09T00:39:18.561+0000] {logging_mixin.py:190} INFO - [2026-04-09T00:39:18.560+0000] {dagbag.py:587} INFO - Filling up the DagBag from /home/airflow/.local/lib/python3.12/site-packages/airflow/example_dags/example_branch_operator.py
[2026-04-09T00:39:18.568+0000] {processor.py:925} INFO - DAG(s) 'example_branch_operator' retrieved from /home/airflow/.local/lib/python3.12/site-packages/airflow/example_dags/example_branch_operator.py
[2026-04-09T00:39:18.582+0000] {logging_mixin.py:190} INFO - [2026-04-09T00:39:18.582+0000] {dag.py:3211} INFO - Sync 1 DAGs
[2026-04-09T00:39:18.592+0000] {logging_mixin.py:190} INFO - [2026-04-09T00:39:18.592+0000] {dag.py:4138} INFO - Setting next_dagrun for example_branch_operator to 2026-04-08 00:00:00+00:00, run_after=2026-04-09 00:00:00+00:00
[2026-04-09T00:39:18.597+0000] {processor.py:208} INFO - Processing /home/airflow/.local/lib/python3.12/site-packages/airflow/example_dags/example_branch_operator.py took 0.041 seconds
[2026-04-09T00:39:49.323+0000] {processor.py:186} INFO - Started process (PID=1091) to work on /home/airflow/.local/lib/python3.12/site-packages/airflow/example_dags/example_branch_operator.py
[2026-04-09T00:39:49.324+0000] {processor.py:914} INFO - Processing file /home/airflow/.local/lib/python3.12/site-packages/airflow/example_dags/example_branch_operator.py for tasks to queue
[2026-04-09T00:39:49.325+0000] {logging_mixin.py:190} INFO - [2026-04-09T00:39:49.325+0000] {dagbag.py:587} INFO - Filling up the DagBag from /home/airflow/.local/lib/python3.12/site-packages/airflow/example_dags/example_branch_operator.py
[2026-04-09T00:39:49.335+0000] {processor.py:925} INFO - DAG(s) 'example_branch_operator' retrieved from /home/airflow/.local/lib/python3.12/site-packages/airflow/example_dags/example_branch_operator.py
[2026-04-09T00:39:49.348+0000] {logging_mixin.py:190} INFO - [2026-04-09T00:39:49.348+0000] {dag.py:3211} INFO - Sync 1 DAGs
[2026-04-09T00:39:49.360+0000] {logging_mixin.py:190} INFO - [2026-04-09T00:39:49.360+0000] {dag.py:4138} INFO - Setting next_dagrun for example_branch_operator to 2026-04-08 00:00:00+00:00, run_after=2026-04-09 00:00:00+00:00
[2026-04-09T00:39:49.370+0000] {processor.py:208} INFO - Processing /home/airflow/.local/lib/python3.12/site-packages/airflow/example_dags/example_branch_operator.py took 0.049 seconds
[2026-04-09T00:40:20.116+0000] {processor.py:186} INFO - Started process (PID=1155) to work on /home/airflow/.local/lib/python3.12/site-packages/airflow/example_dags/example_branch_operator.py
[2026-04-09T00:40:20.117+0000] {processor.py:914} INFO - Processing file /home/airflow/.local/lib/python3.12/site-packages/airflow/example_dags/example_branch_operator.py for tasks to queue
[2026-04-09T00:40:20.118+0000] {logging_mixin.py:190} INFO - [2026-04-09T00:40:20.118+0000] {dagbag.py:587} INFO - Filling up the DagBag from /home/airflow/.local/lib/python3.12/site-packages/airflow/example_dags/example_branch_operator.py
[2026-04-09T00:40:20.125+0000] {processor.py:925} INFO - DAG(s) 'example_branch_operator' retrieved from /home/airflow/.local/lib/python3.12/site-packages/airflow/example_dags/example_branch_operator.py
[2026-04-09T00:40:20.134+0000] {logging_mixin.py:190} INFO - [2026-04-09T00:40:20.134+0000] {dag.py:3211} INFO - Sync 1 DAGs
[2026-04-09T00:40:20.142+0000] {logging_mixin.py:190} INFO - [2026-04-09T00:40:20.142+0000] {dag.py:4138} INFO - Setting next_dagrun for example_branch_operator to 2026-04-08 00:00:00+00:00, run_after=2026-04-09 00:00:00+00:00
[2026-04-09T00:40:20.148+0000] {processor.py:208} INFO - Processing /home/airflow/.local/lib/python3.12/site-packages/airflow/example_dags/example_branch_operator.py took 0.034 seconds
[2026-04-09T00:40:50.919+0000] {processor.py:186} INFO - Started process (PID=1219) to work on /home/airflow/.local/lib/python3.12/site-packages/airflow/example_dags/example_branch_operator.py
[2026-04-09T00:40:50.920+0000] {processor.py:914} INFO - Processing file /home/airflow/.local/lib/python3.12/site-packages/airflow/example_dags/example_branch_operator.py for tasks to queue
[2026-04-09T00:40:50.920+0000] {logging_mixin.py:190} INFO - [2026-04-09T00:40:50.920+0000] {dagbag.py:587} INFO - Filling up the DagBag from /home/airflow/.local/lib/python3.12/site-packages/airflow/example_dags/example_branch_operator.py
[2026-04-09T00:40:50.927+0000] {processor.py:925} INFO - DAG(s) 'example_branch_operator' retrieved from /home/airflow/.local/lib/python3.12/site-packages/airflow/example_dags/example_branch_operator.py
[2026-04-09T00:40:50.938+0000] {logging_mixin.py:190} INFO - [2026-04-09T00:40:50.938+0000] {dag.py:3211} INFO - Sync 1 DAGs
[2026-04-09T00:40:50.946+0000] {logging_mixin.py:190} INFO - [2026-04-09T00:40:50.946+0000] {dag.py:4138} INFO - Setting next_dagrun for example_branch_operator to 2026-04-08 00:00:00+00:00, run_after=2026-04-09 00:00:00+00:00
[2026-04-09T00:40:50.951+0000] {processor.py:208} INFO - Processing /home/airflow/.local/lib/python3.12/site-packages/airflow/example_dags/example_branch_operator.py took 0.034 seconds
[2026-04-09T00:41:21.644+0000] {processor.py:186} INFO - Started process (PID=1283) to work on /home/airflow/.local/lib/python3.12/site-packages/airflow/example_dags/example_branch_operator.py
[2026-04-09T00:41:21.646+0000] {processor.py:914} INFO - Processing file /home/airflow/.local/lib/python3.12/site-packages/airflow/example_dags/example_branch_operator.py for tasks to queue
[2026-04-09T00:41:21.647+0000] {logging_mixin.py:190} INFO - [2026-04-09T00:41:21.646+0000] {dagbag.py:587} INFO - Filling up the DagBag from /home/airflow/.local/lib/python3.12/site-packages/airflow/example_dags/example_branch_operator.py
[2026-04-09T00:41:21.653+0000] {processor.py:925} INFO - DAG(s) 'example_branch_operator' retrieved from /home/airflow/.local/lib/python3.12/site-packages/airflow/example_dags/example_branch_operator.py
[2026-04-09T00:41:21.681+0000] {logging_mixin.py:190} INFO - [2026-04-09T00:41:21.681+0000] {dag.py:3211} INFO - Sync 1 DAGs
[2026-04-09T00:41:21.689+0000] {logging_mixin.py:190} INFO - [2026-04-09T00:41:21.689+0000] {dag.py:4138} INFO - Setting next_dagrun for example_branch_operator to 2026-04-08 00:00:00+00:00, run_after=2026-04-09 00:00:00+00:00
[2026-04-09T00:41:21.702+0000] {processor.py:208} INFO - Processing /home/airflow/.local/lib/python3.12/site-packages/airflow/example_dags/example_branch_operator.py took 0.060 seconds
[2026-04-09T00:41:52.566+0000] {processor.py:186} INFO - Started process (PID=1347) to work on /home/airflow/.local/lib/python3.12/site-packages/airflow/example_dags/example_branch_operator.py
[2026-04-09T00:41:52.567+0000] {processor.py:914} INFO - Processing file /home/airflow/.local/lib/python3.12/site-packages/airflow/example_dags/example_branch_operator.py for tasks to queue
[2026-04-09T00:41:52.569+0000] {logging_mixin.py:190} INFO - [2026-04-09T00:41:52.569+0000] {dagbag.py:587} INFO - Filling up the DagBag from /home/airflow/.local/lib/python3.12/site-packages/airflow/example_dags/example_branch_operator.py
[2026-04-09T00:41:52.578+0000] {processor.py:925} INFO - DAG(s) 'example_branch_operator' retrieved from /home/airflow/.local/lib/python3.12/site-packages/airflow/example_dags/example_branch_operator.py
[2026-04-09T00:41:52.589+0000] {logging_mixin.py:190} INFO - [2026-04-09T00:41:52.589+0000] {dag.py:3211} INFO - Sync 1 DAGs
[2026-04-09T00:41:52.600+0000] {logging_mixin.py:190} INFO - [2026-04-09T00:41:52.599+0000] {dag.py:4138} INFO - Setting next_dagrun for example_branch_operator to 2026-04-08 00:00:00+00:00, run_after=2026-04-09 00:00:00+00:00
[2026-04-09T00:41:52.607+0000] {processor.py:208} INFO - Processing /home/airflow/.local/lib/python3.12/site-packages/airflow/example_dags/example_branch_operator.py took 0.043 seconds
[2026-04-09T00:42:23.673+0000] {processor.py:186} INFO - Started process (PID=1411) to work on /home/airflow/.local/lib/python3.12/site-packages/airflow/example_dags/example_branch_operator.py
[2026-04-09T00:42:23.675+0000] {processor.py:914} INFO - Processing file /home/airflow/.local/lib/python3.12/site-packages/airflow/example_dags/example_branch_operator.py for tasks to queue
[2026-04-09T00:42:23.677+0000] {logging_mixin.py:190} INFO - [2026-04-09T00:42:23.677+0000] {dagbag.py:587} INFO - Filling up the DagBag from /home/airflow/.local/lib/python3.12/site-packages/airflow/example_dags/example_branch_operator.py
[2026-04-09T00:42:23.686+0000] {processor.py:925} INFO - DAG(s) 'example_branch_operator' retrieved from /home/airflow/.local/lib/python3.12/site-packages/airflow/example_dags/example_branch_operator.py
[2026-04-09T00:42:23.699+0000] {logging_mixin.py:190} INFO - [2026-04-09T00:42:23.699+0000] {dag.py:3211} INFO - Sync 1 DAGs
[2026-04-09T00:42:23.708+0000] {logging_mixin.py:190} INFO - [2026-04-09T00:42:23.708+0000] {dag.py:4138} INFO - Setting next_dagrun for example_branch_operator to 2026-04-08 00:00:00+00:00, run_after=2026-04-09 00:00:00+00:00
[2026-04-09T00:42:23.717+0000] {processor.py:208} INFO - Processing /home/airflow/.local/lib/python3.12/site-packages/airflow/example_dags/example_branch_operator.py took 0.047 seconds
[2026-04-09T00:42:54.507+0000] {processor.py:186} INFO - Started process (PID=1475) to work on /home/airflow/.local/lib/python3.12/site-packages/airflow/example_dags/example_branch_operator.py
[2026-04-09T00:42:54.509+0000] {processor.py:914} INFO - Processing file /home/airflow/.local/lib/python3.12/site-packages/airflow/example_dags/example_branch_operator.py for tasks to queue
[2026-04-09T00:42:54.510+0000] {logging_mixin.py:190} INFO - [2026-04-09T00:42:54.510+0000] {dagbag.py:587} INFO - Filling up the DagBag from /home/airflow/.local/lib/python3.12/site-packages/airflow/example_dags/example_branch_operator.py
[2026-04-09T00:42:54.517+0000] {processor.py:925} INFO - DAG(s) 'example_branch_operator' retrieved from /home/airflow/.local/lib/python3.12/site-packages/airflow/example_dags/example_branch_operator.py
[2026-04-09T00:42:54.526+0000] {logging_mixin.py:190} INFO - [2026-04-09T00:42:54.526+0000] {dag.py:3211} INFO - Sync 1 DAGs
[2026-04-09T00:42:54.536+0000] {logging_mixin.py:190} INFO - [2026-04-09T00:42:54.535+0000] {dag.py:4138} INFO - Setting next_dagrun for example_branch_operator to 2026-04-08 00:00:00+00:00, run_after=2026-04-09 00:00:00+00:00
[2026-04-09T00:42:54.541+0000] {processor.py:208} INFO - Processing /home/airflow/.local/lib/python3.12/site-packages/airflow/example_dags/example_branch_operator.py took 0.037 seconds
[2026-04-09T00:43:25.280+0000] {processor.py:186} INFO - Started process (PID=1539) to work on /home/airflow/.local/lib/python3.12/site-packages/airflow/example_dags/example_branch_operator.py
[2026-04-09T00:43:25.281+0000] {processor.py:914} INFO - Processing file /home/airflow/.local/lib/python3.12/site-packages/airflow/example_dags/example_branch_operator.py for tasks to queue
[2026-04-09T00:43:25.282+0000] {logging_mixin.py:190} INFO - [2026-04-09T00:43:25.282+0000] {dagbag.py:587} INFO - Filling up the DagBag from /home/airflow/.local/lib/python3.12/site-packages/airflow/example_dags/example_branch_operator.py
[2026-04-09T00:43:25.289+0000] {processor.py:925} INFO - DAG(s) 'example_branch_operator' retrieved from /home/airflow/.local/lib/python3.12/site-packages/airflow/example_dags/example_branch_operator.py
[2026-04-09T00:43:25.303+0000] {logging_mixin.py:190} INFO - [2026-04-09T00:43:25.303+0000] {dag.py:3211} INFO - Sync 1 DAGs
[2026-04-09T00:43:25.312+0000] {logging_mixin.py:190} INFO - [2026-04-09T00:43:25.312+0000] {dag.py:4138} INFO - Setting next_dagrun for example_branch_operator to 2026-04-08 00:00:00+00:00, run_after=2026-04-09 00:00:00+00:00
[2026-04-09T00:43:25.321+0000] {processor.py:208} INFO - Processing /home/airflow/.local/lib/python3.12/site-packages/airflow/example_dags/example_branch_operator.py took 0.044 seconds
[2026-04-09T00:43:56.036+0000] {processor.py:186} INFO - Started process (PID=1603) to work on /home/airflow/.local/lib/python3.12/site-packages/airflow/example_dags/example_branch_operator.py
[2026-04-09T00:43:56.038+0000] {processor.py:914} INFO - Processing file /home/airflow/.local/lib/python3.12/site-packages/airflow/example_dags/example_branch_operator.py for tasks to queue
[2026-04-09T00:43:56.039+0000] {logging_mixin.py:190} INFO - [2026-04-09T00:43:56.039+0000] {dagbag.py:587} INFO - Filling up the DagBag from /home/airflow/.local/lib/python3.12/site-packages/airflow/example_dags/example_branch_operator.py
[2026-04-09T00:43:56.047+0000] {processor.py:925} INFO - DAG(s) 'example_branch_operator' retrieved from /home/airflow/.local/lib/python3.12/site-packages/airflow/example_dags/example_branch_operator.py
[2026-04-09T00:43:56.060+0000] {logging_mixin.py:190} INFO - [2026-04-09T00:43:56.060+0000] {dag.py:3211} INFO - Sync 1 DAGs
[2026-04-09T00:43:56.071+0000] {logging_mixin.py:190} INFO - [2026-04-09T00:43:56.071+0000] {dag.py:4138} INFO - Setting next_dagrun for example_branch_operator to 2026-04-08 00:00:00+00:00, run_after=2026-04-09 00:00:00+00:00
[2026-04-09T00:43:56.078+0000] {processor.py:208} INFO - Processing /home/airflow/.local/lib/python3.12/site-packages/airflow/example_dags/example_branch_operator.py took 0.044 seconds
[2026-04-09T00:44:26.861+0000] {processor.py:186} INFO - Started process (PID=1667) to work on /home/airflow/.local/lib/python3.12/site-packages/airflow/example_dags/example_branch_operator.py
[2026-04-09T00:44:26.862+0000] {processor.py:914} INFO - Processing file /home/airflow/.local/lib/python3.12/site-packages/airflow/example_dags/example_branch_operator.py for tasks to queue
[2026-04-09T00:44:26.863+0000] {logging_mixin.py:190} INFO - [2026-04-09T00:44:26.862+0000] {dagbag.py:587} INFO - Filling up the DagBag from /home/airflow/.local/lib/python3.12/site-packages/airflow/example_dags/example_branch_operator.py
[2026-04-09T00:44:26.869+0000] {processor.py:925} INFO - DAG(s) 'example_branch_operator' retrieved from /home/airflow/.local/lib/python3.12/site-packages/airflow/example_dags/example_branch_operator.py
[2026-04-09T00:44:26.881+0000] {logging_mixin.py:190} INFO - [2026-04-09T00:44:26.881+0000] {dag.py:3211} INFO - Sync 1 DAGs
[2026-04-09T00:44:26.889+0000] {logging_mixin.py:190} INFO - [2026-04-09T00:44:26.889+0000] {dag.py:4138} INFO - Setting next_dagrun for example_branch_operator to 2026-04-08 00:00:00+00:00, run_after=2026-04-09 00:00:00+00:00
[2026-04-09T00:44:26.897+0000] {processor.py:208} INFO - Processing /home/airflow/.local/lib/python3.12/site-packages/airflow/example_dags/example_branch_operator.py took 0.038 seconds
[2026-04-09T00:44:57.670+0000] {processor.py:186} INFO - Started process (PID=1731) to work on /home/airflow/.local/lib/python3.12/site-packages/airflow/example_dags/example_branch_operator.py
[2026-04-09T00:44:57.671+0000] {processor.py:914} INFO - Processing file /home/airflow/.local/lib/python3.12/site-packages/airflow/example_dags/example_branch_operator.py for tasks to queue
[2026-04-09T00:44:57.672+0000] {logging_mixin.py:190} INFO - [2026-04-09T00:44:57.672+0000] {dagbag.py:587} INFO - Filling up the DagBag from /home/airflow/.local/lib/python3.12/site-packages/airflow/example_dags/example_branch_operator.py
[2026-04-09T00:44:57.679+0000] {processor.py:925} INFO - DAG(s) 'example_branch_operator' retrieved from /home/airflow/.local/lib/python3.12/site-packages/airflow/example_dags/example_branch_operator.py
[2026-04-09T00:44:57.689+0000] {logging_mixin.py:190} INFO - [2026-04-09T00:44:57.689+0000] {dag.py:3211} INFO - Sync 1 DAGs
[2026-04-09T00:44:57.697+0000] {logging_mixin.py:190} INFO - [2026-04-09T00:44:57.697+0000] {dag.py:4138} INFO - Setting next_dagrun for example_branch_operator to 2026-04-08 00:00:00+00:00, run_after=2026-04-09 00:00:00+00:00
[2026-04-09T00:44:57.703+0000] {processor.py:208} INFO - Processing /home/airflow/.local/lib/python3.12/site-packages/airflow/example_dags/example_branch_operator.py took 0.035 seconds
[2026-04-09T00:45:28.600+0000] {processor.py:186} INFO - Started process (PID=1794) to work on /home/airflow/.local/lib/python3.12/site-packages/airflow/example_dags/example_branch_operator.py
[2026-04-09T00:45:28.600+0000] {processor.py:914} INFO - Processing file /home/airflow/.local/lib/python3.12/site-packages/airflow/example_dags/example_branch_operator.py for tasks to queue
[2026-04-09T00:45:28.601+0000] {logging_mixin.py:190} INFO - [2026-04-09T00:45:28.601+0000] {dagbag.py:587} INFO - Filling up the DagBag from /home/airflow/.local/lib/python3.12/site-packages/airflow/example_dags/example_branch_operator.py
[2026-04-09T00:45:28.608+0000] {processor.py:925} INFO - DAG(s) 'example_branch_operator' retrieved from /home/airflow/.local/lib/python3.12/site-packages/airflow/example_dags/example_branch_operator.py
[2026-04-09T00:45:28.619+0000] {logging_mixin.py:190} INFO - [2026-04-09T00:45:28.619+0000] {dag.py:3211} INFO - Sync 1 DAGs
[2026-04-09T00:45:28.627+0000] {logging_mixin.py:190} INFO - [2026-04-09T00:45:28.627+0000] {dag.py:4138} INFO - Setting next_dagrun for example_branch_operator to 2026-04-08 00:00:00+00:00, run_after=2026-04-09 00:00:00+00:00
[2026-04-09T00:45:28.633+0000] {processor.py:208} INFO - Processing /home/airflow/.local/lib/python3.12/site-packages/airflow/example_dags/example_branch_operator.py took 0.036 seconds
[2026-04-09T00:45:59.606+0000] {processor.py:186} INFO - Started process (PID=1858) to work on /home/airflow/.local/lib/python3.12/site-packages/airflow/example_dags/example_branch_operator.py
[2026-04-09T00:45:59.607+0000] {processor.py:914} INFO - Processing file /home/airflow/.local/lib/python3.12/site-packages/airflow/example_dags/example_branch_operator.py for tasks to queue
[2026-04-09T00:45:59.608+0000] {logging_mixin.py:190} INFO - [2026-04-09T00:45:59.608+0000] {dagbag.py:587} INFO - Filling up the DagBag from /home/airflow/.local/lib/python3.12/site-packages/airflow/example_dags/example_branch_operator.py
[2026-04-09T00:45:59.615+0000] {processor.py:925} INFO - DAG(s) 'example_branch_operator' retrieved from /home/airflow/.local/lib/python3.12/site-packages/airflow/example_dags/example_branch_operator.py
[2026-04-09T00:45:59.625+0000] {logging_mixin.py:190} INFO - [2026-04-09T00:45:59.625+0000] {dag.py:3211} INFO - Sync 1 DAGs
[2026-04-09T00:45:59.633+0000] {logging_mixin.py:190} INFO - [2026-04-09T00:45:59.633+0000] {dag.py:4138} INFO - Setting next_dagrun for example_branch_operator to 2026-04-08 00:00:00+00:00, run_after=2026-04-09 00:00:00+00:00
[2026-04-09T00:45:59.639+0000] {processor.py:208} INFO - Processing /home/airflow/.local/lib/python3.12/site-packages/airflow/example_dags/example_branch_operator.py took 0.035 seconds
