[2026-04-09T00:31:37.035+0000] {processor.py:186} INFO - Started process (PID=62) to work on /home/airflow/.local/lib/python3.12/site-packages/airflow/example_dags/example_sensors.py
[2026-04-09T00:31:37.036+0000] {processor.py:914} INFO - Processing file /home/airflow/.local/lib/python3.12/site-packages/airflow/example_dags/example_sensors.py for tasks to queue
[2026-04-09T00:31:37.038+0000] {logging_mixin.py:190} INFO - [2026-04-09T00:31:37.038+0000] {dagbag.py:587} INFO - Filling up the DagBag from /home/airflow/.local/lib/python3.12/site-packages/airflow/example_dags/example_sensors.py
[2026-04-09T00:31:37.045+0000] {processor.py:925} INFO - DAG(s) 'example_sensors' retrieved from /home/airflow/.local/lib/python3.12/site-packages/airflow/example_dags/example_sensors.py
[2026-04-09T00:31:37.100+0000] {logging_mixin.py:190} INFO - [2026-04-09T00:31:37.100+0000] {dag.py:3211} INFO - Sync 1 DAGs
[2026-04-09T00:31:37.105+0000] {logging_mixin.py:190} INFO - [2026-04-09T00:31:37.105+0000] {dag.py:4138} INFO - Setting next_dagrun for example_sensors to None, run_after=None
[2026-04-09T00:31:37.116+0000] {processor.py:208} INFO - Processing /home/airflow/.local/lib/python3.12/site-packages/airflow/example_dags/example_sensors.py took 0.083 seconds
[2026-04-09T00:32:07.494+0000] {processor.py:186} INFO - Started process (PID=125) to work on /home/airflow/.local/lib/python3.12/site-packages/airflow/example_dags/example_sensors.py
[2026-04-09T00:32:07.494+0000] {processor.py:914} INFO - Processing file /home/airflow/.local/lib/python3.12/site-packages/airflow/example_dags/example_sensors.py for tasks to queue
[2026-04-09T00:32:07.495+0000] {logging_mixin.py:190} INFO - [2026-04-09T00:32:07.495+0000] {dagbag.py:587} INFO - Filling up the DagBag from /home/airflow/.local/lib/python3.12/site-packages/airflow/example_dags/example_sensors.py
[2026-04-09T00:32:07.503+0000] {processor.py:925} INFO - DAG(s) 'example_sensors' retrieved from /home/airflow/.local/lib/python3.12/site-packages/airflow/example_dags/example_sensors.py
[2026-04-09T00:32:07.515+0000] {logging_mixin.py:190} INFO - [2026-04-09T00:32:07.515+0000] {dag.py:3211} INFO - Sync 1 DAGs
[2026-04-09T00:32:07.521+0000] {logging_mixin.py:190} INFO - [2026-04-09T00:32:07.520+0000] {dag.py:4138} INFO - Setting next_dagrun for example_sensors to None, run_after=None
[2026-04-09T00:32:07.527+0000] {processor.py:208} INFO - Processing /home/airflow/.local/lib/python3.12/site-packages/airflow/example_dags/example_sensors.py took 0.040 seconds
[2026-04-09T00:32:38.332+0000] {processor.py:186} INFO - Started process (PID=189) to work on /home/airflow/.local/lib/python3.12/site-packages/airflow/example_dags/example_sensors.py
[2026-04-09T00:32:38.332+0000] {processor.py:914} INFO - Processing file /home/airflow/.local/lib/python3.12/site-packages/airflow/example_dags/example_sensors.py for tasks to queue
[2026-04-09T00:32:38.333+0000] {logging_mixin.py:190} INFO - [2026-04-09T00:32:38.333+0000] {dagbag.py:587} INFO - Filling up the DagBag from /home/airflow/.local/lib/python3.12/site-packages/airflow/example_dags/example_sensors.py
[2026-04-09T00:32:38.337+0000] {processor.py:925} INFO - DAG(s) 'example_sensors' retrieved from /home/airflow/.local/lib/python3.12/site-packages/airflow/example_dags/example_sensors.py
[2026-04-09T00:32:38.353+0000] {logging_mixin.py:190} INFO - [2026-04-09T00:32:38.353+0000] {dag.py:3211} INFO - Sync 1 DAGs
[2026-04-09T00:32:38.359+0000] {logging_mixin.py:190} INFO - [2026-04-09T00:32:38.358+0000] {dag.py:4138} INFO - Setting next_dagrun for example_sensors to None, run_after=None
[2026-04-09T00:32:38.377+0000] {processor.py:208} INFO - Processing /home/airflow/.local/lib/python3.12/site-packages/airflow/example_dags/example_sensors.py took 0.048 seconds
[2026-04-09T00:33:09.210+0000] {processor.py:186} INFO - Started process (PID=253) to work on /home/airflow/.local/lib/python3.12/site-packages/airflow/example_dags/example_sensors.py
[2026-04-09T00:33:09.210+0000] {processor.py:914} INFO - Processing file /home/airflow/.local/lib/python3.12/site-packages/airflow/example_dags/example_sensors.py for tasks to queue
[2026-04-09T00:33:09.211+0000] {logging_mixin.py:190} INFO - [2026-04-09T00:33:09.211+0000] {dagbag.py:587} INFO - Filling up the DagBag from /home/airflow/.local/lib/python3.12/site-packages/airflow/example_dags/example_sensors.py
[2026-04-09T00:33:09.215+0000] {processor.py:925} INFO - DAG(s) 'example_sensors' retrieved from /home/airflow/.local/lib/python3.12/site-packages/airflow/example_dags/example_sensors.py
[2026-04-09T00:33:09.226+0000] {logging_mixin.py:190} INFO - [2026-04-09T00:33:09.226+0000] {dag.py:3211} INFO - Sync 1 DAGs
[2026-04-09T00:33:09.231+0000] {logging_mixin.py:190} INFO - [2026-04-09T00:33:09.231+0000] {dag.py:4138} INFO - Setting next_dagrun for example_sensors to None, run_after=None
[2026-04-09T00:33:09.238+0000] {processor.py:208} INFO - Processing /home/airflow/.local/lib/python3.12/site-packages/airflow/example_dags/example_sensors.py took 0.031 seconds
[2026-04-09T00:33:40.075+0000] {processor.py:186} INFO - Started process (PID=323) to work on /home/airflow/.local/lib/python3.12/site-packages/airflow/example_dags/example_sensors.py
[2026-04-09T00:33:40.075+0000] {processor.py:914} INFO - Processing file /home/airflow/.local/lib/python3.12/site-packages/airflow/example_dags/example_sensors.py for tasks to queue
[2026-04-09T00:33:40.077+0000] {logging_mixin.py:190} INFO - [2026-04-09T00:33:40.076+0000] {dagbag.py:587} INFO - Filling up the DagBag from /home/airflow/.local/lib/python3.12/site-packages/airflow/example_dags/example_sensors.py
[2026-04-09T00:33:40.083+0000] {processor.py:925} INFO - DAG(s) 'example_sensors' retrieved from /home/airflow/.local/lib/python3.12/site-packages/airflow/example_dags/example_sensors.py
[2026-04-09T00:33:40.096+0000] {logging_mixin.py:190} INFO - [2026-04-09T00:33:40.096+0000] {dag.py:3211} INFO - Sync 1 DAGs
[2026-04-09T00:33:40.101+0000] {logging_mixin.py:190} INFO - [2026-04-09T00:33:40.101+0000] {dag.py:4138} INFO - Setting next_dagrun for example_sensors to None, run_after=None
[2026-04-09T00:33:40.111+0000] {processor.py:208} INFO - Processing /home/airflow/.local/lib/python3.12/site-packages/airflow/example_dags/example_sensors.py took 0.039 seconds
[2026-04-09T00:34:10.886+0000] {processor.py:186} INFO - Started process (PID=387) to work on /home/airflow/.local/lib/python3.12/site-packages/airflow/example_dags/example_sensors.py
[2026-04-09T00:34:10.888+0000] {processor.py:914} INFO - Processing file /home/airflow/.local/lib/python3.12/site-packages/airflow/example_dags/example_sensors.py for tasks to queue
[2026-04-09T00:34:10.889+0000] {logging_mixin.py:190} INFO - [2026-04-09T00:34:10.889+0000] {dagbag.py:587} INFO - Filling up the DagBag from /home/airflow/.local/lib/python3.12/site-packages/airflow/example_dags/example_sensors.py
[2026-04-09T00:34:10.894+0000] {processor.py:925} INFO - DAG(s) 'example_sensors' retrieved from /home/airflow/.local/lib/python3.12/site-packages/airflow/example_dags/example_sensors.py
[2026-04-09T00:34:10.903+0000] {logging_mixin.py:190} INFO - [2026-04-09T00:34:10.903+0000] {dag.py:3211} INFO - Sync 1 DAGs
[2026-04-09T00:34:10.910+0000] {logging_mixin.py:190} INFO - [2026-04-09T00:34:10.910+0000] {dag.py:4138} INFO - Setting next_dagrun for example_sensors to None, run_after=None
[2026-04-09T00:34:10.916+0000] {processor.py:208} INFO - Processing /home/airflow/.local/lib/python3.12/site-packages/airflow/example_dags/example_sensors.py took 0.033 seconds
[2026-04-09T00:34:41.703+0000] {processor.py:186} INFO - Started process (PID=451) to work on /home/airflow/.local/lib/python3.12/site-packages/airflow/example_dags/example_sensors.py
[2026-04-09T00:34:41.704+0000] {processor.py:914} INFO - Processing file /home/airflow/.local/lib/python3.12/site-packages/airflow/example_dags/example_sensors.py for tasks to queue
[2026-04-09T00:34:41.705+0000] {logging_mixin.py:190} INFO - [2026-04-09T00:34:41.704+0000] {dagbag.py:587} INFO - Filling up the DagBag from /home/airflow/.local/lib/python3.12/site-packages/airflow/example_dags/example_sensors.py
[2026-04-09T00:34:41.709+0000] {processor.py:925} INFO - DAG(s) 'example_sensors' retrieved from /home/airflow/.local/lib/python3.12/site-packages/airflow/example_dags/example_sensors.py
[2026-04-09T00:34:41.719+0000] {logging_mixin.py:190} INFO - [2026-04-09T00:34:41.718+0000] {dag.py:3211} INFO - Sync 1 DAGs
[2026-04-09T00:34:41.725+0000] {logging_mixin.py:190} INFO - [2026-04-09T00:34:41.725+0000] {dag.py:4138} INFO - Setting next_dagrun for example_sensors to None, run_after=None
[2026-04-09T00:34:41.736+0000] {processor.py:208} INFO - Processing /home/airflow/.local/lib/python3.12/site-packages/airflow/example_dags/example_sensors.py took 0.035 seconds
[2026-04-09T00:35:12.414+0000] {processor.py:186} INFO - Started process (PID=515) to work on /home/airflow/.local/lib/python3.12/site-packages/airflow/example_dags/example_sensors.py
[2026-04-09T00:35:12.416+0000] {processor.py:914} INFO - Processing file /home/airflow/.local/lib/python3.12/site-packages/airflow/example_dags/example_sensors.py for tasks to queue
[2026-04-09T00:35:12.417+0000] {logging_mixin.py:190} INFO - [2026-04-09T00:35:12.417+0000] {dagbag.py:587} INFO - Filling up the DagBag from /home/airflow/.local/lib/python3.12/site-packages/airflow/example_dags/example_sensors.py
[2026-04-09T00:35:12.426+0000] {processor.py:925} INFO - DAG(s) 'example_sensors' retrieved from /home/airflow/.local/lib/python3.12/site-packages/airflow/example_dags/example_sensors.py
[2026-04-09T00:35:12.438+0000] {logging_mixin.py:190} INFO - [2026-04-09T00:35:12.438+0000] {dag.py:3211} INFO - Sync 1 DAGs
[2026-04-09T00:35:12.442+0000] {logging_mixin.py:190} INFO - [2026-04-09T00:35:12.442+0000] {dag.py:4138} INFO - Setting next_dagrun for example_sensors to None, run_after=None
[2026-04-09T00:35:12.451+0000] {processor.py:208} INFO - Processing /home/airflow/.local/lib/python3.12/site-packages/airflow/example_dags/example_sensors.py took 0.040 seconds
[2026-04-09T00:35:43.165+0000] {processor.py:186} INFO - Started process (PID=578) to work on /home/airflow/.local/lib/python3.12/site-packages/airflow/example_dags/example_sensors.py
[2026-04-09T00:35:43.166+0000] {processor.py:914} INFO - Processing file /home/airflow/.local/lib/python3.12/site-packages/airflow/example_dags/example_sensors.py for tasks to queue
[2026-04-09T00:35:43.168+0000] {logging_mixin.py:190} INFO - [2026-04-09T00:35:43.168+0000] {dagbag.py:587} INFO - Filling up the DagBag from /home/airflow/.local/lib/python3.12/site-packages/airflow/example_dags/example_sensors.py
[2026-04-09T00:35:43.173+0000] {processor.py:925} INFO - DAG(s) 'example_sensors' retrieved from /home/airflow/.local/lib/python3.12/site-packages/airflow/example_dags/example_sensors.py
[2026-04-09T00:35:43.187+0000] {logging_mixin.py:190} INFO - [2026-04-09T00:35:43.187+0000] {dag.py:3211} INFO - Sync 1 DAGs
[2026-04-09T00:35:43.191+0000] {logging_mixin.py:190} INFO - [2026-04-09T00:35:43.191+0000] {dag.py:4138} INFO - Setting next_dagrun for example_sensors to None, run_after=None
[2026-04-09T00:35:43.200+0000] {processor.py:208} INFO - Processing /home/airflow/.local/lib/python3.12/site-packages/airflow/example_dags/example_sensors.py took 0.038 seconds
[2026-04-09T00:36:13.993+0000] {processor.py:186} INFO - Started process (PID=642) to work on /home/airflow/.local/lib/python3.12/site-packages/airflow/example_dags/example_sensors.py
[2026-04-09T00:36:13.993+0000] {processor.py:914} INFO - Processing file /home/airflow/.local/lib/python3.12/site-packages/airflow/example_dags/example_sensors.py for tasks to queue
[2026-04-09T00:36:13.994+0000] {logging_mixin.py:190} INFO - [2026-04-09T00:36:13.994+0000] {dagbag.py:587} INFO - Filling up the DagBag from /home/airflow/.local/lib/python3.12/site-packages/airflow/example_dags/example_sensors.py
[2026-04-09T00:36:13.999+0000] {processor.py:925} INFO - DAG(s) 'example_sensors' retrieved from /home/airflow/.local/lib/python3.12/site-packages/airflow/example_dags/example_sensors.py
[2026-04-09T00:36:14.008+0000] {logging_mixin.py:190} INFO - [2026-04-09T00:36:14.008+0000] {dag.py:3211} INFO - Sync 1 DAGs
[2026-04-09T00:36:14.015+0000] {logging_mixin.py:190} INFO - [2026-04-09T00:36:14.015+0000] {dag.py:4138} INFO - Setting next_dagrun for example_sensors to None, run_after=None
[2026-04-09T00:36:14.028+0000] {processor.py:208} INFO - Processing /home/airflow/.local/lib/python3.12/site-packages/airflow/example_dags/example_sensors.py took 0.037 seconds
[2026-04-09T00:36:44.786+0000] {processor.py:186} INFO - Started process (PID=706) to work on /home/airflow/.local/lib/python3.12/site-packages/airflow/example_dags/example_sensors.py
[2026-04-09T00:36:44.786+0000] {processor.py:914} INFO - Processing file /home/airflow/.local/lib/python3.12/site-packages/airflow/example_dags/example_sensors.py for tasks to queue
[2026-04-09T00:36:44.788+0000] {logging_mixin.py:190} INFO - [2026-04-09T00:36:44.788+0000] {dagbag.py:587} INFO - Filling up the DagBag from /home/airflow/.local/lib/python3.12/site-packages/airflow/example_dags/example_sensors.py
[2026-04-09T00:36:44.793+0000] {processor.py:925} INFO - DAG(s) 'example_sensors' retrieved from /home/airflow/.local/lib/python3.12/site-packages/airflow/example_dags/example_sensors.py
[2026-04-09T00:36:44.804+0000] {logging_mixin.py:190} INFO - [2026-04-09T00:36:44.804+0000] {dag.py:3211} INFO - Sync 1 DAGs
[2026-04-09T00:36:44.811+0000] {logging_mixin.py:190} INFO - [2026-04-09T00:36:44.811+0000] {dag.py:4138} INFO - Setting next_dagrun for example_sensors to None, run_after=None
[2026-04-09T00:36:44.817+0000] {processor.py:208} INFO - Processing /home/airflow/.local/lib/python3.12/site-packages/airflow/example_dags/example_sensors.py took 0.033 seconds
[2026-04-09T00:37:15.579+0000] {processor.py:186} INFO - Started process (PID=770) to work on /home/airflow/.local/lib/python3.12/site-packages/airflow/example_dags/example_sensors.py
[2026-04-09T00:37:15.580+0000] {processor.py:914} INFO - Processing file /home/airflow/.local/lib/python3.12/site-packages/airflow/example_dags/example_sensors.py for tasks to queue
[2026-04-09T00:37:15.582+0000] {logging_mixin.py:190} INFO - [2026-04-09T00:37:15.582+0000] {dagbag.py:587} INFO - Filling up the DagBag from /home/airflow/.local/lib/python3.12/site-packages/airflow/example_dags/example_sensors.py
[2026-04-09T00:37:15.589+0000] {processor.py:925} INFO - DAG(s) 'example_sensors' retrieved from /home/airflow/.local/lib/python3.12/site-packages/airflow/example_dags/example_sensors.py
[2026-04-09T00:37:15.599+0000] {logging_mixin.py:190} INFO - [2026-04-09T00:37:15.599+0000] {dag.py:3211} INFO - Sync 1 DAGs
[2026-04-09T00:37:15.606+0000] {logging_mixin.py:190} INFO - [2026-04-09T00:37:15.606+0000] {dag.py:4138} INFO - Setting next_dagrun for example_sensors to None, run_after=None
[2026-04-09T00:37:15.614+0000] {processor.py:208} INFO - Processing /home/airflow/.local/lib/python3.12/site-packages/airflow/example_dags/example_sensors.py took 0.037 seconds
[2026-04-09T00:37:46.288+0000] {processor.py:186} INFO - Started process (PID=834) to work on /home/airflow/.local/lib/python3.12/site-packages/airflow/example_dags/example_sensors.py
[2026-04-09T00:37:46.288+0000] {processor.py:914} INFO - Processing file /home/airflow/.local/lib/python3.12/site-packages/airflow/example_dags/example_sensors.py for tasks to queue
[2026-04-09T00:37:46.289+0000] {logging_mixin.py:190} INFO - [2026-04-09T00:37:46.289+0000] {dagbag.py:587} INFO - Filling up the DagBag from /home/airflow/.local/lib/python3.12/site-packages/airflow/example_dags/example_sensors.py
[2026-04-09T00:37:46.293+0000] {processor.py:925} INFO - DAG(s) 'example_sensors' retrieved from /home/airflow/.local/lib/python3.12/site-packages/airflow/example_dags/example_sensors.py
[2026-04-09T00:37:46.303+0000] {logging_mixin.py:190} INFO - [2026-04-09T00:37:46.303+0000] {dag.py:3211} INFO - Sync 1 DAGs
[2026-04-09T00:37:46.308+0000] {logging_mixin.py:190} INFO - [2026-04-09T00:37:46.308+0000] {dag.py:4138} INFO - Setting next_dagrun for example_sensors to None, run_after=None
[2026-04-09T00:37:46.317+0000] {processor.py:208} INFO - Processing /home/airflow/.local/lib/python3.12/site-packages/airflow/example_dags/example_sensors.py took 0.032 seconds
[2026-04-09T00:38:17.046+0000] {processor.py:186} INFO - Started process (PID=898) to work on /home/airflow/.local/lib/python3.12/site-packages/airflow/example_dags/example_sensors.py
[2026-04-09T00:38:17.046+0000] {processor.py:914} INFO - Processing file /home/airflow/.local/lib/python3.12/site-packages/airflow/example_dags/example_sensors.py for tasks to queue
[2026-04-09T00:38:17.049+0000] {logging_mixin.py:190} INFO - [2026-04-09T00:38:17.049+0000] {dagbag.py:587} INFO - Filling up the DagBag from /home/airflow/.local/lib/python3.12/site-packages/airflow/example_dags/example_sensors.py
[2026-04-09T00:38:17.056+0000] {processor.py:925} INFO - DAG(s) 'example_sensors' retrieved from /home/airflow/.local/lib/python3.12/site-packages/airflow/example_dags/example_sensors.py
[2026-04-09T00:38:17.069+0000] {logging_mixin.py:190} INFO - [2026-04-09T00:38:17.069+0000] {dag.py:3211} INFO - Sync 1 DAGs
[2026-04-09T00:38:17.074+0000] {logging_mixin.py:190} INFO - [2026-04-09T00:38:17.074+0000] {dag.py:4138} INFO - Setting next_dagrun for example_sensors to None, run_after=None
[2026-04-09T00:38:17.080+0000] {processor.py:208} INFO - Processing /home/airflow/.local/lib/python3.12/site-packages/airflow/example_dags/example_sensors.py took 0.036 seconds
[2026-04-09T00:38:47.718+0000] {processor.py:186} INFO - Started process (PID=962) to work on /home/airflow/.local/lib/python3.12/site-packages/airflow/example_dags/example_sensors.py
[2026-04-09T00:38:47.720+0000] {processor.py:914} INFO - Processing file /home/airflow/.local/lib/python3.12/site-packages/airflow/example_dags/example_sensors.py for tasks to queue
[2026-04-09T00:38:47.721+0000] {logging_mixin.py:190} INFO - [2026-04-09T00:38:47.721+0000] {dagbag.py:587} INFO - Filling up the DagBag from /home/airflow/.local/lib/python3.12/site-packages/airflow/example_dags/example_sensors.py
[2026-04-09T00:38:47.725+0000] {processor.py:925} INFO - DAG(s) 'example_sensors' retrieved from /home/airflow/.local/lib/python3.12/site-packages/airflow/example_dags/example_sensors.py
[2026-04-09T00:38:47.740+0000] {logging_mixin.py:190} INFO - [2026-04-09T00:38:47.740+0000] {dag.py:3211} INFO - Sync 1 DAGs
[2026-04-09T00:38:47.745+0000] {logging_mixin.py:190} INFO - [2026-04-09T00:38:47.745+0000] {dag.py:4138} INFO - Setting next_dagrun for example_sensors to None, run_after=None
[2026-04-09T00:38:47.754+0000] {processor.py:208} INFO - Processing /home/airflow/.local/lib/python3.12/site-packages/airflow/example_dags/example_sensors.py took 0.038 seconds
[2026-04-09T00:39:18.530+0000] {processor.py:186} INFO - Started process (PID=1026) to work on /home/airflow/.local/lib/python3.12/site-packages/airflow/example_dags/example_sensors.py
[2026-04-09T00:39:18.530+0000] {processor.py:914} INFO - Processing file /home/airflow/.local/lib/python3.12/site-packages/airflow/example_dags/example_sensors.py for tasks to queue
[2026-04-09T00:39:18.531+0000] {logging_mixin.py:190} INFO - [2026-04-09T00:39:18.531+0000] {dagbag.py:587} INFO - Filling up the DagBag from /home/airflow/.local/lib/python3.12/site-packages/airflow/example_dags/example_sensors.py
[2026-04-09T00:39:18.537+0000] {processor.py:925} INFO - DAG(s) 'example_sensors' retrieved from /home/airflow/.local/lib/python3.12/site-packages/airflow/example_dags/example_sensors.py
[2026-04-09T00:39:18.551+0000] {logging_mixin.py:190} INFO - [2026-04-09T00:39:18.551+0000] {dag.py:3211} INFO - Sync 1 DAGs
[2026-04-09T00:39:18.556+0000] {logging_mixin.py:190} INFO - [2026-04-09T00:39:18.556+0000] {dag.py:4138} INFO - Setting next_dagrun for example_sensors to None, run_after=None
[2026-04-09T00:39:18.562+0000] {processor.py:208} INFO - Processing /home/airflow/.local/lib/python3.12/site-packages/airflow/example_dags/example_sensors.py took 0.035 seconds
[2026-04-09T00:39:49.284+0000] {processor.py:186} INFO - Started process (PID=1090) to work on /home/airflow/.local/lib/python3.12/site-packages/airflow/example_dags/example_sensors.py
[2026-04-09T00:39:49.285+0000] {processor.py:914} INFO - Processing file /home/airflow/.local/lib/python3.12/site-packages/airflow/example_dags/example_sensors.py for tasks to queue
[2026-04-09T00:39:49.286+0000] {logging_mixin.py:190} INFO - [2026-04-09T00:39:49.286+0000] {dagbag.py:587} INFO - Filling up the DagBag from /home/airflow/.local/lib/python3.12/site-packages/airflow/example_dags/example_sensors.py
[2026-04-09T00:39:49.290+0000] {processor.py:925} INFO - DAG(s) 'example_sensors' retrieved from /home/airflow/.local/lib/python3.12/site-packages/airflow/example_dags/example_sensors.py
[2026-04-09T00:39:49.298+0000] {logging_mixin.py:190} INFO - [2026-04-09T00:39:49.298+0000] {dag.py:3211} INFO - Sync 1 DAGs
[2026-04-09T00:39:49.303+0000] {logging_mixin.py:190} INFO - [2026-04-09T00:39:49.303+0000] {dag.py:4138} INFO - Setting next_dagrun for example_sensors to None, run_after=None
[2026-04-09T00:39:49.314+0000] {processor.py:208} INFO - Processing /home/airflow/.local/lib/python3.12/site-packages/airflow/example_dags/example_sensors.py took 0.031 seconds
[2026-04-09T00:40:20.087+0000] {processor.py:186} INFO - Started process (PID=1154) to work on /home/airflow/.local/lib/python3.12/site-packages/airflow/example_dags/example_sensors.py
[2026-04-09T00:40:20.088+0000] {processor.py:914} INFO - Processing file /home/airflow/.local/lib/python3.12/site-packages/airflow/example_dags/example_sensors.py for tasks to queue
[2026-04-09T00:40:20.089+0000] {logging_mixin.py:190} INFO - [2026-04-09T00:40:20.089+0000] {dagbag.py:587} INFO - Filling up the DagBag from /home/airflow/.local/lib/python3.12/site-packages/airflow/example_dags/example_sensors.py
[2026-04-09T00:40:20.095+0000] {processor.py:925} INFO - DAG(s) 'example_sensors' retrieved from /home/airflow/.local/lib/python3.12/site-packages/airflow/example_dags/example_sensors.py
[2026-04-09T00:40:20.108+0000] {logging_mixin.py:190} INFO - [2026-04-09T00:40:20.108+0000] {dag.py:3211} INFO - Sync 1 DAGs
[2026-04-09T00:40:20.114+0000] {logging_mixin.py:190} INFO - [2026-04-09T00:40:20.113+0000] {dag.py:4138} INFO - Setting next_dagrun for example_sensors to None, run_after=None
[2026-04-09T00:40:20.120+0000] {processor.py:208} INFO - Processing /home/airflow/.local/lib/python3.12/site-packages/airflow/example_dags/example_sensors.py took 0.035 seconds
[2026-04-09T00:40:50.882+0000] {processor.py:186} INFO - Started process (PID=1218) to work on /home/airflow/.local/lib/python3.12/site-packages/airflow/example_dags/example_sensors.py
[2026-04-09T00:40:50.882+0000] {processor.py:914} INFO - Processing file /home/airflow/.local/lib/python3.12/site-packages/airflow/example_dags/example_sensors.py for tasks to queue
[2026-04-09T00:40:50.884+0000] {logging_mixin.py:190} INFO - [2026-04-09T00:40:50.884+0000] {dagbag.py:587} INFO - Filling up the DagBag from /home/airflow/.local/lib/python3.12/site-packages/airflow/example_dags/example_sensors.py
[2026-04-09T00:40:50.889+0000] {processor.py:925} INFO - DAG(s) 'example_sensors' retrieved from /home/airflow/.local/lib/python3.12/site-packages/airflow/example_dags/example_sensors.py
[2026-04-09T00:40:50.900+0000] {logging_mixin.py:190} INFO - [2026-04-09T00:40:50.900+0000] {dag.py:3211} INFO - Sync 1 DAGs
[2026-04-09T00:40:50.905+0000] {logging_mixin.py:190} INFO - [2026-04-09T00:40:50.904+0000] {dag.py:4138} INFO - Setting next_dagrun for example_sensors to None, run_after=None
[2026-04-09T00:40:50.914+0000] {processor.py:208} INFO - Processing /home/airflow/.local/lib/python3.12/site-packages/airflow/example_dags/example_sensors.py took 0.035 seconds
[2026-04-09T00:41:21.608+0000] {processor.py:186} INFO - Started process (PID=1282) to work on /home/airflow/.local/lib/python3.12/site-packages/airflow/example_dags/example_sensors.py
[2026-04-09T00:41:21.609+0000] {processor.py:914} INFO - Processing file /home/airflow/.local/lib/python3.12/site-packages/airflow/example_dags/example_sensors.py for tasks to queue
[2026-04-09T00:41:21.611+0000] {logging_mixin.py:190} INFO - [2026-04-09T00:41:21.610+0000] {dagbag.py:587} INFO - Filling up the DagBag from /home/airflow/.local/lib/python3.12/site-packages/airflow/example_dags/example_sensors.py
[2026-04-09T00:41:21.617+0000] {processor.py:925} INFO - DAG(s) 'example_sensors' retrieved from /home/airflow/.local/lib/python3.12/site-packages/airflow/example_dags/example_sensors.py
[2026-04-09T00:41:21.631+0000] {logging_mixin.py:190} INFO - [2026-04-09T00:41:21.630+0000] {dag.py:3211} INFO - Sync 1 DAGs
[2026-04-09T00:41:21.637+0000] {logging_mixin.py:190} INFO - [2026-04-09T00:41:21.637+0000] {dag.py:4138} INFO - Setting next_dagrun for example_sensors to None, run_after=None
[2026-04-09T00:41:21.643+0000] {processor.py:208} INFO - Processing /home/airflow/.local/lib/python3.12/site-packages/airflow/example_dags/example_sensors.py took 0.037 seconds
[2026-04-09T00:41:52.523+0000] {processor.py:186} INFO - Started process (PID=1346) to work on /home/airflow/.local/lib/python3.12/site-packages/airflow/example_dags/example_sensors.py
[2026-04-09T00:41:52.523+0000] {processor.py:914} INFO - Processing file /home/airflow/.local/lib/python3.12/site-packages/airflow/example_dags/example_sensors.py for tasks to queue
[2026-04-09T00:41:52.524+0000] {logging_mixin.py:190} INFO - [2026-04-09T00:41:52.524+0000] {dagbag.py:587} INFO - Filling up the DagBag from /home/airflow/.local/lib/python3.12/site-packages/airflow/example_dags/example_sensors.py
[2026-04-09T00:41:52.528+0000] {processor.py:925} INFO - DAG(s) 'example_sensors' retrieved from /home/airflow/.local/lib/python3.12/site-packages/airflow/example_dags/example_sensors.py
[2026-04-09T00:41:52.538+0000] {logging_mixin.py:190} INFO - [2026-04-09T00:41:52.537+0000] {dag.py:3211} INFO - Sync 1 DAGs
[2026-04-09T00:41:52.542+0000] {logging_mixin.py:190} INFO - [2026-04-09T00:41:52.542+0000] {dag.py:4138} INFO - Setting next_dagrun for example_sensors to None, run_after=None
[2026-04-09T00:41:52.554+0000] {processor.py:208} INFO - Processing /home/airflow/.local/lib/python3.12/site-packages/airflow/example_dags/example_sensors.py took 0.033 seconds
[2026-04-09T00:42:23.652+0000] {processor.py:186} INFO - Started process (PID=1410) to work on /home/airflow/.local/lib/python3.12/site-packages/airflow/example_dags/example_sensors.py
[2026-04-09T00:42:23.653+0000] {processor.py:914} INFO - Processing file /home/airflow/.local/lib/python3.12/site-packages/airflow/example_dags/example_sensors.py for tasks to queue
[2026-04-09T00:42:23.654+0000] {logging_mixin.py:190} INFO - [2026-04-09T00:42:23.654+0000] {dagbag.py:587} INFO - Filling up the DagBag from /home/airflow/.local/lib/python3.12/site-packages/airflow/example_dags/example_sensors.py
[2026-04-09T00:42:23.659+0000] {processor.py:925} INFO - DAG(s) 'example_sensors' retrieved from /home/airflow/.local/lib/python3.12/site-packages/airflow/example_dags/example_sensors.py
[2026-04-09T00:42:23.673+0000] {logging_mixin.py:190} INFO - [2026-04-09T00:42:23.673+0000] {dag.py:3211} INFO - Sync 1 DAGs
[2026-04-09T00:42:23.681+0000] {logging_mixin.py:190} INFO - [2026-04-09T00:42:23.681+0000] {dag.py:4138} INFO - Setting next_dagrun for example_sensors to None, run_after=None
[2026-04-09T00:42:23.695+0000] {processor.py:208} INFO - Processing /home/airflow/.local/lib/python3.12/site-packages/airflow/example_dags/example_sensors.py took 0.045 seconds
[2026-04-09T00:42:54.465+0000] {processor.py:186} INFO - Started process (PID=1474) to work on /home/airflow/.local/lib/python3.12/site-packages/airflow/example_dags/example_sensors.py
[2026-04-09T00:42:54.466+0000] {processor.py:914} INFO - Processing file /home/airflow/.local/lib/python3.12/site-packages/airflow/example_dags/example_sensors.py for tasks to queue
[2026-04-09T00:42:54.467+0000] {logging_mixin.py:190} INFO - [2026-04-09T00:42:54.466+0000] {dagbag.py:587} INFO - Filling up the DagBag from /home/airflow/.local/lib/python3.12/site-packages/airflow/example_dags/example_sensors.py
[2026-04-09T00:42:54.470+0000] {processor.py:925} INFO - DAG(s) 'example_sensors' retrieved from /home/airflow/.local/lib/python3.12/site-packages/airflow/example_dags/example_sensors.py
[2026-04-09T00:42:54.479+0000] {logging_mixin.py:190} INFO - [2026-04-09T00:42:54.479+0000] {dag.py:3211} INFO - Sync 1 DAGs
[2026-04-09T00:42:54.486+0000] {logging_mixin.py:190} INFO - [2026-04-09T00:42:54.486+0000] {dag.py:4138} INFO - Setting next_dagrun for example_sensors to None, run_after=None
[2026-04-09T00:42:54.497+0000] {processor.py:208} INFO - Processing /home/airflow/.local/lib/python3.12/site-packages/airflow/example_dags/example_sensors.py took 0.034 seconds
[2026-04-09T00:43:25.240+0000] {processor.py:186} INFO - Started process (PID=1538) to work on /home/airflow/.local/lib/python3.12/site-packages/airflow/example_dags/example_sensors.py
[2026-04-09T00:43:25.241+0000] {processor.py:914} INFO - Processing file /home/airflow/.local/lib/python3.12/site-packages/airflow/example_dags/example_sensors.py for tasks to queue
[2026-04-09T00:43:25.241+0000] {logging_mixin.py:190} INFO - [2026-04-09T00:43:25.241+0000] {dagbag.py:587} INFO - Filling up the DagBag from /home/airflow/.local/lib/python3.12/site-packages/airflow/example_dags/example_sensors.py
[2026-04-09T00:43:25.245+0000] {processor.py:925} INFO - DAG(s) 'example_sensors' retrieved from /home/airflow/.local/lib/python3.12/site-packages/airflow/example_dags/example_sensors.py
[2026-04-09T00:43:25.254+0000] {logging_mixin.py:190} INFO - [2026-04-09T00:43:25.254+0000] {dag.py:3211} INFO - Sync 1 DAGs
[2026-04-09T00:43:25.259+0000] {logging_mixin.py:190} INFO - [2026-04-09T00:43:25.259+0000] {dag.py:4138} INFO - Setting next_dagrun for example_sensors to None, run_after=None
[2026-04-09T00:43:25.268+0000] {processor.py:208} INFO - Processing /home/airflow/.local/lib/python3.12/site-packages/airflow/example_dags/example_sensors.py took 0.030 seconds
[2026-04-09T00:43:55.998+0000] {processor.py:186} INFO - Started process (PID=1602) to work on /home/airflow/.local/lib/python3.12/site-packages/airflow/example_dags/example_sensors.py
[2026-04-09T00:43:55.999+0000] {processor.py:914} INFO - Processing file /home/airflow/.local/lib/python3.12/site-packages/airflow/example_dags/example_sensors.py for tasks to queue
[2026-04-09T00:43:56.000+0000] {logging_mixin.py:190} INFO - [2026-04-09T00:43:55.999+0000] {dagbag.py:587} INFO - Filling up the DagBag from /home/airflow/.local/lib/python3.12/site-packages/airflow/example_dags/example_sensors.py
[2026-04-09T00:43:56.004+0000] {processor.py:925} INFO - DAG(s) 'example_sensors' retrieved from /home/airflow/.local/lib/python3.12/site-packages/airflow/example_dags/example_sensors.py
[2026-04-09T00:43:56.012+0000] {logging_mixin.py:190} INFO - [2026-04-09T00:43:56.012+0000] {dag.py:3211} INFO - Sync 1 DAGs
[2026-04-09T00:43:56.017+0000] {logging_mixin.py:190} INFO - [2026-04-09T00:43:56.017+0000] {dag.py:4138} INFO - Setting next_dagrun for example_sensors to None, run_after=None
[2026-04-09T00:43:56.027+0000] {processor.py:208} INFO - Processing /home/airflow/.local/lib/python3.12/site-packages/airflow/example_dags/example_sensors.py took 0.031 seconds
[2026-04-09T00:44:26.850+0000] {processor.py:186} INFO - Started process (PID=1666) to work on /home/airflow/.local/lib/python3.12/site-packages/airflow/example_dags/example_sensors.py
[2026-04-09T00:44:26.852+0000] {processor.py:914} INFO - Processing file /home/airflow/.local/lib/python3.12/site-packages/airflow/example_dags/example_sensors.py for tasks to queue
[2026-04-09T00:44:26.853+0000] {logging_mixin.py:190} INFO - [2026-04-09T00:44:26.853+0000] {dagbag.py:587} INFO - Filling up the DagBag from /home/airflow/.local/lib/python3.12/site-packages/airflow/example_dags/example_sensors.py
[2026-04-09T00:44:26.858+0000] {processor.py:925} INFO - DAG(s) 'example_sensors' retrieved from /home/airflow/.local/lib/python3.12/site-packages/airflow/example_dags/example_sensors.py
[2026-04-09T00:44:26.867+0000] {logging_mixin.py:190} INFO - [2026-04-09T00:44:26.867+0000] {dag.py:3211} INFO - Sync 1 DAGs
[2026-04-09T00:44:26.871+0000] {logging_mixin.py:190} INFO - [2026-04-09T00:44:26.871+0000] {dag.py:4138} INFO - Setting next_dagrun for example_sensors to None, run_after=None
[2026-04-09T00:44:26.881+0000] {processor.py:208} INFO - Processing /home/airflow/.local/lib/python3.12/site-packages/airflow/example_dags/example_sensors.py took 0.033 seconds
[2026-04-09T00:44:57.634+0000] {processor.py:186} INFO - Started process (PID=1730) to work on /home/airflow/.local/lib/python3.12/site-packages/airflow/example_dags/example_sensors.py
[2026-04-09T00:44:57.634+0000] {processor.py:914} INFO - Processing file /home/airflow/.local/lib/python3.12/site-packages/airflow/example_dags/example_sensors.py for tasks to queue
[2026-04-09T00:44:57.636+0000] {logging_mixin.py:190} INFO - [2026-04-09T00:44:57.635+0000] {dagbag.py:587} INFO - Filling up the DagBag from /home/airflow/.local/lib/python3.12/site-packages/airflow/example_dags/example_sensors.py
[2026-04-09T00:44:57.640+0000] {processor.py:925} INFO - DAG(s) 'example_sensors' retrieved from /home/airflow/.local/lib/python3.12/site-packages/airflow/example_dags/example_sensors.py
[2026-04-09T00:44:57.649+0000] {logging_mixin.py:190} INFO - [2026-04-09T00:44:57.649+0000] {dag.py:3211} INFO - Sync 1 DAGs
[2026-04-09T00:44:57.654+0000] {logging_mixin.py:190} INFO - [2026-04-09T00:44:57.654+0000] {dag.py:4138} INFO - Setting next_dagrun for example_sensors to None, run_after=None
[2026-04-09T00:44:57.660+0000] {processor.py:208} INFO - Processing /home/airflow/.local/lib/python3.12/site-packages/airflow/example_dags/example_sensors.py took 0.029 seconds
[2026-04-09T00:45:28.558+0000] {processor.py:186} INFO - Started process (PID=1793) to work on /home/airflow/.local/lib/python3.12/site-packages/airflow/example_dags/example_sensors.py
[2026-04-09T00:45:28.559+0000] {processor.py:914} INFO - Processing file /home/airflow/.local/lib/python3.12/site-packages/airflow/example_dags/example_sensors.py for tasks to queue
[2026-04-09T00:45:28.561+0000] {logging_mixin.py:190} INFO - [2026-04-09T00:45:28.561+0000] {dagbag.py:587} INFO - Filling up the DagBag from /home/airflow/.local/lib/python3.12/site-packages/airflow/example_dags/example_sensors.py
[2026-04-09T00:45:28.566+0000] {processor.py:925} INFO - DAG(s) 'example_sensors' retrieved from /home/airflow/.local/lib/python3.12/site-packages/airflow/example_dags/example_sensors.py
[2026-04-09T00:45:28.577+0000] {logging_mixin.py:190} INFO - [2026-04-09T00:45:28.577+0000] {dag.py:3211} INFO - Sync 1 DAGs
[2026-04-09T00:45:28.582+0000] {logging_mixin.py:190} INFO - [2026-04-09T00:45:28.582+0000] {dag.py:4138} INFO - Setting next_dagrun for example_sensors to None, run_after=None
[2026-04-09T00:45:28.589+0000] {processor.py:208} INFO - Processing /home/airflow/.local/lib/python3.12/site-packages/airflow/example_dags/example_sensors.py took 0.033 seconds
[2026-04-09T00:45:59.560+0000] {processor.py:186} INFO - Started process (PID=1857) to work on /home/airflow/.local/lib/python3.12/site-packages/airflow/example_dags/example_sensors.py
[2026-04-09T00:45:59.561+0000] {processor.py:914} INFO - Processing file /home/airflow/.local/lib/python3.12/site-packages/airflow/example_dags/example_sensors.py for tasks to queue
[2026-04-09T00:45:59.563+0000] {logging_mixin.py:190} INFO - [2026-04-09T00:45:59.563+0000] {dagbag.py:587} INFO - Filling up the DagBag from /home/airflow/.local/lib/python3.12/site-packages/airflow/example_dags/example_sensors.py
[2026-04-09T00:45:59.567+0000] {processor.py:925} INFO - DAG(s) 'example_sensors' retrieved from /home/airflow/.local/lib/python3.12/site-packages/airflow/example_dags/example_sensors.py
[2026-04-09T00:45:59.580+0000] {logging_mixin.py:190} INFO - [2026-04-09T00:45:59.580+0000] {dag.py:3211} INFO - Sync 1 DAGs
[2026-04-09T00:45:59.588+0000] {logging_mixin.py:190} INFO - [2026-04-09T00:45:59.587+0000] {dag.py:4138} INFO - Setting next_dagrun for example_sensors to None, run_after=None
[2026-04-09T00:45:59.595+0000] {processor.py:208} INFO - Processing /home/airflow/.local/lib/python3.12/site-packages/airflow/example_dags/example_sensors.py took 0.038 seconds
