[2026-04-09T00:31:37.532+0000] {processor.py:186} INFO - Started process (PID=72) to work on /home/airflow/.local/lib/python3.12/site-packages/airflow/example_dags/example_task_group_decorator.py
[2026-04-09T00:31:37.533+0000] {processor.py:914} INFO - Processing file /home/airflow/.local/lib/python3.12/site-packages/airflow/example_dags/example_task_group_decorator.py for tasks to queue
[2026-04-09T00:31:37.534+0000] {logging_mixin.py:190} INFO - [2026-04-09T00:31:37.534+0000] {dagbag.py:587} INFO - Filling up the DagBag from /home/airflow/.local/lib/python3.12/site-packages/airflow/example_dags/example_task_group_decorator.py
[2026-04-09T00:31:37.540+0000] {processor.py:925} INFO - DAG(s) 'example_task_group_decorator' retrieved from /home/airflow/.local/lib/python3.12/site-packages/airflow/example_dags/example_task_group_decorator.py
[2026-04-09T00:31:37.587+0000] {logging_mixin.py:190} INFO - [2026-04-09T00:31:37.587+0000] {dag.py:3211} INFO - Sync 1 DAGs
[2026-04-09T00:31:37.596+0000] {logging_mixin.py:190} INFO - [2026-04-09T00:31:37.596+0000] {dag.py:4138} INFO - Setting next_dagrun for example_task_group_decorator to 2026-04-08 00:00:00+00:00, run_after=2026-04-09 00:00:00+00:00
[2026-04-09T00:31:37.611+0000] {processor.py:208} INFO - Processing /home/airflow/.local/lib/python3.12/site-packages/airflow/example_dags/example_task_group_decorator.py took 0.081 seconds
[2026-04-09T00:32:07.780+0000] {processor.py:186} INFO - Started process (PID=135) to work on /home/airflow/.local/lib/python3.12/site-packages/airflow/example_dags/example_task_group_decorator.py
[2026-04-09T00:32:07.780+0000] {processor.py:914} INFO - Processing file /home/airflow/.local/lib/python3.12/site-packages/airflow/example_dags/example_task_group_decorator.py for tasks to queue
[2026-04-09T00:32:07.781+0000] {logging_mixin.py:190} INFO - [2026-04-09T00:32:07.781+0000] {dagbag.py:587} INFO - Filling up the DagBag from /home/airflow/.local/lib/python3.12/site-packages/airflow/example_dags/example_task_group_decorator.py
[2026-04-09T00:32:07.787+0000] {processor.py:925} INFO - DAG(s) 'example_task_group_decorator' retrieved from /home/airflow/.local/lib/python3.12/site-packages/airflow/example_dags/example_task_group_decorator.py
[2026-04-09T00:32:07.796+0000] {logging_mixin.py:190} INFO - [2026-04-09T00:32:07.796+0000] {dag.py:3211} INFO - Sync 1 DAGs
[2026-04-09T00:32:07.807+0000] {logging_mixin.py:190} INFO - [2026-04-09T00:32:07.807+0000] {dag.py:4138} INFO - Setting next_dagrun for example_task_group_decorator to 2026-04-08 00:00:00+00:00, run_after=2026-04-09 00:00:00+00:00
[2026-04-09T00:32:07.816+0000] {processor.py:208} INFO - Processing /home/airflow/.local/lib/python3.12/site-packages/airflow/example_dags/example_task_group_decorator.py took 0.039 seconds
[2026-04-09T00:32:38.643+0000] {processor.py:186} INFO - Started process (PID=199) to work on /home/airflow/.local/lib/python3.12/site-packages/airflow/example_dags/example_task_group_decorator.py
[2026-04-09T00:32:38.645+0000] {processor.py:914} INFO - Processing file /home/airflow/.local/lib/python3.12/site-packages/airflow/example_dags/example_task_group_decorator.py for tasks to queue
[2026-04-09T00:32:38.646+0000] {logging_mixin.py:190} INFO - [2026-04-09T00:32:38.646+0000] {dagbag.py:587} INFO - Filling up the DagBag from /home/airflow/.local/lib/python3.12/site-packages/airflow/example_dags/example_task_group_decorator.py
[2026-04-09T00:32:38.652+0000] {processor.py:925} INFO - DAG(s) 'example_task_group_decorator' retrieved from /home/airflow/.local/lib/python3.12/site-packages/airflow/example_dags/example_task_group_decorator.py
[2026-04-09T00:32:38.667+0000] {logging_mixin.py:190} INFO - [2026-04-09T00:32:38.666+0000] {dag.py:3211} INFO - Sync 1 DAGs
[2026-04-09T00:32:38.675+0000] {logging_mixin.py:190} INFO - [2026-04-09T00:32:38.675+0000] {dag.py:4138} INFO - Setting next_dagrun for example_task_group_decorator to 2026-04-08 00:00:00+00:00, run_after=2026-04-09 00:00:00+00:00
[2026-04-09T00:32:38.685+0000] {processor.py:208} INFO - Processing /home/airflow/.local/lib/python3.12/site-packages/airflow/example_dags/example_task_group_decorator.py took 0.045 seconds
[2026-04-09T00:33:09.472+0000] {processor.py:186} INFO - Started process (PID=263) to work on /home/airflow/.local/lib/python3.12/site-packages/airflow/example_dags/example_task_group_decorator.py
[2026-04-09T00:33:09.472+0000] {processor.py:914} INFO - Processing file /home/airflow/.local/lib/python3.12/site-packages/airflow/example_dags/example_task_group_decorator.py for tasks to queue
[2026-04-09T00:33:09.473+0000] {logging_mixin.py:190} INFO - [2026-04-09T00:33:09.473+0000] {dagbag.py:587} INFO - Filling up the DagBag from /home/airflow/.local/lib/python3.12/site-packages/airflow/example_dags/example_task_group_decorator.py
[2026-04-09T00:33:09.481+0000] {processor.py:925} INFO - DAG(s) 'example_task_group_decorator' retrieved from /home/airflow/.local/lib/python3.12/site-packages/airflow/example_dags/example_task_group_decorator.py
[2026-04-09T00:33:09.494+0000] {logging_mixin.py:190} INFO - [2026-04-09T00:33:09.494+0000] {dag.py:3211} INFO - Sync 1 DAGs
[2026-04-09T00:33:09.505+0000] {logging_mixin.py:190} INFO - [2026-04-09T00:33:09.505+0000] {dag.py:4138} INFO - Setting next_dagrun for example_task_group_decorator to 2026-04-08 00:00:00+00:00, run_after=2026-04-09 00:00:00+00:00
[2026-04-09T00:33:09.511+0000] {processor.py:208} INFO - Processing /home/airflow/.local/lib/python3.12/site-packages/airflow/example_dags/example_task_group_decorator.py took 0.041 seconds
[2026-04-09T00:33:40.359+0000] {processor.py:186} INFO - Started process (PID=333) to work on /home/airflow/.local/lib/python3.12/site-packages/airflow/example_dags/example_task_group_decorator.py
[2026-04-09T00:33:40.360+0000] {processor.py:914} INFO - Processing file /home/airflow/.local/lib/python3.12/site-packages/airflow/example_dags/example_task_group_decorator.py for tasks to queue
[2026-04-09T00:33:40.362+0000] {logging_mixin.py:190} INFO - [2026-04-09T00:33:40.362+0000] {dagbag.py:587} INFO - Filling up the DagBag from /home/airflow/.local/lib/python3.12/site-packages/airflow/example_dags/example_task_group_decorator.py
[2026-04-09T00:33:40.371+0000] {processor.py:925} INFO - DAG(s) 'example_task_group_decorator' retrieved from /home/airflow/.local/lib/python3.12/site-packages/airflow/example_dags/example_task_group_decorator.py
[2026-04-09T00:33:40.381+0000] {logging_mixin.py:190} INFO - [2026-04-09T00:33:40.381+0000] {dag.py:3211} INFO - Sync 1 DAGs
[2026-04-09T00:33:40.391+0000] {logging_mixin.py:190} INFO - [2026-04-09T00:33:40.391+0000] {dag.py:4138} INFO - Setting next_dagrun for example_task_group_decorator to 2026-04-08 00:00:00+00:00, run_after=2026-04-09 00:00:00+00:00
[2026-04-09T00:33:40.404+0000] {processor.py:208} INFO - Processing /home/airflow/.local/lib/python3.12/site-packages/airflow/example_dags/example_task_group_decorator.py took 0.047 seconds
[2026-04-09T00:34:11.153+0000] {processor.py:186} INFO - Started process (PID=397) to work on /home/airflow/.local/lib/python3.12/site-packages/airflow/example_dags/example_task_group_decorator.py
[2026-04-09T00:34:11.153+0000] {processor.py:914} INFO - Processing file /home/airflow/.local/lib/python3.12/site-packages/airflow/example_dags/example_task_group_decorator.py for tasks to queue
[2026-04-09T00:34:11.154+0000] {logging_mixin.py:190} INFO - [2026-04-09T00:34:11.154+0000] {dagbag.py:587} INFO - Filling up the DagBag from /home/airflow/.local/lib/python3.12/site-packages/airflow/example_dags/example_task_group_decorator.py
[2026-04-09T00:34:11.163+0000] {processor.py:925} INFO - DAG(s) 'example_task_group_decorator' retrieved from /home/airflow/.local/lib/python3.12/site-packages/airflow/example_dags/example_task_group_decorator.py
[2026-04-09T00:34:11.172+0000] {logging_mixin.py:190} INFO - [2026-04-09T00:34:11.172+0000] {dag.py:3211} INFO - Sync 1 DAGs
[2026-04-09T00:34:11.191+0000] {logging_mixin.py:190} INFO - [2026-04-09T00:34:11.191+0000] {dag.py:4138} INFO - Setting next_dagrun for example_task_group_decorator to 2026-04-08 00:00:00+00:00, run_after=2026-04-09 00:00:00+00:00
[2026-04-09T00:34:11.206+0000] {processor.py:208} INFO - Processing /home/airflow/.local/lib/python3.12/site-packages/airflow/example_dags/example_task_group_decorator.py took 0.055 seconds
[2026-04-09T00:34:41.957+0000] {processor.py:186} INFO - Started process (PID=461) to work on /home/airflow/.local/lib/python3.12/site-packages/airflow/example_dags/example_task_group_decorator.py
[2026-04-09T00:34:41.957+0000] {processor.py:914} INFO - Processing file /home/airflow/.local/lib/python3.12/site-packages/airflow/example_dags/example_task_group_decorator.py for tasks to queue
[2026-04-09T00:34:41.958+0000] {logging_mixin.py:190} INFO - [2026-04-09T00:34:41.958+0000] {dagbag.py:587} INFO - Filling up the DagBag from /home/airflow/.local/lib/python3.12/site-packages/airflow/example_dags/example_task_group_decorator.py
[2026-04-09T00:34:41.963+0000] {processor.py:925} INFO - DAG(s) 'example_task_group_decorator' retrieved from /home/airflow/.local/lib/python3.12/site-packages/airflow/example_dags/example_task_group_decorator.py
[2026-04-09T00:34:41.972+0000] {logging_mixin.py:190} INFO - [2026-04-09T00:34:41.972+0000] {dag.py:3211} INFO - Sync 1 DAGs
[2026-04-09T00:34:41.980+0000] {logging_mixin.py:190} INFO - [2026-04-09T00:34:41.980+0000] {dag.py:4138} INFO - Setting next_dagrun for example_task_group_decorator to 2026-04-08 00:00:00+00:00, run_after=2026-04-09 00:00:00+00:00
[2026-04-09T00:34:41.986+0000] {processor.py:208} INFO - Processing /home/airflow/.local/lib/python3.12/site-packages/airflow/example_dags/example_task_group_decorator.py took 0.031 seconds
[2026-04-09T00:35:12.670+0000] {processor.py:186} INFO - Started process (PID=525) to work on /home/airflow/.local/lib/python3.12/site-packages/airflow/example_dags/example_task_group_decorator.py
[2026-04-09T00:35:12.670+0000] {processor.py:914} INFO - Processing file /home/airflow/.local/lib/python3.12/site-packages/airflow/example_dags/example_task_group_decorator.py for tasks to queue
[2026-04-09T00:35:12.671+0000] {logging_mixin.py:190} INFO - [2026-04-09T00:35:12.671+0000] {dagbag.py:587} INFO - Filling up the DagBag from /home/airflow/.local/lib/python3.12/site-packages/airflow/example_dags/example_task_group_decorator.py
[2026-04-09T00:35:12.678+0000] {processor.py:925} INFO - DAG(s) 'example_task_group_decorator' retrieved from /home/airflow/.local/lib/python3.12/site-packages/airflow/example_dags/example_task_group_decorator.py
[2026-04-09T00:35:12.692+0000] {logging_mixin.py:190} INFO - [2026-04-09T00:35:12.691+0000] {dag.py:3211} INFO - Sync 1 DAGs
[2026-04-09T00:35:12.701+0000] {logging_mixin.py:190} INFO - [2026-04-09T00:35:12.701+0000] {dag.py:4138} INFO - Setting next_dagrun for example_task_group_decorator to 2026-04-08 00:00:00+00:00, run_after=2026-04-09 00:00:00+00:00
[2026-04-09T00:35:12.706+0000] {processor.py:208} INFO - Processing /home/airflow/.local/lib/python3.12/site-packages/airflow/example_dags/example_task_group_decorator.py took 0.038 seconds
[2026-04-09T00:35:43.450+0000] {processor.py:186} INFO - Started process (PID=588) to work on /home/airflow/.local/lib/python3.12/site-packages/airflow/example_dags/example_task_group_decorator.py
[2026-04-09T00:35:43.450+0000] {processor.py:914} INFO - Processing file /home/airflow/.local/lib/python3.12/site-packages/airflow/example_dags/example_task_group_decorator.py for tasks to queue
[2026-04-09T00:35:43.451+0000] {logging_mixin.py:190} INFO - [2026-04-09T00:35:43.451+0000] {dagbag.py:587} INFO - Filling up the DagBag from /home/airflow/.local/lib/python3.12/site-packages/airflow/example_dags/example_task_group_decorator.py
[2026-04-09T00:35:43.458+0000] {processor.py:925} INFO - DAG(s) 'example_task_group_decorator' retrieved from /home/airflow/.local/lib/python3.12/site-packages/airflow/example_dags/example_task_group_decorator.py
[2026-04-09T00:35:43.472+0000] {logging_mixin.py:190} INFO - [2026-04-09T00:35:43.472+0000] {dag.py:3211} INFO - Sync 1 DAGs
[2026-04-09T00:35:43.481+0000] {logging_mixin.py:190} INFO - [2026-04-09T00:35:43.481+0000] {dag.py:4138} INFO - Setting next_dagrun for example_task_group_decorator to 2026-04-08 00:00:00+00:00, run_after=2026-04-09 00:00:00+00:00
[2026-04-09T00:35:43.488+0000] {processor.py:208} INFO - Processing /home/airflow/.local/lib/python3.12/site-packages/airflow/example_dags/example_task_group_decorator.py took 0.041 seconds
[2026-04-09T00:36:14.270+0000] {processor.py:186} INFO - Started process (PID=652) to work on /home/airflow/.local/lib/python3.12/site-packages/airflow/example_dags/example_task_group_decorator.py
[2026-04-09T00:36:14.270+0000] {processor.py:914} INFO - Processing file /home/airflow/.local/lib/python3.12/site-packages/airflow/example_dags/example_task_group_decorator.py for tasks to queue
[2026-04-09T00:36:14.271+0000] {logging_mixin.py:190} INFO - [2026-04-09T00:36:14.271+0000] {dagbag.py:587} INFO - Filling up the DagBag from /home/airflow/.local/lib/python3.12/site-packages/airflow/example_dags/example_task_group_decorator.py
[2026-04-09T00:36:14.276+0000] {processor.py:925} INFO - DAG(s) 'example_task_group_decorator' retrieved from /home/airflow/.local/lib/python3.12/site-packages/airflow/example_dags/example_task_group_decorator.py
[2026-04-09T00:36:14.284+0000] {logging_mixin.py:190} INFO - [2026-04-09T00:36:14.284+0000] {dag.py:3211} INFO - Sync 1 DAGs
[2026-04-09T00:36:14.291+0000] {logging_mixin.py:190} INFO - [2026-04-09T00:36:14.291+0000] {dag.py:4138} INFO - Setting next_dagrun for example_task_group_decorator to 2026-04-08 00:00:00+00:00, run_after=2026-04-09 00:00:00+00:00
[2026-04-09T00:36:14.296+0000] {processor.py:208} INFO - Processing /home/airflow/.local/lib/python3.12/site-packages/airflow/example_dags/example_task_group_decorator.py took 0.028 seconds
[2026-04-09T00:36:45.045+0000] {processor.py:186} INFO - Started process (PID=716) to work on /home/airflow/.local/lib/python3.12/site-packages/airflow/example_dags/example_task_group_decorator.py
[2026-04-09T00:36:45.046+0000] {processor.py:914} INFO - Processing file /home/airflow/.local/lib/python3.12/site-packages/airflow/example_dags/example_task_group_decorator.py for tasks to queue
[2026-04-09T00:36:45.048+0000] {logging_mixin.py:190} INFO - [2026-04-09T00:36:45.048+0000] {dagbag.py:587} INFO - Filling up the DagBag from /home/airflow/.local/lib/python3.12/site-packages/airflow/example_dags/example_task_group_decorator.py
[2026-04-09T00:36:45.055+0000] {processor.py:925} INFO - DAG(s) 'example_task_group_decorator' retrieved from /home/airflow/.local/lib/python3.12/site-packages/airflow/example_dags/example_task_group_decorator.py
[2026-04-09T00:36:45.065+0000] {logging_mixin.py:190} INFO - [2026-04-09T00:36:45.065+0000] {dag.py:3211} INFO - Sync 1 DAGs
[2026-04-09T00:36:45.072+0000] {logging_mixin.py:190} INFO - [2026-04-09T00:36:45.072+0000] {dag.py:4138} INFO - Setting next_dagrun for example_task_group_decorator to 2026-04-08 00:00:00+00:00, run_after=2026-04-09 00:00:00+00:00
[2026-04-09T00:36:45.083+0000] {processor.py:208} INFO - Processing /home/airflow/.local/lib/python3.12/site-packages/airflow/example_dags/example_task_group_decorator.py took 0.040 seconds
[2026-04-09T00:37:15.830+0000] {processor.py:186} INFO - Started process (PID=780) to work on /home/airflow/.local/lib/python3.12/site-packages/airflow/example_dags/example_task_group_decorator.py
[2026-04-09T00:37:15.831+0000] {processor.py:914} INFO - Processing file /home/airflow/.local/lib/python3.12/site-packages/airflow/example_dags/example_task_group_decorator.py for tasks to queue
[2026-04-09T00:37:15.832+0000] {logging_mixin.py:190} INFO - [2026-04-09T00:37:15.832+0000] {dagbag.py:587} INFO - Filling up the DagBag from /home/airflow/.local/lib/python3.12/site-packages/airflow/example_dags/example_task_group_decorator.py
[2026-04-09T00:37:15.840+0000] {processor.py:925} INFO - DAG(s) 'example_task_group_decorator' retrieved from /home/airflow/.local/lib/python3.12/site-packages/airflow/example_dags/example_task_group_decorator.py
[2026-04-09T00:37:15.851+0000] {logging_mixin.py:190} INFO - [2026-04-09T00:37:15.851+0000] {dag.py:3211} INFO - Sync 1 DAGs
[2026-04-09T00:37:15.859+0000] {logging_mixin.py:190} INFO - [2026-04-09T00:37:15.859+0000] {dag.py:4138} INFO - Setting next_dagrun for example_task_group_decorator to 2026-04-08 00:00:00+00:00, run_after=2026-04-09 00:00:00+00:00
[2026-04-09T00:37:15.867+0000] {processor.py:208} INFO - Processing /home/airflow/.local/lib/python3.12/site-packages/airflow/example_dags/example_task_group_decorator.py took 0.039 seconds
[2026-04-09T00:37:46.544+0000] {processor.py:186} INFO - Started process (PID=844) to work on /home/airflow/.local/lib/python3.12/site-packages/airflow/example_dags/example_task_group_decorator.py
[2026-04-09T00:37:46.545+0000] {processor.py:914} INFO - Processing file /home/airflow/.local/lib/python3.12/site-packages/airflow/example_dags/example_task_group_decorator.py for tasks to queue
[2026-04-09T00:37:46.547+0000] {logging_mixin.py:190} INFO - [2026-04-09T00:37:46.547+0000] {dagbag.py:587} INFO - Filling up the DagBag from /home/airflow/.local/lib/python3.12/site-packages/airflow/example_dags/example_task_group_decorator.py
[2026-04-09T00:37:46.553+0000] {processor.py:925} INFO - DAG(s) 'example_task_group_decorator' retrieved from /home/airflow/.local/lib/python3.12/site-packages/airflow/example_dags/example_task_group_decorator.py
[2026-04-09T00:37:46.565+0000] {logging_mixin.py:190} INFO - [2026-04-09T00:37:46.565+0000] {dag.py:3211} INFO - Sync 1 DAGs
[2026-04-09T00:37:46.573+0000] {logging_mixin.py:190} INFO - [2026-04-09T00:37:46.573+0000] {dag.py:4138} INFO - Setting next_dagrun for example_task_group_decorator to 2026-04-08 00:00:00+00:00, run_after=2026-04-09 00:00:00+00:00
[2026-04-09T00:37:46.585+0000] {processor.py:208} INFO - Processing /home/airflow/.local/lib/python3.12/site-packages/airflow/example_dags/example_task_group_decorator.py took 0.043 seconds
[2026-04-09T00:38:17.316+0000] {processor.py:186} INFO - Started process (PID=908) to work on /home/airflow/.local/lib/python3.12/site-packages/airflow/example_dags/example_task_group_decorator.py
[2026-04-09T00:38:17.317+0000] {processor.py:914} INFO - Processing file /home/airflow/.local/lib/python3.12/site-packages/airflow/example_dags/example_task_group_decorator.py for tasks to queue
[2026-04-09T00:38:17.318+0000] {logging_mixin.py:190} INFO - [2026-04-09T00:38:17.318+0000] {dagbag.py:587} INFO - Filling up the DagBag from /home/airflow/.local/lib/python3.12/site-packages/airflow/example_dags/example_task_group_decorator.py
[2026-04-09T00:38:17.325+0000] {processor.py:925} INFO - DAG(s) 'example_task_group_decorator' retrieved from /home/airflow/.local/lib/python3.12/site-packages/airflow/example_dags/example_task_group_decorator.py
[2026-04-09T00:38:17.334+0000] {logging_mixin.py:190} INFO - [2026-04-09T00:38:17.334+0000] {dag.py:3211} INFO - Sync 1 DAGs
[2026-04-09T00:38:17.343+0000] {logging_mixin.py:190} INFO - [2026-04-09T00:38:17.343+0000] {dag.py:4138} INFO - Setting next_dagrun for example_task_group_decorator to 2026-04-08 00:00:00+00:00, run_after=2026-04-09 00:00:00+00:00
[2026-04-09T00:38:17.352+0000] {processor.py:208} INFO - Processing /home/airflow/.local/lib/python3.12/site-packages/airflow/example_dags/example_task_group_decorator.py took 0.038 seconds
[2026-04-09T00:38:47.971+0000] {processor.py:186} INFO - Started process (PID=972) to work on /home/airflow/.local/lib/python3.12/site-packages/airflow/example_dags/example_task_group_decorator.py
[2026-04-09T00:38:47.971+0000] {processor.py:914} INFO - Processing file /home/airflow/.local/lib/python3.12/site-packages/airflow/example_dags/example_task_group_decorator.py for tasks to queue
[2026-04-09T00:38:47.973+0000] {logging_mixin.py:190} INFO - [2026-04-09T00:38:47.973+0000] {dagbag.py:587} INFO - Filling up the DagBag from /home/airflow/.local/lib/python3.12/site-packages/airflow/example_dags/example_task_group_decorator.py
[2026-04-09T00:38:47.981+0000] {processor.py:925} INFO - DAG(s) 'example_task_group_decorator' retrieved from /home/airflow/.local/lib/python3.12/site-packages/airflow/example_dags/example_task_group_decorator.py
[2026-04-09T00:38:47.994+0000] {logging_mixin.py:190} INFO - [2026-04-09T00:38:47.994+0000] {dag.py:3211} INFO - Sync 1 DAGs
[2026-04-09T00:38:48.003+0000] {logging_mixin.py:190} INFO - [2026-04-09T00:38:48.003+0000] {dag.py:4138} INFO - Setting next_dagrun for example_task_group_decorator to 2026-04-08 00:00:00+00:00, run_after=2026-04-09 00:00:00+00:00
[2026-04-09T00:38:48.008+0000] {processor.py:208} INFO - Processing /home/airflow/.local/lib/python3.12/site-packages/airflow/example_dags/example_task_group_decorator.py took 0.040 seconds
[2026-04-09T00:39:18.775+0000] {processor.py:186} INFO - Started process (PID=1036) to work on /home/airflow/.local/lib/python3.12/site-packages/airflow/example_dags/example_task_group_decorator.py
[2026-04-09T00:39:18.776+0000] {processor.py:914} INFO - Processing file /home/airflow/.local/lib/python3.12/site-packages/airflow/example_dags/example_task_group_decorator.py for tasks to queue
[2026-04-09T00:39:18.777+0000] {logging_mixin.py:190} INFO - [2026-04-09T00:39:18.777+0000] {dagbag.py:587} INFO - Filling up the DagBag from /home/airflow/.local/lib/python3.12/site-packages/airflow/example_dags/example_task_group_decorator.py
[2026-04-09T00:39:18.784+0000] {processor.py:925} INFO - DAG(s) 'example_task_group_decorator' retrieved from /home/airflow/.local/lib/python3.12/site-packages/airflow/example_dags/example_task_group_decorator.py
[2026-04-09T00:39:18.793+0000] {logging_mixin.py:190} INFO - [2026-04-09T00:39:18.793+0000] {dag.py:3211} INFO - Sync 1 DAGs
[2026-04-09T00:39:18.804+0000] {logging_mixin.py:190} INFO - [2026-04-09T00:39:18.804+0000] {dag.py:4138} INFO - Setting next_dagrun for example_task_group_decorator to 2026-04-08 00:00:00+00:00, run_after=2026-04-09 00:00:00+00:00
[2026-04-09T00:39:18.811+0000] {processor.py:208} INFO - Processing /home/airflow/.local/lib/python3.12/site-packages/airflow/example_dags/example_task_group_decorator.py took 0.037 seconds
[2026-04-09T00:39:49.556+0000] {processor.py:186} INFO - Started process (PID=1100) to work on /home/airflow/.local/lib/python3.12/site-packages/airflow/example_dags/example_task_group_decorator.py
[2026-04-09T00:39:49.556+0000] {processor.py:914} INFO - Processing file /home/airflow/.local/lib/python3.12/site-packages/airflow/example_dags/example_task_group_decorator.py for tasks to queue
[2026-04-09T00:39:49.557+0000] {logging_mixin.py:190} INFO - [2026-04-09T00:39:49.557+0000] {dagbag.py:587} INFO - Filling up the DagBag from /home/airflow/.local/lib/python3.12/site-packages/airflow/example_dags/example_task_group_decorator.py
[2026-04-09T00:39:49.565+0000] {processor.py:925} INFO - DAG(s) 'example_task_group_decorator' retrieved from /home/airflow/.local/lib/python3.12/site-packages/airflow/example_dags/example_task_group_decorator.py
[2026-04-09T00:39:49.577+0000] {logging_mixin.py:190} INFO - [2026-04-09T00:39:49.577+0000] {dag.py:3211} INFO - Sync 1 DAGs
[2026-04-09T00:39:49.587+0000] {logging_mixin.py:190} INFO - [2026-04-09T00:39:49.587+0000] {dag.py:4138} INFO - Setting next_dagrun for example_task_group_decorator to 2026-04-08 00:00:00+00:00, run_after=2026-04-09 00:00:00+00:00
[2026-04-09T00:39:49.593+0000] {processor.py:208} INFO - Processing /home/airflow/.local/lib/python3.12/site-packages/airflow/example_dags/example_task_group_decorator.py took 0.039 seconds
[2026-04-09T00:40:20.336+0000] {processor.py:186} INFO - Started process (PID=1164) to work on /home/airflow/.local/lib/python3.12/site-packages/airflow/example_dags/example_task_group_decorator.py
[2026-04-09T00:40:20.336+0000] {processor.py:914} INFO - Processing file /home/airflow/.local/lib/python3.12/site-packages/airflow/example_dags/example_task_group_decorator.py for tasks to queue
[2026-04-09T00:40:20.337+0000] {logging_mixin.py:190} INFO - [2026-04-09T00:40:20.337+0000] {dagbag.py:587} INFO - Filling up the DagBag from /home/airflow/.local/lib/python3.12/site-packages/airflow/example_dags/example_task_group_decorator.py
[2026-04-09T00:40:20.343+0000] {processor.py:925} INFO - DAG(s) 'example_task_group_decorator' retrieved from /home/airflow/.local/lib/python3.12/site-packages/airflow/example_dags/example_task_group_decorator.py
[2026-04-09T00:40:20.353+0000] {logging_mixin.py:190} INFO - [2026-04-09T00:40:20.353+0000] {dag.py:3211} INFO - Sync 1 DAGs
[2026-04-09T00:40:20.361+0000] {logging_mixin.py:190} INFO - [2026-04-09T00:40:20.361+0000] {dag.py:4138} INFO - Setting next_dagrun for example_task_group_decorator to 2026-04-08 00:00:00+00:00, run_after=2026-04-09 00:00:00+00:00
[2026-04-09T00:40:20.368+0000] {processor.py:208} INFO - Processing /home/airflow/.local/lib/python3.12/site-packages/airflow/example_dags/example_task_group_decorator.py took 0.034 seconds
[2026-04-09T00:40:51.151+0000] {processor.py:186} INFO - Started process (PID=1228) to work on /home/airflow/.local/lib/python3.12/site-packages/airflow/example_dags/example_task_group_decorator.py
[2026-04-09T00:40:51.151+0000] {processor.py:914} INFO - Processing file /home/airflow/.local/lib/python3.12/site-packages/airflow/example_dags/example_task_group_decorator.py for tasks to queue
[2026-04-09T00:40:51.152+0000] {logging_mixin.py:190} INFO - [2026-04-09T00:40:51.152+0000] {dagbag.py:587} INFO - Filling up the DagBag from /home/airflow/.local/lib/python3.12/site-packages/airflow/example_dags/example_task_group_decorator.py
[2026-04-09T00:40:51.157+0000] {processor.py:925} INFO - DAG(s) 'example_task_group_decorator' retrieved from /home/airflow/.local/lib/python3.12/site-packages/airflow/example_dags/example_task_group_decorator.py
[2026-04-09T00:40:51.168+0000] {logging_mixin.py:190} INFO - [2026-04-09T00:40:51.168+0000] {dag.py:3211} INFO - Sync 1 DAGs
[2026-04-09T00:40:51.176+0000] {logging_mixin.py:190} INFO - [2026-04-09T00:40:51.176+0000] {dag.py:4138} INFO - Setting next_dagrun for example_task_group_decorator to 2026-04-08 00:00:00+00:00, run_after=2026-04-09 00:00:00+00:00
[2026-04-09T00:40:51.185+0000] {processor.py:208} INFO - Processing /home/airflow/.local/lib/python3.12/site-packages/airflow/example_dags/example_task_group_decorator.py took 0.036 seconds
[2026-04-09T00:41:21.954+0000] {processor.py:186} INFO - Started process (PID=1292) to work on /home/airflow/.local/lib/python3.12/site-packages/airflow/example_dags/example_task_group_decorator.py
[2026-04-09T00:41:21.954+0000] {processor.py:914} INFO - Processing file /home/airflow/.local/lib/python3.12/site-packages/airflow/example_dags/example_task_group_decorator.py for tasks to queue
[2026-04-09T00:41:21.955+0000] {logging_mixin.py:190} INFO - [2026-04-09T00:41:21.955+0000] {dagbag.py:587} INFO - Filling up the DagBag from /home/airflow/.local/lib/python3.12/site-packages/airflow/example_dags/example_task_group_decorator.py
[2026-04-09T00:41:21.960+0000] {processor.py:925} INFO - DAG(s) 'example_task_group_decorator' retrieved from /home/airflow/.local/lib/python3.12/site-packages/airflow/example_dags/example_task_group_decorator.py
[2026-04-09T00:41:21.968+0000] {logging_mixin.py:190} INFO - [2026-04-09T00:41:21.968+0000] {dag.py:3211} INFO - Sync 1 DAGs
[2026-04-09T00:41:21.975+0000] {logging_mixin.py:190} INFO - [2026-04-09T00:41:21.975+0000] {dag.py:4138} INFO - Setting next_dagrun for example_task_group_decorator to 2026-04-08 00:00:00+00:00, run_after=2026-04-09 00:00:00+00:00
[2026-04-09T00:41:21.980+0000] {processor.py:208} INFO - Processing /home/airflow/.local/lib/python3.12/site-packages/airflow/example_dags/example_task_group_decorator.py took 0.028 seconds
[2026-04-09T00:41:52.850+0000] {processor.py:186} INFO - Started process (PID=1356) to work on /home/airflow/.local/lib/python3.12/site-packages/airflow/example_dags/example_task_group_decorator.py
[2026-04-09T00:41:52.850+0000] {processor.py:914} INFO - Processing file /home/airflow/.local/lib/python3.12/site-packages/airflow/example_dags/example_task_group_decorator.py for tasks to queue
[2026-04-09T00:41:52.852+0000] {logging_mixin.py:190} INFO - [2026-04-09T00:41:52.852+0000] {dagbag.py:587} INFO - Filling up the DagBag from /home/airflow/.local/lib/python3.12/site-packages/airflow/example_dags/example_task_group_decorator.py
[2026-04-09T00:41:52.859+0000] {processor.py:925} INFO - DAG(s) 'example_task_group_decorator' retrieved from /home/airflow/.local/lib/python3.12/site-packages/airflow/example_dags/example_task_group_decorator.py
[2026-04-09T00:41:52.871+0000] {logging_mixin.py:190} INFO - [2026-04-09T00:41:52.871+0000] {dag.py:3211} INFO - Sync 1 DAGs
[2026-04-09T00:41:52.880+0000] {logging_mixin.py:190} INFO - [2026-04-09T00:41:52.879+0000] {dag.py:4138} INFO - Setting next_dagrun for example_task_group_decorator to 2026-04-08 00:00:00+00:00, run_after=2026-04-09 00:00:00+00:00
[2026-04-09T00:41:52.888+0000] {processor.py:208} INFO - Processing /home/airflow/.local/lib/python3.12/site-packages/airflow/example_dags/example_task_group_decorator.py took 0.040 seconds
[2026-04-09T00:42:23.941+0000] {processor.py:186} INFO - Started process (PID=1420) to work on /home/airflow/.local/lib/python3.12/site-packages/airflow/example_dags/example_task_group_decorator.py
[2026-04-09T00:42:23.941+0000] {processor.py:914} INFO - Processing file /home/airflow/.local/lib/python3.12/site-packages/airflow/example_dags/example_task_group_decorator.py for tasks to queue
[2026-04-09T00:42:23.942+0000] {logging_mixin.py:190} INFO - [2026-04-09T00:42:23.942+0000] {dagbag.py:587} INFO - Filling up the DagBag from /home/airflow/.local/lib/python3.12/site-packages/airflow/example_dags/example_task_group_decorator.py
[2026-04-09T00:42:23.949+0000] {processor.py:925} INFO - DAG(s) 'example_task_group_decorator' retrieved from /home/airflow/.local/lib/python3.12/site-packages/airflow/example_dags/example_task_group_decorator.py
[2026-04-09T00:42:23.963+0000] {logging_mixin.py:190} INFO - [2026-04-09T00:42:23.963+0000] {dag.py:3211} INFO - Sync 1 DAGs
[2026-04-09T00:42:23.970+0000] {logging_mixin.py:190} INFO - [2026-04-09T00:42:23.970+0000] {dag.py:4138} INFO - Setting next_dagrun for example_task_group_decorator to 2026-04-08 00:00:00+00:00, run_after=2026-04-09 00:00:00+00:00
[2026-04-09T00:42:23.978+0000] {processor.py:208} INFO - Processing /home/airflow/.local/lib/python3.12/site-packages/airflow/example_dags/example_task_group_decorator.py took 0.039 seconds
[2026-04-09T00:42:54.745+0000] {processor.py:186} INFO - Started process (PID=1484) to work on /home/airflow/.local/lib/python3.12/site-packages/airflow/example_dags/example_task_group_decorator.py
[2026-04-09T00:42:54.745+0000] {processor.py:914} INFO - Processing file /home/airflow/.local/lib/python3.12/site-packages/airflow/example_dags/example_task_group_decorator.py for tasks to queue
[2026-04-09T00:42:54.746+0000] {logging_mixin.py:190} INFO - [2026-04-09T00:42:54.746+0000] {dagbag.py:587} INFO - Filling up the DagBag from /home/airflow/.local/lib/python3.12/site-packages/airflow/example_dags/example_task_group_decorator.py
[2026-04-09T00:42:54.751+0000] {processor.py:925} INFO - DAG(s) 'example_task_group_decorator' retrieved from /home/airflow/.local/lib/python3.12/site-packages/airflow/example_dags/example_task_group_decorator.py
[2026-04-09T00:42:54.759+0000] {logging_mixin.py:190} INFO - [2026-04-09T00:42:54.759+0000] {dag.py:3211} INFO - Sync 1 DAGs
[2026-04-09T00:42:54.765+0000] {logging_mixin.py:190} INFO - [2026-04-09T00:42:54.765+0000] {dag.py:4138} INFO - Setting next_dagrun for example_task_group_decorator to 2026-04-08 00:00:00+00:00, run_after=2026-04-09 00:00:00+00:00
[2026-04-09T00:42:54.771+0000] {processor.py:208} INFO - Processing /home/airflow/.local/lib/python3.12/site-packages/airflow/example_dags/example_task_group_decorator.py took 0.028 seconds
[2026-04-09T00:43:25.506+0000] {processor.py:186} INFO - Started process (PID=1548) to work on /home/airflow/.local/lib/python3.12/site-packages/airflow/example_dags/example_task_group_decorator.py
[2026-04-09T00:43:25.507+0000] {processor.py:914} INFO - Processing file /home/airflow/.local/lib/python3.12/site-packages/airflow/example_dags/example_task_group_decorator.py for tasks to queue
[2026-04-09T00:43:25.508+0000] {logging_mixin.py:190} INFO - [2026-04-09T00:43:25.508+0000] {dagbag.py:587} INFO - Filling up the DagBag from /home/airflow/.local/lib/python3.12/site-packages/airflow/example_dags/example_task_group_decorator.py
[2026-04-09T00:43:25.515+0000] {processor.py:925} INFO - DAG(s) 'example_task_group_decorator' retrieved from /home/airflow/.local/lib/python3.12/site-packages/airflow/example_dags/example_task_group_decorator.py
[2026-04-09T00:43:25.526+0000] {logging_mixin.py:190} INFO - [2026-04-09T00:43:25.526+0000] {dag.py:3211} INFO - Sync 1 DAGs
[2026-04-09T00:43:25.533+0000] {logging_mixin.py:190} INFO - [2026-04-09T00:43:25.533+0000] {dag.py:4138} INFO - Setting next_dagrun for example_task_group_decorator to 2026-04-08 00:00:00+00:00, run_after=2026-04-09 00:00:00+00:00
[2026-04-09T00:43:25.544+0000] {processor.py:208} INFO - Processing /home/airflow/.local/lib/python3.12/site-packages/airflow/example_dags/example_task_group_decorator.py took 0.040 seconds
[2026-04-09T00:43:56.269+0000] {processor.py:186} INFO - Started process (PID=1612) to work on /home/airflow/.local/lib/python3.12/site-packages/airflow/example_dags/example_task_group_decorator.py
[2026-04-09T00:43:56.269+0000] {processor.py:914} INFO - Processing file /home/airflow/.local/lib/python3.12/site-packages/airflow/example_dags/example_task_group_decorator.py for tasks to queue
[2026-04-09T00:43:56.270+0000] {logging_mixin.py:190} INFO - [2026-04-09T00:43:56.270+0000] {dagbag.py:587} INFO - Filling up the DagBag from /home/airflow/.local/lib/python3.12/site-packages/airflow/example_dags/example_task_group_decorator.py
[2026-04-09T00:43:56.277+0000] {processor.py:925} INFO - DAG(s) 'example_task_group_decorator' retrieved from /home/airflow/.local/lib/python3.12/site-packages/airflow/example_dags/example_task_group_decorator.py
[2026-04-09T00:43:56.287+0000] {logging_mixin.py:190} INFO - [2026-04-09T00:43:56.287+0000] {dag.py:3211} INFO - Sync 1 DAGs
[2026-04-09T00:43:56.298+0000] {logging_mixin.py:190} INFO - [2026-04-09T00:43:56.298+0000] {dag.py:4138} INFO - Setting next_dagrun for example_task_group_decorator to 2026-04-08 00:00:00+00:00, run_after=2026-04-09 00:00:00+00:00
[2026-04-09T00:43:56.307+0000] {processor.py:208} INFO - Processing /home/airflow/.local/lib/python3.12/site-packages/airflow/example_dags/example_task_group_decorator.py took 0.041 seconds
[2026-04-09T00:44:27.095+0000] {processor.py:186} INFO - Started process (PID=1676) to work on /home/airflow/.local/lib/python3.12/site-packages/airflow/example_dags/example_task_group_decorator.py
[2026-04-09T00:44:27.096+0000] {processor.py:914} INFO - Processing file /home/airflow/.local/lib/python3.12/site-packages/airflow/example_dags/example_task_group_decorator.py for tasks to queue
[2026-04-09T00:44:27.097+0000] {logging_mixin.py:190} INFO - [2026-04-09T00:44:27.097+0000] {dagbag.py:587} INFO - Filling up the DagBag from /home/airflow/.local/lib/python3.12/site-packages/airflow/example_dags/example_task_group_decorator.py
[2026-04-09T00:44:27.102+0000] {processor.py:925} INFO - DAG(s) 'example_task_group_decorator' retrieved from /home/airflow/.local/lib/python3.12/site-packages/airflow/example_dags/example_task_group_decorator.py
[2026-04-09T00:44:27.110+0000] {logging_mixin.py:190} INFO - [2026-04-09T00:44:27.110+0000] {dag.py:3211} INFO - Sync 1 DAGs
[2026-04-09T00:44:27.119+0000] {logging_mixin.py:190} INFO - [2026-04-09T00:44:27.119+0000] {dag.py:4138} INFO - Setting next_dagrun for example_task_group_decorator to 2026-04-08 00:00:00+00:00, run_after=2026-04-09 00:00:00+00:00
[2026-04-09T00:44:27.128+0000] {processor.py:208} INFO - Processing /home/airflow/.local/lib/python3.12/site-packages/airflow/example_dags/example_task_group_decorator.py took 0.036 seconds
[2026-04-09T00:44:57.940+0000] {processor.py:186} INFO - Started process (PID=1740) to work on /home/airflow/.local/lib/python3.12/site-packages/airflow/example_dags/example_task_group_decorator.py
[2026-04-09T00:44:57.940+0000] {processor.py:914} INFO - Processing file /home/airflow/.local/lib/python3.12/site-packages/airflow/example_dags/example_task_group_decorator.py for tasks to queue
[2026-04-09T00:44:57.941+0000] {logging_mixin.py:190} INFO - [2026-04-09T00:44:57.941+0000] {dagbag.py:587} INFO - Filling up the DagBag from /home/airflow/.local/lib/python3.12/site-packages/airflow/example_dags/example_task_group_decorator.py
[2026-04-09T00:44:57.947+0000] {processor.py:925} INFO - DAG(s) 'example_task_group_decorator' retrieved from /home/airflow/.local/lib/python3.12/site-packages/airflow/example_dags/example_task_group_decorator.py
[2026-04-09T00:44:57.956+0000] {logging_mixin.py:190} INFO - [2026-04-09T00:44:57.956+0000] {dag.py:3211} INFO - Sync 1 DAGs
[2026-04-09T00:44:57.963+0000] {logging_mixin.py:190} INFO - [2026-04-09T00:44:57.963+0000] {dag.py:4138} INFO - Setting next_dagrun for example_task_group_decorator to 2026-04-08 00:00:00+00:00, run_after=2026-04-09 00:00:00+00:00
[2026-04-09T00:44:57.969+0000] {processor.py:208} INFO - Processing /home/airflow/.local/lib/python3.12/site-packages/airflow/example_dags/example_task_group_decorator.py took 0.031 seconds
[2026-04-09T00:45:28.962+0000] {processor.py:186} INFO - Started process (PID=1803) to work on /home/airflow/.local/lib/python3.12/site-packages/airflow/example_dags/example_task_group_decorator.py
[2026-04-09T00:45:28.962+0000] {processor.py:914} INFO - Processing file /home/airflow/.local/lib/python3.12/site-packages/airflow/example_dags/example_task_group_decorator.py for tasks to queue
[2026-04-09T00:45:28.963+0000] {logging_mixin.py:190} INFO - [2026-04-09T00:45:28.963+0000] {dagbag.py:587} INFO - Filling up the DagBag from /home/airflow/.local/lib/python3.12/site-packages/airflow/example_dags/example_task_group_decorator.py
[2026-04-09T00:45:28.969+0000] {processor.py:925} INFO - DAG(s) 'example_task_group_decorator' retrieved from /home/airflow/.local/lib/python3.12/site-packages/airflow/example_dags/example_task_group_decorator.py
[2026-04-09T00:45:28.978+0000] {logging_mixin.py:190} INFO - [2026-04-09T00:45:28.978+0000] {dag.py:3211} INFO - Sync 1 DAGs
[2026-04-09T00:45:28.988+0000] {logging_mixin.py:190} INFO - [2026-04-09T00:45:28.988+0000] {dag.py:4138} INFO - Setting next_dagrun for example_task_group_decorator to 2026-04-08 00:00:00+00:00, run_after=2026-04-09 00:00:00+00:00
[2026-04-09T00:45:28.998+0000] {processor.py:208} INFO - Processing /home/airflow/.local/lib/python3.12/site-packages/airflow/example_dags/example_task_group_decorator.py took 0.039 seconds
[2026-04-09T00:45:59.829+0000] {processor.py:186} INFO - Started process (PID=1867) to work on /home/airflow/.local/lib/python3.12/site-packages/airflow/example_dags/example_task_group_decorator.py
[2026-04-09T00:45:59.829+0000] {processor.py:914} INFO - Processing file /home/airflow/.local/lib/python3.12/site-packages/airflow/example_dags/example_task_group_decorator.py for tasks to queue
[2026-04-09T00:45:59.830+0000] {logging_mixin.py:190} INFO - [2026-04-09T00:45:59.830+0000] {dagbag.py:587} INFO - Filling up the DagBag from /home/airflow/.local/lib/python3.12/site-packages/airflow/example_dags/example_task_group_decorator.py
[2026-04-09T00:45:59.835+0000] {processor.py:925} INFO - DAG(s) 'example_task_group_decorator' retrieved from /home/airflow/.local/lib/python3.12/site-packages/airflow/example_dags/example_task_group_decorator.py
[2026-04-09T00:45:59.844+0000] {logging_mixin.py:190} INFO - [2026-04-09T00:45:59.844+0000] {dag.py:3211} INFO - Sync 1 DAGs
[2026-04-09T00:45:59.851+0000] {logging_mixin.py:190} INFO - [2026-04-09T00:45:59.851+0000] {dag.py:4138} INFO - Setting next_dagrun for example_task_group_decorator to 2026-04-08 00:00:00+00:00, run_after=2026-04-09 00:00:00+00:00
[2026-04-09T00:45:59.857+0000] {processor.py:208} INFO - Processing /home/airflow/.local/lib/python3.12/site-packages/airflow/example_dags/example_task_group_decorator.py took 0.030 seconds
