[2026-04-09T00:31:36.912+0000] {processor.py:186} INFO - Started process (PID=60) to work on /home/airflow/.local/lib/python3.12/site-packages/airflow/example_dags/example_dataset_alias.py
[2026-04-09T00:31:36.913+0000] {processor.py:914} INFO - Processing file /home/airflow/.local/lib/python3.12/site-packages/airflow/example_dags/example_dataset_alias.py for tasks to queue
[2026-04-09T00:31:36.913+0000] {logging_mixin.py:190} INFO - [2026-04-09T00:31:36.913+0000] {dagbag.py:587} INFO - Filling up the DagBag from /home/airflow/.local/lib/python3.12/site-packages/airflow/example_dags/example_dataset_alias.py
[2026-04-09T00:31:36.965+0000] {processor.py:925} INFO - DAG(s) 'dataset_alias_example_alias_consumer', 'dataset_alias_example_alias_producer', 'dataset_s3_bucket_consumer', 'dataset_s3_bucket_producer' retrieved from /home/airflow/.local/lib/python3.12/site-packages/airflow/example_dags/example_dataset_alias.py
[2026-04-09T00:31:37.002+0000] {logging_mixin.py:190} INFO - [2026-04-09T00:31:37.002+0000] {dag.py:3211} INFO - Sync 4 DAGs
[2026-04-09T00:31:37.010+0000] {logging_mixin.py:190} INFO - [2026-04-09T00:31:37.010+0000] {dag.py:4138} INFO - Setting next_dagrun for dataset_alias_example_alias_consumer to None, run_after=None
[2026-04-09T00:31:37.011+0000] {logging_mixin.py:190} INFO - [2026-04-09T00:31:37.011+0000] {dag.py:4138} INFO - Setting next_dagrun for dataset_alias_example_alias_producer to None, run_after=None
[2026-04-09T00:31:37.011+0000] {logging_mixin.py:190} INFO - [2026-04-09T00:31:37.011+0000] {dag.py:4138} INFO - Setting next_dagrun for dataset_s3_bucket_consumer to None, run_after=None
[2026-04-09T00:31:37.012+0000] {logging_mixin.py:190} INFO - [2026-04-09T00:31:37.012+0000] {dag.py:4138} INFO - Setting next_dagrun for dataset_s3_bucket_producer to None, run_after=None
[2026-04-09T00:31:37.020+0000] {processor.py:208} INFO - Processing /home/airflow/.local/lib/python3.12/site-packages/airflow/example_dags/example_dataset_alias.py took 0.109 seconds
[2026-04-09T00:32:07.402+0000] {processor.py:186} INFO - Started process (PID=123) to work on /home/airflow/.local/lib/python3.12/site-packages/airflow/example_dags/example_dataset_alias.py
[2026-04-09T00:32:07.403+0000] {processor.py:914} INFO - Processing file /home/airflow/.local/lib/python3.12/site-packages/airflow/example_dags/example_dataset_alias.py for tasks to queue
[2026-04-09T00:32:07.404+0000] {logging_mixin.py:190} INFO - [2026-04-09T00:32:07.404+0000] {dagbag.py:587} INFO - Filling up the DagBag from /home/airflow/.local/lib/python3.12/site-packages/airflow/example_dags/example_dataset_alias.py
[2026-04-09T00:32:07.472+0000] {processor.py:925} INFO - DAG(s) 'dataset_s3_bucket_producer', 'dataset_s3_bucket_consumer', 'dataset_alias_example_alias_consumer', 'dataset_alias_example_alias_producer' retrieved from /home/airflow/.local/lib/python3.12/site-packages/airflow/example_dags/example_dataset_alias.py
[2026-04-09T00:32:07.483+0000] {logging_mixin.py:190} INFO - [2026-04-09T00:32:07.483+0000] {dag.py:3211} INFO - Sync 4 DAGs
[2026-04-09T00:32:07.494+0000] {logging_mixin.py:190} INFO - [2026-04-09T00:32:07.494+0000] {dag.py:4138} INFO - Setting next_dagrun for dataset_alias_example_alias_consumer to None, run_after=None
[2026-04-09T00:32:07.496+0000] {logging_mixin.py:190} INFO - [2026-04-09T00:32:07.496+0000] {dag.py:4138} INFO - Setting next_dagrun for dataset_alias_example_alias_producer to None, run_after=None
[2026-04-09T00:32:07.498+0000] {logging_mixin.py:190} INFO - [2026-04-09T00:32:07.498+0000] {dag.py:4138} INFO - Setting next_dagrun for dataset_s3_bucket_consumer to None, run_after=None
[2026-04-09T00:32:07.498+0000] {logging_mixin.py:190} INFO - [2026-04-09T00:32:07.498+0000] {dag.py:4138} INFO - Setting next_dagrun for dataset_s3_bucket_producer to None, run_after=None
[2026-04-09T00:32:07.507+0000] {processor.py:208} INFO - Processing /home/airflow/.local/lib/python3.12/site-packages/airflow/example_dags/example_dataset_alias.py took 0.108 seconds
[2026-04-09T00:32:38.278+0000] {processor.py:186} INFO - Started process (PID=187) to work on /home/airflow/.local/lib/python3.12/site-packages/airflow/example_dags/example_dataset_alias.py
[2026-04-09T00:32:38.278+0000] {processor.py:914} INFO - Processing file /home/airflow/.local/lib/python3.12/site-packages/airflow/example_dags/example_dataset_alias.py for tasks to queue
[2026-04-09T00:32:38.279+0000] {logging_mixin.py:190} INFO - [2026-04-09T00:32:38.279+0000] {dagbag.py:587} INFO - Filling up the DagBag from /home/airflow/.local/lib/python3.12/site-packages/airflow/example_dags/example_dataset_alias.py
[2026-04-09T00:32:38.340+0000] {processor.py:925} INFO - DAG(s) 'dataset_s3_bucket_producer', 'dataset_alias_example_alias_producer', 'dataset_alias_example_alias_consumer', 'dataset_s3_bucket_consumer' retrieved from /home/airflow/.local/lib/python3.12/site-packages/airflow/example_dags/example_dataset_alias.py
[2026-04-09T00:32:38.354+0000] {logging_mixin.py:190} INFO - [2026-04-09T00:32:38.353+0000] {dag.py:3211} INFO - Sync 4 DAGs
[2026-04-09T00:32:38.366+0000] {logging_mixin.py:190} INFO - [2026-04-09T00:32:38.365+0000] {dag.py:4138} INFO - Setting next_dagrun for dataset_alias_example_alias_consumer to None, run_after=None
[2026-04-09T00:32:38.369+0000] {logging_mixin.py:190} INFO - [2026-04-09T00:32:38.369+0000] {dag.py:4138} INFO - Setting next_dagrun for dataset_alias_example_alias_producer to None, run_after=None
[2026-04-09T00:32:38.371+0000] {logging_mixin.py:190} INFO - [2026-04-09T00:32:38.371+0000] {dag.py:4138} INFO - Setting next_dagrun for dataset_s3_bucket_consumer to None, run_after=None
[2026-04-09T00:32:38.373+0000] {logging_mixin.py:190} INFO - [2026-04-09T00:32:38.373+0000] {dag.py:4138} INFO - Setting next_dagrun for dataset_s3_bucket_producer to None, run_after=None
[2026-04-09T00:32:38.383+0000] {processor.py:208} INFO - Processing /home/airflow/.local/lib/python3.12/site-packages/airflow/example_dags/example_dataset_alias.py took 0.108 seconds
[2026-04-09T00:33:09.156+0000] {processor.py:186} INFO - Started process (PID=251) to work on /home/airflow/.local/lib/python3.12/site-packages/airflow/example_dags/example_dataset_alias.py
[2026-04-09T00:33:09.157+0000] {processor.py:914} INFO - Processing file /home/airflow/.local/lib/python3.12/site-packages/airflow/example_dags/example_dataset_alias.py for tasks to queue
[2026-04-09T00:33:09.159+0000] {logging_mixin.py:190} INFO - [2026-04-09T00:33:09.159+0000] {dagbag.py:587} INFO - Filling up the DagBag from /home/airflow/.local/lib/python3.12/site-packages/airflow/example_dags/example_dataset_alias.py
[2026-04-09T00:33:09.221+0000] {processor.py:925} INFO - DAG(s) 'dataset_s3_bucket_consumer', 'dataset_alias_example_alias_consumer', 'dataset_s3_bucket_producer', 'dataset_alias_example_alias_producer' retrieved from /home/airflow/.local/lib/python3.12/site-packages/airflow/example_dags/example_dataset_alias.py
[2026-04-09T00:33:09.234+0000] {logging_mixin.py:190} INFO - [2026-04-09T00:33:09.234+0000] {dag.py:3211} INFO - Sync 4 DAGs
[2026-04-09T00:33:09.242+0000] {logging_mixin.py:190} INFO - [2026-04-09T00:33:09.242+0000] {dag.py:4138} INFO - Setting next_dagrun for dataset_alias_example_alias_consumer to None, run_after=None
[2026-04-09T00:33:09.243+0000] {logging_mixin.py:190} INFO - [2026-04-09T00:33:09.243+0000] {dag.py:4138} INFO - Setting next_dagrun for dataset_alias_example_alias_producer to None, run_after=None
[2026-04-09T00:33:09.243+0000] {logging_mixin.py:190} INFO - [2026-04-09T00:33:09.243+0000] {dag.py:4138} INFO - Setting next_dagrun for dataset_s3_bucket_consumer to None, run_after=None
[2026-04-09T00:33:09.244+0000] {logging_mixin.py:190} INFO - [2026-04-09T00:33:09.244+0000] {dag.py:4138} INFO - Setting next_dagrun for dataset_s3_bucket_producer to None, run_after=None
[2026-04-09T00:33:09.250+0000] {processor.py:208} INFO - Processing /home/airflow/.local/lib/python3.12/site-packages/airflow/example_dags/example_dataset_alias.py took 0.096 seconds
[2026-04-09T00:33:39.987+0000] {processor.py:186} INFO - Started process (PID=321) to work on /home/airflow/.local/lib/python3.12/site-packages/airflow/example_dags/example_dataset_alias.py
[2026-04-09T00:33:39.987+0000] {processor.py:914} INFO - Processing file /home/airflow/.local/lib/python3.12/site-packages/airflow/example_dags/example_dataset_alias.py for tasks to queue
[2026-04-09T00:33:39.988+0000] {logging_mixin.py:190} INFO - [2026-04-09T00:33:39.988+0000] {dagbag.py:587} INFO - Filling up the DagBag from /home/airflow/.local/lib/python3.12/site-packages/airflow/example_dags/example_dataset_alias.py
[2026-04-09T00:33:40.038+0000] {processor.py:925} INFO - DAG(s) 'dataset_s3_bucket_consumer', 'dataset_alias_example_alias_producer', 'dataset_alias_example_alias_consumer', 'dataset_s3_bucket_producer' retrieved from /home/airflow/.local/lib/python3.12/site-packages/airflow/example_dags/example_dataset_alias.py
[2026-04-09T00:33:40.045+0000] {logging_mixin.py:190} INFO - [2026-04-09T00:33:40.045+0000] {dag.py:3211} INFO - Sync 4 DAGs
[2026-04-09T00:33:40.052+0000] {logging_mixin.py:190} INFO - [2026-04-09T00:33:40.052+0000] {dag.py:4138} INFO - Setting next_dagrun for dataset_alias_example_alias_consumer to None, run_after=None
[2026-04-09T00:33:40.053+0000] {logging_mixin.py:190} INFO - [2026-04-09T00:33:40.053+0000] {dag.py:4138} INFO - Setting next_dagrun for dataset_alias_example_alias_producer to None, run_after=None
[2026-04-09T00:33:40.053+0000] {logging_mixin.py:190} INFO - [2026-04-09T00:33:40.053+0000] {dag.py:4138} INFO - Setting next_dagrun for dataset_s3_bucket_consumer to None, run_after=None
[2026-04-09T00:33:40.054+0000] {logging_mixin.py:190} INFO - [2026-04-09T00:33:40.054+0000] {dag.py:4138} INFO - Setting next_dagrun for dataset_s3_bucket_producer to None, run_after=None
[2026-04-09T00:33:40.062+0000] {processor.py:208} INFO - Processing /home/airflow/.local/lib/python3.12/site-packages/airflow/example_dags/example_dataset_alias.py took 0.077 seconds
[2026-04-09T00:34:10.794+0000] {processor.py:186} INFO - Started process (PID=385) to work on /home/airflow/.local/lib/python3.12/site-packages/airflow/example_dags/example_dataset_alias.py
[2026-04-09T00:34:10.795+0000] {processor.py:914} INFO - Processing file /home/airflow/.local/lib/python3.12/site-packages/airflow/example_dags/example_dataset_alias.py for tasks to queue
[2026-04-09T00:34:10.796+0000] {logging_mixin.py:190} INFO - [2026-04-09T00:34:10.796+0000] {dagbag.py:587} INFO - Filling up the DagBag from /home/airflow/.local/lib/python3.12/site-packages/airflow/example_dags/example_dataset_alias.py
[2026-04-09T00:34:10.876+0000] {processor.py:925} INFO - DAG(s) 'dataset_alias_example_alias_consumer', 'dataset_s3_bucket_consumer', 'dataset_s3_bucket_producer', 'dataset_alias_example_alias_producer' retrieved from /home/airflow/.local/lib/python3.12/site-packages/airflow/example_dags/example_dataset_alias.py
[2026-04-09T00:34:10.884+0000] {logging_mixin.py:190} INFO - [2026-04-09T00:34:10.884+0000] {dag.py:3211} INFO - Sync 4 DAGs
[2026-04-09T00:34:10.895+0000] {logging_mixin.py:190} INFO - [2026-04-09T00:34:10.895+0000] {dag.py:4138} INFO - Setting next_dagrun for dataset_alias_example_alias_consumer to None, run_after=None
[2026-04-09T00:34:10.896+0000] {logging_mixin.py:190} INFO - [2026-04-09T00:34:10.896+0000] {dag.py:4138} INFO - Setting next_dagrun for dataset_alias_example_alias_producer to None, run_after=None
[2026-04-09T00:34:10.897+0000] {logging_mixin.py:190} INFO - [2026-04-09T00:34:10.897+0000] {dag.py:4138} INFO - Setting next_dagrun for dataset_s3_bucket_consumer to None, run_after=None
[2026-04-09T00:34:10.897+0000] {logging_mixin.py:190} INFO - [2026-04-09T00:34:10.897+0000] {dag.py:4138} INFO - Setting next_dagrun for dataset_s3_bucket_producer to None, run_after=None
[2026-04-09T00:34:10.904+0000] {processor.py:208} INFO - Processing /home/airflow/.local/lib/python3.12/site-packages/airflow/example_dags/example_dataset_alias.py took 0.111 seconds
[2026-04-09T00:34:41.658+0000] {processor.py:186} INFO - Started process (PID=449) to work on /home/airflow/.local/lib/python3.12/site-packages/airflow/example_dags/example_dataset_alias.py
[2026-04-09T00:34:41.659+0000] {processor.py:914} INFO - Processing file /home/airflow/.local/lib/python3.12/site-packages/airflow/example_dags/example_dataset_alias.py for tasks to queue
[2026-04-09T00:34:41.660+0000] {logging_mixin.py:190} INFO - [2026-04-09T00:34:41.660+0000] {dagbag.py:587} INFO - Filling up the DagBag from /home/airflow/.local/lib/python3.12/site-packages/airflow/example_dags/example_dataset_alias.py
[2026-04-09T00:34:41.724+0000] {processor.py:925} INFO - DAG(s) 'dataset_alias_example_alias_consumer', 'dataset_alias_example_alias_producer', 'dataset_s3_bucket_producer', 'dataset_s3_bucket_consumer' retrieved from /home/airflow/.local/lib/python3.12/site-packages/airflow/example_dags/example_dataset_alias.py
[2026-04-09T00:34:41.733+0000] {logging_mixin.py:190} INFO - [2026-04-09T00:34:41.732+0000] {dag.py:3211} INFO - Sync 4 DAGs
[2026-04-09T00:34:41.740+0000] {logging_mixin.py:190} INFO - [2026-04-09T00:34:41.740+0000] {dag.py:4138} INFO - Setting next_dagrun for dataset_alias_example_alias_consumer to None, run_after=None
[2026-04-09T00:34:41.741+0000] {logging_mixin.py:190} INFO - [2026-04-09T00:34:41.741+0000] {dag.py:4138} INFO - Setting next_dagrun for dataset_alias_example_alias_producer to None, run_after=None
[2026-04-09T00:34:41.741+0000] {logging_mixin.py:190} INFO - [2026-04-09T00:34:41.741+0000] {dag.py:4138} INFO - Setting next_dagrun for dataset_s3_bucket_consumer to None, run_after=None
[2026-04-09T00:34:41.741+0000] {logging_mixin.py:190} INFO - [2026-04-09T00:34:41.741+0000] {dag.py:4138} INFO - Setting next_dagrun for dataset_s3_bucket_producer to None, run_after=None
[2026-04-09T00:34:41.748+0000] {processor.py:208} INFO - Processing /home/airflow/.local/lib/python3.12/site-packages/airflow/example_dags/example_dataset_alias.py took 0.092 seconds
[2026-04-09T00:35:12.355+0000] {processor.py:186} INFO - Started process (PID=513) to work on /home/airflow/.local/lib/python3.12/site-packages/airflow/example_dags/example_dataset_alias.py
[2026-04-09T00:35:12.355+0000] {processor.py:914} INFO - Processing file /home/airflow/.local/lib/python3.12/site-packages/airflow/example_dags/example_dataset_alias.py for tasks to queue
[2026-04-09T00:35:12.356+0000] {logging_mixin.py:190} INFO - [2026-04-09T00:35:12.356+0000] {dagbag.py:587} INFO - Filling up the DagBag from /home/airflow/.local/lib/python3.12/site-packages/airflow/example_dags/example_dataset_alias.py
[2026-04-09T00:35:12.413+0000] {processor.py:925} INFO - DAG(s) 'dataset_alias_example_alias_consumer', 'dataset_alias_example_alias_producer', 'dataset_s3_bucket_consumer', 'dataset_s3_bucket_producer' retrieved from /home/airflow/.local/lib/python3.12/site-packages/airflow/example_dags/example_dataset_alias.py
[2026-04-09T00:35:12.422+0000] {logging_mixin.py:190} INFO - [2026-04-09T00:35:12.422+0000] {dag.py:3211} INFO - Sync 4 DAGs
[2026-04-09T00:35:12.430+0000] {logging_mixin.py:190} INFO - [2026-04-09T00:35:12.430+0000] {dag.py:4138} INFO - Setting next_dagrun for dataset_alias_example_alias_consumer to None, run_after=None
[2026-04-09T00:35:12.433+0000] {logging_mixin.py:190} INFO - [2026-04-09T00:35:12.432+0000] {dag.py:4138} INFO - Setting next_dagrun for dataset_alias_example_alias_producer to None, run_after=None
[2026-04-09T00:35:12.434+0000] {logging_mixin.py:190} INFO - [2026-04-09T00:35:12.434+0000] {dag.py:4138} INFO - Setting next_dagrun for dataset_s3_bucket_consumer to None, run_after=None
[2026-04-09T00:35:12.435+0000] {logging_mixin.py:190} INFO - [2026-04-09T00:35:12.435+0000] {dag.py:4138} INFO - Setting next_dagrun for dataset_s3_bucket_producer to None, run_after=None
[2026-04-09T00:35:12.446+0000] {processor.py:208} INFO - Processing /home/airflow/.local/lib/python3.12/site-packages/airflow/example_dags/example_dataset_alias.py took 0.094 seconds
[2026-04-09T00:35:43.099+0000] {processor.py:186} INFO - Started process (PID=576) to work on /home/airflow/.local/lib/python3.12/site-packages/airflow/example_dags/example_dataset_alias.py
[2026-04-09T00:35:43.099+0000] {processor.py:914} INFO - Processing file /home/airflow/.local/lib/python3.12/site-packages/airflow/example_dags/example_dataset_alias.py for tasks to queue
[2026-04-09T00:35:43.102+0000] {logging_mixin.py:190} INFO - [2026-04-09T00:35:43.102+0000] {dagbag.py:587} INFO - Filling up the DagBag from /home/airflow/.local/lib/python3.12/site-packages/airflow/example_dags/example_dataset_alias.py
[2026-04-09T00:35:43.163+0000] {processor.py:925} INFO - DAG(s) 'dataset_alias_example_alias_consumer', 'dataset_alias_example_alias_producer', 'dataset_s3_bucket_consumer', 'dataset_s3_bucket_producer' retrieved from /home/airflow/.local/lib/python3.12/site-packages/airflow/example_dags/example_dataset_alias.py
[2026-04-09T00:35:43.176+0000] {logging_mixin.py:190} INFO - [2026-04-09T00:35:43.176+0000] {dag.py:3211} INFO - Sync 4 DAGs
[2026-04-09T00:35:43.186+0000] {logging_mixin.py:190} INFO - [2026-04-09T00:35:43.186+0000] {dag.py:4138} INFO - Setting next_dagrun for dataset_alias_example_alias_consumer to None, run_after=None
[2026-04-09T00:35:43.190+0000] {logging_mixin.py:190} INFO - [2026-04-09T00:35:43.190+0000] {dag.py:4138} INFO - Setting next_dagrun for dataset_alias_example_alias_producer to None, run_after=None
[2026-04-09T00:35:43.191+0000] {logging_mixin.py:190} INFO - [2026-04-09T00:35:43.191+0000] {dag.py:4138} INFO - Setting next_dagrun for dataset_s3_bucket_consumer to None, run_after=None
[2026-04-09T00:35:43.192+0000] {logging_mixin.py:190} INFO - [2026-04-09T00:35:43.192+0000] {dag.py:4138} INFO - Setting next_dagrun for dataset_s3_bucket_producer to None, run_after=None
[2026-04-09T00:35:43.202+0000] {processor.py:208} INFO - Processing /home/airflow/.local/lib/python3.12/site-packages/airflow/example_dags/example_dataset_alias.py took 0.106 seconds
[2026-04-09T00:36:13.907+0000] {processor.py:186} INFO - Started process (PID=640) to work on /home/airflow/.local/lib/python3.12/site-packages/airflow/example_dags/example_dataset_alias.py
[2026-04-09T00:36:13.907+0000] {processor.py:914} INFO - Processing file /home/airflow/.local/lib/python3.12/site-packages/airflow/example_dags/example_dataset_alias.py for tasks to queue
[2026-04-09T00:36:13.908+0000] {logging_mixin.py:190} INFO - [2026-04-09T00:36:13.908+0000] {dagbag.py:587} INFO - Filling up the DagBag from /home/airflow/.local/lib/python3.12/site-packages/airflow/example_dags/example_dataset_alias.py
[2026-04-09T00:36:13.967+0000] {processor.py:925} INFO - DAG(s) 'dataset_s3_bucket_producer', 'dataset_alias_example_alias_producer', 'dataset_s3_bucket_consumer', 'dataset_alias_example_alias_consumer' retrieved from /home/airflow/.local/lib/python3.12/site-packages/airflow/example_dags/example_dataset_alias.py
[2026-04-09T00:36:13.978+0000] {logging_mixin.py:190} INFO - [2026-04-09T00:36:13.978+0000] {dag.py:3211} INFO - Sync 4 DAGs
[2026-04-09T00:36:13.986+0000] {logging_mixin.py:190} INFO - [2026-04-09T00:36:13.986+0000] {dag.py:4138} INFO - Setting next_dagrun for dataset_alias_example_alias_consumer to None, run_after=None
[2026-04-09T00:36:13.987+0000] {logging_mixin.py:190} INFO - [2026-04-09T00:36:13.987+0000] {dag.py:4138} INFO - Setting next_dagrun for dataset_alias_example_alias_producer to None, run_after=None
[2026-04-09T00:36:13.987+0000] {logging_mixin.py:190} INFO - [2026-04-09T00:36:13.987+0000] {dag.py:4138} INFO - Setting next_dagrun for dataset_s3_bucket_consumer to None, run_after=None
[2026-04-09T00:36:13.987+0000] {logging_mixin.py:190} INFO - [2026-04-09T00:36:13.987+0000] {dag.py:4138} INFO - Setting next_dagrun for dataset_s3_bucket_producer to None, run_after=None
[2026-04-09T00:36:13.994+0000] {processor.py:208} INFO - Processing /home/airflow/.local/lib/python3.12/site-packages/airflow/example_dags/example_dataset_alias.py took 0.090 seconds
[2026-04-09T00:36:44.715+0000] {processor.py:186} INFO - Started process (PID=704) to work on /home/airflow/.local/lib/python3.12/site-packages/airflow/example_dags/example_dataset_alias.py
[2026-04-09T00:36:44.716+0000] {processor.py:914} INFO - Processing file /home/airflow/.local/lib/python3.12/site-packages/airflow/example_dags/example_dataset_alias.py for tasks to queue
[2026-04-09T00:36:44.717+0000] {logging_mixin.py:190} INFO - [2026-04-09T00:36:44.716+0000] {dagbag.py:587} INFO - Filling up the DagBag from /home/airflow/.local/lib/python3.12/site-packages/airflow/example_dags/example_dataset_alias.py
[2026-04-09T00:36:44.773+0000] {processor.py:925} INFO - DAG(s) 'dataset_s3_bucket_producer', 'dataset_alias_example_alias_consumer', 'dataset_alias_example_alias_producer', 'dataset_s3_bucket_consumer' retrieved from /home/airflow/.local/lib/python3.12/site-packages/airflow/example_dags/example_dataset_alias.py
[2026-04-09T00:36:44.782+0000] {logging_mixin.py:190} INFO - [2026-04-09T00:36:44.782+0000] {dag.py:3211} INFO - Sync 4 DAGs
[2026-04-09T00:36:44.791+0000] {logging_mixin.py:190} INFO - [2026-04-09T00:36:44.791+0000] {dag.py:4138} INFO - Setting next_dagrun for dataset_alias_example_alias_consumer to None, run_after=None
[2026-04-09T00:36:44.792+0000] {logging_mixin.py:190} INFO - [2026-04-09T00:36:44.792+0000] {dag.py:4138} INFO - Setting next_dagrun for dataset_alias_example_alias_producer to None, run_after=None
[2026-04-09T00:36:44.792+0000] {logging_mixin.py:190} INFO - [2026-04-09T00:36:44.792+0000] {dag.py:4138} INFO - Setting next_dagrun for dataset_s3_bucket_consumer to None, run_after=None
[2026-04-09T00:36:44.793+0000] {logging_mixin.py:190} INFO - [2026-04-09T00:36:44.793+0000] {dag.py:4138} INFO - Setting next_dagrun for dataset_s3_bucket_producer to None, run_after=None
[2026-04-09T00:36:44.807+0000] {processor.py:208} INFO - Processing /home/airflow/.local/lib/python3.12/site-packages/airflow/example_dags/example_dataset_alias.py took 0.094 seconds
[2026-04-09T00:37:15.500+0000] {processor.py:186} INFO - Started process (PID=768) to work on /home/airflow/.local/lib/python3.12/site-packages/airflow/example_dags/example_dataset_alias.py
[2026-04-09T00:37:15.501+0000] {processor.py:914} INFO - Processing file /home/airflow/.local/lib/python3.12/site-packages/airflow/example_dags/example_dataset_alias.py for tasks to queue
[2026-04-09T00:37:15.503+0000] {logging_mixin.py:190} INFO - [2026-04-09T00:37:15.503+0000] {dagbag.py:587} INFO - Filling up the DagBag from /home/airflow/.local/lib/python3.12/site-packages/airflow/example_dags/example_dataset_alias.py
[2026-04-09T00:37:15.560+0000] {processor.py:925} INFO - DAG(s) 'dataset_alias_example_alias_consumer', 'dataset_s3_bucket_producer', 'dataset_alias_example_alias_producer', 'dataset_s3_bucket_consumer' retrieved from /home/airflow/.local/lib/python3.12/site-packages/airflow/example_dags/example_dataset_alias.py
[2026-04-09T00:37:15.569+0000] {logging_mixin.py:190} INFO - [2026-04-09T00:37:15.569+0000] {dag.py:3211} INFO - Sync 4 DAGs
[2026-04-09T00:37:15.577+0000] {logging_mixin.py:190} INFO - [2026-04-09T00:37:15.576+0000] {dag.py:4138} INFO - Setting next_dagrun for dataset_alias_example_alias_consumer to None, run_after=None
[2026-04-09T00:37:15.577+0000] {logging_mixin.py:190} INFO - [2026-04-09T00:37:15.577+0000] {dag.py:4138} INFO - Setting next_dagrun for dataset_alias_example_alias_producer to None, run_after=None
[2026-04-09T00:37:15.578+0000] {logging_mixin.py:190} INFO - [2026-04-09T00:37:15.578+0000] {dag.py:4138} INFO - Setting next_dagrun for dataset_s3_bucket_consumer to None, run_after=None
[2026-04-09T00:37:15.578+0000] {logging_mixin.py:190} INFO - [2026-04-09T00:37:15.578+0000] {dag.py:4138} INFO - Setting next_dagrun for dataset_s3_bucket_producer to None, run_after=None
[2026-04-09T00:37:15.588+0000] {processor.py:208} INFO - Processing /home/airflow/.local/lib/python3.12/site-packages/airflow/example_dags/example_dataset_alias.py took 0.090 seconds
[2026-04-09T00:37:46.244+0000] {processor.py:186} INFO - Started process (PID=832) to work on /home/airflow/.local/lib/python3.12/site-packages/airflow/example_dags/example_dataset_alias.py
[2026-04-09T00:37:46.244+0000] {processor.py:914} INFO - Processing file /home/airflow/.local/lib/python3.12/site-packages/airflow/example_dags/example_dataset_alias.py for tasks to queue
[2026-04-09T00:37:46.245+0000] {logging_mixin.py:190} INFO - [2026-04-09T00:37:46.245+0000] {dagbag.py:587} INFO - Filling up the DagBag from /home/airflow/.local/lib/python3.12/site-packages/airflow/example_dags/example_dataset_alias.py
[2026-04-09T00:37:46.302+0000] {processor.py:925} INFO - DAG(s) 'dataset_alias_example_alias_consumer', 'dataset_s3_bucket_producer', 'dataset_alias_example_alias_producer', 'dataset_s3_bucket_consumer' retrieved from /home/airflow/.local/lib/python3.12/site-packages/airflow/example_dags/example_dataset_alias.py
[2026-04-09T00:37:46.314+0000] {logging_mixin.py:190} INFO - [2026-04-09T00:37:46.314+0000] {dag.py:3211} INFO - Sync 4 DAGs
[2026-04-09T00:37:46.325+0000] {logging_mixin.py:190} INFO - [2026-04-09T00:37:46.324+0000] {dag.py:4138} INFO - Setting next_dagrun for dataset_alias_example_alias_consumer to None, run_after=None
[2026-04-09T00:37:46.325+0000] {logging_mixin.py:190} INFO - [2026-04-09T00:37:46.325+0000] {dag.py:4138} INFO - Setting next_dagrun for dataset_alias_example_alias_producer to None, run_after=None
[2026-04-09T00:37:46.326+0000] {logging_mixin.py:190} INFO - [2026-04-09T00:37:46.326+0000] {dag.py:4138} INFO - Setting next_dagrun for dataset_s3_bucket_consumer to None, run_after=None
[2026-04-09T00:37:46.326+0000] {logging_mixin.py:190} INFO - [2026-04-09T00:37:46.326+0000] {dag.py:4138} INFO - Setting next_dagrun for dataset_s3_bucket_producer to None, run_after=None
[2026-04-09T00:37:46.340+0000] {processor.py:208} INFO - Processing /home/airflow/.local/lib/python3.12/site-packages/airflow/example_dags/example_dataset_alias.py took 0.098 seconds
[2026-04-09T00:38:16.980+0000] {processor.py:186} INFO - Started process (PID=896) to work on /home/airflow/.local/lib/python3.12/site-packages/airflow/example_dags/example_dataset_alias.py
[2026-04-09T00:38:16.983+0000] {processor.py:914} INFO - Processing file /home/airflow/.local/lib/python3.12/site-packages/airflow/example_dags/example_dataset_alias.py for tasks to queue
[2026-04-09T00:38:16.984+0000] {logging_mixin.py:190} INFO - [2026-04-09T00:38:16.984+0000] {dagbag.py:587} INFO - Filling up the DagBag from /home/airflow/.local/lib/python3.12/site-packages/airflow/example_dags/example_dataset_alias.py
[2026-04-09T00:38:17.040+0000] {processor.py:925} INFO - DAG(s) 'dataset_alias_example_alias_consumer', 'dataset_alias_example_alias_producer', 'dataset_s3_bucket_consumer', 'dataset_s3_bucket_producer' retrieved from /home/airflow/.local/lib/python3.12/site-packages/airflow/example_dags/example_dataset_alias.py
[2026-04-09T00:38:17.046+0000] {logging_mixin.py:190} INFO - [2026-04-09T00:38:17.046+0000] {dag.py:3211} INFO - Sync 4 DAGs
[2026-04-09T00:38:17.058+0000] {logging_mixin.py:190} INFO - [2026-04-09T00:38:17.057+0000] {dag.py:4138} INFO - Setting next_dagrun for dataset_alias_example_alias_consumer to None, run_after=None
[2026-04-09T00:38:17.059+0000] {logging_mixin.py:190} INFO - [2026-04-09T00:38:17.059+0000] {dag.py:4138} INFO - Setting next_dagrun for dataset_alias_example_alias_producer to None, run_after=None
[2026-04-09T00:38:17.059+0000] {logging_mixin.py:190} INFO - [2026-04-09T00:38:17.059+0000] {dag.py:4138} INFO - Setting next_dagrun for dataset_s3_bucket_consumer to None, run_after=None
[2026-04-09T00:38:17.060+0000] {logging_mixin.py:190} INFO - [2026-04-09T00:38:17.060+0000] {dag.py:4138} INFO - Setting next_dagrun for dataset_s3_bucket_producer to None, run_after=None
[2026-04-09T00:38:17.072+0000] {processor.py:208} INFO - Processing /home/airflow/.local/lib/python3.12/site-packages/airflow/example_dags/example_dataset_alias.py took 0.095 seconds
[2026-04-09T00:38:47.649+0000] {processor.py:186} INFO - Started process (PID=960) to work on /home/airflow/.local/lib/python3.12/site-packages/airflow/example_dags/example_dataset_alias.py
[2026-04-09T00:38:47.650+0000] {processor.py:914} INFO - Processing file /home/airflow/.local/lib/python3.12/site-packages/airflow/example_dags/example_dataset_alias.py for tasks to queue
[2026-04-09T00:38:47.651+0000] {logging_mixin.py:190} INFO - [2026-04-09T00:38:47.651+0000] {dagbag.py:587} INFO - Filling up the DagBag from /home/airflow/.local/lib/python3.12/site-packages/airflow/example_dags/example_dataset_alias.py
[2026-04-09T00:38:47.709+0000] {processor.py:925} INFO - DAG(s) 'dataset_s3_bucket_consumer', 'dataset_alias_example_alias_consumer', 'dataset_s3_bucket_producer', 'dataset_alias_example_alias_producer' retrieved from /home/airflow/.local/lib/python3.12/site-packages/airflow/example_dags/example_dataset_alias.py
[2026-04-09T00:38:47.717+0000] {logging_mixin.py:190} INFO - [2026-04-09T00:38:47.717+0000] {dag.py:3211} INFO - Sync 4 DAGs
[2026-04-09T00:38:47.724+0000] {logging_mixin.py:190} INFO - [2026-04-09T00:38:47.724+0000] {dag.py:4138} INFO - Setting next_dagrun for dataset_alias_example_alias_consumer to None, run_after=None
[2026-04-09T00:38:47.726+0000] {logging_mixin.py:190} INFO - [2026-04-09T00:38:47.726+0000] {dag.py:4138} INFO - Setting next_dagrun for dataset_alias_example_alias_producer to None, run_after=None
[2026-04-09T00:38:47.727+0000] {logging_mixin.py:190} INFO - [2026-04-09T00:38:47.727+0000] {dag.py:4138} INFO - Setting next_dagrun for dataset_s3_bucket_consumer to None, run_after=None
[2026-04-09T00:38:47.727+0000] {logging_mixin.py:190} INFO - [2026-04-09T00:38:47.727+0000] {dag.py:4138} INFO - Setting next_dagrun for dataset_s3_bucket_producer to None, run_after=None
[2026-04-09T00:38:47.737+0000] {processor.py:208} INFO - Processing /home/airflow/.local/lib/python3.12/site-packages/airflow/example_dags/example_dataset_alias.py took 0.090 seconds
[2026-04-09T00:39:18.456+0000] {processor.py:186} INFO - Started process (PID=1024) to work on /home/airflow/.local/lib/python3.12/site-packages/airflow/example_dags/example_dataset_alias.py
[2026-04-09T00:39:18.457+0000] {processor.py:914} INFO - Processing file /home/airflow/.local/lib/python3.12/site-packages/airflow/example_dags/example_dataset_alias.py for tasks to queue
[2026-04-09T00:39:18.458+0000] {logging_mixin.py:190} INFO - [2026-04-09T00:39:18.458+0000] {dagbag.py:587} INFO - Filling up the DagBag from /home/airflow/.local/lib/python3.12/site-packages/airflow/example_dags/example_dataset_alias.py
[2026-04-09T00:39:18.517+0000] {processor.py:925} INFO - DAG(s) 'dataset_alias_example_alias_consumer', 'dataset_alias_example_alias_producer', 'dataset_s3_bucket_consumer', 'dataset_s3_bucket_producer' retrieved from /home/airflow/.local/lib/python3.12/site-packages/airflow/example_dags/example_dataset_alias.py
[2026-04-09T00:39:18.526+0000] {logging_mixin.py:190} INFO - [2026-04-09T00:39:18.526+0000] {dag.py:3211} INFO - Sync 4 DAGs
[2026-04-09T00:39:18.535+0000] {logging_mixin.py:190} INFO - [2026-04-09T00:39:18.535+0000] {dag.py:4138} INFO - Setting next_dagrun for dataset_alias_example_alias_consumer to None, run_after=None
[2026-04-09T00:39:18.536+0000] {logging_mixin.py:190} INFO - [2026-04-09T00:39:18.536+0000] {dag.py:4138} INFO - Setting next_dagrun for dataset_alias_example_alias_producer to None, run_after=None
[2026-04-09T00:39:18.537+0000] {logging_mixin.py:190} INFO - [2026-04-09T00:39:18.537+0000] {dag.py:4138} INFO - Setting next_dagrun for dataset_s3_bucket_consumer to None, run_after=None
[2026-04-09T00:39:18.537+0000] {logging_mixin.py:190} INFO - [2026-04-09T00:39:18.537+0000] {dag.py:4138} INFO - Setting next_dagrun for dataset_s3_bucket_producer to None, run_after=None
[2026-04-09T00:39:18.548+0000] {processor.py:208} INFO - Processing /home/airflow/.local/lib/python3.12/site-packages/airflow/example_dags/example_dataset_alias.py took 0.094 seconds
[2026-04-09T00:39:49.240+0000] {processor.py:186} INFO - Started process (PID=1088) to work on /home/airflow/.local/lib/python3.12/site-packages/airflow/example_dags/example_dataset_alias.py
[2026-04-09T00:39:49.241+0000] {processor.py:914} INFO - Processing file /home/airflow/.local/lib/python3.12/site-packages/airflow/example_dags/example_dataset_alias.py for tasks to queue
[2026-04-09T00:39:49.242+0000] {logging_mixin.py:190} INFO - [2026-04-09T00:39:49.242+0000] {dagbag.py:587} INFO - Filling up the DagBag from /home/airflow/.local/lib/python3.12/site-packages/airflow/example_dags/example_dataset_alias.py
[2026-04-09T00:39:49.309+0000] {processor.py:925} INFO - DAG(s) 'dataset_s3_bucket_consumer', 'dataset_alias_example_alias_consumer', 'dataset_s3_bucket_producer', 'dataset_alias_example_alias_producer' retrieved from /home/airflow/.local/lib/python3.12/site-packages/airflow/example_dags/example_dataset_alias.py
[2026-04-09T00:39:49.317+0000] {logging_mixin.py:190} INFO - [2026-04-09T00:39:49.317+0000] {dag.py:3211} INFO - Sync 4 DAGs
[2026-04-09T00:39:49.324+0000] {logging_mixin.py:190} INFO - [2026-04-09T00:39:49.324+0000] {dag.py:4138} INFO - Setting next_dagrun for dataset_alias_example_alias_consumer to None, run_after=None
[2026-04-09T00:39:49.326+0000] {logging_mixin.py:190} INFO - [2026-04-09T00:39:49.326+0000] {dag.py:4138} INFO - Setting next_dagrun for dataset_alias_example_alias_producer to None, run_after=None
[2026-04-09T00:39:49.328+0000] {logging_mixin.py:190} INFO - [2026-04-09T00:39:49.328+0000] {dag.py:4138} INFO - Setting next_dagrun for dataset_s3_bucket_consumer to None, run_after=None
[2026-04-09T00:39:49.329+0000] {logging_mixin.py:190} INFO - [2026-04-09T00:39:49.329+0000] {dag.py:4138} INFO - Setting next_dagrun for dataset_s3_bucket_producer to None, run_after=None
[2026-04-09T00:39:49.338+0000] {processor.py:208} INFO - Processing /home/airflow/.local/lib/python3.12/site-packages/airflow/example_dags/example_dataset_alias.py took 0.100 seconds
[2026-04-09T00:40:20.012+0000] {processor.py:186} INFO - Started process (PID=1152) to work on /home/airflow/.local/lib/python3.12/site-packages/airflow/example_dags/example_dataset_alias.py
[2026-04-09T00:40:20.013+0000] {processor.py:914} INFO - Processing file /home/airflow/.local/lib/python3.12/site-packages/airflow/example_dags/example_dataset_alias.py for tasks to queue
[2026-04-09T00:40:20.014+0000] {logging_mixin.py:190} INFO - [2026-04-09T00:40:20.014+0000] {dagbag.py:587} INFO - Filling up the DagBag from /home/airflow/.local/lib/python3.12/site-packages/airflow/example_dags/example_dataset_alias.py
[2026-04-09T00:40:20.075+0000] {processor.py:925} INFO - DAG(s) 'dataset_s3_bucket_producer', 'dataset_s3_bucket_consumer', 'dataset_alias_example_alias_consumer', 'dataset_alias_example_alias_producer' retrieved from /home/airflow/.local/lib/python3.12/site-packages/airflow/example_dags/example_dataset_alias.py
[2026-04-09T00:40:20.082+0000] {logging_mixin.py:190} INFO - [2026-04-09T00:40:20.082+0000] {dag.py:3211} INFO - Sync 4 DAGs
[2026-04-09T00:40:20.092+0000] {logging_mixin.py:190} INFO - [2026-04-09T00:40:20.092+0000] {dag.py:4138} INFO - Setting next_dagrun for dataset_alias_example_alias_consumer to None, run_after=None
[2026-04-09T00:40:20.093+0000] {logging_mixin.py:190} INFO - [2026-04-09T00:40:20.093+0000] {dag.py:4138} INFO - Setting next_dagrun for dataset_alias_example_alias_producer to None, run_after=None
[2026-04-09T00:40:20.094+0000] {logging_mixin.py:190} INFO - [2026-04-09T00:40:20.094+0000] {dag.py:4138} INFO - Setting next_dagrun for dataset_s3_bucket_consumer to None, run_after=None
[2026-04-09T00:40:20.095+0000] {logging_mixin.py:190} INFO - [2026-04-09T00:40:20.095+0000] {dag.py:4138} INFO - Setting next_dagrun for dataset_s3_bucket_producer to None, run_after=None
[2026-04-09T00:40:20.106+0000] {processor.py:208} INFO - Processing /home/airflow/.local/lib/python3.12/site-packages/airflow/example_dags/example_dataset_alias.py took 0.096 seconds
[2026-04-09T00:40:50.814+0000] {processor.py:186} INFO - Started process (PID=1216) to work on /home/airflow/.local/lib/python3.12/site-packages/airflow/example_dags/example_dataset_alias.py
[2026-04-09T00:40:50.814+0000] {processor.py:914} INFO - Processing file /home/airflow/.local/lib/python3.12/site-packages/airflow/example_dags/example_dataset_alias.py for tasks to queue
[2026-04-09T00:40:50.817+0000] {logging_mixin.py:190} INFO - [2026-04-09T00:40:50.817+0000] {dagbag.py:587} INFO - Filling up the DagBag from /home/airflow/.local/lib/python3.12/site-packages/airflow/example_dags/example_dataset_alias.py
[2026-04-09T00:40:50.876+0000] {processor.py:925} INFO - DAG(s) 'dataset_s3_bucket_consumer', 'dataset_alias_example_alias_consumer', 'dataset_alias_example_alias_producer', 'dataset_s3_bucket_producer' retrieved from /home/airflow/.local/lib/python3.12/site-packages/airflow/example_dags/example_dataset_alias.py
[2026-04-09T00:40:50.883+0000] {logging_mixin.py:190} INFO - [2026-04-09T00:40:50.883+0000] {dag.py:3211} INFO - Sync 4 DAGs
[2026-04-09T00:40:50.891+0000] {logging_mixin.py:190} INFO - [2026-04-09T00:40:50.891+0000] {dag.py:4138} INFO - Setting next_dagrun for dataset_alias_example_alias_consumer to None, run_after=None
[2026-04-09T00:40:50.893+0000] {logging_mixin.py:190} INFO - [2026-04-09T00:40:50.892+0000] {dag.py:4138} INFO - Setting next_dagrun for dataset_alias_example_alias_producer to None, run_after=None
[2026-04-09T00:40:50.894+0000] {logging_mixin.py:190} INFO - [2026-04-09T00:40:50.894+0000] {dag.py:4138} INFO - Setting next_dagrun for dataset_s3_bucket_consumer to None, run_after=None
[2026-04-09T00:40:50.894+0000] {logging_mixin.py:190} INFO - [2026-04-09T00:40:50.894+0000] {dag.py:4138} INFO - Setting next_dagrun for dataset_s3_bucket_producer to None, run_after=None
[2026-04-09T00:40:50.908+0000] {processor.py:208} INFO - Processing /home/airflow/.local/lib/python3.12/site-packages/airflow/example_dags/example_dataset_alias.py took 0.096 seconds
[2026-04-09T00:41:21.538+0000] {processor.py:186} INFO - Started process (PID=1280) to work on /home/airflow/.local/lib/python3.12/site-packages/airflow/example_dags/example_dataset_alias.py
[2026-04-09T00:41:21.539+0000] {processor.py:914} INFO - Processing file /home/airflow/.local/lib/python3.12/site-packages/airflow/example_dags/example_dataset_alias.py for tasks to queue
[2026-04-09T00:41:21.541+0000] {logging_mixin.py:190} INFO - [2026-04-09T00:41:21.541+0000] {dagbag.py:587} INFO - Filling up the DagBag from /home/airflow/.local/lib/python3.12/site-packages/airflow/example_dags/example_dataset_alias.py
[2026-04-09T00:41:21.602+0000] {processor.py:925} INFO - DAG(s) 'dataset_s3_bucket_consumer', 'dataset_s3_bucket_producer', 'dataset_alias_example_alias_consumer', 'dataset_alias_example_alias_producer' retrieved from /home/airflow/.local/lib/python3.12/site-packages/airflow/example_dags/example_dataset_alias.py
[2026-04-09T00:41:21.609+0000] {logging_mixin.py:190} INFO - [2026-04-09T00:41:21.609+0000] {dag.py:3211} INFO - Sync 4 DAGs
[2026-04-09T00:41:21.620+0000] {logging_mixin.py:190} INFO - [2026-04-09T00:41:21.620+0000] {dag.py:4138} INFO - Setting next_dagrun for dataset_alias_example_alias_consumer to None, run_after=None
[2026-04-09T00:41:21.621+0000] {logging_mixin.py:190} INFO - [2026-04-09T00:41:21.621+0000] {dag.py:4138} INFO - Setting next_dagrun for dataset_alias_example_alias_producer to None, run_after=None
[2026-04-09T00:41:21.622+0000] {logging_mixin.py:190} INFO - [2026-04-09T00:41:21.622+0000] {dag.py:4138} INFO - Setting next_dagrun for dataset_s3_bucket_consumer to None, run_after=None
[2026-04-09T00:41:21.622+0000] {logging_mixin.py:190} INFO - [2026-04-09T00:41:21.622+0000] {dag.py:4138} INFO - Setting next_dagrun for dataset_s3_bucket_producer to None, run_after=None
[2026-04-09T00:41:21.633+0000] {processor.py:208} INFO - Processing /home/airflow/.local/lib/python3.12/site-packages/airflow/example_dags/example_dataset_alias.py took 0.097 seconds
[2026-04-09T00:41:52.482+0000] {processor.py:186} INFO - Started process (PID=1344) to work on /home/airflow/.local/lib/python3.12/site-packages/airflow/example_dags/example_dataset_alias.py
[2026-04-09T00:41:52.483+0000] {processor.py:914} INFO - Processing file /home/airflow/.local/lib/python3.12/site-packages/airflow/example_dags/example_dataset_alias.py for tasks to queue
[2026-04-09T00:41:52.483+0000] {logging_mixin.py:190} INFO - [2026-04-09T00:41:52.483+0000] {dagbag.py:587} INFO - Filling up the DagBag from /home/airflow/.local/lib/python3.12/site-packages/airflow/example_dags/example_dataset_alias.py
[2026-04-09T00:41:52.546+0000] {processor.py:925} INFO - DAG(s) 'dataset_s3_bucket_producer', 'dataset_alias_example_alias_consumer', 'dataset_alias_example_alias_producer', 'dataset_s3_bucket_consumer' retrieved from /home/airflow/.local/lib/python3.12/site-packages/airflow/example_dags/example_dataset_alias.py
[2026-04-09T00:41:52.560+0000] {logging_mixin.py:190} INFO - [2026-04-09T00:41:52.560+0000] {dag.py:3211} INFO - Sync 4 DAGs
[2026-04-09T00:41:52.571+0000] {logging_mixin.py:190} INFO - [2026-04-09T00:41:52.569+0000] {dag.py:4138} INFO - Setting next_dagrun for dataset_alias_example_alias_consumer to None, run_after=None
[2026-04-09T00:41:52.573+0000] {logging_mixin.py:190} INFO - [2026-04-09T00:41:52.573+0000] {dag.py:4138} INFO - Setting next_dagrun for dataset_alias_example_alias_producer to None, run_after=None
[2026-04-09T00:41:52.575+0000] {logging_mixin.py:190} INFO - [2026-04-09T00:41:52.575+0000] {dag.py:4138} INFO - Setting next_dagrun for dataset_s3_bucket_consumer to None, run_after=None
[2026-04-09T00:41:52.576+0000] {logging_mixin.py:190} INFO - [2026-04-09T00:41:52.576+0000] {dag.py:4138} INFO - Setting next_dagrun for dataset_s3_bucket_producer to None, run_after=None
[2026-04-09T00:41:52.594+0000] {processor.py:208} INFO - Processing /home/airflow/.local/lib/python3.12/site-packages/airflow/example_dags/example_dataset_alias.py took 0.114 seconds
[2026-04-09T00:42:23.550+0000] {processor.py:186} INFO - Started process (PID=1408) to work on /home/airflow/.local/lib/python3.12/site-packages/airflow/example_dags/example_dataset_alias.py
[2026-04-09T00:42:23.551+0000] {processor.py:914} INFO - Processing file /home/airflow/.local/lib/python3.12/site-packages/airflow/example_dags/example_dataset_alias.py for tasks to queue
[2026-04-09T00:42:23.552+0000] {logging_mixin.py:190} INFO - [2026-04-09T00:42:23.552+0000] {dagbag.py:587} INFO - Filling up the DagBag from /home/airflow/.local/lib/python3.12/site-packages/airflow/example_dags/example_dataset_alias.py
[2026-04-09T00:42:23.620+0000] {processor.py:925} INFO - DAG(s) 'dataset_alias_example_alias_consumer', 'dataset_s3_bucket_producer', 'dataset_s3_bucket_consumer', 'dataset_alias_example_alias_producer' retrieved from /home/airflow/.local/lib/python3.12/site-packages/airflow/example_dags/example_dataset_alias.py
[2026-04-09T00:42:23.632+0000] {logging_mixin.py:190} INFO - [2026-04-09T00:42:23.632+0000] {dag.py:3211} INFO - Sync 4 DAGs
[2026-04-09T00:42:23.644+0000] {logging_mixin.py:190} INFO - [2026-04-09T00:42:23.644+0000] {dag.py:4138} INFO - Setting next_dagrun for dataset_alias_example_alias_consumer to None, run_after=None
[2026-04-09T00:42:23.646+0000] {logging_mixin.py:190} INFO - [2026-04-09T00:42:23.646+0000] {dag.py:4138} INFO - Setting next_dagrun for dataset_alias_example_alias_producer to None, run_after=None
[2026-04-09T00:42:23.647+0000] {logging_mixin.py:190} INFO - [2026-04-09T00:42:23.647+0000] {dag.py:4138} INFO - Setting next_dagrun for dataset_s3_bucket_consumer to None, run_after=None
[2026-04-09T00:42:23.647+0000] {logging_mixin.py:190} INFO - [2026-04-09T00:42:23.647+0000] {dag.py:4138} INFO - Setting next_dagrun for dataset_s3_bucket_producer to None, run_after=None
[2026-04-09T00:42:23.656+0000] {processor.py:208} INFO - Processing /home/airflow/.local/lib/python3.12/site-packages/airflow/example_dags/example_dataset_alias.py took 0.109 seconds
[2026-04-09T00:42:54.415+0000] {processor.py:186} INFO - Started process (PID=1472) to work on /home/airflow/.local/lib/python3.12/site-packages/airflow/example_dags/example_dataset_alias.py
[2026-04-09T00:42:54.415+0000] {processor.py:914} INFO - Processing file /home/airflow/.local/lib/python3.12/site-packages/airflow/example_dags/example_dataset_alias.py for tasks to queue
[2026-04-09T00:42:54.416+0000] {logging_mixin.py:190} INFO - [2026-04-09T00:42:54.416+0000] {dagbag.py:587} INFO - Filling up the DagBag from /home/airflow/.local/lib/python3.12/site-packages/airflow/example_dags/example_dataset_alias.py
[2026-04-09T00:42:54.477+0000] {processor.py:925} INFO - DAG(s) 'dataset_alias_example_alias_consumer', 'dataset_s3_bucket_producer', 'dataset_s3_bucket_consumer', 'dataset_alias_example_alias_producer' retrieved from /home/airflow/.local/lib/python3.12/site-packages/airflow/example_dags/example_dataset_alias.py
[2026-04-09T00:42:54.490+0000] {logging_mixin.py:190} INFO - [2026-04-09T00:42:54.490+0000] {dag.py:3211} INFO - Sync 4 DAGs
[2026-04-09T00:42:54.498+0000] {logging_mixin.py:190} INFO - [2026-04-09T00:42:54.498+0000] {dag.py:4138} INFO - Setting next_dagrun for dataset_alias_example_alias_consumer to None, run_after=None
[2026-04-09T00:42:54.500+0000] {logging_mixin.py:190} INFO - [2026-04-09T00:42:54.500+0000] {dag.py:4138} INFO - Setting next_dagrun for dataset_alias_example_alias_producer to None, run_after=None
[2026-04-09T00:42:54.500+0000] {logging_mixin.py:190} INFO - [2026-04-09T00:42:54.500+0000] {dag.py:4138} INFO - Setting next_dagrun for dataset_s3_bucket_consumer to None, run_after=None
[2026-04-09T00:42:54.501+0000] {logging_mixin.py:190} INFO - [2026-04-09T00:42:54.501+0000] {dag.py:4138} INFO - Setting next_dagrun for dataset_s3_bucket_producer to None, run_after=None
[2026-04-09T00:42:54.507+0000] {processor.py:208} INFO - Processing /home/airflow/.local/lib/python3.12/site-packages/airflow/example_dags/example_dataset_alias.py took 0.094 seconds
[2026-04-09T00:43:25.197+0000] {processor.py:186} INFO - Started process (PID=1536) to work on /home/airflow/.local/lib/python3.12/site-packages/airflow/example_dags/example_dataset_alias.py
[2026-04-09T00:43:25.197+0000] {processor.py:914} INFO - Processing file /home/airflow/.local/lib/python3.12/site-packages/airflow/example_dags/example_dataset_alias.py for tasks to queue
[2026-04-09T00:43:25.198+0000] {logging_mixin.py:190} INFO - [2026-04-09T00:43:25.198+0000] {dagbag.py:587} INFO - Filling up the DagBag from /home/airflow/.local/lib/python3.12/site-packages/airflow/example_dags/example_dataset_alias.py
[2026-04-09T00:43:25.259+0000] {processor.py:925} INFO - DAG(s) 'dataset_alias_example_alias_producer', 'dataset_s3_bucket_producer', 'dataset_s3_bucket_consumer', 'dataset_alias_example_alias_consumer' retrieved from /home/airflow/.local/lib/python3.12/site-packages/airflow/example_dags/example_dataset_alias.py
[2026-04-09T00:43:25.271+0000] {logging_mixin.py:190} INFO - [2026-04-09T00:43:25.271+0000] {dag.py:3211} INFO - Sync 4 DAGs
[2026-04-09T00:43:25.278+0000] {logging_mixin.py:190} INFO - [2026-04-09T00:43:25.278+0000] {dag.py:4138} INFO - Setting next_dagrun for dataset_alias_example_alias_consumer to None, run_after=None
[2026-04-09T00:43:25.279+0000] {logging_mixin.py:190} INFO - [2026-04-09T00:43:25.279+0000] {dag.py:4138} INFO - Setting next_dagrun for dataset_alias_example_alias_producer to None, run_after=None
[2026-04-09T00:43:25.279+0000] {logging_mixin.py:190} INFO - [2026-04-09T00:43:25.279+0000] {dag.py:4138} INFO - Setting next_dagrun for dataset_s3_bucket_consumer to None, run_after=None
[2026-04-09T00:43:25.279+0000] {logging_mixin.py:190} INFO - [2026-04-09T00:43:25.279+0000] {dag.py:4138} INFO - Setting next_dagrun for dataset_s3_bucket_producer to None, run_after=None
[2026-04-09T00:43:25.291+0000] {processor.py:208} INFO - Processing /home/airflow/.local/lib/python3.12/site-packages/airflow/example_dags/example_dataset_alias.py took 0.096 seconds
[2026-04-09T00:43:55.960+0000] {processor.py:186} INFO - Started process (PID=1600) to work on /home/airflow/.local/lib/python3.12/site-packages/airflow/example_dags/example_dataset_alias.py
[2026-04-09T00:43:55.962+0000] {processor.py:914} INFO - Processing file /home/airflow/.local/lib/python3.12/site-packages/airflow/example_dags/example_dataset_alias.py for tasks to queue
[2026-04-09T00:43:55.962+0000] {logging_mixin.py:190} INFO - [2026-04-09T00:43:55.962+0000] {dagbag.py:587} INFO - Filling up the DagBag from /home/airflow/.local/lib/python3.12/site-packages/airflow/example_dags/example_dataset_alias.py
[2026-04-09T00:43:56.022+0000] {processor.py:925} INFO - DAG(s) 'dataset_s3_bucket_producer', 'dataset_alias_example_alias_producer', 'dataset_alias_example_alias_consumer', 'dataset_s3_bucket_consumer' retrieved from /home/airflow/.local/lib/python3.12/site-packages/airflow/example_dags/example_dataset_alias.py
[2026-04-09T00:43:56.032+0000] {logging_mixin.py:190} INFO - [2026-04-09T00:43:56.032+0000] {dag.py:3211} INFO - Sync 4 DAGs
[2026-04-09T00:43:56.040+0000] {logging_mixin.py:190} INFO - [2026-04-09T00:43:56.040+0000] {dag.py:4138} INFO - Setting next_dagrun for dataset_alias_example_alias_consumer to None, run_after=None
[2026-04-09T00:43:56.041+0000] {logging_mixin.py:190} INFO - [2026-04-09T00:43:56.041+0000] {dag.py:4138} INFO - Setting next_dagrun for dataset_alias_example_alias_producer to None, run_after=None
[2026-04-09T00:43:56.042+0000] {logging_mixin.py:190} INFO - [2026-04-09T00:43:56.042+0000] {dag.py:4138} INFO - Setting next_dagrun for dataset_s3_bucket_consumer to None, run_after=None
[2026-04-09T00:43:56.043+0000] {logging_mixin.py:190} INFO - [2026-04-09T00:43:56.043+0000] {dag.py:4138} INFO - Setting next_dagrun for dataset_s3_bucket_producer to None, run_after=None
[2026-04-09T00:43:56.053+0000] {processor.py:208} INFO - Processing /home/airflow/.local/lib/python3.12/site-packages/airflow/example_dags/example_dataset_alias.py took 0.095 seconds
[2026-04-09T00:44:26.757+0000] {processor.py:186} INFO - Started process (PID=1664) to work on /home/airflow/.local/lib/python3.12/site-packages/airflow/example_dags/example_dataset_alias.py
[2026-04-09T00:44:26.757+0000] {processor.py:914} INFO - Processing file /home/airflow/.local/lib/python3.12/site-packages/airflow/example_dags/example_dataset_alias.py for tasks to queue
[2026-04-09T00:44:26.758+0000] {logging_mixin.py:190} INFO - [2026-04-09T00:44:26.758+0000] {dagbag.py:587} INFO - Filling up the DagBag from /home/airflow/.local/lib/python3.12/site-packages/airflow/example_dags/example_dataset_alias.py
[2026-04-09T00:44:26.820+0000] {processor.py:925} INFO - DAG(s) 'dataset_s3_bucket_consumer', 'dataset_s3_bucket_producer', 'dataset_alias_example_alias_consumer', 'dataset_alias_example_alias_producer' retrieved from /home/airflow/.local/lib/python3.12/site-packages/airflow/example_dags/example_dataset_alias.py
[2026-04-09T00:44:26.832+0000] {logging_mixin.py:190} INFO - [2026-04-09T00:44:26.832+0000] {dag.py:3211} INFO - Sync 4 DAGs
[2026-04-09T00:44:26.841+0000] {logging_mixin.py:190} INFO - [2026-04-09T00:44:26.841+0000] {dag.py:4138} INFO - Setting next_dagrun for dataset_alias_example_alias_consumer to None, run_after=None
[2026-04-09T00:44:26.843+0000] {logging_mixin.py:190} INFO - [2026-04-09T00:44:26.843+0000] {dag.py:4138} INFO - Setting next_dagrun for dataset_alias_example_alias_producer to None, run_after=None
[2026-04-09T00:44:26.844+0000] {logging_mixin.py:190} INFO - [2026-04-09T00:44:26.843+0000] {dag.py:4138} INFO - Setting next_dagrun for dataset_s3_bucket_consumer to None, run_after=None
[2026-04-09T00:44:26.844+0000] {logging_mixin.py:190} INFO - [2026-04-09T00:44:26.844+0000] {dag.py:4138} INFO - Setting next_dagrun for dataset_s3_bucket_producer to None, run_after=None
[2026-04-09T00:44:26.850+0000] {processor.py:208} INFO - Processing /home/airflow/.local/lib/python3.12/site-packages/airflow/example_dags/example_dataset_alias.py took 0.096 seconds
[2026-04-09T00:44:57.551+0000] {processor.py:186} INFO - Started process (PID=1728) to work on /home/airflow/.local/lib/python3.12/site-packages/airflow/example_dags/example_dataset_alias.py
[2026-04-09T00:44:57.552+0000] {processor.py:914} INFO - Processing file /home/airflow/.local/lib/python3.12/site-packages/airflow/example_dags/example_dataset_alias.py for tasks to queue
[2026-04-09T00:44:57.553+0000] {logging_mixin.py:190} INFO - [2026-04-09T00:44:57.552+0000] {dagbag.py:587} INFO - Filling up the DagBag from /home/airflow/.local/lib/python3.12/site-packages/airflow/example_dags/example_dataset_alias.py
[2026-04-09T00:44:57.614+0000] {processor.py:925} INFO - DAG(s) 'dataset_alias_example_alias_producer', 'dataset_s3_bucket_consumer', 'dataset_alias_example_alias_consumer', 'dataset_s3_bucket_producer' retrieved from /home/airflow/.local/lib/python3.12/site-packages/airflow/example_dags/example_dataset_alias.py
[2026-04-09T00:44:57.625+0000] {logging_mixin.py:190} INFO - [2026-04-09T00:44:57.625+0000] {dag.py:3211} INFO - Sync 4 DAGs
[2026-04-09T00:44:57.714+0000] {logging_mixin.py:190} INFO - [2026-04-09T00:44:57.714+0000] {dag.py:4138} INFO - Setting next_dagrun for dataset_alias_example_alias_consumer to None, run_after=None
[2026-04-09T00:44:57.715+0000] {logging_mixin.py:190} INFO - [2026-04-09T00:44:57.715+0000] {dag.py:4138} INFO - Setting next_dagrun for dataset_alias_example_alias_producer to None, run_after=None
[2026-04-09T00:44:57.718+0000] {logging_mixin.py:190} INFO - [2026-04-09T00:44:57.718+0000] {dag.py:4138} INFO - Setting next_dagrun for dataset_s3_bucket_consumer to None, run_after=None
[2026-04-09T00:44:57.719+0000] {logging_mixin.py:190} INFO - [2026-04-09T00:44:57.719+0000] {dag.py:4138} INFO - Setting next_dagrun for dataset_s3_bucket_producer to None, run_after=None
[2026-04-09T00:44:57.727+0000] {processor.py:208} INFO - Processing /home/airflow/.local/lib/python3.12/site-packages/airflow/example_dags/example_dataset_alias.py took 0.178 seconds
[2026-04-09T00:45:28.485+0000] {processor.py:186} INFO - Started process (PID=1791) to work on /home/airflow/.local/lib/python3.12/site-packages/airflow/example_dags/example_dataset_alias.py
[2026-04-09T00:45:28.486+0000] {processor.py:914} INFO - Processing file /home/airflow/.local/lib/python3.12/site-packages/airflow/example_dags/example_dataset_alias.py for tasks to queue
[2026-04-09T00:45:28.487+0000] {logging_mixin.py:190} INFO - [2026-04-09T00:45:28.487+0000] {dagbag.py:587} INFO - Filling up the DagBag from /home/airflow/.local/lib/python3.12/site-packages/airflow/example_dags/example_dataset_alias.py
[2026-04-09T00:45:28.545+0000] {processor.py:925} INFO - DAG(s) 'dataset_s3_bucket_producer', 'dataset_alias_example_alias_producer', 'dataset_alias_example_alias_consumer', 'dataset_s3_bucket_consumer' retrieved from /home/airflow/.local/lib/python3.12/site-packages/airflow/example_dags/example_dataset_alias.py
[2026-04-09T00:45:28.554+0000] {logging_mixin.py:190} INFO - [2026-04-09T00:45:28.554+0000] {dag.py:3211} INFO - Sync 4 DAGs
[2026-04-09T00:45:28.649+0000] {logging_mixin.py:190} INFO - [2026-04-09T00:45:28.649+0000] {dag.py:4138} INFO - Setting next_dagrun for dataset_alias_example_alias_consumer to None, run_after=None
[2026-04-09T00:45:28.650+0000] {logging_mixin.py:190} INFO - [2026-04-09T00:45:28.650+0000] {dag.py:4138} INFO - Setting next_dagrun for dataset_alias_example_alias_producer to None, run_after=None
[2026-04-09T00:45:28.651+0000] {logging_mixin.py:190} INFO - [2026-04-09T00:45:28.651+0000] {dag.py:4138} INFO - Setting next_dagrun for dataset_s3_bucket_consumer to None, run_after=None
[2026-04-09T00:45:28.651+0000] {logging_mixin.py:190} INFO - [2026-04-09T00:45:28.651+0000] {dag.py:4138} INFO - Setting next_dagrun for dataset_s3_bucket_producer to None, run_after=None
[2026-04-09T00:45:28.662+0000] {processor.py:208} INFO - Processing /home/airflow/.local/lib/python3.12/site-packages/airflow/example_dags/example_dataset_alias.py took 0.180 seconds
[2026-04-09T00:45:59.483+0000] {processor.py:186} INFO - Started process (PID=1855) to work on /home/airflow/.local/lib/python3.12/site-packages/airflow/example_dags/example_dataset_alias.py
[2026-04-09T00:45:59.484+0000] {processor.py:914} INFO - Processing file /home/airflow/.local/lib/python3.12/site-packages/airflow/example_dags/example_dataset_alias.py for tasks to queue
[2026-04-09T00:45:59.485+0000] {logging_mixin.py:190} INFO - [2026-04-09T00:45:59.485+0000] {dagbag.py:587} INFO - Filling up the DagBag from /home/airflow/.local/lib/python3.12/site-packages/airflow/example_dags/example_dataset_alias.py
[2026-04-09T00:45:59.542+0000] {processor.py:925} INFO - DAG(s) 'dataset_s3_bucket_producer', 'dataset_alias_example_alias_producer', 'dataset_alias_example_alias_consumer', 'dataset_s3_bucket_consumer' retrieved from /home/airflow/.local/lib/python3.12/site-packages/airflow/example_dags/example_dataset_alias.py
[2026-04-09T00:45:59.550+0000] {logging_mixin.py:190} INFO - [2026-04-09T00:45:59.550+0000] {dag.py:3211} INFO - Sync 4 DAGs
[2026-04-09T00:45:59.558+0000] {logging_mixin.py:190} INFO - [2026-04-09T00:45:59.557+0000] {dag.py:4138} INFO - Setting next_dagrun for dataset_alias_example_alias_consumer to None, run_after=None
[2026-04-09T00:45:59.558+0000] {logging_mixin.py:190} INFO - [2026-04-09T00:45:59.558+0000] {dag.py:4138} INFO - Setting next_dagrun for dataset_alias_example_alias_producer to None, run_after=None
[2026-04-09T00:45:59.559+0000] {logging_mixin.py:190} INFO - [2026-04-09T00:45:59.559+0000] {dag.py:4138} INFO - Setting next_dagrun for dataset_s3_bucket_consumer to None, run_after=None
[2026-04-09T00:45:59.559+0000] {logging_mixin.py:190} INFO - [2026-04-09T00:45:59.559+0000] {dag.py:4138} INFO - Setting next_dagrun for dataset_s3_bucket_producer to None, run_after=None
[2026-04-09T00:45:59.657+0000] {processor.py:208} INFO - Processing /home/airflow/.local/lib/python3.12/site-packages/airflow/example_dags/example_dataset_alias.py took 0.177 seconds
