[2026-04-09T00:31:37.769+0000] {processor.py:186} INFO - Started process (PID=78) to work on /home/airflow/.local/lib/python3.12/site-packages/airflow/example_dags/example_latest_only.py
[2026-04-09T00:31:37.769+0000] {processor.py:914} INFO - Processing file /home/airflow/.local/lib/python3.12/site-packages/airflow/example_dags/example_latest_only.py for tasks to queue
[2026-04-09T00:31:37.770+0000] {logging_mixin.py:190} INFO - [2026-04-09T00:31:37.770+0000] {dagbag.py:587} INFO - Filling up the DagBag from /home/airflow/.local/lib/python3.12/site-packages/airflow/example_dags/example_latest_only.py
[2026-04-09T00:31:37.773+0000] {processor.py:925} INFO - DAG(s) 'latest_only' retrieved from /home/airflow/.local/lib/python3.12/site-packages/airflow/example_dags/example_latest_only.py
[2026-04-09T00:31:37.813+0000] {logging_mixin.py:190} INFO - [2026-04-09T00:31:37.813+0000] {dag.py:3211} INFO - Sync 1 DAGs
[2026-04-09T00:31:37.822+0000] {logging_mixin.py:190} INFO - [2026-04-09T00:31:37.822+0000] {dag.py:4138} INFO - Setting next_dagrun for latest_only to 2026-04-08 20:00:00+00:00, run_after=2026-04-09 00:00:00+00:00
[2026-04-09T00:31:37.836+0000] {processor.py:208} INFO - Processing /home/airflow/.local/lib/python3.12/site-packages/airflow/example_dags/example_latest_only.py took 0.069 seconds
[2026-04-09T00:32:07.916+0000] {processor.py:186} INFO - Started process (PID=141) to work on /home/airflow/.local/lib/python3.12/site-packages/airflow/example_dags/example_latest_only.py
[2026-04-09T00:32:07.918+0000] {processor.py:914} INFO - Processing file /home/airflow/.local/lib/python3.12/site-packages/airflow/example_dags/example_latest_only.py for tasks to queue
[2026-04-09T00:32:07.919+0000] {logging_mixin.py:190} INFO - [2026-04-09T00:32:07.919+0000] {dagbag.py:587} INFO - Filling up the DagBag from /home/airflow/.local/lib/python3.12/site-packages/airflow/example_dags/example_latest_only.py
[2026-04-09T00:32:07.922+0000] {processor.py:925} INFO - DAG(s) 'latest_only' retrieved from /home/airflow/.local/lib/python3.12/site-packages/airflow/example_dags/example_latest_only.py
[2026-04-09T00:32:07.929+0000] {logging_mixin.py:190} INFO - [2026-04-09T00:32:07.929+0000] {dag.py:3211} INFO - Sync 1 DAGs
[2026-04-09T00:32:07.937+0000] {logging_mixin.py:190} INFO - [2026-04-09T00:32:07.937+0000] {dag.py:4138} INFO - Setting next_dagrun for latest_only to 2026-04-08 20:00:00+00:00, run_after=2026-04-09 00:00:00+00:00
[2026-04-09T00:32:07.951+0000] {processor.py:208} INFO - Processing /home/airflow/.local/lib/python3.12/site-packages/airflow/example_dags/example_latest_only.py took 0.037 seconds
[2026-04-09T00:32:38.819+0000] {processor.py:186} INFO - Started process (PID=205) to work on /home/airflow/.local/lib/python3.12/site-packages/airflow/example_dags/example_latest_only.py
[2026-04-09T00:32:38.822+0000] {processor.py:914} INFO - Processing file /home/airflow/.local/lib/python3.12/site-packages/airflow/example_dags/example_latest_only.py for tasks to queue
[2026-04-09T00:32:38.823+0000] {logging_mixin.py:190} INFO - [2026-04-09T00:32:38.823+0000] {dagbag.py:587} INFO - Filling up the DagBag from /home/airflow/.local/lib/python3.12/site-packages/airflow/example_dags/example_latest_only.py
[2026-04-09T00:32:38.826+0000] {processor.py:925} INFO - DAG(s) 'latest_only' retrieved from /home/airflow/.local/lib/python3.12/site-packages/airflow/example_dags/example_latest_only.py
[2026-04-09T00:32:38.843+0000] {logging_mixin.py:190} INFO - [2026-04-09T00:32:38.843+0000] {dag.py:3211} INFO - Sync 1 DAGs
[2026-04-09T00:32:38.851+0000] {logging_mixin.py:190} INFO - [2026-04-09T00:32:38.851+0000] {dag.py:4138} INFO - Setting next_dagrun for latest_only to 2026-04-08 20:00:00+00:00, run_after=2026-04-09 00:00:00+00:00
[2026-04-09T00:32:38.858+0000] {processor.py:208} INFO - Processing /home/airflow/.local/lib/python3.12/site-packages/airflow/example_dags/example_latest_only.py took 0.042 seconds
[2026-04-09T00:33:09.635+0000] {processor.py:186} INFO - Started process (PID=269) to work on /home/airflow/.local/lib/python3.12/site-packages/airflow/example_dags/example_latest_only.py
[2026-04-09T00:33:09.636+0000] {processor.py:914} INFO - Processing file /home/airflow/.local/lib/python3.12/site-packages/airflow/example_dags/example_latest_only.py for tasks to queue
[2026-04-09T00:33:09.637+0000] {logging_mixin.py:190} INFO - [2026-04-09T00:33:09.637+0000] {dagbag.py:587} INFO - Filling up the DagBag from /home/airflow/.local/lib/python3.12/site-packages/airflow/example_dags/example_latest_only.py
[2026-04-09T00:33:09.640+0000] {processor.py:925} INFO - DAG(s) 'latest_only' retrieved from /home/airflow/.local/lib/python3.12/site-packages/airflow/example_dags/example_latest_only.py
[2026-04-09T00:33:09.650+0000] {logging_mixin.py:190} INFO - [2026-04-09T00:33:09.650+0000] {dag.py:3211} INFO - Sync 1 DAGs
[2026-04-09T00:33:09.658+0000] {logging_mixin.py:190} INFO - [2026-04-09T00:33:09.658+0000] {dag.py:4138} INFO - Setting next_dagrun for latest_only to 2026-04-08 20:00:00+00:00, run_after=2026-04-09 00:00:00+00:00
[2026-04-09T00:33:09.664+0000] {processor.py:208} INFO - Processing /home/airflow/.local/lib/python3.12/site-packages/airflow/example_dags/example_latest_only.py took 0.031 seconds
[2026-04-09T00:33:40.502+0000] {processor.py:186} INFO - Started process (PID=339) to work on /home/airflow/.local/lib/python3.12/site-packages/airflow/example_dags/example_latest_only.py
[2026-04-09T00:33:40.502+0000] {processor.py:914} INFO - Processing file /home/airflow/.local/lib/python3.12/site-packages/airflow/example_dags/example_latest_only.py for tasks to queue
[2026-04-09T00:33:40.503+0000] {logging_mixin.py:190} INFO - [2026-04-09T00:33:40.503+0000] {dagbag.py:587} INFO - Filling up the DagBag from /home/airflow/.local/lib/python3.12/site-packages/airflow/example_dags/example_latest_only.py
[2026-04-09T00:33:40.506+0000] {processor.py:925} INFO - DAG(s) 'latest_only' retrieved from /home/airflow/.local/lib/python3.12/site-packages/airflow/example_dags/example_latest_only.py
[2026-04-09T00:33:40.516+0000] {logging_mixin.py:190} INFO - [2026-04-09T00:33:40.516+0000] {dag.py:3211} INFO - Sync 1 DAGs
[2026-04-09T00:33:40.524+0000] {logging_mixin.py:190} INFO - [2026-04-09T00:33:40.524+0000] {dag.py:4138} INFO - Setting next_dagrun for latest_only to 2026-04-08 20:00:00+00:00, run_after=2026-04-09 00:00:00+00:00
[2026-04-09T00:33:40.530+0000] {processor.py:208} INFO - Processing /home/airflow/.local/lib/python3.12/site-packages/airflow/example_dags/example_latest_only.py took 0.031 seconds
[2026-04-09T00:34:11.337+0000] {processor.py:186} INFO - Started process (PID=403) to work on /home/airflow/.local/lib/python3.12/site-packages/airflow/example_dags/example_latest_only.py
[2026-04-09T00:34:11.338+0000] {processor.py:914} INFO - Processing file /home/airflow/.local/lib/python3.12/site-packages/airflow/example_dags/example_latest_only.py for tasks to queue
[2026-04-09T00:34:11.339+0000] {logging_mixin.py:190} INFO - [2026-04-09T00:34:11.338+0000] {dagbag.py:587} INFO - Filling up the DagBag from /home/airflow/.local/lib/python3.12/site-packages/airflow/example_dags/example_latest_only.py
[2026-04-09T00:34:11.342+0000] {processor.py:925} INFO - DAG(s) 'latest_only' retrieved from /home/airflow/.local/lib/python3.12/site-packages/airflow/example_dags/example_latest_only.py
[2026-04-09T00:34:11.354+0000] {logging_mixin.py:190} INFO - [2026-04-09T00:34:11.354+0000] {dag.py:3211} INFO - Sync 1 DAGs
[2026-04-09T00:34:11.365+0000] {logging_mixin.py:190} INFO - [2026-04-09T00:34:11.365+0000] {dag.py:4138} INFO - Setting next_dagrun for latest_only to 2026-04-08 20:00:00+00:00, run_after=2026-04-09 00:00:00+00:00
[2026-04-09T00:34:11.372+0000] {processor.py:208} INFO - Processing /home/airflow/.local/lib/python3.12/site-packages/airflow/example_dags/example_latest_only.py took 0.037 seconds
[2026-04-09T00:34:42.098+0000] {processor.py:186} INFO - Started process (PID=467) to work on /home/airflow/.local/lib/python3.12/site-packages/airflow/example_dags/example_latest_only.py
[2026-04-09T00:34:42.099+0000] {processor.py:914} INFO - Processing file /home/airflow/.local/lib/python3.12/site-packages/airflow/example_dags/example_latest_only.py for tasks to queue
[2026-04-09T00:34:42.100+0000] {logging_mixin.py:190} INFO - [2026-04-09T00:34:42.100+0000] {dagbag.py:587} INFO - Filling up the DagBag from /home/airflow/.local/lib/python3.12/site-packages/airflow/example_dags/example_latest_only.py
[2026-04-09T00:34:42.104+0000] {processor.py:925} INFO - DAG(s) 'latest_only' retrieved from /home/airflow/.local/lib/python3.12/site-packages/airflow/example_dags/example_latest_only.py
[2026-04-09T00:34:42.114+0000] {logging_mixin.py:190} INFO - [2026-04-09T00:34:42.114+0000] {dag.py:3211} INFO - Sync 1 DAGs
[2026-04-09T00:34:42.126+0000] {logging_mixin.py:190} INFO - [2026-04-09T00:34:42.126+0000] {dag.py:4138} INFO - Setting next_dagrun for latest_only to 2026-04-08 20:00:00+00:00, run_after=2026-04-09 00:00:00+00:00
[2026-04-09T00:34:42.139+0000] {processor.py:208} INFO - Processing /home/airflow/.local/lib/python3.12/site-packages/airflow/example_dags/example_latest_only.py took 0.044 seconds
[2026-04-09T00:35:12.793+0000] {processor.py:186} INFO - Started process (PID=531) to work on /home/airflow/.local/lib/python3.12/site-packages/airflow/example_dags/example_latest_only.py
[2026-04-09T00:35:12.794+0000] {processor.py:914} INFO - Processing file /home/airflow/.local/lib/python3.12/site-packages/airflow/example_dags/example_latest_only.py for tasks to queue
[2026-04-09T00:35:12.795+0000] {logging_mixin.py:190} INFO - [2026-04-09T00:35:12.795+0000] {dagbag.py:587} INFO - Filling up the DagBag from /home/airflow/.local/lib/python3.12/site-packages/airflow/example_dags/example_latest_only.py
[2026-04-09T00:35:12.798+0000] {processor.py:925} INFO - DAG(s) 'latest_only' retrieved from /home/airflow/.local/lib/python3.12/site-packages/airflow/example_dags/example_latest_only.py
[2026-04-09T00:35:12.808+0000] {logging_mixin.py:190} INFO - [2026-04-09T00:35:12.808+0000] {dag.py:3211} INFO - Sync 1 DAGs
[2026-04-09T00:35:12.817+0000] {logging_mixin.py:190} INFO - [2026-04-09T00:35:12.817+0000] {dag.py:4138} INFO - Setting next_dagrun for latest_only to 2026-04-08 20:00:00+00:00, run_after=2026-04-09 00:00:00+00:00
[2026-04-09T00:35:12.824+0000] {processor.py:208} INFO - Processing /home/airflow/.local/lib/python3.12/site-packages/airflow/example_dags/example_latest_only.py took 0.033 seconds
[2026-04-09T00:35:43.614+0000] {processor.py:186} INFO - Started process (PID=594) to work on /home/airflow/.local/lib/python3.12/site-packages/airflow/example_dags/example_latest_only.py
[2026-04-09T00:35:43.615+0000] {processor.py:914} INFO - Processing file /home/airflow/.local/lib/python3.12/site-packages/airflow/example_dags/example_latest_only.py for tasks to queue
[2026-04-09T00:35:43.616+0000] {logging_mixin.py:190} INFO - [2026-04-09T00:35:43.615+0000] {dagbag.py:587} INFO - Filling up the DagBag from /home/airflow/.local/lib/python3.12/site-packages/airflow/example_dags/example_latest_only.py
[2026-04-09T00:35:43.620+0000] {processor.py:925} INFO - DAG(s) 'latest_only' retrieved from /home/airflow/.local/lib/python3.12/site-packages/airflow/example_dags/example_latest_only.py
[2026-04-09T00:35:43.627+0000] {logging_mixin.py:190} INFO - [2026-04-09T00:35:43.627+0000] {dag.py:3211} INFO - Sync 1 DAGs
[2026-04-09T00:35:43.635+0000] {logging_mixin.py:190} INFO - [2026-04-09T00:35:43.635+0000] {dag.py:4138} INFO - Setting next_dagrun for latest_only to 2026-04-08 20:00:00+00:00, run_after=2026-04-09 00:00:00+00:00
[2026-04-09T00:35:43.641+0000] {processor.py:208} INFO - Processing /home/airflow/.local/lib/python3.12/site-packages/airflow/example_dags/example_latest_only.py took 0.029 seconds
[2026-04-09T00:36:14.420+0000] {processor.py:186} INFO - Started process (PID=658) to work on /home/airflow/.local/lib/python3.12/site-packages/airflow/example_dags/example_latest_only.py
[2026-04-09T00:36:14.421+0000] {processor.py:914} INFO - Processing file /home/airflow/.local/lib/python3.12/site-packages/airflow/example_dags/example_latest_only.py for tasks to queue
[2026-04-09T00:36:14.422+0000] {logging_mixin.py:190} INFO - [2026-04-09T00:36:14.422+0000] {dagbag.py:587} INFO - Filling up the DagBag from /home/airflow/.local/lib/python3.12/site-packages/airflow/example_dags/example_latest_only.py
[2026-04-09T00:36:14.426+0000] {processor.py:925} INFO - DAG(s) 'latest_only' retrieved from /home/airflow/.local/lib/python3.12/site-packages/airflow/example_dags/example_latest_only.py
[2026-04-09T00:36:14.436+0000] {logging_mixin.py:190} INFO - [2026-04-09T00:36:14.436+0000] {dag.py:3211} INFO - Sync 1 DAGs
[2026-04-09T00:36:14.443+0000] {logging_mixin.py:190} INFO - [2026-04-09T00:36:14.443+0000] {dag.py:4138} INFO - Setting next_dagrun for latest_only to 2026-04-08 20:00:00+00:00, run_after=2026-04-09 00:00:00+00:00
[2026-04-09T00:36:14.449+0000] {processor.py:208} INFO - Processing /home/airflow/.local/lib/python3.12/site-packages/airflow/example_dags/example_latest_only.py took 0.031 seconds
[2026-04-09T00:36:45.167+0000] {processor.py:186} INFO - Started process (PID=722) to work on /home/airflow/.local/lib/python3.12/site-packages/airflow/example_dags/example_latest_only.py
[2026-04-09T00:36:45.169+0000] {processor.py:914} INFO - Processing file /home/airflow/.local/lib/python3.12/site-packages/airflow/example_dags/example_latest_only.py for tasks to queue
[2026-04-09T00:36:45.170+0000] {logging_mixin.py:190} INFO - [2026-04-09T00:36:45.169+0000] {dagbag.py:587} INFO - Filling up the DagBag from /home/airflow/.local/lib/python3.12/site-packages/airflow/example_dags/example_latest_only.py
[2026-04-09T00:36:45.173+0000] {processor.py:925} INFO - DAG(s) 'latest_only' retrieved from /home/airflow/.local/lib/python3.12/site-packages/airflow/example_dags/example_latest_only.py
[2026-04-09T00:36:45.182+0000] {logging_mixin.py:190} INFO - [2026-04-09T00:36:45.182+0000] {dag.py:3211} INFO - Sync 1 DAGs
[2026-04-09T00:36:45.189+0000] {logging_mixin.py:190} INFO - [2026-04-09T00:36:45.189+0000] {dag.py:4138} INFO - Setting next_dagrun for latest_only to 2026-04-08 20:00:00+00:00, run_after=2026-04-09 00:00:00+00:00
[2026-04-09T00:36:45.195+0000] {processor.py:208} INFO - Processing /home/airflow/.local/lib/python3.12/site-packages/airflow/example_dags/example_latest_only.py took 0.030 seconds
[2026-04-09T00:37:15.964+0000] {processor.py:186} INFO - Started process (PID=786) to work on /home/airflow/.local/lib/python3.12/site-packages/airflow/example_dags/example_latest_only.py
[2026-04-09T00:37:15.964+0000] {processor.py:914} INFO - Processing file /home/airflow/.local/lib/python3.12/site-packages/airflow/example_dags/example_latest_only.py for tasks to queue
[2026-04-09T00:37:15.965+0000] {logging_mixin.py:190} INFO - [2026-04-09T00:37:15.965+0000] {dagbag.py:587} INFO - Filling up the DagBag from /home/airflow/.local/lib/python3.12/site-packages/airflow/example_dags/example_latest_only.py
[2026-04-09T00:37:15.968+0000] {processor.py:925} INFO - DAG(s) 'latest_only' retrieved from /home/airflow/.local/lib/python3.12/site-packages/airflow/example_dags/example_latest_only.py
[2026-04-09T00:37:15.977+0000] {logging_mixin.py:190} INFO - [2026-04-09T00:37:15.977+0000] {dag.py:3211} INFO - Sync 1 DAGs
[2026-04-09T00:37:15.985+0000] {logging_mixin.py:190} INFO - [2026-04-09T00:37:15.985+0000] {dag.py:4138} INFO - Setting next_dagrun for latest_only to 2026-04-08 20:00:00+00:00, run_after=2026-04-09 00:00:00+00:00
[2026-04-09T00:37:15.990+0000] {processor.py:208} INFO - Processing /home/airflow/.local/lib/python3.12/site-packages/airflow/example_dags/example_latest_only.py took 0.029 seconds
[2026-04-09T00:37:46.670+0000] {processor.py:186} INFO - Started process (PID=850) to work on /home/airflow/.local/lib/python3.12/site-packages/airflow/example_dags/example_latest_only.py
[2026-04-09T00:37:46.670+0000] {processor.py:914} INFO - Processing file /home/airflow/.local/lib/python3.12/site-packages/airflow/example_dags/example_latest_only.py for tasks to queue
[2026-04-09T00:37:46.671+0000] {logging_mixin.py:190} INFO - [2026-04-09T00:37:46.671+0000] {dagbag.py:587} INFO - Filling up the DagBag from /home/airflow/.local/lib/python3.12/site-packages/airflow/example_dags/example_latest_only.py
[2026-04-09T00:37:46.674+0000] {processor.py:925} INFO - DAG(s) 'latest_only' retrieved from /home/airflow/.local/lib/python3.12/site-packages/airflow/example_dags/example_latest_only.py
[2026-04-09T00:37:46.683+0000] {logging_mixin.py:190} INFO - [2026-04-09T00:37:46.682+0000] {dag.py:3211} INFO - Sync 1 DAGs
[2026-04-09T00:37:46.691+0000] {logging_mixin.py:190} INFO - [2026-04-09T00:37:46.691+0000] {dag.py:4138} INFO - Setting next_dagrun for latest_only to 2026-04-08 20:00:00+00:00, run_after=2026-04-09 00:00:00+00:00
[2026-04-09T00:37:46.698+0000] {processor.py:208} INFO - Processing /home/airflow/.local/lib/python3.12/site-packages/airflow/example_dags/example_latest_only.py took 0.030 seconds
[2026-04-09T00:38:17.466+0000] {processor.py:186} INFO - Started process (PID=914) to work on /home/airflow/.local/lib/python3.12/site-packages/airflow/example_dags/example_latest_only.py
[2026-04-09T00:38:17.467+0000] {processor.py:914} INFO - Processing file /home/airflow/.local/lib/python3.12/site-packages/airflow/example_dags/example_latest_only.py for tasks to queue
[2026-04-09T00:38:17.468+0000] {logging_mixin.py:190} INFO - [2026-04-09T00:38:17.468+0000] {dagbag.py:587} INFO - Filling up the DagBag from /home/airflow/.local/lib/python3.12/site-packages/airflow/example_dags/example_latest_only.py
[2026-04-09T00:38:17.470+0000] {processor.py:925} INFO - DAG(s) 'latest_only' retrieved from /home/airflow/.local/lib/python3.12/site-packages/airflow/example_dags/example_latest_only.py
[2026-04-09T00:38:17.482+0000] {logging_mixin.py:190} INFO - [2026-04-09T00:38:17.482+0000] {dag.py:3211} INFO - Sync 1 DAGs
[2026-04-09T00:38:17.489+0000] {logging_mixin.py:190} INFO - [2026-04-09T00:38:17.489+0000] {dag.py:4138} INFO - Setting next_dagrun for latest_only to 2026-04-08 20:00:00+00:00, run_after=2026-04-09 00:00:00+00:00
[2026-04-09T00:38:17.495+0000] {processor.py:208} INFO - Processing /home/airflow/.local/lib/python3.12/site-packages/airflow/example_dags/example_latest_only.py took 0.031 seconds
[2026-04-09T00:38:48.096+0000] {processor.py:186} INFO - Started process (PID=978) to work on /home/airflow/.local/lib/python3.12/site-packages/airflow/example_dags/example_latest_only.py
[2026-04-09T00:38:48.097+0000] {processor.py:914} INFO - Processing file /home/airflow/.local/lib/python3.12/site-packages/airflow/example_dags/example_latest_only.py for tasks to queue
[2026-04-09T00:38:48.098+0000] {logging_mixin.py:190} INFO - [2026-04-09T00:38:48.097+0000] {dagbag.py:587} INFO - Filling up the DagBag from /home/airflow/.local/lib/python3.12/site-packages/airflow/example_dags/example_latest_only.py
[2026-04-09T00:38:48.101+0000] {processor.py:925} INFO - DAG(s) 'latest_only' retrieved from /home/airflow/.local/lib/python3.12/site-packages/airflow/example_dags/example_latest_only.py
[2026-04-09T00:38:48.111+0000] {logging_mixin.py:190} INFO - [2026-04-09T00:38:48.111+0000] {dag.py:3211} INFO - Sync 1 DAGs
[2026-04-09T00:38:48.120+0000] {logging_mixin.py:190} INFO - [2026-04-09T00:38:48.120+0000] {dag.py:4138} INFO - Setting next_dagrun for latest_only to 2026-04-08 20:00:00+00:00, run_after=2026-04-09 00:00:00+00:00
[2026-04-09T00:38:48.127+0000] {processor.py:208} INFO - Processing /home/airflow/.local/lib/python3.12/site-packages/airflow/example_dags/example_latest_only.py took 0.033 seconds
[2026-04-09T00:39:18.926+0000] {processor.py:186} INFO - Started process (PID=1042) to work on /home/airflow/.local/lib/python3.12/site-packages/airflow/example_dags/example_latest_only.py
[2026-04-09T00:39:18.927+0000] {processor.py:914} INFO - Processing file /home/airflow/.local/lib/python3.12/site-packages/airflow/example_dags/example_latest_only.py for tasks to queue
[2026-04-09T00:39:18.928+0000] {logging_mixin.py:190} INFO - [2026-04-09T00:39:18.928+0000] {dagbag.py:587} INFO - Filling up the DagBag from /home/airflow/.local/lib/python3.12/site-packages/airflow/example_dags/example_latest_only.py
[2026-04-09T00:39:18.931+0000] {processor.py:925} INFO - DAG(s) 'latest_only' retrieved from /home/airflow/.local/lib/python3.12/site-packages/airflow/example_dags/example_latest_only.py
[2026-04-09T00:39:18.940+0000] {logging_mixin.py:190} INFO - [2026-04-09T00:39:18.940+0000] {dag.py:3211} INFO - Sync 1 DAGs
[2026-04-09T00:39:18.947+0000] {logging_mixin.py:190} INFO - [2026-04-09T00:39:18.947+0000] {dag.py:4138} INFO - Setting next_dagrun for latest_only to 2026-04-08 20:00:00+00:00, run_after=2026-04-09 00:00:00+00:00
[2026-04-09T00:39:18.953+0000] {processor.py:208} INFO - Processing /home/airflow/.local/lib/python3.12/site-packages/airflow/example_dags/example_latest_only.py took 0.029 seconds
[2026-04-09T00:39:49.705+0000] {processor.py:186} INFO - Started process (PID=1106) to work on /home/airflow/.local/lib/python3.12/site-packages/airflow/example_dags/example_latest_only.py
[2026-04-09T00:39:49.706+0000] {processor.py:914} INFO - Processing file /home/airflow/.local/lib/python3.12/site-packages/airflow/example_dags/example_latest_only.py for tasks to queue
[2026-04-09T00:39:49.707+0000] {logging_mixin.py:190} INFO - [2026-04-09T00:39:49.707+0000] {dagbag.py:587} INFO - Filling up the DagBag from /home/airflow/.local/lib/python3.12/site-packages/airflow/example_dags/example_latest_only.py
[2026-04-09T00:39:49.709+0000] {processor.py:925} INFO - DAG(s) 'latest_only' retrieved from /home/airflow/.local/lib/python3.12/site-packages/airflow/example_dags/example_latest_only.py
[2026-04-09T00:39:49.721+0000] {logging_mixin.py:190} INFO - [2026-04-09T00:39:49.721+0000] {dag.py:3211} INFO - Sync 1 DAGs
[2026-04-09T00:39:49.729+0000] {logging_mixin.py:190} INFO - [2026-04-09T00:39:49.728+0000] {dag.py:4138} INFO - Setting next_dagrun for latest_only to 2026-04-08 20:00:00+00:00, run_after=2026-04-09 00:00:00+00:00
[2026-04-09T00:39:49.734+0000] {processor.py:208} INFO - Processing /home/airflow/.local/lib/python3.12/site-packages/airflow/example_dags/example_latest_only.py took 0.031 seconds
[2026-04-09T00:40:20.462+0000] {processor.py:186} INFO - Started process (PID=1170) to work on /home/airflow/.local/lib/python3.12/site-packages/airflow/example_dags/example_latest_only.py
[2026-04-09T00:40:20.462+0000] {processor.py:914} INFO - Processing file /home/airflow/.local/lib/python3.12/site-packages/airflow/example_dags/example_latest_only.py for tasks to queue
[2026-04-09T00:40:20.464+0000] {logging_mixin.py:190} INFO - [2026-04-09T00:40:20.464+0000] {dagbag.py:587} INFO - Filling up the DagBag from /home/airflow/.local/lib/python3.12/site-packages/airflow/example_dags/example_latest_only.py
[2026-04-09T00:40:20.467+0000] {processor.py:925} INFO - DAG(s) 'latest_only' retrieved from /home/airflow/.local/lib/python3.12/site-packages/airflow/example_dags/example_latest_only.py
[2026-04-09T00:40:20.479+0000] {logging_mixin.py:190} INFO - [2026-04-09T00:40:20.479+0000] {dag.py:3211} INFO - Sync 1 DAGs
[2026-04-09T00:40:20.488+0000] {logging_mixin.py:190} INFO - [2026-04-09T00:40:20.488+0000] {dag.py:4138} INFO - Setting next_dagrun for latest_only to 2026-04-08 20:00:00+00:00, run_after=2026-04-09 00:00:00+00:00
[2026-04-09T00:40:20.496+0000] {processor.py:208} INFO - Processing /home/airflow/.local/lib/python3.12/site-packages/airflow/example_dags/example_latest_only.py took 0.036 seconds
[2026-04-09T00:40:51.278+0000] {processor.py:186} INFO - Started process (PID=1234) to work on /home/airflow/.local/lib/python3.12/site-packages/airflow/example_dags/example_latest_only.py
[2026-04-09T00:40:51.278+0000] {processor.py:914} INFO - Processing file /home/airflow/.local/lib/python3.12/site-packages/airflow/example_dags/example_latest_only.py for tasks to queue
[2026-04-09T00:40:51.279+0000] {logging_mixin.py:190} INFO - [2026-04-09T00:40:51.279+0000] {dagbag.py:587} INFO - Filling up the DagBag from /home/airflow/.local/lib/python3.12/site-packages/airflow/example_dags/example_latest_only.py
[2026-04-09T00:40:51.282+0000] {processor.py:925} INFO - DAG(s) 'latest_only' retrieved from /home/airflow/.local/lib/python3.12/site-packages/airflow/example_dags/example_latest_only.py
[2026-04-09T00:40:51.293+0000] {logging_mixin.py:190} INFO - [2026-04-09T00:40:51.292+0000] {dag.py:3211} INFO - Sync 1 DAGs
[2026-04-09T00:40:51.304+0000] {logging_mixin.py:190} INFO - [2026-04-09T00:40:51.304+0000] {dag.py:4138} INFO - Setting next_dagrun for latest_only to 2026-04-08 20:00:00+00:00, run_after=2026-04-09 00:00:00+00:00
[2026-04-09T00:40:51.320+0000] {processor.py:208} INFO - Processing /home/airflow/.local/lib/python3.12/site-packages/airflow/example_dags/example_latest_only.py took 0.045 seconds
[2026-04-09T00:41:22.075+0000] {processor.py:186} INFO - Started process (PID=1298) to work on /home/airflow/.local/lib/python3.12/site-packages/airflow/example_dags/example_latest_only.py
[2026-04-09T00:41:22.076+0000] {processor.py:914} INFO - Processing file /home/airflow/.local/lib/python3.12/site-packages/airflow/example_dags/example_latest_only.py for tasks to queue
[2026-04-09T00:41:22.077+0000] {logging_mixin.py:190} INFO - [2026-04-09T00:41:22.077+0000] {dagbag.py:587} INFO - Filling up the DagBag from /home/airflow/.local/lib/python3.12/site-packages/airflow/example_dags/example_latest_only.py
[2026-04-09T00:41:22.080+0000] {processor.py:925} INFO - DAG(s) 'latest_only' retrieved from /home/airflow/.local/lib/python3.12/site-packages/airflow/example_dags/example_latest_only.py
[2026-04-09T00:41:22.094+0000] {logging_mixin.py:190} INFO - [2026-04-09T00:41:22.094+0000] {dag.py:3211} INFO - Sync 1 DAGs
[2026-04-09T00:41:22.102+0000] {logging_mixin.py:190} INFO - [2026-04-09T00:41:22.102+0000] {dag.py:4138} INFO - Setting next_dagrun for latest_only to 2026-04-08 20:00:00+00:00, run_after=2026-04-09 00:00:00+00:00
[2026-04-09T00:41:22.110+0000] {processor.py:208} INFO - Processing /home/airflow/.local/lib/python3.12/site-packages/airflow/example_dags/example_latest_only.py took 0.037 seconds
[2026-04-09T00:41:52.991+0000] {processor.py:186} INFO - Started process (PID=1362) to work on /home/airflow/.local/lib/python3.12/site-packages/airflow/example_dags/example_latest_only.py
[2026-04-09T00:41:52.992+0000] {processor.py:914} INFO - Processing file /home/airflow/.local/lib/python3.12/site-packages/airflow/example_dags/example_latest_only.py for tasks to queue
[2026-04-09T00:41:52.993+0000] {logging_mixin.py:190} INFO - [2026-04-09T00:41:52.993+0000] {dagbag.py:587} INFO - Filling up the DagBag from /home/airflow/.local/lib/python3.12/site-packages/airflow/example_dags/example_latest_only.py
[2026-04-09T00:41:52.996+0000] {processor.py:925} INFO - DAG(s) 'latest_only' retrieved from /home/airflow/.local/lib/python3.12/site-packages/airflow/example_dags/example_latest_only.py
[2026-04-09T00:41:53.008+0000] {logging_mixin.py:190} INFO - [2026-04-09T00:41:53.008+0000] {dag.py:3211} INFO - Sync 1 DAGs
[2026-04-09T00:41:53.017+0000] {logging_mixin.py:190} INFO - [2026-04-09T00:41:53.017+0000] {dag.py:4138} INFO - Setting next_dagrun for latest_only to 2026-04-08 20:00:00+00:00, run_after=2026-04-09 00:00:00+00:00
[2026-04-09T00:41:53.032+0000] {processor.py:208} INFO - Processing /home/airflow/.local/lib/python3.12/site-packages/airflow/example_dags/example_latest_only.py took 0.044 seconds
[2026-04-09T00:42:24.102+0000] {processor.py:186} INFO - Started process (PID=1426) to work on /home/airflow/.local/lib/python3.12/site-packages/airflow/example_dags/example_latest_only.py
[2026-04-09T00:42:24.103+0000] {processor.py:914} INFO - Processing file /home/airflow/.local/lib/python3.12/site-packages/airflow/example_dags/example_latest_only.py for tasks to queue
[2026-04-09T00:42:24.103+0000] {logging_mixin.py:190} INFO - [2026-04-09T00:42:24.103+0000] {dagbag.py:587} INFO - Filling up the DagBag from /home/airflow/.local/lib/python3.12/site-packages/airflow/example_dags/example_latest_only.py
[2026-04-09T00:42:24.106+0000] {processor.py:925} INFO - DAG(s) 'latest_only' retrieved from /home/airflow/.local/lib/python3.12/site-packages/airflow/example_dags/example_latest_only.py
[2026-04-09T00:42:24.113+0000] {logging_mixin.py:190} INFO - [2026-04-09T00:42:24.113+0000] {dag.py:3211} INFO - Sync 1 DAGs
[2026-04-09T00:42:24.120+0000] {logging_mixin.py:190} INFO - [2026-04-09T00:42:24.120+0000] {dag.py:4138} INFO - Setting next_dagrun for latest_only to 2026-04-08 20:00:00+00:00, run_after=2026-04-09 00:00:00+00:00
[2026-04-09T00:42:24.125+0000] {processor.py:208} INFO - Processing /home/airflow/.local/lib/python3.12/site-packages/airflow/example_dags/example_latest_only.py took 0.024 seconds
[2026-04-09T00:42:54.887+0000] {processor.py:186} INFO - Started process (PID=1490) to work on /home/airflow/.local/lib/python3.12/site-packages/airflow/example_dags/example_latest_only.py
[2026-04-09T00:42:54.887+0000] {processor.py:914} INFO - Processing file /home/airflow/.local/lib/python3.12/site-packages/airflow/example_dags/example_latest_only.py for tasks to queue
[2026-04-09T00:42:54.888+0000] {logging_mixin.py:190} INFO - [2026-04-09T00:42:54.888+0000] {dagbag.py:587} INFO - Filling up the DagBag from /home/airflow/.local/lib/python3.12/site-packages/airflow/example_dags/example_latest_only.py
[2026-04-09T00:42:54.890+0000] {processor.py:925} INFO - DAG(s) 'latest_only' retrieved from /home/airflow/.local/lib/python3.12/site-packages/airflow/example_dags/example_latest_only.py
[2026-04-09T00:42:54.897+0000] {logging_mixin.py:190} INFO - [2026-04-09T00:42:54.897+0000] {dag.py:3211} INFO - Sync 1 DAGs
[2026-04-09T00:42:54.903+0000] {logging_mixin.py:190} INFO - [2026-04-09T00:42:54.903+0000] {dag.py:4138} INFO - Setting next_dagrun for latest_only to 2026-04-08 20:00:00+00:00, run_after=2026-04-09 00:00:00+00:00
[2026-04-09T00:42:54.909+0000] {processor.py:208} INFO - Processing /home/airflow/.local/lib/python3.12/site-packages/airflow/example_dags/example_latest_only.py took 0.024 seconds
[2026-04-09T00:43:25.629+0000] {processor.py:186} INFO - Started process (PID=1554) to work on /home/airflow/.local/lib/python3.12/site-packages/airflow/example_dags/example_latest_only.py
[2026-04-09T00:43:25.630+0000] {processor.py:914} INFO - Processing file /home/airflow/.local/lib/python3.12/site-packages/airflow/example_dags/example_latest_only.py for tasks to queue
[2026-04-09T00:43:25.631+0000] {logging_mixin.py:190} INFO - [2026-04-09T00:43:25.631+0000] {dagbag.py:587} INFO - Filling up the DagBag from /home/airflow/.local/lib/python3.12/site-packages/airflow/example_dags/example_latest_only.py
[2026-04-09T00:43:25.634+0000] {processor.py:925} INFO - DAG(s) 'latest_only' retrieved from /home/airflow/.local/lib/python3.12/site-packages/airflow/example_dags/example_latest_only.py
[2026-04-09T00:43:25.645+0000] {logging_mixin.py:190} INFO - [2026-04-09T00:43:25.644+0000] {dag.py:3211} INFO - Sync 1 DAGs
[2026-04-09T00:43:25.654+0000] {logging_mixin.py:190} INFO - [2026-04-09T00:43:25.654+0000] {dag.py:4138} INFO - Setting next_dagrun for latest_only to 2026-04-08 20:00:00+00:00, run_after=2026-04-09 00:00:00+00:00
[2026-04-09T00:43:25.660+0000] {processor.py:208} INFO - Processing /home/airflow/.local/lib/python3.12/site-packages/airflow/example_dags/example_latest_only.py took 0.033 seconds
[2026-04-09T00:43:56.402+0000] {processor.py:186} INFO - Started process (PID=1618) to work on /home/airflow/.local/lib/python3.12/site-packages/airflow/example_dags/example_latest_only.py
[2026-04-09T00:43:56.403+0000] {processor.py:914} INFO - Processing file /home/airflow/.local/lib/python3.12/site-packages/airflow/example_dags/example_latest_only.py for tasks to queue
[2026-04-09T00:43:56.404+0000] {logging_mixin.py:190} INFO - [2026-04-09T00:43:56.404+0000] {dagbag.py:587} INFO - Filling up the DagBag from /home/airflow/.local/lib/python3.12/site-packages/airflow/example_dags/example_latest_only.py
[2026-04-09T00:43:56.406+0000] {processor.py:925} INFO - DAG(s) 'latest_only' retrieved from /home/airflow/.local/lib/python3.12/site-packages/airflow/example_dags/example_latest_only.py
[2026-04-09T00:43:56.414+0000] {logging_mixin.py:190} INFO - [2026-04-09T00:43:56.414+0000] {dag.py:3211} INFO - Sync 1 DAGs
[2026-04-09T00:43:56.424+0000] {logging_mixin.py:190} INFO - [2026-04-09T00:43:56.424+0000] {dag.py:4138} INFO - Setting next_dagrun for latest_only to 2026-04-08 20:00:00+00:00, run_after=2026-04-09 00:00:00+00:00
[2026-04-09T00:43:56.430+0000] {processor.py:208} INFO - Processing /home/airflow/.local/lib/python3.12/site-packages/airflow/example_dags/example_latest_only.py took 0.030 seconds
[2026-04-09T00:44:27.213+0000] {processor.py:186} INFO - Started process (PID=1682) to work on /home/airflow/.local/lib/python3.12/site-packages/airflow/example_dags/example_latest_only.py
[2026-04-09T00:44:27.214+0000] {processor.py:914} INFO - Processing file /home/airflow/.local/lib/python3.12/site-packages/airflow/example_dags/example_latest_only.py for tasks to queue
[2026-04-09T00:44:27.215+0000] {logging_mixin.py:190} INFO - [2026-04-09T00:44:27.215+0000] {dagbag.py:587} INFO - Filling up the DagBag from /home/airflow/.local/lib/python3.12/site-packages/airflow/example_dags/example_latest_only.py
[2026-04-09T00:44:27.218+0000] {processor.py:925} INFO - DAG(s) 'latest_only' retrieved from /home/airflow/.local/lib/python3.12/site-packages/airflow/example_dags/example_latest_only.py
[2026-04-09T00:44:27.229+0000] {logging_mixin.py:190} INFO - [2026-04-09T00:44:27.229+0000] {dag.py:3211} INFO - Sync 1 DAGs
[2026-04-09T00:44:27.237+0000] {logging_mixin.py:190} INFO - [2026-04-09T00:44:27.237+0000] {dag.py:4138} INFO - Setting next_dagrun for latest_only to 2026-04-08 20:00:00+00:00, run_after=2026-04-09 00:00:00+00:00
[2026-04-09T00:44:27.243+0000] {processor.py:208} INFO - Processing /home/airflow/.local/lib/python3.12/site-packages/airflow/example_dags/example_latest_only.py took 0.031 seconds
[2026-04-09T00:44:58.099+0000] {processor.py:186} INFO - Started process (PID=1746) to work on /home/airflow/.local/lib/python3.12/site-packages/airflow/example_dags/example_latest_only.py
[2026-04-09T00:44:58.100+0000] {processor.py:914} INFO - Processing file /home/airflow/.local/lib/python3.12/site-packages/airflow/example_dags/example_latest_only.py for tasks to queue
[2026-04-09T00:44:58.100+0000] {logging_mixin.py:190} INFO - [2026-04-09T00:44:58.100+0000] {dagbag.py:587} INFO - Filling up the DagBag from /home/airflow/.local/lib/python3.12/site-packages/airflow/example_dags/example_latest_only.py
[2026-04-09T00:44:58.103+0000] {processor.py:925} INFO - DAG(s) 'latest_only' retrieved from /home/airflow/.local/lib/python3.12/site-packages/airflow/example_dags/example_latest_only.py
[2026-04-09T00:44:58.110+0000] {logging_mixin.py:190} INFO - [2026-04-09T00:44:58.109+0000] {dag.py:3211} INFO - Sync 1 DAGs
[2026-04-09T00:44:58.116+0000] {logging_mixin.py:190} INFO - [2026-04-09T00:44:58.116+0000] {dag.py:4138} INFO - Setting next_dagrun for latest_only to 2026-04-08 20:00:00+00:00, run_after=2026-04-09 00:00:00+00:00
[2026-04-09T00:44:58.122+0000] {processor.py:208} INFO - Processing /home/airflow/.local/lib/python3.12/site-packages/airflow/example_dags/example_latest_only.py took 0.024 seconds
[2026-04-09T00:45:29.094+0000] {processor.py:186} INFO - Started process (PID=1809) to work on /home/airflow/.local/lib/python3.12/site-packages/airflow/example_dags/example_latest_only.py
[2026-04-09T00:45:29.094+0000] {processor.py:914} INFO - Processing file /home/airflow/.local/lib/python3.12/site-packages/airflow/example_dags/example_latest_only.py for tasks to queue
[2026-04-09T00:45:29.095+0000] {logging_mixin.py:190} INFO - [2026-04-09T00:45:29.095+0000] {dagbag.py:587} INFO - Filling up the DagBag from /home/airflow/.local/lib/python3.12/site-packages/airflow/example_dags/example_latest_only.py
[2026-04-09T00:45:29.098+0000] {processor.py:925} INFO - DAG(s) 'latest_only' retrieved from /home/airflow/.local/lib/python3.12/site-packages/airflow/example_dags/example_latest_only.py
[2026-04-09T00:45:29.108+0000] {logging_mixin.py:190} INFO - [2026-04-09T00:45:29.107+0000] {dag.py:3211} INFO - Sync 1 DAGs
[2026-04-09T00:45:29.119+0000] {logging_mixin.py:190} INFO - [2026-04-09T00:45:29.119+0000] {dag.py:4138} INFO - Setting next_dagrun for latest_only to 2026-04-08 20:00:00+00:00, run_after=2026-04-09 00:00:00+00:00
[2026-04-09T00:45:29.130+0000] {processor.py:208} INFO - Processing /home/airflow/.local/lib/python3.12/site-packages/airflow/example_dags/example_latest_only.py took 0.039 seconds
[2026-04-09T00:46:00.021+0000] {processor.py:186} INFO - Started process (PID=1873) to work on /home/airflow/.local/lib/python3.12/site-packages/airflow/example_dags/example_latest_only.py
[2026-04-09T00:46:00.021+0000] {processor.py:914} INFO - Processing file /home/airflow/.local/lib/python3.12/site-packages/airflow/example_dags/example_latest_only.py for tasks to queue
[2026-04-09T00:46:00.022+0000] {logging_mixin.py:190} INFO - [2026-04-09T00:46:00.022+0000] {dagbag.py:587} INFO - Filling up the DagBag from /home/airflow/.local/lib/python3.12/site-packages/airflow/example_dags/example_latest_only.py
[2026-04-09T00:46:00.025+0000] {processor.py:925} INFO - DAG(s) 'latest_only' retrieved from /home/airflow/.local/lib/python3.12/site-packages/airflow/example_dags/example_latest_only.py
[2026-04-09T00:46:00.034+0000] {logging_mixin.py:190} INFO - [2026-04-09T00:46:00.034+0000] {dag.py:3211} INFO - Sync 1 DAGs
[2026-04-09T00:46:00.043+0000] {logging_mixin.py:190} INFO - [2026-04-09T00:46:00.043+0000] {dag.py:4138} INFO - Setting next_dagrun for latest_only to 2026-04-08 20:00:00+00:00, run_after=2026-04-09 00:00:00+00:00
[2026-04-09T00:46:00.056+0000] {processor.py:208} INFO - Processing /home/airflow/.local/lib/python3.12/site-packages/airflow/example_dags/example_latest_only.py took 0.038 seconds
