[2026-04-09T00:31:38.030+0000] {processor.py:186} INFO - Started process (PID=84) to work on /home/airflow/.local/lib/python3.12/site-packages/airflow/example_dags/tutorial.py
[2026-04-09T00:31:38.031+0000] {processor.py:914} INFO - Processing file /home/airflow/.local/lib/python3.12/site-packages/airflow/example_dags/tutorial.py for tasks to queue
[2026-04-09T00:31:38.032+0000] {logging_mixin.py:190} INFO - [2026-04-09T00:31:38.032+0000] {dagbag.py:587} INFO - Filling up the DagBag from /home/airflow/.local/lib/python3.12/site-packages/airflow/example_dags/tutorial.py
[2026-04-09T00:31:38.037+0000] {processor.py:925} INFO - DAG(s) 'tutorial' retrieved from /home/airflow/.local/lib/python3.12/site-packages/airflow/example_dags/tutorial.py
[2026-04-09T00:31:38.080+0000] {logging_mixin.py:190} INFO - [2026-04-09T00:31:38.080+0000] {dag.py:3211} INFO - Sync 1 DAGs
[2026-04-09T00:31:38.092+0000] {logging_mixin.py:190} INFO - [2026-04-09T00:31:38.092+0000] {dag.py:4138} INFO - Setting next_dagrun for tutorial to 2026-04-08 00:00:00+00:00, run_after=2026-04-09 00:00:00+00:00
[2026-04-09T00:31:38.101+0000] {processor.py:208} INFO - Processing /home/airflow/.local/lib/python3.12/site-packages/airflow/example_dags/tutorial.py took 0.073 seconds
[2026-04-09T00:32:08.122+0000] {processor.py:186} INFO - Started process (PID=147) to work on /home/airflow/.local/lib/python3.12/site-packages/airflow/example_dags/tutorial.py
[2026-04-09T00:32:08.122+0000] {processor.py:914} INFO - Processing file /home/airflow/.local/lib/python3.12/site-packages/airflow/example_dags/tutorial.py for tasks to queue
[2026-04-09T00:32:08.123+0000] {logging_mixin.py:190} INFO - [2026-04-09T00:32:08.123+0000] {dagbag.py:587} INFO - Filling up the DagBag from /home/airflow/.local/lib/python3.12/site-packages/airflow/example_dags/tutorial.py
[2026-04-09T00:32:08.126+0000] {processor.py:925} INFO - DAG(s) 'tutorial' retrieved from /home/airflow/.local/lib/python3.12/site-packages/airflow/example_dags/tutorial.py
[2026-04-09T00:32:08.133+0000] {logging_mixin.py:190} INFO - [2026-04-09T00:32:08.133+0000] {dag.py:3211} INFO - Sync 1 DAGs
[2026-04-09T00:32:08.140+0000] {logging_mixin.py:190} INFO - [2026-04-09T00:32:08.140+0000] {dag.py:4138} INFO - Setting next_dagrun for tutorial to 2026-04-08 00:00:00+00:00, run_after=2026-04-09 00:00:00+00:00
[2026-04-09T00:32:08.145+0000] {processor.py:208} INFO - Processing /home/airflow/.local/lib/python3.12/site-packages/airflow/example_dags/tutorial.py took 0.025 seconds
[2026-04-09T00:32:38.995+0000] {processor.py:186} INFO - Started process (PID=211) to work on /home/airflow/.local/lib/python3.12/site-packages/airflow/example_dags/tutorial.py
[2026-04-09T00:32:38.995+0000] {processor.py:914} INFO - Processing file /home/airflow/.local/lib/python3.12/site-packages/airflow/example_dags/tutorial.py for tasks to queue
[2026-04-09T00:32:38.996+0000] {logging_mixin.py:190} INFO - [2026-04-09T00:32:38.996+0000] {dagbag.py:587} INFO - Filling up the DagBag from /home/airflow/.local/lib/python3.12/site-packages/airflow/example_dags/tutorial.py
[2026-04-09T00:32:38.999+0000] {processor.py:925} INFO - DAG(s) 'tutorial' retrieved from /home/airflow/.local/lib/python3.12/site-packages/airflow/example_dags/tutorial.py
[2026-04-09T00:32:39.010+0000] {logging_mixin.py:190} INFO - [2026-04-09T00:32:39.009+0000] {dag.py:3211} INFO - Sync 1 DAGs
[2026-04-09T00:32:39.019+0000] {logging_mixin.py:190} INFO - [2026-04-09T00:32:39.019+0000] {dag.py:4138} INFO - Setting next_dagrun for tutorial to 2026-04-08 00:00:00+00:00, run_after=2026-04-09 00:00:00+00:00
[2026-04-09T00:32:39.029+0000] {processor.py:208} INFO - Processing /home/airflow/.local/lib/python3.12/site-packages/airflow/example_dags/tutorial.py took 0.037 seconds
[2026-04-09T00:33:09.797+0000] {processor.py:186} INFO - Started process (PID=275) to work on /home/airflow/.local/lib/python3.12/site-packages/airflow/example_dags/tutorial.py
[2026-04-09T00:33:09.798+0000] {processor.py:914} INFO - Processing file /home/airflow/.local/lib/python3.12/site-packages/airflow/example_dags/tutorial.py for tasks to queue
[2026-04-09T00:33:09.800+0000] {logging_mixin.py:190} INFO - [2026-04-09T00:33:09.800+0000] {dagbag.py:587} INFO - Filling up the DagBag from /home/airflow/.local/lib/python3.12/site-packages/airflow/example_dags/tutorial.py
[2026-04-09T00:33:09.803+0000] {processor.py:925} INFO - DAG(s) 'tutorial' retrieved from /home/airflow/.local/lib/python3.12/site-packages/airflow/example_dags/tutorial.py
[2026-04-09T00:33:09.811+0000] {logging_mixin.py:190} INFO - [2026-04-09T00:33:09.811+0000] {dag.py:3211} INFO - Sync 1 DAGs
[2026-04-09T00:33:09.820+0000] {logging_mixin.py:190} INFO - [2026-04-09T00:33:09.820+0000] {dag.py:4138} INFO - Setting next_dagrun for tutorial to 2026-04-08 00:00:00+00:00, run_after=2026-04-09 00:00:00+00:00
[2026-04-09T00:33:09.832+0000] {processor.py:208} INFO - Processing /home/airflow/.local/lib/python3.12/site-packages/airflow/example_dags/tutorial.py took 0.037 seconds
[2026-04-09T00:33:40.662+0000] {processor.py:186} INFO - Started process (PID=345) to work on /home/airflow/.local/lib/python3.12/site-packages/airflow/example_dags/tutorial.py
[2026-04-09T00:33:40.663+0000] {processor.py:914} INFO - Processing file /home/airflow/.local/lib/python3.12/site-packages/airflow/example_dags/tutorial.py for tasks to queue
[2026-04-09T00:33:40.664+0000] {logging_mixin.py:190} INFO - [2026-04-09T00:33:40.664+0000] {dagbag.py:587} INFO - Filling up the DagBag from /home/airflow/.local/lib/python3.12/site-packages/airflow/example_dags/tutorial.py
[2026-04-09T00:33:40.667+0000] {processor.py:925} INFO - DAG(s) 'tutorial' retrieved from /home/airflow/.local/lib/python3.12/site-packages/airflow/example_dags/tutorial.py
[2026-04-09T00:33:40.675+0000] {logging_mixin.py:190} INFO - [2026-04-09T00:33:40.675+0000] {dag.py:3211} INFO - Sync 1 DAGs
[2026-04-09T00:33:40.684+0000] {logging_mixin.py:190} INFO - [2026-04-09T00:33:40.684+0000] {dag.py:4138} INFO - Setting next_dagrun for tutorial to 2026-04-08 00:00:00+00:00, run_after=2026-04-09 00:00:00+00:00
[2026-04-09T00:33:40.696+0000] {processor.py:208} INFO - Processing /home/airflow/.local/lib/python3.12/site-packages/airflow/example_dags/tutorial.py took 0.037 seconds
[2026-04-09T00:34:11.526+0000] {processor.py:186} INFO - Started process (PID=409) to work on /home/airflow/.local/lib/python3.12/site-packages/airflow/example_dags/tutorial.py
[2026-04-09T00:34:11.527+0000] {processor.py:914} INFO - Processing file /home/airflow/.local/lib/python3.12/site-packages/airflow/example_dags/tutorial.py for tasks to queue
[2026-04-09T00:34:11.529+0000] {logging_mixin.py:190} INFO - [2026-04-09T00:34:11.529+0000] {dagbag.py:587} INFO - Filling up the DagBag from /home/airflow/.local/lib/python3.12/site-packages/airflow/example_dags/tutorial.py
[2026-04-09T00:34:11.532+0000] {processor.py:925} INFO - DAG(s) 'tutorial' retrieved from /home/airflow/.local/lib/python3.12/site-packages/airflow/example_dags/tutorial.py
[2026-04-09T00:34:11.541+0000] {logging_mixin.py:190} INFO - [2026-04-09T00:34:11.541+0000] {dag.py:3211} INFO - Sync 1 DAGs
[2026-04-09T00:34:11.552+0000] {logging_mixin.py:190} INFO - [2026-04-09T00:34:11.552+0000] {dag.py:4138} INFO - Setting next_dagrun for tutorial to 2026-04-08 00:00:00+00:00, run_after=2026-04-09 00:00:00+00:00
[2026-04-09T00:34:11.566+0000] {processor.py:208} INFO - Processing /home/airflow/.local/lib/python3.12/site-packages/airflow/example_dags/tutorial.py took 0.042 seconds
[2026-04-09T00:34:42.266+0000] {processor.py:186} INFO - Started process (PID=473) to work on /home/airflow/.local/lib/python3.12/site-packages/airflow/example_dags/tutorial.py
[2026-04-09T00:34:42.267+0000] {processor.py:914} INFO - Processing file /home/airflow/.local/lib/python3.12/site-packages/airflow/example_dags/tutorial.py for tasks to queue
[2026-04-09T00:34:42.268+0000] {logging_mixin.py:190} INFO - [2026-04-09T00:34:42.268+0000] {dagbag.py:587} INFO - Filling up the DagBag from /home/airflow/.local/lib/python3.12/site-packages/airflow/example_dags/tutorial.py
[2026-04-09T00:34:42.271+0000] {processor.py:925} INFO - DAG(s) 'tutorial' retrieved from /home/airflow/.local/lib/python3.12/site-packages/airflow/example_dags/tutorial.py
[2026-04-09T00:34:42.278+0000] {logging_mixin.py:190} INFO - [2026-04-09T00:34:42.278+0000] {dag.py:3211} INFO - Sync 1 DAGs
[2026-04-09T00:34:42.287+0000] {logging_mixin.py:190} INFO - [2026-04-09T00:34:42.287+0000] {dag.py:4138} INFO - Setting next_dagrun for tutorial to 2026-04-08 00:00:00+00:00, run_after=2026-04-09 00:00:00+00:00
[2026-04-09T00:34:42.297+0000] {processor.py:208} INFO - Processing /home/airflow/.local/lib/python3.12/site-packages/airflow/example_dags/tutorial.py took 0.033 seconds
[2026-04-09T00:35:12.961+0000] {processor.py:186} INFO - Started process (PID=537) to work on /home/airflow/.local/lib/python3.12/site-packages/airflow/example_dags/tutorial.py
[2026-04-09T00:35:12.961+0000] {processor.py:914} INFO - Processing file /home/airflow/.local/lib/python3.12/site-packages/airflow/example_dags/tutorial.py for tasks to queue
[2026-04-09T00:35:12.962+0000] {logging_mixin.py:190} INFO - [2026-04-09T00:35:12.962+0000] {dagbag.py:587} INFO - Filling up the DagBag from /home/airflow/.local/lib/python3.12/site-packages/airflow/example_dags/tutorial.py
[2026-04-09T00:35:12.965+0000] {processor.py:925} INFO - DAG(s) 'tutorial' retrieved from /home/airflow/.local/lib/python3.12/site-packages/airflow/example_dags/tutorial.py
[2026-04-09T00:35:12.972+0000] {logging_mixin.py:190} INFO - [2026-04-09T00:35:12.972+0000] {dag.py:3211} INFO - Sync 1 DAGs
[2026-04-09T00:35:12.978+0000] {logging_mixin.py:190} INFO - [2026-04-09T00:35:12.978+0000] {dag.py:4138} INFO - Setting next_dagrun for tutorial to 2026-04-08 00:00:00+00:00, run_after=2026-04-09 00:00:00+00:00
[2026-04-09T00:35:12.983+0000] {processor.py:208} INFO - Processing /home/airflow/.local/lib/python3.12/site-packages/airflow/example_dags/tutorial.py took 0.024 seconds
[2026-04-09T00:35:43.771+0000] {processor.py:186} INFO - Started process (PID=600) to work on /home/airflow/.local/lib/python3.12/site-packages/airflow/example_dags/tutorial.py
[2026-04-09T00:35:43.771+0000] {processor.py:914} INFO - Processing file /home/airflow/.local/lib/python3.12/site-packages/airflow/example_dags/tutorial.py for tasks to queue
[2026-04-09T00:35:43.772+0000] {logging_mixin.py:190} INFO - [2026-04-09T00:35:43.772+0000] {dagbag.py:587} INFO - Filling up the DagBag from /home/airflow/.local/lib/python3.12/site-packages/airflow/example_dags/tutorial.py
[2026-04-09T00:35:43.775+0000] {processor.py:925} INFO - DAG(s) 'tutorial' retrieved from /home/airflow/.local/lib/python3.12/site-packages/airflow/example_dags/tutorial.py
[2026-04-09T00:35:43.781+0000] {logging_mixin.py:190} INFO - [2026-04-09T00:35:43.781+0000] {dag.py:3211} INFO - Sync 1 DAGs
[2026-04-09T00:35:43.788+0000] {logging_mixin.py:190} INFO - [2026-04-09T00:35:43.788+0000] {dag.py:4138} INFO - Setting next_dagrun for tutorial to 2026-04-08 00:00:00+00:00, run_after=2026-04-09 00:00:00+00:00
[2026-04-09T00:35:43.793+0000] {processor.py:208} INFO - Processing /home/airflow/.local/lib/python3.12/site-packages/airflow/example_dags/tutorial.py took 0.024 seconds
[2026-04-09T00:36:14.574+0000] {processor.py:186} INFO - Started process (PID=664) to work on /home/airflow/.local/lib/python3.12/site-packages/airflow/example_dags/tutorial.py
[2026-04-09T00:36:14.574+0000] {processor.py:914} INFO - Processing file /home/airflow/.local/lib/python3.12/site-packages/airflow/example_dags/tutorial.py for tasks to queue
[2026-04-09T00:36:14.575+0000] {logging_mixin.py:190} INFO - [2026-04-09T00:36:14.575+0000] {dagbag.py:587} INFO - Filling up the DagBag from /home/airflow/.local/lib/python3.12/site-packages/airflow/example_dags/tutorial.py
[2026-04-09T00:36:14.578+0000] {processor.py:925} INFO - DAG(s) 'tutorial' retrieved from /home/airflow/.local/lib/python3.12/site-packages/airflow/example_dags/tutorial.py
[2026-04-09T00:36:14.588+0000] {logging_mixin.py:190} INFO - [2026-04-09T00:36:14.588+0000] {dag.py:3211} INFO - Sync 1 DAGs
[2026-04-09T00:36:14.596+0000] {logging_mixin.py:190} INFO - [2026-04-09T00:36:14.596+0000] {dag.py:4138} INFO - Setting next_dagrun for tutorial to 2026-04-08 00:00:00+00:00, run_after=2026-04-09 00:00:00+00:00
[2026-04-09T00:36:14.607+0000] {processor.py:208} INFO - Processing /home/airflow/.local/lib/python3.12/site-packages/airflow/example_dags/tutorial.py took 0.035 seconds
[2026-04-09T00:36:45.329+0000] {processor.py:186} INFO - Started process (PID=728) to work on /home/airflow/.local/lib/python3.12/site-packages/airflow/example_dags/tutorial.py
[2026-04-09T00:36:45.330+0000] {processor.py:914} INFO - Processing file /home/airflow/.local/lib/python3.12/site-packages/airflow/example_dags/tutorial.py for tasks to queue
[2026-04-09T00:36:45.331+0000] {logging_mixin.py:190} INFO - [2026-04-09T00:36:45.330+0000] {dagbag.py:587} INFO - Filling up the DagBag from /home/airflow/.local/lib/python3.12/site-packages/airflow/example_dags/tutorial.py
[2026-04-09T00:36:45.334+0000] {processor.py:925} INFO - DAG(s) 'tutorial' retrieved from /home/airflow/.local/lib/python3.12/site-packages/airflow/example_dags/tutorial.py
[2026-04-09T00:36:45.343+0000] {logging_mixin.py:190} INFO - [2026-04-09T00:36:45.343+0000] {dag.py:3211} INFO - Sync 1 DAGs
[2026-04-09T00:36:45.351+0000] {logging_mixin.py:190} INFO - [2026-04-09T00:36:45.351+0000] {dag.py:4138} INFO - Setting next_dagrun for tutorial to 2026-04-08 00:00:00+00:00, run_after=2026-04-09 00:00:00+00:00
[2026-04-09T00:36:45.362+0000] {processor.py:208} INFO - Processing /home/airflow/.local/lib/python3.12/site-packages/airflow/example_dags/tutorial.py took 0.035 seconds
[2026-04-09T00:37:16.117+0000] {processor.py:186} INFO - Started process (PID=792) to work on /home/airflow/.local/lib/python3.12/site-packages/airflow/example_dags/tutorial.py
[2026-04-09T00:37:16.118+0000] {processor.py:914} INFO - Processing file /home/airflow/.local/lib/python3.12/site-packages/airflow/example_dags/tutorial.py for tasks to queue
[2026-04-09T00:37:16.118+0000] {logging_mixin.py:190} INFO - [2026-04-09T00:37:16.118+0000] {dagbag.py:587} INFO - Filling up the DagBag from /home/airflow/.local/lib/python3.12/site-packages/airflow/example_dags/tutorial.py
[2026-04-09T00:37:16.122+0000] {processor.py:925} INFO - DAG(s) 'tutorial' retrieved from /home/airflow/.local/lib/python3.12/site-packages/airflow/example_dags/tutorial.py
[2026-04-09T00:37:16.133+0000] {logging_mixin.py:190} INFO - [2026-04-09T00:37:16.133+0000] {dag.py:3211} INFO - Sync 1 DAGs
[2026-04-09T00:37:16.144+0000] {logging_mixin.py:190} INFO - [2026-04-09T00:37:16.144+0000] {dag.py:4138} INFO - Setting next_dagrun for tutorial to 2026-04-08 00:00:00+00:00, run_after=2026-04-09 00:00:00+00:00
[2026-04-09T00:37:16.152+0000] {processor.py:208} INFO - Processing /home/airflow/.local/lib/python3.12/site-packages/airflow/example_dags/tutorial.py took 0.037 seconds
[2026-04-09T00:37:46.831+0000] {processor.py:186} INFO - Started process (PID=856) to work on /home/airflow/.local/lib/python3.12/site-packages/airflow/example_dags/tutorial.py
[2026-04-09T00:37:46.831+0000] {processor.py:914} INFO - Processing file /home/airflow/.local/lib/python3.12/site-packages/airflow/example_dags/tutorial.py for tasks to queue
[2026-04-09T00:37:46.832+0000] {logging_mixin.py:190} INFO - [2026-04-09T00:37:46.832+0000] {dagbag.py:587} INFO - Filling up the DagBag from /home/airflow/.local/lib/python3.12/site-packages/airflow/example_dags/tutorial.py
[2026-04-09T00:37:46.835+0000] {processor.py:925} INFO - DAG(s) 'tutorial' retrieved from /home/airflow/.local/lib/python3.12/site-packages/airflow/example_dags/tutorial.py
[2026-04-09T00:37:46.842+0000] {logging_mixin.py:190} INFO - [2026-04-09T00:37:46.842+0000] {dag.py:3211} INFO - Sync 1 DAGs
[2026-04-09T00:37:46.849+0000] {logging_mixin.py:190} INFO - [2026-04-09T00:37:46.849+0000] {dag.py:4138} INFO - Setting next_dagrun for tutorial to 2026-04-08 00:00:00+00:00, run_after=2026-04-09 00:00:00+00:00
[2026-04-09T00:37:46.854+0000] {processor.py:208} INFO - Processing /home/airflow/.local/lib/python3.12/site-packages/airflow/example_dags/tutorial.py took 0.024 seconds
[2026-04-09T00:38:17.614+0000] {processor.py:186} INFO - Started process (PID=920) to work on /home/airflow/.local/lib/python3.12/site-packages/airflow/example_dags/tutorial.py
[2026-04-09T00:38:17.615+0000] {processor.py:914} INFO - Processing file /home/airflow/.local/lib/python3.12/site-packages/airflow/example_dags/tutorial.py for tasks to queue
[2026-04-09T00:38:17.616+0000] {logging_mixin.py:190} INFO - [2026-04-09T00:38:17.616+0000] {dagbag.py:587} INFO - Filling up the DagBag from /home/airflow/.local/lib/python3.12/site-packages/airflow/example_dags/tutorial.py
[2026-04-09T00:38:17.619+0000] {processor.py:925} INFO - DAG(s) 'tutorial' retrieved from /home/airflow/.local/lib/python3.12/site-packages/airflow/example_dags/tutorial.py
[2026-04-09T00:38:17.628+0000] {logging_mixin.py:190} INFO - [2026-04-09T00:38:17.628+0000] {dag.py:3211} INFO - Sync 1 DAGs
[2026-04-09T00:38:17.637+0000] {logging_mixin.py:190} INFO - [2026-04-09T00:38:17.637+0000] {dag.py:4138} INFO - Setting next_dagrun for tutorial to 2026-04-08 00:00:00+00:00, run_after=2026-04-09 00:00:00+00:00
[2026-04-09T00:38:17.647+0000] {processor.py:208} INFO - Processing /home/airflow/.local/lib/python3.12/site-packages/airflow/example_dags/tutorial.py took 0.036 seconds
[2026-04-09T00:38:48.276+0000] {processor.py:186} INFO - Started process (PID=984) to work on /home/airflow/.local/lib/python3.12/site-packages/airflow/example_dags/tutorial.py
[2026-04-09T00:38:48.276+0000] {processor.py:914} INFO - Processing file /home/airflow/.local/lib/python3.12/site-packages/airflow/example_dags/tutorial.py for tasks to queue
[2026-04-09T00:38:48.277+0000] {logging_mixin.py:190} INFO - [2026-04-09T00:38:48.277+0000] {dagbag.py:587} INFO - Filling up the DagBag from /home/airflow/.local/lib/python3.12/site-packages/airflow/example_dags/tutorial.py
[2026-04-09T00:38:48.280+0000] {processor.py:925} INFO - DAG(s) 'tutorial' retrieved from /home/airflow/.local/lib/python3.12/site-packages/airflow/example_dags/tutorial.py
[2026-04-09T00:38:48.291+0000] {logging_mixin.py:190} INFO - [2026-04-09T00:38:48.291+0000] {dag.py:3211} INFO - Sync 1 DAGs
[2026-04-09T00:38:48.303+0000] {logging_mixin.py:190} INFO - [2026-04-09T00:38:48.303+0000] {dag.py:4138} INFO - Setting next_dagrun for tutorial to 2026-04-08 00:00:00+00:00, run_after=2026-04-09 00:00:00+00:00
[2026-04-09T00:38:48.312+0000] {processor.py:208} INFO - Processing /home/airflow/.local/lib/python3.12/site-packages/airflow/example_dags/tutorial.py took 0.038 seconds
[2026-04-09T00:39:19.095+0000] {processor.py:186} INFO - Started process (PID=1048) to work on /home/airflow/.local/lib/python3.12/site-packages/airflow/example_dags/tutorial.py
[2026-04-09T00:39:19.095+0000] {processor.py:914} INFO - Processing file /home/airflow/.local/lib/python3.12/site-packages/airflow/example_dags/tutorial.py for tasks to queue
[2026-04-09T00:39:19.096+0000] {logging_mixin.py:190} INFO - [2026-04-09T00:39:19.096+0000] {dagbag.py:587} INFO - Filling up the DagBag from /home/airflow/.local/lib/python3.12/site-packages/airflow/example_dags/tutorial.py
[2026-04-09T00:39:19.099+0000] {processor.py:925} INFO - DAG(s) 'tutorial' retrieved from /home/airflow/.local/lib/python3.12/site-packages/airflow/example_dags/tutorial.py
[2026-04-09T00:39:19.110+0000] {logging_mixin.py:190} INFO - [2026-04-09T00:39:19.110+0000] {dag.py:3211} INFO - Sync 1 DAGs
[2026-04-09T00:39:19.118+0000] {logging_mixin.py:190} INFO - [2026-04-09T00:39:19.117+0000] {dag.py:4138} INFO - Setting next_dagrun for tutorial to 2026-04-08 00:00:00+00:00, run_after=2026-04-09 00:00:00+00:00
[2026-04-09T00:39:19.127+0000] {processor.py:208} INFO - Processing /home/airflow/.local/lib/python3.12/site-packages/airflow/example_dags/tutorial.py took 0.034 seconds
[2026-04-09T00:39:49.862+0000] {processor.py:186} INFO - Started process (PID=1112) to work on /home/airflow/.local/lib/python3.12/site-packages/airflow/example_dags/tutorial.py
[2026-04-09T00:39:49.862+0000] {processor.py:914} INFO - Processing file /home/airflow/.local/lib/python3.12/site-packages/airflow/example_dags/tutorial.py for tasks to queue
[2026-04-09T00:39:49.863+0000] {logging_mixin.py:190} INFO - [2026-04-09T00:39:49.863+0000] {dagbag.py:587} INFO - Filling up the DagBag from /home/airflow/.local/lib/python3.12/site-packages/airflow/example_dags/tutorial.py
[2026-04-09T00:39:49.867+0000] {processor.py:925} INFO - DAG(s) 'tutorial' retrieved from /home/airflow/.local/lib/python3.12/site-packages/airflow/example_dags/tutorial.py
[2026-04-09T00:39:49.876+0000] {logging_mixin.py:190} INFO - [2026-04-09T00:39:49.876+0000] {dag.py:3211} INFO - Sync 1 DAGs
[2026-04-09T00:39:49.886+0000] {logging_mixin.py:190} INFO - [2026-04-09T00:39:49.886+0000] {dag.py:4138} INFO - Setting next_dagrun for tutorial to 2026-04-08 00:00:00+00:00, run_after=2026-04-09 00:00:00+00:00
[2026-04-09T00:39:49.897+0000] {processor.py:208} INFO - Processing /home/airflow/.local/lib/python3.12/site-packages/airflow/example_dags/tutorial.py took 0.037 seconds
[2026-04-09T00:40:20.640+0000] {processor.py:186} INFO - Started process (PID=1176) to work on /home/airflow/.local/lib/python3.12/site-packages/airflow/example_dags/tutorial.py
[2026-04-09T00:40:20.641+0000] {processor.py:914} INFO - Processing file /home/airflow/.local/lib/python3.12/site-packages/airflow/example_dags/tutorial.py for tasks to queue
[2026-04-09T00:40:20.642+0000] {logging_mixin.py:190} INFO - [2026-04-09T00:40:20.642+0000] {dagbag.py:587} INFO - Filling up the DagBag from /home/airflow/.local/lib/python3.12/site-packages/airflow/example_dags/tutorial.py
[2026-04-09T00:40:20.645+0000] {processor.py:925} INFO - DAG(s) 'tutorial' retrieved from /home/airflow/.local/lib/python3.12/site-packages/airflow/example_dags/tutorial.py
[2026-04-09T00:40:20.655+0000] {logging_mixin.py:190} INFO - [2026-04-09T00:40:20.655+0000] {dag.py:3211} INFO - Sync 1 DAGs
[2026-04-09T00:40:20.664+0000] {logging_mixin.py:190} INFO - [2026-04-09T00:40:20.664+0000] {dag.py:4138} INFO - Setting next_dagrun for tutorial to 2026-04-08 00:00:00+00:00, run_after=2026-04-09 00:00:00+00:00
[2026-04-09T00:40:20.674+0000] {processor.py:208} INFO - Processing /home/airflow/.local/lib/python3.12/site-packages/airflow/example_dags/tutorial.py took 0.036 seconds
[2026-04-09T00:40:51.438+0000] {processor.py:186} INFO - Started process (PID=1240) to work on /home/airflow/.local/lib/python3.12/site-packages/airflow/example_dags/tutorial.py
[2026-04-09T00:40:51.439+0000] {processor.py:914} INFO - Processing file /home/airflow/.local/lib/python3.12/site-packages/airflow/example_dags/tutorial.py for tasks to queue
[2026-04-09T00:40:51.440+0000] {logging_mixin.py:190} INFO - [2026-04-09T00:40:51.440+0000] {dagbag.py:587} INFO - Filling up the DagBag from /home/airflow/.local/lib/python3.12/site-packages/airflow/example_dags/tutorial.py
[2026-04-09T00:40:51.444+0000] {processor.py:925} INFO - DAG(s) 'tutorial' retrieved from /home/airflow/.local/lib/python3.12/site-packages/airflow/example_dags/tutorial.py
[2026-04-09T00:40:51.452+0000] {logging_mixin.py:190} INFO - [2026-04-09T00:40:51.452+0000] {dag.py:3211} INFO - Sync 1 DAGs
[2026-04-09T00:40:51.463+0000] {logging_mixin.py:190} INFO - [2026-04-09T00:40:51.463+0000] {dag.py:4138} INFO - Setting next_dagrun for tutorial to 2026-04-08 00:00:00+00:00, run_after=2026-04-09 00:00:00+00:00
[2026-04-09T00:40:51.473+0000] {processor.py:208} INFO - Processing /home/airflow/.local/lib/python3.12/site-packages/airflow/example_dags/tutorial.py took 0.037 seconds
[2026-04-09T00:41:22.248+0000] {processor.py:186} INFO - Started process (PID=1304) to work on /home/airflow/.local/lib/python3.12/site-packages/airflow/example_dags/tutorial.py
[2026-04-09T00:41:22.248+0000] {processor.py:914} INFO - Processing file /home/airflow/.local/lib/python3.12/site-packages/airflow/example_dags/tutorial.py for tasks to queue
[2026-04-09T00:41:22.249+0000] {logging_mixin.py:190} INFO - [2026-04-09T00:41:22.249+0000] {dagbag.py:587} INFO - Filling up the DagBag from /home/airflow/.local/lib/python3.12/site-packages/airflow/example_dags/tutorial.py
[2026-04-09T00:41:22.252+0000] {processor.py:925} INFO - DAG(s) 'tutorial' retrieved from /home/airflow/.local/lib/python3.12/site-packages/airflow/example_dags/tutorial.py
[2026-04-09T00:41:22.261+0000] {logging_mixin.py:190} INFO - [2026-04-09T00:41:22.261+0000] {dag.py:3211} INFO - Sync 1 DAGs
[2026-04-09T00:41:22.272+0000] {logging_mixin.py:190} INFO - [2026-04-09T00:41:22.272+0000] {dag.py:4138} INFO - Setting next_dagrun for tutorial to 2026-04-08 00:00:00+00:00, run_after=2026-04-09 00:00:00+00:00
[2026-04-09T00:41:22.282+0000] {processor.py:208} INFO - Processing /home/airflow/.local/lib/python3.12/site-packages/airflow/example_dags/tutorial.py took 0.036 seconds
[2026-04-09T00:41:53.175+0000] {processor.py:186} INFO - Started process (PID=1368) to work on /home/airflow/.local/lib/python3.12/site-packages/airflow/example_dags/tutorial.py
[2026-04-09T00:41:53.176+0000] {processor.py:914} INFO - Processing file /home/airflow/.local/lib/python3.12/site-packages/airflow/example_dags/tutorial.py for tasks to queue
[2026-04-09T00:41:53.177+0000] {logging_mixin.py:190} INFO - [2026-04-09T00:41:53.177+0000] {dagbag.py:587} INFO - Filling up the DagBag from /home/airflow/.local/lib/python3.12/site-packages/airflow/example_dags/tutorial.py
[2026-04-09T00:41:53.180+0000] {processor.py:925} INFO - DAG(s) 'tutorial' retrieved from /home/airflow/.local/lib/python3.12/site-packages/airflow/example_dags/tutorial.py
[2026-04-09T00:41:53.192+0000] {logging_mixin.py:190} INFO - [2026-04-09T00:41:53.192+0000] {dag.py:3211} INFO - Sync 1 DAGs
[2026-04-09T00:41:53.204+0000] {logging_mixin.py:190} INFO - [2026-04-09T00:41:53.204+0000] {dag.py:4138} INFO - Setting next_dagrun for tutorial to 2026-04-08 00:00:00+00:00, run_after=2026-04-09 00:00:00+00:00
[2026-04-09T00:41:53.211+0000] {processor.py:208} INFO - Processing /home/airflow/.local/lib/python3.12/site-packages/airflow/example_dags/tutorial.py took 0.039 seconds
[2026-04-09T00:42:24.265+0000] {processor.py:186} INFO - Started process (PID=1432) to work on /home/airflow/.local/lib/python3.12/site-packages/airflow/example_dags/tutorial.py
[2026-04-09T00:42:24.266+0000] {processor.py:914} INFO - Processing file /home/airflow/.local/lib/python3.12/site-packages/airflow/example_dags/tutorial.py for tasks to queue
[2026-04-09T00:42:24.267+0000] {logging_mixin.py:190} INFO - [2026-04-09T00:42:24.267+0000] {dagbag.py:587} INFO - Filling up the DagBag from /home/airflow/.local/lib/python3.12/site-packages/airflow/example_dags/tutorial.py
[2026-04-09T00:42:24.271+0000] {processor.py:925} INFO - DAG(s) 'tutorial' retrieved from /home/airflow/.local/lib/python3.12/site-packages/airflow/example_dags/tutorial.py
[2026-04-09T00:42:24.279+0000] {logging_mixin.py:190} INFO - [2026-04-09T00:42:24.279+0000] {dag.py:3211} INFO - Sync 1 DAGs
[2026-04-09T00:42:24.287+0000] {logging_mixin.py:190} INFO - [2026-04-09T00:42:24.287+0000] {dag.py:4138} INFO - Setting next_dagrun for tutorial to 2026-04-08 00:00:00+00:00, run_after=2026-04-09 00:00:00+00:00
[2026-04-09T00:42:24.293+0000] {processor.py:208} INFO - Processing /home/airflow/.local/lib/python3.12/site-packages/airflow/example_dags/tutorial.py took 0.030 seconds
[2026-04-09T00:42:55.049+0000] {processor.py:186} INFO - Started process (PID=1496) to work on /home/airflow/.local/lib/python3.12/site-packages/airflow/example_dags/tutorial.py
[2026-04-09T00:42:55.049+0000] {processor.py:914} INFO - Processing file /home/airflow/.local/lib/python3.12/site-packages/airflow/example_dags/tutorial.py for tasks to queue
[2026-04-09T00:42:55.050+0000] {logging_mixin.py:190} INFO - [2026-04-09T00:42:55.050+0000] {dagbag.py:587} INFO - Filling up the DagBag from /home/airflow/.local/lib/python3.12/site-packages/airflow/example_dags/tutorial.py
[2026-04-09T00:42:55.053+0000] {processor.py:925} INFO - DAG(s) 'tutorial' retrieved from /home/airflow/.local/lib/python3.12/site-packages/airflow/example_dags/tutorial.py
[2026-04-09T00:42:55.062+0000] {logging_mixin.py:190} INFO - [2026-04-09T00:42:55.061+0000] {dag.py:3211} INFO - Sync 1 DAGs
[2026-04-09T00:42:55.072+0000] {logging_mixin.py:190} INFO - [2026-04-09T00:42:55.072+0000] {dag.py:4138} INFO - Setting next_dagrun for tutorial to 2026-04-08 00:00:00+00:00, run_after=2026-04-09 00:00:00+00:00
[2026-04-09T00:42:55.082+0000] {processor.py:208} INFO - Processing /home/airflow/.local/lib/python3.12/site-packages/airflow/example_dags/tutorial.py took 0.036 seconds
[2026-04-09T00:43:25.798+0000] {processor.py:186} INFO - Started process (PID=1560) to work on /home/airflow/.local/lib/python3.12/site-packages/airflow/example_dags/tutorial.py
[2026-04-09T00:43:25.799+0000] {processor.py:914} INFO - Processing file /home/airflow/.local/lib/python3.12/site-packages/airflow/example_dags/tutorial.py for tasks to queue
[2026-04-09T00:43:25.799+0000] {logging_mixin.py:190} INFO - [2026-04-09T00:43:25.799+0000] {dagbag.py:587} INFO - Filling up the DagBag from /home/airflow/.local/lib/python3.12/site-packages/airflow/example_dags/tutorial.py
[2026-04-09T00:43:25.802+0000] {processor.py:925} INFO - DAG(s) 'tutorial' retrieved from /home/airflow/.local/lib/python3.12/site-packages/airflow/example_dags/tutorial.py
[2026-04-09T00:43:25.809+0000] {logging_mixin.py:190} INFO - [2026-04-09T00:43:25.809+0000] {dag.py:3211} INFO - Sync 1 DAGs
[2026-04-09T00:43:25.815+0000] {logging_mixin.py:190} INFO - [2026-04-09T00:43:25.815+0000] {dag.py:4138} INFO - Setting next_dagrun for tutorial to 2026-04-08 00:00:00+00:00, run_after=2026-04-09 00:00:00+00:00
[2026-04-09T00:43:25.821+0000] {processor.py:208} INFO - Processing /home/airflow/.local/lib/python3.12/site-packages/airflow/example_dags/tutorial.py took 0.024 seconds
[2026-04-09T00:43:56.564+0000] {processor.py:186} INFO - Started process (PID=1624) to work on /home/airflow/.local/lib/python3.12/site-packages/airflow/example_dags/tutorial.py
[2026-04-09T00:43:56.565+0000] {processor.py:914} INFO - Processing file /home/airflow/.local/lib/python3.12/site-packages/airflow/example_dags/tutorial.py for tasks to queue
[2026-04-09T00:43:56.566+0000] {logging_mixin.py:190} INFO - [2026-04-09T00:43:56.566+0000] {dagbag.py:587} INFO - Filling up the DagBag from /home/airflow/.local/lib/python3.12/site-packages/airflow/example_dags/tutorial.py
[2026-04-09T00:43:56.569+0000] {processor.py:925} INFO - DAG(s) 'tutorial' retrieved from /home/airflow/.local/lib/python3.12/site-packages/airflow/example_dags/tutorial.py
[2026-04-09T00:43:56.578+0000] {logging_mixin.py:190} INFO - [2026-04-09T00:43:56.578+0000] {dag.py:3211} INFO - Sync 1 DAGs
[2026-04-09T00:43:56.587+0000] {logging_mixin.py:190} INFO - [2026-04-09T00:43:56.586+0000] {dag.py:4138} INFO - Setting next_dagrun for tutorial to 2026-04-08 00:00:00+00:00, run_after=2026-04-09 00:00:00+00:00
[2026-04-09T00:43:56.599+0000] {processor.py:208} INFO - Processing /home/airflow/.local/lib/python3.12/site-packages/airflow/example_dags/tutorial.py took 0.036 seconds
[2026-04-09T00:44:27.364+0000] {processor.py:186} INFO - Started process (PID=1688) to work on /home/airflow/.local/lib/python3.12/site-packages/airflow/example_dags/tutorial.py
[2026-04-09T00:44:27.364+0000] {processor.py:914} INFO - Processing file /home/airflow/.local/lib/python3.12/site-packages/airflow/example_dags/tutorial.py for tasks to queue
[2026-04-09T00:44:27.365+0000] {logging_mixin.py:190} INFO - [2026-04-09T00:44:27.365+0000] {dagbag.py:587} INFO - Filling up the DagBag from /home/airflow/.local/lib/python3.12/site-packages/airflow/example_dags/tutorial.py
[2026-04-09T00:44:27.368+0000] {processor.py:925} INFO - DAG(s) 'tutorial' retrieved from /home/airflow/.local/lib/python3.12/site-packages/airflow/example_dags/tutorial.py
[2026-04-09T00:44:27.374+0000] {logging_mixin.py:190} INFO - [2026-04-09T00:44:27.374+0000] {dag.py:3211} INFO - Sync 1 DAGs
[2026-04-09T00:44:27.381+0000] {logging_mixin.py:190} INFO - [2026-04-09T00:44:27.381+0000] {dag.py:4138} INFO - Setting next_dagrun for tutorial to 2026-04-08 00:00:00+00:00, run_after=2026-04-09 00:00:00+00:00
[2026-04-09T00:44:27.386+0000] {processor.py:208} INFO - Processing /home/airflow/.local/lib/python3.12/site-packages/airflow/example_dags/tutorial.py took 0.024 seconds
[2026-04-09T00:44:58.295+0000] {processor.py:186} INFO - Started process (PID=1752) to work on /home/airflow/.local/lib/python3.12/site-packages/airflow/example_dags/tutorial.py
[2026-04-09T00:44:58.295+0000] {processor.py:914} INFO - Processing file /home/airflow/.local/lib/python3.12/site-packages/airflow/example_dags/tutorial.py for tasks to queue
[2026-04-09T00:44:58.296+0000] {logging_mixin.py:190} INFO - [2026-04-09T00:44:58.296+0000] {dagbag.py:587} INFO - Filling up the DagBag from /home/airflow/.local/lib/python3.12/site-packages/airflow/example_dags/tutorial.py
[2026-04-09T00:44:58.299+0000] {processor.py:925} INFO - DAG(s) 'tutorial' retrieved from /home/airflow/.local/lib/python3.12/site-packages/airflow/example_dags/tutorial.py
[2026-04-09T00:44:58.307+0000] {logging_mixin.py:190} INFO - [2026-04-09T00:44:58.307+0000] {dag.py:3211} INFO - Sync 1 DAGs
[2026-04-09T00:44:58.317+0000] {logging_mixin.py:190} INFO - [2026-04-09T00:44:58.317+0000] {dag.py:4138} INFO - Setting next_dagrun for tutorial to 2026-04-08 00:00:00+00:00, run_after=2026-04-09 00:00:00+00:00
[2026-04-09T00:44:58.326+0000] {processor.py:208} INFO - Processing /home/airflow/.local/lib/python3.12/site-packages/airflow/example_dags/tutorial.py took 0.033 seconds
[2026-04-09T00:45:29.287+0000] {processor.py:186} INFO - Started process (PID=1815) to work on /home/airflow/.local/lib/python3.12/site-packages/airflow/example_dags/tutorial.py
[2026-04-09T00:45:29.287+0000] {processor.py:914} INFO - Processing file /home/airflow/.local/lib/python3.12/site-packages/airflow/example_dags/tutorial.py for tasks to queue
[2026-04-09T00:45:29.288+0000] {logging_mixin.py:190} INFO - [2026-04-09T00:45:29.288+0000] {dagbag.py:587} INFO - Filling up the DagBag from /home/airflow/.local/lib/python3.12/site-packages/airflow/example_dags/tutorial.py
[2026-04-09T00:45:29.291+0000] {processor.py:925} INFO - DAG(s) 'tutorial' retrieved from /home/airflow/.local/lib/python3.12/site-packages/airflow/example_dags/tutorial.py
[2026-04-09T00:45:29.303+0000] {logging_mixin.py:190} INFO - [2026-04-09T00:45:29.303+0000] {dag.py:3211} INFO - Sync 1 DAGs
[2026-04-09T00:45:29.310+0000] {logging_mixin.py:190} INFO - [2026-04-09T00:45:29.310+0000] {dag.py:4138} INFO - Setting next_dagrun for tutorial to 2026-04-08 00:00:00+00:00, run_after=2026-04-09 00:00:00+00:00
[2026-04-09T00:45:29.321+0000] {processor.py:208} INFO - Processing /home/airflow/.local/lib/python3.12/site-packages/airflow/example_dags/tutorial.py took 0.036 seconds
[2026-04-09T00:46:00.228+0000] {processor.py:186} INFO - Started process (PID=1879) to work on /home/airflow/.local/lib/python3.12/site-packages/airflow/example_dags/tutorial.py
[2026-04-09T00:46:00.228+0000] {processor.py:914} INFO - Processing file /home/airflow/.local/lib/python3.12/site-packages/airflow/example_dags/tutorial.py for tasks to queue
[2026-04-09T00:46:00.229+0000] {logging_mixin.py:190} INFO - [2026-04-09T00:46:00.229+0000] {dagbag.py:587} INFO - Filling up the DagBag from /home/airflow/.local/lib/python3.12/site-packages/airflow/example_dags/tutorial.py
[2026-04-09T00:46:00.232+0000] {processor.py:925} INFO - DAG(s) 'tutorial' retrieved from /home/airflow/.local/lib/python3.12/site-packages/airflow/example_dags/tutorial.py
[2026-04-09T00:46:00.239+0000] {logging_mixin.py:190} INFO - [2026-04-09T00:46:00.239+0000] {dag.py:3211} INFO - Sync 1 DAGs
[2026-04-09T00:46:00.246+0000] {logging_mixin.py:190} INFO - [2026-04-09T00:46:00.246+0000] {dag.py:4138} INFO - Setting next_dagrun for tutorial to 2026-04-08 00:00:00+00:00, run_after=2026-04-09 00:00:00+00:00
[2026-04-09T00:46:00.251+0000] {processor.py:208} INFO - Processing /home/airflow/.local/lib/python3.12/site-packages/airflow/example_dags/tutorial.py took 0.025 seconds
