[2026-04-09T00:31:36.490+0000] {processor.py:186} INFO - Started process (PID=52) to work on /home/airflow/.local/lib/python3.12/site-packages/airflow/example_dags/tutorial_objectstorage.py
[2026-04-09T00:31:36.492+0000] {processor.py:914} INFO - Processing file /home/airflow/.local/lib/python3.12/site-packages/airflow/example_dags/tutorial_objectstorage.py for tasks to queue
[2026-04-09T00:31:36.493+0000] {logging_mixin.py:190} INFO - [2026-04-09T00:31:36.493+0000] {dagbag.py:587} INFO - Filling up the DagBag from /home/airflow/.local/lib/python3.12/site-packages/airflow/example_dags/tutorial_objectstorage.py
[2026-04-09T00:31:36.498+0000] {processor.py:925} INFO - DAG(s) 'tutorial_objectstorage' retrieved from /home/airflow/.local/lib/python3.12/site-packages/airflow/example_dags/tutorial_objectstorage.py
[2026-04-09T00:31:36.546+0000] {logging_mixin.py:190} INFO - [2026-04-09T00:31:36.545+0000] {dag.py:3211} INFO - Sync 1 DAGs
[2026-04-09T00:31:36.552+0000] {logging_mixin.py:190} INFO - [2026-04-09T00:31:36.552+0000] {dag.py:4138} INFO - Setting next_dagrun for tutorial_objectstorage to None, run_after=None
[2026-04-09T00:31:36.563+0000] {processor.py:208} INFO - Processing /home/airflow/.local/lib/python3.12/site-packages/airflow/example_dags/tutorial_objectstorage.py took 0.075 seconds
[2026-04-09T00:32:07.141+0000] {processor.py:186} INFO - Started process (PID=115) to work on /home/airflow/.local/lib/python3.12/site-packages/airflow/example_dags/tutorial_objectstorage.py
[2026-04-09T00:32:07.143+0000] {processor.py:914} INFO - Processing file /home/airflow/.local/lib/python3.12/site-packages/airflow/example_dags/tutorial_objectstorage.py for tasks to queue
[2026-04-09T00:32:07.144+0000] {logging_mixin.py:190} INFO - [2026-04-09T00:32:07.144+0000] {dagbag.py:587} INFO - Filling up the DagBag from /home/airflow/.local/lib/python3.12/site-packages/airflow/example_dags/tutorial_objectstorage.py
[2026-04-09T00:32:07.148+0000] {processor.py:925} INFO - DAG(s) 'tutorial_objectstorage' retrieved from /home/airflow/.local/lib/python3.12/site-packages/airflow/example_dags/tutorial_objectstorage.py
[2026-04-09T00:32:07.155+0000] {logging_mixin.py:190} INFO - [2026-04-09T00:32:07.155+0000] {dag.py:3211} INFO - Sync 1 DAGs
[2026-04-09T00:32:07.160+0000] {logging_mixin.py:190} INFO - [2026-04-09T00:32:07.160+0000] {dag.py:4138} INFO - Setting next_dagrun for tutorial_objectstorage to None, run_after=None
[2026-04-09T00:32:07.169+0000] {processor.py:208} INFO - Processing /home/airflow/.local/lib/python3.12/site-packages/airflow/example_dags/tutorial_objectstorage.py took 0.031 seconds
[2026-04-09T00:32:38.038+0000] {processor.py:186} INFO - Started process (PID=179) to work on /home/airflow/.local/lib/python3.12/site-packages/airflow/example_dags/tutorial_objectstorage.py
[2026-04-09T00:32:38.041+0000] {processor.py:914} INFO - Processing file /home/airflow/.local/lib/python3.12/site-packages/airflow/example_dags/tutorial_objectstorage.py for tasks to queue
[2026-04-09T00:32:38.042+0000] {logging_mixin.py:190} INFO - [2026-04-09T00:32:38.042+0000] {dagbag.py:587} INFO - Filling up the DagBag from /home/airflow/.local/lib/python3.12/site-packages/airflow/example_dags/tutorial_objectstorage.py
[2026-04-09T00:32:38.046+0000] {processor.py:925} INFO - DAG(s) 'tutorial_objectstorage' retrieved from /home/airflow/.local/lib/python3.12/site-packages/airflow/example_dags/tutorial_objectstorage.py
[2026-04-09T00:32:38.058+0000] {logging_mixin.py:190} INFO - [2026-04-09T00:32:38.057+0000] {dag.py:3211} INFO - Sync 1 DAGs
[2026-04-09T00:32:38.064+0000] {logging_mixin.py:190} INFO - [2026-04-09T00:32:38.064+0000] {dag.py:4138} INFO - Setting next_dagrun for tutorial_objectstorage to None, run_after=None
[2026-04-09T00:32:38.074+0000] {processor.py:208} INFO - Processing /home/airflow/.local/lib/python3.12/site-packages/airflow/example_dags/tutorial_objectstorage.py took 0.038 seconds
[2026-04-09T00:33:08.947+0000] {processor.py:186} INFO - Started process (PID=243) to work on /home/airflow/.local/lib/python3.12/site-packages/airflow/example_dags/tutorial_objectstorage.py
[2026-04-09T00:33:08.948+0000] {processor.py:914} INFO - Processing file /home/airflow/.local/lib/python3.12/site-packages/airflow/example_dags/tutorial_objectstorage.py for tasks to queue
[2026-04-09T00:33:08.949+0000] {logging_mixin.py:190} INFO - [2026-04-09T00:33:08.949+0000] {dagbag.py:587} INFO - Filling up the DagBag from /home/airflow/.local/lib/python3.12/site-packages/airflow/example_dags/tutorial_objectstorage.py
[2026-04-09T00:33:08.954+0000] {processor.py:925} INFO - DAG(s) 'tutorial_objectstorage' retrieved from /home/airflow/.local/lib/python3.12/site-packages/airflow/example_dags/tutorial_objectstorage.py
[2026-04-09T00:33:08.960+0000] {logging_mixin.py:190} INFO - [2026-04-09T00:33:08.960+0000] {dag.py:3211} INFO - Sync 1 DAGs
[2026-04-09T00:33:08.966+0000] {logging_mixin.py:190} INFO - [2026-04-09T00:33:08.966+0000] {dag.py:4138} INFO - Setting next_dagrun for tutorial_objectstorage to None, run_after=None
[2026-04-09T00:33:08.974+0000] {processor.py:208} INFO - Processing /home/airflow/.local/lib/python3.12/site-packages/airflow/example_dags/tutorial_objectstorage.py took 0.029 seconds
[2026-04-09T00:33:39.739+0000] {processor.py:186} INFO - Started process (PID=307) to work on /home/airflow/.local/lib/python3.12/site-packages/airflow/example_dags/tutorial_objectstorage.py
[2026-04-09T00:33:39.739+0000] {processor.py:914} INFO - Processing file /home/airflow/.local/lib/python3.12/site-packages/airflow/example_dags/tutorial_objectstorage.py for tasks to queue
[2026-04-09T00:33:39.740+0000] {logging_mixin.py:190} INFO - [2026-04-09T00:33:39.740+0000] {dagbag.py:587} INFO - Filling up the DagBag from /home/airflow/.local/lib/python3.12/site-packages/airflow/example_dags/tutorial_objectstorage.py
[2026-04-09T00:33:39.745+0000] {processor.py:925} INFO - DAG(s) 'tutorial_objectstorage' retrieved from /home/airflow/.local/lib/python3.12/site-packages/airflow/example_dags/tutorial_objectstorage.py
[2026-04-09T00:33:39.754+0000] {logging_mixin.py:190} INFO - [2026-04-09T00:33:39.754+0000] {dag.py:3211} INFO - Sync 1 DAGs
[2026-04-09T00:33:39.763+0000] {logging_mixin.py:190} INFO - [2026-04-09T00:33:39.762+0000] {dag.py:4138} INFO - Setting next_dagrun for tutorial_objectstorage to None, run_after=None
[2026-04-09T00:33:39.772+0000] {processor.py:208} INFO - Processing /home/airflow/.local/lib/python3.12/site-packages/airflow/example_dags/tutorial_objectstorage.py took 0.036 seconds
[2026-04-09T00:34:10.547+0000] {processor.py:186} INFO - Started process (PID=377) to work on /home/airflow/.local/lib/python3.12/site-packages/airflow/example_dags/tutorial_objectstorage.py
[2026-04-09T00:34:10.547+0000] {processor.py:914} INFO - Processing file /home/airflow/.local/lib/python3.12/site-packages/airflow/example_dags/tutorial_objectstorage.py for tasks to queue
[2026-04-09T00:34:10.548+0000] {logging_mixin.py:190} INFO - [2026-04-09T00:34:10.548+0000] {dagbag.py:587} INFO - Filling up the DagBag from /home/airflow/.local/lib/python3.12/site-packages/airflow/example_dags/tutorial_objectstorage.py
[2026-04-09T00:34:10.552+0000] {processor.py:925} INFO - DAG(s) 'tutorial_objectstorage' retrieved from /home/airflow/.local/lib/python3.12/site-packages/airflow/example_dags/tutorial_objectstorage.py
[2026-04-09T00:34:10.565+0000] {logging_mixin.py:190} INFO - [2026-04-09T00:34:10.565+0000] {dag.py:3211} INFO - Sync 1 DAGs
[2026-04-09T00:34:10.570+0000] {logging_mixin.py:190} INFO - [2026-04-09T00:34:10.570+0000] {dag.py:4138} INFO - Setting next_dagrun for tutorial_objectstorage to None, run_after=None
[2026-04-09T00:34:10.579+0000] {processor.py:208} INFO - Processing /home/airflow/.local/lib/python3.12/site-packages/airflow/example_dags/tutorial_objectstorage.py took 0.034 seconds
[2026-04-09T00:34:41.439+0000] {processor.py:186} INFO - Started process (PID=441) to work on /home/airflow/.local/lib/python3.12/site-packages/airflow/example_dags/tutorial_objectstorage.py
[2026-04-09T00:34:41.440+0000] {processor.py:914} INFO - Processing file /home/airflow/.local/lib/python3.12/site-packages/airflow/example_dags/tutorial_objectstorage.py for tasks to queue
[2026-04-09T00:34:41.441+0000] {logging_mixin.py:190} INFO - [2026-04-09T00:34:41.441+0000] {dagbag.py:587} INFO - Filling up the DagBag from /home/airflow/.local/lib/python3.12/site-packages/airflow/example_dags/tutorial_objectstorage.py
[2026-04-09T00:34:41.445+0000] {processor.py:925} INFO - DAG(s) 'tutorial_objectstorage' retrieved from /home/airflow/.local/lib/python3.12/site-packages/airflow/example_dags/tutorial_objectstorage.py
[2026-04-09T00:34:41.452+0000] {logging_mixin.py:190} INFO - [2026-04-09T00:34:41.452+0000] {dag.py:3211} INFO - Sync 1 DAGs
[2026-04-09T00:34:41.457+0000] {logging_mixin.py:190} INFO - [2026-04-09T00:34:41.457+0000] {dag.py:4138} INFO - Setting next_dagrun for tutorial_objectstorage to None, run_after=None
[2026-04-09T00:34:41.467+0000] {processor.py:208} INFO - Processing /home/airflow/.local/lib/python3.12/site-packages/airflow/example_dags/tutorial_objectstorage.py took 0.030 seconds
[2026-04-09T00:35:12.173+0000] {processor.py:186} INFO - Started process (PID=505) to work on /home/airflow/.local/lib/python3.12/site-packages/airflow/example_dags/tutorial_objectstorage.py
[2026-04-09T00:35:12.174+0000] {processor.py:914} INFO - Processing file /home/airflow/.local/lib/python3.12/site-packages/airflow/example_dags/tutorial_objectstorage.py for tasks to queue
[2026-04-09T00:35:12.175+0000] {logging_mixin.py:190} INFO - [2026-04-09T00:35:12.175+0000] {dagbag.py:587} INFO - Filling up the DagBag from /home/airflow/.local/lib/python3.12/site-packages/airflow/example_dags/tutorial_objectstorage.py
[2026-04-09T00:35:12.179+0000] {processor.py:925} INFO - DAG(s) 'tutorial_objectstorage' retrieved from /home/airflow/.local/lib/python3.12/site-packages/airflow/example_dags/tutorial_objectstorage.py
[2026-04-09T00:35:12.186+0000] {logging_mixin.py:190} INFO - [2026-04-09T00:35:12.186+0000] {dag.py:3211} INFO - Sync 1 DAGs
[2026-04-09T00:35:12.191+0000] {logging_mixin.py:190} INFO - [2026-04-09T00:35:12.191+0000] {dag.py:4138} INFO - Setting next_dagrun for tutorial_objectstorage to None, run_after=None
[2026-04-09T00:35:12.200+0000] {processor.py:208} INFO - Processing /home/airflow/.local/lib/python3.12/site-packages/airflow/example_dags/tutorial_objectstorage.py took 0.029 seconds
[2026-04-09T00:35:42.886+0000] {processor.py:186} INFO - Started process (PID=568) to work on /home/airflow/.local/lib/python3.12/site-packages/airflow/example_dags/tutorial_objectstorage.py
[2026-04-09T00:35:42.886+0000] {processor.py:914} INFO - Processing file /home/airflow/.local/lib/python3.12/site-packages/airflow/example_dags/tutorial_objectstorage.py for tasks to queue
[2026-04-09T00:35:42.887+0000] {logging_mixin.py:190} INFO - [2026-04-09T00:35:42.887+0000] {dagbag.py:587} INFO - Filling up the DagBag from /home/airflow/.local/lib/python3.12/site-packages/airflow/example_dags/tutorial_objectstorage.py
[2026-04-09T00:35:42.893+0000] {processor.py:925} INFO - DAG(s) 'tutorial_objectstorage' retrieved from /home/airflow/.local/lib/python3.12/site-packages/airflow/example_dags/tutorial_objectstorage.py
[2026-04-09T00:35:42.904+0000] {logging_mixin.py:190} INFO - [2026-04-09T00:35:42.904+0000] {dag.py:3211} INFO - Sync 1 DAGs
[2026-04-09T00:35:42.911+0000] {logging_mixin.py:190} INFO - [2026-04-09T00:35:42.911+0000] {dag.py:4138} INFO - Setting next_dagrun for tutorial_objectstorage to None, run_after=None
[2026-04-09T00:35:42.921+0000] {processor.py:208} INFO - Processing /home/airflow/.local/lib/python3.12/site-packages/airflow/example_dags/tutorial_objectstorage.py took 0.037 seconds
[2026-04-09T00:36:13.686+0000] {processor.py:186} INFO - Started process (PID=632) to work on /home/airflow/.local/lib/python3.12/site-packages/airflow/example_dags/tutorial_objectstorage.py
[2026-04-09T00:36:13.687+0000] {processor.py:914} INFO - Processing file /home/airflow/.local/lib/python3.12/site-packages/airflow/example_dags/tutorial_objectstorage.py for tasks to queue
[2026-04-09T00:36:13.689+0000] {logging_mixin.py:190} INFO - [2026-04-09T00:36:13.688+0000] {dagbag.py:587} INFO - Filling up the DagBag from /home/airflow/.local/lib/python3.12/site-packages/airflow/example_dags/tutorial_objectstorage.py
[2026-04-09T00:36:13.693+0000] {processor.py:925} INFO - DAG(s) 'tutorial_objectstorage' retrieved from /home/airflow/.local/lib/python3.12/site-packages/airflow/example_dags/tutorial_objectstorage.py
[2026-04-09T00:36:13.701+0000] {logging_mixin.py:190} INFO - [2026-04-09T00:36:13.701+0000] {dag.py:3211} INFO - Sync 1 DAGs
[2026-04-09T00:36:13.706+0000] {logging_mixin.py:190} INFO - [2026-04-09T00:36:13.706+0000] {dag.py:4138} INFO - Setting next_dagrun for tutorial_objectstorage to None, run_after=None
[2026-04-09T00:36:13.714+0000] {processor.py:208} INFO - Processing /home/airflow/.local/lib/python3.12/site-packages/airflow/example_dags/tutorial_objectstorage.py took 0.030 seconds
[2026-04-09T00:36:44.520+0000] {processor.py:186} INFO - Started process (PID=696) to work on /home/airflow/.local/lib/python3.12/site-packages/airflow/example_dags/tutorial_objectstorage.py
[2026-04-09T00:36:44.521+0000] {processor.py:914} INFO - Processing file /home/airflow/.local/lib/python3.12/site-packages/airflow/example_dags/tutorial_objectstorage.py for tasks to queue
[2026-04-09T00:36:44.522+0000] {logging_mixin.py:190} INFO - [2026-04-09T00:36:44.522+0000] {dagbag.py:587} INFO - Filling up the DagBag from /home/airflow/.local/lib/python3.12/site-packages/airflow/example_dags/tutorial_objectstorage.py
[2026-04-09T00:36:44.527+0000] {processor.py:925} INFO - DAG(s) 'tutorial_objectstorage' retrieved from /home/airflow/.local/lib/python3.12/site-packages/airflow/example_dags/tutorial_objectstorage.py
[2026-04-09T00:36:44.534+0000] {logging_mixin.py:190} INFO - [2026-04-09T00:36:44.534+0000] {dag.py:3211} INFO - Sync 1 DAGs
[2026-04-09T00:36:44.539+0000] {logging_mixin.py:190} INFO - [2026-04-09T00:36:44.539+0000] {dag.py:4138} INFO - Setting next_dagrun for tutorial_objectstorage to None, run_after=None
[2026-04-09T00:36:44.546+0000] {processor.py:208} INFO - Processing /home/airflow/.local/lib/python3.12/site-packages/airflow/example_dags/tutorial_objectstorage.py took 0.028 seconds
[2026-04-09T00:37:15.306+0000] {processor.py:186} INFO - Started process (PID=760) to work on /home/airflow/.local/lib/python3.12/site-packages/airflow/example_dags/tutorial_objectstorage.py
[2026-04-09T00:37:15.307+0000] {processor.py:914} INFO - Processing file /home/airflow/.local/lib/python3.12/site-packages/airflow/example_dags/tutorial_objectstorage.py for tasks to queue
[2026-04-09T00:37:15.309+0000] {logging_mixin.py:190} INFO - [2026-04-09T00:37:15.309+0000] {dagbag.py:587} INFO - Filling up the DagBag from /home/airflow/.local/lib/python3.12/site-packages/airflow/example_dags/tutorial_objectstorage.py
[2026-04-09T00:37:15.314+0000] {processor.py:925} INFO - DAG(s) 'tutorial_objectstorage' retrieved from /home/airflow/.local/lib/python3.12/site-packages/airflow/example_dags/tutorial_objectstorage.py
[2026-04-09T00:37:15.322+0000] {logging_mixin.py:190} INFO - [2026-04-09T00:37:15.322+0000] {dag.py:3211} INFO - Sync 1 DAGs
[2026-04-09T00:37:15.328+0000] {logging_mixin.py:190} INFO - [2026-04-09T00:37:15.328+0000] {dag.py:4138} INFO - Setting next_dagrun for tutorial_objectstorage to None, run_after=None
[2026-04-09T00:37:15.338+0000] {processor.py:208} INFO - Processing /home/airflow/.local/lib/python3.12/site-packages/airflow/example_dags/tutorial_objectstorage.py took 0.033 seconds
[2026-04-09T00:37:45.983+0000] {processor.py:186} INFO - Started process (PID=824) to work on /home/airflow/.local/lib/python3.12/site-packages/airflow/example_dags/tutorial_objectstorage.py
[2026-04-09T00:37:45.984+0000] {processor.py:914} INFO - Processing file /home/airflow/.local/lib/python3.12/site-packages/airflow/example_dags/tutorial_objectstorage.py for tasks to queue
[2026-04-09T00:37:45.986+0000] {logging_mixin.py:190} INFO - [2026-04-09T00:37:45.985+0000] {dagbag.py:587} INFO - Filling up the DagBag from /home/airflow/.local/lib/python3.12/site-packages/airflow/example_dags/tutorial_objectstorage.py
[2026-04-09T00:37:45.991+0000] {processor.py:925} INFO - DAG(s) 'tutorial_objectstorage' retrieved from /home/airflow/.local/lib/python3.12/site-packages/airflow/example_dags/tutorial_objectstorage.py
[2026-04-09T00:37:46.004+0000] {logging_mixin.py:190} INFO - [2026-04-09T00:37:46.004+0000] {dag.py:3211} INFO - Sync 1 DAGs
[2026-04-09T00:37:46.011+0000] {logging_mixin.py:190} INFO - [2026-04-09T00:37:46.010+0000] {dag.py:4138} INFO - Setting next_dagrun for tutorial_objectstorage to None, run_after=None
[2026-04-09T00:37:46.018+0000] {processor.py:208} INFO - Processing /home/airflow/.local/lib/python3.12/site-packages/airflow/example_dags/tutorial_objectstorage.py took 0.037 seconds
[2026-04-09T00:38:16.771+0000] {processor.py:186} INFO - Started process (PID=888) to work on /home/airflow/.local/lib/python3.12/site-packages/airflow/example_dags/tutorial_objectstorage.py
[2026-04-09T00:38:16.772+0000] {processor.py:914} INFO - Processing file /home/airflow/.local/lib/python3.12/site-packages/airflow/example_dags/tutorial_objectstorage.py for tasks to queue
[2026-04-09T00:38:16.773+0000] {logging_mixin.py:190} INFO - [2026-04-09T00:38:16.772+0000] {dagbag.py:587} INFO - Filling up the DagBag from /home/airflow/.local/lib/python3.12/site-packages/airflow/example_dags/tutorial_objectstorage.py
[2026-04-09T00:38:16.777+0000] {processor.py:925} INFO - DAG(s) 'tutorial_objectstorage' retrieved from /home/airflow/.local/lib/python3.12/site-packages/airflow/example_dags/tutorial_objectstorage.py
[2026-04-09T00:38:16.789+0000] {logging_mixin.py:190} INFO - [2026-04-09T00:38:16.789+0000] {dag.py:3211} INFO - Sync 1 DAGs
[2026-04-09T00:38:16.794+0000] {logging_mixin.py:190} INFO - [2026-04-09T00:38:16.794+0000] {dag.py:4138} INFO - Setting next_dagrun for tutorial_objectstorage to None, run_after=None
[2026-04-09T00:38:16.806+0000] {processor.py:208} INFO - Processing /home/airflow/.local/lib/python3.12/site-packages/airflow/example_dags/tutorial_objectstorage.py took 0.038 seconds
[2026-04-09T00:38:47.461+0000] {processor.py:186} INFO - Started process (PID=952) to work on /home/airflow/.local/lib/python3.12/site-packages/airflow/example_dags/tutorial_objectstorage.py
[2026-04-09T00:38:47.461+0000] {processor.py:914} INFO - Processing file /home/airflow/.local/lib/python3.12/site-packages/airflow/example_dags/tutorial_objectstorage.py for tasks to queue
[2026-04-09T00:38:47.462+0000] {logging_mixin.py:190} INFO - [2026-04-09T00:38:47.462+0000] {dagbag.py:587} INFO - Filling up the DagBag from /home/airflow/.local/lib/python3.12/site-packages/airflow/example_dags/tutorial_objectstorage.py
[2026-04-09T00:38:47.466+0000] {processor.py:925} INFO - DAG(s) 'tutorial_objectstorage' retrieved from /home/airflow/.local/lib/python3.12/site-packages/airflow/example_dags/tutorial_objectstorage.py
[2026-04-09T00:38:47.473+0000] {logging_mixin.py:190} INFO - [2026-04-09T00:38:47.473+0000] {dag.py:3211} INFO - Sync 1 DAGs
[2026-04-09T00:38:47.478+0000] {logging_mixin.py:190} INFO - [2026-04-09T00:38:47.478+0000] {dag.py:4138} INFO - Setting next_dagrun for tutorial_objectstorage to None, run_after=None
[2026-04-09T00:38:47.489+0000] {processor.py:208} INFO - Processing /home/airflow/.local/lib/python3.12/site-packages/airflow/example_dags/tutorial_objectstorage.py took 0.030 seconds
[2026-04-09T00:39:18.227+0000] {processor.py:186} INFO - Started process (PID=1016) to work on /home/airflow/.local/lib/python3.12/site-packages/airflow/example_dags/tutorial_objectstorage.py
[2026-04-09T00:39:18.228+0000] {processor.py:914} INFO - Processing file /home/airflow/.local/lib/python3.12/site-packages/airflow/example_dags/tutorial_objectstorage.py for tasks to queue
[2026-04-09T00:39:18.230+0000] {logging_mixin.py:190} INFO - [2026-04-09T00:39:18.230+0000] {dagbag.py:587} INFO - Filling up the DagBag from /home/airflow/.local/lib/python3.12/site-packages/airflow/example_dags/tutorial_objectstorage.py
[2026-04-09T00:39:18.234+0000] {processor.py:925} INFO - DAG(s) 'tutorial_objectstorage' retrieved from /home/airflow/.local/lib/python3.12/site-packages/airflow/example_dags/tutorial_objectstorage.py
[2026-04-09T00:39:18.246+0000] {logging_mixin.py:190} INFO - [2026-04-09T00:39:18.243+0000] {dag.py:3211} INFO - Sync 1 DAGs
[2026-04-09T00:39:18.253+0000] {logging_mixin.py:190} INFO - [2026-04-09T00:39:18.253+0000] {dag.py:4138} INFO - Setting next_dagrun for tutorial_objectstorage to None, run_after=None
[2026-04-09T00:39:18.260+0000] {processor.py:208} INFO - Processing /home/airflow/.local/lib/python3.12/site-packages/airflow/example_dags/tutorial_objectstorage.py took 0.036 seconds
[2026-04-09T00:39:48.991+0000] {processor.py:186} INFO - Started process (PID=1080) to work on /home/airflow/.local/lib/python3.12/site-packages/airflow/example_dags/tutorial_objectstorage.py
[2026-04-09T00:39:48.991+0000] {processor.py:914} INFO - Processing file /home/airflow/.local/lib/python3.12/site-packages/airflow/example_dags/tutorial_objectstorage.py for tasks to queue
[2026-04-09T00:39:48.993+0000] {logging_mixin.py:190} INFO - [2026-04-09T00:39:48.993+0000] {dagbag.py:587} INFO - Filling up the DagBag from /home/airflow/.local/lib/python3.12/site-packages/airflow/example_dags/tutorial_objectstorage.py
[2026-04-09T00:39:48.996+0000] {processor.py:925} INFO - DAG(s) 'tutorial_objectstorage' retrieved from /home/airflow/.local/lib/python3.12/site-packages/airflow/example_dags/tutorial_objectstorage.py
[2026-04-09T00:39:49.007+0000] {logging_mixin.py:190} INFO - [2026-04-09T00:39:49.007+0000] {dag.py:3211} INFO - Sync 1 DAGs
[2026-04-09T00:39:49.013+0000] {logging_mixin.py:190} INFO - [2026-04-09T00:39:49.013+0000] {dag.py:4138} INFO - Setting next_dagrun for tutorial_objectstorage to None, run_after=None
[2026-04-09T00:39:49.022+0000] {processor.py:208} INFO - Processing /home/airflow/.local/lib/python3.12/site-packages/airflow/example_dags/tutorial_objectstorage.py took 0.033 seconds
[2026-04-09T00:40:19.820+0000] {processor.py:186} INFO - Started process (PID=1144) to work on /home/airflow/.local/lib/python3.12/site-packages/airflow/example_dags/tutorial_objectstorage.py
[2026-04-09T00:40:19.820+0000] {processor.py:914} INFO - Processing file /home/airflow/.local/lib/python3.12/site-packages/airflow/example_dags/tutorial_objectstorage.py for tasks to queue
[2026-04-09T00:40:19.821+0000] {logging_mixin.py:190} INFO - [2026-04-09T00:40:19.821+0000] {dagbag.py:587} INFO - Filling up the DagBag from /home/airflow/.local/lib/python3.12/site-packages/airflow/example_dags/tutorial_objectstorage.py
[2026-04-09T00:40:19.825+0000] {processor.py:925} INFO - DAG(s) 'tutorial_objectstorage' retrieved from /home/airflow/.local/lib/python3.12/site-packages/airflow/example_dags/tutorial_objectstorage.py
[2026-04-09T00:40:19.832+0000] {logging_mixin.py:190} INFO - [2026-04-09T00:40:19.832+0000] {dag.py:3211} INFO - Sync 1 DAGs
[2026-04-09T00:40:19.839+0000] {logging_mixin.py:190} INFO - [2026-04-09T00:40:19.839+0000] {dag.py:4138} INFO - Setting next_dagrun for tutorial_objectstorage to None, run_after=None
[2026-04-09T00:40:19.850+0000] {processor.py:208} INFO - Processing /home/airflow/.local/lib/python3.12/site-packages/airflow/example_dags/tutorial_objectstorage.py took 0.032 seconds
[2026-04-09T00:40:50.588+0000] {processor.py:186} INFO - Started process (PID=1208) to work on /home/airflow/.local/lib/python3.12/site-packages/airflow/example_dags/tutorial_objectstorage.py
[2026-04-09T00:40:50.589+0000] {processor.py:914} INFO - Processing file /home/airflow/.local/lib/python3.12/site-packages/airflow/example_dags/tutorial_objectstorage.py for tasks to queue
[2026-04-09T00:40:50.590+0000] {logging_mixin.py:190} INFO - [2026-04-09T00:40:50.590+0000] {dagbag.py:587} INFO - Filling up the DagBag from /home/airflow/.local/lib/python3.12/site-packages/airflow/example_dags/tutorial_objectstorage.py
[2026-04-09T00:40:50.597+0000] {processor.py:925} INFO - DAG(s) 'tutorial_objectstorage' retrieved from /home/airflow/.local/lib/python3.12/site-packages/airflow/example_dags/tutorial_objectstorage.py
[2026-04-09T00:40:50.605+0000] {logging_mixin.py:190} INFO - [2026-04-09T00:40:50.605+0000] {dag.py:3211} INFO - Sync 1 DAGs
[2026-04-09T00:40:50.611+0000] {logging_mixin.py:190} INFO - [2026-04-09T00:40:50.611+0000] {dag.py:4138} INFO - Setting next_dagrun for tutorial_objectstorage to None, run_after=None
[2026-04-09T00:40:50.619+0000] {processor.py:208} INFO - Processing /home/airflow/.local/lib/python3.12/site-packages/airflow/example_dags/tutorial_objectstorage.py took 0.033 seconds
[2026-04-09T00:41:21.303+0000] {processor.py:186} INFO - Started process (PID=1272) to work on /home/airflow/.local/lib/python3.12/site-packages/airflow/example_dags/tutorial_objectstorage.py
[2026-04-09T00:41:21.303+0000] {processor.py:914} INFO - Processing file /home/airflow/.local/lib/python3.12/site-packages/airflow/example_dags/tutorial_objectstorage.py for tasks to queue
[2026-04-09T00:41:21.305+0000] {logging_mixin.py:190} INFO - [2026-04-09T00:41:21.305+0000] {dagbag.py:587} INFO - Filling up the DagBag from /home/airflow/.local/lib/python3.12/site-packages/airflow/example_dags/tutorial_objectstorage.py
[2026-04-09T00:41:21.308+0000] {processor.py:925} INFO - DAG(s) 'tutorial_objectstorage' retrieved from /home/airflow/.local/lib/python3.12/site-packages/airflow/example_dags/tutorial_objectstorage.py
[2026-04-09T00:41:21.321+0000] {logging_mixin.py:190} INFO - [2026-04-09T00:41:21.320+0000] {dag.py:3211} INFO - Sync 1 DAGs
[2026-04-09T00:41:21.325+0000] {logging_mixin.py:190} INFO - [2026-04-09T00:41:21.325+0000] {dag.py:4138} INFO - Setting next_dagrun for tutorial_objectstorage to None, run_after=None
[2026-04-09T00:41:21.334+0000] {processor.py:208} INFO - Processing /home/airflow/.local/lib/python3.12/site-packages/airflow/example_dags/tutorial_objectstorage.py took 0.034 seconds
[2026-04-09T00:41:52.208+0000] {processor.py:186} INFO - Started process (PID=1336) to work on /home/airflow/.local/lib/python3.12/site-packages/airflow/example_dags/tutorial_objectstorage.py
[2026-04-09T00:41:52.210+0000] {processor.py:914} INFO - Processing file /home/airflow/.local/lib/python3.12/site-packages/airflow/example_dags/tutorial_objectstorage.py for tasks to queue
[2026-04-09T00:41:52.211+0000] {logging_mixin.py:190} INFO - [2026-04-09T00:41:52.211+0000] {dagbag.py:587} INFO - Filling up the DagBag from /home/airflow/.local/lib/python3.12/site-packages/airflow/example_dags/tutorial_objectstorage.py
[2026-04-09T00:41:52.216+0000] {processor.py:925} INFO - DAG(s) 'tutorial_objectstorage' retrieved from /home/airflow/.local/lib/python3.12/site-packages/airflow/example_dags/tutorial_objectstorage.py
[2026-04-09T00:41:52.226+0000] {logging_mixin.py:190} INFO - [2026-04-09T00:41:52.226+0000] {dag.py:3211} INFO - Sync 1 DAGs
[2026-04-09T00:41:52.232+0000] {logging_mixin.py:190} INFO - [2026-04-09T00:41:52.232+0000] {dag.py:4138} INFO - Setting next_dagrun for tutorial_objectstorage to None, run_after=None
[2026-04-09T00:41:52.241+0000] {processor.py:208} INFO - Processing /home/airflow/.local/lib/python3.12/site-packages/airflow/example_dags/tutorial_objectstorage.py took 0.036 seconds
[2026-04-09T00:42:23.228+0000] {processor.py:186} INFO - Started process (PID=1400) to work on /home/airflow/.local/lib/python3.12/site-packages/airflow/example_dags/tutorial_objectstorage.py
[2026-04-09T00:42:23.229+0000] {processor.py:914} INFO - Processing file /home/airflow/.local/lib/python3.12/site-packages/airflow/example_dags/tutorial_objectstorage.py for tasks to queue
[2026-04-09T00:42:23.230+0000] {logging_mixin.py:190} INFO - [2026-04-09T00:42:23.230+0000] {dagbag.py:587} INFO - Filling up the DagBag from /home/airflow/.local/lib/python3.12/site-packages/airflow/example_dags/tutorial_objectstorage.py
[2026-04-09T00:42:23.236+0000] {processor.py:925} INFO - DAG(s) 'tutorial_objectstorage' retrieved from /home/airflow/.local/lib/python3.12/site-packages/airflow/example_dags/tutorial_objectstorage.py
[2026-04-09T00:42:23.251+0000] {logging_mixin.py:190} INFO - [2026-04-09T00:42:23.251+0000] {dag.py:3211} INFO - Sync 1 DAGs
[2026-04-09T00:42:23.258+0000] {logging_mixin.py:190} INFO - [2026-04-09T00:42:23.258+0000] {dag.py:4138} INFO - Setting next_dagrun for tutorial_objectstorage to None, run_after=None
[2026-04-09T00:42:23.268+0000] {processor.py:208} INFO - Processing /home/airflow/.local/lib/python3.12/site-packages/airflow/example_dags/tutorial_objectstorage.py took 0.043 seconds
[2026-04-09T00:42:54.191+0000] {processor.py:186} INFO - Started process (PID=1464) to work on /home/airflow/.local/lib/python3.12/site-packages/airflow/example_dags/tutorial_objectstorage.py
[2026-04-09T00:42:54.191+0000] {processor.py:914} INFO - Processing file /home/airflow/.local/lib/python3.12/site-packages/airflow/example_dags/tutorial_objectstorage.py for tasks to queue
[2026-04-09T00:42:54.192+0000] {logging_mixin.py:190} INFO - [2026-04-09T00:42:54.192+0000] {dagbag.py:587} INFO - Filling up the DagBag from /home/airflow/.local/lib/python3.12/site-packages/airflow/example_dags/tutorial_objectstorage.py
[2026-04-09T00:42:54.195+0000] {processor.py:925} INFO - DAG(s) 'tutorial_objectstorage' retrieved from /home/airflow/.local/lib/python3.12/site-packages/airflow/example_dags/tutorial_objectstorage.py
[2026-04-09T00:42:54.207+0000] {logging_mixin.py:190} INFO - [2026-04-09T00:42:54.207+0000] {dag.py:3211} INFO - Sync 1 DAGs
[2026-04-09T00:42:54.214+0000] {logging_mixin.py:190} INFO - [2026-04-09T00:42:54.214+0000] {dag.py:4138} INFO - Setting next_dagrun for tutorial_objectstorage to None, run_after=None
[2026-04-09T00:42:54.223+0000] {processor.py:208} INFO - Processing /home/airflow/.local/lib/python3.12/site-packages/airflow/example_dags/tutorial_objectstorage.py took 0.034 seconds
[2026-04-09T00:43:24.945+0000] {processor.py:186} INFO - Started process (PID=1528) to work on /home/airflow/.local/lib/python3.12/site-packages/airflow/example_dags/tutorial_objectstorage.py
[2026-04-09T00:43:24.945+0000] {processor.py:914} INFO - Processing file /home/airflow/.local/lib/python3.12/site-packages/airflow/example_dags/tutorial_objectstorage.py for tasks to queue
[2026-04-09T00:43:24.947+0000] {logging_mixin.py:190} INFO - [2026-04-09T00:43:24.947+0000] {dagbag.py:587} INFO - Filling up the DagBag from /home/airflow/.local/lib/python3.12/site-packages/airflow/example_dags/tutorial_objectstorage.py
[2026-04-09T00:43:24.951+0000] {processor.py:925} INFO - DAG(s) 'tutorial_objectstorage' retrieved from /home/airflow/.local/lib/python3.12/site-packages/airflow/example_dags/tutorial_objectstorage.py
[2026-04-09T00:43:24.960+0000] {logging_mixin.py:190} INFO - [2026-04-09T00:43:24.959+0000] {dag.py:3211} INFO - Sync 1 DAGs
[2026-04-09T00:43:24.965+0000] {logging_mixin.py:190} INFO - [2026-04-09T00:43:24.965+0000] {dag.py:4138} INFO - Setting next_dagrun for tutorial_objectstorage to None, run_after=None
[2026-04-09T00:43:24.978+0000] {processor.py:208} INFO - Processing /home/airflow/.local/lib/python3.12/site-packages/airflow/example_dags/tutorial_objectstorage.py took 0.036 seconds
[2026-04-09T00:43:55.711+0000] {processor.py:186} INFO - Started process (PID=1592) to work on /home/airflow/.local/lib/python3.12/site-packages/airflow/example_dags/tutorial_objectstorage.py
[2026-04-09T00:43:55.712+0000] {processor.py:914} INFO - Processing file /home/airflow/.local/lib/python3.12/site-packages/airflow/example_dags/tutorial_objectstorage.py for tasks to queue
[2026-04-09T00:43:55.713+0000] {logging_mixin.py:190} INFO - [2026-04-09T00:43:55.713+0000] {dagbag.py:587} INFO - Filling up the DagBag from /home/airflow/.local/lib/python3.12/site-packages/airflow/example_dags/tutorial_objectstorage.py
[2026-04-09T00:43:55.717+0000] {processor.py:925} INFO - DAG(s) 'tutorial_objectstorage' retrieved from /home/airflow/.local/lib/python3.12/site-packages/airflow/example_dags/tutorial_objectstorage.py
[2026-04-09T00:43:55.725+0000] {logging_mixin.py:190} INFO - [2026-04-09T00:43:55.725+0000] {dag.py:3211} INFO - Sync 1 DAGs
[2026-04-09T00:43:55.733+0000] {logging_mixin.py:190} INFO - [2026-04-09T00:43:55.733+0000] {dag.py:4138} INFO - Setting next_dagrun for tutorial_objectstorage to None, run_after=None
[2026-04-09T00:43:55.741+0000] {processor.py:208} INFO - Processing /home/airflow/.local/lib/python3.12/site-packages/airflow/example_dags/tutorial_objectstorage.py took 0.032 seconds
[2026-04-09T00:44:26.512+0000] {processor.py:186} INFO - Started process (PID=1656) to work on /home/airflow/.local/lib/python3.12/site-packages/airflow/example_dags/tutorial_objectstorage.py
[2026-04-09T00:44:26.513+0000] {processor.py:914} INFO - Processing file /home/airflow/.local/lib/python3.12/site-packages/airflow/example_dags/tutorial_objectstorage.py for tasks to queue
[2026-04-09T00:44:26.514+0000] {logging_mixin.py:190} INFO - [2026-04-09T00:44:26.514+0000] {dagbag.py:587} INFO - Filling up the DagBag from /home/airflow/.local/lib/python3.12/site-packages/airflow/example_dags/tutorial_objectstorage.py
[2026-04-09T00:44:26.519+0000] {processor.py:925} INFO - DAG(s) 'tutorial_objectstorage' retrieved from /home/airflow/.local/lib/python3.12/site-packages/airflow/example_dags/tutorial_objectstorage.py
[2026-04-09T00:44:26.526+0000] {logging_mixin.py:190} INFO - [2026-04-09T00:44:26.526+0000] {dag.py:3211} INFO - Sync 1 DAGs
[2026-04-09T00:44:26.531+0000] {logging_mixin.py:190} INFO - [2026-04-09T00:44:26.531+0000] {dag.py:4138} INFO - Setting next_dagrun for tutorial_objectstorage to None, run_after=None
[2026-04-09T00:44:26.538+0000] {processor.py:208} INFO - Processing /home/airflow/.local/lib/python3.12/site-packages/airflow/example_dags/tutorial_objectstorage.py took 0.028 seconds
[2026-04-09T00:44:57.290+0000] {processor.py:186} INFO - Started process (PID=1720) to work on /home/airflow/.local/lib/python3.12/site-packages/airflow/example_dags/tutorial_objectstorage.py
[2026-04-09T00:44:57.290+0000] {processor.py:914} INFO - Processing file /home/airflow/.local/lib/python3.12/site-packages/airflow/example_dags/tutorial_objectstorage.py for tasks to queue
[2026-04-09T00:44:57.291+0000] {logging_mixin.py:190} INFO - [2026-04-09T00:44:57.291+0000] {dagbag.py:587} INFO - Filling up the DagBag from /home/airflow/.local/lib/python3.12/site-packages/airflow/example_dags/tutorial_objectstorage.py
[2026-04-09T00:44:57.296+0000] {processor.py:925} INFO - DAG(s) 'tutorial_objectstorage' retrieved from /home/airflow/.local/lib/python3.12/site-packages/airflow/example_dags/tutorial_objectstorage.py
[2026-04-09T00:44:57.304+0000] {logging_mixin.py:190} INFO - [2026-04-09T00:44:57.304+0000] {dag.py:3211} INFO - Sync 1 DAGs
[2026-04-09T00:44:57.309+0000] {logging_mixin.py:190} INFO - [2026-04-09T00:44:57.309+0000] {dag.py:4138} INFO - Setting next_dagrun for tutorial_objectstorage to None, run_after=None
[2026-04-09T00:44:57.318+0000] {processor.py:208} INFO - Processing /home/airflow/.local/lib/python3.12/site-packages/airflow/example_dags/tutorial_objectstorage.py took 0.030 seconds
[2026-04-09T00:45:28.256+0000] {processor.py:186} INFO - Started process (PID=1783) to work on /home/airflow/.local/lib/python3.12/site-packages/airflow/example_dags/tutorial_objectstorage.py
[2026-04-09T00:45:28.257+0000] {processor.py:914} INFO - Processing file /home/airflow/.local/lib/python3.12/site-packages/airflow/example_dags/tutorial_objectstorage.py for tasks to queue
[2026-04-09T00:45:28.258+0000] {logging_mixin.py:190} INFO - [2026-04-09T00:45:28.258+0000] {dagbag.py:587} INFO - Filling up the DagBag from /home/airflow/.local/lib/python3.12/site-packages/airflow/example_dags/tutorial_objectstorage.py
[2026-04-09T00:45:28.262+0000] {processor.py:925} INFO - DAG(s) 'tutorial_objectstorage' retrieved from /home/airflow/.local/lib/python3.12/site-packages/airflow/example_dags/tutorial_objectstorage.py
[2026-04-09T00:45:28.277+0000] {logging_mixin.py:190} INFO - [2026-04-09T00:45:28.277+0000] {dag.py:3211} INFO - Sync 1 DAGs
[2026-04-09T00:45:28.282+0000] {logging_mixin.py:190} INFO - [2026-04-09T00:45:28.282+0000] {dag.py:4138} INFO - Setting next_dagrun for tutorial_objectstorage to None, run_after=None
[2026-04-09T00:45:28.290+0000] {processor.py:208} INFO - Processing /home/airflow/.local/lib/python3.12/site-packages/airflow/example_dags/tutorial_objectstorage.py took 0.036 seconds
[2026-04-09T00:45:59.256+0000] {processor.py:186} INFO - Started process (PID=1847) to work on /home/airflow/.local/lib/python3.12/site-packages/airflow/example_dags/tutorial_objectstorage.py
[2026-04-09T00:45:59.258+0000] {processor.py:914} INFO - Processing file /home/airflow/.local/lib/python3.12/site-packages/airflow/example_dags/tutorial_objectstorage.py for tasks to queue
[2026-04-09T00:45:59.259+0000] {logging_mixin.py:190} INFO - [2026-04-09T00:45:59.259+0000] {dagbag.py:587} INFO - Filling up the DagBag from /home/airflow/.local/lib/python3.12/site-packages/airflow/example_dags/tutorial_objectstorage.py
[2026-04-09T00:45:59.263+0000] {processor.py:925} INFO - DAG(s) 'tutorial_objectstorage' retrieved from /home/airflow/.local/lib/python3.12/site-packages/airflow/example_dags/tutorial_objectstorage.py
[2026-04-09T00:45:59.270+0000] {logging_mixin.py:190} INFO - [2026-04-09T00:45:59.270+0000] {dag.py:3211} INFO - Sync 1 DAGs
[2026-04-09T00:45:59.275+0000] {logging_mixin.py:190} INFO - [2026-04-09T00:45:59.275+0000] {dag.py:4138} INFO - Setting next_dagrun for tutorial_objectstorage to None, run_after=None
[2026-04-09T00:45:59.287+0000] {processor.py:208} INFO - Processing /home/airflow/.local/lib/python3.12/site-packages/airflow/example_dags/tutorial_objectstorage.py took 0.033 seconds
