[2026-04-08T06:29:54.080+0000] {local_task_job_runner.py:123} INFO - ::group::Pre task execution logs
[2026-04-08T06:29:54.093+0000] {taskinstance.py:2603} INFO - Dependencies all met for dep_context=non-requeueable deps ti=<TaskInstance: 02_basics_python.extract_task_data manual__2026-04-08T06:29:51.773621+00:00 [queued]>
[2026-04-08T06:29:54.099+0000] {taskinstance.py:2603} INFO - Dependencies all met for dep_context=requeueable deps ti=<TaskInstance: 02_basics_python.extract_task_data manual__2026-04-08T06:29:51.773621+00:00 [queued]>
[2026-04-08T06:29:54.100+0000] {taskinstance.py:2856} INFO - Starting attempt 1 of 1
[2026-04-08T06:29:54.110+0000] {taskinstance.py:2879} INFO - Executing <Task(PythonOperator): extract_task_data> on 2026-04-08 06:29:51.773621+00:00
[2026-04-08T06:29:54.115+0000] {warnings.py:112} WARNING - /home/***/.local/lib/python3.12/site-packages/***/task/task_runner/standard_task_runner.py:70: DeprecationWarning: This process (pid=3348) is multi-threaded, use of fork() may lead to deadlocks in the child.
  pid = os.fork()

[2026-04-08T06:29:54.117+0000] {standard_task_runner.py:72} INFO - Started process 3350 to run task
[2026-04-08T06:29:54.117+0000] {standard_task_runner.py:104} INFO - Running: ['***', 'tasks', 'run', '02_basics_python', 'extract_task_data', 'manual__2026-04-08T06:29:51.773621+00:00', '--job-id', '17', '--raw', '--subdir', 'DAGS_FOLDER/02_basics_python.py', '--cfg-path', '/tmp/tmpbbs94ou_']
[2026-04-08T06:29:54.118+0000] {standard_task_runner.py:105} INFO - Job 17: Subtask extract_task_data
[2026-04-08T06:29:54.157+0000] {task_command.py:467} INFO - Running <TaskInstance: 02_basics_python.extract_task_data manual__2026-04-08T06:29:51.773621+00:00 [running]> on host 9524e3db50c6
[2026-04-08T06:29:54.212+0000] {taskinstance.py:3122} INFO - Exporting env vars: AIRFLOW_CTX_DAG_OWNER='***' AIRFLOW_CTX_DAG_ID='02_basics_python' AIRFLOW_CTX_TASK_ID='extract_task_data' AIRFLOW_CTX_EXECUTION_DATE='2026-04-08T06:29:51.773621+00:00' AIRFLOW_CTX_TRY_NUMBER='1' AIRFLOW_CTX_DAG_RUN_ID='manual__2026-04-08T06:29:51.773621+00:00'
[2026-04-08T06:29:54.213+0000] {logging_mixin.py:190} INFO - Task instance is in running state
[2026-04-08T06:29:54.214+0000] {logging_mixin.py:190} INFO -  Previous state of the Task instance: queued
[2026-04-08T06:29:54.215+0000] {logging_mixin.py:190} INFO - Current task name:extract_task_data state:running start_date:2026-04-08 06:29:54.094406+00:00
[2026-04-08T06:29:54.216+0000] {logging_mixin.py:190} INFO - Dag name:02_basics_python and current dag run status:running
[2026-04-08T06:29:54.216+0000] {taskinstance.py:731} INFO - ::endgroup::
[2026-04-08T06:29:54.217+0000] {python.py:240} INFO - Done. Returned value was: None
[2026-04-08T06:29:54.225+0000] {taskinstance.py:340} INFO - ::group::Post task execution logs
[2026-04-08T06:29:54.226+0000] {taskinstance.py:352} INFO - Marking task as SUCCESS. dag_id=02_basics_python, task_id=extract_task_data, run_id=manual__2026-04-08T06:29:51.773621+00:00, execution_date=20260408T062951, start_date=20260408T062954, end_date=20260408T062954
[2026-04-08T06:29:54.234+0000] {logging_mixin.py:190} INFO - Task instance in success state
[2026-04-08T06:29:54.234+0000] {logging_mixin.py:190} INFO -  Previous state of the Task instance: running
[2026-04-08T06:29:54.235+0000] {logging_mixin.py:190} INFO - Dag name:02_basics_python queued_at:2026-04-08 06:29:51.797086+00:00
[2026-04-08T06:29:54.236+0000] {logging_mixin.py:190} INFO - Task hostname:9524e3db50c6 operator:PythonOperator
[2026-04-08T06:29:54.252+0000] {local_task_job_runner.py:261} INFO - Task exited with return code 0
[2026-04-08T06:29:54.266+0000] {taskinstance.py:3891} INFO - 1 downstream tasks scheduled from follow-on schedule check
[2026-04-08T06:29:54.270+0000] {local_task_job_runner.py:240} INFO - ::endgroup::
