[2026-04-09T01:41:18.766+0000] {local_task_job_runner.py:123} INFO - ::group::Pre task execution logs
[2026-04-09T01:41:18.771+0000] {taskinstance.py:2603} INFO - Dependencies all met for dep_context=non-requeueable deps ti=<TaskInstance: 03_basics_macro_jinja.jinja_used_python scheduled__2026-04-07T09:00:00+00:00 [queued]>
[2026-04-09T01:41:18.773+0000] {taskinstance.py:2603} INFO - Dependencies all met for dep_context=requeueable deps ti=<TaskInstance: 03_basics_macro_jinja.jinja_used_python scheduled__2026-04-07T09:00:00+00:00 [queued]>
[2026-04-09T01:41:18.773+0000] {taskinstance.py:2856} INFO - Starting attempt 1 of 2
[2026-04-09T01:41:18.776+0000] {taskinstance.py:2879} INFO - Executing <Task(PythonOperator): jinja_used_python> on 2026-04-07 09:00:00+00:00
[2026-04-09T01:41:18.779+0000] {warnings.py:112} WARNING - /home/***/.local/lib/python3.12/site-packages/***/task/task_runner/standard_task_runner.py:70: DeprecationWarning: This process (pid=933) is multi-threaded, use of fork() may lead to deadlocks in the child.
  pid = os.fork()

[2026-04-09T01:41:18.780+0000] {standard_task_runner.py:72} INFO - Started process 935 to run task
[2026-04-09T01:41:18.780+0000] {standard_task_runner.py:104} INFO - Running: ['***', 'tasks', 'run', '03_basics_macro_jinja', 'jinja_used_python', 'scheduled__2026-04-07T09:00:00+00:00', '--job-id', '22', '--raw', '--subdir', 'DAGS_FOLDER/03_basics_context_jinja.py', '--cfg-path', '/tmp/tmpwb60u6je']
[2026-04-09T01:41:18.781+0000] {standard_task_runner.py:105} INFO - Job 22: Subtask jinja_used_python
[2026-04-09T01:41:18.795+0000] {task_command.py:467} INFO - Running <TaskInstance: 03_basics_macro_jinja.jinja_used_python scheduled__2026-04-07T09:00:00+00:00 [running]> on host fffb50cfc9e3
[2026-04-09T01:41:18.818+0000] {taskinstance.py:3122} INFO - Exporting env vars: AIRFLOW_CTX_DAG_OWNER='de_2team_manager' AIRFLOW_CTX_DAG_ID='03_basics_macro_jinja' AIRFLOW_CTX_TASK_ID='jinja_used_python' AIRFLOW_CTX_EXECUTION_DATE='2026-04-07T09:00:00+00:00' AIRFLOW_CTX_TRY_NUMBER='1' AIRFLOW_CTX_DAG_RUN_ID='scheduled__2026-04-07T09:00:00+00:00'
[2026-04-09T01:41:18.818+0000] {logging_mixin.py:190} INFO - Task instance is in running state
[2026-04-09T01:41:18.818+0000] {logging_mixin.py:190} INFO -  Previous state of the Task instance: queued
[2026-04-09T01:41:18.818+0000] {logging_mixin.py:190} INFO - Current task name:jinja_used_python state:running start_date:2026-04-09 01:41:18.771668+00:00
[2026-04-09T01:41:18.819+0000] {logging_mixin.py:190} INFO - Dag name:03_basics_macro_jinja and current dag run status:running
[2026-04-09T01:41:18.819+0000] {taskinstance.py:731} INFO - ::endgroup::
[2026-04-09T01:41:18.819+0000] {03_basics_context_jinja.py:14} INFO - ds 출력 2026-04-07 
[2026-04-09T01:41:18.819+0000] {03_basics_context_jinja.py:15} INFO - ds_nodash 출력 20260407 
[2026-04-09T01:41:18.819+0000] {python.py:240} INFO - Done. Returned value was: None
[2026-04-09T01:41:18.822+0000] {taskinstance.py:340} INFO - ::group::Post task execution logs
[2026-04-09T01:41:18.822+0000] {taskinstance.py:352} INFO - Marking task as SUCCESS. dag_id=03_basics_macro_jinja, task_id=jinja_used_python, run_id=scheduled__2026-04-07T09:00:00+00:00, execution_date=20260407T090000, start_date=20260409T014118, end_date=20260409T014118
[2026-04-09T01:41:18.824+0000] {logging_mixin.py:190} INFO - Task instance in success state
[2026-04-09T01:41:18.824+0000] {logging_mixin.py:190} INFO -  Previous state of the Task instance: running
[2026-04-09T01:41:18.824+0000] {logging_mixin.py:190} INFO - Dag name:03_basics_macro_jinja queued_at:2026-04-09 01:41:15.718341+00:00
[2026-04-09T01:41:18.824+0000] {logging_mixin.py:190} INFO - Task hostname:fffb50cfc9e3 operator:PythonOperator
[2026-04-09T01:41:18.838+0000] {local_task_job_runner.py:261} INFO - Task exited with return code 0
[2026-04-09T01:41:18.843+0000] {taskinstance.py:3891} INFO - 0 downstream tasks scheduled from follow-on schedule check
[2026-04-09T01:41:18.843+0000] {local_task_job_runner.py:240} INFO - ::endgroup::
